[2024-02-01T22:46:44.972+0100] {processor.py:161} INFO - Started process (PID=14497) to work on /home/ubuntu/airflow/dags/hdfsDag.py
[2024-02-01T22:46:45.023+0100] {processor.py:830} INFO - Processing file /home/ubuntu/airflow/dags/hdfsDag.py for tasks to queue
[2024-02-01T22:46:45.061+0100] {logging_mixin.py:188} INFO - [2024-02-01T22:46:45.047+0100] {dagbag.py:538} INFO - Filling up the DagBag from /home/ubuntu/airflow/dags/hdfsDag.py
[2024-02-01T22:46:46.459+0100] {processor.py:840} INFO - DAG(s) 'jeniferhdfs' retrieved from /home/ubuntu/airflow/dags/hdfsDag.py
[2024-02-01T22:46:47.020+0100] {logging_mixin.py:188} INFO - [2024-02-01T22:46:46.976+0100] {dag.py:3033} INFO - Sync 1 DAGs
[2024-02-01T22:46:47.180+0100] {logging_mixin.py:188} INFO - [2024-02-01T22:46:47.180+0100] {dag.py:3820} INFO - Setting next_dagrun for jeniferhdfs to 2024-01-31T00:00:00+00:00, run_after=2024-02-01T00:00:00+00:00
[2024-02-01T22:46:47.400+0100] {processor.py:183} INFO - Processing /home/ubuntu/airflow/dags/hdfsDag.py took 2.492 seconds
[2024-02-01T22:48:56.636+0100] {processor.py:161} INFO - Started process (PID=14572) to work on /home/ubuntu/airflow/dags/hdfsDag.py
[2024-02-01T22:48:56.636+0100] {processor.py:830} INFO - Processing file /home/ubuntu/airflow/dags/hdfsDag.py for tasks to queue
[2024-02-01T22:48:56.636+0100] {logging_mixin.py:188} INFO - [2024-02-01T22:48:56.636+0100] {dagbag.py:538} INFO - Filling up the DagBag from /home/ubuntu/airflow/dags/hdfsDag.py
[2024-02-01T22:48:56.740+0100] {processor.py:840} INFO - DAG(s) 'jeniferhdfs' retrieved from /home/ubuntu/airflow/dags/hdfsDag.py
[2024-02-01T22:48:57.794+0100] {logging_mixin.py:188} INFO - [2024-02-01T22:48:57.793+0100] {dag.py:3033} INFO - Sync 1 DAGs
[2024-02-01T22:48:57.835+0100] {logging_mixin.py:188} INFO - [2024-02-01T22:48:57.835+0100] {dag.py:3820} INFO - Setting next_dagrun for jeniferhdfs to 2024-02-01T00:00:00+00:00, run_after=2024-02-02T00:00:00+00:00
[2024-02-01T22:48:57.948+0100] {processor.py:183} INFO - Processing /home/ubuntu/airflow/dags/hdfsDag.py took 1.332 seconds
[2024-02-01T22:50:34.490+0100] {processor.py:161} INFO - Started process (PID=14653) to work on /home/ubuntu/airflow/dags/hdfsDag.py
[2024-02-01T22:50:34.504+0100] {processor.py:830} INFO - Processing file /home/ubuntu/airflow/dags/hdfsDag.py for tasks to queue
[2024-02-01T22:50:34.506+0100] {logging_mixin.py:188} INFO - [2024-02-01T22:50:34.505+0100] {dagbag.py:538} INFO - Filling up the DagBag from /home/ubuntu/airflow/dags/hdfsDag.py
[2024-02-01T22:50:34.540+0100] {processor.py:840} INFO - DAG(s) 'jeniferhdfs' retrieved from /home/ubuntu/airflow/dags/hdfsDag.py
[2024-02-01T22:50:34.573+0100] {logging_mixin.py:188} INFO - [2024-02-01T22:50:34.573+0100] {dag.py:3033} INFO - Sync 1 DAGs
[2024-02-01T22:50:34.612+0100] {logging_mixin.py:188} INFO - [2024-02-01T22:50:34.612+0100] {dag.py:3820} INFO - Setting next_dagrun for jeniferhdfs to 2024-02-01T00:00:00+00:00, run_after=2024-02-02T00:00:00+00:00
[2024-02-01T22:50:34.684+0100] {processor.py:183} INFO - Processing /home/ubuntu/airflow/dags/hdfsDag.py took 0.202 seconds
[2024-02-01T22:51:23.128+0100] {processor.py:161} INFO - Started process (PID=14728) to work on /home/ubuntu/airflow/dags/hdfsDag.py
[2024-02-01T22:51:23.132+0100] {processor.py:830} INFO - Processing file /home/ubuntu/airflow/dags/hdfsDag.py for tasks to queue
[2024-02-01T22:51:23.134+0100] {logging_mixin.py:188} INFO - [2024-02-01T22:51:23.134+0100] {dagbag.py:538} INFO - Filling up the DagBag from /home/ubuntu/airflow/dags/hdfsDag.py
[2024-02-01T22:51:23.159+0100] {processor.py:840} INFO - DAG(s) 'jeniferhdfs' retrieved from /home/ubuntu/airflow/dags/hdfsDag.py
[2024-02-01T22:51:23.180+0100] {logging_mixin.py:188} INFO - [2024-02-01T22:51:23.179+0100] {dag.py:3033} INFO - Sync 1 DAGs
[2024-02-01T22:51:23.206+0100] {logging_mixin.py:188} INFO - [2024-02-01T22:51:23.205+0100] {dag.py:3820} INFO - Setting next_dagrun for jeniferhdfs to 2024-02-01T00:00:00+00:00, run_after=2024-02-02T00:00:00+00:00
[2024-02-01T22:51:23.256+0100] {processor.py:183} INFO - Processing /home/ubuntu/airflow/dags/hdfsDag.py took 0.133 seconds
[2024-02-01T22:52:07.795+0100] {processor.py:161} INFO - Started process (PID=14800) to work on /home/ubuntu/airflow/dags/hdfsDag.py
[2024-02-01T22:52:07.795+0100] {processor.py:830} INFO - Processing file /home/ubuntu/airflow/dags/hdfsDag.py for tasks to queue
[2024-02-01T22:52:07.795+0100] {logging_mixin.py:188} INFO - [2024-02-01T22:52:07.795+0100] {dagbag.py:538} INFO - Filling up the DagBag from /home/ubuntu/airflow/dags/hdfsDag.py
[2024-02-01T22:52:07.875+0100] {processor.py:840} INFO - DAG(s) 'jeniferhdfs' retrieved from /home/ubuntu/airflow/dags/hdfsDag.py
[2024-02-01T22:52:08.175+0100] {logging_mixin.py:188} INFO - [2024-02-01T22:52:08.175+0100] {dag.py:3033} INFO - Sync 1 DAGs
[2024-02-01T22:52:08.303+0100] {logging_mixin.py:188} INFO - [2024-02-01T22:52:08.299+0100] {dag.py:3820} INFO - Setting next_dagrun for jeniferhdfs to 2024-02-01T00:00:00+00:00, run_after=2024-02-02T00:00:00+00:00
[2024-02-01T22:52:08.431+0100] {processor.py:183} INFO - Processing /home/ubuntu/airflow/dags/hdfsDag.py took 0.648 seconds
[2024-02-01T22:53:38.581+0100] {processor.py:161} INFO - Started process (PID=14862) to work on /home/ubuntu/airflow/dags/hdfsDag.py
[2024-02-01T22:53:38.586+0100] {processor.py:830} INFO - Processing file /home/ubuntu/airflow/dags/hdfsDag.py for tasks to queue
[2024-02-01T22:53:38.590+0100] {logging_mixin.py:188} INFO - [2024-02-01T22:53:38.589+0100] {dagbag.py:538} INFO - Filling up the DagBag from /home/ubuntu/airflow/dags/hdfsDag.py
[2024-02-01T22:53:38.618+0100] {processor.py:840} INFO - DAG(s) 'jeniferhdfs' retrieved from /home/ubuntu/airflow/dags/hdfsDag.py
[2024-02-01T22:53:38.657+0100] {logging_mixin.py:188} INFO - [2024-02-01T22:53:38.657+0100] {dag.py:3033} INFO - Sync 1 DAGs
[2024-02-01T22:53:38.705+0100] {logging_mixin.py:188} INFO - [2024-02-01T22:53:38.705+0100] {dag.py:3820} INFO - Setting next_dagrun for jeniferhdfs to 2024-02-01T00:00:00+00:00, run_after=2024-02-02T00:00:00+00:00
[2024-02-01T22:53:38.772+0100] {processor.py:183} INFO - Processing /home/ubuntu/airflow/dags/hdfsDag.py took 0.198 seconds
[2024-02-01T22:56:11.616+0100] {processor.py:161} INFO - Started process (PID=15001) to work on /home/ubuntu/airflow/dags/hdfsDag.py
[2024-02-01T22:56:11.641+0100] {processor.py:830} INFO - Processing file /home/ubuntu/airflow/dags/hdfsDag.py for tasks to queue
[2024-02-01T22:56:11.661+0100] {logging_mixin.py:188} INFO - [2024-02-01T22:56:11.655+0100] {dagbag.py:538} INFO - Filling up the DagBag from /home/ubuntu/airflow/dags/hdfsDag.py
[2024-02-01T22:56:11.687+0100] {processor.py:840} INFO - DAG(s) 'jeniferhdfs' retrieved from /home/ubuntu/airflow/dags/hdfsDag.py
[2024-02-01T22:56:11.759+0100] {logging_mixin.py:188} INFO - [2024-02-01T22:56:11.759+0100] {dag.py:3033} INFO - Sync 1 DAGs
[2024-02-01T22:56:11.798+0100] {logging_mixin.py:188} INFO - [2024-02-01T22:56:11.797+0100] {dag.py:3820} INFO - Setting next_dagrun for jeniferhdfs to 2024-02-01T00:00:00+00:00, run_after=2024-02-02T00:00:00+00:00
[2024-02-01T22:56:11.991+0100] {processor.py:183} INFO - Processing /home/ubuntu/airflow/dags/hdfsDag.py took 0.388 seconds
[2024-02-01T22:57:03.941+0100] {processor.py:161} INFO - Started process (PID=15043) to work on /home/ubuntu/airflow/dags/hdfsDag.py
[2024-02-01T22:57:03.965+0100] {processor.py:830} INFO - Processing file /home/ubuntu/airflow/dags/hdfsDag.py for tasks to queue
[2024-02-01T22:57:04.010+0100] {logging_mixin.py:188} INFO - [2024-02-01T22:57:03.967+0100] {dagbag.py:538} INFO - Filling up the DagBag from /home/ubuntu/airflow/dags/hdfsDag.py
[2024-02-01T22:57:04.043+0100] {processor.py:840} INFO - DAG(s) 'jeniferhdfs' retrieved from /home/ubuntu/airflow/dags/hdfsDag.py
[2024-02-01T22:57:04.149+0100] {logging_mixin.py:188} INFO - [2024-02-01T22:57:04.148+0100] {dag.py:3033} INFO - Sync 1 DAGs
[2024-02-01T22:57:04.194+0100] {logging_mixin.py:188} INFO - [2024-02-01T22:57:04.193+0100] {dag.py:3820} INFO - Setting next_dagrun for jeniferhdfs to 2024-02-01T00:00:00+00:00, run_after=2024-02-02T00:00:00+00:00
[2024-02-01T22:57:04.265+0100] {processor.py:183} INFO - Processing /home/ubuntu/airflow/dags/hdfsDag.py took 0.329 seconds
[2024-02-01T22:57:52.493+0100] {processor.py:161} INFO - Started process (PID=15075) to work on /home/ubuntu/airflow/dags/hdfsDag.py
[2024-02-01T22:57:52.499+0100] {processor.py:830} INFO - Processing file /home/ubuntu/airflow/dags/hdfsDag.py for tasks to queue
[2024-02-01T22:57:52.502+0100] {logging_mixin.py:188} INFO - [2024-02-01T22:57:52.501+0100] {dagbag.py:538} INFO - Filling up the DagBag from /home/ubuntu/airflow/dags/hdfsDag.py
[2024-02-01T22:57:52.530+0100] {processor.py:840} INFO - DAG(s) 'jeniferhdfs' retrieved from /home/ubuntu/airflow/dags/hdfsDag.py
[2024-02-01T22:57:52.618+0100] {logging_mixin.py:188} INFO - [2024-02-01T22:57:52.618+0100] {dag.py:3033} INFO - Sync 1 DAGs
[2024-02-01T22:57:52.808+0100] {logging_mixin.py:188} INFO - [2024-02-01T22:57:52.808+0100] {dag.py:3820} INFO - Setting next_dagrun for jeniferhdfs to 2024-02-01T00:00:00+00:00, run_after=2024-02-02T00:00:00+00:00
[2024-02-01T22:57:52.892+0100] {processor.py:183} INFO - Processing /home/ubuntu/airflow/dags/hdfsDag.py took 0.407 seconds
[2024-02-01T22:58:36.542+0100] {processor.py:161} INFO - Started process (PID=15129) to work on /home/ubuntu/airflow/dags/hdfsDag.py
[2024-02-01T22:58:36.566+0100] {processor.py:830} INFO - Processing file /home/ubuntu/airflow/dags/hdfsDag.py for tasks to queue
[2024-02-01T22:58:36.566+0100] {logging_mixin.py:188} INFO - [2024-02-01T22:58:36.566+0100] {dagbag.py:538} INFO - Filling up the DagBag from /home/ubuntu/airflow/dags/hdfsDag.py
[2024-02-01T22:58:36.604+0100] {processor.py:840} INFO - DAG(s) 'jeniferhdfs' retrieved from /home/ubuntu/airflow/dags/hdfsDag.py
[2024-02-01T22:58:36.666+0100] {logging_mixin.py:188} INFO - [2024-02-01T22:58:36.666+0100] {dag.py:3033} INFO - Sync 1 DAGs
[2024-02-01T22:58:36.765+0100] {logging_mixin.py:188} INFO - [2024-02-01T22:58:36.764+0100] {dag.py:3820} INFO - Setting next_dagrun for jeniferhdfs to 2024-02-01T00:00:00+00:00, run_after=2024-02-02T00:00:00+00:00
[2024-02-01T22:58:36.866+0100] {processor.py:183} INFO - Processing /home/ubuntu/airflow/dags/hdfsDag.py took 0.313 seconds
[2024-02-01T22:59:14.599+0100] {processor.py:161} INFO - Started process (PID=15183) to work on /home/ubuntu/airflow/dags/hdfsDag.py
[2024-02-01T22:59:14.603+0100] {processor.py:830} INFO - Processing file /home/ubuntu/airflow/dags/hdfsDag.py for tasks to queue
[2024-02-01T22:59:14.604+0100] {logging_mixin.py:188} INFO - [2024-02-01T22:59:14.604+0100] {dagbag.py:538} INFO - Filling up the DagBag from /home/ubuntu/airflow/dags/hdfsDag.py
[2024-02-01T22:59:14.646+0100] {processor.py:840} INFO - DAG(s) 'jeniferhdfs' retrieved from /home/ubuntu/airflow/dags/hdfsDag.py
[2024-02-01T22:59:14.667+0100] {logging_mixin.py:188} INFO - [2024-02-01T22:59:14.667+0100] {dag.py:3033} INFO - Sync 1 DAGs
[2024-02-01T22:59:14.698+0100] {logging_mixin.py:188} INFO - [2024-02-01T22:59:14.698+0100] {dag.py:3820} INFO - Setting next_dagrun for jeniferhdfs to 2024-02-01T00:00:00+00:00, run_after=2024-02-02T00:00:00+00:00
[2024-02-01T22:59:14.888+0100] {processor.py:183} INFO - Processing /home/ubuntu/airflow/dags/hdfsDag.py took 0.296 seconds
[2024-02-01T23:00:18.857+0100] {processor.py:161} INFO - Started process (PID=15309) to work on /home/ubuntu/airflow/dags/hdfsDag.py
[2024-02-01T23:00:18.861+0100] {processor.py:830} INFO - Processing file /home/ubuntu/airflow/dags/hdfsDag.py for tasks to queue
[2024-02-01T23:00:18.863+0100] {logging_mixin.py:188} INFO - [2024-02-01T23:00:18.863+0100] {dagbag.py:538} INFO - Filling up the DagBag from /home/ubuntu/airflow/dags/hdfsDag.py
[2024-02-01T23:00:18.901+0100] {processor.py:840} INFO - DAG(s) 'jeniferhdfs' retrieved from /home/ubuntu/airflow/dags/hdfsDag.py
[2024-02-01T23:00:19.106+0100] {logging_mixin.py:188} INFO - [2024-02-01T23:00:19.106+0100] {dag.py:3033} INFO - Sync 1 DAGs
[2024-02-01T23:00:19.192+0100] {logging_mixin.py:188} INFO - [2024-02-01T23:00:19.191+0100] {dag.py:3820} INFO - Setting next_dagrun for jeniferhdfs to 2024-02-01T00:00:00+00:00, run_after=2024-02-02T00:00:00+00:00
[2024-02-01T23:00:19.245+0100] {processor.py:183} INFO - Processing /home/ubuntu/airflow/dags/hdfsDag.py took 0.395 seconds
[2024-02-01T23:00:54.476+0100] {processor.py:161} INFO - Started process (PID=15360) to work on /home/ubuntu/airflow/dags/hdfsDag.py
[2024-02-01T23:00:54.478+0100] {processor.py:830} INFO - Processing file /home/ubuntu/airflow/dags/hdfsDag.py for tasks to queue
[2024-02-01T23:00:54.480+0100] {logging_mixin.py:188} INFO - [2024-02-01T23:00:54.479+0100] {dagbag.py:538} INFO - Filling up the DagBag from /home/ubuntu/airflow/dags/hdfsDag.py
[2024-02-01T23:00:54.502+0100] {processor.py:840} INFO - DAG(s) 'jeniferhdfs' retrieved from /home/ubuntu/airflow/dags/hdfsDag.py
[2024-02-01T23:00:54.524+0100] {logging_mixin.py:188} INFO - [2024-02-01T23:00:54.523+0100] {dag.py:3033} INFO - Sync 1 DAGs
[2024-02-01T23:00:54.546+0100] {logging_mixin.py:188} INFO - [2024-02-01T23:00:54.546+0100] {dag.py:3820} INFO - Setting next_dagrun for jeniferhdfs to 2024-02-01T00:00:00+00:00, run_after=2024-02-02T00:00:00+00:00
[2024-02-01T23:00:54.579+0100] {processor.py:183} INFO - Processing /home/ubuntu/airflow/dags/hdfsDag.py took 0.108 seconds
[2024-02-01T23:01:58.838+0100] {processor.py:161} INFO - Started process (PID=15460) to work on /home/ubuntu/airflow/dags/hdfsDag.py
[2024-02-01T23:01:58.841+0100] {processor.py:830} INFO - Processing file /home/ubuntu/airflow/dags/hdfsDag.py for tasks to queue
[2024-02-01T23:01:58.850+0100] {logging_mixin.py:188} INFO - [2024-02-01T23:01:58.849+0100] {dagbag.py:538} INFO - Filling up the DagBag from /home/ubuntu/airflow/dags/hdfsDag.py
[2024-02-01T23:01:58.870+0100] {processor.py:840} INFO - DAG(s) 'jeniferhdfs' retrieved from /home/ubuntu/airflow/dags/hdfsDag.py
[2024-02-01T23:01:58.920+0100] {logging_mixin.py:188} INFO - [2024-02-01T23:01:58.920+0100] {dag.py:3033} INFO - Sync 1 DAGs
[2024-02-01T23:01:58.953+0100] {logging_mixin.py:188} INFO - [2024-02-01T23:01:58.953+0100] {dag.py:3820} INFO - Setting next_dagrun for jeniferhdfs to 2024-02-01T00:00:00+00:00, run_after=2024-02-02T00:00:00+00:00
[2024-02-01T23:01:59.020+0100] {processor.py:183} INFO - Processing /home/ubuntu/airflow/dags/hdfsDag.py took 0.189 seconds
[2024-02-01T23:02:35.633+0100] {processor.py:161} INFO - Started process (PID=15500) to work on /home/ubuntu/airflow/dags/hdfsDag.py
[2024-02-01T23:02:35.636+0100] {processor.py:830} INFO - Processing file /home/ubuntu/airflow/dags/hdfsDag.py for tasks to queue
[2024-02-01T23:02:35.641+0100] {logging_mixin.py:188} INFO - [2024-02-01T23:02:35.636+0100] {dagbag.py:538} INFO - Filling up the DagBag from /home/ubuntu/airflow/dags/hdfsDag.py
[2024-02-01T23:02:35.697+0100] {processor.py:840} INFO - DAG(s) 'jeniferhdfs' retrieved from /home/ubuntu/airflow/dags/hdfsDag.py
[2024-02-01T23:02:35.756+0100] {logging_mixin.py:188} INFO - [2024-02-01T23:02:35.755+0100] {dag.py:3033} INFO - Sync 1 DAGs
[2024-02-01T23:02:35.834+0100] {logging_mixin.py:188} INFO - [2024-02-01T23:02:35.833+0100] {dag.py:3820} INFO - Setting next_dagrun for jeniferhdfs to 2024-02-01T00:00:00+00:00, run_after=2024-02-02T00:00:00+00:00
[2024-02-01T23:02:35.899+0100] {processor.py:183} INFO - Processing /home/ubuntu/airflow/dags/hdfsDag.py took 0.276 seconds
[2024-02-01T23:03:09.986+0100] {processor.py:161} INFO - Started process (PID=15529) to work on /home/ubuntu/airflow/dags/hdfsDag.py
[2024-02-01T23:03:10.005+0100] {processor.py:830} INFO - Processing file /home/ubuntu/airflow/dags/hdfsDag.py for tasks to queue
[2024-02-01T23:03:10.010+0100] {logging_mixin.py:188} INFO - [2024-02-01T23:03:10.008+0100] {dagbag.py:538} INFO - Filling up the DagBag from /home/ubuntu/airflow/dags/hdfsDag.py
[2024-02-01T23:03:10.037+0100] {processor.py:840} INFO - DAG(s) 'jeniferhdfs' retrieved from /home/ubuntu/airflow/dags/hdfsDag.py
[2024-02-01T23:03:10.095+0100] {logging_mixin.py:188} INFO - [2024-02-01T23:03:10.095+0100] {dag.py:3033} INFO - Sync 1 DAGs
[2024-02-01T23:03:10.130+0100] {logging_mixin.py:188} INFO - [2024-02-01T23:03:10.130+0100] {dag.py:3820} INFO - Setting next_dagrun for jeniferhdfs to 2024-02-01T00:00:00+00:00, run_after=2024-02-02T00:00:00+00:00
[2024-02-01T23:03:10.212+0100] {processor.py:183} INFO - Processing /home/ubuntu/airflow/dags/hdfsDag.py took 0.237 seconds
[2024-02-01T23:03:47.196+0100] {processor.py:161} INFO - Started process (PID=15561) to work on /home/ubuntu/airflow/dags/hdfsDag.py
[2024-02-01T23:03:47.199+0100] {processor.py:830} INFO - Processing file /home/ubuntu/airflow/dags/hdfsDag.py for tasks to queue
[2024-02-01T23:03:47.201+0100] {logging_mixin.py:188} INFO - [2024-02-01T23:03:47.200+0100] {dagbag.py:538} INFO - Filling up the DagBag from /home/ubuntu/airflow/dags/hdfsDag.py
[2024-02-01T23:03:47.230+0100] {processor.py:840} INFO - DAG(s) 'jeniferhdfs' retrieved from /home/ubuntu/airflow/dags/hdfsDag.py
[2024-02-01T23:03:47.260+0100] {logging_mixin.py:188} INFO - [2024-02-01T23:03:47.260+0100] {dag.py:3033} INFO - Sync 1 DAGs
[2024-02-01T23:03:47.569+0100] {logging_mixin.py:188} INFO - [2024-02-01T23:03:47.569+0100] {dag.py:3820} INFO - Setting next_dagrun for jeniferhdfs to 2024-02-01T00:00:00+00:00, run_after=2024-02-02T00:00:00+00:00
[2024-02-01T23:03:47.713+0100] {processor.py:183} INFO - Processing /home/ubuntu/airflow/dags/hdfsDag.py took 0.524 seconds
[2024-02-01T23:04:29.494+0100] {processor.py:161} INFO - Started process (PID=15594) to work on /home/ubuntu/airflow/dags/hdfsDag.py
[2024-02-01T23:04:29.500+0100] {processor.py:830} INFO - Processing file /home/ubuntu/airflow/dags/hdfsDag.py for tasks to queue
[2024-02-01T23:04:29.515+0100] {logging_mixin.py:188} INFO - [2024-02-01T23:04:29.514+0100] {dagbag.py:538} INFO - Filling up the DagBag from /home/ubuntu/airflow/dags/hdfsDag.py
[2024-02-01T23:04:29.539+0100] {processor.py:840} INFO - DAG(s) 'jeniferhdfs' retrieved from /home/ubuntu/airflow/dags/hdfsDag.py
[2024-02-01T23:04:29.588+0100] {logging_mixin.py:188} INFO - [2024-02-01T23:04:29.588+0100] {dag.py:3033} INFO - Sync 1 DAGs
[2024-02-01T23:04:29.651+0100] {logging_mixin.py:188} INFO - [2024-02-01T23:04:29.651+0100] {dag.py:3820} INFO - Setting next_dagrun for jeniferhdfs to 2024-02-01T00:00:00+00:00, run_after=2024-02-02T00:00:00+00:00
[2024-02-01T23:04:29.709+0100] {processor.py:183} INFO - Processing /home/ubuntu/airflow/dags/hdfsDag.py took 0.226 seconds
[2024-02-01T23:05:06.573+0100] {processor.py:161} INFO - Started process (PID=15628) to work on /home/ubuntu/airflow/dags/hdfsDag.py
[2024-02-01T23:05:06.621+0100] {processor.py:830} INFO - Processing file /home/ubuntu/airflow/dags/hdfsDag.py for tasks to queue
[2024-02-01T23:05:06.621+0100] {logging_mixin.py:188} INFO - [2024-02-01T23:05:06.621+0100] {dagbag.py:538} INFO - Filling up the DagBag from /home/ubuntu/airflow/dags/hdfsDag.py
[2024-02-01T23:05:06.669+0100] {processor.py:840} INFO - DAG(s) 'jeniferhdfs' retrieved from /home/ubuntu/airflow/dags/hdfsDag.py
[2024-02-01T23:05:06.709+0100] {logging_mixin.py:188} INFO - [2024-02-01T23:05:06.709+0100] {dag.py:3033} INFO - Sync 1 DAGs
[2024-02-01T23:05:06.785+0100] {logging_mixin.py:188} INFO - [2024-02-01T23:05:06.785+0100] {dag.py:3820} INFO - Setting next_dagrun for jeniferhdfs to 2024-02-01T00:00:00+00:00, run_after=2024-02-02T00:00:00+00:00
[2024-02-01T23:05:06.849+0100] {processor.py:183} INFO - Processing /home/ubuntu/airflow/dags/hdfsDag.py took 0.276 seconds
[2024-02-01T23:05:43.013+0100] {processor.py:161} INFO - Started process (PID=15655) to work on /home/ubuntu/airflow/dags/hdfsDag.py
[2024-02-01T23:05:43.016+0100] {processor.py:830} INFO - Processing file /home/ubuntu/airflow/dags/hdfsDag.py for tasks to queue
[2024-02-01T23:05:43.017+0100] {logging_mixin.py:188} INFO - [2024-02-01T23:05:43.017+0100] {dagbag.py:538} INFO - Filling up the DagBag from /home/ubuntu/airflow/dags/hdfsDag.py
[2024-02-01T23:05:43.074+0100] {processor.py:840} INFO - DAG(s) 'jeniferhdfs' retrieved from /home/ubuntu/airflow/dags/hdfsDag.py
[2024-02-01T23:05:43.106+0100] {logging_mixin.py:188} INFO - [2024-02-01T23:05:43.105+0100] {dag.py:3033} INFO - Sync 1 DAGs
[2024-02-01T23:05:43.408+0100] {logging_mixin.py:188} INFO - [2024-02-01T23:05:43.408+0100] {dag.py:3820} INFO - Setting next_dagrun for jeniferhdfs to 2024-02-01T00:00:00+00:00, run_after=2024-02-02T00:00:00+00:00
[2024-02-01T23:05:43.468+0100] {processor.py:183} INFO - Processing /home/ubuntu/airflow/dags/hdfsDag.py took 0.460 seconds
[2024-02-01T23:06:23.827+0100] {processor.py:161} INFO - Started process (PID=15693) to work on /home/ubuntu/airflow/dags/hdfsDag.py
[2024-02-01T23:06:23.837+0100] {processor.py:830} INFO - Processing file /home/ubuntu/airflow/dags/hdfsDag.py for tasks to queue
[2024-02-01T23:06:23.841+0100] {logging_mixin.py:188} INFO - [2024-02-01T23:06:23.839+0100] {dagbag.py:538} INFO - Filling up the DagBag from /home/ubuntu/airflow/dags/hdfsDag.py
[2024-02-01T23:06:23.872+0100] {processor.py:840} INFO - DAG(s) 'jeniferhdfs' retrieved from /home/ubuntu/airflow/dags/hdfsDag.py
[2024-02-01T23:06:23.903+0100] {logging_mixin.py:188} INFO - [2024-02-01T23:06:23.902+0100] {dag.py:3033} INFO - Sync 1 DAGs
[2024-02-01T23:06:23.955+0100] {logging_mixin.py:188} INFO - [2024-02-01T23:06:23.954+0100] {dag.py:3820} INFO - Setting next_dagrun for jeniferhdfs to 2024-02-01T00:00:00+00:00, run_after=2024-02-02T00:00:00+00:00
[2024-02-01T23:06:24.004+0100] {processor.py:183} INFO - Processing /home/ubuntu/airflow/dags/hdfsDag.py took 0.183 seconds
[2024-02-01T23:07:01.535+0100] {processor.py:161} INFO - Started process (PID=15727) to work on /home/ubuntu/airflow/dags/hdfsDag.py
[2024-02-01T23:07:01.539+0100] {processor.py:830} INFO - Processing file /home/ubuntu/airflow/dags/hdfsDag.py for tasks to queue
[2024-02-01T23:07:01.542+0100] {logging_mixin.py:188} INFO - [2024-02-01T23:07:01.541+0100] {dagbag.py:538} INFO - Filling up the DagBag from /home/ubuntu/airflow/dags/hdfsDag.py
[2024-02-01T23:07:01.581+0100] {processor.py:840} INFO - DAG(s) 'jeniferhdfs' retrieved from /home/ubuntu/airflow/dags/hdfsDag.py
[2024-02-01T23:07:01.633+0100] {logging_mixin.py:188} INFO - [2024-02-01T23:07:01.633+0100] {dag.py:3033} INFO - Sync 1 DAGs
[2024-02-01T23:07:01.687+0100] {logging_mixin.py:188} INFO - [2024-02-01T23:07:01.687+0100] {dag.py:3820} INFO - Setting next_dagrun for jeniferhdfs to 2024-02-01T00:00:00+00:00, run_after=2024-02-02T00:00:00+00:00
[2024-02-01T23:07:01.741+0100] {processor.py:183} INFO - Processing /home/ubuntu/airflow/dags/hdfsDag.py took 0.216 seconds
[2024-02-01T23:07:39.413+0100] {processor.py:161} INFO - Started process (PID=15761) to work on /home/ubuntu/airflow/dags/hdfsDag.py
[2024-02-01T23:07:39.438+0100] {processor.py:830} INFO - Processing file /home/ubuntu/airflow/dags/hdfsDag.py for tasks to queue
[2024-02-01T23:07:39.440+0100] {logging_mixin.py:188} INFO - [2024-02-01T23:07:39.439+0100] {dagbag.py:538} INFO - Filling up the DagBag from /home/ubuntu/airflow/dags/hdfsDag.py
[2024-02-01T23:07:39.489+0100] {processor.py:840} INFO - DAG(s) 'jeniferhdfs' retrieved from /home/ubuntu/airflow/dags/hdfsDag.py
[2024-02-01T23:07:39.514+0100] {logging_mixin.py:188} INFO - [2024-02-01T23:07:39.514+0100] {dag.py:3033} INFO - Sync 1 DAGs
[2024-02-01T23:07:39.873+0100] {logging_mixin.py:188} INFO - [2024-02-01T23:07:39.845+0100] {dag.py:3820} INFO - Setting next_dagrun for jeniferhdfs to 2024-02-01T00:00:00+00:00, run_after=2024-02-02T00:00:00+00:00
[2024-02-01T23:07:39.913+0100] {processor.py:183} INFO - Processing /home/ubuntu/airflow/dags/hdfsDag.py took 0.509 seconds
[2024-02-01T23:08:25.531+0100] {processor.py:161} INFO - Started process (PID=15800) to work on /home/ubuntu/airflow/dags/hdfsDag.py
[2024-02-01T23:08:25.538+0100] {processor.py:830} INFO - Processing file /home/ubuntu/airflow/dags/hdfsDag.py for tasks to queue
[2024-02-01T23:08:25.540+0100] {logging_mixin.py:188} INFO - [2024-02-01T23:08:25.539+0100] {dagbag.py:538} INFO - Filling up the DagBag from /home/ubuntu/airflow/dags/hdfsDag.py
[2024-02-01T23:08:25.838+0100] {processor.py:840} INFO - DAG(s) 'jeniferhdfs' retrieved from /home/ubuntu/airflow/dags/hdfsDag.py
[2024-02-01T23:08:25.864+0100] {logging_mixin.py:188} INFO - [2024-02-01T23:08:25.863+0100] {dag.py:3033} INFO - Sync 1 DAGs
[2024-02-01T23:08:25.960+0100] {logging_mixin.py:188} INFO - [2024-02-01T23:08:25.959+0100] {dag.py:3820} INFO - Setting next_dagrun for jeniferhdfs to 2024-02-01T00:00:00+00:00, run_after=2024-02-02T00:00:00+00:00
[2024-02-01T23:08:26.129+0100] {processor.py:183} INFO - Processing /home/ubuntu/airflow/dags/hdfsDag.py took 0.617 seconds
[2024-02-01T23:09:06.360+0100] {processor.py:161} INFO - Started process (PID=15872) to work on /home/ubuntu/airflow/dags/hdfsDag.py
[2024-02-01T23:09:06.392+0100] {processor.py:830} INFO - Processing file /home/ubuntu/airflow/dags/hdfsDag.py for tasks to queue
[2024-02-01T23:09:06.392+0100] {logging_mixin.py:188} INFO - [2024-02-01T23:09:06.392+0100] {dagbag.py:538} INFO - Filling up the DagBag from /home/ubuntu/airflow/dags/hdfsDag.py
[2024-02-01T23:09:06.424+0100] {logging_mixin.py:188} INFO - [2024-02-01T23:09:06.404+0100] {dagbag.py:348} ERROR - Failed to import: /home/ubuntu/airflow/dags/hdfsDag.py
Traceback (most recent call last):
  File "/home/ubuntu/.local/lib/python3.10/site-packages/airflow/models/dagbag.py", line 344, in parse
    loader.exec_module(new_module)
  File "<frozen importlib._bootstrap_external>", line 879, in exec_module
  File "<frozen importlib._bootstrap_external>", line 1017, in get_code
  File "<frozen importlib._bootstrap_external>", line 947, in source_to_code
  File "<frozen importlib._bootstrap>", line 241, in _call_with_frames_removed
  File "/home/ubuntu/airflow/dags/hdfsDag.py", line 27
    ) with:
      ^^^^
SyntaxError: invalid syntax
[2024-02-01T23:09:06.424+0100] {processor.py:842} WARNING - No viable dags retrieved from /home/ubuntu/airflow/dags/hdfsDag.py
[2024-02-01T23:09:06.632+0100] {processor.py:183} INFO - Processing /home/ubuntu/airflow/dags/hdfsDag.py took 0.292 seconds
[2024-02-01T23:09:43.634+0100] {processor.py:161} INFO - Started process (PID=15922) to work on /home/ubuntu/airflow/dags/hdfsDag.py
[2024-02-01T23:09:43.638+0100] {processor.py:830} INFO - Processing file /home/ubuntu/airflow/dags/hdfsDag.py for tasks to queue
[2024-02-01T23:09:43.640+0100] {logging_mixin.py:188} INFO - [2024-02-01T23:09:43.639+0100] {dagbag.py:538} INFO - Filling up the DagBag from /home/ubuntu/airflow/dags/hdfsDag.py
[2024-02-01T23:09:43.645+0100] {logging_mixin.py:188} INFO - [2024-02-01T23:09:43.644+0100] {dagbag.py:348} ERROR - Failed to import: /home/ubuntu/airflow/dags/hdfsDag.py
Traceback (most recent call last):
  File "/home/ubuntu/.local/lib/python3.10/site-packages/airflow/models/dagbag.py", line 344, in parse
    loader.exec_module(new_module)
  File "<frozen importlib._bootstrap_external>", line 879, in exec_module
  File "<frozen importlib._bootstrap_external>", line 1017, in get_code
  File "<frozen importlib._bootstrap_external>", line 947, in source_to_code
  File "<frozen importlib._bootstrap>", line 241, in _call_with_frames_removed
  File "/home/ubuntu/airflow/dags/hdfsDag.py", line 27
    ) with:
      ^^^^
SyntaxError: invalid syntax
[2024-02-01T23:09:43.646+0100] {processor.py:842} WARNING - No viable dags retrieved from /home/ubuntu/airflow/dags/hdfsDag.py
[2024-02-01T23:09:43.685+0100] {processor.py:183} INFO - Processing /home/ubuntu/airflow/dags/hdfsDag.py took 0.075 seconds
[2024-02-01T23:10:38.907+0100] {processor.py:161} INFO - Started process (PID=16009) to work on /home/ubuntu/airflow/dags/hdfsDag.py
[2024-02-01T23:10:38.910+0100] {processor.py:830} INFO - Processing file /home/ubuntu/airflow/dags/hdfsDag.py for tasks to queue
[2024-02-01T23:10:38.912+0100] {logging_mixin.py:188} INFO - [2024-02-01T23:10:38.912+0100] {dagbag.py:538} INFO - Filling up the DagBag from /home/ubuntu/airflow/dags/hdfsDag.py
[2024-02-01T23:10:38.918+0100] {logging_mixin.py:188} INFO - [2024-02-01T23:10:38.917+0100] {dagbag.py:348} ERROR - Failed to import: /home/ubuntu/airflow/dags/hdfsDag.py
Traceback (most recent call last):
  File "/home/ubuntu/.local/lib/python3.10/site-packages/airflow/models/dagbag.py", line 344, in parse
    loader.exec_module(new_module)
  File "<frozen importlib._bootstrap_external>", line 879, in exec_module
  File "<frozen importlib._bootstrap_external>", line 1017, in get_code
  File "<frozen importlib._bootstrap_external>", line 947, in source_to_code
  File "<frozen importlib._bootstrap>", line 241, in _call_with_frames_removed
  File "/home/ubuntu/airflow/dags/hdfsDag.py", line 27
    ) with:
      ^^^^
SyntaxError: invalid syntax
[2024-02-01T23:10:38.919+0100] {processor.py:842} WARNING - No viable dags retrieved from /home/ubuntu/airflow/dags/hdfsDag.py
[2024-02-01T23:10:38.951+0100] {processor.py:183} INFO - Processing /home/ubuntu/airflow/dags/hdfsDag.py took 0.052 seconds
[2024-02-01T23:11:37.819+0100] {processor.py:161} INFO - Started process (PID=16100) to work on /home/ubuntu/airflow/dags/hdfsDag.py
[2024-02-01T23:11:37.824+0100] {processor.py:830} INFO - Processing file /home/ubuntu/airflow/dags/hdfsDag.py for tasks to queue
[2024-02-01T23:11:37.826+0100] {logging_mixin.py:188} INFO - [2024-02-01T23:11:37.826+0100] {dagbag.py:538} INFO - Filling up the DagBag from /home/ubuntu/airflow/dags/hdfsDag.py
[2024-02-01T23:11:37.833+0100] {logging_mixin.py:188} INFO - [2024-02-01T23:11:37.832+0100] {dagbag.py:348} ERROR - Failed to import: /home/ubuntu/airflow/dags/hdfsDag.py
Traceback (most recent call last):
  File "/home/ubuntu/.local/lib/python3.10/site-packages/airflow/models/dagbag.py", line 344, in parse
    loader.exec_module(new_module)
  File "<frozen importlib._bootstrap_external>", line 879, in exec_module
  File "<frozen importlib._bootstrap_external>", line 1017, in get_code
  File "<frozen importlib._bootstrap_external>", line 947, in source_to_code
  File "<frozen importlib._bootstrap>", line 241, in _call_with_frames_removed
  File "/home/ubuntu/airflow/dags/hdfsDag.py", line 27
    ) with:
      ^^^^
SyntaxError: invalid syntax
[2024-02-01T23:11:37.833+0100] {processor.py:842} WARNING - No viable dags retrieved from /home/ubuntu/airflow/dags/hdfsDag.py
[2024-02-01T23:11:37.874+0100] {processor.py:183} INFO - Processing /home/ubuntu/airflow/dags/hdfsDag.py took 0.059 seconds
[2024-02-01T23:12:35.156+0100] {processor.py:161} INFO - Started process (PID=16197) to work on /home/ubuntu/airflow/dags/hdfsDag.py
[2024-02-01T23:12:35.156+0100] {processor.py:830} INFO - Processing file /home/ubuntu/airflow/dags/hdfsDag.py for tasks to queue
[2024-02-01T23:12:35.160+0100] {logging_mixin.py:188} INFO - [2024-02-01T23:12:35.160+0100] {dagbag.py:538} INFO - Filling up the DagBag from /home/ubuntu/airflow/dags/hdfsDag.py
[2024-02-01T23:12:35.160+0100] {logging_mixin.py:188} INFO - [2024-02-01T23:12:35.160+0100] {dagbag.py:348} ERROR - Failed to import: /home/ubuntu/airflow/dags/hdfsDag.py
Traceback (most recent call last):
  File "/home/ubuntu/.local/lib/python3.10/site-packages/airflow/models/dagbag.py", line 344, in parse
    loader.exec_module(new_module)
  File "<frozen importlib._bootstrap_external>", line 879, in exec_module
  File "<frozen importlib._bootstrap_external>", line 1017, in get_code
  File "<frozen importlib._bootstrap_external>", line 947, in source_to_code
  File "<frozen importlib._bootstrap>", line 241, in _call_with_frames_removed
  File "/home/ubuntu/airflow/dags/hdfsDag.py", line 27
    ) with:
      ^^^^
SyntaxError: invalid syntax
[2024-02-01T23:12:35.168+0100] {processor.py:842} WARNING - No viable dags retrieved from /home/ubuntu/airflow/dags/hdfsDag.py
[2024-02-01T23:12:35.212+0100] {processor.py:183} INFO - Processing /home/ubuntu/airflow/dags/hdfsDag.py took 0.064 seconds
[2024-02-01T23:13:30.254+0100] {processor.py:161} INFO - Started process (PID=16300) to work on /home/ubuntu/airflow/dags/hdfsDag.py
[2024-02-01T23:13:30.256+0100] {processor.py:830} INFO - Processing file /home/ubuntu/airflow/dags/hdfsDag.py for tasks to queue
[2024-02-01T23:13:30.257+0100] {logging_mixin.py:188} INFO - [2024-02-01T23:13:30.257+0100] {dagbag.py:538} INFO - Filling up the DagBag from /home/ubuntu/airflow/dags/hdfsDag.py
[2024-02-01T23:13:30.261+0100] {logging_mixin.py:188} INFO - [2024-02-01T23:13:30.260+0100] {dagbag.py:348} ERROR - Failed to import: /home/ubuntu/airflow/dags/hdfsDag.py
Traceback (most recent call last):
  File "/home/ubuntu/.local/lib/python3.10/site-packages/airflow/models/dagbag.py", line 344, in parse
    loader.exec_module(new_module)
  File "<frozen importlib._bootstrap_external>", line 879, in exec_module
  File "<frozen importlib._bootstrap_external>", line 1017, in get_code
  File "<frozen importlib._bootstrap_external>", line 947, in source_to_code
  File "<frozen importlib._bootstrap>", line 241, in _call_with_frames_removed
  File "/home/ubuntu/airflow/dags/hdfsDag.py", line 27
    ) with:
      ^^^^
SyntaxError: invalid syntax
[2024-02-01T23:13:30.262+0100] {processor.py:842} WARNING - No viable dags retrieved from /home/ubuntu/airflow/dags/hdfsDag.py
[2024-02-01T23:13:30.323+0100] {processor.py:183} INFO - Processing /home/ubuntu/airflow/dags/hdfsDag.py took 0.074 seconds
[2024-02-01T23:14:23.937+0100] {processor.py:161} INFO - Started process (PID=16387) to work on /home/ubuntu/airflow/dags/hdfsDag.py
[2024-02-01T23:14:23.943+0100] {processor.py:830} INFO - Processing file /home/ubuntu/airflow/dags/hdfsDag.py for tasks to queue
[2024-02-01T23:14:23.948+0100] {logging_mixin.py:188} INFO - [2024-02-01T23:14:23.947+0100] {dagbag.py:538} INFO - Filling up the DagBag from /home/ubuntu/airflow/dags/hdfsDag.py
[2024-02-01T23:14:23.954+0100] {logging_mixin.py:188} INFO - [2024-02-01T23:14:23.953+0100] {dagbag.py:348} ERROR - Failed to import: /home/ubuntu/airflow/dags/hdfsDag.py
Traceback (most recent call last):
  File "/home/ubuntu/.local/lib/python3.10/site-packages/airflow/models/dagbag.py", line 344, in parse
    loader.exec_module(new_module)
  File "<frozen importlib._bootstrap_external>", line 879, in exec_module
  File "<frozen importlib._bootstrap_external>", line 1017, in get_code
  File "<frozen importlib._bootstrap_external>", line 947, in source_to_code
  File "<frozen importlib._bootstrap>", line 241, in _call_with_frames_removed
  File "/home/ubuntu/airflow/dags/hdfsDag.py", line 27
    ) with:
      ^^^^
SyntaxError: invalid syntax
[2024-02-01T23:14:23.955+0100] {processor.py:842} WARNING - No viable dags retrieved from /home/ubuntu/airflow/dags/hdfsDag.py
[2024-02-01T23:14:23.989+0100] {processor.py:183} INFO - Processing /home/ubuntu/airflow/dags/hdfsDag.py took 0.057 seconds
