[2024-01-30T16:47:07.495+0100] {taskinstance.py:1957} INFO - Dependencies all met for dep_context=non-requeueable deps ti=<TaskInstance: jeniferhdfs.submit_spark_job manual__2024-01-30T15:33:43.461754+00:00 [queued]>
[2024-01-30T16:47:07.521+0100] {taskinstance.py:1957} INFO - Dependencies all met for dep_context=requeueable deps ti=<TaskInstance: jeniferhdfs.submit_spark_job manual__2024-01-30T15:33:43.461754+00:00 [queued]>
[2024-01-30T16:47:07.521+0100] {taskinstance.py:2171} INFO - Starting attempt 2 of 2
[2024-01-30T16:47:07.732+0100] {taskinstance.py:2192} INFO - Executing <Task(SparkSubmitOperator): submit_spark_job> on 2024-01-30 15:33:43.461754+00:00
[2024-01-30T16:47:07.819+0100] {standard_task_runner.py:60} INFO - Started process 4208 to run task
[2024-01-30T16:47:07.889+0100] {standard_task_runner.py:87} INFO - Running: ['airflow', 'tasks', 'run', 'jeniferhdfs', 'submit_spark_job', 'manual__2024-01-30T15:33:43.461754+00:00', '--job-id', '116', '--raw', '--subdir', 'DAGS_FOLDER/hdfsDag.py', '--cfg-path', '/tmp/tmpdet5699o']
[2024-01-30T16:47:07.961+0100] {standard_task_runner.py:88} INFO - Job 116: Subtask submit_spark_job
[2024-01-30T16:47:08.614+0100] {task_command.py:423} INFO - Running <TaskInstance: jeniferhdfs.submit_spark_job manual__2024-01-30T15:33:43.461754+00:00 [running]> on host ubuntu.ubuntu.virtualbox.org
[2024-01-30T16:47:09.240+0100] {taskinstance.py:2481} INFO - Exporting env vars: AIRFLOW_CTX_DAG_OWNER='jenifer' AIRFLOW_CTX_DAG_ID='jeniferhdfs' AIRFLOW_CTX_TASK_ID='submit_spark_job' AIRFLOW_CTX_EXECUTION_DATE='2024-01-30T15:33:43.461754+00:00' AIRFLOW_CTX_TRY_NUMBER='2' AIRFLOW_CTX_DAG_RUN_ID='manual__2024-01-30T15:33:43.461754+00:00'
[2024-01-30T16:47:09.380+0100] {base.py:83} INFO - Using connection ID 'spark_default' for task execution.
[2024-01-30T16:47:09.426+0100] {spark_submit.py:401} INFO - Spark-Submit cmd: spark-submit --master local[*] --name your_spark_job --class main.scala.mnm.MnMcount --queue root.default --deploy-mode client hdfs://localhost:9000/user/project/datalake/main-scala-mnm_2.12-1.0.jar
[2024-01-30T16:47:38.122+0100] {spark_submit.py:571} INFO - 24/01/30 16:47:38 WARN Utils: Your hostname, ubuntu resolves to a loopback address: 127.0.1.1; using 10.0.2.15 instead (on interface enp0s3)
[2024-01-30T16:47:38.167+0100] {spark_submit.py:571} INFO - 24/01/30 16:47:38 WARN Utils: Set SPARK_LOCAL_IP if you need to bind to another address
[2024-01-30T16:47:41.920+0100] {spark_submit.py:571} INFO - 24/01/30 16:47:41 WARN NativeCodeLoader: Unable to load native-hadoop library for your platform... using builtin-java classes where applicable
[2024-01-30T16:47:48.344+0100] {spark_submit.py:571} INFO - 24/01/30 16:47:48 INFO SparkContext: Running Spark version 3.3.4
[2024-01-30T16:47:49.120+0100] {spark_submit.py:571} INFO - 24/01/30 16:47:49 INFO ResourceUtils: ==============================================================
[2024-01-30T16:47:49.121+0100] {spark_submit.py:571} INFO - 24/01/30 16:47:49 INFO ResourceUtils: No custom resources configured for spark.driver.
[2024-01-30T16:47:49.126+0100] {spark_submit.py:571} INFO - 24/01/30 16:47:49 INFO ResourceUtils: ==============================================================
[2024-01-30T16:47:49.180+0100] {spark_submit.py:571} INFO - 24/01/30 16:47:49 INFO SparkContext: Submitted application: MnMCount
[2024-01-30T16:47:49.446+0100] {spark_submit.py:571} INFO - 24/01/30 16:47:49 INFO ResourceProfile: Default ResourceProfile created, executor resources: Map(cores -> name: cores, amount: 1, script: , vendor: , memory -> name: memory, amount: 1024, script: , vendor: , offHeap -> name: offHeap, amount: 0, script: , vendor: ), task resources: Map(cpus -> name: cpus, amount: 1.0)
[2024-01-30T16:47:49.490+0100] {spark_submit.py:571} INFO - 24/01/30 16:47:49 INFO ResourceProfile: Limiting resource is cpu
[2024-01-30T16:47:49.492+0100] {spark_submit.py:571} INFO - 24/01/30 16:47:49 INFO ResourceProfileManager: Added ResourceProfile id: 0
[2024-01-30T16:47:49.924+0100] {spark_submit.py:571} INFO - 24/01/30 16:47:49 INFO SecurityManager: Changing view acls to: ubuntu
[2024-01-30T16:47:49.926+0100] {spark_submit.py:571} INFO - 24/01/30 16:47:49 INFO SecurityManager: Changing modify acls to: ubuntu
[2024-01-30T16:47:49.928+0100] {spark_submit.py:571} INFO - 24/01/30 16:47:49 INFO SecurityManager: Changing view acls groups to:
[2024-01-30T16:47:49.930+0100] {spark_submit.py:571} INFO - 24/01/30 16:47:49 INFO SecurityManager: Changing modify acls groups to:
[2024-01-30T16:47:49.932+0100] {spark_submit.py:571} INFO - 24/01/30 16:47:49 INFO SecurityManager: SecurityManager: authentication disabled; ui acls disabled; users  with view permissions: Set(ubuntu); groups with view permissions: Set(); users  with modify permissions: Set(ubuntu); groups with modify permissions: Set()
[2024-01-30T16:47:50.909+0100] {spark_submit.py:571} INFO - 24/01/30 16:47:50 INFO Utils: Successfully started service 'sparkDriver' on port 41137.
[2024-01-30T16:47:51.072+0100] {spark_submit.py:571} INFO - 24/01/30 16:47:51 INFO SparkEnv: Registering MapOutputTracker
[2024-01-30T16:47:51.277+0100] {spark_submit.py:571} INFO - 24/01/30 16:47:51 INFO SparkEnv: Registering BlockManagerMaster
[2024-01-30T16:47:51.414+0100] {spark_submit.py:571} INFO - 24/01/30 16:47:51 INFO BlockManagerMasterEndpoint: Using org.apache.spark.storage.DefaultTopologyMapper for getting topology information
[2024-01-30T16:47:51.416+0100] {spark_submit.py:571} INFO - 24/01/30 16:47:51 INFO BlockManagerMasterEndpoint: BlockManagerMasterEndpoint up
[2024-01-30T16:47:51.441+0100] {spark_submit.py:571} INFO - 24/01/30 16:47:51 INFO SparkEnv: Registering BlockManagerMasterHeartbeat
[2024-01-30T16:47:51.555+0100] {spark_submit.py:571} INFO - 24/01/30 16:47:51 INFO DiskBlockManager: Created local directory at /tmp/blockmgr-a0efd3ac-9b18-4292-a432-db286aa898a3
[2024-01-30T16:47:51.615+0100] {spark_submit.py:571} INFO - 24/01/30 16:47:51 INFO MemoryStore: MemoryStore started with capacity 434.4 MiB
[2024-01-30T16:47:51.707+0100] {spark_submit.py:571} INFO - 24/01/30 16:47:51 INFO SparkEnv: Registering OutputCommitCoordinator
[2024-01-30T16:47:52.924+0100] {spark_submit.py:571} INFO - 24/01/30 16:47:52 INFO Utils: Successfully started service 'SparkUI' on port 4040.
[2024-01-30T16:47:53.324+0100] {spark_submit.py:571} INFO - 24/01/30 16:47:53 INFO SparkContext: Added JAR hdfs://localhost:9000/user/project/datalake/main-scala-mnm_2.12-1.0.jar at hdfs://localhost:9000/user/project/datalake/main-scala-mnm_2.12-1.0.jar with timestamp 1706629668285
[2024-01-30T16:47:54.099+0100] {spark_submit.py:571} INFO - 24/01/30 16:47:54 INFO Executor: Starting executor ID driver on host 10.0.2.15
[2024-01-30T16:47:54.197+0100] {spark_submit.py:571} INFO - 24/01/30 16:47:54 INFO Executor: Starting executor with user classpath (userClassPathFirst = false): ''
[2024-01-30T16:47:54.500+0100] {spark_submit.py:571} INFO - 24/01/30 16:47:54 INFO Executor: Fetching hdfs://localhost:9000/user/project/datalake/main-scala-mnm_2.12-1.0.jar with timestamp 1706629668285
[2024-01-30T16:47:54.633+0100] {spark_submit.py:571} INFO - 24/01/30 16:47:54 INFO Utils: Fetching hdfs://localhost:9000/user/project/datalake/main-scala-mnm_2.12-1.0.jar to /tmp/spark-65457a4f-d15a-4152-8e5c-94b27743a446/userFiles-fa7cf30e-84a7-4a95-9a51-cb8db61d0ef6/fetchFileTemp3138827722103862049.tmp
[2024-01-30T16:47:54.758+0100] {spark_submit.py:571} INFO - 24/01/30 16:47:54 INFO Executor: Adding file:/tmp/spark-65457a4f-d15a-4152-8e5c-94b27743a446/userFiles-fa7cf30e-84a7-4a95-9a51-cb8db61d0ef6/main-scala-mnm_2.12-1.0.jar to class loader
[2024-01-30T16:47:54.804+0100] {spark_submit.py:571} INFO - 24/01/30 16:47:54 INFO Utils: Successfully started service 'org.apache.spark.network.netty.NettyBlockTransferService' on port 33999.
[2024-01-30T16:47:54.805+0100] {spark_submit.py:571} INFO - 24/01/30 16:47:54 INFO NettyBlockTransferService: Server created on 10.0.2.15:33999
[2024-01-30T16:47:54.815+0100] {spark_submit.py:571} INFO - 24/01/30 16:47:54 INFO BlockManager: Using org.apache.spark.storage.RandomBlockReplicationPolicy for block replication policy
[2024-01-30T16:47:54.907+0100] {spark_submit.py:571} INFO - 24/01/30 16:47:54 INFO BlockManagerMaster: Registering BlockManager BlockManagerId(driver, 10.0.2.15, 33999, None)
[2024-01-30T16:47:54.972+0100] {spark_submit.py:571} INFO - 24/01/30 16:47:54 INFO BlockManagerMasterEndpoint: Registering block manager 10.0.2.15:33999 with 434.4 MiB RAM, BlockManagerId(driver, 10.0.2.15, 33999, None)
[2024-01-30T16:47:55.025+0100] {spark_submit.py:571} INFO - 24/01/30 16:47:55 INFO BlockManagerMaster: Registered BlockManager BlockManagerId(driver, 10.0.2.15, 33999, None)
[2024-01-30T16:47:55.027+0100] {spark_submit.py:571} INFO - 24/01/30 16:47:55 INFO BlockManager: Initialized BlockManager: BlockManagerId(driver, 10.0.2.15, 33999, None)
[2024-01-30T16:47:56.864+0100] {spark_submit.py:571} INFO - Usage: MnMcount <mnm_file_dataset>24/01/30 16:47:56 INFO SparkContext: Invoking stop() from shutdown hook
[2024-01-30T16:47:56.907+0100] {spark_submit.py:571} INFO - 24/01/30 16:47:56 INFO SparkUI: Stopped Spark web UI at http://10.0.2.15:4040
[2024-01-30T16:47:56.971+0100] {spark_submit.py:571} INFO - 24/01/30 16:47:56 INFO MapOutputTrackerMasterEndpoint: MapOutputTrackerMasterEndpoint stopped!
[2024-01-30T16:47:57.041+0100] {spark_submit.py:571} INFO - 24/01/30 16:47:57 INFO MemoryStore: MemoryStore cleared
[2024-01-30T16:47:57.042+0100] {spark_submit.py:571} INFO - 24/01/30 16:47:57 INFO BlockManager: BlockManager stopped
[2024-01-30T16:47:57.081+0100] {spark_submit.py:571} INFO - 24/01/30 16:47:57 INFO BlockManagerMaster: BlockManagerMaster stopped
[2024-01-30T16:47:57.092+0100] {spark_submit.py:571} INFO - 24/01/30 16:47:57 INFO OutputCommitCoordinator$OutputCommitCoordinatorEndpoint: OutputCommitCoordinator stopped!
[2024-01-30T16:47:57.120+0100] {spark_submit.py:571} INFO - 24/01/30 16:47:57 INFO SparkContext: Successfully stopped SparkContext
[2024-01-30T16:47:57.121+0100] {spark_submit.py:571} INFO - 24/01/30 16:47:57 INFO ShutdownHookManager: Shutdown hook called
[2024-01-30T16:47:57.123+0100] {spark_submit.py:571} INFO - 24/01/30 16:47:57 INFO ShutdownHookManager: Deleting directory /tmp/spark-47bacc99-8188-44b8-a9cf-412bb230f331
[2024-01-30T16:47:57.139+0100] {spark_submit.py:571} INFO - 24/01/30 16:47:57 INFO ShutdownHookManager: Deleting directory /tmp/spark-65457a4f-d15a-4152-8e5c-94b27743a446
[2024-01-30T16:47:57.278+0100] {taskinstance.py:2699} ERROR - Task failed with exception
Traceback (most recent call last):
  File "/home/ubuntu/.local/lib/python3.10/site-packages/airflow/models/taskinstance.py", line 433, in _execute_task
    result = execute_callable(context=context, **execute_callable_kwargs)
  File "/home/ubuntu/.local/lib/python3.10/site-packages/airflow/providers/apache/spark/operators/spark_submit.py", line 174, in execute
    self._hook.submit(self._application)
  File "/home/ubuntu/.local/lib/python3.10/site-packages/airflow/providers/apache/spark/hooks/spark_submit.py", line 502, in submit
    raise AirflowException(
airflow.exceptions.AirflowException: Cannot execute: spark-submit --master local[*] --name your_spark_job --class main.scala.mnm.MnMcount --queue root.default --deploy-mode client hdfs://localhost:9000/user/project/datalake/main-scala-mnm_2.12-1.0.jar. Error code is: 1.
[2024-01-30T16:47:57.302+0100] {taskinstance.py:1138} INFO - Marking task as FAILED. dag_id=jeniferhdfs, task_id=submit_spark_job, execution_date=20240130T153343, start_date=20240130T154707, end_date=20240130T154757
[2024-01-30T16:47:57.415+0100] {standard_task_runner.py:107} ERROR - Failed to execute job 116 for task submit_spark_job (Cannot execute: spark-submit --master local[*] --name your_spark_job --class main.scala.mnm.MnMcount --queue root.default --deploy-mode client hdfs://localhost:9000/user/project/datalake/main-scala-mnm_2.12-1.0.jar. Error code is: 1.; 4208)
[2024-01-30T16:47:57.483+0100] {local_task_job_runner.py:234} INFO - Task exited with return code 1
[2024-01-30T16:47:57.542+0100] {taskinstance.py:3281} INFO - 0 downstream tasks scheduled from follow-on schedule check
