[2024-02-01T22:50:26.167+0100] {processor.py:161} INFO - Started process (PID=14641) to work on /home/ubuntu/.local/lib/python3.10/site-packages/airflow/example_dags/example_local_kubernetes_executor.py
[2024-02-01T22:50:26.167+0100] {processor.py:830} INFO - Processing file /home/ubuntu/.local/lib/python3.10/site-packages/airflow/example_dags/example_local_kubernetes_executor.py for tasks to queue
[2024-02-01T22:50:26.167+0100] {logging_mixin.py:188} INFO - [2024-02-01T22:50:26.167+0100] {dagbag.py:538} INFO - Filling up the DagBag from /home/ubuntu/.local/lib/python3.10/site-packages/airflow/example_dags/example_local_kubernetes_executor.py
[2024-02-01T22:50:27.487+0100] {processor.py:840} INFO - DAG(s) 'example_local_kubernetes_executor' retrieved from /home/ubuntu/.local/lib/python3.10/site-packages/airflow/example_dags/example_local_kubernetes_executor.py
[2024-02-01T22:50:27.515+0100] {logging_mixin.py:188} WARNING - /home/ubuntu/.local/lib/python3.10/site-packages/airflow/serialization/serialized_objects.py:1563 DeprecationWarning: This module is deprecated. The `cncf.kubernetes` provider before version 7.4.0 uses this module - you should migrate to a newer version of `cncf.kubernetes` to get rid of this warning. If you import the module via `airflow.kubernetes` import, please use `cncf.kubernetes' provider 7.4.0+ and switch all your imports to use `apache.airflow.providers.cncf.kubernetes` to get rid of the warning.
[2024-02-01T22:50:27.751+0100] {logging_mixin.py:188} INFO - [2024-02-01T22:50:27.750+0100] {dag.py:3033} INFO - Sync 1 DAGs
[2024-02-01T22:50:27.772+0100] {logging_mixin.py:188} INFO - [2024-02-01T22:50:27.772+0100] {dag.py:3820} INFO - Setting next_dagrun for example_local_kubernetes_executor to None, run_after=None
[2024-02-01T22:50:27.895+0100] {processor.py:183} INFO - Processing /home/ubuntu/.local/lib/python3.10/site-packages/airflow/example_dags/example_local_kubernetes_executor.py took 1.736 seconds
[2024-02-01T22:51:57.025+0100] {processor.py:161} INFO - Started process (PID=14789) to work on /home/ubuntu/.local/lib/python3.10/site-packages/airflow/example_dags/example_local_kubernetes_executor.py
[2024-02-01T22:51:57.055+0100] {processor.py:830} INFO - Processing file /home/ubuntu/.local/lib/python3.10/site-packages/airflow/example_dags/example_local_kubernetes_executor.py for tasks to queue
[2024-02-01T22:51:57.057+0100] {logging_mixin.py:188} INFO - [2024-02-01T22:51:57.056+0100] {dagbag.py:538} INFO - Filling up the DagBag from /home/ubuntu/.local/lib/python3.10/site-packages/airflow/example_dags/example_local_kubernetes_executor.py
[2024-02-01T22:51:59.228+0100] {processor.py:840} INFO - DAG(s) 'example_local_kubernetes_executor' retrieved from /home/ubuntu/.local/lib/python3.10/site-packages/airflow/example_dags/example_local_kubernetes_executor.py
[2024-02-01T22:51:59.317+0100] {logging_mixin.py:188} WARNING - /home/ubuntu/.local/lib/python3.10/site-packages/airflow/serialization/serialized_objects.py:1563 DeprecationWarning: This module is deprecated. The `cncf.kubernetes` provider before version 7.4.0 uses this module - you should migrate to a newer version of `cncf.kubernetes` to get rid of this warning. If you import the module via `airflow.kubernetes` import, please use `cncf.kubernetes' provider 7.4.0+ and switch all your imports to use `apache.airflow.providers.cncf.kubernetes` to get rid of the warning.
[2024-02-01T22:51:59.559+0100] {logging_mixin.py:188} INFO - [2024-02-01T22:51:59.559+0100] {dag.py:3033} INFO - Sync 1 DAGs
[2024-02-01T22:51:59.728+0100] {logging_mixin.py:188} INFO - [2024-02-01T22:51:59.725+0100] {dag.py:3820} INFO - Setting next_dagrun for example_local_kubernetes_executor to None, run_after=None
[2024-02-01T22:52:00.146+0100] {processor.py:183} INFO - Processing /home/ubuntu/.local/lib/python3.10/site-packages/airflow/example_dags/example_local_kubernetes_executor.py took 3.128 seconds
[2024-02-01T22:56:02.045+0100] {processor.py:161} INFO - Started process (PID=14994) to work on /home/ubuntu/.local/lib/python3.10/site-packages/airflow/example_dags/example_local_kubernetes_executor.py
[2024-02-01T22:56:02.048+0100] {processor.py:830} INFO - Processing file /home/ubuntu/.local/lib/python3.10/site-packages/airflow/example_dags/example_local_kubernetes_executor.py for tasks to queue
[2024-02-01T22:56:02.052+0100] {logging_mixin.py:188} INFO - [2024-02-01T22:56:02.050+0100] {dagbag.py:538} INFO - Filling up the DagBag from /home/ubuntu/.local/lib/python3.10/site-packages/airflow/example_dags/example_local_kubernetes_executor.py
[2024-02-01T22:56:03.326+0100] {processor.py:840} INFO - DAG(s) 'example_local_kubernetes_executor' retrieved from /home/ubuntu/.local/lib/python3.10/site-packages/airflow/example_dags/example_local_kubernetes_executor.py
[2024-02-01T22:56:03.395+0100] {logging_mixin.py:188} WARNING - /home/ubuntu/.local/lib/python3.10/site-packages/airflow/serialization/serialized_objects.py:1563 DeprecationWarning: This module is deprecated. The `cncf.kubernetes` provider before version 7.4.0 uses this module - you should migrate to a newer version of `cncf.kubernetes` to get rid of this warning. If you import the module via `airflow.kubernetes` import, please use `cncf.kubernetes' provider 7.4.0+ and switch all your imports to use `apache.airflow.providers.cncf.kubernetes` to get rid of the warning.
[2024-02-01T22:56:03.405+0100] {logging_mixin.py:188} INFO - [2024-02-01T22:56:03.404+0100] {dag.py:3033} INFO - Sync 1 DAGs
[2024-02-01T22:56:03.468+0100] {logging_mixin.py:188} INFO - [2024-02-01T22:56:03.468+0100] {dag.py:3820} INFO - Setting next_dagrun for example_local_kubernetes_executor to None, run_after=None
[2024-02-01T22:56:03.567+0100] {processor.py:183} INFO - Processing /home/ubuntu/.local/lib/python3.10/site-packages/airflow/example_dags/example_local_kubernetes_executor.py took 1.537 seconds
[2024-02-01T22:57:43.570+0100] {processor.py:161} INFO - Started process (PID=15070) to work on /home/ubuntu/.local/lib/python3.10/site-packages/airflow/example_dags/example_local_kubernetes_executor.py
[2024-02-01T22:57:43.573+0100] {processor.py:830} INFO - Processing file /home/ubuntu/.local/lib/python3.10/site-packages/airflow/example_dags/example_local_kubernetes_executor.py for tasks to queue
[2024-02-01T22:57:43.575+0100] {logging_mixin.py:188} INFO - [2024-02-01T22:57:43.574+0100] {dagbag.py:538} INFO - Filling up the DagBag from /home/ubuntu/.local/lib/python3.10/site-packages/airflow/example_dags/example_local_kubernetes_executor.py
[2024-02-01T22:57:44.555+0100] {processor.py:840} INFO - DAG(s) 'example_local_kubernetes_executor' retrieved from /home/ubuntu/.local/lib/python3.10/site-packages/airflow/example_dags/example_local_kubernetes_executor.py
[2024-02-01T22:57:44.638+0100] {logging_mixin.py:188} WARNING - /home/ubuntu/.local/lib/python3.10/site-packages/airflow/serialization/serialized_objects.py:1563 DeprecationWarning: This module is deprecated. The `cncf.kubernetes` provider before version 7.4.0 uses this module - you should migrate to a newer version of `cncf.kubernetes` to get rid of this warning. If you import the module via `airflow.kubernetes` import, please use `cncf.kubernetes' provider 7.4.0+ and switch all your imports to use `apache.airflow.providers.cncf.kubernetes` to get rid of the warning.
[2024-02-01T22:57:44.658+0100] {logging_mixin.py:188} INFO - [2024-02-01T22:57:44.658+0100] {dag.py:3033} INFO - Sync 1 DAGs
[2024-02-01T22:57:44.678+0100] {logging_mixin.py:188} INFO - [2024-02-01T22:57:44.678+0100] {dag.py:3820} INFO - Setting next_dagrun for example_local_kubernetes_executor to None, run_after=None
[2024-02-01T22:57:44.822+0100] {processor.py:183} INFO - Processing /home/ubuntu/.local/lib/python3.10/site-packages/airflow/example_dags/example_local_kubernetes_executor.py took 1.257 seconds
[2024-02-01T22:59:07.622+0100] {processor.py:161} INFO - Started process (PID=15175) to work on /home/ubuntu/.local/lib/python3.10/site-packages/airflow/example_dags/example_local_kubernetes_executor.py
[2024-02-01T22:59:07.665+0100] {processor.py:830} INFO - Processing file /home/ubuntu/.local/lib/python3.10/site-packages/airflow/example_dags/example_local_kubernetes_executor.py for tasks to queue
[2024-02-01T22:59:07.667+0100] {logging_mixin.py:188} INFO - [2024-02-01T22:59:07.667+0100] {dagbag.py:538} INFO - Filling up the DagBag from /home/ubuntu/.local/lib/python3.10/site-packages/airflow/example_dags/example_local_kubernetes_executor.py
[2024-02-01T22:59:08.180+0100] {processor.py:840} INFO - DAG(s) 'example_local_kubernetes_executor' retrieved from /home/ubuntu/.local/lib/python3.10/site-packages/airflow/example_dags/example_local_kubernetes_executor.py
[2024-02-01T22:59:08.196+0100] {logging_mixin.py:188} WARNING - /home/ubuntu/.local/lib/python3.10/site-packages/airflow/serialization/serialized_objects.py:1563 DeprecationWarning: This module is deprecated. The `cncf.kubernetes` provider before version 7.4.0 uses this module - you should migrate to a newer version of `cncf.kubernetes` to get rid of this warning. If you import the module via `airflow.kubernetes` import, please use `cncf.kubernetes' provider 7.4.0+ and switch all your imports to use `apache.airflow.providers.cncf.kubernetes` to get rid of the warning.
[2024-02-01T22:59:08.206+0100] {logging_mixin.py:188} INFO - [2024-02-01T22:59:08.205+0100] {dag.py:3033} INFO - Sync 1 DAGs
[2024-02-01T22:59:08.221+0100] {logging_mixin.py:188} INFO - [2024-02-01T22:59:08.220+0100] {dag.py:3820} INFO - Setting next_dagrun for example_local_kubernetes_executor to None, run_after=None
[2024-02-01T22:59:08.258+0100] {processor.py:183} INFO - Processing /home/ubuntu/.local/lib/python3.10/site-packages/airflow/example_dags/example_local_kubernetes_executor.py took 0.642 seconds
[2024-02-01T23:00:48.734+0100] {processor.py:161} INFO - Started process (PID=15352) to work on /home/ubuntu/.local/lib/python3.10/site-packages/airflow/example_dags/example_local_kubernetes_executor.py
[2024-02-01T23:00:48.745+0100] {processor.py:830} INFO - Processing file /home/ubuntu/.local/lib/python3.10/site-packages/airflow/example_dags/example_local_kubernetes_executor.py for tasks to queue
[2024-02-01T23:00:48.748+0100] {logging_mixin.py:188} INFO - [2024-02-01T23:00:48.747+0100] {dagbag.py:538} INFO - Filling up the DagBag from /home/ubuntu/.local/lib/python3.10/site-packages/airflow/example_dags/example_local_kubernetes_executor.py
[2024-02-01T23:00:49.158+0100] {processor.py:840} INFO - DAG(s) 'example_local_kubernetes_executor' retrieved from /home/ubuntu/.local/lib/python3.10/site-packages/airflow/example_dags/example_local_kubernetes_executor.py
[2024-02-01T23:00:49.290+0100] {logging_mixin.py:188} WARNING - /home/ubuntu/.local/lib/python3.10/site-packages/airflow/serialization/serialized_objects.py:1563 DeprecationWarning: This module is deprecated. The `cncf.kubernetes` provider before version 7.4.0 uses this module - you should migrate to a newer version of `cncf.kubernetes` to get rid of this warning. If you import the module via `airflow.kubernetes` import, please use `cncf.kubernetes' provider 7.4.0+ and switch all your imports to use `apache.airflow.providers.cncf.kubernetes` to get rid of the warning.
[2024-02-01T23:00:49.302+0100] {logging_mixin.py:188} INFO - [2024-02-01T23:00:49.302+0100] {dag.py:3033} INFO - Sync 1 DAGs
[2024-02-01T23:00:49.322+0100] {logging_mixin.py:188} INFO - [2024-02-01T23:00:49.322+0100] {dag.py:3820} INFO - Setting next_dagrun for example_local_kubernetes_executor to None, run_after=None
[2024-02-01T23:00:49.362+0100] {processor.py:183} INFO - Processing /home/ubuntu/.local/lib/python3.10/site-packages/airflow/example_dags/example_local_kubernetes_executor.py took 0.634 seconds
[2024-02-01T23:01:50.866+0100] {processor.py:161} INFO - Started process (PID=15449) to work on /home/ubuntu/.local/lib/python3.10/site-packages/airflow/example_dags/example_local_kubernetes_executor.py
[2024-02-01T23:01:50.869+0100] {processor.py:830} INFO - Processing file /home/ubuntu/.local/lib/python3.10/site-packages/airflow/example_dags/example_local_kubernetes_executor.py for tasks to queue
[2024-02-01T23:01:50.871+0100] {logging_mixin.py:188} INFO - [2024-02-01T23:01:50.870+0100] {dagbag.py:538} INFO - Filling up the DagBag from /home/ubuntu/.local/lib/python3.10/site-packages/airflow/example_dags/example_local_kubernetes_executor.py
[2024-02-01T23:01:51.859+0100] {processor.py:840} INFO - DAG(s) 'example_local_kubernetes_executor' retrieved from /home/ubuntu/.local/lib/python3.10/site-packages/airflow/example_dags/example_local_kubernetes_executor.py
[2024-02-01T23:01:51.914+0100] {logging_mixin.py:188} WARNING - /home/ubuntu/.local/lib/python3.10/site-packages/airflow/serialization/serialized_objects.py:1563 DeprecationWarning: This module is deprecated. The `cncf.kubernetes` provider before version 7.4.0 uses this module - you should migrate to a newer version of `cncf.kubernetes` to get rid of this warning. If you import the module via `airflow.kubernetes` import, please use `cncf.kubernetes' provider 7.4.0+ and switch all your imports to use `apache.airflow.providers.cncf.kubernetes` to get rid of the warning.
[2024-02-01T23:01:51.929+0100] {logging_mixin.py:188} INFO - [2024-02-01T23:01:51.928+0100] {dag.py:3033} INFO - Sync 1 DAGs
[2024-02-01T23:01:51.953+0100] {logging_mixin.py:188} INFO - [2024-02-01T23:01:51.952+0100] {dag.py:3820} INFO - Setting next_dagrun for example_local_kubernetes_executor to None, run_after=None
[2024-02-01T23:01:52.074+0100] {processor.py:183} INFO - Processing /home/ubuntu/.local/lib/python3.10/site-packages/airflow/example_dags/example_local_kubernetes_executor.py took 1.219 seconds
[2024-02-01T23:03:02.537+0100] {processor.py:161} INFO - Started process (PID=15522) to work on /home/ubuntu/.local/lib/python3.10/site-packages/airflow/example_dags/example_local_kubernetes_executor.py
[2024-02-01T23:03:02.537+0100] {processor.py:830} INFO - Processing file /home/ubuntu/.local/lib/python3.10/site-packages/airflow/example_dags/example_local_kubernetes_executor.py for tasks to queue
[2024-02-01T23:03:02.537+0100] {logging_mixin.py:188} INFO - [2024-02-01T23:03:02.537+0100] {dagbag.py:538} INFO - Filling up the DagBag from /home/ubuntu/.local/lib/python3.10/site-packages/airflow/example_dags/example_local_kubernetes_executor.py
[2024-02-01T23:03:03.377+0100] {processor.py:840} INFO - DAG(s) 'example_local_kubernetes_executor' retrieved from /home/ubuntu/.local/lib/python3.10/site-packages/airflow/example_dags/example_local_kubernetes_executor.py
[2024-02-01T23:03:03.409+0100] {logging_mixin.py:188} WARNING - /home/ubuntu/.local/lib/python3.10/site-packages/airflow/serialization/serialized_objects.py:1563 DeprecationWarning: This module is deprecated. The `cncf.kubernetes` provider before version 7.4.0 uses this module - you should migrate to a newer version of `cncf.kubernetes` to get rid of this warning. If you import the module via `airflow.kubernetes` import, please use `cncf.kubernetes' provider 7.4.0+ and switch all your imports to use `apache.airflow.providers.cncf.kubernetes` to get rid of the warning.
[2024-02-01T23:03:03.441+0100] {logging_mixin.py:188} INFO - [2024-02-01T23:03:03.441+0100] {dag.py:3033} INFO - Sync 1 DAGs
[2024-02-01T23:03:03.477+0100] {logging_mixin.py:188} INFO - [2024-02-01T23:03:03.477+0100] {dag.py:3820} INFO - Setting next_dagrun for example_local_kubernetes_executor to None, run_after=None
[2024-02-01T23:03:03.517+0100] {processor.py:183} INFO - Processing /home/ubuntu/.local/lib/python3.10/site-packages/airflow/example_dags/example_local_kubernetes_executor.py took 0.980 seconds
[2024-02-01T23:04:23.016+0100] {processor.py:161} INFO - Started process (PID=15587) to work on /home/ubuntu/.local/lib/python3.10/site-packages/airflow/example_dags/example_local_kubernetes_executor.py
[2024-02-01T23:04:23.019+0100] {processor.py:830} INFO - Processing file /home/ubuntu/.local/lib/python3.10/site-packages/airflow/example_dags/example_local_kubernetes_executor.py for tasks to queue
[2024-02-01T23:04:23.021+0100] {logging_mixin.py:188} INFO - [2024-02-01T23:04:23.019+0100] {dagbag.py:538} INFO - Filling up the DagBag from /home/ubuntu/.local/lib/python3.10/site-packages/airflow/example_dags/example_local_kubernetes_executor.py
[2024-02-01T23:04:23.358+0100] {processor.py:840} INFO - DAG(s) 'example_local_kubernetes_executor' retrieved from /home/ubuntu/.local/lib/python3.10/site-packages/airflow/example_dags/example_local_kubernetes_executor.py
[2024-02-01T23:04:23.374+0100] {logging_mixin.py:188} WARNING - /home/ubuntu/.local/lib/python3.10/site-packages/airflow/serialization/serialized_objects.py:1563 DeprecationWarning: This module is deprecated. The `cncf.kubernetes` provider before version 7.4.0 uses this module - you should migrate to a newer version of `cncf.kubernetes` to get rid of this warning. If you import the module via `airflow.kubernetes` import, please use `cncf.kubernetes' provider 7.4.0+ and switch all your imports to use `apache.airflow.providers.cncf.kubernetes` to get rid of the warning.
[2024-02-01T23:04:23.395+0100] {logging_mixin.py:188} INFO - [2024-02-01T23:04:23.388+0100] {dag.py:3033} INFO - Sync 1 DAGs
[2024-02-01T23:04:23.447+0100] {logging_mixin.py:188} INFO - [2024-02-01T23:04:23.447+0100] {dag.py:3820} INFO - Setting next_dagrun for example_local_kubernetes_executor to None, run_after=None
[2024-02-01T23:04:23.508+0100] {processor.py:183} INFO - Processing /home/ubuntu/.local/lib/python3.10/site-packages/airflow/example_dags/example_local_kubernetes_executor.py took 0.495 seconds
[2024-02-01T23:05:34.917+0100] {processor.py:161} INFO - Started process (PID=15650) to work on /home/ubuntu/.local/lib/python3.10/site-packages/airflow/example_dags/example_local_kubernetes_executor.py
[2024-02-01T23:05:34.937+0100] {processor.py:830} INFO - Processing file /home/ubuntu/.local/lib/python3.10/site-packages/airflow/example_dags/example_local_kubernetes_executor.py for tasks to queue
[2024-02-01T23:05:34.937+0100] {logging_mixin.py:188} INFO - [2024-02-01T23:05:34.937+0100] {dagbag.py:538} INFO - Filling up the DagBag from /home/ubuntu/.local/lib/python3.10/site-packages/airflow/example_dags/example_local_kubernetes_executor.py
[2024-02-01T23:05:35.853+0100] {processor.py:840} INFO - DAG(s) 'example_local_kubernetes_executor' retrieved from /home/ubuntu/.local/lib/python3.10/site-packages/airflow/example_dags/example_local_kubernetes_executor.py
[2024-02-01T23:05:35.897+0100] {logging_mixin.py:188} WARNING - /home/ubuntu/.local/lib/python3.10/site-packages/airflow/serialization/serialized_objects.py:1563 DeprecationWarning: This module is deprecated. The `cncf.kubernetes` provider before version 7.4.0 uses this module - you should migrate to a newer version of `cncf.kubernetes` to get rid of this warning. If you import the module via `airflow.kubernetes` import, please use `cncf.kubernetes' provider 7.4.0+ and switch all your imports to use `apache.airflow.providers.cncf.kubernetes` to get rid of the warning.
[2024-02-01T23:05:35.897+0100] {logging_mixin.py:188} INFO - [2024-02-01T23:05:35.897+0100] {dag.py:3033} INFO - Sync 1 DAGs
[2024-02-01T23:05:35.981+0100] {logging_mixin.py:188} INFO - [2024-02-01T23:05:35.981+0100] {dag.py:3820} INFO - Setting next_dagrun for example_local_kubernetes_executor to None, run_after=None
[2024-02-01T23:05:36.049+0100] {processor.py:183} INFO - Processing /home/ubuntu/.local/lib/python3.10/site-packages/airflow/example_dags/example_local_kubernetes_executor.py took 1.132 seconds
[2024-02-01T23:06:55.630+0100] {processor.py:161} INFO - Started process (PID=15722) to work on /home/ubuntu/.local/lib/python3.10/site-packages/airflow/example_dags/example_local_kubernetes_executor.py
[2024-02-01T23:06:55.644+0100] {processor.py:830} INFO - Processing file /home/ubuntu/.local/lib/python3.10/site-packages/airflow/example_dags/example_local_kubernetes_executor.py for tasks to queue
[2024-02-01T23:06:55.646+0100] {logging_mixin.py:188} INFO - [2024-02-01T23:06:55.645+0100] {dagbag.py:538} INFO - Filling up the DagBag from /home/ubuntu/.local/lib/python3.10/site-packages/airflow/example_dags/example_local_kubernetes_executor.py
[2024-02-01T23:06:56.468+0100] {processor.py:840} INFO - DAG(s) 'example_local_kubernetes_executor' retrieved from /home/ubuntu/.local/lib/python3.10/site-packages/airflow/example_dags/example_local_kubernetes_executor.py
[2024-02-01T23:06:56.496+0100] {logging_mixin.py:188} WARNING - /home/ubuntu/.local/lib/python3.10/site-packages/airflow/serialization/serialized_objects.py:1563 DeprecationWarning: This module is deprecated. The `cncf.kubernetes` provider before version 7.4.0 uses this module - you should migrate to a newer version of `cncf.kubernetes` to get rid of this warning. If you import the module via `airflow.kubernetes` import, please use `cncf.kubernetes' provider 7.4.0+ and switch all your imports to use `apache.airflow.providers.cncf.kubernetes` to get rid of the warning.
[2024-02-01T23:06:56.525+0100] {logging_mixin.py:188} INFO - [2024-02-01T23:06:56.523+0100] {dag.py:3033} INFO - Sync 1 DAGs
[2024-02-01T23:06:56.561+0100] {logging_mixin.py:188} INFO - [2024-02-01T23:06:56.561+0100] {dag.py:3820} INFO - Setting next_dagrun for example_local_kubernetes_executor to None, run_after=None
[2024-02-01T23:06:56.655+0100] {processor.py:183} INFO - Processing /home/ubuntu/.local/lib/python3.10/site-packages/airflow/example_dags/example_local_kubernetes_executor.py took 1.031 seconds
[2024-02-01T23:08:17.556+0100] {processor.py:161} INFO - Started process (PID=15787) to work on /home/ubuntu/.local/lib/python3.10/site-packages/airflow/example_dags/example_local_kubernetes_executor.py
[2024-02-01T23:08:17.568+0100] {processor.py:830} INFO - Processing file /home/ubuntu/.local/lib/python3.10/site-packages/airflow/example_dags/example_local_kubernetes_executor.py for tasks to queue
[2024-02-01T23:08:17.577+0100] {logging_mixin.py:188} INFO - [2024-02-01T23:08:17.576+0100] {dagbag.py:538} INFO - Filling up the DagBag from /home/ubuntu/.local/lib/python3.10/site-packages/airflow/example_dags/example_local_kubernetes_executor.py
[2024-02-01T23:08:18.516+0100] {processor.py:840} INFO - DAG(s) 'example_local_kubernetes_executor' retrieved from /home/ubuntu/.local/lib/python3.10/site-packages/airflow/example_dags/example_local_kubernetes_executor.py
[2024-02-01T23:08:18.559+0100] {logging_mixin.py:188} WARNING - /home/ubuntu/.local/lib/python3.10/site-packages/airflow/serialization/serialized_objects.py:1563 DeprecationWarning: This module is deprecated. The `cncf.kubernetes` provider before version 7.4.0 uses this module - you should migrate to a newer version of `cncf.kubernetes` to get rid of this warning. If you import the module via `airflow.kubernetes` import, please use `cncf.kubernetes' provider 7.4.0+ and switch all your imports to use `apache.airflow.providers.cncf.kubernetes` to get rid of the warning.
[2024-02-01T23:08:18.579+0100] {logging_mixin.py:188} INFO - [2024-02-01T23:08:18.578+0100] {dag.py:3033} INFO - Sync 1 DAGs
[2024-02-01T23:08:18.607+0100] {logging_mixin.py:188} INFO - [2024-02-01T23:08:18.606+0100] {dag.py:3820} INFO - Setting next_dagrun for example_local_kubernetes_executor to None, run_after=None
[2024-02-01T23:08:18.685+0100] {processor.py:183} INFO - Processing /home/ubuntu/.local/lib/python3.10/site-packages/airflow/example_dags/example_local_kubernetes_executor.py took 1.135 seconds
[2024-02-01T23:09:37.329+0100] {processor.py:161} INFO - Started process (PID=15914) to work on /home/ubuntu/.local/lib/python3.10/site-packages/airflow/example_dags/example_local_kubernetes_executor.py
[2024-02-01T23:09:37.333+0100] {processor.py:830} INFO - Processing file /home/ubuntu/.local/lib/python3.10/site-packages/airflow/example_dags/example_local_kubernetes_executor.py for tasks to queue
[2024-02-01T23:09:37.335+0100] {logging_mixin.py:188} INFO - [2024-02-01T23:09:37.334+0100] {dagbag.py:538} INFO - Filling up the DagBag from /home/ubuntu/.local/lib/python3.10/site-packages/airflow/example_dags/example_local_kubernetes_executor.py
[2024-02-01T23:09:37.697+0100] {processor.py:840} INFO - DAG(s) 'example_local_kubernetes_executor' retrieved from /home/ubuntu/.local/lib/python3.10/site-packages/airflow/example_dags/example_local_kubernetes_executor.py
[2024-02-01T23:09:37.726+0100] {logging_mixin.py:188} WARNING - /home/ubuntu/.local/lib/python3.10/site-packages/airflow/serialization/serialized_objects.py:1563 DeprecationWarning: This module is deprecated. The `cncf.kubernetes` provider before version 7.4.0 uses this module - you should migrate to a newer version of `cncf.kubernetes` to get rid of this warning. If you import the module via `airflow.kubernetes` import, please use `cncf.kubernetes' provider 7.4.0+ and switch all your imports to use `apache.airflow.providers.cncf.kubernetes` to get rid of the warning.
[2024-02-01T23:09:37.738+0100] {logging_mixin.py:188} INFO - [2024-02-01T23:09:37.737+0100] {dag.py:3033} INFO - Sync 1 DAGs
[2024-02-01T23:09:37.754+0100] {logging_mixin.py:188} INFO - [2024-02-01T23:09:37.754+0100] {dag.py:3820} INFO - Setting next_dagrun for example_local_kubernetes_executor to None, run_after=None
[2024-02-01T23:09:37.791+0100] {processor.py:183} INFO - Processing /home/ubuntu/.local/lib/python3.10/site-packages/airflow/example_dags/example_local_kubernetes_executor.py took 0.467 seconds
[2024-02-01T23:10:35.128+0100] {processor.py:161} INFO - Started process (PID=16002) to work on /home/ubuntu/.local/lib/python3.10/site-packages/airflow/example_dags/example_local_kubernetes_executor.py
[2024-02-01T23:10:35.160+0100] {processor.py:830} INFO - Processing file /home/ubuntu/.local/lib/python3.10/site-packages/airflow/example_dags/example_local_kubernetes_executor.py for tasks to queue
[2024-02-01T23:10:35.170+0100] {logging_mixin.py:188} INFO - [2024-02-01T23:10:35.169+0100] {dagbag.py:538} INFO - Filling up the DagBag from /home/ubuntu/.local/lib/python3.10/site-packages/airflow/example_dags/example_local_kubernetes_executor.py
[2024-02-01T23:10:35.467+0100] {processor.py:840} INFO - DAG(s) 'example_local_kubernetes_executor' retrieved from /home/ubuntu/.local/lib/python3.10/site-packages/airflow/example_dags/example_local_kubernetes_executor.py
[2024-02-01T23:10:35.491+0100] {logging_mixin.py:188} WARNING - /home/ubuntu/.local/lib/python3.10/site-packages/airflow/serialization/serialized_objects.py:1563 DeprecationWarning: This module is deprecated. The `cncf.kubernetes` provider before version 7.4.0 uses this module - you should migrate to a newer version of `cncf.kubernetes` to get rid of this warning. If you import the module via `airflow.kubernetes` import, please use `cncf.kubernetes' provider 7.4.0+ and switch all your imports to use `apache.airflow.providers.cncf.kubernetes` to get rid of the warning.
[2024-02-01T23:10:35.501+0100] {logging_mixin.py:188} INFO - [2024-02-01T23:10:35.500+0100] {dag.py:3033} INFO - Sync 1 DAGs
[2024-02-01T23:10:35.515+0100] {logging_mixin.py:188} INFO - [2024-02-01T23:10:35.515+0100] {dag.py:3820} INFO - Setting next_dagrun for example_local_kubernetes_executor to None, run_after=None
[2024-02-01T23:10:35.554+0100] {processor.py:183} INFO - Processing /home/ubuntu/.local/lib/python3.10/site-packages/airflow/example_dags/example_local_kubernetes_executor.py took 0.443 seconds
[2024-02-01T23:11:34.371+0100] {processor.py:161} INFO - Started process (PID=16097) to work on /home/ubuntu/.local/lib/python3.10/site-packages/airflow/example_dags/example_local_kubernetes_executor.py
[2024-02-01T23:11:34.377+0100] {processor.py:830} INFO - Processing file /home/ubuntu/.local/lib/python3.10/site-packages/airflow/example_dags/example_local_kubernetes_executor.py for tasks to queue
[2024-02-01T23:11:34.378+0100] {logging_mixin.py:188} INFO - [2024-02-01T23:11:34.378+0100] {dagbag.py:538} INFO - Filling up the DagBag from /home/ubuntu/.local/lib/python3.10/site-packages/airflow/example_dags/example_local_kubernetes_executor.py
[2024-02-01T23:11:34.616+0100] {processor.py:840} INFO - DAG(s) 'example_local_kubernetes_executor' retrieved from /home/ubuntu/.local/lib/python3.10/site-packages/airflow/example_dags/example_local_kubernetes_executor.py
[2024-02-01T23:11:34.639+0100] {logging_mixin.py:188} WARNING - /home/ubuntu/.local/lib/python3.10/site-packages/airflow/serialization/serialized_objects.py:1563 DeprecationWarning: This module is deprecated. The `cncf.kubernetes` provider before version 7.4.0 uses this module - you should migrate to a newer version of `cncf.kubernetes` to get rid of this warning. If you import the module via `airflow.kubernetes` import, please use `cncf.kubernetes' provider 7.4.0+ and switch all your imports to use `apache.airflow.providers.cncf.kubernetes` to get rid of the warning.
[2024-02-01T23:11:34.686+0100] {logging_mixin.py:188} INFO - [2024-02-01T23:11:34.677+0100] {dag.py:3033} INFO - Sync 1 DAGs
[2024-02-01T23:11:34.725+0100] {logging_mixin.py:188} INFO - [2024-02-01T23:11:34.725+0100] {dag.py:3820} INFO - Setting next_dagrun for example_local_kubernetes_executor to None, run_after=None
[2024-02-01T23:11:34.821+0100] {processor.py:183} INFO - Processing /home/ubuntu/.local/lib/python3.10/site-packages/airflow/example_dags/example_local_kubernetes_executor.py took 0.454 seconds
[2024-02-01T23:12:31.533+0100] {processor.py:161} INFO - Started process (PID=16193) to work on /home/ubuntu/.local/lib/python3.10/site-packages/airflow/example_dags/example_local_kubernetes_executor.py
[2024-02-01T23:12:31.536+0100] {processor.py:830} INFO - Processing file /home/ubuntu/.local/lib/python3.10/site-packages/airflow/example_dags/example_local_kubernetes_executor.py for tasks to queue
[2024-02-01T23:12:31.539+0100] {logging_mixin.py:188} INFO - [2024-02-01T23:12:31.538+0100] {dagbag.py:538} INFO - Filling up the DagBag from /home/ubuntu/.local/lib/python3.10/site-packages/airflow/example_dags/example_local_kubernetes_executor.py
[2024-02-01T23:12:31.791+0100] {processor.py:840} INFO - DAG(s) 'example_local_kubernetes_executor' retrieved from /home/ubuntu/.local/lib/python3.10/site-packages/airflow/example_dags/example_local_kubernetes_executor.py
[2024-02-01T23:12:31.808+0100] {logging_mixin.py:188} WARNING - /home/ubuntu/.local/lib/python3.10/site-packages/airflow/serialization/serialized_objects.py:1563 DeprecationWarning: This module is deprecated. The `cncf.kubernetes` provider before version 7.4.0 uses this module - you should migrate to a newer version of `cncf.kubernetes` to get rid of this warning. If you import the module via `airflow.kubernetes` import, please use `cncf.kubernetes' provider 7.4.0+ and switch all your imports to use `apache.airflow.providers.cncf.kubernetes` to get rid of the warning.
[2024-02-01T23:12:31.817+0100] {logging_mixin.py:188} INFO - [2024-02-01T23:12:31.816+0100] {dag.py:3033} INFO - Sync 1 DAGs
[2024-02-01T23:12:31.829+0100] {logging_mixin.py:188} INFO - [2024-02-01T23:12:31.828+0100] {dag.py:3820} INFO - Setting next_dagrun for example_local_kubernetes_executor to None, run_after=None
[2024-02-01T23:12:31.869+0100] {processor.py:183} INFO - Processing /home/ubuntu/.local/lib/python3.10/site-packages/airflow/example_dags/example_local_kubernetes_executor.py took 0.344 seconds
[2024-02-01T23:13:26.634+0100] {processor.py:161} INFO - Started process (PID=16287) to work on /home/ubuntu/.local/lib/python3.10/site-packages/airflow/example_dags/example_local_kubernetes_executor.py
[2024-02-01T23:13:26.638+0100] {processor.py:830} INFO - Processing file /home/ubuntu/.local/lib/python3.10/site-packages/airflow/example_dags/example_local_kubernetes_executor.py for tasks to queue
[2024-02-01T23:13:26.643+0100] {logging_mixin.py:188} INFO - [2024-02-01T23:13:26.642+0100] {dagbag.py:538} INFO - Filling up the DagBag from /home/ubuntu/.local/lib/python3.10/site-packages/airflow/example_dags/example_local_kubernetes_executor.py
[2024-02-01T23:13:27.224+0100] {processor.py:840} INFO - DAG(s) 'example_local_kubernetes_executor' retrieved from /home/ubuntu/.local/lib/python3.10/site-packages/airflow/example_dags/example_local_kubernetes_executor.py
[2024-02-01T23:13:27.240+0100] {logging_mixin.py:188} WARNING - /home/ubuntu/.local/lib/python3.10/site-packages/airflow/serialization/serialized_objects.py:1563 DeprecationWarning: This module is deprecated. The `cncf.kubernetes` provider before version 7.4.0 uses this module - you should migrate to a newer version of `cncf.kubernetes` to get rid of this warning. If you import the module via `airflow.kubernetes` import, please use `cncf.kubernetes' provider 7.4.0+ and switch all your imports to use `apache.airflow.providers.cncf.kubernetes` to get rid of the warning.
[2024-02-01T23:13:27.240+0100] {logging_mixin.py:188} INFO - [2024-02-01T23:13:27.240+0100] {dag.py:3033} INFO - Sync 1 DAGs
[2024-02-01T23:13:27.288+0100] {logging_mixin.py:188} INFO - [2024-02-01T23:13:27.288+0100] {dag.py:3820} INFO - Setting next_dagrun for example_local_kubernetes_executor to None, run_after=None
[2024-02-01T23:13:27.326+0100] {processor.py:183} INFO - Processing /home/ubuntu/.local/lib/python3.10/site-packages/airflow/example_dags/example_local_kubernetes_executor.py took 0.699 seconds
