[2024-02-01T22:49:36.913+0100] {processor.py:161} INFO - Started process (PID=14598) to work on /home/ubuntu/.local/lib/python3.10/site-packages/airflow/example_dags/example_short_circuit_operator.py
[2024-02-01T22:49:36.916+0100] {processor.py:830} INFO - Processing file /home/ubuntu/.local/lib/python3.10/site-packages/airflow/example_dags/example_short_circuit_operator.py for tasks to queue
[2024-02-01T22:49:36.920+0100] {logging_mixin.py:188} INFO - [2024-02-01T22:49:36.919+0100] {dagbag.py:538} INFO - Filling up the DagBag from /home/ubuntu/.local/lib/python3.10/site-packages/airflow/example_dags/example_short_circuit_operator.py
[2024-02-01T22:49:36.974+0100] {processor.py:840} INFO - DAG(s) 'example_short_circuit_operator' retrieved from /home/ubuntu/.local/lib/python3.10/site-packages/airflow/example_dags/example_short_circuit_operator.py
[2024-02-01T22:49:37.299+0100] {logging_mixin.py:188} INFO - [2024-02-01T22:49:37.299+0100] {dag.py:3033} INFO - Sync 1 DAGs
[2024-02-01T22:49:37.368+0100] {logging_mixin.py:188} INFO - [2024-02-01T22:49:37.368+0100] {dag.py:3820} INFO - Setting next_dagrun for example_short_circuit_operator to 2024-01-31T00:00:00+00:00, run_after=2024-02-01T00:00:00+00:00
[2024-02-01T22:49:37.566+0100] {processor.py:183} INFO - Processing /home/ubuntu/.local/lib/python3.10/site-packages/airflow/example_dags/example_short_circuit_operator.py took 0.667 seconds
[2024-02-01T22:51:04.529+0100] {processor.py:161} INFO - Started process (PID=14701) to work on /home/ubuntu/.local/lib/python3.10/site-packages/airflow/example_dags/example_short_circuit_operator.py
[2024-02-01T22:51:04.533+0100] {processor.py:830} INFO - Processing file /home/ubuntu/.local/lib/python3.10/site-packages/airflow/example_dags/example_short_circuit_operator.py for tasks to queue
[2024-02-01T22:51:04.535+0100] {logging_mixin.py:188} INFO - [2024-02-01T22:51:04.534+0100] {dagbag.py:538} INFO - Filling up the DagBag from /home/ubuntu/.local/lib/python3.10/site-packages/airflow/example_dags/example_short_circuit_operator.py
[2024-02-01T22:51:04.574+0100] {processor.py:840} INFO - DAG(s) 'example_short_circuit_operator' retrieved from /home/ubuntu/.local/lib/python3.10/site-packages/airflow/example_dags/example_short_circuit_operator.py
[2024-02-01T22:51:04.639+0100] {logging_mixin.py:188} INFO - [2024-02-01T22:51:04.639+0100] {dag.py:3033} INFO - Sync 1 DAGs
[2024-02-01T22:51:04.749+0100] {logging_mixin.py:188} INFO - [2024-02-01T22:51:04.749+0100] {dag.py:3820} INFO - Setting next_dagrun for example_short_circuit_operator to 2024-01-31T00:00:00+00:00, run_after=2024-02-01T00:00:00+00:00
[2024-02-01T22:51:04.911+0100] {processor.py:183} INFO - Processing /home/ubuntu/.local/lib/python3.10/site-packages/airflow/example_dags/example_short_circuit_operator.py took 0.396 seconds
[2024-02-01T22:52:38.041+0100] {processor.py:161} INFO - Started process (PID=14824) to work on /home/ubuntu/.local/lib/python3.10/site-packages/airflow/example_dags/example_short_circuit_operator.py
[2024-02-01T22:52:38.051+0100] {processor.py:830} INFO - Processing file /home/ubuntu/.local/lib/python3.10/site-packages/airflow/example_dags/example_short_circuit_operator.py for tasks to queue
[2024-02-01T22:52:38.055+0100] {logging_mixin.py:188} INFO - [2024-02-01T22:52:38.053+0100] {dagbag.py:538} INFO - Filling up the DagBag from /home/ubuntu/.local/lib/python3.10/site-packages/airflow/example_dags/example_short_circuit_operator.py
[2024-02-01T22:52:38.077+0100] {processor.py:840} INFO - DAG(s) 'example_short_circuit_operator' retrieved from /home/ubuntu/.local/lib/python3.10/site-packages/airflow/example_dags/example_short_circuit_operator.py
[2024-02-01T22:52:38.206+0100] {logging_mixin.py:188} INFO - [2024-02-01T22:52:38.206+0100] {dag.py:3033} INFO - Sync 1 DAGs
[2024-02-01T22:52:38.261+0100] {logging_mixin.py:188} INFO - [2024-02-01T22:52:38.261+0100] {dag.py:3820} INFO - Setting next_dagrun for example_short_circuit_operator to 2024-01-31T00:00:00+00:00, run_after=2024-02-01T00:00:00+00:00
[2024-02-01T22:52:38.338+0100] {processor.py:183} INFO - Processing /home/ubuntu/.local/lib/python3.10/site-packages/airflow/example_dags/example_short_circuit_operator.py took 0.345 seconds
[2024-02-01T22:55:20.639+0100] {processor.py:161} INFO - Started process (PID=14966) to work on /home/ubuntu/.local/lib/python3.10/site-packages/airflow/example_dags/example_short_circuit_operator.py
[2024-02-01T22:55:20.667+0100] {processor.py:830} INFO - Processing file /home/ubuntu/.local/lib/python3.10/site-packages/airflow/example_dags/example_short_circuit_operator.py for tasks to queue
[2024-02-01T22:55:20.667+0100] {logging_mixin.py:188} INFO - [2024-02-01T22:55:20.667+0100] {dagbag.py:538} INFO - Filling up the DagBag from /home/ubuntu/.local/lib/python3.10/site-packages/airflow/example_dags/example_short_circuit_operator.py
[2024-02-01T22:55:20.718+0100] {processor.py:840} INFO - DAG(s) 'example_short_circuit_operator' retrieved from /home/ubuntu/.local/lib/python3.10/site-packages/airflow/example_dags/example_short_circuit_operator.py
[2024-02-01T22:55:20.787+0100] {logging_mixin.py:188} INFO - [2024-02-01T22:55:20.787+0100] {dag.py:3033} INFO - Sync 1 DAGs
[2024-02-01T22:55:20.844+0100] {logging_mixin.py:188} INFO - [2024-02-01T22:55:20.844+0100] {dag.py:3820} INFO - Setting next_dagrun for example_short_circuit_operator to 2024-01-31T00:00:00+00:00, run_after=2024-02-01T00:00:00+00:00
[2024-02-01T22:55:20.981+0100] {processor.py:183} INFO - Processing /home/ubuntu/.local/lib/python3.10/site-packages/airflow/example_dags/example_short_circuit_operator.py took 0.342 seconds
[2024-02-01T22:56:41.238+0100] {processor.py:161} INFO - Started process (PID=15024) to work on /home/ubuntu/.local/lib/python3.10/site-packages/airflow/example_dags/example_short_circuit_operator.py
[2024-02-01T22:56:41.238+0100] {processor.py:830} INFO - Processing file /home/ubuntu/.local/lib/python3.10/site-packages/airflow/example_dags/example_short_circuit_operator.py for tasks to queue
[2024-02-01T22:56:41.258+0100] {logging_mixin.py:188} INFO - [2024-02-01T22:56:41.238+0100] {dagbag.py:538} INFO - Filling up the DagBag from /home/ubuntu/.local/lib/python3.10/site-packages/airflow/example_dags/example_short_circuit_operator.py
[2024-02-01T22:56:41.278+0100] {processor.py:840} INFO - DAG(s) 'example_short_circuit_operator' retrieved from /home/ubuntu/.local/lib/python3.10/site-packages/airflow/example_dags/example_short_circuit_operator.py
[2024-02-01T22:56:41.389+0100] {logging_mixin.py:188} INFO - [2024-02-01T22:56:41.388+0100] {dag.py:3033} INFO - Sync 1 DAGs
[2024-02-01T22:56:41.455+0100] {logging_mixin.py:188} INFO - [2024-02-01T22:56:41.454+0100] {dag.py:3820} INFO - Setting next_dagrun for example_short_circuit_operator to 2024-01-31T00:00:00+00:00, run_after=2024-02-01T00:00:00+00:00
[2024-02-01T22:56:41.562+0100] {processor.py:183} INFO - Processing /home/ubuntu/.local/lib/python3.10/site-packages/airflow/example_dags/example_short_circuit_operator.py took 0.375 seconds
[2024-02-01T22:58:17.251+0100] {processor.py:161} INFO - Started process (PID=15099) to work on /home/ubuntu/.local/lib/python3.10/site-packages/airflow/example_dags/example_short_circuit_operator.py
[2024-02-01T22:58:17.258+0100] {processor.py:830} INFO - Processing file /home/ubuntu/.local/lib/python3.10/site-packages/airflow/example_dags/example_short_circuit_operator.py for tasks to queue
[2024-02-01T22:58:17.258+0100] {logging_mixin.py:188} INFO - [2024-02-01T22:58:17.258+0100] {dagbag.py:538} INFO - Filling up the DagBag from /home/ubuntu/.local/lib/python3.10/site-packages/airflow/example_dags/example_short_circuit_operator.py
[2024-02-01T22:58:17.262+0100] {processor.py:840} INFO - DAG(s) 'example_short_circuit_operator' retrieved from /home/ubuntu/.local/lib/python3.10/site-packages/airflow/example_dags/example_short_circuit_operator.py
[2024-02-01T22:58:17.374+0100] {logging_mixin.py:188} INFO - [2024-02-01T22:58:17.374+0100] {dag.py:3033} INFO - Sync 1 DAGs
[2024-02-01T22:58:17.430+0100] {logging_mixin.py:188} INFO - [2024-02-01T22:58:17.430+0100] {dag.py:3820} INFO - Setting next_dagrun for example_short_circuit_operator to 2024-01-31T00:00:00+00:00, run_after=2024-02-01T00:00:00+00:00
[2024-02-01T22:58:17.522+0100] {processor.py:183} INFO - Processing /home/ubuntu/.local/lib/python3.10/site-packages/airflow/example_dags/example_short_circuit_operator.py took 0.278 seconds
[2024-02-01T22:59:59.403+0100] {processor.py:161} INFO - Started process (PID=15281) to work on /home/ubuntu/.local/lib/python3.10/site-packages/airflow/example_dags/example_short_circuit_operator.py
[2024-02-01T22:59:59.420+0100] {processor.py:830} INFO - Processing file /home/ubuntu/.local/lib/python3.10/site-packages/airflow/example_dags/example_short_circuit_operator.py for tasks to queue
[2024-02-01T22:59:59.422+0100] {logging_mixin.py:188} INFO - [2024-02-01T22:59:59.421+0100] {dagbag.py:538} INFO - Filling up the DagBag from /home/ubuntu/.local/lib/python3.10/site-packages/airflow/example_dags/example_short_circuit_operator.py
[2024-02-01T22:59:59.470+0100] {processor.py:840} INFO - DAG(s) 'example_short_circuit_operator' retrieved from /home/ubuntu/.local/lib/python3.10/site-packages/airflow/example_dags/example_short_circuit_operator.py
[2024-02-01T22:59:59.587+0100] {logging_mixin.py:188} INFO - [2024-02-01T22:59:59.586+0100] {dag.py:3033} INFO - Sync 1 DAGs
[2024-02-01T22:59:59.670+0100] {logging_mixin.py:188} INFO - [2024-02-01T22:59:59.669+0100] {dag.py:3820} INFO - Setting next_dagrun for example_short_circuit_operator to 2024-01-31T00:00:00+00:00, run_after=2024-02-01T00:00:00+00:00
[2024-02-01T22:59:59.764+0100] {processor.py:183} INFO - Processing /home/ubuntu/.local/lib/python3.10/site-packages/airflow/example_dags/example_short_circuit_operator.py took 0.366 seconds
[2024-02-01T23:01:05.188+0100] {processor.py:161} INFO - Started process (PID=15382) to work on /home/ubuntu/.local/lib/python3.10/site-packages/airflow/example_dags/example_short_circuit_operator.py
[2024-02-01T23:01:05.191+0100] {processor.py:830} INFO - Processing file /home/ubuntu/.local/lib/python3.10/site-packages/airflow/example_dags/example_short_circuit_operator.py for tasks to queue
[2024-02-01T23:01:05.193+0100] {logging_mixin.py:188} INFO - [2024-02-01T23:01:05.192+0100] {dagbag.py:538} INFO - Filling up the DagBag from /home/ubuntu/.local/lib/python3.10/site-packages/airflow/example_dags/example_short_circuit_operator.py
[2024-02-01T23:01:05.204+0100] {processor.py:840} INFO - DAG(s) 'example_short_circuit_operator' retrieved from /home/ubuntu/.local/lib/python3.10/site-packages/airflow/example_dags/example_short_circuit_operator.py
[2024-02-01T23:01:05.231+0100] {logging_mixin.py:188} INFO - [2024-02-01T23:01:05.231+0100] {dag.py:3033} INFO - Sync 1 DAGs
[2024-02-01T23:01:05.254+0100] {logging_mixin.py:188} INFO - [2024-02-01T23:01:05.254+0100] {dag.py:3820} INFO - Setting next_dagrun for example_short_circuit_operator to 2024-01-31T00:00:00+00:00, run_after=2024-02-01T00:00:00+00:00
[2024-02-01T23:01:05.292+0100] {processor.py:183} INFO - Processing /home/ubuntu/.local/lib/python3.10/site-packages/airflow/example_dags/example_short_circuit_operator.py took 0.126 seconds
[2024-02-01T23:02:17.724+0100] {processor.py:161} INFO - Started process (PID=15483) to work on /home/ubuntu/.local/lib/python3.10/site-packages/airflow/example_dags/example_short_circuit_operator.py
[2024-02-01T23:02:17.737+0100] {processor.py:830} INFO - Processing file /home/ubuntu/.local/lib/python3.10/site-packages/airflow/example_dags/example_short_circuit_operator.py for tasks to queue
[2024-02-01T23:02:17.751+0100] {logging_mixin.py:188} INFO - [2024-02-01T23:02:17.750+0100] {dagbag.py:538} INFO - Filling up the DagBag from /home/ubuntu/.local/lib/python3.10/site-packages/airflow/example_dags/example_short_circuit_operator.py
[2024-02-01T23:02:17.773+0100] {processor.py:840} INFO - DAG(s) 'example_short_circuit_operator' retrieved from /home/ubuntu/.local/lib/python3.10/site-packages/airflow/example_dags/example_short_circuit_operator.py
[2024-02-01T23:02:17.870+0100] {logging_mixin.py:188} INFO - [2024-02-01T23:02:17.869+0100] {dag.py:3033} INFO - Sync 1 DAGs
[2024-02-01T23:02:17.961+0100] {logging_mixin.py:188} INFO - [2024-02-01T23:02:17.961+0100] {dag.py:3820} INFO - Setting next_dagrun for example_short_circuit_operator to 2024-01-31T00:00:00+00:00, run_after=2024-02-01T00:00:00+00:00
[2024-02-01T23:02:18.071+0100] {processor.py:183} INFO - Processing /home/ubuntu/.local/lib/python3.10/site-packages/airflow/example_dags/example_short_circuit_operator.py took 0.358 seconds
[2024-02-01T23:03:24.713+0100] {processor.py:161} INFO - Started process (PID=15546) to work on /home/ubuntu/.local/lib/python3.10/site-packages/airflow/example_dags/example_short_circuit_operator.py
[2024-02-01T23:03:24.729+0100] {processor.py:830} INFO - Processing file /home/ubuntu/.local/lib/python3.10/site-packages/airflow/example_dags/example_short_circuit_operator.py for tasks to queue
[2024-02-01T23:03:24.732+0100] {logging_mixin.py:188} INFO - [2024-02-01T23:03:24.731+0100] {dagbag.py:538} INFO - Filling up the DagBag from /home/ubuntu/.local/lib/python3.10/site-packages/airflow/example_dags/example_short_circuit_operator.py
[2024-02-01T23:03:24.745+0100] {processor.py:840} INFO - DAG(s) 'example_short_circuit_operator' retrieved from /home/ubuntu/.local/lib/python3.10/site-packages/airflow/example_dags/example_short_circuit_operator.py
[2024-02-01T23:03:24.783+0100] {logging_mixin.py:188} INFO - [2024-02-01T23:03:24.782+0100] {dag.py:3033} INFO - Sync 1 DAGs
[2024-02-01T23:03:24.815+0100] {logging_mixin.py:188} INFO - [2024-02-01T23:03:24.814+0100] {dag.py:3820} INFO - Setting next_dagrun for example_short_circuit_operator to 2024-01-31T00:00:00+00:00, run_after=2024-02-01T00:00:00+00:00
[2024-02-01T23:03:24.876+0100] {processor.py:183} INFO - Processing /home/ubuntu/.local/lib/python3.10/site-packages/airflow/example_dags/example_short_circuit_operator.py took 0.188 seconds
[2024-02-01T23:04:47.954+0100] {processor.py:161} INFO - Started process (PID=15612) to work on /home/ubuntu/.local/lib/python3.10/site-packages/airflow/example_dags/example_short_circuit_operator.py
[2024-02-01T23:04:47.958+0100] {processor.py:830} INFO - Processing file /home/ubuntu/.local/lib/python3.10/site-packages/airflow/example_dags/example_short_circuit_operator.py for tasks to queue
[2024-02-01T23:04:47.961+0100] {logging_mixin.py:188} INFO - [2024-02-01T23:04:47.960+0100] {dagbag.py:538} INFO - Filling up the DagBag from /home/ubuntu/.local/lib/python3.10/site-packages/airflow/example_dags/example_short_circuit_operator.py
[2024-02-01T23:04:47.982+0100] {processor.py:840} INFO - DAG(s) 'example_short_circuit_operator' retrieved from /home/ubuntu/.local/lib/python3.10/site-packages/airflow/example_dags/example_short_circuit_operator.py
[2024-02-01T23:04:48.095+0100] {logging_mixin.py:188} INFO - [2024-02-01T23:04:48.095+0100] {dag.py:3033} INFO - Sync 1 DAGs
[2024-02-01T23:04:48.160+0100] {logging_mixin.py:188} INFO - [2024-02-01T23:04:48.152+0100] {dag.py:3820} INFO - Setting next_dagrun for example_short_circuit_operator to 2024-01-31T00:00:00+00:00, run_after=2024-02-01T00:00:00+00:00
[2024-02-01T23:04:48.219+0100] {processor.py:183} INFO - Processing /home/ubuntu/.local/lib/python3.10/site-packages/airflow/example_dags/example_short_circuit_operator.py took 0.270 seconds
[2024-02-01T23:06:02.509+0100] {processor.py:161} INFO - Started process (PID=15675) to work on /home/ubuntu/.local/lib/python3.10/site-packages/airflow/example_dags/example_short_circuit_operator.py
[2024-02-01T23:06:02.529+0100] {processor.py:830} INFO - Processing file /home/ubuntu/.local/lib/python3.10/site-packages/airflow/example_dags/example_short_circuit_operator.py for tasks to queue
[2024-02-01T23:06:02.529+0100] {logging_mixin.py:188} INFO - [2024-02-01T23:06:02.529+0100] {dagbag.py:538} INFO - Filling up the DagBag from /home/ubuntu/.local/lib/python3.10/site-packages/airflow/example_dags/example_short_circuit_operator.py
[2024-02-01T23:06:02.545+0100] {processor.py:840} INFO - DAG(s) 'example_short_circuit_operator' retrieved from /home/ubuntu/.local/lib/python3.10/site-packages/airflow/example_dags/example_short_circuit_operator.py
[2024-02-01T23:06:02.585+0100] {logging_mixin.py:188} INFO - [2024-02-01T23:06:02.585+0100] {dag.py:3033} INFO - Sync 1 DAGs
[2024-02-01T23:06:02.833+0100] {logging_mixin.py:188} INFO - [2024-02-01T23:06:02.833+0100] {dag.py:3820} INFO - Setting next_dagrun for example_short_circuit_operator to 2024-01-31T00:00:00+00:00, run_after=2024-02-01T00:00:00+00:00
[2024-02-01T23:06:02.873+0100] {processor.py:183} INFO - Processing /home/ubuntu/.local/lib/python3.10/site-packages/airflow/example_dags/example_short_circuit_operator.py took 0.364 seconds
[2024-02-01T23:07:16.895+0100] {processor.py:161} INFO - Started process (PID=15745) to work on /home/ubuntu/.local/lib/python3.10/site-packages/airflow/example_dags/example_short_circuit_operator.py
[2024-02-01T23:07:16.899+0100] {processor.py:830} INFO - Processing file /home/ubuntu/.local/lib/python3.10/site-packages/airflow/example_dags/example_short_circuit_operator.py for tasks to queue
[2024-02-01T23:07:16.903+0100] {logging_mixin.py:188} INFO - [2024-02-01T23:07:16.902+0100] {dagbag.py:538} INFO - Filling up the DagBag from /home/ubuntu/.local/lib/python3.10/site-packages/airflow/example_dags/example_short_circuit_operator.py
[2024-02-01T23:07:16.911+0100] {processor.py:840} INFO - DAG(s) 'example_short_circuit_operator' retrieved from /home/ubuntu/.local/lib/python3.10/site-packages/airflow/example_dags/example_short_circuit_operator.py
[2024-02-01T23:07:16.933+0100] {logging_mixin.py:188} INFO - [2024-02-01T23:07:16.933+0100] {dag.py:3033} INFO - Sync 1 DAGs
[2024-02-01T23:07:16.982+0100] {logging_mixin.py:188} INFO - [2024-02-01T23:07:16.982+0100] {dag.py:3820} INFO - Setting next_dagrun for example_short_circuit_operator to 2024-01-31T00:00:00+00:00, run_after=2024-02-01T00:00:00+00:00
[2024-02-01T23:07:17.103+0100] {processor.py:183} INFO - Processing /home/ubuntu/.local/lib/python3.10/site-packages/airflow/example_dags/example_short_circuit_operator.py took 0.212 seconds
[2024-02-01T23:08:48.801+0100] {processor.py:161} INFO - Started process (PID=15842) to work on /home/ubuntu/.local/lib/python3.10/site-packages/airflow/example_dags/example_short_circuit_operator.py
[2024-02-01T23:08:48.812+0100] {processor.py:830} INFO - Processing file /home/ubuntu/.local/lib/python3.10/site-packages/airflow/example_dags/example_short_circuit_operator.py for tasks to queue
[2024-02-01T23:08:48.814+0100] {logging_mixin.py:188} INFO - [2024-02-01T23:08:48.813+0100] {dagbag.py:538} INFO - Filling up the DagBag from /home/ubuntu/.local/lib/python3.10/site-packages/airflow/example_dags/example_short_circuit_operator.py
[2024-02-01T23:08:48.848+0100] {processor.py:840} INFO - DAG(s) 'example_short_circuit_operator' retrieved from /home/ubuntu/.local/lib/python3.10/site-packages/airflow/example_dags/example_short_circuit_operator.py
[2024-02-01T23:08:48.888+0100] {logging_mixin.py:188} INFO - [2024-02-01T23:08:48.887+0100] {dag.py:3033} INFO - Sync 1 DAGs
[2024-02-01T23:08:48.948+0100] {logging_mixin.py:188} INFO - [2024-02-01T23:08:48.946+0100] {dag.py:3820} INFO - Setting next_dagrun for example_short_circuit_operator to 2024-01-31T00:00:00+00:00, run_after=2024-02-01T00:00:00+00:00
[2024-02-01T23:08:48.998+0100] {processor.py:183} INFO - Processing /home/ubuntu/.local/lib/python3.10/site-packages/airflow/example_dags/example_short_circuit_operator.py took 0.202 seconds
[2024-02-01T23:09:58.156+0100] {processor.py:161} INFO - Started process (PID=15947) to work on /home/ubuntu/.local/lib/python3.10/site-packages/airflow/example_dags/example_short_circuit_operator.py
[2024-02-01T23:09:58.160+0100] {processor.py:830} INFO - Processing file /home/ubuntu/.local/lib/python3.10/site-packages/airflow/example_dags/example_short_circuit_operator.py for tasks to queue
[2024-02-01T23:09:58.160+0100] {logging_mixin.py:188} INFO - [2024-02-01T23:09:58.160+0100] {dagbag.py:538} INFO - Filling up the DagBag from /home/ubuntu/.local/lib/python3.10/site-packages/airflow/example_dags/example_short_circuit_operator.py
[2024-02-01T23:09:58.176+0100] {processor.py:840} INFO - DAG(s) 'example_short_circuit_operator' retrieved from /home/ubuntu/.local/lib/python3.10/site-packages/airflow/example_dags/example_short_circuit_operator.py
[2024-02-01T23:09:58.215+0100] {logging_mixin.py:188} INFO - [2024-02-01T23:09:58.215+0100] {dag.py:3033} INFO - Sync 1 DAGs
[2024-02-01T23:09:58.234+0100] {logging_mixin.py:188} INFO - [2024-02-01T23:09:58.234+0100] {dag.py:3820} INFO - Setting next_dagrun for example_short_circuit_operator to 2024-01-31T00:00:00+00:00, run_after=2024-02-01T00:00:00+00:00
[2024-02-01T23:09:58.278+0100] {processor.py:183} INFO - Processing /home/ubuntu/.local/lib/python3.10/site-packages/airflow/example_dags/example_short_circuit_operator.py took 0.126 seconds
[2024-02-01T23:10:52.881+0100] {processor.py:161} INFO - Started process (PID=16034) to work on /home/ubuntu/.local/lib/python3.10/site-packages/airflow/example_dags/example_short_circuit_operator.py
[2024-02-01T23:10:52.885+0100] {processor.py:830} INFO - Processing file /home/ubuntu/.local/lib/python3.10/site-packages/airflow/example_dags/example_short_circuit_operator.py for tasks to queue
[2024-02-01T23:10:52.887+0100] {logging_mixin.py:188} INFO - [2024-02-01T23:10:52.886+0100] {dagbag.py:538} INFO - Filling up the DagBag from /home/ubuntu/.local/lib/python3.10/site-packages/airflow/example_dags/example_short_circuit_operator.py
[2024-02-01T23:10:52.901+0100] {processor.py:840} INFO - DAG(s) 'example_short_circuit_operator' retrieved from /home/ubuntu/.local/lib/python3.10/site-packages/airflow/example_dags/example_short_circuit_operator.py
[2024-02-01T23:10:52.966+0100] {logging_mixin.py:188} INFO - [2024-02-01T23:10:52.962+0100] {dag.py:3033} INFO - Sync 1 DAGs
[2024-02-01T23:10:53.014+0100] {logging_mixin.py:188} INFO - [2024-02-01T23:10:53.014+0100] {dag.py:3820} INFO - Setting next_dagrun for example_short_circuit_operator to 2024-01-31T00:00:00+00:00, run_after=2024-02-01T00:00:00+00:00
[2024-02-01T23:10:53.062+0100] {processor.py:183} INFO - Processing /home/ubuntu/.local/lib/python3.10/site-packages/airflow/example_dags/example_short_circuit_operator.py took 0.192 seconds
[2024-02-01T23:11:52.622+0100] {processor.py:161} INFO - Started process (PID=16129) to work on /home/ubuntu/.local/lib/python3.10/site-packages/airflow/example_dags/example_short_circuit_operator.py
[2024-02-01T23:11:52.627+0100] {processor.py:830} INFO - Processing file /home/ubuntu/.local/lib/python3.10/site-packages/airflow/example_dags/example_short_circuit_operator.py for tasks to queue
[2024-02-01T23:11:52.629+0100] {logging_mixin.py:188} INFO - [2024-02-01T23:11:52.629+0100] {dagbag.py:538} INFO - Filling up the DagBag from /home/ubuntu/.local/lib/python3.10/site-packages/airflow/example_dags/example_short_circuit_operator.py
[2024-02-01T23:11:52.639+0100] {processor.py:840} INFO - DAG(s) 'example_short_circuit_operator' retrieved from /home/ubuntu/.local/lib/python3.10/site-packages/airflow/example_dags/example_short_circuit_operator.py
[2024-02-01T23:11:52.669+0100] {logging_mixin.py:188} INFO - [2024-02-01T23:11:52.669+0100] {dag.py:3033} INFO - Sync 1 DAGs
[2024-02-01T23:11:52.696+0100] {logging_mixin.py:188} INFO - [2024-02-01T23:11:52.696+0100] {dag.py:3820} INFO - Setting next_dagrun for example_short_circuit_operator to 2024-01-31T00:00:00+00:00, run_after=2024-02-01T00:00:00+00:00
[2024-02-01T23:11:52.728+0100] {processor.py:183} INFO - Processing /home/ubuntu/.local/lib/python3.10/site-packages/airflow/example_dags/example_short_circuit_operator.py took 0.111 seconds
[2024-02-01T23:12:49.149+0100] {processor.py:161} INFO - Started process (PID=16223) to work on /home/ubuntu/.local/lib/python3.10/site-packages/airflow/example_dags/example_short_circuit_operator.py
[2024-02-01T23:12:49.156+0100] {processor.py:830} INFO - Processing file /home/ubuntu/.local/lib/python3.10/site-packages/airflow/example_dags/example_short_circuit_operator.py for tasks to queue
[2024-02-01T23:12:49.157+0100] {logging_mixin.py:188} INFO - [2024-02-01T23:12:49.157+0100] {dagbag.py:538} INFO - Filling up the DagBag from /home/ubuntu/.local/lib/python3.10/site-packages/airflow/example_dags/example_short_circuit_operator.py
[2024-02-01T23:12:49.169+0100] {processor.py:840} INFO - DAG(s) 'example_short_circuit_operator' retrieved from /home/ubuntu/.local/lib/python3.10/site-packages/airflow/example_dags/example_short_circuit_operator.py
[2024-02-01T23:12:49.204+0100] {logging_mixin.py:188} INFO - [2024-02-01T23:12:49.204+0100] {dag.py:3033} INFO - Sync 1 DAGs
[2024-02-01T23:12:49.227+0100] {logging_mixin.py:188} INFO - [2024-02-01T23:12:49.227+0100] {dag.py:3820} INFO - Setting next_dagrun for example_short_circuit_operator to 2024-01-31T00:00:00+00:00, run_after=2024-02-01T00:00:00+00:00
[2024-02-01T23:12:49.300+0100] {processor.py:183} INFO - Processing /home/ubuntu/.local/lib/python3.10/site-packages/airflow/example_dags/example_short_circuit_operator.py took 0.157 seconds
[2024-02-01T23:13:46.647+0100] {processor.py:161} INFO - Started process (PID=16326) to work on /home/ubuntu/.local/lib/python3.10/site-packages/airflow/example_dags/example_short_circuit_operator.py
[2024-02-01T23:13:46.652+0100] {processor.py:830} INFO - Processing file /home/ubuntu/.local/lib/python3.10/site-packages/airflow/example_dags/example_short_circuit_operator.py for tasks to queue
[2024-02-01T23:13:46.654+0100] {logging_mixin.py:188} INFO - [2024-02-01T23:13:46.654+0100] {dagbag.py:538} INFO - Filling up the DagBag from /home/ubuntu/.local/lib/python3.10/site-packages/airflow/example_dags/example_short_circuit_operator.py
[2024-02-01T23:13:46.667+0100] {processor.py:840} INFO - DAG(s) 'example_short_circuit_operator' retrieved from /home/ubuntu/.local/lib/python3.10/site-packages/airflow/example_dags/example_short_circuit_operator.py
[2024-02-01T23:13:46.702+0100] {logging_mixin.py:188} INFO - [2024-02-01T23:13:46.701+0100] {dag.py:3033} INFO - Sync 1 DAGs
[2024-02-01T23:13:46.722+0100] {logging_mixin.py:188} INFO - [2024-02-01T23:13:46.722+0100] {dag.py:3820} INFO - Setting next_dagrun for example_short_circuit_operator to 2024-01-31T00:00:00+00:00, run_after=2024-02-01T00:00:00+00:00
[2024-02-01T23:13:46.774+0100] {processor.py:183} INFO - Processing /home/ubuntu/.local/lib/python3.10/site-packages/airflow/example_dags/example_short_circuit_operator.py took 0.132 seconds
