[2024-02-01T22:49:38.128+0100] {processor.py:161} INFO - Started process (PID=14599) to work on /home/ubuntu/.local/lib/python3.10/site-packages/airflow/example_dags/example_branch_operator.py
[2024-02-01T22:49:38.128+0100] {processor.py:830} INFO - Processing file /home/ubuntu/.local/lib/python3.10/site-packages/airflow/example_dags/example_branch_operator.py for tasks to queue
[2024-02-01T22:49:38.128+0100] {logging_mixin.py:188} INFO - [2024-02-01T22:49:38.128+0100] {dagbag.py:538} INFO - Filling up the DagBag from /home/ubuntu/.local/lib/python3.10/site-packages/airflow/example_dags/example_branch_operator.py
[2024-02-01T22:49:38.168+0100] {processor.py:840} INFO - DAG(s) 'example_branch_operator' retrieved from /home/ubuntu/.local/lib/python3.10/site-packages/airflow/example_dags/example_branch_operator.py
[2024-02-01T22:49:38.696+0100] {logging_mixin.py:188} INFO - [2024-02-01T22:49:38.688+0100] {dag.py:3033} INFO - Sync 1 DAGs
[2024-02-01T22:49:38.768+0100] {logging_mixin.py:188} INFO - [2024-02-01T22:49:38.768+0100] {dag.py:3820} INFO - Setting next_dagrun for example_branch_operator to 2024-01-31T00:00:00+00:00, run_after=2024-02-01T00:00:00+00:00
[2024-02-01T22:49:38.932+0100] {processor.py:183} INFO - Processing /home/ubuntu/.local/lib/python3.10/site-packages/airflow/example_dags/example_branch_operator.py took 0.832 seconds
[2024-02-01T22:51:06.174+0100] {processor.py:161} INFO - Started process (PID=14705) to work on /home/ubuntu/.local/lib/python3.10/site-packages/airflow/example_dags/example_branch_operator.py
[2024-02-01T22:51:06.178+0100] {processor.py:830} INFO - Processing file /home/ubuntu/.local/lib/python3.10/site-packages/airflow/example_dags/example_branch_operator.py for tasks to queue
[2024-02-01T22:51:06.180+0100] {logging_mixin.py:188} INFO - [2024-02-01T22:51:06.179+0100] {dagbag.py:538} INFO - Filling up the DagBag from /home/ubuntu/.local/lib/python3.10/site-packages/airflow/example_dags/example_branch_operator.py
[2024-02-01T22:51:06.215+0100] {processor.py:840} INFO - DAG(s) 'example_branch_operator' retrieved from /home/ubuntu/.local/lib/python3.10/site-packages/airflow/example_dags/example_branch_operator.py
[2024-02-01T22:51:06.257+0100] {logging_mixin.py:188} INFO - [2024-02-01T22:51:06.257+0100] {dag.py:3033} INFO - Sync 1 DAGs
[2024-02-01T22:51:06.297+0100] {logging_mixin.py:188} INFO - [2024-02-01T22:51:06.297+0100] {dag.py:3820} INFO - Setting next_dagrun for example_branch_operator to 2024-01-31T00:00:00+00:00, run_after=2024-02-01T00:00:00+00:00
[2024-02-01T22:51:06.354+0100] {processor.py:183} INFO - Processing /home/ubuntu/.local/lib/python3.10/site-packages/airflow/example_dags/example_branch_operator.py took 0.188 seconds
[2024-02-01T22:52:39.287+0100] {processor.py:161} INFO - Started process (PID=14825) to work on /home/ubuntu/.local/lib/python3.10/site-packages/airflow/example_dags/example_branch_operator.py
[2024-02-01T22:52:39.287+0100] {processor.py:830} INFO - Processing file /home/ubuntu/.local/lib/python3.10/site-packages/airflow/example_dags/example_branch_operator.py for tasks to queue
[2024-02-01T22:52:39.299+0100] {logging_mixin.py:188} INFO - [2024-02-01T22:52:39.299+0100] {dagbag.py:538} INFO - Filling up the DagBag from /home/ubuntu/.local/lib/python3.10/site-packages/airflow/example_dags/example_branch_operator.py
[2024-02-01T22:52:39.367+0100] {processor.py:840} INFO - DAG(s) 'example_branch_operator' retrieved from /home/ubuntu/.local/lib/python3.10/site-packages/airflow/example_dags/example_branch_operator.py
[2024-02-01T22:52:39.427+0100] {logging_mixin.py:188} INFO - [2024-02-01T22:52:39.427+0100] {dag.py:3033} INFO - Sync 1 DAGs
[2024-02-01T22:52:39.491+0100] {logging_mixin.py:188} INFO - [2024-02-01T22:52:39.491+0100] {dag.py:3820} INFO - Setting next_dagrun for example_branch_operator to 2024-01-31T00:00:00+00:00, run_after=2024-02-01T00:00:00+00:00
[2024-02-01T22:52:39.547+0100] {processor.py:183} INFO - Processing /home/ubuntu/.local/lib/python3.10/site-packages/airflow/example_dags/example_branch_operator.py took 0.300 seconds
[2024-02-01T22:55:21.783+0100] {processor.py:161} INFO - Started process (PID=14967) to work on /home/ubuntu/.local/lib/python3.10/site-packages/airflow/example_dags/example_branch_operator.py
[2024-02-01T22:55:21.827+0100] {processor.py:830} INFO - Processing file /home/ubuntu/.local/lib/python3.10/site-packages/airflow/example_dags/example_branch_operator.py for tasks to queue
[2024-02-01T22:55:21.829+0100] {logging_mixin.py:188} INFO - [2024-02-01T22:55:21.828+0100] {dagbag.py:538} INFO - Filling up the DagBag from /home/ubuntu/.local/lib/python3.10/site-packages/airflow/example_dags/example_branch_operator.py
[2024-02-01T22:55:21.886+0100] {processor.py:840} INFO - DAG(s) 'example_branch_operator' retrieved from /home/ubuntu/.local/lib/python3.10/site-packages/airflow/example_dags/example_branch_operator.py
[2024-02-01T22:55:21.972+0100] {logging_mixin.py:188} INFO - [2024-02-01T22:55:21.971+0100] {dag.py:3033} INFO - Sync 1 DAGs
[2024-02-01T22:55:22.055+0100] {logging_mixin.py:188} INFO - [2024-02-01T22:55:22.055+0100] {dag.py:3820} INFO - Setting next_dagrun for example_branch_operator to 2024-01-31T00:00:00+00:00, run_after=2024-02-01T00:00:00+00:00
[2024-02-01T22:55:22.161+0100] {processor.py:183} INFO - Processing /home/ubuntu/.local/lib/python3.10/site-packages/airflow/example_dags/example_branch_operator.py took 0.454 seconds
[2024-02-01T22:56:42.915+0100] {processor.py:161} INFO - Started process (PID=15028) to work on /home/ubuntu/.local/lib/python3.10/site-packages/airflow/example_dags/example_branch_operator.py
[2024-02-01T22:56:42.918+0100] {processor.py:830} INFO - Processing file /home/ubuntu/.local/lib/python3.10/site-packages/airflow/example_dags/example_branch_operator.py for tasks to queue
[2024-02-01T22:56:42.922+0100] {logging_mixin.py:188} INFO - [2024-02-01T22:56:42.921+0100] {dagbag.py:538} INFO - Filling up the DagBag from /home/ubuntu/.local/lib/python3.10/site-packages/airflow/example_dags/example_branch_operator.py
[2024-02-01T22:56:43.027+0100] {processor.py:840} INFO - DAG(s) 'example_branch_operator' retrieved from /home/ubuntu/.local/lib/python3.10/site-packages/airflow/example_dags/example_branch_operator.py
[2024-02-01T22:56:43.093+0100] {logging_mixin.py:188} INFO - [2024-02-01T22:56:43.093+0100] {dag.py:3033} INFO - Sync 1 DAGs
[2024-02-01T22:56:43.165+0100] {logging_mixin.py:188} INFO - [2024-02-01T22:56:43.165+0100] {dag.py:3820} INFO - Setting next_dagrun for example_branch_operator to 2024-01-31T00:00:00+00:00, run_after=2024-02-01T00:00:00+00:00
[2024-02-01T22:56:43.226+0100] {processor.py:183} INFO - Processing /home/ubuntu/.local/lib/python3.10/site-packages/airflow/example_dags/example_branch_operator.py took 0.338 seconds
[2024-02-01T22:58:18.866+0100] {processor.py:161} INFO - Started process (PID=15106) to work on /home/ubuntu/.local/lib/python3.10/site-packages/airflow/example_dags/example_branch_operator.py
[2024-02-01T22:58:18.871+0100] {processor.py:830} INFO - Processing file /home/ubuntu/.local/lib/python3.10/site-packages/airflow/example_dags/example_branch_operator.py for tasks to queue
[2024-02-01T22:58:18.874+0100] {logging_mixin.py:188} INFO - [2024-02-01T22:58:18.873+0100] {dagbag.py:538} INFO - Filling up the DagBag from /home/ubuntu/.local/lib/python3.10/site-packages/airflow/example_dags/example_branch_operator.py
[2024-02-01T22:58:19.002+0100] {processor.py:840} INFO - DAG(s) 'example_branch_operator' retrieved from /home/ubuntu/.local/lib/python3.10/site-packages/airflow/example_dags/example_branch_operator.py
[2024-02-01T22:58:19.060+0100] {logging_mixin.py:188} INFO - [2024-02-01T22:58:19.060+0100] {dag.py:3033} INFO - Sync 1 DAGs
[2024-02-01T22:58:19.089+0100] {logging_mixin.py:188} INFO - [2024-02-01T22:58:19.089+0100] {dag.py:3820} INFO - Setting next_dagrun for example_branch_operator to 2024-01-31T00:00:00+00:00, run_after=2024-02-01T00:00:00+00:00
[2024-02-01T22:58:19.219+0100] {processor.py:183} INFO - Processing /home/ubuntu/.local/lib/python3.10/site-packages/airflow/example_dags/example_branch_operator.py took 0.369 seconds
[2024-02-01T23:00:01.006+0100] {processor.py:161} INFO - Started process (PID=15282) to work on /home/ubuntu/.local/lib/python3.10/site-packages/airflow/example_dags/example_branch_operator.py
[2024-02-01T23:00:01.010+0100] {processor.py:830} INFO - Processing file /home/ubuntu/.local/lib/python3.10/site-packages/airflow/example_dags/example_branch_operator.py for tasks to queue
[2024-02-01T23:00:01.012+0100] {logging_mixin.py:188} INFO - [2024-02-01T23:00:01.011+0100] {dagbag.py:538} INFO - Filling up the DagBag from /home/ubuntu/.local/lib/python3.10/site-packages/airflow/example_dags/example_branch_operator.py
[2024-02-01T23:00:01.102+0100] {processor.py:840} INFO - DAG(s) 'example_branch_operator' retrieved from /home/ubuntu/.local/lib/python3.10/site-packages/airflow/example_dags/example_branch_operator.py
[2024-02-01T23:00:01.198+0100] {logging_mixin.py:188} INFO - [2024-02-01T23:00:01.198+0100] {dag.py:3033} INFO - Sync 1 DAGs
[2024-02-01T23:00:01.242+0100] {logging_mixin.py:188} INFO - [2024-02-01T23:00:01.242+0100] {dag.py:3820} INFO - Setting next_dagrun for example_branch_operator to 2024-01-31T00:00:00+00:00, run_after=2024-02-01T00:00:00+00:00
[2024-02-01T23:00:01.318+0100] {processor.py:183} INFO - Processing /home/ubuntu/.local/lib/python3.10/site-packages/airflow/example_dags/example_branch_operator.py took 0.331 seconds
[2024-02-01T23:01:06.482+0100] {processor.py:161} INFO - Started process (PID=15383) to work on /home/ubuntu/.local/lib/python3.10/site-packages/airflow/example_dags/example_branch_operator.py
[2024-02-01T23:01:06.485+0100] {processor.py:830} INFO - Processing file /home/ubuntu/.local/lib/python3.10/site-packages/airflow/example_dags/example_branch_operator.py for tasks to queue
[2024-02-01T23:01:06.487+0100] {logging_mixin.py:188} INFO - [2024-02-01T23:01:06.487+0100] {dagbag.py:538} INFO - Filling up the DagBag from /home/ubuntu/.local/lib/python3.10/site-packages/airflow/example_dags/example_branch_operator.py
[2024-02-01T23:01:06.513+0100] {processor.py:840} INFO - DAG(s) 'example_branch_operator' retrieved from /home/ubuntu/.local/lib/python3.10/site-packages/airflow/example_dags/example_branch_operator.py
[2024-02-01T23:01:06.546+0100] {logging_mixin.py:188} INFO - [2024-02-01T23:01:06.546+0100] {dag.py:3033} INFO - Sync 1 DAGs
[2024-02-01T23:01:06.574+0100] {logging_mixin.py:188} INFO - [2024-02-01T23:01:06.574+0100] {dag.py:3820} INFO - Setting next_dagrun for example_branch_operator to 2024-01-31T00:00:00+00:00, run_after=2024-02-01T00:00:00+00:00
[2024-02-01T23:01:06.672+0100] {processor.py:183} INFO - Processing /home/ubuntu/.local/lib/python3.10/site-packages/airflow/example_dags/example_branch_operator.py took 0.195 seconds
[2024-02-01T23:02:19.088+0100] {processor.py:161} INFO - Started process (PID=15484) to work on /home/ubuntu/.local/lib/python3.10/site-packages/airflow/example_dags/example_branch_operator.py
[2024-02-01T23:02:19.094+0100] {processor.py:830} INFO - Processing file /home/ubuntu/.local/lib/python3.10/site-packages/airflow/example_dags/example_branch_operator.py for tasks to queue
[2024-02-01T23:02:19.097+0100] {logging_mixin.py:188} INFO - [2024-02-01T23:02:19.096+0100] {dagbag.py:538} INFO - Filling up the DagBag from /home/ubuntu/.local/lib/python3.10/site-packages/airflow/example_dags/example_branch_operator.py
[2024-02-01T23:02:19.132+0100] {processor.py:840} INFO - DAG(s) 'example_branch_operator' retrieved from /home/ubuntu/.local/lib/python3.10/site-packages/airflow/example_dags/example_branch_operator.py
[2024-02-01T23:02:19.201+0100] {logging_mixin.py:188} INFO - [2024-02-01T23:02:19.201+0100] {dag.py:3033} INFO - Sync 1 DAGs
[2024-02-01T23:02:19.273+0100] {logging_mixin.py:188} INFO - [2024-02-01T23:02:19.272+0100] {dag.py:3820} INFO - Setting next_dagrun for example_branch_operator to 2024-01-31T00:00:00+00:00, run_after=2024-02-01T00:00:00+00:00
[2024-02-01T23:02:19.352+0100] {processor.py:183} INFO - Processing /home/ubuntu/.local/lib/python3.10/site-packages/airflow/example_dags/example_branch_operator.py took 0.302 seconds
[2024-02-01T23:03:26.087+0100] {processor.py:161} INFO - Started process (PID=15548) to work on /home/ubuntu/.local/lib/python3.10/site-packages/airflow/example_dags/example_branch_operator.py
[2024-02-01T23:03:26.091+0100] {processor.py:830} INFO - Processing file /home/ubuntu/.local/lib/python3.10/site-packages/airflow/example_dags/example_branch_operator.py for tasks to queue
[2024-02-01T23:03:26.093+0100] {logging_mixin.py:188} INFO - [2024-02-01T23:03:26.093+0100] {dagbag.py:538} INFO - Filling up the DagBag from /home/ubuntu/.local/lib/python3.10/site-packages/airflow/example_dags/example_branch_operator.py
[2024-02-01T23:03:26.166+0100] {processor.py:840} INFO - DAG(s) 'example_branch_operator' retrieved from /home/ubuntu/.local/lib/python3.10/site-packages/airflow/example_dags/example_branch_operator.py
[2024-02-01T23:03:26.230+0100] {logging_mixin.py:188} INFO - [2024-02-01T23:03:26.230+0100] {dag.py:3033} INFO - Sync 1 DAGs
[2024-02-01T23:03:26.300+0100] {logging_mixin.py:188} INFO - [2024-02-01T23:03:26.300+0100] {dag.py:3820} INFO - Setting next_dagrun for example_branch_operator to 2024-01-31T00:00:00+00:00, run_after=2024-02-01T00:00:00+00:00
[2024-02-01T23:03:26.675+0100] {processor.py:183} INFO - Processing /home/ubuntu/.local/lib/python3.10/site-packages/airflow/example_dags/example_branch_operator.py took 0.592 seconds
[2024-02-01T23:04:49.468+0100] {processor.py:161} INFO - Started process (PID=15613) to work on /home/ubuntu/.local/lib/python3.10/site-packages/airflow/example_dags/example_branch_operator.py
[2024-02-01T23:04:49.484+0100] {processor.py:830} INFO - Processing file /home/ubuntu/.local/lib/python3.10/site-packages/airflow/example_dags/example_branch_operator.py for tasks to queue
[2024-02-01T23:04:49.485+0100] {logging_mixin.py:188} INFO - [2024-02-01T23:04:49.485+0100] {dagbag.py:538} INFO - Filling up the DagBag from /home/ubuntu/.local/lib/python3.10/site-packages/airflow/example_dags/example_branch_operator.py
[2024-02-01T23:04:49.526+0100] {processor.py:840} INFO - DAG(s) 'example_branch_operator' retrieved from /home/ubuntu/.local/lib/python3.10/site-packages/airflow/example_dags/example_branch_operator.py
[2024-02-01T23:04:49.581+0100] {logging_mixin.py:188} INFO - [2024-02-01T23:04:49.581+0100] {dag.py:3033} INFO - Sync 1 DAGs
[2024-02-01T23:04:49.620+0100] {logging_mixin.py:188} INFO - [2024-02-01T23:04:49.619+0100] {dag.py:3820} INFO - Setting next_dagrun for example_branch_operator to 2024-01-31T00:00:00+00:00, run_after=2024-02-01T00:00:00+00:00
[2024-02-01T23:04:49.669+0100] {processor.py:183} INFO - Processing /home/ubuntu/.local/lib/python3.10/site-packages/airflow/example_dags/example_branch_operator.py took 0.240 seconds
[2024-02-01T23:06:04.089+0100] {processor.py:161} INFO - Started process (PID=15676) to work on /home/ubuntu/.local/lib/python3.10/site-packages/airflow/example_dags/example_branch_operator.py
[2024-02-01T23:06:04.105+0100] {processor.py:830} INFO - Processing file /home/ubuntu/.local/lib/python3.10/site-packages/airflow/example_dags/example_branch_operator.py for tasks to queue
[2024-02-01T23:06:04.105+0100] {logging_mixin.py:188} INFO - [2024-02-01T23:06:04.105+0100] {dagbag.py:538} INFO - Filling up the DagBag from /home/ubuntu/.local/lib/python3.10/site-packages/airflow/example_dags/example_branch_operator.py
[2024-02-01T23:06:04.156+0100] {processor.py:840} INFO - DAG(s) 'example_branch_operator' retrieved from /home/ubuntu/.local/lib/python3.10/site-packages/airflow/example_dags/example_branch_operator.py
[2024-02-01T23:06:04.538+0100] {logging_mixin.py:188} INFO - [2024-02-01T23:06:04.536+0100] {dag.py:3033} INFO - Sync 1 DAGs
[2024-02-01T23:06:04.574+0100] {logging_mixin.py:188} INFO - [2024-02-01T23:06:04.573+0100] {dag.py:3820} INFO - Setting next_dagrun for example_branch_operator to 2024-01-31T00:00:00+00:00, run_after=2024-02-01T00:00:00+00:00
[2024-02-01T23:06:04.668+0100] {processor.py:183} INFO - Processing /home/ubuntu/.local/lib/python3.10/site-packages/airflow/example_dags/example_branch_operator.py took 0.591 seconds
[2024-02-01T23:07:18.245+0100] {processor.py:161} INFO - Started process (PID=15747) to work on /home/ubuntu/.local/lib/python3.10/site-packages/airflow/example_dags/example_branch_operator.py
[2024-02-01T23:07:18.245+0100] {processor.py:830} INFO - Processing file /home/ubuntu/.local/lib/python3.10/site-packages/airflow/example_dags/example_branch_operator.py for tasks to queue
[2024-02-01T23:07:18.245+0100] {logging_mixin.py:188} INFO - [2024-02-01T23:07:18.245+0100] {dagbag.py:538} INFO - Filling up the DagBag from /home/ubuntu/.local/lib/python3.10/site-packages/airflow/example_dags/example_branch_operator.py
[2024-02-01T23:07:18.309+0100] {processor.py:840} INFO - DAG(s) 'example_branch_operator' retrieved from /home/ubuntu/.local/lib/python3.10/site-packages/airflow/example_dags/example_branch_operator.py
[2024-02-01T23:07:18.385+0100] {logging_mixin.py:188} INFO - [2024-02-01T23:07:18.385+0100] {dag.py:3033} INFO - Sync 1 DAGs
[2024-02-01T23:07:18.445+0100] {logging_mixin.py:188} INFO - [2024-02-01T23:07:18.445+0100] {dag.py:3820} INFO - Setting next_dagrun for example_branch_operator to 2024-01-31T00:00:00+00:00, run_after=2024-02-01T00:00:00+00:00
[2024-02-01T23:07:18.805+0100] {processor.py:183} INFO - Processing /home/ubuntu/.local/lib/python3.10/site-packages/airflow/example_dags/example_branch_operator.py took 0.584 seconds
[2024-02-01T23:08:49.227+0100] {processor.py:161} INFO - Started process (PID=15843) to work on /home/ubuntu/.local/lib/python3.10/site-packages/airflow/example_dags/example_branch_operator.py
[2024-02-01T23:08:49.233+0100] {processor.py:830} INFO - Processing file /home/ubuntu/.local/lib/python3.10/site-packages/airflow/example_dags/example_branch_operator.py for tasks to queue
[2024-02-01T23:08:49.236+0100] {logging_mixin.py:188} INFO - [2024-02-01T23:08:49.235+0100] {dagbag.py:538} INFO - Filling up the DagBag from /home/ubuntu/.local/lib/python3.10/site-packages/airflow/example_dags/example_branch_operator.py
[2024-02-01T23:08:49.305+0100] {processor.py:840} INFO - DAG(s) 'example_branch_operator' retrieved from /home/ubuntu/.local/lib/python3.10/site-packages/airflow/example_dags/example_branch_operator.py
[2024-02-01T23:08:49.420+0100] {logging_mixin.py:188} INFO - [2024-02-01T23:08:49.420+0100] {dag.py:3033} INFO - Sync 1 DAGs
[2024-02-01T23:08:49.494+0100] {logging_mixin.py:188} INFO - [2024-02-01T23:08:49.493+0100] {dag.py:3820} INFO - Setting next_dagrun for example_branch_operator to 2024-01-31T00:00:00+00:00, run_after=2024-02-01T00:00:00+00:00
[2024-02-01T23:08:49.550+0100] {processor.py:183} INFO - Processing /home/ubuntu/.local/lib/python3.10/site-packages/airflow/example_dags/example_branch_operator.py took 0.329 seconds
[2024-02-01T23:09:59.423+0100] {processor.py:161} INFO - Started process (PID=15948) to work on /home/ubuntu/.local/lib/python3.10/site-packages/airflow/example_dags/example_branch_operator.py
[2024-02-01T23:09:59.426+0100] {processor.py:830} INFO - Processing file /home/ubuntu/.local/lib/python3.10/site-packages/airflow/example_dags/example_branch_operator.py for tasks to queue
[2024-02-01T23:09:59.430+0100] {logging_mixin.py:188} INFO - [2024-02-01T23:09:59.429+0100] {dagbag.py:538} INFO - Filling up the DagBag from /home/ubuntu/.local/lib/python3.10/site-packages/airflow/example_dags/example_branch_operator.py
[2024-02-01T23:09:59.451+0100] {processor.py:840} INFO - DAG(s) 'example_branch_operator' retrieved from /home/ubuntu/.local/lib/python3.10/site-packages/airflow/example_dags/example_branch_operator.py
[2024-02-01T23:09:59.477+0100] {logging_mixin.py:188} INFO - [2024-02-01T23:09:59.477+0100] {dag.py:3033} INFO - Sync 1 DAGs
[2024-02-01T23:09:59.497+0100] {logging_mixin.py:188} INFO - [2024-02-01T23:09:59.497+0100] {dag.py:3820} INFO - Setting next_dagrun for example_branch_operator to 2024-01-31T00:00:00+00:00, run_after=2024-02-01T00:00:00+00:00
[2024-02-01T23:09:59.549+0100] {processor.py:183} INFO - Processing /home/ubuntu/.local/lib/python3.10/site-packages/airflow/example_dags/example_branch_operator.py took 0.130 seconds
[2024-02-01T23:10:54.214+0100] {processor.py:161} INFO - Started process (PID=16035) to work on /home/ubuntu/.local/lib/python3.10/site-packages/airflow/example_dags/example_branch_operator.py
[2024-02-01T23:10:54.217+0100] {processor.py:830} INFO - Processing file /home/ubuntu/.local/lib/python3.10/site-packages/airflow/example_dags/example_branch_operator.py for tasks to queue
[2024-02-01T23:10:54.219+0100] {logging_mixin.py:188} INFO - [2024-02-01T23:10:54.218+0100] {dagbag.py:538} INFO - Filling up the DagBag from /home/ubuntu/.local/lib/python3.10/site-packages/airflow/example_dags/example_branch_operator.py
[2024-02-01T23:10:54.241+0100] {processor.py:840} INFO - DAG(s) 'example_branch_operator' retrieved from /home/ubuntu/.local/lib/python3.10/site-packages/airflow/example_dags/example_branch_operator.py
[2024-02-01T23:10:54.266+0100] {logging_mixin.py:188} INFO - [2024-02-01T23:10:54.265+0100] {dag.py:3033} INFO - Sync 1 DAGs
[2024-02-01T23:10:54.287+0100] {logging_mixin.py:188} INFO - [2024-02-01T23:10:54.286+0100] {dag.py:3820} INFO - Setting next_dagrun for example_branch_operator to 2024-01-31T00:00:00+00:00, run_after=2024-02-01T00:00:00+00:00
[2024-02-01T23:10:54.336+0100] {processor.py:183} INFO - Processing /home/ubuntu/.local/lib/python3.10/site-packages/airflow/example_dags/example_branch_operator.py took 0.126 seconds
[2024-02-01T23:11:53.904+0100] {processor.py:161} INFO - Started process (PID=16130) to work on /home/ubuntu/.local/lib/python3.10/site-packages/airflow/example_dags/example_branch_operator.py
[2024-02-01T23:11:53.910+0100] {processor.py:830} INFO - Processing file /home/ubuntu/.local/lib/python3.10/site-packages/airflow/example_dags/example_branch_operator.py for tasks to queue
[2024-02-01T23:11:53.912+0100] {logging_mixin.py:188} INFO - [2024-02-01T23:11:53.911+0100] {dagbag.py:538} INFO - Filling up the DagBag from /home/ubuntu/.local/lib/python3.10/site-packages/airflow/example_dags/example_branch_operator.py
[2024-02-01T23:11:53.940+0100] {processor.py:840} INFO - DAG(s) 'example_branch_operator' retrieved from /home/ubuntu/.local/lib/python3.10/site-packages/airflow/example_dags/example_branch_operator.py
[2024-02-01T23:11:54.036+0100] {logging_mixin.py:188} INFO - [2024-02-01T23:11:54.036+0100] {dag.py:3033} INFO - Sync 1 DAGs
[2024-02-01T23:11:54.062+0100] {logging_mixin.py:188} INFO - [2024-02-01T23:11:54.062+0100] {dag.py:3820} INFO - Setting next_dagrun for example_branch_operator to 2024-01-31T00:00:00+00:00, run_after=2024-02-01T00:00:00+00:00
[2024-02-01T23:11:54.098+0100] {processor.py:183} INFO - Processing /home/ubuntu/.local/lib/python3.10/site-packages/airflow/example_dags/example_branch_operator.py took 0.198 seconds
[2024-02-01T23:12:49.766+0100] {processor.py:161} INFO - Started process (PID=16224) to work on /home/ubuntu/.local/lib/python3.10/site-packages/airflow/example_dags/example_branch_operator.py
[2024-02-01T23:12:49.769+0100] {processor.py:830} INFO - Processing file /home/ubuntu/.local/lib/python3.10/site-packages/airflow/example_dags/example_branch_operator.py for tasks to queue
[2024-02-01T23:12:49.771+0100] {logging_mixin.py:188} INFO - [2024-02-01T23:12:49.770+0100] {dagbag.py:538} INFO - Filling up the DagBag from /home/ubuntu/.local/lib/python3.10/site-packages/airflow/example_dags/example_branch_operator.py
[2024-02-01T23:12:49.803+0100] {processor.py:840} INFO - DAG(s) 'example_branch_operator' retrieved from /home/ubuntu/.local/lib/python3.10/site-packages/airflow/example_dags/example_branch_operator.py
[2024-02-01T23:12:49.838+0100] {logging_mixin.py:188} INFO - [2024-02-01T23:12:49.838+0100] {dag.py:3033} INFO - Sync 1 DAGs
[2024-02-01T23:12:49.866+0100] {logging_mixin.py:188} INFO - [2024-02-01T23:12:49.865+0100] {dag.py:3820} INFO - Setting next_dagrun for example_branch_operator to 2024-01-31T00:00:00+00:00, run_after=2024-02-01T00:00:00+00:00
[2024-02-01T23:12:49.905+0100] {processor.py:183} INFO - Processing /home/ubuntu/.local/lib/python3.10/site-packages/airflow/example_dags/example_branch_operator.py took 0.144 seconds
[2024-02-01T23:13:47.931+0100] {processor.py:161} INFO - Started process (PID=16330) to work on /home/ubuntu/.local/lib/python3.10/site-packages/airflow/example_dags/example_branch_operator.py
[2024-02-01T23:13:47.937+0100] {processor.py:830} INFO - Processing file /home/ubuntu/.local/lib/python3.10/site-packages/airflow/example_dags/example_branch_operator.py for tasks to queue
[2024-02-01T23:13:47.941+0100] {logging_mixin.py:188} INFO - [2024-02-01T23:13:47.940+0100] {dagbag.py:538} INFO - Filling up the DagBag from /home/ubuntu/.local/lib/python3.10/site-packages/airflow/example_dags/example_branch_operator.py
[2024-02-01T23:13:47.982+0100] {processor.py:840} INFO - DAG(s) 'example_branch_operator' retrieved from /home/ubuntu/.local/lib/python3.10/site-packages/airflow/example_dags/example_branch_operator.py
[2024-02-01T23:13:48.008+0100] {logging_mixin.py:188} INFO - [2024-02-01T23:13:48.008+0100] {dag.py:3033} INFO - Sync 1 DAGs
[2024-02-01T23:13:48.029+0100] {logging_mixin.py:188} INFO - [2024-02-01T23:13:48.029+0100] {dag.py:3820} INFO - Setting next_dagrun for example_branch_operator to 2024-01-31T00:00:00+00:00, run_after=2024-02-01T00:00:00+00:00
[2024-02-01T23:13:48.076+0100] {processor.py:183} INFO - Processing /home/ubuntu/.local/lib/python3.10/site-packages/airflow/example_dags/example_branch_operator.py took 0.151 seconds
