[2024-02-01T22:50:18.933+0100] {processor.py:161} INFO - Started process (PID=14631) to work on /home/ubuntu/.local/lib/python3.10/site-packages/airflow/example_dags/example_latest_only_with_trigger.py
[2024-02-01T22:50:18.936+0100] {processor.py:830} INFO - Processing file /home/ubuntu/.local/lib/python3.10/site-packages/airflow/example_dags/example_latest_only_with_trigger.py for tasks to queue
[2024-02-01T22:50:18.939+0100] {logging_mixin.py:188} INFO - [2024-02-01T22:50:18.938+0100] {dagbag.py:538} INFO - Filling up the DagBag from /home/ubuntu/.local/lib/python3.10/site-packages/airflow/example_dags/example_latest_only_with_trigger.py
[2024-02-01T22:50:18.953+0100] {processor.py:840} INFO - DAG(s) 'latest_only_with_trigger' retrieved from /home/ubuntu/.local/lib/python3.10/site-packages/airflow/example_dags/example_latest_only_with_trigger.py
[2024-02-01T22:50:19.309+0100] {logging_mixin.py:188} INFO - [2024-02-01T22:50:19.308+0100] {dag.py:3033} INFO - Sync 1 DAGs
[2024-02-01T22:50:19.565+0100] {logging_mixin.py:188} INFO - [2024-02-01T22:50:19.563+0100] {dag.py:3820} INFO - Setting next_dagrun for latest_only_with_trigger to 2024-02-01T16:00:00+00:00, run_after=2024-02-01T20:00:00+00:00
[2024-02-01T22:50:19.648+0100] {processor.py:183} INFO - Processing /home/ubuntu/.local/lib/python3.10/site-packages/airflow/example_dags/example_latest_only_with_trigger.py took 0.739 seconds
[2024-02-01T22:51:49.666+0100] {processor.py:161} INFO - Started process (PID=14781) to work on /home/ubuntu/.local/lib/python3.10/site-packages/airflow/example_dags/example_latest_only_with_trigger.py
[2024-02-01T22:51:49.685+0100] {processor.py:830} INFO - Processing file /home/ubuntu/.local/lib/python3.10/site-packages/airflow/example_dags/example_latest_only_with_trigger.py for tasks to queue
[2024-02-01T22:51:49.686+0100] {logging_mixin.py:188} INFO - [2024-02-01T22:51:49.686+0100] {dagbag.py:538} INFO - Filling up the DagBag from /home/ubuntu/.local/lib/python3.10/site-packages/airflow/example_dags/example_latest_only_with_trigger.py
[2024-02-01T22:51:49.712+0100] {processor.py:840} INFO - DAG(s) 'latest_only_with_trigger' retrieved from /home/ubuntu/.local/lib/python3.10/site-packages/airflow/example_dags/example_latest_only_with_trigger.py
[2024-02-01T22:51:49.751+0100] {logging_mixin.py:188} INFO - [2024-02-01T22:51:49.751+0100] {dag.py:3033} INFO - Sync 1 DAGs
[2024-02-01T22:51:49.821+0100] {logging_mixin.py:188} INFO - [2024-02-01T22:51:49.821+0100] {dag.py:3820} INFO - Setting next_dagrun for latest_only_with_trigger to 2024-02-01T16:00:00+00:00, run_after=2024-02-01T20:00:00+00:00
[2024-02-01T22:51:49.937+0100] {processor.py:183} INFO - Processing /home/ubuntu/.local/lib/python3.10/site-packages/airflow/example_dags/example_latest_only_with_trigger.py took 0.276 seconds
[2024-02-01T22:55:54.389+0100] {processor.py:161} INFO - Started process (PID=14988) to work on /home/ubuntu/.local/lib/python3.10/site-packages/airflow/example_dags/example_latest_only_with_trigger.py
[2024-02-01T22:55:54.395+0100] {processor.py:830} INFO - Processing file /home/ubuntu/.local/lib/python3.10/site-packages/airflow/example_dags/example_latest_only_with_trigger.py for tasks to queue
[2024-02-01T22:55:54.399+0100] {logging_mixin.py:188} INFO - [2024-02-01T22:55:54.396+0100] {dagbag.py:538} INFO - Filling up the DagBag from /home/ubuntu/.local/lib/python3.10/site-packages/airflow/example_dags/example_latest_only_with_trigger.py
[2024-02-01T22:55:54.417+0100] {processor.py:840} INFO - DAG(s) 'latest_only_with_trigger' retrieved from /home/ubuntu/.local/lib/python3.10/site-packages/airflow/example_dags/example_latest_only_with_trigger.py
[2024-02-01T22:55:54.505+0100] {logging_mixin.py:188} INFO - [2024-02-01T22:55:54.502+0100] {dag.py:3033} INFO - Sync 1 DAGs
[2024-02-01T22:55:54.589+0100] {logging_mixin.py:188} INFO - [2024-02-01T22:55:54.588+0100] {dag.py:3820} INFO - Setting next_dagrun for latest_only_with_trigger to 2024-02-01T16:00:00+00:00, run_after=2024-02-01T20:00:00+00:00
[2024-02-01T22:55:54.686+0100] {processor.py:183} INFO - Processing /home/ubuntu/.local/lib/python3.10/site-packages/airflow/example_dags/example_latest_only_with_trigger.py took 0.306 seconds
[2024-02-01T22:57:36.564+0100] {processor.py:161} INFO - Started process (PID=15066) to work on /home/ubuntu/.local/lib/python3.10/site-packages/airflow/example_dags/example_latest_only_with_trigger.py
[2024-02-01T22:57:36.570+0100] {processor.py:830} INFO - Processing file /home/ubuntu/.local/lib/python3.10/site-packages/airflow/example_dags/example_latest_only_with_trigger.py for tasks to queue
[2024-02-01T22:57:36.577+0100] {logging_mixin.py:188} INFO - [2024-02-01T22:57:36.575+0100] {dagbag.py:538} INFO - Filling up the DagBag from /home/ubuntu/.local/lib/python3.10/site-packages/airflow/example_dags/example_latest_only_with_trigger.py
[2024-02-01T22:57:36.596+0100] {processor.py:840} INFO - DAG(s) 'latest_only_with_trigger' retrieved from /home/ubuntu/.local/lib/python3.10/site-packages/airflow/example_dags/example_latest_only_with_trigger.py
[2024-02-01T22:57:36.634+0100] {logging_mixin.py:188} INFO - [2024-02-01T22:57:36.634+0100] {dag.py:3033} INFO - Sync 1 DAGs
[2024-02-01T22:57:36.679+0100] {logging_mixin.py:188} INFO - [2024-02-01T22:57:36.679+0100] {dag.py:3820} INFO - Setting next_dagrun for latest_only_with_trigger to 2024-02-01T16:00:00+00:00, run_after=2024-02-01T20:00:00+00:00
[2024-02-01T22:57:36.841+0100] {processor.py:183} INFO - Processing /home/ubuntu/.local/lib/python3.10/site-packages/airflow/example_dags/example_latest_only_with_trigger.py took 0.283 seconds
[2024-02-01T22:59:02.206+0100] {processor.py:161} INFO - Started process (PID=15166) to work on /home/ubuntu/.local/lib/python3.10/site-packages/airflow/example_dags/example_latest_only_with_trigger.py
[2024-02-01T22:59:02.217+0100] {processor.py:830} INFO - Processing file /home/ubuntu/.local/lib/python3.10/site-packages/airflow/example_dags/example_latest_only_with_trigger.py for tasks to queue
[2024-02-01T22:59:02.220+0100] {logging_mixin.py:188} INFO - [2024-02-01T22:59:02.219+0100] {dagbag.py:538} INFO - Filling up the DagBag from /home/ubuntu/.local/lib/python3.10/site-packages/airflow/example_dags/example_latest_only_with_trigger.py
[2024-02-01T22:59:02.235+0100] {processor.py:840} INFO - DAG(s) 'latest_only_with_trigger' retrieved from /home/ubuntu/.local/lib/python3.10/site-packages/airflow/example_dags/example_latest_only_with_trigger.py
[2024-02-01T22:59:02.266+0100] {logging_mixin.py:188} INFO - [2024-02-01T22:59:02.266+0100] {dag.py:3033} INFO - Sync 1 DAGs
[2024-02-01T22:59:02.295+0100] {logging_mixin.py:188} INFO - [2024-02-01T22:59:02.295+0100] {dag.py:3820} INFO - Setting next_dagrun for latest_only_with_trigger to 2024-02-01T16:00:00+00:00, run_after=2024-02-01T20:00:00+00:00
[2024-02-01T22:59:02.344+0100] {processor.py:183} INFO - Processing /home/ubuntu/.local/lib/python3.10/site-packages/airflow/example_dags/example_latest_only_with_trigger.py took 0.158 seconds
[2024-02-01T23:00:42.321+0100] {processor.py:161} INFO - Started process (PID=15342) to work on /home/ubuntu/.local/lib/python3.10/site-packages/airflow/example_dags/example_latest_only_with_trigger.py
[2024-02-01T23:00:42.326+0100] {processor.py:830} INFO - Processing file /home/ubuntu/.local/lib/python3.10/site-packages/airflow/example_dags/example_latest_only_with_trigger.py for tasks to queue
[2024-02-01T23:00:42.327+0100] {logging_mixin.py:188} INFO - [2024-02-01T23:00:42.327+0100] {dagbag.py:538} INFO - Filling up the DagBag from /home/ubuntu/.local/lib/python3.10/site-packages/airflow/example_dags/example_latest_only_with_trigger.py
[2024-02-01T23:00:42.340+0100] {processor.py:840} INFO - DAG(s) 'latest_only_with_trigger' retrieved from /home/ubuntu/.local/lib/python3.10/site-packages/airflow/example_dags/example_latest_only_with_trigger.py
[2024-02-01T23:00:42.364+0100] {logging_mixin.py:188} INFO - [2024-02-01T23:00:42.363+0100] {dag.py:3033} INFO - Sync 1 DAGs
[2024-02-01T23:00:42.383+0100] {logging_mixin.py:188} INFO - [2024-02-01T23:00:42.383+0100] {dag.py:3820} INFO - Setting next_dagrun for latest_only_with_trigger to 2024-02-01T16:00:00+00:00, run_after=2024-02-01T20:00:00+00:00
[2024-02-01T23:00:42.418+0100] {processor.py:183} INFO - Processing /home/ubuntu/.local/lib/python3.10/site-packages/airflow/example_dags/example_latest_only_with_trigger.py took 0.103 seconds
[2024-02-01T23:01:44.806+0100] {processor.py:161} INFO - Started process (PID=15436) to work on /home/ubuntu/.local/lib/python3.10/site-packages/airflow/example_dags/example_latest_only_with_trigger.py
[2024-02-01T23:01:44.810+0100] {processor.py:830} INFO - Processing file /home/ubuntu/.local/lib/python3.10/site-packages/airflow/example_dags/example_latest_only_with_trigger.py for tasks to queue
[2024-02-01T23:01:44.813+0100] {logging_mixin.py:188} INFO - [2024-02-01T23:01:44.812+0100] {dagbag.py:538} INFO - Filling up the DagBag from /home/ubuntu/.local/lib/python3.10/site-packages/airflow/example_dags/example_latest_only_with_trigger.py
[2024-02-01T23:01:44.830+0100] {processor.py:840} INFO - DAG(s) 'latest_only_with_trigger' retrieved from /home/ubuntu/.local/lib/python3.10/site-packages/airflow/example_dags/example_latest_only_with_trigger.py
[2024-02-01T23:01:44.877+0100] {logging_mixin.py:188} INFO - [2024-02-01T23:01:44.877+0100] {dag.py:3033} INFO - Sync 1 DAGs
[2024-02-01T23:01:44.929+0100] {logging_mixin.py:188} INFO - [2024-02-01T23:01:44.929+0100] {dag.py:3820} INFO - Setting next_dagrun for latest_only_with_trigger to 2024-02-01T16:00:00+00:00, run_after=2024-02-01T20:00:00+00:00
[2024-02-01T23:01:45.458+0100] {processor.py:183} INFO - Processing /home/ubuntu/.local/lib/python3.10/site-packages/airflow/example_dags/example_latest_only_with_trigger.py took 0.661 seconds
[2024-02-01T23:02:57.065+0100] {processor.py:161} INFO - Started process (PID=15518) to work on /home/ubuntu/.local/lib/python3.10/site-packages/airflow/example_dags/example_latest_only_with_trigger.py
[2024-02-01T23:02:57.065+0100] {processor.py:830} INFO - Processing file /home/ubuntu/.local/lib/python3.10/site-packages/airflow/example_dags/example_latest_only_with_trigger.py for tasks to queue
[2024-02-01T23:02:57.065+0100] {logging_mixin.py:188} INFO - [2024-02-01T23:02:57.065+0100] {dagbag.py:538} INFO - Filling up the DagBag from /home/ubuntu/.local/lib/python3.10/site-packages/airflow/example_dags/example_latest_only_with_trigger.py
[2024-02-01T23:02:57.085+0100] {processor.py:840} INFO - DAG(s) 'latest_only_with_trigger' retrieved from /home/ubuntu/.local/lib/python3.10/site-packages/airflow/example_dags/example_latest_only_with_trigger.py
[2024-02-01T23:02:57.141+0100] {logging_mixin.py:188} INFO - [2024-02-01T23:02:57.141+0100] {dag.py:3033} INFO - Sync 1 DAGs
[2024-02-01T23:02:57.193+0100] {logging_mixin.py:188} INFO - [2024-02-01T23:02:57.193+0100] {dag.py:3820} INFO - Setting next_dagrun for latest_only_with_trigger to 2024-02-01T16:00:00+00:00, run_after=2024-02-01T20:00:00+00:00
[2024-02-01T23:02:57.285+0100] {processor.py:183} INFO - Processing /home/ubuntu/.local/lib/python3.10/site-packages/airflow/example_dags/example_latest_only_with_trigger.py took 0.260 seconds
[2024-02-01T23:04:17.412+0100] {processor.py:161} INFO - Started process (PID=15583) to work on /home/ubuntu/.local/lib/python3.10/site-packages/airflow/example_dags/example_latest_only_with_trigger.py
[2024-02-01T23:04:17.415+0100] {processor.py:830} INFO - Processing file /home/ubuntu/.local/lib/python3.10/site-packages/airflow/example_dags/example_latest_only_with_trigger.py for tasks to queue
[2024-02-01T23:04:17.420+0100] {logging_mixin.py:188} INFO - [2024-02-01T23:04:17.419+0100] {dagbag.py:538} INFO - Filling up the DagBag from /home/ubuntu/.local/lib/python3.10/site-packages/airflow/example_dags/example_latest_only_with_trigger.py
[2024-02-01T23:04:17.445+0100] {processor.py:840} INFO - DAG(s) 'latest_only_with_trigger' retrieved from /home/ubuntu/.local/lib/python3.10/site-packages/airflow/example_dags/example_latest_only_with_trigger.py
[2024-02-01T23:04:17.493+0100] {logging_mixin.py:188} INFO - [2024-02-01T23:04:17.485+0100] {dag.py:3033} INFO - Sync 1 DAGs
[2024-02-01T23:04:17.535+0100] {logging_mixin.py:188} INFO - [2024-02-01T23:04:17.534+0100] {dag.py:3820} INFO - Setting next_dagrun for latest_only_with_trigger to 2024-02-01T16:00:00+00:00, run_after=2024-02-01T20:00:00+00:00
[2024-02-01T23:04:17.595+0100] {processor.py:183} INFO - Processing /home/ubuntu/.local/lib/python3.10/site-packages/airflow/example_dags/example_latest_only_with_trigger.py took 0.188 seconds
[2024-02-01T23:05:30.670+0100] {processor.py:161} INFO - Started process (PID=15646) to work on /home/ubuntu/.local/lib/python3.10/site-packages/airflow/example_dags/example_latest_only_with_trigger.py
[2024-02-01T23:05:30.674+0100] {processor.py:830} INFO - Processing file /home/ubuntu/.local/lib/python3.10/site-packages/airflow/example_dags/example_latest_only_with_trigger.py for tasks to queue
[2024-02-01T23:05:30.675+0100] {logging_mixin.py:188} INFO - [2024-02-01T23:05:30.675+0100] {dagbag.py:538} INFO - Filling up the DagBag from /home/ubuntu/.local/lib/python3.10/site-packages/airflow/example_dags/example_latest_only_with_trigger.py
[2024-02-01T23:05:30.693+0100] {processor.py:840} INFO - DAG(s) 'latest_only_with_trigger' retrieved from /home/ubuntu/.local/lib/python3.10/site-packages/airflow/example_dags/example_latest_only_with_trigger.py
[2024-02-01T23:05:30.801+0100] {logging_mixin.py:188} INFO - [2024-02-01T23:05:30.793+0100] {dag.py:3033} INFO - Sync 1 DAGs
[2024-02-01T23:05:30.821+0100] {logging_mixin.py:188} INFO - [2024-02-01T23:05:30.821+0100] {dag.py:3820} INFO - Setting next_dagrun for latest_only_with_trigger to 2024-02-01T16:00:00+00:00, run_after=2024-02-01T20:00:00+00:00
[2024-02-01T23:05:30.969+0100] {processor.py:183} INFO - Processing /home/ubuntu/.local/lib/python3.10/site-packages/airflow/example_dags/example_latest_only_with_trigger.py took 0.310 seconds
[2024-02-01T23:06:49.230+0100] {processor.py:161} INFO - Started process (PID=15714) to work on /home/ubuntu/.local/lib/python3.10/site-packages/airflow/example_dags/example_latest_only_with_trigger.py
[2024-02-01T23:06:49.246+0100] {processor.py:830} INFO - Processing file /home/ubuntu/.local/lib/python3.10/site-packages/airflow/example_dags/example_latest_only_with_trigger.py for tasks to queue
[2024-02-01T23:06:49.247+0100] {logging_mixin.py:188} INFO - [2024-02-01T23:06:49.247+0100] {dagbag.py:538} INFO - Filling up the DagBag from /home/ubuntu/.local/lib/python3.10/site-packages/airflow/example_dags/example_latest_only_with_trigger.py
[2024-02-01T23:06:49.276+0100] {processor.py:840} INFO - DAG(s) 'latest_only_with_trigger' retrieved from /home/ubuntu/.local/lib/python3.10/site-packages/airflow/example_dags/example_latest_only_with_trigger.py
[2024-02-01T23:06:49.313+0100] {logging_mixin.py:188} INFO - [2024-02-01T23:06:49.312+0100] {dag.py:3033} INFO - Sync 1 DAGs
[2024-02-01T23:06:49.356+0100] {logging_mixin.py:188} INFO - [2024-02-01T23:06:49.356+0100] {dag.py:3820} INFO - Setting next_dagrun for latest_only_with_trigger to 2024-02-01T16:00:00+00:00, run_after=2024-02-01T20:00:00+00:00
[2024-02-01T23:06:49.415+0100] {processor.py:183} INFO - Processing /home/ubuntu/.local/lib/python3.10/site-packages/airflow/example_dags/example_latest_only_with_trigger.py took 0.195 seconds
[2024-02-01T23:08:10.489+0100] {processor.py:161} INFO - Started process (PID=15783) to work on /home/ubuntu/.local/lib/python3.10/site-packages/airflow/example_dags/example_latest_only_with_trigger.py
[2024-02-01T23:08:10.489+0100] {processor.py:830} INFO - Processing file /home/ubuntu/.local/lib/python3.10/site-packages/airflow/example_dags/example_latest_only_with_trigger.py for tasks to queue
[2024-02-01T23:08:10.489+0100] {logging_mixin.py:188} INFO - [2024-02-01T23:08:10.489+0100] {dagbag.py:538} INFO - Filling up the DagBag from /home/ubuntu/.local/lib/python3.10/site-packages/airflow/example_dags/example_latest_only_with_trigger.py
[2024-02-01T23:08:10.517+0100] {processor.py:840} INFO - DAG(s) 'latest_only_with_trigger' retrieved from /home/ubuntu/.local/lib/python3.10/site-packages/airflow/example_dags/example_latest_only_with_trigger.py
[2024-02-01T23:08:10.557+0100] {logging_mixin.py:188} INFO - [2024-02-01T23:08:10.557+0100] {dag.py:3033} INFO - Sync 1 DAGs
[2024-02-01T23:08:10.821+0100] {logging_mixin.py:188} INFO - [2024-02-01T23:08:10.821+0100] {dag.py:3820} INFO - Setting next_dagrun for latest_only_with_trigger to 2024-02-01T16:00:00+00:00, run_after=2024-02-01T20:00:00+00:00
[2024-02-01T23:08:10.881+0100] {processor.py:183} INFO - Processing /home/ubuntu/.local/lib/python3.10/site-packages/airflow/example_dags/example_latest_only_with_trigger.py took 0.392 seconds
[2024-02-01T23:09:32.316+0100] {processor.py:161} INFO - Started process (PID=15907) to work on /home/ubuntu/.local/lib/python3.10/site-packages/airflow/example_dags/example_latest_only_with_trigger.py
[2024-02-01T23:09:32.320+0100] {processor.py:830} INFO - Processing file /home/ubuntu/.local/lib/python3.10/site-packages/airflow/example_dags/example_latest_only_with_trigger.py for tasks to queue
[2024-02-01T23:09:32.324+0100] {logging_mixin.py:188} INFO - [2024-02-01T23:09:32.320+0100] {dagbag.py:538} INFO - Filling up the DagBag from /home/ubuntu/.local/lib/python3.10/site-packages/airflow/example_dags/example_latest_only_with_trigger.py
[2024-02-01T23:09:32.336+0100] {processor.py:840} INFO - DAG(s) 'latest_only_with_trigger' retrieved from /home/ubuntu/.local/lib/python3.10/site-packages/airflow/example_dags/example_latest_only_with_trigger.py
[2024-02-01T23:09:32.368+0100] {logging_mixin.py:188} INFO - [2024-02-01T23:09:32.360+0100] {dag.py:3033} INFO - Sync 1 DAGs
[2024-02-01T23:09:32.404+0100] {logging_mixin.py:188} INFO - [2024-02-01T23:09:32.404+0100] {dag.py:3820} INFO - Setting next_dagrun for latest_only_with_trigger to 2024-02-01T16:00:00+00:00, run_after=2024-02-01T20:00:00+00:00
[2024-02-01T23:09:32.448+0100] {processor.py:183} INFO - Processing /home/ubuntu/.local/lib/python3.10/site-packages/airflow/example_dags/example_latest_only_with_trigger.py took 0.148 seconds
[2024-02-01T23:10:29.574+0100] {processor.py:161} INFO - Started process (PID=15995) to work on /home/ubuntu/.local/lib/python3.10/site-packages/airflow/example_dags/example_latest_only_with_trigger.py
[2024-02-01T23:10:29.579+0100] {processor.py:830} INFO - Processing file /home/ubuntu/.local/lib/python3.10/site-packages/airflow/example_dags/example_latest_only_with_trigger.py for tasks to queue
[2024-02-01T23:10:29.581+0100] {logging_mixin.py:188} INFO - [2024-02-01T23:10:29.580+0100] {dagbag.py:538} INFO - Filling up the DagBag from /home/ubuntu/.local/lib/python3.10/site-packages/airflow/example_dags/example_latest_only_with_trigger.py
[2024-02-01T23:10:29.598+0100] {processor.py:840} INFO - DAG(s) 'latest_only_with_trigger' retrieved from /home/ubuntu/.local/lib/python3.10/site-packages/airflow/example_dags/example_latest_only_with_trigger.py
[2024-02-01T23:10:29.671+0100] {logging_mixin.py:188} INFO - [2024-02-01T23:10:29.671+0100] {dag.py:3033} INFO - Sync 1 DAGs
[2024-02-01T23:10:29.707+0100] {logging_mixin.py:188} INFO - [2024-02-01T23:10:29.707+0100] {dag.py:3820} INFO - Setting next_dagrun for latest_only_with_trigger to 2024-02-01T16:00:00+00:00, run_after=2024-02-01T20:00:00+00:00
[2024-02-01T23:10:29.749+0100] {processor.py:183} INFO - Processing /home/ubuntu/.local/lib/python3.10/site-packages/airflow/example_dags/example_latest_only_with_trigger.py took 0.186 seconds
[2024-02-01T23:11:28.779+0100] {processor.py:161} INFO - Started process (PID=16087) to work on /home/ubuntu/.local/lib/python3.10/site-packages/airflow/example_dags/example_latest_only_with_trigger.py
[2024-02-01T23:11:28.782+0100] {processor.py:830} INFO - Processing file /home/ubuntu/.local/lib/python3.10/site-packages/airflow/example_dags/example_latest_only_with_trigger.py for tasks to queue
[2024-02-01T23:11:28.785+0100] {logging_mixin.py:188} INFO - [2024-02-01T23:11:28.784+0100] {dagbag.py:538} INFO - Filling up the DagBag from /home/ubuntu/.local/lib/python3.10/site-packages/airflow/example_dags/example_latest_only_with_trigger.py
[2024-02-01T23:11:28.804+0100] {processor.py:840} INFO - DAG(s) 'latest_only_with_trigger' retrieved from /home/ubuntu/.local/lib/python3.10/site-packages/airflow/example_dags/example_latest_only_with_trigger.py
[2024-02-01T23:11:28.841+0100] {logging_mixin.py:188} INFO - [2024-02-01T23:11:28.841+0100] {dag.py:3033} INFO - Sync 1 DAGs
[2024-02-01T23:11:28.892+0100] {logging_mixin.py:188} INFO - [2024-02-01T23:11:28.891+0100] {dag.py:3820} INFO - Setting next_dagrun for latest_only_with_trigger to 2024-02-01T16:00:00+00:00, run_after=2024-02-01T20:00:00+00:00
[2024-02-01T23:11:28.954+0100] {processor.py:183} INFO - Processing /home/ubuntu/.local/lib/python3.10/site-packages/airflow/example_dags/example_latest_only_with_trigger.py took 0.182 seconds
[2024-02-01T23:12:25.973+0100] {processor.py:161} INFO - Started process (PID=16185) to work on /home/ubuntu/.local/lib/python3.10/site-packages/airflow/example_dags/example_latest_only_with_trigger.py
[2024-02-01T23:12:25.975+0100] {processor.py:830} INFO - Processing file /home/ubuntu/.local/lib/python3.10/site-packages/airflow/example_dags/example_latest_only_with_trigger.py for tasks to queue
[2024-02-01T23:12:25.979+0100] {logging_mixin.py:188} INFO - [2024-02-01T23:12:25.977+0100] {dagbag.py:538} INFO - Filling up the DagBag from /home/ubuntu/.local/lib/python3.10/site-packages/airflow/example_dags/example_latest_only_with_trigger.py
[2024-02-01T23:12:26.023+0100] {processor.py:840} INFO - DAG(s) 'latest_only_with_trigger' retrieved from /home/ubuntu/.local/lib/python3.10/site-packages/airflow/example_dags/example_latest_only_with_trigger.py
[2024-02-01T23:12:26.055+0100] {logging_mixin.py:188} INFO - [2024-02-01T23:12:26.055+0100] {dag.py:3033} INFO - Sync 1 DAGs
[2024-02-01T23:12:26.080+0100] {logging_mixin.py:188} INFO - [2024-02-01T23:12:26.080+0100] {dag.py:3820} INFO - Setting next_dagrun for latest_only_with_trigger to 2024-02-01T16:00:00+00:00, run_after=2024-02-01T20:00:00+00:00
[2024-02-01T23:12:26.118+0100] {processor.py:183} INFO - Processing /home/ubuntu/.local/lib/python3.10/site-packages/airflow/example_dags/example_latest_only_with_trigger.py took 0.151 seconds
[2024-02-01T23:13:22.628+0100] {processor.py:161} INFO - Started process (PID=16280) to work on /home/ubuntu/.local/lib/python3.10/site-packages/airflow/example_dags/example_latest_only_with_trigger.py
[2024-02-01T23:13:22.632+0100] {processor.py:830} INFO - Processing file /home/ubuntu/.local/lib/python3.10/site-packages/airflow/example_dags/example_latest_only_with_trigger.py for tasks to queue
[2024-02-01T23:13:22.636+0100] {logging_mixin.py:188} INFO - [2024-02-01T23:13:22.636+0100] {dagbag.py:538} INFO - Filling up the DagBag from /home/ubuntu/.local/lib/python3.10/site-packages/airflow/example_dags/example_latest_only_with_trigger.py
[2024-02-01T23:13:22.648+0100] {processor.py:840} INFO - DAG(s) 'latest_only_with_trigger' retrieved from /home/ubuntu/.local/lib/python3.10/site-packages/airflow/example_dags/example_latest_only_with_trigger.py
[2024-02-01T23:13:22.668+0100] {logging_mixin.py:188} INFO - [2024-02-01T23:13:22.668+0100] {dag.py:3033} INFO - Sync 1 DAGs
[2024-02-01T23:13:22.705+0100] {logging_mixin.py:188} INFO - [2024-02-01T23:13:22.704+0100] {dag.py:3820} INFO - Setting next_dagrun for latest_only_with_trigger to 2024-02-01T16:00:00+00:00, run_after=2024-02-01T20:00:00+00:00
[2024-02-01T23:13:22.749+0100] {processor.py:183} INFO - Processing /home/ubuntu/.local/lib/python3.10/site-packages/airflow/example_dags/example_latest_only_with_trigger.py took 0.125 seconds
[2024-02-01T23:14:17.388+0100] {processor.py:161} INFO - Started process (PID=16376) to work on /home/ubuntu/.local/lib/python3.10/site-packages/airflow/example_dags/example_latest_only_with_trigger.py
[2024-02-01T23:14:17.388+0100] {processor.py:830} INFO - Processing file /home/ubuntu/.local/lib/python3.10/site-packages/airflow/example_dags/example_latest_only_with_trigger.py for tasks to queue
[2024-02-01T23:14:17.408+0100] {logging_mixin.py:188} INFO - [2024-02-01T23:14:17.408+0100] {dagbag.py:538} INFO - Filling up the DagBag from /home/ubuntu/.local/lib/python3.10/site-packages/airflow/example_dags/example_latest_only_with_trigger.py
[2024-02-01T23:14:17.408+0100] {processor.py:840} INFO - DAG(s) 'latest_only_with_trigger' retrieved from /home/ubuntu/.local/lib/python3.10/site-packages/airflow/example_dags/example_latest_only_with_trigger.py
[2024-02-01T23:14:17.440+0100] {logging_mixin.py:188} INFO - [2024-02-01T23:14:17.440+0100] {dag.py:3033} INFO - Sync 1 DAGs
[2024-02-01T23:14:17.524+0100] {logging_mixin.py:188} INFO - [2024-02-01T23:14:17.524+0100] {dag.py:3820} INFO - Setting next_dagrun for latest_only_with_trigger to 2024-02-01T16:00:00+00:00, run_after=2024-02-01T20:00:00+00:00
[2024-02-01T23:14:17.612+0100] {processor.py:183} INFO - Processing /home/ubuntu/.local/lib/python3.10/site-packages/airflow/example_dags/example_latest_only_with_trigger.py took 0.224 seconds
