[2024-02-01T22:50:13.235+0100] {processor.py:161} INFO - Started process (PID=14621) to work on /home/ubuntu/.local/lib/python3.10/site-packages/airflow/example_dags/example_setup_teardown_taskflow.py
[2024-02-01T22:50:13.235+0100] {processor.py:830} INFO - Processing file /home/ubuntu/.local/lib/python3.10/site-packages/airflow/example_dags/example_setup_teardown_taskflow.py for tasks to queue
[2024-02-01T22:50:13.235+0100] {logging_mixin.py:188} INFO - [2024-02-01T22:50:13.235+0100] {dagbag.py:538} INFO - Filling up the DagBag from /home/ubuntu/.local/lib/python3.10/site-packages/airflow/example_dags/example_setup_teardown_taskflow.py
[2024-02-01T22:50:13.275+0100] {processor.py:840} INFO - DAG(s) 'example_setup_teardown_taskflow' retrieved from /home/ubuntu/.local/lib/python3.10/site-packages/airflow/example_dags/example_setup_teardown_taskflow.py
[2024-02-01T22:50:13.568+0100] {logging_mixin.py:188} INFO - [2024-02-01T22:50:13.566+0100] {dag.py:3033} INFO - Sync 1 DAGs
[2024-02-01T22:50:13.625+0100] {logging_mixin.py:188} INFO - [2024-02-01T22:50:13.624+0100] {dag.py:3820} INFO - Setting next_dagrun for example_setup_teardown_taskflow to 2024-01-31T00:00:00+00:00, run_after=2024-02-01T00:00:00+00:00
[2024-02-01T22:50:13.682+0100] {processor.py:183} INFO - Processing /home/ubuntu/.local/lib/python3.10/site-packages/airflow/example_dags/example_setup_teardown_taskflow.py took 0.462 seconds
[2024-02-01T22:51:45.196+0100] {processor.py:161} INFO - Started process (PID=14773) to work on /home/ubuntu/.local/lib/python3.10/site-packages/airflow/example_dags/example_setup_teardown_taskflow.py
[2024-02-01T22:51:45.201+0100] {processor.py:830} INFO - Processing file /home/ubuntu/.local/lib/python3.10/site-packages/airflow/example_dags/example_setup_teardown_taskflow.py for tasks to queue
[2024-02-01T22:51:45.203+0100] {logging_mixin.py:188} INFO - [2024-02-01T22:51:45.202+0100] {dagbag.py:538} INFO - Filling up the DagBag from /home/ubuntu/.local/lib/python3.10/site-packages/airflow/example_dags/example_setup_teardown_taskflow.py
[2024-02-01T22:51:45.219+0100] {processor.py:840} INFO - DAG(s) 'example_setup_teardown_taskflow' retrieved from /home/ubuntu/.local/lib/python3.10/site-packages/airflow/example_dags/example_setup_teardown_taskflow.py
[2024-02-01T22:51:45.247+0100] {logging_mixin.py:188} INFO - [2024-02-01T22:51:45.247+0100] {dag.py:3033} INFO - Sync 1 DAGs
[2024-02-01T22:51:45.273+0100] {logging_mixin.py:188} INFO - [2024-02-01T22:51:45.273+0100] {dag.py:3820} INFO - Setting next_dagrun for example_setup_teardown_taskflow to 2024-01-31T00:00:00+00:00, run_after=2024-02-01T00:00:00+00:00
[2024-02-01T22:51:45.326+0100] {processor.py:183} INFO - Processing /home/ubuntu/.local/lib/python3.10/site-packages/airflow/example_dags/example_setup_teardown_taskflow.py took 0.136 seconds
[2024-02-01T22:55:49.084+0100] {processor.py:161} INFO - Started process (PID=14985) to work on /home/ubuntu/.local/lib/python3.10/site-packages/airflow/example_dags/example_setup_teardown_taskflow.py
[2024-02-01T22:55:49.097+0100] {processor.py:830} INFO - Processing file /home/ubuntu/.local/lib/python3.10/site-packages/airflow/example_dags/example_setup_teardown_taskflow.py for tasks to queue
[2024-02-01T22:55:49.109+0100] {logging_mixin.py:188} INFO - [2024-02-01T22:55:49.101+0100] {dagbag.py:538} INFO - Filling up the DagBag from /home/ubuntu/.local/lib/python3.10/site-packages/airflow/example_dags/example_setup_teardown_taskflow.py
[2024-02-01T22:55:49.152+0100] {processor.py:840} INFO - DAG(s) 'example_setup_teardown_taskflow' retrieved from /home/ubuntu/.local/lib/python3.10/site-packages/airflow/example_dags/example_setup_teardown_taskflow.py
[2024-02-01T22:55:49.254+0100] {logging_mixin.py:188} INFO - [2024-02-01T22:55:49.253+0100] {dag.py:3033} INFO - Sync 1 DAGs
[2024-02-01T22:55:49.294+0100] {logging_mixin.py:188} INFO - [2024-02-01T22:55:49.294+0100] {dag.py:3820} INFO - Setting next_dagrun for example_setup_teardown_taskflow to 2024-01-31T00:00:00+00:00, run_after=2024-02-01T00:00:00+00:00
[2024-02-01T22:55:49.395+0100] {processor.py:183} INFO - Processing /home/ubuntu/.local/lib/python3.10/site-packages/airflow/example_dags/example_setup_teardown_taskflow.py took 0.359 seconds
[2024-02-01T22:57:30.818+0100] {processor.py:161} INFO - Started process (PID=15063) to work on /home/ubuntu/.local/lib/python3.10/site-packages/airflow/example_dags/example_setup_teardown_taskflow.py
[2024-02-01T22:57:30.818+0100] {processor.py:830} INFO - Processing file /home/ubuntu/.local/lib/python3.10/site-packages/airflow/example_dags/example_setup_teardown_taskflow.py for tasks to queue
[2024-02-01T22:57:30.818+0100] {logging_mixin.py:188} INFO - [2024-02-01T22:57:30.818+0100] {dagbag.py:538} INFO - Filling up the DagBag from /home/ubuntu/.local/lib/python3.10/site-packages/airflow/example_dags/example_setup_teardown_taskflow.py
[2024-02-01T22:57:30.831+0100] {processor.py:840} INFO - DAG(s) 'example_setup_teardown_taskflow' retrieved from /home/ubuntu/.local/lib/python3.10/site-packages/airflow/example_dags/example_setup_teardown_taskflow.py
[2024-02-01T22:57:30.986+0100] {logging_mixin.py:188} INFO - [2024-02-01T22:57:30.982+0100] {dag.py:3033} INFO - Sync 1 DAGs
[2024-02-01T22:57:31.086+0100] {logging_mixin.py:188} INFO - [2024-02-01T22:57:31.086+0100] {dag.py:3820} INFO - Setting next_dagrun for example_setup_teardown_taskflow to 2024-01-31T00:00:00+00:00, run_after=2024-02-01T00:00:00+00:00
[2024-02-01T22:57:31.266+0100] {processor.py:183} INFO - Processing /home/ubuntu/.local/lib/python3.10/site-packages/airflow/example_dags/example_setup_teardown_taskflow.py took 0.468 seconds
[2024-02-01T22:58:58.544+0100] {processor.py:161} INFO - Started process (PID=15160) to work on /home/ubuntu/.local/lib/python3.10/site-packages/airflow/example_dags/example_setup_teardown_taskflow.py
[2024-02-01T22:58:58.549+0100] {processor.py:830} INFO - Processing file /home/ubuntu/.local/lib/python3.10/site-packages/airflow/example_dags/example_setup_teardown_taskflow.py for tasks to queue
[2024-02-01T22:58:58.552+0100] {logging_mixin.py:188} INFO - [2024-02-01T22:58:58.552+0100] {dagbag.py:538} INFO - Filling up the DagBag from /home/ubuntu/.local/lib/python3.10/site-packages/airflow/example_dags/example_setup_teardown_taskflow.py
[2024-02-01T22:58:58.570+0100] {processor.py:840} INFO - DAG(s) 'example_setup_teardown_taskflow' retrieved from /home/ubuntu/.local/lib/python3.10/site-packages/airflow/example_dags/example_setup_teardown_taskflow.py
[2024-02-01T22:58:58.620+0100] {logging_mixin.py:188} INFO - [2024-02-01T22:58:58.619+0100] {dag.py:3033} INFO - Sync 1 DAGs
[2024-02-01T22:58:58.642+0100] {logging_mixin.py:188} INFO - [2024-02-01T22:58:58.642+0100] {dag.py:3820} INFO - Setting next_dagrun for example_setup_teardown_taskflow to 2024-01-31T00:00:00+00:00, run_after=2024-02-01T00:00:00+00:00
[2024-02-01T22:58:58.696+0100] {processor.py:183} INFO - Processing /home/ubuntu/.local/lib/python3.10/site-packages/airflow/example_dags/example_setup_teardown_taskflow.py took 0.157 seconds
[2024-02-01T23:00:38.969+0100] {processor.py:161} INFO - Started process (PID=15339) to work on /home/ubuntu/.local/lib/python3.10/site-packages/airflow/example_dags/example_setup_teardown_taskflow.py
[2024-02-01T23:00:38.972+0100] {processor.py:830} INFO - Processing file /home/ubuntu/.local/lib/python3.10/site-packages/airflow/example_dags/example_setup_teardown_taskflow.py for tasks to queue
[2024-02-01T23:00:38.975+0100] {logging_mixin.py:188} INFO - [2024-02-01T23:00:38.975+0100] {dagbag.py:538} INFO - Filling up the DagBag from /home/ubuntu/.local/lib/python3.10/site-packages/airflow/example_dags/example_setup_teardown_taskflow.py
[2024-02-01T23:00:38.988+0100] {processor.py:840} INFO - DAG(s) 'example_setup_teardown_taskflow' retrieved from /home/ubuntu/.local/lib/python3.10/site-packages/airflow/example_dags/example_setup_teardown_taskflow.py
[2024-02-01T23:00:39.011+0100] {logging_mixin.py:188} INFO - [2024-02-01T23:00:39.011+0100] {dag.py:3033} INFO - Sync 1 DAGs
[2024-02-01T23:00:39.033+0100] {logging_mixin.py:188} INFO - [2024-02-01T23:00:39.032+0100] {dag.py:3820} INFO - Setting next_dagrun for example_setup_teardown_taskflow to 2024-01-31T00:00:00+00:00, run_after=2024-02-01T00:00:00+00:00
[2024-02-01T23:00:39.068+0100] {processor.py:183} INFO - Processing /home/ubuntu/.local/lib/python3.10/site-packages/airflow/example_dags/example_setup_teardown_taskflow.py took 0.104 seconds
[2024-02-01T23:01:41.180+0100] {processor.py:161} INFO - Started process (PID=15432) to work on /home/ubuntu/.local/lib/python3.10/site-packages/airflow/example_dags/example_setup_teardown_taskflow.py
[2024-02-01T23:01:41.186+0100] {processor.py:830} INFO - Processing file /home/ubuntu/.local/lib/python3.10/site-packages/airflow/example_dags/example_setup_teardown_taskflow.py for tasks to queue
[2024-02-01T23:01:41.188+0100] {logging_mixin.py:188} INFO - [2024-02-01T23:01:41.187+0100] {dagbag.py:538} INFO - Filling up the DagBag from /home/ubuntu/.local/lib/python3.10/site-packages/airflow/example_dags/example_setup_teardown_taskflow.py
[2024-02-01T23:01:41.205+0100] {processor.py:840} INFO - DAG(s) 'example_setup_teardown_taskflow' retrieved from /home/ubuntu/.local/lib/python3.10/site-packages/airflow/example_dags/example_setup_teardown_taskflow.py
[2024-02-01T23:01:41.234+0100] {logging_mixin.py:188} INFO - [2024-02-01T23:01:41.233+0100] {dag.py:3033} INFO - Sync 1 DAGs
[2024-02-01T23:01:41.291+0100] {logging_mixin.py:188} INFO - [2024-02-01T23:01:41.291+0100] {dag.py:3820} INFO - Setting next_dagrun for example_setup_teardown_taskflow to 2024-01-31T00:00:00+00:00, run_after=2024-02-01T00:00:00+00:00
[2024-02-01T23:01:41.558+0100] {processor.py:183} INFO - Processing /home/ubuntu/.local/lib/python3.10/site-packages/airflow/example_dags/example_setup_teardown_taskflow.py took 0.384 seconds
[2024-02-01T23:02:54.438+0100] {processor.py:161} INFO - Started process (PID=15515) to work on /home/ubuntu/.local/lib/python3.10/site-packages/airflow/example_dags/example_setup_teardown_taskflow.py
[2024-02-01T23:02:54.443+0100] {processor.py:830} INFO - Processing file /home/ubuntu/.local/lib/python3.10/site-packages/airflow/example_dags/example_setup_teardown_taskflow.py for tasks to queue
[2024-02-01T23:02:54.445+0100] {logging_mixin.py:188} INFO - [2024-02-01T23:02:54.444+0100] {dagbag.py:538} INFO - Filling up the DagBag from /home/ubuntu/.local/lib/python3.10/site-packages/airflow/example_dags/example_setup_teardown_taskflow.py
[2024-02-01T23:02:54.463+0100] {processor.py:840} INFO - DAG(s) 'example_setup_teardown_taskflow' retrieved from /home/ubuntu/.local/lib/python3.10/site-packages/airflow/example_dags/example_setup_teardown_taskflow.py
[2024-02-01T23:02:54.524+0100] {logging_mixin.py:188} INFO - [2024-02-01T23:02:54.523+0100] {dag.py:3033} INFO - Sync 1 DAGs
[2024-02-01T23:02:54.590+0100] {logging_mixin.py:188} INFO - [2024-02-01T23:02:54.590+0100] {dag.py:3820} INFO - Setting next_dagrun for example_setup_teardown_taskflow to 2024-01-31T00:00:00+00:00, run_after=2024-02-01T00:00:00+00:00
[2024-02-01T23:02:54.663+0100] {processor.py:183} INFO - Processing /home/ubuntu/.local/lib/python3.10/site-packages/airflow/example_dags/example_setup_teardown_taskflow.py took 0.258 seconds
[2024-02-01T23:04:12.765+0100] {processor.py:161} INFO - Started process (PID=15580) to work on /home/ubuntu/.local/lib/python3.10/site-packages/airflow/example_dags/example_setup_teardown_taskflow.py
[2024-02-01T23:04:12.769+0100] {processor.py:830} INFO - Processing file /home/ubuntu/.local/lib/python3.10/site-packages/airflow/example_dags/example_setup_teardown_taskflow.py for tasks to queue
[2024-02-01T23:04:12.792+0100] {logging_mixin.py:188} INFO - [2024-02-01T23:04:12.789+0100] {dagbag.py:538} INFO - Filling up the DagBag from /home/ubuntu/.local/lib/python3.10/site-packages/airflow/example_dags/example_setup_teardown_taskflow.py
[2024-02-01T23:04:12.825+0100] {processor.py:840} INFO - DAG(s) 'example_setup_teardown_taskflow' retrieved from /home/ubuntu/.local/lib/python3.10/site-packages/airflow/example_dags/example_setup_teardown_taskflow.py
[2024-02-01T23:04:12.869+0100] {logging_mixin.py:188} INFO - [2024-02-01T23:04:12.869+0100] {dag.py:3033} INFO - Sync 1 DAGs
[2024-02-01T23:04:13.225+0100] {logging_mixin.py:188} INFO - [2024-02-01T23:04:13.224+0100] {dag.py:3820} INFO - Setting next_dagrun for example_setup_teardown_taskflow to 2024-01-31T00:00:00+00:00, run_after=2024-02-01T00:00:00+00:00
[2024-02-01T23:04:13.291+0100] {processor.py:183} INFO - Processing /home/ubuntu/.local/lib/python3.10/site-packages/airflow/example_dags/example_setup_teardown_taskflow.py took 0.535 seconds
[2024-02-01T23:05:26.352+0100] {processor.py:161} INFO - Started process (PID=15643) to work on /home/ubuntu/.local/lib/python3.10/site-packages/airflow/example_dags/example_setup_teardown_taskflow.py
[2024-02-01T23:05:26.357+0100] {processor.py:830} INFO - Processing file /home/ubuntu/.local/lib/python3.10/site-packages/airflow/example_dags/example_setup_teardown_taskflow.py for tasks to queue
[2024-02-01T23:05:26.359+0100] {logging_mixin.py:188} INFO - [2024-02-01T23:05:26.358+0100] {dagbag.py:538} INFO - Filling up the DagBag from /home/ubuntu/.local/lib/python3.10/site-packages/airflow/example_dags/example_setup_teardown_taskflow.py
[2024-02-01T23:05:26.410+0100] {processor.py:840} INFO - DAG(s) 'example_setup_teardown_taskflow' retrieved from /home/ubuntu/.local/lib/python3.10/site-packages/airflow/example_dags/example_setup_teardown_taskflow.py
[2024-02-01T23:05:26.455+0100] {logging_mixin.py:188} INFO - [2024-02-01T23:05:26.455+0100] {dag.py:3033} INFO - Sync 1 DAGs
[2024-02-01T23:05:26.517+0100] {logging_mixin.py:188} INFO - [2024-02-01T23:05:26.517+0100] {dag.py:3820} INFO - Setting next_dagrun for example_setup_teardown_taskflow to 2024-01-31T00:00:00+00:00, run_after=2024-02-01T00:00:00+00:00
[2024-02-01T23:05:26.606+0100] {processor.py:183} INFO - Processing /home/ubuntu/.local/lib/python3.10/site-packages/airflow/example_dags/example_setup_teardown_taskflow.py took 0.260 seconds
[2024-02-01T23:06:45.685+0100] {processor.py:161} INFO - Started process (PID=15711) to work on /home/ubuntu/.local/lib/python3.10/site-packages/airflow/example_dags/example_setup_teardown_taskflow.py
[2024-02-01T23:06:45.688+0100] {processor.py:830} INFO - Processing file /home/ubuntu/.local/lib/python3.10/site-packages/airflow/example_dags/example_setup_teardown_taskflow.py for tasks to queue
[2024-02-01T23:06:45.693+0100] {logging_mixin.py:188} INFO - [2024-02-01T23:06:45.692+0100] {dagbag.py:538} INFO - Filling up the DagBag from /home/ubuntu/.local/lib/python3.10/site-packages/airflow/example_dags/example_setup_teardown_taskflow.py
[2024-02-01T23:06:45.730+0100] {processor.py:840} INFO - DAG(s) 'example_setup_teardown_taskflow' retrieved from /home/ubuntu/.local/lib/python3.10/site-packages/airflow/example_dags/example_setup_teardown_taskflow.py
[2024-02-01T23:06:45.763+0100] {logging_mixin.py:188} INFO - [2024-02-01T23:06:45.763+0100] {dag.py:3033} INFO - Sync 1 DAGs
[2024-02-01T23:06:45.843+0100] {logging_mixin.py:188} INFO - [2024-02-01T23:06:45.843+0100] {dag.py:3820} INFO - Setting next_dagrun for example_setup_teardown_taskflow to 2024-01-31T00:00:00+00:00, run_after=2024-02-01T00:00:00+00:00
[2024-02-01T23:06:45.915+0100] {processor.py:183} INFO - Processing /home/ubuntu/.local/lib/python3.10/site-packages/airflow/example_dags/example_setup_teardown_taskflow.py took 0.235 seconds
[2024-02-01T23:08:05.022+0100] {processor.py:161} INFO - Started process (PID=15780) to work on /home/ubuntu/.local/lib/python3.10/site-packages/airflow/example_dags/example_setup_teardown_taskflow.py
[2024-02-01T23:08:05.026+0100] {processor.py:830} INFO - Processing file /home/ubuntu/.local/lib/python3.10/site-packages/airflow/example_dags/example_setup_teardown_taskflow.py for tasks to queue
[2024-02-01T23:08:05.031+0100] {logging_mixin.py:188} INFO - [2024-02-01T23:08:05.029+0100] {dagbag.py:538} INFO - Filling up the DagBag from /home/ubuntu/.local/lib/python3.10/site-packages/airflow/example_dags/example_setup_teardown_taskflow.py
[2024-02-01T23:08:05.070+0100] {processor.py:840} INFO - DAG(s) 'example_setup_teardown_taskflow' retrieved from /home/ubuntu/.local/lib/python3.10/site-packages/airflow/example_dags/example_setup_teardown_taskflow.py
[2024-02-01T23:08:05.120+0100] {logging_mixin.py:188} INFO - [2024-02-01T23:08:05.120+0100] {dag.py:3033} INFO - Sync 1 DAGs
[2024-02-01T23:08:05.466+0100] {logging_mixin.py:188} INFO - [2024-02-01T23:08:05.465+0100] {dag.py:3820} INFO - Setting next_dagrun for example_setup_teardown_taskflow to 2024-01-31T00:00:00+00:00, run_after=2024-02-01T00:00:00+00:00
[2024-02-01T23:08:05.589+0100] {processor.py:183} INFO - Processing /home/ubuntu/.local/lib/python3.10/site-packages/airflow/example_dags/example_setup_teardown_taskflow.py took 0.572 seconds
[2024-02-01T23:09:28.173+0100] {processor.py:161} INFO - Started process (PID=15901) to work on /home/ubuntu/.local/lib/python3.10/site-packages/airflow/example_dags/example_setup_teardown_taskflow.py
[2024-02-01T23:09:28.176+0100] {processor.py:830} INFO - Processing file /home/ubuntu/.local/lib/python3.10/site-packages/airflow/example_dags/example_setup_teardown_taskflow.py for tasks to queue
[2024-02-01T23:09:28.177+0100] {logging_mixin.py:188} INFO - [2024-02-01T23:09:28.176+0100] {dagbag.py:538} INFO - Filling up the DagBag from /home/ubuntu/.local/lib/python3.10/site-packages/airflow/example_dags/example_setup_teardown_taskflow.py
[2024-02-01T23:09:28.191+0100] {processor.py:840} INFO - DAG(s) 'example_setup_teardown_taskflow' retrieved from /home/ubuntu/.local/lib/python3.10/site-packages/airflow/example_dags/example_setup_teardown_taskflow.py
[2024-02-01T23:09:28.218+0100] {logging_mixin.py:188} INFO - [2024-02-01T23:09:28.218+0100] {dag.py:3033} INFO - Sync 1 DAGs
[2024-02-01T23:09:28.237+0100] {logging_mixin.py:188} INFO - [2024-02-01T23:09:28.237+0100] {dag.py:3820} INFO - Setting next_dagrun for example_setup_teardown_taskflow to 2024-01-31T00:00:00+00:00, run_after=2024-02-01T00:00:00+00:00
[2024-02-01T23:09:28.288+0100] {processor.py:183} INFO - Processing /home/ubuntu/.local/lib/python3.10/site-packages/airflow/example_dags/example_setup_teardown_taskflow.py took 0.120 seconds
[2024-02-01T23:10:25.438+0100] {processor.py:161} INFO - Started process (PID=15989) to work on /home/ubuntu/.local/lib/python3.10/site-packages/airflow/example_dags/example_setup_teardown_taskflow.py
[2024-02-01T23:10:25.440+0100] {processor.py:830} INFO - Processing file /home/ubuntu/.local/lib/python3.10/site-packages/airflow/example_dags/example_setup_teardown_taskflow.py for tasks to queue
[2024-02-01T23:10:25.442+0100] {logging_mixin.py:188} INFO - [2024-02-01T23:10:25.441+0100] {dagbag.py:538} INFO - Filling up the DagBag from /home/ubuntu/.local/lib/python3.10/site-packages/airflow/example_dags/example_setup_teardown_taskflow.py
[2024-02-01T23:10:25.453+0100] {processor.py:840} INFO - DAG(s) 'example_setup_teardown_taskflow' retrieved from /home/ubuntu/.local/lib/python3.10/site-packages/airflow/example_dags/example_setup_teardown_taskflow.py
[2024-02-01T23:10:25.473+0100] {logging_mixin.py:188} INFO - [2024-02-01T23:10:25.472+0100] {dag.py:3033} INFO - Sync 1 DAGs
[2024-02-01T23:10:25.491+0100] {logging_mixin.py:188} INFO - [2024-02-01T23:10:25.491+0100] {dag.py:3820} INFO - Setting next_dagrun for example_setup_teardown_taskflow to 2024-01-31T00:00:00+00:00, run_after=2024-02-01T00:00:00+00:00
[2024-02-01T23:10:25.559+0100] {processor.py:183} INFO - Processing /home/ubuntu/.local/lib/python3.10/site-packages/airflow/example_dags/example_setup_teardown_taskflow.py took 0.125 seconds
[2024-02-01T23:11:24.922+0100] {processor.py:161} INFO - Started process (PID=16084) to work on /home/ubuntu/.local/lib/python3.10/site-packages/airflow/example_dags/example_setup_teardown_taskflow.py
[2024-02-01T23:11:24.925+0100] {processor.py:830} INFO - Processing file /home/ubuntu/.local/lib/python3.10/site-packages/airflow/example_dags/example_setup_teardown_taskflow.py for tasks to queue
[2024-02-01T23:11:24.927+0100] {logging_mixin.py:188} INFO - [2024-02-01T23:11:24.927+0100] {dagbag.py:538} INFO - Filling up the DagBag from /home/ubuntu/.local/lib/python3.10/site-packages/airflow/example_dags/example_setup_teardown_taskflow.py
[2024-02-01T23:11:24.940+0100] {processor.py:840} INFO - DAG(s) 'example_setup_teardown_taskflow' retrieved from /home/ubuntu/.local/lib/python3.10/site-packages/airflow/example_dags/example_setup_teardown_taskflow.py
[2024-02-01T23:11:24.959+0100] {logging_mixin.py:188} INFO - [2024-02-01T23:11:24.959+0100] {dag.py:3033} INFO - Sync 1 DAGs
[2024-02-01T23:11:24.978+0100] {logging_mixin.py:188} INFO - [2024-02-01T23:11:24.977+0100] {dag.py:3820} INFO - Setting next_dagrun for example_setup_teardown_taskflow to 2024-01-31T00:00:00+00:00, run_after=2024-02-01T00:00:00+00:00
[2024-02-01T23:11:25.036+0100] {processor.py:183} INFO - Processing /home/ubuntu/.local/lib/python3.10/site-packages/airflow/example_dags/example_setup_teardown_taskflow.py took 0.120 seconds
[2024-02-01T23:12:22.284+0100] {processor.py:161} INFO - Started process (PID=16179) to work on /home/ubuntu/.local/lib/python3.10/site-packages/airflow/example_dags/example_setup_teardown_taskflow.py
[2024-02-01T23:12:22.284+0100] {processor.py:830} INFO - Processing file /home/ubuntu/.local/lib/python3.10/site-packages/airflow/example_dags/example_setup_teardown_taskflow.py for tasks to queue
[2024-02-01T23:12:22.284+0100] {logging_mixin.py:188} INFO - [2024-02-01T23:12:22.284+0100] {dagbag.py:538} INFO - Filling up the DagBag from /home/ubuntu/.local/lib/python3.10/site-packages/airflow/example_dags/example_setup_teardown_taskflow.py
[2024-02-01T23:12:22.308+0100] {processor.py:840} INFO - DAG(s) 'example_setup_teardown_taskflow' retrieved from /home/ubuntu/.local/lib/python3.10/site-packages/airflow/example_dags/example_setup_teardown_taskflow.py
[2024-02-01T23:12:22.340+0100] {logging_mixin.py:188} INFO - [2024-02-01T23:12:22.340+0100] {dag.py:3033} INFO - Sync 1 DAGs
[2024-02-01T23:12:22.359+0100] {logging_mixin.py:188} INFO - [2024-02-01T23:12:22.359+0100] {dag.py:3820} INFO - Setting next_dagrun for example_setup_teardown_taskflow to 2024-01-31T00:00:00+00:00, run_after=2024-02-01T00:00:00+00:00
[2024-02-01T23:12:22.403+0100] {processor.py:183} INFO - Processing /home/ubuntu/.local/lib/python3.10/site-packages/airflow/example_dags/example_setup_teardown_taskflow.py took 0.119 seconds
[2024-02-01T23:13:18.584+0100] {processor.py:161} INFO - Started process (PID=16273) to work on /home/ubuntu/.local/lib/python3.10/site-packages/airflow/example_dags/example_setup_teardown_taskflow.py
[2024-02-01T23:13:18.595+0100] {processor.py:830} INFO - Processing file /home/ubuntu/.local/lib/python3.10/site-packages/airflow/example_dags/example_setup_teardown_taskflow.py for tasks to queue
[2024-02-01T23:13:18.596+0100] {logging_mixin.py:188} INFO - [2024-02-01T23:13:18.596+0100] {dagbag.py:538} INFO - Filling up the DagBag from /home/ubuntu/.local/lib/python3.10/site-packages/airflow/example_dags/example_setup_teardown_taskflow.py
[2024-02-01T23:13:18.613+0100] {processor.py:840} INFO - DAG(s) 'example_setup_teardown_taskflow' retrieved from /home/ubuntu/.local/lib/python3.10/site-packages/airflow/example_dags/example_setup_teardown_taskflow.py
[2024-02-01T23:13:18.639+0100] {logging_mixin.py:188} INFO - [2024-02-01T23:13:18.638+0100] {dag.py:3033} INFO - Sync 1 DAGs
[2024-02-01T23:13:18.664+0100] {logging_mixin.py:188} INFO - [2024-02-01T23:13:18.664+0100] {dag.py:3820} INFO - Setting next_dagrun for example_setup_teardown_taskflow to 2024-01-31T00:00:00+00:00, run_after=2024-02-01T00:00:00+00:00
[2024-02-01T23:13:18.706+0100] {processor.py:183} INFO - Processing /home/ubuntu/.local/lib/python3.10/site-packages/airflow/example_dags/example_setup_teardown_taskflow.py took 0.126 seconds
[2024-02-01T23:14:14.389+0100] {processor.py:161} INFO - Started process (PID=16372) to work on /home/ubuntu/.local/lib/python3.10/site-packages/airflow/example_dags/example_setup_teardown_taskflow.py
[2024-02-01T23:14:14.392+0100] {processor.py:830} INFO - Processing file /home/ubuntu/.local/lib/python3.10/site-packages/airflow/example_dags/example_setup_teardown_taskflow.py for tasks to queue
[2024-02-01T23:14:14.393+0100] {logging_mixin.py:188} INFO - [2024-02-01T23:14:14.393+0100] {dagbag.py:538} INFO - Filling up the DagBag from /home/ubuntu/.local/lib/python3.10/site-packages/airflow/example_dags/example_setup_teardown_taskflow.py
[2024-02-01T23:14:14.407+0100] {processor.py:840} INFO - DAG(s) 'example_setup_teardown_taskflow' retrieved from /home/ubuntu/.local/lib/python3.10/site-packages/airflow/example_dags/example_setup_teardown_taskflow.py
[2024-02-01T23:14:14.431+0100] {logging_mixin.py:188} INFO - [2024-02-01T23:14:14.431+0100] {dag.py:3033} INFO - Sync 1 DAGs
[2024-02-01T23:14:14.453+0100] {logging_mixin.py:188} INFO - [2024-02-01T23:14:14.453+0100] {dag.py:3820} INFO - Setting next_dagrun for example_setup_teardown_taskflow to 2024-01-31T00:00:00+00:00, run_after=2024-02-01T00:00:00+00:00
[2024-02-01T23:14:14.524+0100] {processor.py:183} INFO - Processing /home/ubuntu/.local/lib/python3.10/site-packages/airflow/example_dags/example_setup_teardown_taskflow.py took 0.139 seconds
