[2024-02-01T22:50:07.239+0100] {processor.py:161} INFO - Started process (PID=14618) to work on /home/ubuntu/.local/lib/python3.10/site-packages/airflow/example_dags/example_sensor_decorator.py
[2024-02-01T22:50:07.243+0100] {processor.py:830} INFO - Processing file /home/ubuntu/.local/lib/python3.10/site-packages/airflow/example_dags/example_sensor_decorator.py for tasks to queue
[2024-02-01T22:50:07.243+0100] {logging_mixin.py:188} INFO - [2024-02-01T22:50:07.243+0100] {dagbag.py:538} INFO - Filling up the DagBag from /home/ubuntu/.local/lib/python3.10/site-packages/airflow/example_dags/example_sensor_decorator.py
[2024-02-01T22:50:07.243+0100] {processor.py:840} INFO - DAG(s) 'example_sensor_decorator' retrieved from /home/ubuntu/.local/lib/python3.10/site-packages/airflow/example_dags/example_sensor_decorator.py
[2024-02-01T22:50:07.567+0100] {logging_mixin.py:188} INFO - [2024-02-01T22:50:07.567+0100] {dag.py:3033} INFO - Sync 1 DAGs
[2024-02-01T22:50:07.607+0100] {logging_mixin.py:188} INFO - [2024-02-01T22:50:07.607+0100] {dag.py:3820} INFO - Setting next_dagrun for example_sensor_decorator to None, run_after=None
[2024-02-01T22:50:07.779+0100] {processor.py:183} INFO - Processing /home/ubuntu/.local/lib/python3.10/site-packages/airflow/example_dags/example_sensor_decorator.py took 0.548 seconds
[2024-02-01T22:51:41.353+0100] {processor.py:161} INFO - Started process (PID=14767) to work on /home/ubuntu/.local/lib/python3.10/site-packages/airflow/example_dags/example_sensor_decorator.py
[2024-02-01T22:51:41.359+0100] {processor.py:830} INFO - Processing file /home/ubuntu/.local/lib/python3.10/site-packages/airflow/example_dags/example_sensor_decorator.py for tasks to queue
[2024-02-01T22:51:41.362+0100] {logging_mixin.py:188} INFO - [2024-02-01T22:51:41.360+0100] {dagbag.py:538} INFO - Filling up the DagBag from /home/ubuntu/.local/lib/python3.10/site-packages/airflow/example_dags/example_sensor_decorator.py
[2024-02-01T22:51:41.403+0100] {processor.py:840} INFO - DAG(s) 'example_sensor_decorator' retrieved from /home/ubuntu/.local/lib/python3.10/site-packages/airflow/example_dags/example_sensor_decorator.py
[2024-02-01T22:51:41.495+0100] {logging_mixin.py:188} INFO - [2024-02-01T22:51:41.495+0100] {dag.py:3033} INFO - Sync 1 DAGs
[2024-02-01T22:51:41.527+0100] {logging_mixin.py:188} INFO - [2024-02-01T22:51:41.527+0100] {dag.py:3820} INFO - Setting next_dagrun for example_sensor_decorator to None, run_after=None
[2024-02-01T22:51:41.643+0100] {processor.py:183} INFO - Processing /home/ubuntu/.local/lib/python3.10/site-packages/airflow/example_dags/example_sensor_decorator.py took 0.310 seconds
[2024-02-01T22:55:43.960+0100] {processor.py:161} INFO - Started process (PID=14982) to work on /home/ubuntu/.local/lib/python3.10/site-packages/airflow/example_dags/example_sensor_decorator.py
[2024-02-01T22:55:43.973+0100] {processor.py:830} INFO - Processing file /home/ubuntu/.local/lib/python3.10/site-packages/airflow/example_dags/example_sensor_decorator.py for tasks to queue
[2024-02-01T22:55:43.980+0100] {logging_mixin.py:188} INFO - [2024-02-01T22:55:43.979+0100] {dagbag.py:538} INFO - Filling up the DagBag from /home/ubuntu/.local/lib/python3.10/site-packages/airflow/example_dags/example_sensor_decorator.py
[2024-02-01T22:55:44.005+0100] {processor.py:840} INFO - DAG(s) 'example_sensor_decorator' retrieved from /home/ubuntu/.local/lib/python3.10/site-packages/airflow/example_dags/example_sensor_decorator.py
[2024-02-01T22:55:44.036+0100] {logging_mixin.py:188} INFO - [2024-02-01T22:55:44.036+0100] {dag.py:3033} INFO - Sync 1 DAGs
[2024-02-01T22:55:44.060+0100] {logging_mixin.py:188} INFO - [2024-02-01T22:55:44.059+0100] {dag.py:3820} INFO - Setting next_dagrun for example_sensor_decorator to None, run_after=None
[2024-02-01T22:55:44.192+0100] {processor.py:183} INFO - Processing /home/ubuntu/.local/lib/python3.10/site-packages/airflow/example_dags/example_sensor_decorator.py took 0.239 seconds
[2024-02-01T22:57:26.648+0100] {processor.py:161} INFO - Started process (PID=15060) to work on /home/ubuntu/.local/lib/python3.10/site-packages/airflow/example_dags/example_sensor_decorator.py
[2024-02-01T22:57:26.659+0100] {processor.py:830} INFO - Processing file /home/ubuntu/.local/lib/python3.10/site-packages/airflow/example_dags/example_sensor_decorator.py for tasks to queue
[2024-02-01T22:57:26.661+0100] {logging_mixin.py:188} INFO - [2024-02-01T22:57:26.660+0100] {dagbag.py:538} INFO - Filling up the DagBag from /home/ubuntu/.local/lib/python3.10/site-packages/airflow/example_dags/example_sensor_decorator.py
[2024-02-01T22:57:26.675+0100] {processor.py:840} INFO - DAG(s) 'example_sensor_decorator' retrieved from /home/ubuntu/.local/lib/python3.10/site-packages/airflow/example_dags/example_sensor_decorator.py
[2024-02-01T22:57:26.769+0100] {logging_mixin.py:188} INFO - [2024-02-01T22:57:26.769+0100] {dag.py:3033} INFO - Sync 1 DAGs
[2024-02-01T22:57:26.846+0100] {logging_mixin.py:188} INFO - [2024-02-01T22:57:26.846+0100] {dag.py:3820} INFO - Setting next_dagrun for example_sensor_decorator to None, run_after=None
[2024-02-01T22:57:26.901+0100] {processor.py:183} INFO - Processing /home/ubuntu/.local/lib/python3.10/site-packages/airflow/example_dags/example_sensor_decorator.py took 0.317 seconds
[2024-02-01T22:58:54.582+0100] {processor.py:161} INFO - Started process (PID=15154) to work on /home/ubuntu/.local/lib/python3.10/site-packages/airflow/example_dags/example_sensor_decorator.py
[2024-02-01T22:58:54.582+0100] {processor.py:830} INFO - Processing file /home/ubuntu/.local/lib/python3.10/site-packages/airflow/example_dags/example_sensor_decorator.py for tasks to queue
[2024-02-01T22:58:54.582+0100] {logging_mixin.py:188} INFO - [2024-02-01T22:58:54.582+0100] {dagbag.py:538} INFO - Filling up the DagBag from /home/ubuntu/.local/lib/python3.10/site-packages/airflow/example_dags/example_sensor_decorator.py
[2024-02-01T22:58:54.602+0100] {processor.py:840} INFO - DAG(s) 'example_sensor_decorator' retrieved from /home/ubuntu/.local/lib/python3.10/site-packages/airflow/example_dags/example_sensor_decorator.py
[2024-02-01T22:58:54.626+0100] {logging_mixin.py:188} INFO - [2024-02-01T22:58:54.626+0100] {dag.py:3033} INFO - Sync 1 DAGs
[2024-02-01T22:58:54.662+0100] {logging_mixin.py:188} INFO - [2024-02-01T22:58:54.662+0100] {dag.py:3820} INFO - Setting next_dagrun for example_sensor_decorator to None, run_after=None
[2024-02-01T22:58:54.738+0100] {processor.py:183} INFO - Processing /home/ubuntu/.local/lib/python3.10/site-packages/airflow/example_dags/example_sensor_decorator.py took 0.184 seconds
[2024-02-01T23:00:35.060+0100] {processor.py:161} INFO - Started process (PID=15333) to work on /home/ubuntu/.local/lib/python3.10/site-packages/airflow/example_dags/example_sensor_decorator.py
[2024-02-01T23:00:35.064+0100] {processor.py:830} INFO - Processing file /home/ubuntu/.local/lib/python3.10/site-packages/airflow/example_dags/example_sensor_decorator.py for tasks to queue
[2024-02-01T23:00:35.066+0100] {logging_mixin.py:188} INFO - [2024-02-01T23:00:35.065+0100] {dagbag.py:538} INFO - Filling up the DagBag from /home/ubuntu/.local/lib/python3.10/site-packages/airflow/example_dags/example_sensor_decorator.py
[2024-02-01T23:00:35.074+0100] {processor.py:840} INFO - DAG(s) 'example_sensor_decorator' retrieved from /home/ubuntu/.local/lib/python3.10/site-packages/airflow/example_dags/example_sensor_decorator.py
[2024-02-01T23:00:35.093+0100] {logging_mixin.py:188} INFO - [2024-02-01T23:00:35.092+0100] {dag.py:3033} INFO - Sync 1 DAGs
[2024-02-01T23:00:35.105+0100] {logging_mixin.py:188} INFO - [2024-02-01T23:00:35.105+0100] {dag.py:3820} INFO - Setting next_dagrun for example_sensor_decorator to None, run_after=None
[2024-02-01T23:00:35.200+0100] {processor.py:183} INFO - Processing /home/ubuntu/.local/lib/python3.10/site-packages/airflow/example_dags/example_sensor_decorator.py took 0.145 seconds
[2024-02-01T23:01:36.849+0100] {processor.py:161} INFO - Started process (PID=15426) to work on /home/ubuntu/.local/lib/python3.10/site-packages/airflow/example_dags/example_sensor_decorator.py
[2024-02-01T23:01:36.855+0100] {processor.py:830} INFO - Processing file /home/ubuntu/.local/lib/python3.10/site-packages/airflow/example_dags/example_sensor_decorator.py for tasks to queue
[2024-02-01T23:01:36.858+0100] {logging_mixin.py:188} INFO - [2024-02-01T23:01:36.856+0100] {dagbag.py:538} INFO - Filling up the DagBag from /home/ubuntu/.local/lib/python3.10/site-packages/airflow/example_dags/example_sensor_decorator.py
[2024-02-01T23:01:36.869+0100] {processor.py:840} INFO - DAG(s) 'example_sensor_decorator' retrieved from /home/ubuntu/.local/lib/python3.10/site-packages/airflow/example_dags/example_sensor_decorator.py
[2024-02-01T23:01:36.927+0100] {logging_mixin.py:188} INFO - [2024-02-01T23:01:36.926+0100] {dag.py:3033} INFO - Sync 1 DAGs
[2024-02-01T23:01:36.966+0100] {logging_mixin.py:188} INFO - [2024-02-01T23:01:36.966+0100] {dag.py:3820} INFO - Setting next_dagrun for example_sensor_decorator to None, run_after=None
[2024-02-01T23:01:37.042+0100] {processor.py:183} INFO - Processing /home/ubuntu/.local/lib/python3.10/site-packages/airflow/example_dags/example_sensor_decorator.py took 0.210 seconds
[2024-02-01T23:02:50.561+0100] {processor.py:161} INFO - Started process (PID=15512) to work on /home/ubuntu/.local/lib/python3.10/site-packages/airflow/example_dags/example_sensor_decorator.py
[2024-02-01T23:02:50.565+0100] {processor.py:830} INFO - Processing file /home/ubuntu/.local/lib/python3.10/site-packages/airflow/example_dags/example_sensor_decorator.py for tasks to queue
[2024-02-01T23:02:50.565+0100] {logging_mixin.py:188} INFO - [2024-02-01T23:02:50.565+0100] {dagbag.py:538} INFO - Filling up the DagBag from /home/ubuntu/.local/lib/python3.10/site-packages/airflow/example_dags/example_sensor_decorator.py
[2024-02-01T23:02:50.593+0100] {processor.py:840} INFO - DAG(s) 'example_sensor_decorator' retrieved from /home/ubuntu/.local/lib/python3.10/site-packages/airflow/example_dags/example_sensor_decorator.py
[2024-02-01T23:02:50.613+0100] {logging_mixin.py:188} INFO - [2024-02-01T23:02:50.613+0100] {dag.py:3033} INFO - Sync 1 DAGs
[2024-02-01T23:02:50.649+0100] {logging_mixin.py:188} INFO - [2024-02-01T23:02:50.649+0100] {dag.py:3820} INFO - Setting next_dagrun for example_sensor_decorator to None, run_after=None
[2024-02-01T23:02:50.765+0100] {processor.py:183} INFO - Processing /home/ubuntu/.local/lib/python3.10/site-packages/airflow/example_dags/example_sensor_decorator.py took 0.224 seconds
[2024-02-01T23:04:08.647+0100] {processor.py:161} INFO - Started process (PID=15577) to work on /home/ubuntu/.local/lib/python3.10/site-packages/airflow/example_dags/example_sensor_decorator.py
[2024-02-01T23:04:08.653+0100] {processor.py:830} INFO - Processing file /home/ubuntu/.local/lib/python3.10/site-packages/airflow/example_dags/example_sensor_decorator.py for tasks to queue
[2024-02-01T23:04:08.655+0100] {logging_mixin.py:188} INFO - [2024-02-01T23:04:08.654+0100] {dagbag.py:538} INFO - Filling up the DagBag from /home/ubuntu/.local/lib/python3.10/site-packages/airflow/example_dags/example_sensor_decorator.py
[2024-02-01T23:04:08.667+0100] {processor.py:840} INFO - DAG(s) 'example_sensor_decorator' retrieved from /home/ubuntu/.local/lib/python3.10/site-packages/airflow/example_dags/example_sensor_decorator.py
[2024-02-01T23:04:08.723+0100] {logging_mixin.py:188} INFO - [2024-02-01T23:04:08.722+0100] {dag.py:3033} INFO - Sync 1 DAGs
[2024-02-01T23:04:08.974+0100] {logging_mixin.py:188} INFO - [2024-02-01T23:04:08.973+0100] {dag.py:3820} INFO - Setting next_dagrun for example_sensor_decorator to None, run_after=None
[2024-02-01T23:04:09.039+0100] {processor.py:183} INFO - Processing /home/ubuntu/.local/lib/python3.10/site-packages/airflow/example_dags/example_sensor_decorator.py took 0.403 seconds
[2024-02-01T23:05:22.167+0100] {processor.py:161} INFO - Started process (PID=15640) to work on /home/ubuntu/.local/lib/python3.10/site-packages/airflow/example_dags/example_sensor_decorator.py
[2024-02-01T23:05:22.183+0100] {processor.py:830} INFO - Processing file /home/ubuntu/.local/lib/python3.10/site-packages/airflow/example_dags/example_sensor_decorator.py for tasks to queue
[2024-02-01T23:05:22.187+0100] {logging_mixin.py:188} INFO - [2024-02-01T23:05:22.186+0100] {dagbag.py:538} INFO - Filling up the DagBag from /home/ubuntu/.local/lib/python3.10/site-packages/airflow/example_dags/example_sensor_decorator.py
[2024-02-01T23:05:22.199+0100] {processor.py:840} INFO - DAG(s) 'example_sensor_decorator' retrieved from /home/ubuntu/.local/lib/python3.10/site-packages/airflow/example_dags/example_sensor_decorator.py
[2024-02-01T23:05:22.247+0100] {logging_mixin.py:188} INFO - [2024-02-01T23:05:22.247+0100] {dag.py:3033} INFO - Sync 1 DAGs
[2024-02-01T23:05:22.271+0100] {logging_mixin.py:188} INFO - [2024-02-01T23:05:22.270+0100] {dag.py:3820} INFO - Setting next_dagrun for example_sensor_decorator to None, run_after=None
[2024-02-01T23:05:22.387+0100] {processor.py:183} INFO - Processing /home/ubuntu/.local/lib/python3.10/site-packages/airflow/example_dags/example_sensor_decorator.py took 0.226 seconds
[2024-02-01T23:06:42.654+0100] {processor.py:161} INFO - Started process (PID=15708) to work on /home/ubuntu/.local/lib/python3.10/site-packages/airflow/example_dags/example_sensor_decorator.py
[2024-02-01T23:06:42.666+0100] {processor.py:830} INFO - Processing file /home/ubuntu/.local/lib/python3.10/site-packages/airflow/example_dags/example_sensor_decorator.py for tasks to queue
[2024-02-01T23:06:42.668+0100] {logging_mixin.py:188} INFO - [2024-02-01T23:06:42.667+0100] {dagbag.py:538} INFO - Filling up the DagBag from /home/ubuntu/.local/lib/python3.10/site-packages/airflow/example_dags/example_sensor_decorator.py
[2024-02-01T23:06:42.683+0100] {processor.py:840} INFO - DAG(s) 'example_sensor_decorator' retrieved from /home/ubuntu/.local/lib/python3.10/site-packages/airflow/example_dags/example_sensor_decorator.py
[2024-02-01T23:06:42.783+0100] {logging_mixin.py:188} INFO - [2024-02-01T23:06:42.783+0100] {dag.py:3033} INFO - Sync 1 DAGs
[2024-02-01T23:06:42.810+0100] {logging_mixin.py:188} INFO - [2024-02-01T23:06:42.810+0100] {dag.py:3820} INFO - Setting next_dagrun for example_sensor_decorator to None, run_after=None
[2024-02-01T23:06:42.907+0100] {processor.py:183} INFO - Processing /home/ubuntu/.local/lib/python3.10/site-packages/airflow/example_dags/example_sensor_decorator.py took 0.289 seconds
[2024-02-01T23:08:01.033+0100] {processor.py:161} INFO - Started process (PID=15775) to work on /home/ubuntu/.local/lib/python3.10/site-packages/airflow/example_dags/example_sensor_decorator.py
[2024-02-01T23:08:01.040+0100] {processor.py:830} INFO - Processing file /home/ubuntu/.local/lib/python3.10/site-packages/airflow/example_dags/example_sensor_decorator.py for tasks to queue
[2024-02-01T23:08:01.042+0100] {logging_mixin.py:188} INFO - [2024-02-01T23:08:01.042+0100] {dagbag.py:538} INFO - Filling up the DagBag from /home/ubuntu/.local/lib/python3.10/site-packages/airflow/example_dags/example_sensor_decorator.py
[2024-02-01T23:08:01.053+0100] {processor.py:840} INFO - DAG(s) 'example_sensor_decorator' retrieved from /home/ubuntu/.local/lib/python3.10/site-packages/airflow/example_dags/example_sensor_decorator.py
[2024-02-01T23:08:01.100+0100] {logging_mixin.py:188} INFO - [2024-02-01T23:08:01.099+0100] {dag.py:3033} INFO - Sync 1 DAGs
[2024-02-01T23:08:01.455+0100] {logging_mixin.py:188} INFO - [2024-02-01T23:08:01.455+0100] {dag.py:3820} INFO - Setting next_dagrun for example_sensor_decorator to None, run_after=None
[2024-02-01T23:08:01.574+0100] {processor.py:183} INFO - Processing /home/ubuntu/.local/lib/python3.10/site-packages/airflow/example_dags/example_sensor_decorator.py took 0.553 seconds
[2024-02-01T23:09:24.279+0100] {processor.py:161} INFO - Started process (PID=15894) to work on /home/ubuntu/.local/lib/python3.10/site-packages/airflow/example_dags/example_sensor_decorator.py
[2024-02-01T23:09:24.281+0100] {processor.py:830} INFO - Processing file /home/ubuntu/.local/lib/python3.10/site-packages/airflow/example_dags/example_sensor_decorator.py for tasks to queue
[2024-02-01T23:09:24.284+0100] {logging_mixin.py:188} INFO - [2024-02-01T23:09:24.283+0100] {dagbag.py:538} INFO - Filling up the DagBag from /home/ubuntu/.local/lib/python3.10/site-packages/airflow/example_dags/example_sensor_decorator.py
[2024-02-01T23:09:24.292+0100] {processor.py:840} INFO - DAG(s) 'example_sensor_decorator' retrieved from /home/ubuntu/.local/lib/python3.10/site-packages/airflow/example_dags/example_sensor_decorator.py
[2024-02-01T23:09:24.322+0100] {logging_mixin.py:188} INFO - [2024-02-01T23:09:24.322+0100] {dag.py:3033} INFO - Sync 1 DAGs
[2024-02-01T23:09:24.337+0100] {logging_mixin.py:188} INFO - [2024-02-01T23:09:24.337+0100] {dag.py:3820} INFO - Setting next_dagrun for example_sensor_decorator to None, run_after=None
[2024-02-01T23:09:24.375+0100] {processor.py:183} INFO - Processing /home/ubuntu/.local/lib/python3.10/site-packages/airflow/example_dags/example_sensor_decorator.py took 0.101 seconds
[2024-02-01T23:10:22.361+0100] {processor.py:161} INFO - Started process (PID=15986) to work on /home/ubuntu/.local/lib/python3.10/site-packages/airflow/example_dags/example_sensor_decorator.py
[2024-02-01T23:10:22.364+0100] {processor.py:830} INFO - Processing file /home/ubuntu/.local/lib/python3.10/site-packages/airflow/example_dags/example_sensor_decorator.py for tasks to queue
[2024-02-01T23:10:22.365+0100] {logging_mixin.py:188} INFO - [2024-02-01T23:10:22.364+0100] {dagbag.py:538} INFO - Filling up the DagBag from /home/ubuntu/.local/lib/python3.10/site-packages/airflow/example_dags/example_sensor_decorator.py
[2024-02-01T23:10:22.373+0100] {processor.py:840} INFO - DAG(s) 'example_sensor_decorator' retrieved from /home/ubuntu/.local/lib/python3.10/site-packages/airflow/example_dags/example_sensor_decorator.py
[2024-02-01T23:10:22.391+0100] {logging_mixin.py:188} INFO - [2024-02-01T23:10:22.391+0100] {dag.py:3033} INFO - Sync 1 DAGs
[2024-02-01T23:10:22.406+0100] {logging_mixin.py:188} INFO - [2024-02-01T23:10:22.406+0100] {dag.py:3820} INFO - Setting next_dagrun for example_sensor_decorator to None, run_after=None
[2024-02-01T23:10:22.451+0100] {processor.py:183} INFO - Processing /home/ubuntu/.local/lib/python3.10/site-packages/airflow/example_dags/example_sensor_decorator.py took 0.095 seconds
[2024-02-01T23:11:21.038+0100] {processor.py:161} INFO - Started process (PID=16078) to work on /home/ubuntu/.local/lib/python3.10/site-packages/airflow/example_dags/example_sensor_decorator.py
[2024-02-01T23:11:21.048+0100] {processor.py:830} INFO - Processing file /home/ubuntu/.local/lib/python3.10/site-packages/airflow/example_dags/example_sensor_decorator.py for tasks to queue
[2024-02-01T23:11:21.064+0100] {logging_mixin.py:188} INFO - [2024-02-01T23:11:21.064+0100] {dagbag.py:538} INFO - Filling up the DagBag from /home/ubuntu/.local/lib/python3.10/site-packages/airflow/example_dags/example_sensor_decorator.py
[2024-02-01T23:11:21.116+0100] {processor.py:840} INFO - DAG(s) 'example_sensor_decorator' retrieved from /home/ubuntu/.local/lib/python3.10/site-packages/airflow/example_dags/example_sensor_decorator.py
[2024-02-01T23:11:21.153+0100] {logging_mixin.py:188} INFO - [2024-02-01T23:11:21.153+0100] {dag.py:3033} INFO - Sync 1 DAGs
[2024-02-01T23:11:21.224+0100] {logging_mixin.py:188} INFO - [2024-02-01T23:11:21.224+0100] {dag.py:3820} INFO - Setting next_dagrun for example_sensor_decorator to None, run_after=None
[2024-02-01T23:11:21.364+0100] {processor.py:183} INFO - Processing /home/ubuntu/.local/lib/python3.10/site-packages/airflow/example_dags/example_sensor_decorator.py took 0.349 seconds
[2024-02-01T23:12:18.420+0100] {processor.py:161} INFO - Started process (PID=16173) to work on /home/ubuntu/.local/lib/python3.10/site-packages/airflow/example_dags/example_sensor_decorator.py
[2024-02-01T23:12:18.420+0100] {processor.py:830} INFO - Processing file /home/ubuntu/.local/lib/python3.10/site-packages/airflow/example_dags/example_sensor_decorator.py for tasks to queue
[2024-02-01T23:12:18.424+0100] {logging_mixin.py:188} INFO - [2024-02-01T23:12:18.424+0100] {dagbag.py:538} INFO - Filling up the DagBag from /home/ubuntu/.local/lib/python3.10/site-packages/airflow/example_dags/example_sensor_decorator.py
[2024-02-01T23:12:18.432+0100] {processor.py:840} INFO - DAG(s) 'example_sensor_decorator' retrieved from /home/ubuntu/.local/lib/python3.10/site-packages/airflow/example_dags/example_sensor_decorator.py
[2024-02-01T23:12:18.462+0100] {logging_mixin.py:188} INFO - [2024-02-01T23:12:18.462+0100] {dag.py:3033} INFO - Sync 1 DAGs
[2024-02-01T23:12:18.474+0100] {logging_mixin.py:188} INFO - [2024-02-01T23:12:18.474+0100] {dag.py:3820} INFO - Setting next_dagrun for example_sensor_decorator to None, run_after=None
[2024-02-01T23:12:18.581+0100] {processor.py:183} INFO - Processing /home/ubuntu/.local/lib/python3.10/site-packages/airflow/example_dags/example_sensor_decorator.py took 0.173 seconds
[2024-02-01T23:13:14.590+0100] {processor.py:161} INFO - Started process (PID=16267) to work on /home/ubuntu/.local/lib/python3.10/site-packages/airflow/example_dags/example_sensor_decorator.py
[2024-02-01T23:13:14.596+0100] {processor.py:830} INFO - Processing file /home/ubuntu/.local/lib/python3.10/site-packages/airflow/example_dags/example_sensor_decorator.py for tasks to queue
[2024-02-01T23:13:14.598+0100] {logging_mixin.py:188} INFO - [2024-02-01T23:13:14.597+0100] {dagbag.py:538} INFO - Filling up the DagBag from /home/ubuntu/.local/lib/python3.10/site-packages/airflow/example_dags/example_sensor_decorator.py
[2024-02-01T23:13:14.609+0100] {processor.py:840} INFO - DAG(s) 'example_sensor_decorator' retrieved from /home/ubuntu/.local/lib/python3.10/site-packages/airflow/example_dags/example_sensor_decorator.py
[2024-02-01T23:13:14.633+0100] {logging_mixin.py:188} INFO - [2024-02-01T23:13:14.633+0100] {dag.py:3033} INFO - Sync 1 DAGs
[2024-02-01T23:13:14.653+0100] {logging_mixin.py:188} INFO - [2024-02-01T23:13:14.652+0100] {dag.py:3820} INFO - Setting next_dagrun for example_sensor_decorator to None, run_after=None
[2024-02-01T23:13:14.698+0100] {processor.py:183} INFO - Processing /home/ubuntu/.local/lib/python3.10/site-packages/airflow/example_dags/example_sensor_decorator.py took 0.114 seconds
[2024-02-01T23:14:10.780+0100] {processor.py:161} INFO - Started process (PID=16366) to work on /home/ubuntu/.local/lib/python3.10/site-packages/airflow/example_dags/example_sensor_decorator.py
[2024-02-01T23:14:10.788+0100] {processor.py:830} INFO - Processing file /home/ubuntu/.local/lib/python3.10/site-packages/airflow/example_dags/example_sensor_decorator.py for tasks to queue
[2024-02-01T23:14:10.792+0100] {logging_mixin.py:188} INFO - [2024-02-01T23:14:10.792+0100] {dagbag.py:538} INFO - Filling up the DagBag from /home/ubuntu/.local/lib/python3.10/site-packages/airflow/example_dags/example_sensor_decorator.py
[2024-02-01T23:14:10.796+0100] {processor.py:840} INFO - DAG(s) 'example_sensor_decorator' retrieved from /home/ubuntu/.local/lib/python3.10/site-packages/airflow/example_dags/example_sensor_decorator.py
[2024-02-01T23:14:10.828+0100] {logging_mixin.py:188} INFO - [2024-02-01T23:14:10.828+0100] {dag.py:3033} INFO - Sync 1 DAGs
[2024-02-01T23:14:10.845+0100] {logging_mixin.py:188} INFO - [2024-02-01T23:14:10.845+0100] {dag.py:3820} INFO - Setting next_dagrun for example_sensor_decorator to None, run_after=None
[2024-02-01T23:14:10.890+0100] {processor.py:183} INFO - Processing /home/ubuntu/.local/lib/python3.10/site-packages/airflow/example_dags/example_sensor_decorator.py took 0.111 seconds
