[2024-02-01T22:49:49.816+0100] {processor.py:161} INFO - Started process (PID=14606) to work on /home/ubuntu/.local/lib/python3.10/site-packages/airflow/example_dags/example_branch_labels.py
[2024-02-01T22:49:49.818+0100] {processor.py:830} INFO - Processing file /home/ubuntu/.local/lib/python3.10/site-packages/airflow/example_dags/example_branch_labels.py for tasks to queue
[2024-02-01T22:49:49.820+0100] {logging_mixin.py:188} INFO - [2024-02-01T22:49:49.819+0100] {dagbag.py:538} INFO - Filling up the DagBag from /home/ubuntu/.local/lib/python3.10/site-packages/airflow/example_dags/example_branch_labels.py
[2024-02-01T22:49:49.913+0100] {processor.py:840} INFO - DAG(s) 'example_branch_labels' retrieved from /home/ubuntu/.local/lib/python3.10/site-packages/airflow/example_dags/example_branch_labels.py
[2024-02-01T22:49:50.598+0100] {logging_mixin.py:188} INFO - [2024-02-01T22:49:50.598+0100] {dag.py:3033} INFO - Sync 1 DAGs
[2024-02-01T22:49:50.793+0100] {logging_mixin.py:188} INFO - [2024-02-01T22:49:50.792+0100] {dag.py:3820} INFO - Setting next_dagrun for example_branch_labels to 2024-01-31T00:00:00+00:00, run_after=2024-02-01T00:00:00+00:00
[2024-02-01T22:49:50.866+0100] {processor.py:183} INFO - Processing /home/ubuntu/.local/lib/python3.10/site-packages/airflow/example_dags/example_branch_labels.py took 1.057 seconds
[2024-02-01T22:51:14.051+0100] {processor.py:161} INFO - Started process (PID=14714) to work on /home/ubuntu/.local/lib/python3.10/site-packages/airflow/example_dags/example_branch_labels.py
[2024-02-01T22:51:14.060+0100] {processor.py:830} INFO - Processing file /home/ubuntu/.local/lib/python3.10/site-packages/airflow/example_dags/example_branch_labels.py for tasks to queue
[2024-02-01T22:51:14.062+0100] {logging_mixin.py:188} INFO - [2024-02-01T22:51:14.062+0100] {dagbag.py:538} INFO - Filling up the DagBag from /home/ubuntu/.local/lib/python3.10/site-packages/airflow/example_dags/example_branch_labels.py
[2024-02-01T22:51:14.075+0100] {processor.py:840} INFO - DAG(s) 'example_branch_labels' retrieved from /home/ubuntu/.local/lib/python3.10/site-packages/airflow/example_dags/example_branch_labels.py
[2024-02-01T22:51:14.108+0100] {logging_mixin.py:188} INFO - [2024-02-01T22:51:14.108+0100] {dag.py:3033} INFO - Sync 1 DAGs
[2024-02-01T22:51:14.142+0100] {logging_mixin.py:188} INFO - [2024-02-01T22:51:14.142+0100] {dag.py:3820} INFO - Setting next_dagrun for example_branch_labels to 2024-01-31T00:00:00+00:00, run_after=2024-02-01T00:00:00+00:00
[2024-02-01T22:51:14.188+0100] {processor.py:183} INFO - Processing /home/ubuntu/.local/lib/python3.10/site-packages/airflow/example_dags/example_branch_labels.py took 0.148 seconds
[2024-02-01T22:52:50.367+0100] {processor.py:161} INFO - Started process (PID=14831) to work on /home/ubuntu/.local/lib/python3.10/site-packages/airflow/example_dags/example_branch_labels.py
[2024-02-01T22:52:50.373+0100] {processor.py:830} INFO - Processing file /home/ubuntu/.local/lib/python3.10/site-packages/airflow/example_dags/example_branch_labels.py for tasks to queue
[2024-02-01T22:52:50.376+0100] {logging_mixin.py:188} INFO - [2024-02-01T22:52:50.374+0100] {dagbag.py:538} INFO - Filling up the DagBag from /home/ubuntu/.local/lib/python3.10/site-packages/airflow/example_dags/example_branch_labels.py
[2024-02-01T22:52:50.390+0100] {processor.py:840} INFO - DAG(s) 'example_branch_labels' retrieved from /home/ubuntu/.local/lib/python3.10/site-packages/airflow/example_dags/example_branch_labels.py
[2024-02-01T22:52:50.418+0100] {logging_mixin.py:188} INFO - [2024-02-01T22:52:50.418+0100] {dag.py:3033} INFO - Sync 1 DAGs
[2024-02-01T22:52:50.445+0100] {logging_mixin.py:188} INFO - [2024-02-01T22:52:50.445+0100] {dag.py:3820} INFO - Setting next_dagrun for example_branch_labels to 2024-01-31T00:00:00+00:00, run_after=2024-02-01T00:00:00+00:00
[2024-02-01T22:52:50.526+0100] {processor.py:183} INFO - Processing /home/ubuntu/.local/lib/python3.10/site-packages/airflow/example_dags/example_branch_labels.py took 0.166 seconds
[2024-02-01T22:55:31.119+0100] {processor.py:161} INFO - Started process (PID=14974) to work on /home/ubuntu/.local/lib/python3.10/site-packages/airflow/example_dags/example_branch_labels.py
[2024-02-01T22:55:31.151+0100] {processor.py:830} INFO - Processing file /home/ubuntu/.local/lib/python3.10/site-packages/airflow/example_dags/example_branch_labels.py for tasks to queue
[2024-02-01T22:55:31.153+0100] {logging_mixin.py:188} INFO - [2024-02-01T22:55:31.152+0100] {dagbag.py:538} INFO - Filling up the DagBag from /home/ubuntu/.local/lib/python3.10/site-packages/airflow/example_dags/example_branch_labels.py
[2024-02-01T22:55:31.174+0100] {processor.py:840} INFO - DAG(s) 'example_branch_labels' retrieved from /home/ubuntu/.local/lib/python3.10/site-packages/airflow/example_dags/example_branch_labels.py
[2024-02-01T22:55:31.210+0100] {logging_mixin.py:188} INFO - [2024-02-01T22:55:31.210+0100] {dag.py:3033} INFO - Sync 1 DAGs
[2024-02-01T22:55:31.280+0100] {logging_mixin.py:188} INFO - [2024-02-01T22:55:31.280+0100] {dag.py:3820} INFO - Setting next_dagrun for example_branch_labels to 2024-01-31T00:00:00+00:00, run_after=2024-02-01T00:00:00+00:00
[2024-02-01T22:55:31.375+0100] {processor.py:183} INFO - Processing /home/ubuntu/.local/lib/python3.10/site-packages/airflow/example_dags/example_branch_labels.py took 0.269 seconds
[2024-02-01T22:56:51.870+0100] {processor.py:161} INFO - Started process (PID=15036) to work on /home/ubuntu/.local/lib/python3.10/site-packages/airflow/example_dags/example_branch_labels.py
[2024-02-01T22:56:51.950+0100] {processor.py:830} INFO - Processing file /home/ubuntu/.local/lib/python3.10/site-packages/airflow/example_dags/example_branch_labels.py for tasks to queue
[2024-02-01T22:56:51.982+0100] {logging_mixin.py:188} INFO - [2024-02-01T22:56:51.950+0100] {dagbag.py:538} INFO - Filling up the DagBag from /home/ubuntu/.local/lib/python3.10/site-packages/airflow/example_dags/example_branch_labels.py
[2024-02-01T22:56:52.121+0100] {processor.py:840} INFO - DAG(s) 'example_branch_labels' retrieved from /home/ubuntu/.local/lib/python3.10/site-packages/airflow/example_dags/example_branch_labels.py
[2024-02-01T22:56:52.286+0100] {logging_mixin.py:188} INFO - [2024-02-01T22:56:52.286+0100] {dag.py:3033} INFO - Sync 1 DAGs
[2024-02-01T22:56:52.334+0100] {logging_mixin.py:188} INFO - [2024-02-01T22:56:52.334+0100] {dag.py:3820} INFO - Setting next_dagrun for example_branch_labels to 2024-01-31T00:00:00+00:00, run_after=2024-02-01T00:00:00+00:00
[2024-02-01T22:56:52.474+0100] {processor.py:183} INFO - Processing /home/ubuntu/.local/lib/python3.10/site-packages/airflow/example_dags/example_branch_labels.py took 0.604 seconds
[2024-02-01T22:58:27.274+0100] {processor.py:161} INFO - Started process (PID=15116) to work on /home/ubuntu/.local/lib/python3.10/site-packages/airflow/example_dags/example_branch_labels.py
[2024-02-01T22:58:27.274+0100] {processor.py:830} INFO - Processing file /home/ubuntu/.local/lib/python3.10/site-packages/airflow/example_dags/example_branch_labels.py for tasks to queue
[2024-02-01T22:58:27.274+0100] {logging_mixin.py:188} INFO - [2024-02-01T22:58:27.274+0100] {dagbag.py:538} INFO - Filling up the DagBag from /home/ubuntu/.local/lib/python3.10/site-packages/airflow/example_dags/example_branch_labels.py
[2024-02-01T22:58:27.306+0100] {processor.py:840} INFO - DAG(s) 'example_branch_labels' retrieved from /home/ubuntu/.local/lib/python3.10/site-packages/airflow/example_dags/example_branch_labels.py
[2024-02-01T22:58:27.368+0100] {logging_mixin.py:188} INFO - [2024-02-01T22:58:27.368+0100] {dag.py:3033} INFO - Sync 1 DAGs
[2024-02-01T22:58:27.422+0100] {logging_mixin.py:188} INFO - [2024-02-01T22:58:27.422+0100] {dag.py:3820} INFO - Setting next_dagrun for example_branch_labels to 2024-01-31T00:00:00+00:00, run_after=2024-02-01T00:00:00+00:00
[2024-02-01T22:58:27.530+0100] {processor.py:183} INFO - Processing /home/ubuntu/.local/lib/python3.10/site-packages/airflow/example_dags/example_branch_labels.py took 0.256 seconds
[2024-02-01T23:00:09.840+0100] {processor.py:161} INFO - Started process (PID=15296) to work on /home/ubuntu/.local/lib/python3.10/site-packages/airflow/example_dags/example_branch_labels.py
[2024-02-01T23:00:09.842+0100] {processor.py:830} INFO - Processing file /home/ubuntu/.local/lib/python3.10/site-packages/airflow/example_dags/example_branch_labels.py for tasks to queue
[2024-02-01T23:00:09.845+0100] {logging_mixin.py:188} INFO - [2024-02-01T23:00:09.845+0100] {dagbag.py:538} INFO - Filling up the DagBag from /home/ubuntu/.local/lib/python3.10/site-packages/airflow/example_dags/example_branch_labels.py
[2024-02-01T23:00:09.854+0100] {processor.py:840} INFO - DAG(s) 'example_branch_labels' retrieved from /home/ubuntu/.local/lib/python3.10/site-packages/airflow/example_dags/example_branch_labels.py
[2024-02-01T23:00:09.875+0100] {logging_mixin.py:188} INFO - [2024-02-01T23:00:09.874+0100] {dag.py:3033} INFO - Sync 1 DAGs
[2024-02-01T23:00:09.901+0100] {logging_mixin.py:188} INFO - [2024-02-01T23:00:09.901+0100] {dag.py:3820} INFO - Setting next_dagrun for example_branch_labels to 2024-01-31T00:00:00+00:00, run_after=2024-02-01T00:00:00+00:00
[2024-02-01T23:00:09.938+0100] {processor.py:183} INFO - Processing /home/ubuntu/.local/lib/python3.10/site-packages/airflow/example_dags/example_branch_labels.py took 0.102 seconds
[2024-02-01T23:01:14.381+0100] {processor.py:161} INFO - Started process (PID=15395) to work on /home/ubuntu/.local/lib/python3.10/site-packages/airflow/example_dags/example_branch_labels.py
[2024-02-01T23:01:14.384+0100] {processor.py:830} INFO - Processing file /home/ubuntu/.local/lib/python3.10/site-packages/airflow/example_dags/example_branch_labels.py for tasks to queue
[2024-02-01T23:01:14.386+0100] {logging_mixin.py:188} INFO - [2024-02-01T23:01:14.384+0100] {dagbag.py:538} INFO - Filling up the DagBag from /home/ubuntu/.local/lib/python3.10/site-packages/airflow/example_dags/example_branch_labels.py
[2024-02-01T23:01:14.399+0100] {processor.py:840} INFO - DAG(s) 'example_branch_labels' retrieved from /home/ubuntu/.local/lib/python3.10/site-packages/airflow/example_dags/example_branch_labels.py
[2024-02-01T23:01:14.434+0100] {logging_mixin.py:188} INFO - [2024-02-01T23:01:14.432+0100] {dag.py:3033} INFO - Sync 1 DAGs
[2024-02-01T23:01:14.460+0100] {logging_mixin.py:188} INFO - [2024-02-01T23:01:14.459+0100] {dag.py:3820} INFO - Setting next_dagrun for example_branch_labels to 2024-01-31T00:00:00+00:00, run_after=2024-02-01T00:00:00+00:00
[2024-02-01T23:01:14.496+0100] {processor.py:183} INFO - Processing /home/ubuntu/.local/lib/python3.10/site-packages/airflow/example_dags/example_branch_labels.py took 0.122 seconds
[2024-02-01T23:02:26.069+0100] {processor.py:161} INFO - Started process (PID=15490) to work on /home/ubuntu/.local/lib/python3.10/site-packages/airflow/example_dags/example_branch_labels.py
[2024-02-01T23:02:26.085+0100] {processor.py:830} INFO - Processing file /home/ubuntu/.local/lib/python3.10/site-packages/airflow/example_dags/example_branch_labels.py for tasks to queue
[2024-02-01T23:02:26.085+0100] {logging_mixin.py:188} INFO - [2024-02-01T23:02:26.085+0100] {dagbag.py:538} INFO - Filling up the DagBag from /home/ubuntu/.local/lib/python3.10/site-packages/airflow/example_dags/example_branch_labels.py
[2024-02-01T23:02:26.109+0100] {processor.py:840} INFO - DAG(s) 'example_branch_labels' retrieved from /home/ubuntu/.local/lib/python3.10/site-packages/airflow/example_dags/example_branch_labels.py
[2024-02-01T23:02:26.145+0100] {logging_mixin.py:188} INFO - [2024-02-01T23:02:26.145+0100] {dag.py:3033} INFO - Sync 1 DAGs
[2024-02-01T23:02:26.217+0100] {logging_mixin.py:188} INFO - [2024-02-01T23:02:26.217+0100] {dag.py:3820} INFO - Setting next_dagrun for example_branch_labels to 2024-01-31T00:00:00+00:00, run_after=2024-02-01T00:00:00+00:00
[2024-02-01T23:02:26.293+0100] {processor.py:183} INFO - Processing /home/ubuntu/.local/lib/python3.10/site-packages/airflow/example_dags/example_branch_labels.py took 0.232 seconds
[2024-02-01T23:03:34.874+0100] {processor.py:161} INFO - Started process (PID=15554) to work on /home/ubuntu/.local/lib/python3.10/site-packages/airflow/example_dags/example_branch_labels.py
[2024-02-01T23:03:34.887+0100] {processor.py:830} INFO - Processing file /home/ubuntu/.local/lib/python3.10/site-packages/airflow/example_dags/example_branch_labels.py for tasks to queue
[2024-02-01T23:03:34.892+0100] {logging_mixin.py:188} INFO - [2024-02-01T23:03:34.891+0100] {dagbag.py:538} INFO - Filling up the DagBag from /home/ubuntu/.local/lib/python3.10/site-packages/airflow/example_dags/example_branch_labels.py
[2024-02-01T23:03:34.932+0100] {processor.py:840} INFO - DAG(s) 'example_branch_labels' retrieved from /home/ubuntu/.local/lib/python3.10/site-packages/airflow/example_dags/example_branch_labels.py
[2024-02-01T23:03:35.002+0100] {logging_mixin.py:188} INFO - [2024-02-01T23:03:35.001+0100] {dag.py:3033} INFO - Sync 1 DAGs
[2024-02-01T23:03:35.042+0100] {logging_mixin.py:188} INFO - [2024-02-01T23:03:35.041+0100] {dag.py:3820} INFO - Setting next_dagrun for example_branch_labels to 2024-01-31T00:00:00+00:00, run_after=2024-02-01T00:00:00+00:00
[2024-02-01T23:03:35.379+0100] {processor.py:183} INFO - Processing /home/ubuntu/.local/lib/python3.10/site-packages/airflow/example_dags/example_branch_labels.py took 0.509 seconds
[2024-02-01T23:04:57.369+0100] {processor.py:161} INFO - Started process (PID=15619) to work on /home/ubuntu/.local/lib/python3.10/site-packages/airflow/example_dags/example_branch_labels.py
[2024-02-01T23:04:57.381+0100] {processor.py:830} INFO - Processing file /home/ubuntu/.local/lib/python3.10/site-packages/airflow/example_dags/example_branch_labels.py for tasks to queue
[2024-02-01T23:04:57.385+0100] {logging_mixin.py:188} INFO - [2024-02-01T23:04:57.381+0100] {dagbag.py:538} INFO - Filling up the DagBag from /home/ubuntu/.local/lib/python3.10/site-packages/airflow/example_dags/example_branch_labels.py
[2024-02-01T23:04:57.385+0100] {processor.py:840} INFO - DAG(s) 'example_branch_labels' retrieved from /home/ubuntu/.local/lib/python3.10/site-packages/airflow/example_dags/example_branch_labels.py
[2024-02-01T23:04:57.437+0100] {logging_mixin.py:188} INFO - [2024-02-01T23:04:57.437+0100] {dag.py:3033} INFO - Sync 1 DAGs
[2024-02-01T23:04:57.477+0100] {logging_mixin.py:188} INFO - [2024-02-01T23:04:57.477+0100] {dag.py:3820} INFO - Setting next_dagrun for example_branch_labels to 2024-01-31T00:00:00+00:00, run_after=2024-02-01T00:00:00+00:00
[2024-02-01T23:04:57.549+0100] {processor.py:183} INFO - Processing /home/ubuntu/.local/lib/python3.10/site-packages/airflow/example_dags/example_branch_labels.py took 0.180 seconds
[2024-02-01T23:06:13.990+0100] {processor.py:161} INFO - Started process (PID=15685) to work on /home/ubuntu/.local/lib/python3.10/site-packages/airflow/example_dags/example_branch_labels.py
[2024-02-01T23:06:14.000+0100] {processor.py:830} INFO - Processing file /home/ubuntu/.local/lib/python3.10/site-packages/airflow/example_dags/example_branch_labels.py for tasks to queue
[2024-02-01T23:06:14.002+0100] {logging_mixin.py:188} INFO - [2024-02-01T23:06:14.002+0100] {dagbag.py:538} INFO - Filling up the DagBag from /home/ubuntu/.local/lib/python3.10/site-packages/airflow/example_dags/example_branch_labels.py
[2024-02-01T23:06:14.019+0100] {processor.py:840} INFO - DAG(s) 'example_branch_labels' retrieved from /home/ubuntu/.local/lib/python3.10/site-packages/airflow/example_dags/example_branch_labels.py
[2024-02-01T23:06:14.075+0100] {logging_mixin.py:188} INFO - [2024-02-01T23:06:14.075+0100] {dag.py:3033} INFO - Sync 1 DAGs
[2024-02-01T23:06:14.153+0100] {logging_mixin.py:188} INFO - [2024-02-01T23:06:14.152+0100] {dag.py:3820} INFO - Setting next_dagrun for example_branch_labels to 2024-01-31T00:00:00+00:00, run_after=2024-02-01T00:00:00+00:00
[2024-02-01T23:06:14.216+0100] {processor.py:183} INFO - Processing /home/ubuntu/.local/lib/python3.10/site-packages/airflow/example_dags/example_branch_labels.py took 0.236 seconds
[2024-02-01T23:07:27.022+0100] {processor.py:161} INFO - Started process (PID=15753) to work on /home/ubuntu/.local/lib/python3.10/site-packages/airflow/example_dags/example_branch_labels.py
[2024-02-01T23:07:27.026+0100] {processor.py:830} INFO - Processing file /home/ubuntu/.local/lib/python3.10/site-packages/airflow/example_dags/example_branch_labels.py for tasks to queue
[2024-02-01T23:07:27.030+0100] {logging_mixin.py:188} INFO - [2024-02-01T23:07:27.028+0100] {dagbag.py:538} INFO - Filling up the DagBag from /home/ubuntu/.local/lib/python3.10/site-packages/airflow/example_dags/example_branch_labels.py
[2024-02-01T23:07:27.046+0100] {processor.py:840} INFO - DAG(s) 'example_branch_labels' retrieved from /home/ubuntu/.local/lib/python3.10/site-packages/airflow/example_dags/example_branch_labels.py
[2024-02-01T23:07:27.079+0100] {logging_mixin.py:188} INFO - [2024-02-01T23:07:27.078+0100] {dag.py:3033} INFO - Sync 1 DAGs
[2024-02-01T23:07:27.135+0100] {logging_mixin.py:188} INFO - [2024-02-01T23:07:27.135+0100] {dag.py:3820} INFO - Setting next_dagrun for example_branch_labels to 2024-01-31T00:00:00+00:00, run_after=2024-02-01T00:00:00+00:00
[2024-02-01T23:07:27.469+0100] {processor.py:183} INFO - Processing /home/ubuntu/.local/lib/python3.10/site-packages/airflow/example_dags/example_branch_labels.py took 0.454 seconds
[2024-02-01T23:08:57.412+0100] {processor.py:161} INFO - Started process (PID=15854) to work on /home/ubuntu/.local/lib/python3.10/site-packages/airflow/example_dags/example_branch_labels.py
[2024-02-01T23:08:57.419+0100] {processor.py:830} INFO - Processing file /home/ubuntu/.local/lib/python3.10/site-packages/airflow/example_dags/example_branch_labels.py for tasks to queue
[2024-02-01T23:08:57.427+0100] {logging_mixin.py:188} INFO - [2024-02-01T23:08:57.426+0100] {dagbag.py:538} INFO - Filling up the DagBag from /home/ubuntu/.local/lib/python3.10/site-packages/airflow/example_dags/example_branch_labels.py
[2024-02-01T23:08:57.439+0100] {processor.py:840} INFO - DAG(s) 'example_branch_labels' retrieved from /home/ubuntu/.local/lib/python3.10/site-packages/airflow/example_dags/example_branch_labels.py
[2024-02-01T23:08:57.514+0100] {logging_mixin.py:188} INFO - [2024-02-01T23:08:57.514+0100] {dag.py:3033} INFO - Sync 1 DAGs
[2024-02-01T23:08:57.554+0100] {logging_mixin.py:188} INFO - [2024-02-01T23:08:57.554+0100] {dag.py:3820} INFO - Setting next_dagrun for example_branch_labels to 2024-01-31T00:00:00+00:00, run_after=2024-02-01T00:00:00+00:00
[2024-02-01T23:08:57.620+0100] {processor.py:183} INFO - Processing /home/ubuntu/.local/lib/python3.10/site-packages/airflow/example_dags/example_branch_labels.py took 0.214 seconds
[2024-02-01T23:10:04.726+0100] {processor.py:161} INFO - Started process (PID=15957) to work on /home/ubuntu/.local/lib/python3.10/site-packages/airflow/example_dags/example_branch_labels.py
[2024-02-01T23:10:04.729+0100] {processor.py:830} INFO - Processing file /home/ubuntu/.local/lib/python3.10/site-packages/airflow/example_dags/example_branch_labels.py for tasks to queue
[2024-02-01T23:10:04.730+0100] {logging_mixin.py:188} INFO - [2024-02-01T23:10:04.730+0100] {dagbag.py:538} INFO - Filling up the DagBag from /home/ubuntu/.local/lib/python3.10/site-packages/airflow/example_dags/example_branch_labels.py
[2024-02-01T23:10:04.741+0100] {processor.py:840} INFO - DAG(s) 'example_branch_labels' retrieved from /home/ubuntu/.local/lib/python3.10/site-packages/airflow/example_dags/example_branch_labels.py
[2024-02-01T23:10:04.760+0100] {logging_mixin.py:188} INFO - [2024-02-01T23:10:04.760+0100] {dag.py:3033} INFO - Sync 1 DAGs
[2024-02-01T23:10:04.781+0100] {logging_mixin.py:188} INFO - [2024-02-01T23:10:04.781+0100] {dag.py:3820} INFO - Setting next_dagrun for example_branch_labels to 2024-01-31T00:00:00+00:00, run_after=2024-02-01T00:00:00+00:00
[2024-02-01T23:10:04.828+0100] {processor.py:183} INFO - Processing /home/ubuntu/.local/lib/python3.10/site-packages/airflow/example_dags/example_branch_labels.py took 0.105 seconds
[2024-02-01T23:11:00.613+0100] {processor.py:161} INFO - Started process (PID=16044) to work on /home/ubuntu/.local/lib/python3.10/site-packages/airflow/example_dags/example_branch_labels.py
[2024-02-01T23:11:00.616+0100] {processor.py:830} INFO - Processing file /home/ubuntu/.local/lib/python3.10/site-packages/airflow/example_dags/example_branch_labels.py for tasks to queue
[2024-02-01T23:11:00.624+0100] {logging_mixin.py:188} INFO - [2024-02-01T23:11:00.624+0100] {dagbag.py:538} INFO - Filling up the DagBag from /home/ubuntu/.local/lib/python3.10/site-packages/airflow/example_dags/example_branch_labels.py
[2024-02-01T23:11:00.656+0100] {processor.py:840} INFO - DAG(s) 'example_branch_labels' retrieved from /home/ubuntu/.local/lib/python3.10/site-packages/airflow/example_dags/example_branch_labels.py
[2024-02-01T23:11:00.684+0100] {logging_mixin.py:188} INFO - [2024-02-01T23:11:00.684+0100] {dag.py:3033} INFO - Sync 1 DAGs
[2024-02-01T23:11:00.718+0100] {logging_mixin.py:188} INFO - [2024-02-01T23:11:00.718+0100] {dag.py:3820} INFO - Setting next_dagrun for example_branch_labels to 2024-01-31T00:00:00+00:00, run_after=2024-02-01T00:00:00+00:00
[2024-02-01T23:11:00.759+0100] {processor.py:183} INFO - Processing /home/ubuntu/.local/lib/python3.10/site-packages/airflow/example_dags/example_branch_labels.py took 0.153 seconds
[2024-02-01T23:12:00.543+0100] {processor.py:161} INFO - Started process (PID=16146) to work on /home/ubuntu/.local/lib/python3.10/site-packages/airflow/example_dags/example_branch_labels.py
[2024-02-01T23:12:00.546+0100] {processor.py:830} INFO - Processing file /home/ubuntu/.local/lib/python3.10/site-packages/airflow/example_dags/example_branch_labels.py for tasks to queue
[2024-02-01T23:12:00.549+0100] {logging_mixin.py:188} INFO - [2024-02-01T23:12:00.548+0100] {dagbag.py:538} INFO - Filling up the DagBag from /home/ubuntu/.local/lib/python3.10/site-packages/airflow/example_dags/example_branch_labels.py
[2024-02-01T23:12:00.560+0100] {processor.py:840} INFO - DAG(s) 'example_branch_labels' retrieved from /home/ubuntu/.local/lib/python3.10/site-packages/airflow/example_dags/example_branch_labels.py
[2024-02-01T23:12:00.584+0100] {logging_mixin.py:188} INFO - [2024-02-01T23:12:00.584+0100] {dag.py:3033} INFO - Sync 1 DAGs
[2024-02-01T23:12:00.613+0100] {logging_mixin.py:188} INFO - [2024-02-01T23:12:00.613+0100] {dag.py:3820} INFO - Setting next_dagrun for example_branch_labels to 2024-01-31T00:00:00+00:00, run_after=2024-02-01T00:00:00+00:00
[2024-02-01T23:12:00.650+0100] {processor.py:183} INFO - Processing /home/ubuntu/.local/lib/python3.10/site-packages/airflow/example_dags/example_branch_labels.py took 0.112 seconds
[2024-02-01T23:12:57.851+0100] {processor.py:161} INFO - Started process (PID=16241) to work on /home/ubuntu/.local/lib/python3.10/site-packages/airflow/example_dags/example_branch_labels.py
[2024-02-01T23:12:57.854+0100] {processor.py:830} INFO - Processing file /home/ubuntu/.local/lib/python3.10/site-packages/airflow/example_dags/example_branch_labels.py for tasks to queue
[2024-02-01T23:12:57.856+0100] {logging_mixin.py:188} INFO - [2024-02-01T23:12:57.855+0100] {dagbag.py:538} INFO - Filling up the DagBag from /home/ubuntu/.local/lib/python3.10/site-packages/airflow/example_dags/example_branch_labels.py
[2024-02-01T23:12:57.865+0100] {processor.py:840} INFO - DAG(s) 'example_branch_labels' retrieved from /home/ubuntu/.local/lib/python3.10/site-packages/airflow/example_dags/example_branch_labels.py
[2024-02-01T23:12:57.892+0100] {logging_mixin.py:188} INFO - [2024-02-01T23:12:57.892+0100] {dag.py:3033} INFO - Sync 1 DAGs
[2024-02-01T23:12:57.917+0100] {logging_mixin.py:188} INFO - [2024-02-01T23:12:57.916+0100] {dag.py:3820} INFO - Setting next_dagrun for example_branch_labels to 2024-01-31T00:00:00+00:00, run_after=2024-02-01T00:00:00+00:00
[2024-02-01T23:12:57.964+0100] {processor.py:183} INFO - Processing /home/ubuntu/.local/lib/python3.10/site-packages/airflow/example_dags/example_branch_labels.py took 0.118 seconds
[2024-02-01T23:13:53.627+0100] {processor.py:161} INFO - Started process (PID=16339) to work on /home/ubuntu/.local/lib/python3.10/site-packages/airflow/example_dags/example_branch_labels.py
[2024-02-01T23:13:53.630+0100] {processor.py:830} INFO - Processing file /home/ubuntu/.local/lib/python3.10/site-packages/airflow/example_dags/example_branch_labels.py for tasks to queue
[2024-02-01T23:13:53.631+0100] {logging_mixin.py:188} INFO - [2024-02-01T23:13:53.631+0100] {dagbag.py:538} INFO - Filling up the DagBag from /home/ubuntu/.local/lib/python3.10/site-packages/airflow/example_dags/example_branch_labels.py
[2024-02-01T23:13:53.643+0100] {processor.py:840} INFO - DAG(s) 'example_branch_labels' retrieved from /home/ubuntu/.local/lib/python3.10/site-packages/airflow/example_dags/example_branch_labels.py
[2024-02-01T23:13:53.662+0100] {logging_mixin.py:188} INFO - [2024-02-01T23:13:53.662+0100] {dag.py:3033} INFO - Sync 1 DAGs
[2024-02-01T23:13:53.694+0100] {logging_mixin.py:188} INFO - [2024-02-01T23:13:53.694+0100] {dag.py:3820} INFO - Setting next_dagrun for example_branch_labels to 2024-01-31T00:00:00+00:00, run_after=2024-02-01T00:00:00+00:00
[2024-02-01T23:13:53.733+0100] {processor.py:183} INFO - Processing /home/ubuntu/.local/lib/python3.10/site-packages/airflow/example_dags/example_branch_labels.py took 0.115 seconds
