[2024-02-01T22:49:23.472+0100] {processor.py:161} INFO - Started process (PID=14587) to work on /home/ubuntu/.local/lib/python3.10/site-packages/airflow/example_dags/example_trigger_controller_dag.py
[2024-02-01T22:49:23.487+0100] {processor.py:830} INFO - Processing file /home/ubuntu/.local/lib/python3.10/site-packages/airflow/example_dags/example_trigger_controller_dag.py for tasks to queue
[2024-02-01T22:49:23.502+0100] {logging_mixin.py:188} INFO - [2024-02-01T22:49:23.494+0100] {dagbag.py:538} INFO - Filling up the DagBag from /home/ubuntu/.local/lib/python3.10/site-packages/airflow/example_dags/example_trigger_controller_dag.py
[2024-02-01T22:49:23.513+0100] {processor.py:840} INFO - DAG(s) 'example_trigger_controller_dag' retrieved from /home/ubuntu/.local/lib/python3.10/site-packages/airflow/example_dags/example_trigger_controller_dag.py
[2024-02-01T22:49:23.886+0100] {logging_mixin.py:188} INFO - [2024-02-01T22:49:23.886+0100] {dag.py:3033} INFO - Sync 1 DAGs
[2024-02-01T22:49:23.970+0100] {logging_mixin.py:188} INFO - [2024-02-01T22:49:23.969+0100] {dag.py:3820} INFO - Setting next_dagrun for example_trigger_controller_dag to 2021-01-01T00:00:00+00:00, run_after=2021-01-01T00:00:00+00:00
[2024-02-01T22:49:24.079+0100] {processor.py:183} INFO - Processing /home/ubuntu/.local/lib/python3.10/site-packages/airflow/example_dags/example_trigger_controller_dag.py took 0.623 seconds
[2024-02-01T22:50:54.795+0100] {processor.py:161} INFO - Started process (PID=14685) to work on /home/ubuntu/.local/lib/python3.10/site-packages/airflow/example_dags/example_trigger_controller_dag.py
[2024-02-01T22:50:54.855+0100] {processor.py:830} INFO - Processing file /home/ubuntu/.local/lib/python3.10/site-packages/airflow/example_dags/example_trigger_controller_dag.py for tasks to queue
[2024-02-01T22:50:54.855+0100] {logging_mixin.py:188} INFO - [2024-02-01T22:50:54.855+0100] {dagbag.py:538} INFO - Filling up the DagBag from /home/ubuntu/.local/lib/python3.10/site-packages/airflow/example_dags/example_trigger_controller_dag.py
[2024-02-01T22:50:54.855+0100] {processor.py:840} INFO - DAG(s) 'example_trigger_controller_dag' retrieved from /home/ubuntu/.local/lib/python3.10/site-packages/airflow/example_dags/example_trigger_controller_dag.py
[2024-02-01T22:50:54.923+0100] {logging_mixin.py:188} INFO - [2024-02-01T22:50:54.923+0100] {dag.py:3033} INFO - Sync 1 DAGs
[2024-02-01T22:50:55.019+0100] {logging_mixin.py:188} INFO - [2024-02-01T22:50:55.019+0100] {dag.py:3820} INFO - Setting next_dagrun for example_trigger_controller_dag to 2021-01-01T00:00:00+00:00, run_after=2021-01-01T00:00:00+00:00
[2024-02-01T22:50:55.223+0100] {processor.py:183} INFO - Processing /home/ubuntu/.local/lib/python3.10/site-packages/airflow/example_dags/example_trigger_controller_dag.py took 0.428 seconds
[2024-02-01T22:52:27.347+0100] {processor.py:161} INFO - Started process (PID=14812) to work on /home/ubuntu/.local/lib/python3.10/site-packages/airflow/example_dags/example_trigger_controller_dag.py
[2024-02-01T22:52:27.350+0100] {processor.py:830} INFO - Processing file /home/ubuntu/.local/lib/python3.10/site-packages/airflow/example_dags/example_trigger_controller_dag.py for tasks to queue
[2024-02-01T22:52:27.355+0100] {logging_mixin.py:188} INFO - [2024-02-01T22:52:27.354+0100] {dagbag.py:538} INFO - Filling up the DagBag from /home/ubuntu/.local/lib/python3.10/site-packages/airflow/example_dags/example_trigger_controller_dag.py
[2024-02-01T22:52:27.365+0100] {processor.py:840} INFO - DAG(s) 'example_trigger_controller_dag' retrieved from /home/ubuntu/.local/lib/python3.10/site-packages/airflow/example_dags/example_trigger_controller_dag.py
[2024-02-01T22:52:27.467+0100] {logging_mixin.py:188} INFO - [2024-02-01T22:52:27.467+0100] {dag.py:3033} INFO - Sync 1 DAGs
[2024-02-01T22:52:27.543+0100] {logging_mixin.py:188} INFO - [2024-02-01T22:52:27.543+0100] {dag.py:3820} INFO - Setting next_dagrun for example_trigger_controller_dag to 2021-01-01T00:00:00+00:00, run_after=2021-01-01T00:00:00+00:00
[2024-02-01T22:52:27.679+0100] {processor.py:183} INFO - Processing /home/ubuntu/.local/lib/python3.10/site-packages/airflow/example_dags/example_trigger_controller_dag.py took 0.342 seconds
[2024-02-01T22:55:10.999+0100] {processor.py:161} INFO - Started process (PID=14955) to work on /home/ubuntu/.local/lib/python3.10/site-packages/airflow/example_dags/example_trigger_controller_dag.py
[2024-02-01T22:55:11.003+0100] {processor.py:830} INFO - Processing file /home/ubuntu/.local/lib/python3.10/site-packages/airflow/example_dags/example_trigger_controller_dag.py for tasks to queue
[2024-02-01T22:55:11.003+0100] {logging_mixin.py:188} INFO - [2024-02-01T22:55:11.003+0100] {dagbag.py:538} INFO - Filling up the DagBag from /home/ubuntu/.local/lib/python3.10/site-packages/airflow/example_dags/example_trigger_controller_dag.py
[2024-02-01T22:55:11.003+0100] {processor.py:840} INFO - DAG(s) 'example_trigger_controller_dag' retrieved from /home/ubuntu/.local/lib/python3.10/site-packages/airflow/example_dags/example_trigger_controller_dag.py
[2024-02-01T22:55:11.123+0100] {logging_mixin.py:188} INFO - [2024-02-01T22:55:11.115+0100] {dag.py:3033} INFO - Sync 1 DAGs
[2024-02-01T22:55:11.155+0100] {logging_mixin.py:188} INFO - [2024-02-01T22:55:11.155+0100] {dag.py:3820} INFO - Setting next_dagrun for example_trigger_controller_dag to 2021-01-01T00:00:00+00:00, run_after=2021-01-01T00:00:00+00:00
[2024-02-01T22:55:11.311+0100] {processor.py:183} INFO - Processing /home/ubuntu/.local/lib/python3.10/site-packages/airflow/example_dags/example_trigger_controller_dag.py took 0.336 seconds
[2024-02-01T22:56:32.100+0100] {processor.py:161} INFO - Started process (PID=15014) to work on /home/ubuntu/.local/lib/python3.10/site-packages/airflow/example_dags/example_trigger_controller_dag.py
[2024-02-01T22:56:32.104+0100] {processor.py:830} INFO - Processing file /home/ubuntu/.local/lib/python3.10/site-packages/airflow/example_dags/example_trigger_controller_dag.py for tasks to queue
[2024-02-01T22:56:32.122+0100] {logging_mixin.py:188} INFO - [2024-02-01T22:56:32.118+0100] {dagbag.py:538} INFO - Filling up the DagBag from /home/ubuntu/.local/lib/python3.10/site-packages/airflow/example_dags/example_trigger_controller_dag.py
[2024-02-01T22:56:32.159+0100] {processor.py:840} INFO - DAG(s) 'example_trigger_controller_dag' retrieved from /home/ubuntu/.local/lib/python3.10/site-packages/airflow/example_dags/example_trigger_controller_dag.py
[2024-02-01T22:56:32.248+0100] {logging_mixin.py:188} INFO - [2024-02-01T22:56:32.248+0100] {dag.py:3033} INFO - Sync 1 DAGs
[2024-02-01T22:56:32.380+0100] {logging_mixin.py:188} INFO - [2024-02-01T22:56:32.380+0100] {dag.py:3820} INFO - Setting next_dagrun for example_trigger_controller_dag to 2021-01-01T00:00:00+00:00, run_after=2021-01-01T00:00:00+00:00
[2024-02-01T22:56:32.532+0100] {processor.py:183} INFO - Processing /home/ubuntu/.local/lib/python3.10/site-packages/airflow/example_dags/example_trigger_controller_dag.py took 0.437 seconds
[2024-02-01T22:57:23.418+0100] {processor.py:161} INFO - Started process (PID=15058) to work on /home/ubuntu/.local/lib/python3.10/site-packages/airflow/example_dags/example_trigger_controller_dag.py
[2024-02-01T22:57:23.418+0100] {processor.py:830} INFO - Processing file /home/ubuntu/.local/lib/python3.10/site-packages/airflow/example_dags/example_trigger_controller_dag.py for tasks to queue
[2024-02-01T22:57:23.418+0100] {logging_mixin.py:188} INFO - [2024-02-01T22:57:23.418+0100] {dagbag.py:538} INFO - Filling up the DagBag from /home/ubuntu/.local/lib/python3.10/site-packages/airflow/example_dags/example_trigger_controller_dag.py
[2024-02-01T22:57:23.438+0100] {processor.py:840} INFO - DAG(s) 'example_trigger_controller_dag' retrieved from /home/ubuntu/.local/lib/python3.10/site-packages/airflow/example_dags/example_trigger_controller_dag.py
[2024-02-01T22:57:23.474+0100] {logging_mixin.py:188} INFO - [2024-02-01T22:57:23.474+0100] {dag.py:3033} INFO - Sync 1 DAGs
[2024-02-01T22:57:23.486+0100] {logging_mixin.py:188} INFO - [2024-02-01T22:57:23.486+0100] {dag.py:3820} INFO - Setting next_dagrun for example_trigger_controller_dag to 2021-01-01T00:00:00+00:00, run_after=2021-01-01T00:00:00+00:00
[2024-02-01T22:57:23.618+0100] {processor.py:183} INFO - Processing /home/ubuntu/.local/lib/python3.10/site-packages/airflow/example_dags/example_trigger_controller_dag.py took 0.208 seconds
[2024-02-01T22:58:52.268+0100] {processor.py:161} INFO - Started process (PID=15152) to work on /home/ubuntu/.local/lib/python3.10/site-packages/airflow/example_dags/example_trigger_controller_dag.py
[2024-02-01T22:58:52.274+0100] {processor.py:830} INFO - Processing file /home/ubuntu/.local/lib/python3.10/site-packages/airflow/example_dags/example_trigger_controller_dag.py for tasks to queue
[2024-02-01T22:58:52.276+0100] {logging_mixin.py:188} INFO - [2024-02-01T22:58:52.275+0100] {dagbag.py:538} INFO - Filling up the DagBag from /home/ubuntu/.local/lib/python3.10/site-packages/airflow/example_dags/example_trigger_controller_dag.py
[2024-02-01T22:58:52.322+0100] {processor.py:840} INFO - DAG(s) 'example_trigger_controller_dag' retrieved from /home/ubuntu/.local/lib/python3.10/site-packages/airflow/example_dags/example_trigger_controller_dag.py
[2024-02-01T22:58:52.384+0100] {logging_mixin.py:188} INFO - [2024-02-01T22:58:52.383+0100] {dag.py:3033} INFO - Sync 1 DAGs
[2024-02-01T22:58:52.432+0100] {logging_mixin.py:188} INFO - [2024-02-01T22:58:52.432+0100] {dag.py:3820} INFO - Setting next_dagrun for example_trigger_controller_dag to 2021-01-01T00:00:00+00:00, run_after=2021-01-01T00:00:00+00:00
[2024-02-01T22:58:52.574+0100] {processor.py:183} INFO - Processing /home/ubuntu/.local/lib/python3.10/site-packages/airflow/example_dags/example_trigger_controller_dag.py took 0.317 seconds
[2024-02-01T23:00:33.448+0100] {processor.py:161} INFO - Started process (PID=15331) to work on /home/ubuntu/.local/lib/python3.10/site-packages/airflow/example_dags/example_trigger_controller_dag.py
[2024-02-01T23:00:33.451+0100] {processor.py:830} INFO - Processing file /home/ubuntu/.local/lib/python3.10/site-packages/airflow/example_dags/example_trigger_controller_dag.py for tasks to queue
[2024-02-01T23:00:33.453+0100] {logging_mixin.py:188} INFO - [2024-02-01T23:00:33.452+0100] {dagbag.py:538} INFO - Filling up the DagBag from /home/ubuntu/.local/lib/python3.10/site-packages/airflow/example_dags/example_trigger_controller_dag.py
[2024-02-01T23:00:33.461+0100] {processor.py:840} INFO - DAG(s) 'example_trigger_controller_dag' retrieved from /home/ubuntu/.local/lib/python3.10/site-packages/airflow/example_dags/example_trigger_controller_dag.py
[2024-02-01T23:00:33.483+0100] {logging_mixin.py:188} INFO - [2024-02-01T23:00:33.483+0100] {dag.py:3033} INFO - Sync 1 DAGs
[2024-02-01T23:00:33.505+0100] {logging_mixin.py:188} INFO - [2024-02-01T23:00:33.504+0100] {dag.py:3820} INFO - Setting next_dagrun for example_trigger_controller_dag to 2021-01-01T00:00:00+00:00, run_after=2021-01-01T00:00:00+00:00
[2024-02-01T23:00:33.597+0100] {processor.py:183} INFO - Processing /home/ubuntu/.local/lib/python3.10/site-packages/airflow/example_dags/example_trigger_controller_dag.py took 0.155 seconds
[2024-02-01T23:01:34.938+0100] {processor.py:161} INFO - Started process (PID=15424) to work on /home/ubuntu/.local/lib/python3.10/site-packages/airflow/example_dags/example_trigger_controller_dag.py
[2024-02-01T23:01:34.946+0100] {processor.py:830} INFO - Processing file /home/ubuntu/.local/lib/python3.10/site-packages/airflow/example_dags/example_trigger_controller_dag.py for tasks to queue
[2024-02-01T23:01:34.946+0100] {logging_mixin.py:188} INFO - [2024-02-01T23:01:34.946+0100] {dagbag.py:538} INFO - Filling up the DagBag from /home/ubuntu/.local/lib/python3.10/site-packages/airflow/example_dags/example_trigger_controller_dag.py
[2024-02-01T23:01:34.958+0100] {processor.py:840} INFO - DAG(s) 'example_trigger_controller_dag' retrieved from /home/ubuntu/.local/lib/python3.10/site-packages/airflow/example_dags/example_trigger_controller_dag.py
[2024-02-01T23:01:34.982+0100] {logging_mixin.py:188} INFO - [2024-02-01T23:01:34.982+0100] {dag.py:3033} INFO - Sync 1 DAGs
[2024-02-01T23:01:35.026+0100] {logging_mixin.py:188} INFO - [2024-02-01T23:01:35.026+0100] {dag.py:3820} INFO - Setting next_dagrun for example_trigger_controller_dag to 2021-01-01T00:00:00+00:00, run_after=2021-01-01T00:00:00+00:00
[2024-02-01T23:01:35.130+0100] {processor.py:183} INFO - Processing /home/ubuntu/.local/lib/python3.10/site-packages/airflow/example_dags/example_trigger_controller_dag.py took 0.224 seconds
[2024-02-01T23:02:47.718+0100] {processor.py:161} INFO - Started process (PID=15510) to work on /home/ubuntu/.local/lib/python3.10/site-packages/airflow/example_dags/example_trigger_controller_dag.py
[2024-02-01T23:02:47.722+0100] {processor.py:830} INFO - Processing file /home/ubuntu/.local/lib/python3.10/site-packages/airflow/example_dags/example_trigger_controller_dag.py for tasks to queue
[2024-02-01T23:02:47.723+0100] {logging_mixin.py:188} INFO - [2024-02-01T23:02:47.723+0100] {dagbag.py:538} INFO - Filling up the DagBag from /home/ubuntu/.local/lib/python3.10/site-packages/airflow/example_dags/example_trigger_controller_dag.py
[2024-02-01T23:02:47.742+0100] {processor.py:840} INFO - DAG(s) 'example_trigger_controller_dag' retrieved from /home/ubuntu/.local/lib/python3.10/site-packages/airflow/example_dags/example_trigger_controller_dag.py
[2024-02-01T23:02:47.776+0100] {logging_mixin.py:188} INFO - [2024-02-01T23:02:47.776+0100] {dag.py:3033} INFO - Sync 1 DAGs
[2024-02-01T23:02:47.822+0100] {logging_mixin.py:188} INFO - [2024-02-01T23:02:47.822+0100] {dag.py:3820} INFO - Setting next_dagrun for example_trigger_controller_dag to 2021-01-01T00:00:00+00:00, run_after=2021-01-01T00:00:00+00:00
[2024-02-01T23:02:47.894+0100] {processor.py:183} INFO - Processing /home/ubuntu/.local/lib/python3.10/site-packages/airflow/example_dags/example_trigger_controller_dag.py took 0.204 seconds
[2024-02-01T23:04:06.267+0100] {processor.py:161} INFO - Started process (PID=15575) to work on /home/ubuntu/.local/lib/python3.10/site-packages/airflow/example_dags/example_trigger_controller_dag.py
[2024-02-01T23:04:06.272+0100] {processor.py:830} INFO - Processing file /home/ubuntu/.local/lib/python3.10/site-packages/airflow/example_dags/example_trigger_controller_dag.py for tasks to queue
[2024-02-01T23:04:06.274+0100] {logging_mixin.py:188} INFO - [2024-02-01T23:04:06.273+0100] {dagbag.py:538} INFO - Filling up the DagBag from /home/ubuntu/.local/lib/python3.10/site-packages/airflow/example_dags/example_trigger_controller_dag.py
[2024-02-01T23:04:06.283+0100] {processor.py:840} INFO - DAG(s) 'example_trigger_controller_dag' retrieved from /home/ubuntu/.local/lib/python3.10/site-packages/airflow/example_dags/example_trigger_controller_dag.py
[2024-02-01T23:04:06.315+0100] {logging_mixin.py:188} INFO - [2024-02-01T23:04:06.314+0100] {dag.py:3033} INFO - Sync 1 DAGs
[2024-02-01T23:04:06.527+0100] {logging_mixin.py:188} INFO - [2024-02-01T23:04:06.526+0100] {dag.py:3820} INFO - Setting next_dagrun for example_trigger_controller_dag to 2021-01-01T00:00:00+00:00, run_after=2021-01-01T00:00:00+00:00
[2024-02-01T23:04:06.610+0100] {processor.py:183} INFO - Processing /home/ubuntu/.local/lib/python3.10/site-packages/airflow/example_dags/example_trigger_controller_dag.py took 0.348 seconds
[2024-02-01T23:05:20.013+0100] {processor.py:161} INFO - Started process (PID=15637) to work on /home/ubuntu/.local/lib/python3.10/site-packages/airflow/example_dags/example_trigger_controller_dag.py
[2024-02-01T23:05:20.017+0100] {processor.py:830} INFO - Processing file /home/ubuntu/.local/lib/python3.10/site-packages/airflow/example_dags/example_trigger_controller_dag.py for tasks to queue
[2024-02-01T23:05:20.020+0100] {logging_mixin.py:188} INFO - [2024-02-01T23:05:20.019+0100] {dagbag.py:538} INFO - Filling up the DagBag from /home/ubuntu/.local/lib/python3.10/site-packages/airflow/example_dags/example_trigger_controller_dag.py
[2024-02-01T23:05:20.036+0100] {processor.py:840} INFO - DAG(s) 'example_trigger_controller_dag' retrieved from /home/ubuntu/.local/lib/python3.10/site-packages/airflow/example_dags/example_trigger_controller_dag.py
[2024-02-01T23:05:20.058+0100] {logging_mixin.py:188} INFO - [2024-02-01T23:05:20.058+0100] {dag.py:3033} INFO - Sync 1 DAGs
[2024-02-01T23:05:20.123+0100] {logging_mixin.py:188} INFO - [2024-02-01T23:05:20.123+0100] {dag.py:3820} INFO - Setting next_dagrun for example_trigger_controller_dag to 2021-01-01T00:00:00+00:00, run_after=2021-01-01T00:00:00+00:00
[2024-02-01T23:05:20.230+0100] {processor.py:183} INFO - Processing /home/ubuntu/.local/lib/python3.10/site-packages/airflow/example_dags/example_trigger_controller_dag.py took 0.223 seconds
[2024-02-01T23:06:39.813+0100] {processor.py:161} INFO - Started process (PID=15705) to work on /home/ubuntu/.local/lib/python3.10/site-packages/airflow/example_dags/example_trigger_controller_dag.py
[2024-02-01T23:06:39.817+0100] {processor.py:830} INFO - Processing file /home/ubuntu/.local/lib/python3.10/site-packages/airflow/example_dags/example_trigger_controller_dag.py for tasks to queue
[2024-02-01T23:06:39.825+0100] {logging_mixin.py:188} INFO - [2024-02-01T23:06:39.823+0100] {dagbag.py:538} INFO - Filling up the DagBag from /home/ubuntu/.local/lib/python3.10/site-packages/airflow/example_dags/example_trigger_controller_dag.py
[2024-02-01T23:06:39.832+0100] {processor.py:840} INFO - DAG(s) 'example_trigger_controller_dag' retrieved from /home/ubuntu/.local/lib/python3.10/site-packages/airflow/example_dags/example_trigger_controller_dag.py
[2024-02-01T23:06:39.935+0100] {logging_mixin.py:188} INFO - [2024-02-01T23:06:39.935+0100] {dag.py:3033} INFO - Sync 1 DAGs
[2024-02-01T23:06:39.995+0100] {logging_mixin.py:188} INFO - [2024-02-01T23:06:39.995+0100] {dag.py:3820} INFO - Setting next_dagrun for example_trigger_controller_dag to 2021-01-01T00:00:00+00:00, run_after=2021-01-01T00:00:00+00:00
[2024-02-01T23:06:40.046+0100] {processor.py:183} INFO - Processing /home/ubuntu/.local/lib/python3.10/site-packages/airflow/example_dags/example_trigger_controller_dag.py took 0.242 seconds
[2024-02-01T23:07:58.434+0100] {processor.py:161} INFO - Started process (PID=15773) to work on /home/ubuntu/.local/lib/python3.10/site-packages/airflow/example_dags/example_trigger_controller_dag.py
[2024-02-01T23:07:58.440+0100] {processor.py:830} INFO - Processing file /home/ubuntu/.local/lib/python3.10/site-packages/airflow/example_dags/example_trigger_controller_dag.py for tasks to queue
[2024-02-01T23:07:58.443+0100] {logging_mixin.py:188} INFO - [2024-02-01T23:07:58.442+0100] {dagbag.py:538} INFO - Filling up the DagBag from /home/ubuntu/.local/lib/python3.10/site-packages/airflow/example_dags/example_trigger_controller_dag.py
[2024-02-01T23:07:58.461+0100] {processor.py:840} INFO - DAG(s) 'example_trigger_controller_dag' retrieved from /home/ubuntu/.local/lib/python3.10/site-packages/airflow/example_dags/example_trigger_controller_dag.py
[2024-02-01T23:07:58.512+0100] {logging_mixin.py:188} INFO - [2024-02-01T23:07:58.511+0100] {dag.py:3033} INFO - Sync 1 DAGs
[2024-02-01T23:07:58.866+0100] {logging_mixin.py:188} INFO - [2024-02-01T23:07:58.865+0100] {dag.py:3820} INFO - Setting next_dagrun for example_trigger_controller_dag to 2021-01-01T00:00:00+00:00, run_after=2021-01-01T00:00:00+00:00
[2024-02-01T23:07:58.927+0100] {processor.py:183} INFO - Processing /home/ubuntu/.local/lib/python3.10/site-packages/airflow/example_dags/example_trigger_controller_dag.py took 0.499 seconds
[2024-02-01T23:09:21.681+0100] {processor.py:161} INFO - Started process (PID=15892) to work on /home/ubuntu/.local/lib/python3.10/site-packages/airflow/example_dags/example_trigger_controller_dag.py
[2024-02-01T23:09:21.684+0100] {processor.py:830} INFO - Processing file /home/ubuntu/.local/lib/python3.10/site-packages/airflow/example_dags/example_trigger_controller_dag.py for tasks to queue
[2024-02-01T23:09:21.689+0100] {logging_mixin.py:188} INFO - [2024-02-01T23:09:21.688+0100] {dagbag.py:538} INFO - Filling up the DagBag from /home/ubuntu/.local/lib/python3.10/site-packages/airflow/example_dags/example_trigger_controller_dag.py
[2024-02-01T23:09:21.696+0100] {processor.py:840} INFO - DAG(s) 'example_trigger_controller_dag' retrieved from /home/ubuntu/.local/lib/python3.10/site-packages/airflow/example_dags/example_trigger_controller_dag.py
[2024-02-01T23:09:21.717+0100] {logging_mixin.py:188} INFO - [2024-02-01T23:09:21.717+0100] {dag.py:3033} INFO - Sync 1 DAGs
[2024-02-01T23:09:21.737+0100] {logging_mixin.py:188} INFO - [2024-02-01T23:09:21.737+0100] {dag.py:3820} INFO - Setting next_dagrun for example_trigger_controller_dag to 2021-01-01T00:00:00+00:00, run_after=2021-01-01T00:00:00+00:00
[2024-02-01T23:09:21.789+0100] {processor.py:183} INFO - Processing /home/ubuntu/.local/lib/python3.10/site-packages/airflow/example_dags/example_trigger_controller_dag.py took 0.112 seconds
[2024-02-01T23:10:20.296+0100] {processor.py:161} INFO - Started process (PID=15981) to work on /home/ubuntu/.local/lib/python3.10/site-packages/airflow/example_dags/example_trigger_controller_dag.py
[2024-02-01T23:10:20.299+0100] {processor.py:830} INFO - Processing file /home/ubuntu/.local/lib/python3.10/site-packages/airflow/example_dags/example_trigger_controller_dag.py for tasks to queue
[2024-02-01T23:10:20.301+0100] {logging_mixin.py:188} INFO - [2024-02-01T23:10:20.301+0100] {dagbag.py:538} INFO - Filling up the DagBag from /home/ubuntu/.local/lib/python3.10/site-packages/airflow/example_dags/example_trigger_controller_dag.py
[2024-02-01T23:10:20.314+0100] {processor.py:840} INFO - DAG(s) 'example_trigger_controller_dag' retrieved from /home/ubuntu/.local/lib/python3.10/site-packages/airflow/example_dags/example_trigger_controller_dag.py
[2024-02-01T23:10:20.337+0100] {logging_mixin.py:188} INFO - [2024-02-01T23:10:20.337+0100] {dag.py:3033} INFO - Sync 1 DAGs
[2024-02-01T23:10:20.363+0100] {logging_mixin.py:188} INFO - [2024-02-01T23:10:20.363+0100] {dag.py:3820} INFO - Setting next_dagrun for example_trigger_controller_dag to 2021-01-01T00:00:00+00:00, run_after=2021-01-01T00:00:00+00:00
[2024-02-01T23:10:20.401+0100] {processor.py:183} INFO - Processing /home/ubuntu/.local/lib/python3.10/site-packages/airflow/example_dags/example_trigger_controller_dag.py took 0.109 seconds
[2024-02-01T23:11:13.573+0100] {processor.py:161} INFO - Started process (PID=16070) to work on /home/ubuntu/.local/lib/python3.10/site-packages/airflow/example_dags/example_trigger_controller_dag.py
[2024-02-01T23:11:13.598+0100] {processor.py:830} INFO - Processing file /home/ubuntu/.local/lib/python3.10/site-packages/airflow/example_dags/example_trigger_controller_dag.py for tasks to queue
[2024-02-01T23:11:13.599+0100] {logging_mixin.py:188} INFO - [2024-02-01T23:11:13.599+0100] {dagbag.py:538} INFO - Filling up the DagBag from /home/ubuntu/.local/lib/python3.10/site-packages/airflow/example_dags/example_trigger_controller_dag.py
[2024-02-01T23:11:13.615+0100] {processor.py:840} INFO - DAG(s) 'example_trigger_controller_dag' retrieved from /home/ubuntu/.local/lib/python3.10/site-packages/airflow/example_dags/example_trigger_controller_dag.py
[2024-02-01T23:11:13.707+0100] {logging_mixin.py:188} INFO - [2024-02-01T23:11:13.707+0100] {dag.py:3033} INFO - Sync 1 DAGs
[2024-02-01T23:11:13.816+0100] {logging_mixin.py:188} INFO - [2024-02-01T23:11:13.815+0100] {dag.py:3820} INFO - Setting next_dagrun for example_trigger_controller_dag to 2021-01-01T00:00:00+00:00, run_after=2021-01-01T00:00:00+00:00
[2024-02-01T23:11:14.067+0100] {processor.py:183} INFO - Processing /home/ubuntu/.local/lib/python3.10/site-packages/airflow/example_dags/example_trigger_controller_dag.py took 0.509 seconds
[2024-02-01T23:12:12.632+0100] {processor.py:161} INFO - Started process (PID=16165) to work on /home/ubuntu/.local/lib/python3.10/site-packages/airflow/example_dags/example_trigger_controller_dag.py
[2024-02-01T23:12:12.636+0100] {processor.py:830} INFO - Processing file /home/ubuntu/.local/lib/python3.10/site-packages/airflow/example_dags/example_trigger_controller_dag.py for tasks to queue
[2024-02-01T23:12:12.640+0100] {logging_mixin.py:188} INFO - [2024-02-01T23:12:12.640+0100] {dagbag.py:538} INFO - Filling up the DagBag from /home/ubuntu/.local/lib/python3.10/site-packages/airflow/example_dags/example_trigger_controller_dag.py
[2024-02-01T23:12:12.644+0100] {processor.py:840} INFO - DAG(s) 'example_trigger_controller_dag' retrieved from /home/ubuntu/.local/lib/python3.10/site-packages/airflow/example_dags/example_trigger_controller_dag.py
[2024-02-01T23:12:12.672+0100] {logging_mixin.py:188} INFO - [2024-02-01T23:12:12.672+0100] {dag.py:3033} INFO - Sync 1 DAGs
[2024-02-01T23:12:12.696+0100] {logging_mixin.py:188} INFO - [2024-02-01T23:12:12.696+0100] {dag.py:3820} INFO - Setting next_dagrun for example_trigger_controller_dag to 2021-01-01T00:00:00+00:00, run_after=2021-01-01T00:00:00+00:00
[2024-02-01T23:12:12.744+0100] {processor.py:183} INFO - Processing /home/ubuntu/.local/lib/python3.10/site-packages/airflow/example_dags/example_trigger_controller_dag.py took 0.128 seconds
[2024-02-01T23:13:09.456+0100] {processor.py:161} INFO - Started process (PID=16259) to work on /home/ubuntu/.local/lib/python3.10/site-packages/airflow/example_dags/example_trigger_controller_dag.py
[2024-02-01T23:13:09.458+0100] {processor.py:830} INFO - Processing file /home/ubuntu/.local/lib/python3.10/site-packages/airflow/example_dags/example_trigger_controller_dag.py for tasks to queue
[2024-02-01T23:13:09.462+0100] {logging_mixin.py:188} INFO - [2024-02-01T23:13:09.461+0100] {dagbag.py:538} INFO - Filling up the DagBag from /home/ubuntu/.local/lib/python3.10/site-packages/airflow/example_dags/example_trigger_controller_dag.py
[2024-02-01T23:13:09.497+0100] {processor.py:840} INFO - DAG(s) 'example_trigger_controller_dag' retrieved from /home/ubuntu/.local/lib/python3.10/site-packages/airflow/example_dags/example_trigger_controller_dag.py
[2024-02-01T23:13:09.541+0100] {logging_mixin.py:188} INFO - [2024-02-01T23:13:09.541+0100] {dag.py:3033} INFO - Sync 1 DAGs
[2024-02-01T23:13:09.570+0100] {logging_mixin.py:188} INFO - [2024-02-01T23:13:09.570+0100] {dag.py:3820} INFO - Setting next_dagrun for example_trigger_controller_dag to 2021-01-01T00:00:00+00:00, run_after=2021-01-01T00:00:00+00:00
[2024-02-01T23:13:09.615+0100] {processor.py:183} INFO - Processing /home/ubuntu/.local/lib/python3.10/site-packages/airflow/example_dags/example_trigger_controller_dag.py took 0.165 seconds
[2024-02-01T23:14:01.644+0100] {processor.py:161} INFO - Started process (PID=16351) to work on /home/ubuntu/.local/lib/python3.10/site-packages/airflow/example_dags/example_trigger_controller_dag.py
[2024-02-01T23:14:01.648+0100] {processor.py:830} INFO - Processing file /home/ubuntu/.local/lib/python3.10/site-packages/airflow/example_dags/example_trigger_controller_dag.py for tasks to queue
[2024-02-01T23:14:01.648+0100] {logging_mixin.py:188} INFO - [2024-02-01T23:14:01.648+0100] {dagbag.py:538} INFO - Filling up the DagBag from /home/ubuntu/.local/lib/python3.10/site-packages/airflow/example_dags/example_trigger_controller_dag.py
[2024-02-01T23:14:01.660+0100] {processor.py:840} INFO - DAG(s) 'example_trigger_controller_dag' retrieved from /home/ubuntu/.local/lib/python3.10/site-packages/airflow/example_dags/example_trigger_controller_dag.py
[2024-02-01T23:14:01.688+0100] {logging_mixin.py:188} INFO - [2024-02-01T23:14:01.684+0100] {dag.py:3033} INFO - Sync 1 DAGs
[2024-02-01T23:14:01.712+0100] {logging_mixin.py:188} INFO - [2024-02-01T23:14:01.712+0100] {dag.py:3820} INFO - Setting next_dagrun for example_trigger_controller_dag to 2021-01-01T00:00:00+00:00, run_after=2021-01-01T00:00:00+00:00
[2024-02-01T23:14:01.760+0100] {processor.py:183} INFO - Processing /home/ubuntu/.local/lib/python3.10/site-packages/airflow/example_dags/example_trigger_controller_dag.py took 0.128 seconds
