[2024-02-01T22:50:03.355+0100] {processor.py:161} INFO - Started process (PID=14615) to work on /home/ubuntu/.local/lib/python3.10/site-packages/airflow/example_dags/example_python_decorator.py
[2024-02-01T22:50:03.357+0100] {processor.py:830} INFO - Processing file /home/ubuntu/.local/lib/python3.10/site-packages/airflow/example_dags/example_python_decorator.py for tasks to queue
[2024-02-01T22:50:03.359+0100] {logging_mixin.py:188} INFO - [2024-02-01T22:50:03.358+0100] {dagbag.py:538} INFO - Filling up the DagBag from /home/ubuntu/.local/lib/python3.10/site-packages/airflow/example_dags/example_python_decorator.py
[2024-02-01T22:50:03.419+0100] {processor.py:840} INFO - DAG(s) 'example_python_decorator' retrieved from /home/ubuntu/.local/lib/python3.10/site-packages/airflow/example_dags/example_python_decorator.py
[2024-02-01T22:50:03.740+0100] {logging_mixin.py:188} INFO - [2024-02-01T22:50:03.740+0100] {dag.py:3033} INFO - Sync 1 DAGs
[2024-02-01T22:50:03.755+0100] {logging_mixin.py:188} INFO - [2024-02-01T22:50:03.755+0100] {dag.py:3820} INFO - Setting next_dagrun for example_python_decorator to None, run_after=None
[2024-02-01T22:50:03.967+0100] {processor.py:183} INFO - Processing /home/ubuntu/.local/lib/python3.10/site-packages/airflow/example_dags/example_python_decorator.py took 0.628 seconds
[2024-02-01T22:51:22.127+0100] {processor.py:161} INFO - Started process (PID=14727) to work on /home/ubuntu/.local/lib/python3.10/site-packages/airflow/example_dags/example_python_decorator.py
[2024-02-01T22:51:22.147+0100] {processor.py:830} INFO - Processing file /home/ubuntu/.local/lib/python3.10/site-packages/airflow/example_dags/example_python_decorator.py for tasks to queue
[2024-02-01T22:51:22.147+0100] {logging_mixin.py:188} INFO - [2024-02-01T22:51:22.147+0100] {dagbag.py:538} INFO - Filling up the DagBag from /home/ubuntu/.local/lib/python3.10/site-packages/airflow/example_dags/example_python_decorator.py
[2024-02-01T22:51:22.195+0100] {processor.py:840} INFO - DAG(s) 'example_python_decorator' retrieved from /home/ubuntu/.local/lib/python3.10/site-packages/airflow/example_dags/example_python_decorator.py
[2024-02-01T22:51:22.235+0100] {logging_mixin.py:188} INFO - [2024-02-01T22:51:22.235+0100] {dag.py:3033} INFO - Sync 1 DAGs
[2024-02-01T22:51:22.315+0100] {logging_mixin.py:188} INFO - [2024-02-01T22:51:22.315+0100] {dag.py:3820} INFO - Setting next_dagrun for example_python_decorator to None, run_after=None
[2024-02-01T22:51:22.439+0100] {processor.py:183} INFO - Processing /home/ubuntu/.local/lib/python3.10/site-packages/airflow/example_dags/example_python_decorator.py took 0.312 seconds
[2024-02-01T22:53:01.181+0100] {processor.py:161} INFO - Started process (PID=14841) to work on /home/ubuntu/.local/lib/python3.10/site-packages/airflow/example_dags/example_python_decorator.py
[2024-02-01T22:53:01.203+0100] {processor.py:830} INFO - Processing file /home/ubuntu/.local/lib/python3.10/site-packages/airflow/example_dags/example_python_decorator.py for tasks to queue
[2024-02-01T22:53:01.207+0100] {logging_mixin.py:188} INFO - [2024-02-01T22:53:01.206+0100] {dagbag.py:538} INFO - Filling up the DagBag from /home/ubuntu/.local/lib/python3.10/site-packages/airflow/example_dags/example_python_decorator.py
[2024-02-01T22:53:01.243+0100] {processor.py:840} INFO - DAG(s) 'example_python_decorator' retrieved from /home/ubuntu/.local/lib/python3.10/site-packages/airflow/example_dags/example_python_decorator.py
[2024-02-01T22:53:01.646+0100] {logging_mixin.py:188} INFO - [2024-02-01T22:53:01.645+0100] {dag.py:3033} INFO - Sync 1 DAGs
[2024-02-01T22:53:01.841+0100] {logging_mixin.py:188} INFO - [2024-02-01T22:53:01.841+0100] {dag.py:3820} INFO - Setting next_dagrun for example_python_decorator to None, run_after=None
[2024-02-01T22:53:02.538+0100] {processor.py:183} INFO - Processing /home/ubuntu/.local/lib/python3.10/site-packages/airflow/example_dags/example_python_decorator.py took 1.425 seconds
[2024-02-01T22:55:40.564+0100] {processor.py:161} INFO - Started process (PID=14980) to work on /home/ubuntu/.local/lib/python3.10/site-packages/airflow/example_dags/example_python_decorator.py
[2024-02-01T22:55:40.580+0100] {processor.py:830} INFO - Processing file /home/ubuntu/.local/lib/python3.10/site-packages/airflow/example_dags/example_python_decorator.py for tasks to queue
[2024-02-01T22:55:40.582+0100] {logging_mixin.py:188} INFO - [2024-02-01T22:55:40.581+0100] {dagbag.py:538} INFO - Filling up the DagBag from /home/ubuntu/.local/lib/python3.10/site-packages/airflow/example_dags/example_python_decorator.py
[2024-02-01T22:55:40.599+0100] {processor.py:840} INFO - DAG(s) 'example_python_decorator' retrieved from /home/ubuntu/.local/lib/python3.10/site-packages/airflow/example_dags/example_python_decorator.py
[2024-02-01T22:55:40.640+0100] {logging_mixin.py:188} INFO - [2024-02-01T22:55:40.640+0100] {dag.py:3033} INFO - Sync 1 DAGs
[2024-02-01T22:55:40.662+0100] {logging_mixin.py:188} INFO - [2024-02-01T22:55:40.662+0100] {dag.py:3820} INFO - Setting next_dagrun for example_python_decorator to None, run_after=None
[2024-02-01T22:55:40.792+0100] {processor.py:183} INFO - Processing /home/ubuntu/.local/lib/python3.10/site-packages/airflow/example_dags/example_python_decorator.py took 0.234 seconds
[2024-02-01T22:57:02.504+0100] {processor.py:161} INFO - Started process (PID=15042) to work on /home/ubuntu/.local/lib/python3.10/site-packages/airflow/example_dags/example_python_decorator.py
[2024-02-01T22:57:02.507+0100] {processor.py:830} INFO - Processing file /home/ubuntu/.local/lib/python3.10/site-packages/airflow/example_dags/example_python_decorator.py for tasks to queue
[2024-02-01T22:57:02.510+0100] {logging_mixin.py:188} INFO - [2024-02-01T22:57:02.509+0100] {dagbag.py:538} INFO - Filling up the DagBag from /home/ubuntu/.local/lib/python3.10/site-packages/airflow/example_dags/example_python_decorator.py
[2024-02-01T22:57:02.566+0100] {processor.py:840} INFO - DAG(s) 'example_python_decorator' retrieved from /home/ubuntu/.local/lib/python3.10/site-packages/airflow/example_dags/example_python_decorator.py
[2024-02-01T22:57:02.603+0100] {logging_mixin.py:188} INFO - [2024-02-01T22:57:02.603+0100] {dag.py:3033} INFO - Sync 1 DAGs
[2024-02-01T22:57:02.637+0100] {logging_mixin.py:188} INFO - [2024-02-01T22:57:02.636+0100] {dag.py:3820} INFO - Setting next_dagrun for example_python_decorator to None, run_after=None
[2024-02-01T22:57:02.719+0100] {processor.py:183} INFO - Processing /home/ubuntu/.local/lib/python3.10/site-packages/airflow/example_dags/example_python_decorator.py took 0.220 seconds
[2024-02-01T22:58:35.250+0100] {processor.py:161} INFO - Started process (PID=15128) to work on /home/ubuntu/.local/lib/python3.10/site-packages/airflow/example_dags/example_python_decorator.py
[2024-02-01T22:58:35.254+0100] {processor.py:830} INFO - Processing file /home/ubuntu/.local/lib/python3.10/site-packages/airflow/example_dags/example_python_decorator.py for tasks to queue
[2024-02-01T22:58:35.256+0100] {logging_mixin.py:188} INFO - [2024-02-01T22:58:35.255+0100] {dagbag.py:538} INFO - Filling up the DagBag from /home/ubuntu/.local/lib/python3.10/site-packages/airflow/example_dags/example_python_decorator.py
[2024-02-01T22:58:35.272+0100] {processor.py:840} INFO - DAG(s) 'example_python_decorator' retrieved from /home/ubuntu/.local/lib/python3.10/site-packages/airflow/example_dags/example_python_decorator.py
[2024-02-01T22:58:35.294+0100] {logging_mixin.py:188} INFO - [2024-02-01T22:58:35.294+0100] {dag.py:3033} INFO - Sync 1 DAGs
[2024-02-01T22:58:35.309+0100] {logging_mixin.py:188} INFO - [2024-02-01T22:58:35.309+0100] {dag.py:3820} INFO - Setting next_dagrun for example_python_decorator to None, run_after=None
[2024-02-01T22:58:35.367+0100] {processor.py:183} INFO - Processing /home/ubuntu/.local/lib/python3.10/site-packages/airflow/example_dags/example_python_decorator.py took 0.121 seconds
[2024-02-01T23:00:18.229+0100] {processor.py:161} INFO - Started process (PID=15308) to work on /home/ubuntu/.local/lib/python3.10/site-packages/airflow/example_dags/example_python_decorator.py
[2024-02-01T23:00:18.234+0100] {processor.py:830} INFO - Processing file /home/ubuntu/.local/lib/python3.10/site-packages/airflow/example_dags/example_python_decorator.py for tasks to queue
[2024-02-01T23:00:18.236+0100] {logging_mixin.py:188} INFO - [2024-02-01T23:00:18.235+0100] {dagbag.py:538} INFO - Filling up the DagBag from /home/ubuntu/.local/lib/python3.10/site-packages/airflow/example_dags/example_python_decorator.py
[2024-02-01T23:00:18.263+0100] {processor.py:840} INFO - DAG(s) 'example_python_decorator' retrieved from /home/ubuntu/.local/lib/python3.10/site-packages/airflow/example_dags/example_python_decorator.py
[2024-02-01T23:00:18.292+0100] {logging_mixin.py:188} INFO - [2024-02-01T23:00:18.292+0100] {dag.py:3033} INFO - Sync 1 DAGs
[2024-02-01T23:00:18.304+0100] {logging_mixin.py:188} INFO - [2024-02-01T23:00:18.304+0100] {dag.py:3820} INFO - Setting next_dagrun for example_python_decorator to None, run_after=None
[2024-02-01T23:00:18.339+0100] {processor.py:183} INFO - Processing /home/ubuntu/.local/lib/python3.10/site-packages/airflow/example_dags/example_python_decorator.py took 0.114 seconds
[2024-02-01T23:01:22.627+0100] {processor.py:161} INFO - Started process (PID=15406) to work on /home/ubuntu/.local/lib/python3.10/site-packages/airflow/example_dags/example_python_decorator.py
[2024-02-01T23:01:22.640+0100] {processor.py:830} INFO - Processing file /home/ubuntu/.local/lib/python3.10/site-packages/airflow/example_dags/example_python_decorator.py for tasks to queue
[2024-02-01T23:01:22.657+0100] {logging_mixin.py:188} INFO - [2024-02-01T23:01:22.653+0100] {dagbag.py:538} INFO - Filling up the DagBag from /home/ubuntu/.local/lib/python3.10/site-packages/airflow/example_dags/example_python_decorator.py
[2024-02-01T23:01:22.739+0100] {processor.py:840} INFO - DAG(s) 'example_python_decorator' retrieved from /home/ubuntu/.local/lib/python3.10/site-packages/airflow/example_dags/example_python_decorator.py
[2024-02-01T23:01:22.852+0100] {logging_mixin.py:188} INFO - [2024-02-01T23:01:22.852+0100] {dag.py:3033} INFO - Sync 1 DAGs
[2024-02-01T23:01:22.934+0100] {logging_mixin.py:188} INFO - [2024-02-01T23:01:22.934+0100] {dag.py:3820} INFO - Setting next_dagrun for example_python_decorator to None, run_after=None
[2024-02-01T23:01:23.054+0100] {processor.py:183} INFO - Processing /home/ubuntu/.local/lib/python3.10/site-packages/airflow/example_dags/example_python_decorator.py took 0.453 seconds
[2024-02-01T23:02:34.320+0100] {processor.py:161} INFO - Started process (PID=15499) to work on /home/ubuntu/.local/lib/python3.10/site-packages/airflow/example_dags/example_python_decorator.py
[2024-02-01T23:02:34.326+0100] {processor.py:830} INFO - Processing file /home/ubuntu/.local/lib/python3.10/site-packages/airflow/example_dags/example_python_decorator.py for tasks to queue
[2024-02-01T23:02:34.328+0100] {logging_mixin.py:188} INFO - [2024-02-01T23:02:34.327+0100] {dagbag.py:538} INFO - Filling up the DagBag from /home/ubuntu/.local/lib/python3.10/site-packages/airflow/example_dags/example_python_decorator.py
[2024-02-01T23:02:34.353+0100] {processor.py:840} INFO - DAG(s) 'example_python_decorator' retrieved from /home/ubuntu/.local/lib/python3.10/site-packages/airflow/example_dags/example_python_decorator.py
[2024-02-01T23:02:34.396+0100] {logging_mixin.py:188} INFO - [2024-02-01T23:02:34.396+0100] {dag.py:3033} INFO - Sync 1 DAGs
[2024-02-01T23:02:34.453+0100] {logging_mixin.py:188} INFO - [2024-02-01T23:02:34.453+0100] {dag.py:3820} INFO - Setting next_dagrun for example_python_decorator to None, run_after=None
[2024-02-01T23:02:34.514+0100] {processor.py:183} INFO - Processing /home/ubuntu/.local/lib/python3.10/site-packages/airflow/example_dags/example_python_decorator.py took 0.207 seconds
[2024-02-01T23:03:45.584+0100] {processor.py:161} INFO - Started process (PID=15560) to work on /home/ubuntu/.local/lib/python3.10/site-packages/airflow/example_dags/example_python_decorator.py
[2024-02-01T23:03:45.600+0100] {processor.py:830} INFO - Processing file /home/ubuntu/.local/lib/python3.10/site-packages/airflow/example_dags/example_python_decorator.py for tasks to queue
[2024-02-01T23:03:45.602+0100] {logging_mixin.py:188} INFO - [2024-02-01T23:03:45.601+0100] {dagbag.py:538} INFO - Filling up the DagBag from /home/ubuntu/.local/lib/python3.10/site-packages/airflow/example_dags/example_python_decorator.py
[2024-02-01T23:03:45.621+0100] {processor.py:840} INFO - DAG(s) 'example_python_decorator' retrieved from /home/ubuntu/.local/lib/python3.10/site-packages/airflow/example_dags/example_python_decorator.py
[2024-02-01T23:03:45.681+0100] {logging_mixin.py:188} INFO - [2024-02-01T23:03:45.681+0100] {dag.py:3033} INFO - Sync 1 DAGs
[2024-02-01T23:03:45.705+0100] {logging_mixin.py:188} INFO - [2024-02-01T23:03:45.705+0100] {dag.py:3820} INFO - Setting next_dagrun for example_python_decorator to None, run_after=None
[2024-02-01T23:03:46.033+0100] {processor.py:183} INFO - Processing /home/ubuntu/.local/lib/python3.10/site-packages/airflow/example_dags/example_python_decorator.py took 0.468 seconds
[2024-02-01T23:05:05.533+0100] {processor.py:161} INFO - Started process (PID=15627) to work on /home/ubuntu/.local/lib/python3.10/site-packages/airflow/example_dags/example_python_decorator.py
[2024-02-01T23:05:05.537+0100] {processor.py:830} INFO - Processing file /home/ubuntu/.local/lib/python3.10/site-packages/airflow/example_dags/example_python_decorator.py for tasks to queue
[2024-02-01T23:05:05.537+0100] {logging_mixin.py:188} INFO - [2024-02-01T23:05:05.537+0100] {dagbag.py:538} INFO - Filling up the DagBag from /home/ubuntu/.local/lib/python3.10/site-packages/airflow/example_dags/example_python_decorator.py
[2024-02-01T23:05:05.565+0100] {processor.py:840} INFO - DAG(s) 'example_python_decorator' retrieved from /home/ubuntu/.local/lib/python3.10/site-packages/airflow/example_dags/example_python_decorator.py
[2024-02-01T23:05:05.629+0100] {logging_mixin.py:188} INFO - [2024-02-01T23:05:05.629+0100] {dag.py:3033} INFO - Sync 1 DAGs
[2024-02-01T23:05:05.637+0100] {logging_mixin.py:188} INFO - [2024-02-01T23:05:05.636+0100] {dag.py:3820} INFO - Setting next_dagrun for example_python_decorator to None, run_after=None
[2024-02-01T23:05:05.789+0100] {processor.py:183} INFO - Processing /home/ubuntu/.local/lib/python3.10/site-packages/airflow/example_dags/example_python_decorator.py took 0.296 seconds
[2024-02-01T23:06:22.389+0100] {processor.py:161} INFO - Started process (PID=15691) to work on /home/ubuntu/.local/lib/python3.10/site-packages/airflow/example_dags/example_python_decorator.py
[2024-02-01T23:06:22.392+0100] {processor.py:830} INFO - Processing file /home/ubuntu/.local/lib/python3.10/site-packages/airflow/example_dags/example_python_decorator.py for tasks to queue
[2024-02-01T23:06:22.394+0100] {logging_mixin.py:188} INFO - [2024-02-01T23:06:22.393+0100] {dagbag.py:538} INFO - Filling up the DagBag from /home/ubuntu/.local/lib/python3.10/site-packages/airflow/example_dags/example_python_decorator.py
[2024-02-01T23:06:22.412+0100] {processor.py:840} INFO - DAG(s) 'example_python_decorator' retrieved from /home/ubuntu/.local/lib/python3.10/site-packages/airflow/example_dags/example_python_decorator.py
[2024-02-01T23:06:22.441+0100] {logging_mixin.py:188} INFO - [2024-02-01T23:06:22.441+0100] {dag.py:3033} INFO - Sync 1 DAGs
[2024-02-01T23:06:22.470+0100] {logging_mixin.py:188} INFO - [2024-02-01T23:06:22.470+0100] {dag.py:3820} INFO - Setting next_dagrun for example_python_decorator to None, run_after=None
[2024-02-01T23:06:22.590+0100] {processor.py:183} INFO - Processing /home/ubuntu/.local/lib/python3.10/site-packages/airflow/example_dags/example_python_decorator.py took 0.210 seconds
[2024-02-01T23:07:37.661+0100] {processor.py:161} INFO - Started process (PID=15760) to work on /home/ubuntu/.local/lib/python3.10/site-packages/airflow/example_dags/example_python_decorator.py
[2024-02-01T23:07:37.685+0100] {processor.py:830} INFO - Processing file /home/ubuntu/.local/lib/python3.10/site-packages/airflow/example_dags/example_python_decorator.py for tasks to queue
[2024-02-01T23:07:37.693+0100] {logging_mixin.py:188} INFO - [2024-02-01T23:07:37.693+0100] {dagbag.py:538} INFO - Filling up the DagBag from /home/ubuntu/.local/lib/python3.10/site-packages/airflow/example_dags/example_python_decorator.py
[2024-02-01T23:07:37.709+0100] {processor.py:840} INFO - DAG(s) 'example_python_decorator' retrieved from /home/ubuntu/.local/lib/python3.10/site-packages/airflow/example_dags/example_python_decorator.py
[2024-02-01T23:07:37.753+0100] {logging_mixin.py:188} INFO - [2024-02-01T23:07:37.753+0100] {dag.py:3033} INFO - Sync 1 DAGs
[2024-02-01T23:07:37.801+0100] {logging_mixin.py:188} INFO - [2024-02-01T23:07:37.777+0100] {dag.py:3820} INFO - Setting next_dagrun for example_python_decorator to None, run_after=None
[2024-02-01T23:07:38.056+0100] {processor.py:183} INFO - Processing /home/ubuntu/.local/lib/python3.10/site-packages/airflow/example_dags/example_python_decorator.py took 0.395 seconds
[2024-02-01T23:09:04.725+0100] {processor.py:161} INFO - Started process (PID=15868) to work on /home/ubuntu/.local/lib/python3.10/site-packages/airflow/example_dags/example_python_decorator.py
[2024-02-01T23:09:04.728+0100] {processor.py:830} INFO - Processing file /home/ubuntu/.local/lib/python3.10/site-packages/airflow/example_dags/example_python_decorator.py for tasks to queue
[2024-02-01T23:09:04.730+0100] {logging_mixin.py:188} INFO - [2024-02-01T23:09:04.730+0100] {dagbag.py:538} INFO - Filling up the DagBag from /home/ubuntu/.local/lib/python3.10/site-packages/airflow/example_dags/example_python_decorator.py
[2024-02-01T23:09:04.764+0100] {processor.py:840} INFO - DAG(s) 'example_python_decorator' retrieved from /home/ubuntu/.local/lib/python3.10/site-packages/airflow/example_dags/example_python_decorator.py
[2024-02-01T23:09:04.879+0100] {logging_mixin.py:188} INFO - [2024-02-01T23:09:04.879+0100] {dag.py:3033} INFO - Sync 1 DAGs
[2024-02-01T23:09:04.990+0100] {logging_mixin.py:188} INFO - [2024-02-01T23:09:04.990+0100] {dag.py:3820} INFO - Setting next_dagrun for example_python_decorator to None, run_after=None
[2024-02-01T23:09:05.090+0100] {processor.py:183} INFO - Processing /home/ubuntu/.local/lib/python3.10/site-packages/airflow/example_dags/example_python_decorator.py took 0.376 seconds
[2024-02-01T23:10:11.363+0100] {processor.py:161} INFO - Started process (PID=15971) to work on /home/ubuntu/.local/lib/python3.10/site-packages/airflow/example_dags/example_python_decorator.py
[2024-02-01T23:10:11.367+0100] {processor.py:830} INFO - Processing file /home/ubuntu/.local/lib/python3.10/site-packages/airflow/example_dags/example_python_decorator.py for tasks to queue
[2024-02-01T23:10:11.371+0100] {logging_mixin.py:188} INFO - [2024-02-01T23:10:11.370+0100] {dagbag.py:538} INFO - Filling up the DagBag from /home/ubuntu/.local/lib/python3.10/site-packages/airflow/example_dags/example_python_decorator.py
[2024-02-01T23:10:11.407+0100] {processor.py:840} INFO - DAG(s) 'example_python_decorator' retrieved from /home/ubuntu/.local/lib/python3.10/site-packages/airflow/example_dags/example_python_decorator.py
[2024-02-01T23:10:11.427+0100] {logging_mixin.py:188} INFO - [2024-02-01T23:10:11.427+0100] {dag.py:3033} INFO - Sync 1 DAGs
[2024-02-01T23:10:11.446+0100] {logging_mixin.py:188} INFO - [2024-02-01T23:10:11.446+0100] {dag.py:3820} INFO - Setting next_dagrun for example_python_decorator to None, run_after=None
[2024-02-01T23:10:11.496+0100] {processor.py:183} INFO - Processing /home/ubuntu/.local/lib/python3.10/site-packages/airflow/example_dags/example_python_decorator.py took 0.138 seconds
[2024-02-01T23:11:18.696+0100] {processor.py:161} INFO - Started process (PID=16076) to work on /home/ubuntu/.local/lib/python3.10/site-packages/airflow/example_dags/example_python_decorator.py
[2024-02-01T23:11:18.700+0100] {processor.py:830} INFO - Processing file /home/ubuntu/.local/lib/python3.10/site-packages/airflow/example_dags/example_python_decorator.py for tasks to queue
[2024-02-01T23:11:18.702+0100] {logging_mixin.py:188} INFO - [2024-02-01T23:11:18.701+0100] {dagbag.py:538} INFO - Filling up the DagBag from /home/ubuntu/.local/lib/python3.10/site-packages/airflow/example_dags/example_python_decorator.py
[2024-02-01T23:11:18.742+0100] {processor.py:840} INFO - DAG(s) 'example_python_decorator' retrieved from /home/ubuntu/.local/lib/python3.10/site-packages/airflow/example_dags/example_python_decorator.py
[2024-02-01T23:11:18.794+0100] {logging_mixin.py:188} INFO - [2024-02-01T23:11:18.794+0100] {dag.py:3033} INFO - Sync 1 DAGs
[2024-02-01T23:11:18.829+0100] {logging_mixin.py:188} INFO - [2024-02-01T23:11:18.829+0100] {dag.py:3820} INFO - Setting next_dagrun for example_python_decorator to None, run_after=None
[2024-02-01T23:11:18.908+0100] {processor.py:183} INFO - Processing /home/ubuntu/.local/lib/python3.10/site-packages/airflow/example_dags/example_python_decorator.py took 0.218 seconds
[2024-02-01T23:12:16.604+0100] {processor.py:161} INFO - Started process (PID=16171) to work on /home/ubuntu/.local/lib/python3.10/site-packages/airflow/example_dags/example_python_decorator.py
[2024-02-01T23:12:16.607+0100] {processor.py:830} INFO - Processing file /home/ubuntu/.local/lib/python3.10/site-packages/airflow/example_dags/example_python_decorator.py for tasks to queue
[2024-02-01T23:12:16.609+0100] {logging_mixin.py:188} INFO - [2024-02-01T23:12:16.608+0100] {dagbag.py:538} INFO - Filling up the DagBag from /home/ubuntu/.local/lib/python3.10/site-packages/airflow/example_dags/example_python_decorator.py
[2024-02-01T23:12:16.623+0100] {processor.py:840} INFO - DAG(s) 'example_python_decorator' retrieved from /home/ubuntu/.local/lib/python3.10/site-packages/airflow/example_dags/example_python_decorator.py
[2024-02-01T23:12:16.648+0100] {logging_mixin.py:188} INFO - [2024-02-01T23:12:16.648+0100] {dag.py:3033} INFO - Sync 1 DAGs
[2024-02-01T23:12:16.662+0100] {logging_mixin.py:188} INFO - [2024-02-01T23:12:16.662+0100] {dag.py:3820} INFO - Setting next_dagrun for example_python_decorator to None, run_after=None
[2024-02-01T23:12:16.705+0100] {processor.py:183} INFO - Processing /home/ubuntu/.local/lib/python3.10/site-packages/airflow/example_dags/example_python_decorator.py took 0.107 seconds
[2024-02-01T23:13:12.140+0100] {processor.py:161} INFO - Started process (PID=16265) to work on /home/ubuntu/.local/lib/python3.10/site-packages/airflow/example_dags/example_python_decorator.py
[2024-02-01T23:13:12.152+0100] {processor.py:830} INFO - Processing file /home/ubuntu/.local/lib/python3.10/site-packages/airflow/example_dags/example_python_decorator.py for tasks to queue
[2024-02-01T23:13:12.155+0100] {logging_mixin.py:188} INFO - [2024-02-01T23:13:12.154+0100] {dagbag.py:538} INFO - Filling up the DagBag from /home/ubuntu/.local/lib/python3.10/site-packages/airflow/example_dags/example_python_decorator.py
[2024-02-01T23:13:12.168+0100] {processor.py:840} INFO - DAG(s) 'example_python_decorator' retrieved from /home/ubuntu/.local/lib/python3.10/site-packages/airflow/example_dags/example_python_decorator.py
[2024-02-01T23:13:12.188+0100] {logging_mixin.py:188} INFO - [2024-02-01T23:13:12.188+0100] {dag.py:3033} INFO - Sync 1 DAGs
[2024-02-01T23:13:12.200+0100] {logging_mixin.py:188} INFO - [2024-02-01T23:13:12.200+0100] {dag.py:3820} INFO - Setting next_dagrun for example_python_decorator to None, run_after=None
[2024-02-01T23:13:12.228+0100] {processor.py:183} INFO - Processing /home/ubuntu/.local/lib/python3.10/site-packages/airflow/example_dags/example_python_decorator.py took 0.088 seconds
[2024-02-01T23:14:08.168+0100] {processor.py:161} INFO - Started process (PID=16364) to work on /home/ubuntu/.local/lib/python3.10/site-packages/airflow/example_dags/example_python_decorator.py
[2024-02-01T23:14:08.176+0100] {processor.py:830} INFO - Processing file /home/ubuntu/.local/lib/python3.10/site-packages/airflow/example_dags/example_python_decorator.py for tasks to queue
[2024-02-01T23:14:08.180+0100] {logging_mixin.py:188} INFO - [2024-02-01T23:14:08.180+0100] {dagbag.py:538} INFO - Filling up the DagBag from /home/ubuntu/.local/lib/python3.10/site-packages/airflow/example_dags/example_python_decorator.py
[2024-02-01T23:14:08.198+0100] {processor.py:840} INFO - DAG(s) 'example_python_decorator' retrieved from /home/ubuntu/.local/lib/python3.10/site-packages/airflow/example_dags/example_python_decorator.py
[2024-02-01T23:14:08.229+0100] {logging_mixin.py:188} INFO - [2024-02-01T23:14:08.228+0100] {dag.py:3033} INFO - Sync 1 DAGs
[2024-02-01T23:14:08.244+0100] {logging_mixin.py:188} INFO - [2024-02-01T23:14:08.244+0100] {dag.py:3820} INFO - Setting next_dagrun for example_python_decorator to None, run_after=None
[2024-02-01T23:14:08.287+0100] {processor.py:183} INFO - Processing /home/ubuntu/.local/lib/python3.10/site-packages/airflow/example_dags/example_python_decorator.py took 0.144 seconds
