[2024-02-01T22:49:40.582+0100] {processor.py:161} INFO - Started process (PID=14600) to work on /home/ubuntu/.local/lib/python3.10/site-packages/airflow/example_dags/example_branch_day_of_week_operator.py
[2024-02-01T22:49:40.590+0100] {processor.py:830} INFO - Processing file /home/ubuntu/.local/lib/python3.10/site-packages/airflow/example_dags/example_branch_day_of_week_operator.py for tasks to queue
[2024-02-01T22:49:40.594+0100] {logging_mixin.py:188} INFO - [2024-02-01T22:49:40.592+0100] {dagbag.py:538} INFO - Filling up the DagBag from /home/ubuntu/.local/lib/python3.10/site-packages/airflow/example_dags/example_branch_day_of_week_operator.py
[2024-02-01T22:49:40.615+0100] {processor.py:840} INFO - DAG(s) 'example_weekday_branch_operator' retrieved from /home/ubuntu/.local/lib/python3.10/site-packages/airflow/example_dags/example_branch_day_of_week_operator.py
[2024-02-01T22:49:41.096+0100] {logging_mixin.py:188} INFO - [2024-02-01T22:49:41.093+0100] {dag.py:3033} INFO - Sync 1 DAGs
[2024-02-01T22:49:41.191+0100] {logging_mixin.py:188} INFO - [2024-02-01T22:49:41.190+0100] {dag.py:3820} INFO - Setting next_dagrun for example_weekday_branch_operator to 2024-01-31T00:00:00+00:00, run_after=2024-02-01T00:00:00+00:00
[2024-02-01T22:49:41.318+0100] {processor.py:183} INFO - Processing /home/ubuntu/.local/lib/python3.10/site-packages/airflow/example_dags/example_branch_day_of_week_operator.py took 0.763 seconds
[2024-02-01T22:51:07.543+0100] {processor.py:161} INFO - Started process (PID=14706) to work on /home/ubuntu/.local/lib/python3.10/site-packages/airflow/example_dags/example_branch_day_of_week_operator.py
[2024-02-01T22:51:07.547+0100] {processor.py:830} INFO - Processing file /home/ubuntu/.local/lib/python3.10/site-packages/airflow/example_dags/example_branch_day_of_week_operator.py for tasks to queue
[2024-02-01T22:51:07.551+0100] {logging_mixin.py:188} INFO - [2024-02-01T22:51:07.551+0100] {dagbag.py:538} INFO - Filling up the DagBag from /home/ubuntu/.local/lib/python3.10/site-packages/airflow/example_dags/example_branch_day_of_week_operator.py
[2024-02-01T22:51:07.563+0100] {processor.py:840} INFO - DAG(s) 'example_weekday_branch_operator' retrieved from /home/ubuntu/.local/lib/python3.10/site-packages/airflow/example_dags/example_branch_day_of_week_operator.py
[2024-02-01T22:51:07.607+0100] {logging_mixin.py:188} INFO - [2024-02-01T22:51:07.607+0100] {dag.py:3033} INFO - Sync 1 DAGs
[2024-02-01T22:51:07.735+0100] {logging_mixin.py:188} INFO - [2024-02-01T22:51:07.735+0100] {dag.py:3820} INFO - Setting next_dagrun for example_weekday_branch_operator to 2024-01-31T00:00:00+00:00, run_after=2024-02-01T00:00:00+00:00
[2024-02-01T22:51:07.875+0100] {processor.py:183} INFO - Processing /home/ubuntu/.local/lib/python3.10/site-packages/airflow/example_dags/example_branch_day_of_week_operator.py took 0.344 seconds
[2024-02-01T22:52:40.922+0100] {processor.py:161} INFO - Started process (PID=14826) to work on /home/ubuntu/.local/lib/python3.10/site-packages/airflow/example_dags/example_branch_day_of_week_operator.py
[2024-02-01T22:52:40.930+0100] {processor.py:830} INFO - Processing file /home/ubuntu/.local/lib/python3.10/site-packages/airflow/example_dags/example_branch_day_of_week_operator.py for tasks to queue
[2024-02-01T22:52:40.932+0100] {logging_mixin.py:188} INFO - [2024-02-01T22:52:40.931+0100] {dagbag.py:538} INFO - Filling up the DagBag from /home/ubuntu/.local/lib/python3.10/site-packages/airflow/example_dags/example_branch_day_of_week_operator.py
[2024-02-01T22:52:40.951+0100] {processor.py:840} INFO - DAG(s) 'example_weekday_branch_operator' retrieved from /home/ubuntu/.local/lib/python3.10/site-packages/airflow/example_dags/example_branch_day_of_week_operator.py
[2024-02-01T22:52:41.031+0100] {logging_mixin.py:188} INFO - [2024-02-01T22:52:41.031+0100] {dag.py:3033} INFO - Sync 1 DAGs
[2024-02-01T22:52:41.118+0100] {logging_mixin.py:188} INFO - [2024-02-01T22:52:41.118+0100] {dag.py:3820} INFO - Setting next_dagrun for example_weekday_branch_operator to 2024-01-31T00:00:00+00:00, run_after=2024-02-01T00:00:00+00:00
[2024-02-01T22:52:41.235+0100] {processor.py:183} INFO - Processing /home/ubuntu/.local/lib/python3.10/site-packages/airflow/example_dags/example_branch_day_of_week_operator.py took 0.318 seconds
[2024-02-01T22:55:23.675+0100] {processor.py:161} INFO - Started process (PID=14968) to work on /home/ubuntu/.local/lib/python3.10/site-packages/airflow/example_dags/example_branch_day_of_week_operator.py
[2024-02-01T22:55:23.694+0100] {processor.py:830} INFO - Processing file /home/ubuntu/.local/lib/python3.10/site-packages/airflow/example_dags/example_branch_day_of_week_operator.py for tasks to queue
[2024-02-01T22:55:23.698+0100] {logging_mixin.py:188} INFO - [2024-02-01T22:55:23.697+0100] {dagbag.py:538} INFO - Filling up the DagBag from /home/ubuntu/.local/lib/python3.10/site-packages/airflow/example_dags/example_branch_day_of_week_operator.py
[2024-02-01T22:55:23.719+0100] {processor.py:840} INFO - DAG(s) 'example_weekday_branch_operator' retrieved from /home/ubuntu/.local/lib/python3.10/site-packages/airflow/example_dags/example_branch_day_of_week_operator.py
[2024-02-01T22:55:23.787+0100] {logging_mixin.py:188} INFO - [2024-02-01T22:55:23.786+0100] {dag.py:3033} INFO - Sync 1 DAGs
[2024-02-01T22:55:23.815+0100] {logging_mixin.py:188} INFO - [2024-02-01T22:55:23.815+0100] {dag.py:3820} INFO - Setting next_dagrun for example_weekday_branch_operator to 2024-01-31T00:00:00+00:00, run_after=2024-02-01T00:00:00+00:00
[2024-02-01T22:55:23.948+0100] {processor.py:183} INFO - Processing /home/ubuntu/.local/lib/python3.10/site-packages/airflow/example_dags/example_branch_day_of_week_operator.py took 0.280 seconds
[2024-02-01T22:56:44.214+0100] {processor.py:161} INFO - Started process (PID=15029) to work on /home/ubuntu/.local/lib/python3.10/site-packages/airflow/example_dags/example_branch_day_of_week_operator.py
[2024-02-01T22:56:44.214+0100] {processor.py:830} INFO - Processing file /home/ubuntu/.local/lib/python3.10/site-packages/airflow/example_dags/example_branch_day_of_week_operator.py for tasks to queue
[2024-02-01T22:56:44.234+0100] {logging_mixin.py:188} INFO - [2024-02-01T22:56:44.234+0100] {dagbag.py:538} INFO - Filling up the DagBag from /home/ubuntu/.local/lib/python3.10/site-packages/airflow/example_dags/example_branch_day_of_week_operator.py
[2024-02-01T22:56:44.254+0100] {processor.py:840} INFO - DAG(s) 'example_weekday_branch_operator' retrieved from /home/ubuntu/.local/lib/python3.10/site-packages/airflow/example_dags/example_branch_day_of_week_operator.py
[2024-02-01T22:56:44.290+0100] {logging_mixin.py:188} INFO - [2024-02-01T22:56:44.290+0100] {dag.py:3033} INFO - Sync 1 DAGs
[2024-02-01T22:56:44.362+0100] {logging_mixin.py:188} INFO - [2024-02-01T22:56:44.362+0100] {dag.py:3820} INFO - Setting next_dagrun for example_weekday_branch_operator to 2024-01-31T00:00:00+00:00, run_after=2024-02-01T00:00:00+00:00
[2024-02-01T22:56:44.466+0100] {processor.py:183} INFO - Processing /home/ubuntu/.local/lib/python3.10/site-packages/airflow/example_dags/example_branch_day_of_week_operator.py took 0.252 seconds
[2024-02-01T22:58:20.441+0100] {processor.py:161} INFO - Started process (PID=15108) to work on /home/ubuntu/.local/lib/python3.10/site-packages/airflow/example_dags/example_branch_day_of_week_operator.py
[2024-02-01T22:58:20.445+0100] {processor.py:830} INFO - Processing file /home/ubuntu/.local/lib/python3.10/site-packages/airflow/example_dags/example_branch_day_of_week_operator.py for tasks to queue
[2024-02-01T22:58:20.447+0100] {logging_mixin.py:188} INFO - [2024-02-01T22:58:20.446+0100] {dagbag.py:538} INFO - Filling up the DagBag from /home/ubuntu/.local/lib/python3.10/site-packages/airflow/example_dags/example_branch_day_of_week_operator.py
[2024-02-01T22:58:20.462+0100] {processor.py:840} INFO - DAG(s) 'example_weekday_branch_operator' retrieved from /home/ubuntu/.local/lib/python3.10/site-packages/airflow/example_dags/example_branch_day_of_week_operator.py
[2024-02-01T22:58:20.492+0100] {logging_mixin.py:188} INFO - [2024-02-01T22:58:20.492+0100] {dag.py:3033} INFO - Sync 1 DAGs
[2024-02-01T22:58:20.533+0100] {logging_mixin.py:188} INFO - [2024-02-01T22:58:20.533+0100] {dag.py:3820} INFO - Setting next_dagrun for example_weekday_branch_operator to 2024-01-31T00:00:00+00:00, run_after=2024-02-01T00:00:00+00:00
[2024-02-01T22:58:20.605+0100] {processor.py:183} INFO - Processing /home/ubuntu/.local/lib/python3.10/site-packages/airflow/example_dags/example_branch_day_of_week_operator.py took 0.172 seconds
[2024-02-01T23:00:02.744+0100] {processor.py:161} INFO - Started process (PID=15286) to work on /home/ubuntu/.local/lib/python3.10/site-packages/airflow/example_dags/example_branch_day_of_week_operator.py
[2024-02-01T23:00:02.753+0100] {processor.py:830} INFO - Processing file /home/ubuntu/.local/lib/python3.10/site-packages/airflow/example_dags/example_branch_day_of_week_operator.py for tasks to queue
[2024-02-01T23:00:02.756+0100] {logging_mixin.py:188} INFO - [2024-02-01T23:00:02.755+0100] {dagbag.py:538} INFO - Filling up the DagBag from /home/ubuntu/.local/lib/python3.10/site-packages/airflow/example_dags/example_branch_day_of_week_operator.py
[2024-02-01T23:00:02.771+0100] {processor.py:840} INFO - DAG(s) 'example_weekday_branch_operator' retrieved from /home/ubuntu/.local/lib/python3.10/site-packages/airflow/example_dags/example_branch_day_of_week_operator.py
[2024-02-01T23:00:02.829+0100] {logging_mixin.py:188} INFO - [2024-02-01T23:00:02.828+0100] {dag.py:3033} INFO - Sync 1 DAGs
[2024-02-01T23:00:02.884+0100] {logging_mixin.py:188} INFO - [2024-02-01T23:00:02.883+0100] {dag.py:3820} INFO - Setting next_dagrun for example_weekday_branch_operator to 2024-01-31T00:00:00+00:00, run_after=2024-02-01T00:00:00+00:00
[2024-02-01T23:00:02.982+0100] {processor.py:183} INFO - Processing /home/ubuntu/.local/lib/python3.10/site-packages/airflow/example_dags/example_branch_day_of_week_operator.py took 0.245 seconds
[2024-02-01T23:01:07.854+0100] {processor.py:161} INFO - Started process (PID=15384) to work on /home/ubuntu/.local/lib/python3.10/site-packages/airflow/example_dags/example_branch_day_of_week_operator.py
[2024-02-01T23:01:07.856+0100] {processor.py:830} INFO - Processing file /home/ubuntu/.local/lib/python3.10/site-packages/airflow/example_dags/example_branch_day_of_week_operator.py for tasks to queue
[2024-02-01T23:01:07.858+0100] {logging_mixin.py:188} INFO - [2024-02-01T23:01:07.857+0100] {dagbag.py:538} INFO - Filling up the DagBag from /home/ubuntu/.local/lib/python3.10/site-packages/airflow/example_dags/example_branch_day_of_week_operator.py
[2024-02-01T23:01:07.868+0100] {processor.py:840} INFO - DAG(s) 'example_weekday_branch_operator' retrieved from /home/ubuntu/.local/lib/python3.10/site-packages/airflow/example_dags/example_branch_day_of_week_operator.py
[2024-02-01T23:01:07.897+0100] {logging_mixin.py:188} INFO - [2024-02-01T23:01:07.896+0100] {dag.py:3033} INFO - Sync 1 DAGs
[2024-02-01T23:01:07.922+0100] {logging_mixin.py:188} INFO - [2024-02-01T23:01:07.922+0100] {dag.py:3820} INFO - Setting next_dagrun for example_weekday_branch_operator to 2024-01-31T00:00:00+00:00, run_after=2024-02-01T00:00:00+00:00
[2024-02-01T23:01:07.963+0100] {processor.py:183} INFO - Processing /home/ubuntu/.local/lib/python3.10/site-packages/airflow/example_dags/example_branch_day_of_week_operator.py took 0.117 seconds
[2024-02-01T23:02:20.537+0100] {processor.py:161} INFO - Started process (PID=15485) to work on /home/ubuntu/.local/lib/python3.10/site-packages/airflow/example_dags/example_branch_day_of_week_operator.py
[2024-02-01T23:02:20.537+0100] {processor.py:830} INFO - Processing file /home/ubuntu/.local/lib/python3.10/site-packages/airflow/example_dags/example_branch_day_of_week_operator.py for tasks to queue
[2024-02-01T23:02:20.537+0100] {logging_mixin.py:188} INFO - [2024-02-01T23:02:20.537+0100] {dagbag.py:538} INFO - Filling up the DagBag from /home/ubuntu/.local/lib/python3.10/site-packages/airflow/example_dags/example_branch_day_of_week_operator.py
[2024-02-01T23:02:20.537+0100] {processor.py:840} INFO - DAG(s) 'example_weekday_branch_operator' retrieved from /home/ubuntu/.local/lib/python3.10/site-packages/airflow/example_dags/example_branch_day_of_week_operator.py
[2024-02-01T23:02:20.617+0100] {logging_mixin.py:188} INFO - [2024-02-01T23:02:20.617+0100] {dag.py:3033} INFO - Sync 1 DAGs
[2024-02-01T23:02:20.645+0100] {logging_mixin.py:188} INFO - [2024-02-01T23:02:20.645+0100] {dag.py:3820} INFO - Setting next_dagrun for example_weekday_branch_operator to 2024-01-31T00:00:00+00:00, run_after=2024-02-01T00:00:00+00:00
[2024-02-01T23:02:20.753+0100] {processor.py:183} INFO - Processing /home/ubuntu/.local/lib/python3.10/site-packages/airflow/example_dags/example_branch_day_of_week_operator.py took 0.272 seconds
[2024-02-01T23:03:27.789+0100] {processor.py:161} INFO - Started process (PID=15549) to work on /home/ubuntu/.local/lib/python3.10/site-packages/airflow/example_dags/example_branch_day_of_week_operator.py
[2024-02-01T23:03:27.789+0100] {processor.py:830} INFO - Processing file /home/ubuntu/.local/lib/python3.10/site-packages/airflow/example_dags/example_branch_day_of_week_operator.py for tasks to queue
[2024-02-01T23:03:27.789+0100] {logging_mixin.py:188} INFO - [2024-02-01T23:03:27.789+0100] {dagbag.py:538} INFO - Filling up the DagBag from /home/ubuntu/.local/lib/python3.10/site-packages/airflow/example_dags/example_branch_day_of_week_operator.py
[2024-02-01T23:03:27.797+0100] {processor.py:840} INFO - DAG(s) 'example_weekday_branch_operator' retrieved from /home/ubuntu/.local/lib/python3.10/site-packages/airflow/example_dags/example_branch_day_of_week_operator.py
[2024-02-01T23:03:27.853+0100] {logging_mixin.py:188} INFO - [2024-02-01T23:03:27.853+0100] {dag.py:3033} INFO - Sync 1 DAGs
[2024-02-01T23:03:27.889+0100] {logging_mixin.py:188} INFO - [2024-02-01T23:03:27.889+0100] {dag.py:3820} INFO - Setting next_dagrun for example_weekday_branch_operator to 2024-01-31T00:00:00+00:00, run_after=2024-02-01T00:00:00+00:00
[2024-02-01T23:03:27.953+0100] {processor.py:183} INFO - Processing /home/ubuntu/.local/lib/python3.10/site-packages/airflow/example_dags/example_branch_day_of_week_operator.py took 0.172 seconds
[2024-02-01T23:04:50.431+0100] {processor.py:161} INFO - Started process (PID=15614) to work on /home/ubuntu/.local/lib/python3.10/site-packages/airflow/example_dags/example_branch_day_of_week_operator.py
[2024-02-01T23:04:50.439+0100] {processor.py:830} INFO - Processing file /home/ubuntu/.local/lib/python3.10/site-packages/airflow/example_dags/example_branch_day_of_week_operator.py for tasks to queue
[2024-02-01T23:04:50.443+0100] {logging_mixin.py:188} INFO - [2024-02-01T23:04:50.442+0100] {dagbag.py:538} INFO - Filling up the DagBag from /home/ubuntu/.local/lib/python3.10/site-packages/airflow/example_dags/example_branch_day_of_week_operator.py
[2024-02-01T23:04:50.464+0100] {processor.py:840} INFO - DAG(s) 'example_weekday_branch_operator' retrieved from /home/ubuntu/.local/lib/python3.10/site-packages/airflow/example_dags/example_branch_day_of_week_operator.py
[2024-02-01T23:04:50.521+0100] {logging_mixin.py:188} INFO - [2024-02-01T23:04:50.521+0100] {dag.py:3033} INFO - Sync 1 DAGs
[2024-02-01T23:04:50.585+0100] {logging_mixin.py:188} INFO - [2024-02-01T23:04:50.585+0100] {dag.py:3820} INFO - Setting next_dagrun for example_weekday_branch_operator to 2024-01-31T00:00:00+00:00, run_after=2024-02-01T00:00:00+00:00
[2024-02-01T23:04:50.642+0100] {processor.py:183} INFO - Processing /home/ubuntu/.local/lib/python3.10/site-packages/airflow/example_dags/example_branch_day_of_week_operator.py took 0.216 seconds
[2024-02-01T23:06:05.831+0100] {processor.py:161} INFO - Started process (PID=15679) to work on /home/ubuntu/.local/lib/python3.10/site-packages/airflow/example_dags/example_branch_day_of_week_operator.py
[2024-02-01T23:06:05.835+0100] {processor.py:830} INFO - Processing file /home/ubuntu/.local/lib/python3.10/site-packages/airflow/example_dags/example_branch_day_of_week_operator.py for tasks to queue
[2024-02-01T23:06:05.840+0100] {logging_mixin.py:188} INFO - [2024-02-01T23:06:05.839+0100] {dagbag.py:538} INFO - Filling up the DagBag from /home/ubuntu/.local/lib/python3.10/site-packages/airflow/example_dags/example_branch_day_of_week_operator.py
[2024-02-01T23:06:05.857+0100] {processor.py:840} INFO - DAG(s) 'example_weekday_branch_operator' retrieved from /home/ubuntu/.local/lib/python3.10/site-packages/airflow/example_dags/example_branch_day_of_week_operator.py
[2024-02-01T23:06:05.896+0100] {logging_mixin.py:188} INFO - [2024-02-01T23:06:05.895+0100] {dag.py:3033} INFO - Sync 1 DAGs
[2024-02-01T23:06:06.264+0100] {logging_mixin.py:188} INFO - [2024-02-01T23:06:06.264+0100] {dag.py:3820} INFO - Setting next_dagrun for example_weekday_branch_operator to 2024-01-31T00:00:00+00:00, run_after=2024-02-01T00:00:00+00:00
[2024-02-01T23:06:06.384+0100] {processor.py:183} INFO - Processing /home/ubuntu/.local/lib/python3.10/site-packages/airflow/example_dags/example_branch_day_of_week_operator.py took 0.565 seconds
[2024-02-01T23:07:19.991+0100] {processor.py:161} INFO - Started process (PID=15748) to work on /home/ubuntu/.local/lib/python3.10/site-packages/airflow/example_dags/example_branch_day_of_week_operator.py
[2024-02-01T23:07:19.997+0100] {processor.py:830} INFO - Processing file /home/ubuntu/.local/lib/python3.10/site-packages/airflow/example_dags/example_branch_day_of_week_operator.py for tasks to queue
[2024-02-01T23:07:20.001+0100] {logging_mixin.py:188} INFO - [2024-02-01T23:07:19.999+0100] {dagbag.py:538} INFO - Filling up the DagBag from /home/ubuntu/.local/lib/python3.10/site-packages/airflow/example_dags/example_branch_day_of_week_operator.py
[2024-02-01T23:07:20.057+0100] {processor.py:840} INFO - DAG(s) 'example_weekday_branch_operator' retrieved from /home/ubuntu/.local/lib/python3.10/site-packages/airflow/example_dags/example_branch_day_of_week_operator.py
[2024-02-01T23:07:20.109+0100] {logging_mixin.py:188} INFO - [2024-02-01T23:07:20.109+0100] {dag.py:3033} INFO - Sync 1 DAGs
[2024-02-01T23:07:20.168+0100] {logging_mixin.py:188} INFO - [2024-02-01T23:07:20.167+0100] {dag.py:3820} INFO - Setting next_dagrun for example_weekday_branch_operator to 2024-01-31T00:00:00+00:00, run_after=2024-02-01T00:00:00+00:00
[2024-02-01T23:07:20.227+0100] {processor.py:183} INFO - Processing /home/ubuntu/.local/lib/python3.10/site-packages/airflow/example_dags/example_branch_day_of_week_operator.py took 0.246 seconds
[2024-02-01T23:08:50.269+0100] {processor.py:161} INFO - Started process (PID=15845) to work on /home/ubuntu/.local/lib/python3.10/site-packages/airflow/example_dags/example_branch_day_of_week_operator.py
[2024-02-01T23:08:50.278+0100] {processor.py:830} INFO - Processing file /home/ubuntu/.local/lib/python3.10/site-packages/airflow/example_dags/example_branch_day_of_week_operator.py for tasks to queue
[2024-02-01T23:08:50.280+0100] {logging_mixin.py:188} INFO - [2024-02-01T23:08:50.279+0100] {dagbag.py:538} INFO - Filling up the DagBag from /home/ubuntu/.local/lib/python3.10/site-packages/airflow/example_dags/example_branch_day_of_week_operator.py
[2024-02-01T23:08:50.293+0100] {processor.py:840} INFO - DAG(s) 'example_weekday_branch_operator' retrieved from /home/ubuntu/.local/lib/python3.10/site-packages/airflow/example_dags/example_branch_day_of_week_operator.py
[2024-02-01T23:08:50.326+0100] {logging_mixin.py:188} INFO - [2024-02-01T23:08:50.326+0100] {dag.py:3033} INFO - Sync 1 DAGs
[2024-02-01T23:08:50.413+0100] {logging_mixin.py:188} INFO - [2024-02-01T23:08:50.413+0100] {dag.py:3820} INFO - Setting next_dagrun for example_weekday_branch_operator to 2024-01-31T00:00:00+00:00, run_after=2024-02-01T00:00:00+00:00
[2024-02-01T23:08:50.592+0100] {processor.py:183} INFO - Processing /home/ubuntu/.local/lib/python3.10/site-packages/airflow/example_dags/example_branch_day_of_week_operator.py took 0.328 seconds
[2024-02-01T23:09:59.738+0100] {processor.py:161} INFO - Started process (PID=15949) to work on /home/ubuntu/.local/lib/python3.10/site-packages/airflow/example_dags/example_branch_day_of_week_operator.py
[2024-02-01T23:09:59.740+0100] {processor.py:830} INFO - Processing file /home/ubuntu/.local/lib/python3.10/site-packages/airflow/example_dags/example_branch_day_of_week_operator.py for tasks to queue
[2024-02-01T23:09:59.742+0100] {logging_mixin.py:188} INFO - [2024-02-01T23:09:59.742+0100] {dagbag.py:538} INFO - Filling up the DagBag from /home/ubuntu/.local/lib/python3.10/site-packages/airflow/example_dags/example_branch_day_of_week_operator.py
[2024-02-01T23:09:59.753+0100] {processor.py:840} INFO - DAG(s) 'example_weekday_branch_operator' retrieved from /home/ubuntu/.local/lib/python3.10/site-packages/airflow/example_dags/example_branch_day_of_week_operator.py
[2024-02-01T23:09:59.772+0100] {logging_mixin.py:188} INFO - [2024-02-01T23:09:59.772+0100] {dag.py:3033} INFO - Sync 1 DAGs
[2024-02-01T23:09:59.795+0100] {logging_mixin.py:188} INFO - [2024-02-01T23:09:59.795+0100] {dag.py:3820} INFO - Setting next_dagrun for example_weekday_branch_operator to 2024-01-31T00:00:00+00:00, run_after=2024-02-01T00:00:00+00:00
[2024-02-01T23:09:59.840+0100] {processor.py:183} INFO - Processing /home/ubuntu/.local/lib/python3.10/site-packages/airflow/example_dags/example_branch_day_of_week_operator.py took 0.111 seconds
[2024-02-01T23:10:55.519+0100] {processor.py:161} INFO - Started process (PID=16036) to work on /home/ubuntu/.local/lib/python3.10/site-packages/airflow/example_dags/example_branch_day_of_week_operator.py
[2024-02-01T23:10:55.522+0100] {processor.py:830} INFO - Processing file /home/ubuntu/.local/lib/python3.10/site-packages/airflow/example_dags/example_branch_day_of_week_operator.py for tasks to queue
[2024-02-01T23:10:55.523+0100] {logging_mixin.py:188} INFO - [2024-02-01T23:10:55.523+0100] {dagbag.py:538} INFO - Filling up the DagBag from /home/ubuntu/.local/lib/python3.10/site-packages/airflow/example_dags/example_branch_day_of_week_operator.py
[2024-02-01T23:10:55.538+0100] {processor.py:840} INFO - DAG(s) 'example_weekday_branch_operator' retrieved from /home/ubuntu/.local/lib/python3.10/site-packages/airflow/example_dags/example_branch_day_of_week_operator.py
[2024-02-01T23:10:55.562+0100] {logging_mixin.py:188} INFO - [2024-02-01T23:10:55.561+0100] {dag.py:3033} INFO - Sync 1 DAGs
[2024-02-01T23:10:55.598+0100] {logging_mixin.py:188} INFO - [2024-02-01T23:10:55.598+0100] {dag.py:3820} INFO - Setting next_dagrun for example_weekday_branch_operator to 2024-01-31T00:00:00+00:00, run_after=2024-02-01T00:00:00+00:00
[2024-02-01T23:10:55.647+0100] {processor.py:183} INFO - Processing /home/ubuntu/.local/lib/python3.10/site-packages/airflow/example_dags/example_branch_day_of_week_operator.py took 0.133 seconds
[2024-02-01T23:11:54.188+0100] {processor.py:161} INFO - Started process (PID=16131) to work on /home/ubuntu/.local/lib/python3.10/site-packages/airflow/example_dags/example_branch_day_of_week_operator.py
[2024-02-01T23:11:54.196+0100] {processor.py:830} INFO - Processing file /home/ubuntu/.local/lib/python3.10/site-packages/airflow/example_dags/example_branch_day_of_week_operator.py for tasks to queue
[2024-02-01T23:11:54.200+0100] {logging_mixin.py:188} INFO - [2024-02-01T23:11:54.200+0100] {dagbag.py:538} INFO - Filling up the DagBag from /home/ubuntu/.local/lib/python3.10/site-packages/airflow/example_dags/example_branch_day_of_week_operator.py
[2024-02-01T23:11:54.208+0100] {processor.py:840} INFO - DAG(s) 'example_weekday_branch_operator' retrieved from /home/ubuntu/.local/lib/python3.10/site-packages/airflow/example_dags/example_branch_day_of_week_operator.py
[2024-02-01T23:11:54.242+0100] {logging_mixin.py:188} INFO - [2024-02-01T23:11:54.242+0100] {dag.py:3033} INFO - Sync 1 DAGs
[2024-02-01T23:11:54.269+0100] {logging_mixin.py:188} INFO - [2024-02-01T23:11:54.268+0100] {dag.py:3820} INFO - Setting next_dagrun for example_weekday_branch_operator to 2024-01-31T00:00:00+00:00, run_after=2024-02-01T00:00:00+00:00
[2024-02-01T23:11:54.304+0100] {processor.py:183} INFO - Processing /home/ubuntu/.local/lib/python3.10/site-packages/airflow/example_dags/example_branch_day_of_week_operator.py took 0.117 seconds
[2024-02-01T23:12:51.116+0100] {processor.py:161} INFO - Started process (PID=16228) to work on /home/ubuntu/.local/lib/python3.10/site-packages/airflow/example_dags/example_branch_day_of_week_operator.py
[2024-02-01T23:12:51.124+0100] {processor.py:830} INFO - Processing file /home/ubuntu/.local/lib/python3.10/site-packages/airflow/example_dags/example_branch_day_of_week_operator.py for tasks to queue
[2024-02-01T23:12:51.126+0100] {logging_mixin.py:188} INFO - [2024-02-01T23:12:51.125+0100] {dagbag.py:538} INFO - Filling up the DagBag from /home/ubuntu/.local/lib/python3.10/site-packages/airflow/example_dags/example_branch_day_of_week_operator.py
[2024-02-01T23:12:51.172+0100] {processor.py:840} INFO - DAG(s) 'example_weekday_branch_operator' retrieved from /home/ubuntu/.local/lib/python3.10/site-packages/airflow/example_dags/example_branch_day_of_week_operator.py
[2024-02-01T23:12:51.196+0100] {logging_mixin.py:188} INFO - [2024-02-01T23:12:51.195+0100] {dag.py:3033} INFO - Sync 1 DAGs
[2024-02-01T23:12:51.228+0100] {logging_mixin.py:188} INFO - [2024-02-01T23:12:51.227+0100] {dag.py:3820} INFO - Setting next_dagrun for example_weekday_branch_operator to 2024-01-31T00:00:00+00:00, run_after=2024-02-01T00:00:00+00:00
[2024-02-01T23:12:51.272+0100] {processor.py:183} INFO - Processing /home/ubuntu/.local/lib/python3.10/site-packages/airflow/example_dags/example_branch_day_of_week_operator.py took 0.161 seconds
[2024-02-01T23:13:48.330+0100] {processor.py:161} INFO - Started process (PID=16331) to work on /home/ubuntu/.local/lib/python3.10/site-packages/airflow/example_dags/example_branch_day_of_week_operator.py
[2024-02-01T23:13:48.335+0100] {processor.py:830} INFO - Processing file /home/ubuntu/.local/lib/python3.10/site-packages/airflow/example_dags/example_branch_day_of_week_operator.py for tasks to queue
[2024-02-01T23:13:48.336+0100] {logging_mixin.py:188} INFO - [2024-02-01T23:13:48.336+0100] {dagbag.py:538} INFO - Filling up the DagBag from /home/ubuntu/.local/lib/python3.10/site-packages/airflow/example_dags/example_branch_day_of_week_operator.py
[2024-02-01T23:13:48.349+0100] {processor.py:840} INFO - DAG(s) 'example_weekday_branch_operator' retrieved from /home/ubuntu/.local/lib/python3.10/site-packages/airflow/example_dags/example_branch_day_of_week_operator.py
[2024-02-01T23:13:48.379+0100] {logging_mixin.py:188} INFO - [2024-02-01T23:13:48.379+0100] {dag.py:3033} INFO - Sync 1 DAGs
[2024-02-01T23:13:48.408+0100] {logging_mixin.py:188} INFO - [2024-02-01T23:13:48.407+0100] {dag.py:3820} INFO - Setting next_dagrun for example_weekday_branch_operator to 2024-01-31T00:00:00+00:00, run_after=2024-02-01T00:00:00+00:00
[2024-02-01T23:13:48.452+0100] {processor.py:183} INFO - Processing /home/ubuntu/.local/lib/python3.10/site-packages/airflow/example_dags/example_branch_day_of_week_operator.py took 0.128 seconds
