[2024-02-01T22:50:09.239+0100] {processor.py:161} INFO - Started process (PID=14619) to work on /home/ubuntu/.local/lib/python3.10/site-packages/airflow/example_dags/example_short_circuit_decorator.py
[2024-02-01T22:50:09.241+0100] {processor.py:830} INFO - Processing file /home/ubuntu/.local/lib/python3.10/site-packages/airflow/example_dags/example_short_circuit_decorator.py for tasks to queue
[2024-02-01T22:50:09.242+0100] {logging_mixin.py:188} INFO - [2024-02-01T22:50:09.241+0100] {dagbag.py:538} INFO - Filling up the DagBag from /home/ubuntu/.local/lib/python3.10/site-packages/airflow/example_dags/example_short_circuit_decorator.py
[2024-02-01T22:50:09.271+0100] {processor.py:840} INFO - DAG(s) 'example_short_circuit_decorator' retrieved from /home/ubuntu/.local/lib/python3.10/site-packages/airflow/example_dags/example_short_circuit_decorator.py
[2024-02-01T22:50:09.791+0100] {logging_mixin.py:188} INFO - [2024-02-01T22:50:09.791+0100] {dag.py:3033} INFO - Sync 1 DAGs
[2024-02-01T22:50:09.819+0100] {logging_mixin.py:188} INFO - [2024-02-01T22:50:09.819+0100] {dag.py:3820} INFO - Setting next_dagrun for example_short_circuit_decorator to 2024-01-31T00:00:00+00:00, run_after=2024-02-01T00:00:00+00:00
[2024-02-01T22:50:09.927+0100] {processor.py:183} INFO - Processing /home/ubuntu/.local/lib/python3.10/site-packages/airflow/example_dags/example_short_circuit_decorator.py took 0.697 seconds
[2024-02-01T22:51:42.968+0100] {processor.py:161} INFO - Started process (PID=14771) to work on /home/ubuntu/.local/lib/python3.10/site-packages/airflow/example_dags/example_short_circuit_decorator.py
[2024-02-01T22:51:42.970+0100] {processor.py:830} INFO - Processing file /home/ubuntu/.local/lib/python3.10/site-packages/airflow/example_dags/example_short_circuit_decorator.py for tasks to queue
[2024-02-01T22:51:42.973+0100] {logging_mixin.py:188} INFO - [2024-02-01T22:51:42.972+0100] {dagbag.py:538} INFO - Filling up the DagBag from /home/ubuntu/.local/lib/python3.10/site-packages/airflow/example_dags/example_short_circuit_decorator.py
[2024-02-01T22:51:42.997+0100] {processor.py:840} INFO - DAG(s) 'example_short_circuit_decorator' retrieved from /home/ubuntu/.local/lib/python3.10/site-packages/airflow/example_dags/example_short_circuit_decorator.py
[2024-02-01T22:51:43.061+0100] {logging_mixin.py:188} INFO - [2024-02-01T22:51:43.060+0100] {dag.py:3033} INFO - Sync 1 DAGs
[2024-02-01T22:51:43.142+0100] {logging_mixin.py:188} INFO - [2024-02-01T22:51:43.142+0100] {dag.py:3820} INFO - Setting next_dagrun for example_short_circuit_decorator to 2024-01-31T00:00:00+00:00, run_after=2024-02-01T00:00:00+00:00
[2024-02-01T22:51:43.184+0100] {processor.py:183} INFO - Processing /home/ubuntu/.local/lib/python3.10/site-packages/airflow/example_dags/example_short_circuit_decorator.py took 0.225 seconds
[2024-02-01T22:55:45.532+0100] {processor.py:161} INFO - Started process (PID=14983) to work on /home/ubuntu/.local/lib/python3.10/site-packages/airflow/example_dags/example_short_circuit_decorator.py
[2024-02-01T22:55:45.554+0100] {processor.py:830} INFO - Processing file /home/ubuntu/.local/lib/python3.10/site-packages/airflow/example_dags/example_short_circuit_decorator.py for tasks to queue
[2024-02-01T22:55:45.564+0100] {logging_mixin.py:188} INFO - [2024-02-01T22:55:45.556+0100] {dagbag.py:538} INFO - Filling up the DagBag from /home/ubuntu/.local/lib/python3.10/site-packages/airflow/example_dags/example_short_circuit_decorator.py
[2024-02-01T22:55:45.597+0100] {processor.py:840} INFO - DAG(s) 'example_short_circuit_decorator' retrieved from /home/ubuntu/.local/lib/python3.10/site-packages/airflow/example_dags/example_short_circuit_decorator.py
[2024-02-01T22:55:45.672+0100] {logging_mixin.py:188} INFO - [2024-02-01T22:55:45.672+0100] {dag.py:3033} INFO - Sync 1 DAGs
[2024-02-01T22:55:45.735+0100] {logging_mixin.py:188} INFO - [2024-02-01T22:55:45.734+0100] {dag.py:3820} INFO - Setting next_dagrun for example_short_circuit_decorator to 2024-01-31T00:00:00+00:00, run_after=2024-02-01T00:00:00+00:00
[2024-02-01T22:55:45.970+0100] {processor.py:183} INFO - Processing /home/ubuntu/.local/lib/python3.10/site-packages/airflow/example_dags/example_short_circuit_decorator.py took 0.446 seconds
[2024-02-01T22:57:28.110+0100] {processor.py:161} INFO - Started process (PID=15061) to work on /home/ubuntu/.local/lib/python3.10/site-packages/airflow/example_dags/example_short_circuit_decorator.py
[2024-02-01T22:57:28.132+0100] {processor.py:830} INFO - Processing file /home/ubuntu/.local/lib/python3.10/site-packages/airflow/example_dags/example_short_circuit_decorator.py for tasks to queue
[2024-02-01T22:57:28.139+0100] {logging_mixin.py:188} INFO - [2024-02-01T22:57:28.138+0100] {dagbag.py:538} INFO - Filling up the DagBag from /home/ubuntu/.local/lib/python3.10/site-packages/airflow/example_dags/example_short_circuit_decorator.py
[2024-02-01T22:57:28.158+0100] {processor.py:840} INFO - DAG(s) 'example_short_circuit_decorator' retrieved from /home/ubuntu/.local/lib/python3.10/site-packages/airflow/example_dags/example_short_circuit_decorator.py
[2024-02-01T22:57:28.192+0100] {logging_mixin.py:188} INFO - [2024-02-01T22:57:28.191+0100] {dag.py:3033} INFO - Sync 1 DAGs
[2024-02-01T22:57:28.332+0100] {logging_mixin.py:188} INFO - [2024-02-01T22:57:28.331+0100] {dag.py:3820} INFO - Setting next_dagrun for example_short_circuit_decorator to 2024-01-31T00:00:00+00:00, run_after=2024-02-01T00:00:00+00:00
[2024-02-01T22:57:28.478+0100] {processor.py:183} INFO - Processing /home/ubuntu/.local/lib/python3.10/site-packages/airflow/example_dags/example_short_circuit_decorator.py took 0.379 seconds
[2024-02-01T22:58:55.858+0100] {processor.py:161} INFO - Started process (PID=15158) to work on /home/ubuntu/.local/lib/python3.10/site-packages/airflow/example_dags/example_short_circuit_decorator.py
[2024-02-01T22:58:55.862+0100] {processor.py:830} INFO - Processing file /home/ubuntu/.local/lib/python3.10/site-packages/airflow/example_dags/example_short_circuit_decorator.py for tasks to queue
[2024-02-01T22:58:55.866+0100] {logging_mixin.py:188} INFO - [2024-02-01T22:58:55.866+0100] {dagbag.py:538} INFO - Filling up the DagBag from /home/ubuntu/.local/lib/python3.10/site-packages/airflow/example_dags/example_short_circuit_decorator.py
[2024-02-01T22:58:55.914+0100] {processor.py:840} INFO - DAG(s) 'example_short_circuit_decorator' retrieved from /home/ubuntu/.local/lib/python3.10/site-packages/airflow/example_dags/example_short_circuit_decorator.py
[2024-02-01T22:58:55.959+0100] {logging_mixin.py:188} INFO - [2024-02-01T22:58:55.959+0100] {dag.py:3033} INFO - Sync 1 DAGs
[2024-02-01T22:58:55.989+0100] {logging_mixin.py:188} INFO - [2024-02-01T22:58:55.989+0100] {dag.py:3820} INFO - Setting next_dagrun for example_short_circuit_decorator to 2024-01-31T00:00:00+00:00, run_after=2024-02-01T00:00:00+00:00
[2024-02-01T22:58:56.078+0100] {processor.py:183} INFO - Processing /home/ubuntu/.local/lib/python3.10/site-packages/airflow/example_dags/example_short_circuit_decorator.py took 0.232 seconds
[2024-02-01T23:00:36.346+0100] {processor.py:161} INFO - Started process (PID=15334) to work on /home/ubuntu/.local/lib/python3.10/site-packages/airflow/example_dags/example_short_circuit_decorator.py
[2024-02-01T23:00:36.350+0100] {processor.py:830} INFO - Processing file /home/ubuntu/.local/lib/python3.10/site-packages/airflow/example_dags/example_short_circuit_decorator.py for tasks to queue
[2024-02-01T23:00:36.352+0100] {logging_mixin.py:188} INFO - [2024-02-01T23:00:36.351+0100] {dagbag.py:538} INFO - Filling up the DagBag from /home/ubuntu/.local/lib/python3.10/site-packages/airflow/example_dags/example_short_circuit_decorator.py
[2024-02-01T23:00:36.367+0100] {processor.py:840} INFO - DAG(s) 'example_short_circuit_decorator' retrieved from /home/ubuntu/.local/lib/python3.10/site-packages/airflow/example_dags/example_short_circuit_decorator.py
[2024-02-01T23:00:36.394+0100] {logging_mixin.py:188} INFO - [2024-02-01T23:00:36.394+0100] {dag.py:3033} INFO - Sync 1 DAGs
[2024-02-01T23:00:36.417+0100] {logging_mixin.py:188} INFO - [2024-02-01T23:00:36.417+0100] {dag.py:3820} INFO - Setting next_dagrun for example_short_circuit_decorator to 2024-01-31T00:00:00+00:00, run_after=2024-02-01T00:00:00+00:00
[2024-02-01T23:00:36.455+0100] {processor.py:183} INFO - Processing /home/ubuntu/.local/lib/python3.10/site-packages/airflow/example_dags/example_short_circuit_decorator.py took 0.116 seconds
[2024-02-01T23:01:37.386+0100] {processor.py:161} INFO - Started process (PID=15427) to work on /home/ubuntu/.local/lib/python3.10/site-packages/airflow/example_dags/example_short_circuit_decorator.py
[2024-02-01T23:01:37.422+0100] {processor.py:830} INFO - Processing file /home/ubuntu/.local/lib/python3.10/site-packages/airflow/example_dags/example_short_circuit_decorator.py for tasks to queue
[2024-02-01T23:01:37.422+0100] {logging_mixin.py:188} INFO - [2024-02-01T23:01:37.422+0100] {dagbag.py:538} INFO - Filling up the DagBag from /home/ubuntu/.local/lib/python3.10/site-packages/airflow/example_dags/example_short_circuit_decorator.py
[2024-02-01T23:01:37.422+0100] {processor.py:840} INFO - DAG(s) 'example_short_circuit_decorator' retrieved from /home/ubuntu/.local/lib/python3.10/site-packages/airflow/example_dags/example_short_circuit_decorator.py
[2024-02-01T23:01:37.474+0100] {logging_mixin.py:188} INFO - [2024-02-01T23:01:37.474+0100] {dag.py:3033} INFO - Sync 1 DAGs
[2024-02-01T23:01:37.546+0100] {logging_mixin.py:188} INFO - [2024-02-01T23:01:37.546+0100] {dag.py:3820} INFO - Setting next_dagrun for example_short_circuit_decorator to 2024-01-31T00:00:00+00:00, run_after=2024-02-01T00:00:00+00:00
[2024-02-01T23:01:37.942+0100] {processor.py:183} INFO - Processing /home/ubuntu/.local/lib/python3.10/site-packages/airflow/example_dags/example_short_circuit_decorator.py took 0.556 seconds
[2024-02-01T23:02:51.673+0100] {processor.py:161} INFO - Started process (PID=15513) to work on /home/ubuntu/.local/lib/python3.10/site-packages/airflow/example_dags/example_short_circuit_decorator.py
[2024-02-01T23:02:51.677+0100] {processor.py:830} INFO - Processing file /home/ubuntu/.local/lib/python3.10/site-packages/airflow/example_dags/example_short_circuit_decorator.py for tasks to queue
[2024-02-01T23:02:51.677+0100] {logging_mixin.py:188} INFO - [2024-02-01T23:02:51.677+0100] {dagbag.py:538} INFO - Filling up the DagBag from /home/ubuntu/.local/lib/python3.10/site-packages/airflow/example_dags/example_short_circuit_decorator.py
[2024-02-01T23:02:51.725+0100] {processor.py:840} INFO - DAG(s) 'example_short_circuit_decorator' retrieved from /home/ubuntu/.local/lib/python3.10/site-packages/airflow/example_dags/example_short_circuit_decorator.py
[2024-02-01T23:02:51.761+0100] {logging_mixin.py:188} INFO - [2024-02-01T23:02:51.761+0100] {dag.py:3033} INFO - Sync 1 DAGs
[2024-02-01T23:02:51.801+0100] {logging_mixin.py:188} INFO - [2024-02-01T23:02:51.801+0100] {dag.py:3820} INFO - Setting next_dagrun for example_short_circuit_decorator to 2024-01-31T00:00:00+00:00, run_after=2024-02-01T00:00:00+00:00
[2024-02-01T23:02:51.845+0100] {processor.py:183} INFO - Processing /home/ubuntu/.local/lib/python3.10/site-packages/airflow/example_dags/example_short_circuit_decorator.py took 0.200 seconds
[2024-02-01T23:04:09.724+0100] {processor.py:161} INFO - Started process (PID=15578) to work on /home/ubuntu/.local/lib/python3.10/site-packages/airflow/example_dags/example_short_circuit_decorator.py
[2024-02-01T23:04:09.727+0100] {processor.py:830} INFO - Processing file /home/ubuntu/.local/lib/python3.10/site-packages/airflow/example_dags/example_short_circuit_decorator.py for tasks to queue
[2024-02-01T23:04:09.728+0100] {logging_mixin.py:188} INFO - [2024-02-01T23:04:09.728+0100] {dagbag.py:538} INFO - Filling up the DagBag from /home/ubuntu/.local/lib/python3.10/site-packages/airflow/example_dags/example_short_circuit_decorator.py
[2024-02-01T23:04:09.762+0100] {processor.py:840} INFO - DAG(s) 'example_short_circuit_decorator' retrieved from /home/ubuntu/.local/lib/python3.10/site-packages/airflow/example_dags/example_short_circuit_decorator.py
[2024-02-01T23:04:09.839+0100] {logging_mixin.py:188} INFO - [2024-02-01T23:04:09.838+0100] {dag.py:3033} INFO - Sync 1 DAGs
[2024-02-01T23:04:10.103+0100] {logging_mixin.py:188} INFO - [2024-02-01T23:04:10.103+0100] {dag.py:3820} INFO - Setting next_dagrun for example_short_circuit_decorator to 2024-01-31T00:00:00+00:00, run_after=2024-02-01T00:00:00+00:00
[2024-02-01T23:04:10.164+0100] {processor.py:183} INFO - Processing /home/ubuntu/.local/lib/python3.10/site-packages/airflow/example_dags/example_short_circuit_decorator.py took 0.453 seconds
[2024-02-01T23:05:23.675+0100] {processor.py:161} INFO - Started process (PID=15641) to work on /home/ubuntu/.local/lib/python3.10/site-packages/airflow/example_dags/example_short_circuit_decorator.py
[2024-02-01T23:05:23.702+0100] {processor.py:830} INFO - Processing file /home/ubuntu/.local/lib/python3.10/site-packages/airflow/example_dags/example_short_circuit_decorator.py for tasks to queue
[2024-02-01T23:05:23.705+0100] {logging_mixin.py:188} INFO - [2024-02-01T23:05:23.704+0100] {dagbag.py:538} INFO - Filling up the DagBag from /home/ubuntu/.local/lib/python3.10/site-packages/airflow/example_dags/example_short_circuit_decorator.py
[2024-02-01T23:05:23.724+0100] {processor.py:840} INFO - DAG(s) 'example_short_circuit_decorator' retrieved from /home/ubuntu/.local/lib/python3.10/site-packages/airflow/example_dags/example_short_circuit_decorator.py
[2024-02-01T23:05:23.768+0100] {logging_mixin.py:188} INFO - [2024-02-01T23:05:23.768+0100] {dag.py:3033} INFO - Sync 1 DAGs
[2024-02-01T23:05:23.814+0100] {logging_mixin.py:188} INFO - [2024-02-01T23:05:23.814+0100] {dag.py:3820} INFO - Setting next_dagrun for example_short_circuit_decorator to 2024-01-31T00:00:00+00:00, run_after=2024-02-01T00:00:00+00:00
[2024-02-01T23:05:23.875+0100] {processor.py:183} INFO - Processing /home/ubuntu/.local/lib/python3.10/site-packages/airflow/example_dags/example_short_circuit_decorator.py took 0.209 seconds
[2024-02-01T23:06:43.802+0100] {processor.py:161} INFO - Started process (PID=15709) to work on /home/ubuntu/.local/lib/python3.10/site-packages/airflow/example_dags/example_short_circuit_decorator.py
[2024-02-01T23:06:43.807+0100] {processor.py:830} INFO - Processing file /home/ubuntu/.local/lib/python3.10/site-packages/airflow/example_dags/example_short_circuit_decorator.py for tasks to queue
[2024-02-01T23:06:43.813+0100] {logging_mixin.py:188} INFO - [2024-02-01T23:06:43.812+0100] {dagbag.py:538} INFO - Filling up the DagBag from /home/ubuntu/.local/lib/python3.10/site-packages/airflow/example_dags/example_short_circuit_decorator.py
[2024-02-01T23:06:43.828+0100] {processor.py:840} INFO - DAG(s) 'example_short_circuit_decorator' retrieved from /home/ubuntu/.local/lib/python3.10/site-packages/airflow/example_dags/example_short_circuit_decorator.py
[2024-02-01T23:06:43.866+0100] {logging_mixin.py:188} INFO - [2024-02-01T23:06:43.865+0100] {dag.py:3033} INFO - Sync 1 DAGs
[2024-02-01T23:06:43.909+0100] {logging_mixin.py:188} INFO - [2024-02-01T23:06:43.909+0100] {dag.py:3820} INFO - Setting next_dagrun for example_short_circuit_decorator to 2024-01-31T00:00:00+00:00, run_after=2024-02-01T00:00:00+00:00
[2024-02-01T23:06:44.018+0100] {processor.py:183} INFO - Processing /home/ubuntu/.local/lib/python3.10/site-packages/airflow/example_dags/example_short_circuit_decorator.py took 0.221 seconds
[2024-02-01T23:08:01.836+0100] {processor.py:161} INFO - Started process (PID=15776) to work on /home/ubuntu/.local/lib/python3.10/site-packages/airflow/example_dags/example_short_circuit_decorator.py
[2024-02-01T23:08:01.847+0100] {processor.py:830} INFO - Processing file /home/ubuntu/.local/lib/python3.10/site-packages/airflow/example_dags/example_short_circuit_decorator.py for tasks to queue
[2024-02-01T23:08:01.850+0100] {logging_mixin.py:188} INFO - [2024-02-01T23:08:01.849+0100] {dagbag.py:538} INFO - Filling up the DagBag from /home/ubuntu/.local/lib/python3.10/site-packages/airflow/example_dags/example_short_circuit_decorator.py
[2024-02-01T23:08:01.882+0100] {processor.py:840} INFO - DAG(s) 'example_short_circuit_decorator' retrieved from /home/ubuntu/.local/lib/python3.10/site-packages/airflow/example_dags/example_short_circuit_decorator.py
[2024-02-01T23:08:01.942+0100] {logging_mixin.py:188} INFO - [2024-02-01T23:08:01.923+0100] {dag.py:3033} INFO - Sync 1 DAGs
[2024-02-01T23:08:02.287+0100] {logging_mixin.py:188} INFO - [2024-02-01T23:08:02.286+0100] {dag.py:3820} INFO - Setting next_dagrun for example_short_circuit_decorator to 2024-01-31T00:00:00+00:00, run_after=2024-02-01T00:00:00+00:00
[2024-02-01T23:08:02.367+0100] {processor.py:183} INFO - Processing /home/ubuntu/.local/lib/python3.10/site-packages/airflow/example_dags/example_short_circuit_decorator.py took 0.538 seconds
[2024-02-01T23:09:25.591+0100] {processor.py:161} INFO - Started process (PID=15898) to work on /home/ubuntu/.local/lib/python3.10/site-packages/airflow/example_dags/example_short_circuit_decorator.py
[2024-02-01T23:09:25.595+0100] {processor.py:830} INFO - Processing file /home/ubuntu/.local/lib/python3.10/site-packages/airflow/example_dags/example_short_circuit_decorator.py for tasks to queue
[2024-02-01T23:09:25.597+0100] {logging_mixin.py:188} INFO - [2024-02-01T23:09:25.596+0100] {dagbag.py:538} INFO - Filling up the DagBag from /home/ubuntu/.local/lib/python3.10/site-packages/airflow/example_dags/example_short_circuit_decorator.py
[2024-02-01T23:09:25.616+0100] {processor.py:840} INFO - DAG(s) 'example_short_circuit_decorator' retrieved from /home/ubuntu/.local/lib/python3.10/site-packages/airflow/example_dags/example_short_circuit_decorator.py
[2024-02-01T23:09:25.650+0100] {logging_mixin.py:188} INFO - [2024-02-01T23:09:25.650+0100] {dag.py:3033} INFO - Sync 1 DAGs
[2024-02-01T23:09:25.673+0100] {logging_mixin.py:188} INFO - [2024-02-01T23:09:25.673+0100] {dag.py:3820} INFO - Setting next_dagrun for example_short_circuit_decorator to 2024-01-31T00:00:00+00:00, run_after=2024-02-01T00:00:00+00:00
[2024-02-01T23:09:25.719+0100] {processor.py:183} INFO - Processing /home/ubuntu/.local/lib/python3.10/site-packages/airflow/example_dags/example_short_circuit_decorator.py took 0.136 seconds
[2024-02-01T23:10:23.551+0100] {processor.py:161} INFO - Started process (PID=15987) to work on /home/ubuntu/.local/lib/python3.10/site-packages/airflow/example_dags/example_short_circuit_decorator.py
[2024-02-01T23:10:23.553+0100] {processor.py:830} INFO - Processing file /home/ubuntu/.local/lib/python3.10/site-packages/airflow/example_dags/example_short_circuit_decorator.py for tasks to queue
[2024-02-01T23:10:23.555+0100] {logging_mixin.py:188} INFO - [2024-02-01T23:10:23.554+0100] {dagbag.py:538} INFO - Filling up the DagBag from /home/ubuntu/.local/lib/python3.10/site-packages/airflow/example_dags/example_short_circuit_decorator.py
[2024-02-01T23:10:23.567+0100] {processor.py:840} INFO - DAG(s) 'example_short_circuit_decorator' retrieved from /home/ubuntu/.local/lib/python3.10/site-packages/airflow/example_dags/example_short_circuit_decorator.py
[2024-02-01T23:10:23.598+0100] {logging_mixin.py:188} INFO - [2024-02-01T23:10:23.594+0100] {dag.py:3033} INFO - Sync 1 DAGs
[2024-02-01T23:10:23.658+0100] {logging_mixin.py:188} INFO - [2024-02-01T23:10:23.657+0100] {dag.py:3820} INFO - Setting next_dagrun for example_short_circuit_decorator to 2024-01-31T00:00:00+00:00, run_after=2024-02-01T00:00:00+00:00
[2024-02-01T23:10:23.699+0100] {processor.py:183} INFO - Processing /home/ubuntu/.local/lib/python3.10/site-packages/airflow/example_dags/example_short_circuit_decorator.py took 0.152 seconds
[2024-02-01T23:11:22.596+0100] {processor.py:161} INFO - Started process (PID=16079) to work on /home/ubuntu/.local/lib/python3.10/site-packages/airflow/example_dags/example_short_circuit_decorator.py
[2024-02-01T23:11:22.596+0100] {processor.py:830} INFO - Processing file /home/ubuntu/.local/lib/python3.10/site-packages/airflow/example_dags/example_short_circuit_decorator.py for tasks to queue
[2024-02-01T23:11:22.628+0100] {logging_mixin.py:188} INFO - [2024-02-01T23:11:22.628+0100] {dagbag.py:538} INFO - Filling up the DagBag from /home/ubuntu/.local/lib/python3.10/site-packages/airflow/example_dags/example_short_circuit_decorator.py
[2024-02-01T23:11:22.700+0100] {processor.py:840} INFO - DAG(s) 'example_short_circuit_decorator' retrieved from /home/ubuntu/.local/lib/python3.10/site-packages/airflow/example_dags/example_short_circuit_decorator.py
[2024-02-01T23:11:22.748+0100] {logging_mixin.py:188} INFO - [2024-02-01T23:11:22.747+0100] {dag.py:3033} INFO - Sync 1 DAGs
[2024-02-01T23:11:22.803+0100] {logging_mixin.py:188} INFO - [2024-02-01T23:11:22.803+0100] {dag.py:3820} INFO - Setting next_dagrun for example_short_circuit_decorator to 2024-01-31T00:00:00+00:00, run_after=2024-02-01T00:00:00+00:00
[2024-02-01T23:11:22.904+0100] {processor.py:183} INFO - Processing /home/ubuntu/.local/lib/python3.10/site-packages/airflow/example_dags/example_short_circuit_decorator.py took 0.308 seconds
[2024-02-01T23:12:19.750+0100] {processor.py:161} INFO - Started process (PID=16174) to work on /home/ubuntu/.local/lib/python3.10/site-packages/airflow/example_dags/example_short_circuit_decorator.py
[2024-02-01T23:12:19.754+0100] {processor.py:830} INFO - Processing file /home/ubuntu/.local/lib/python3.10/site-packages/airflow/example_dags/example_short_circuit_decorator.py for tasks to queue
[2024-02-01T23:12:19.756+0100] {logging_mixin.py:188} INFO - [2024-02-01T23:12:19.756+0100] {dagbag.py:538} INFO - Filling up the DagBag from /home/ubuntu/.local/lib/python3.10/site-packages/airflow/example_dags/example_short_circuit_decorator.py
[2024-02-01T23:12:19.767+0100] {processor.py:840} INFO - DAG(s) 'example_short_circuit_decorator' retrieved from /home/ubuntu/.local/lib/python3.10/site-packages/airflow/example_dags/example_short_circuit_decorator.py
[2024-02-01T23:12:19.788+0100] {logging_mixin.py:188} INFO - [2024-02-01T23:12:19.788+0100] {dag.py:3033} INFO - Sync 1 DAGs
[2024-02-01T23:12:19.824+0100] {logging_mixin.py:188} INFO - [2024-02-01T23:12:19.822+0100] {dag.py:3820} INFO - Setting next_dagrun for example_short_circuit_decorator to 2024-01-31T00:00:00+00:00, run_after=2024-02-01T00:00:00+00:00
[2024-02-01T23:12:19.871+0100] {processor.py:183} INFO - Processing /home/ubuntu/.local/lib/python3.10/site-packages/airflow/example_dags/example_short_circuit_decorator.py took 0.159 seconds
[2024-02-01T23:13:15.900+0100] {processor.py:161} INFO - Started process (PID=16268) to work on /home/ubuntu/.local/lib/python3.10/site-packages/airflow/example_dags/example_short_circuit_decorator.py
[2024-02-01T23:13:15.912+0100] {processor.py:830} INFO - Processing file /home/ubuntu/.local/lib/python3.10/site-packages/airflow/example_dags/example_short_circuit_decorator.py for tasks to queue
[2024-02-01T23:13:15.912+0100] {logging_mixin.py:188} INFO - [2024-02-01T23:13:15.912+0100] {dagbag.py:538} INFO - Filling up the DagBag from /home/ubuntu/.local/lib/python3.10/site-packages/airflow/example_dags/example_short_circuit_decorator.py
[2024-02-01T23:13:15.928+0100] {processor.py:840} INFO - DAG(s) 'example_short_circuit_decorator' retrieved from /home/ubuntu/.local/lib/python3.10/site-packages/airflow/example_dags/example_short_circuit_decorator.py
[2024-02-01T23:13:15.968+0100] {logging_mixin.py:188} INFO - [2024-02-01T23:13:15.968+0100] {dag.py:3033} INFO - Sync 1 DAGs
[2024-02-01T23:13:16.020+0100] {logging_mixin.py:188} INFO - [2024-02-01T23:13:16.020+0100] {dag.py:3820} INFO - Setting next_dagrun for example_short_circuit_decorator to 2024-01-31T00:00:00+00:00, run_after=2024-02-01T00:00:00+00:00
[2024-02-01T23:13:16.062+0100] {processor.py:183} INFO - Processing /home/ubuntu/.local/lib/python3.10/site-packages/airflow/example_dags/example_short_circuit_decorator.py took 0.162 seconds
[2024-02-01T23:14:11.856+0100] {processor.py:161} INFO - Started process (PID=16367) to work on /home/ubuntu/.local/lib/python3.10/site-packages/airflow/example_dags/example_short_circuit_decorator.py
[2024-02-01T23:14:11.863+0100] {processor.py:830} INFO - Processing file /home/ubuntu/.local/lib/python3.10/site-packages/airflow/example_dags/example_short_circuit_decorator.py for tasks to queue
[2024-02-01T23:14:11.865+0100] {logging_mixin.py:188} INFO - [2024-02-01T23:14:11.864+0100] {dagbag.py:538} INFO - Filling up the DagBag from /home/ubuntu/.local/lib/python3.10/site-packages/airflow/example_dags/example_short_circuit_decorator.py
[2024-02-01T23:14:11.875+0100] {processor.py:840} INFO - DAG(s) 'example_short_circuit_decorator' retrieved from /home/ubuntu/.local/lib/python3.10/site-packages/airflow/example_dags/example_short_circuit_decorator.py
[2024-02-01T23:14:11.896+0100] {logging_mixin.py:188} INFO - [2024-02-01T23:14:11.896+0100] {dag.py:3033} INFO - Sync 1 DAGs
[2024-02-01T23:14:11.917+0100] {logging_mixin.py:188} INFO - [2024-02-01T23:14:11.916+0100] {dag.py:3820} INFO - Setting next_dagrun for example_short_circuit_decorator to 2024-01-31T00:00:00+00:00, run_after=2024-02-01T00:00:00+00:00
[2024-02-01T23:14:11.998+0100] {processor.py:183} INFO - Processing /home/ubuntu/.local/lib/python3.10/site-packages/airflow/example_dags/example_short_circuit_decorator.py took 0.145 seconds
