[2024-02-01T22:49:45.811+0100] {processor.py:161} INFO - Started process (PID=14603) to work on /home/ubuntu/.local/lib/python3.10/site-packages/airflow/example_dags/example_external_task_marker_dag.py
[2024-02-01T22:49:45.815+0100] {processor.py:830} INFO - Processing file /home/ubuntu/.local/lib/python3.10/site-packages/airflow/example_dags/example_external_task_marker_dag.py for tasks to queue
[2024-02-01T22:49:45.818+0100] {logging_mixin.py:188} INFO - [2024-02-01T22:49:45.816+0100] {dagbag.py:538} INFO - Filling up the DagBag from /home/ubuntu/.local/lib/python3.10/site-packages/airflow/example_dags/example_external_task_marker_dag.py
[2024-02-01T22:49:45.850+0100] {processor.py:840} INFO - DAG(s) 'example_external_task_marker_child', 'example_external_task_marker_parent' retrieved from /home/ubuntu/.local/lib/python3.10/site-packages/airflow/example_dags/example_external_task_marker_dag.py
[2024-02-01T22:49:46.296+0100] {logging_mixin.py:188} INFO - [2024-02-01T22:49:46.296+0100] {dag.py:3033} INFO - Sync 2 DAGs
[2024-02-01T22:49:46.365+0100] {logging_mixin.py:188} INFO - [2024-02-01T22:49:46.365+0100] {dag.py:3820} INFO - Setting next_dagrun for example_external_task_marker_child to None, run_after=None
[2024-02-01T22:49:46.373+0100] {logging_mixin.py:188} INFO - [2024-02-01T22:49:46.373+0100] {dag.py:3820} INFO - Setting next_dagrun for example_external_task_marker_parent to None, run_after=None
[2024-02-01T22:49:46.512+0100] {processor.py:183} INFO - Processing /home/ubuntu/.local/lib/python3.10/site-packages/airflow/example_dags/example_external_task_marker_dag.py took 0.710 seconds
[2024-02-01T22:51:11.671+0100] {processor.py:161} INFO - Started process (PID=14712) to work on /home/ubuntu/.local/lib/python3.10/site-packages/airflow/example_dags/example_external_task_marker_dag.py
[2024-02-01T22:51:11.679+0100] {processor.py:830} INFO - Processing file /home/ubuntu/.local/lib/python3.10/site-packages/airflow/example_dags/example_external_task_marker_dag.py for tasks to queue
[2024-02-01T22:51:11.683+0100] {logging_mixin.py:188} INFO - [2024-02-01T22:51:11.679+0100] {dagbag.py:538} INFO - Filling up the DagBag from /home/ubuntu/.local/lib/python3.10/site-packages/airflow/example_dags/example_external_task_marker_dag.py
[2024-02-01T22:51:11.695+0100] {processor.py:840} INFO - DAG(s) 'example_external_task_marker_parent', 'example_external_task_marker_child' retrieved from /home/ubuntu/.local/lib/python3.10/site-packages/airflow/example_dags/example_external_task_marker_dag.py
[2024-02-01T22:51:11.751+0100] {logging_mixin.py:188} INFO - [2024-02-01T22:51:11.751+0100] {dag.py:3033} INFO - Sync 2 DAGs
[2024-02-01T22:51:11.763+0100] {logging_mixin.py:188} INFO - [2024-02-01T22:51:11.763+0100] {dag.py:3820} INFO - Setting next_dagrun for example_external_task_marker_child to None, run_after=None
[2024-02-01T22:51:11.791+0100] {logging_mixin.py:188} INFO - [2024-02-01T22:51:11.791+0100] {dag.py:3820} INFO - Setting next_dagrun for example_external_task_marker_parent to None, run_after=None
[2024-02-01T22:51:11.895+0100] {processor.py:183} INFO - Processing /home/ubuntu/.local/lib/python3.10/site-packages/airflow/example_dags/example_external_task_marker_dag.py took 0.224 seconds
[2024-02-01T22:52:46.565+0100] {processor.py:161} INFO - Started process (PID=14829) to work on /home/ubuntu/.local/lib/python3.10/site-packages/airflow/example_dags/example_external_task_marker_dag.py
[2024-02-01T22:52:46.582+0100] {processor.py:830} INFO - Processing file /home/ubuntu/.local/lib/python3.10/site-packages/airflow/example_dags/example_external_task_marker_dag.py for tasks to queue
[2024-02-01T22:52:46.584+0100] {logging_mixin.py:188} INFO - [2024-02-01T22:52:46.583+0100] {dagbag.py:538} INFO - Filling up the DagBag from /home/ubuntu/.local/lib/python3.10/site-packages/airflow/example_dags/example_external_task_marker_dag.py
[2024-02-01T22:52:46.604+0100] {processor.py:840} INFO - DAG(s) 'example_external_task_marker_parent', 'example_external_task_marker_child' retrieved from /home/ubuntu/.local/lib/python3.10/site-packages/airflow/example_dags/example_external_task_marker_dag.py
[2024-02-01T22:52:46.682+0100] {logging_mixin.py:188} INFO - [2024-02-01T22:52:46.682+0100] {dag.py:3033} INFO - Sync 2 DAGs
[2024-02-01T22:52:46.710+0100] {logging_mixin.py:188} INFO - [2024-02-01T22:52:46.710+0100] {dag.py:3820} INFO - Setting next_dagrun for example_external_task_marker_child to None, run_after=None
[2024-02-01T22:52:46.730+0100] {logging_mixin.py:188} INFO - [2024-02-01T22:52:46.729+0100] {dag.py:3820} INFO - Setting next_dagrun for example_external_task_marker_parent to None, run_after=None
[2024-02-01T22:52:46.859+0100] {processor.py:183} INFO - Processing /home/ubuntu/.local/lib/python3.10/site-packages/airflow/example_dags/example_external_task_marker_dag.py took 0.315 seconds
[2024-02-01T22:55:27.579+0100] {processor.py:161} INFO - Started process (PID=14972) to work on /home/ubuntu/.local/lib/python3.10/site-packages/airflow/example_dags/example_external_task_marker_dag.py
[2024-02-01T22:55:27.611+0100] {processor.py:830} INFO - Processing file /home/ubuntu/.local/lib/python3.10/site-packages/airflow/example_dags/example_external_task_marker_dag.py for tasks to queue
[2024-02-01T22:55:27.611+0100] {logging_mixin.py:188} INFO - [2024-02-01T22:55:27.611+0100] {dagbag.py:538} INFO - Filling up the DagBag from /home/ubuntu/.local/lib/python3.10/site-packages/airflow/example_dags/example_external_task_marker_dag.py
[2024-02-01T22:55:27.611+0100] {processor.py:840} INFO - DAG(s) 'example_external_task_marker_child', 'example_external_task_marker_parent' retrieved from /home/ubuntu/.local/lib/python3.10/site-packages/airflow/example_dags/example_external_task_marker_dag.py
[2024-02-01T22:55:27.735+0100] {logging_mixin.py:188} INFO - [2024-02-01T22:55:27.723+0100] {dag.py:3033} INFO - Sync 2 DAGs
[2024-02-01T22:55:27.763+0100] {logging_mixin.py:188} INFO - [2024-02-01T22:55:27.763+0100] {dag.py:3820} INFO - Setting next_dagrun for example_external_task_marker_child to None, run_after=None
[2024-02-01T22:55:27.791+0100] {logging_mixin.py:188} INFO - [2024-02-01T22:55:27.791+0100] {dag.py:3820} INFO - Setting next_dagrun for example_external_task_marker_parent to None, run_after=None
[2024-02-01T22:55:27.952+0100] {processor.py:183} INFO - Processing /home/ubuntu/.local/lib/python3.10/site-packages/airflow/example_dags/example_external_task_marker_dag.py took 0.397 seconds
[2024-02-01T22:56:48.311+0100] {processor.py:161} INFO - Started process (PID=15032) to work on /home/ubuntu/.local/lib/python3.10/site-packages/airflow/example_dags/example_external_task_marker_dag.py
[2024-02-01T22:56:48.323+0100] {processor.py:830} INFO - Processing file /home/ubuntu/.local/lib/python3.10/site-packages/airflow/example_dags/example_external_task_marker_dag.py for tasks to queue
[2024-02-01T22:56:48.325+0100] {logging_mixin.py:188} INFO - [2024-02-01T22:56:48.324+0100] {dagbag.py:538} INFO - Filling up the DagBag from /home/ubuntu/.local/lib/python3.10/site-packages/airflow/example_dags/example_external_task_marker_dag.py
[2024-02-01T22:56:48.345+0100] {processor.py:840} INFO - DAG(s) 'example_external_task_marker_child', 'example_external_task_marker_parent' retrieved from /home/ubuntu/.local/lib/python3.10/site-packages/airflow/example_dags/example_external_task_marker_dag.py
[2024-02-01T22:56:48.535+0100] {logging_mixin.py:188} INFO - [2024-02-01T22:56:48.535+0100] {dag.py:3033} INFO - Sync 2 DAGs
[2024-02-01T22:56:48.573+0100] {logging_mixin.py:188} INFO - [2024-02-01T22:56:48.572+0100] {dag.py:3820} INFO - Setting next_dagrun for example_external_task_marker_child to None, run_after=None
[2024-02-01T22:56:48.579+0100] {logging_mixin.py:188} INFO - [2024-02-01T22:56:48.579+0100] {dag.py:3820} INFO - Setting next_dagrun for example_external_task_marker_parent to None, run_after=None
[2024-02-01T22:56:48.685+0100] {processor.py:183} INFO - Processing /home/ubuntu/.local/lib/python3.10/site-packages/airflow/example_dags/example_external_task_marker_dag.py took 0.383 seconds
[2024-02-01T22:58:24.806+0100] {processor.py:161} INFO - Started process (PID=15114) to work on /home/ubuntu/.local/lib/python3.10/site-packages/airflow/example_dags/example_external_task_marker_dag.py
[2024-02-01T22:58:24.806+0100] {processor.py:830} INFO - Processing file /home/ubuntu/.local/lib/python3.10/site-packages/airflow/example_dags/example_external_task_marker_dag.py for tasks to queue
[2024-02-01T22:58:24.814+0100] {logging_mixin.py:188} INFO - [2024-02-01T22:58:24.806+0100] {dagbag.py:538} INFO - Filling up the DagBag from /home/ubuntu/.local/lib/python3.10/site-packages/airflow/example_dags/example_external_task_marker_dag.py
[2024-02-01T22:58:24.818+0100] {processor.py:840} INFO - DAG(s) 'example_external_task_marker_child', 'example_external_task_marker_parent' retrieved from /home/ubuntu/.local/lib/python3.10/site-packages/airflow/example_dags/example_external_task_marker_dag.py
[2024-02-01T22:58:24.902+0100] {logging_mixin.py:188} INFO - [2024-02-01T22:58:24.902+0100] {dag.py:3033} INFO - Sync 2 DAGs
[2024-02-01T22:58:24.934+0100] {logging_mixin.py:188} INFO - [2024-02-01T22:58:24.934+0100] {dag.py:3820} INFO - Setting next_dagrun for example_external_task_marker_child to None, run_after=None
[2024-02-01T22:58:24.970+0100] {logging_mixin.py:188} INFO - [2024-02-01T22:58:24.970+0100] {dag.py:3820} INFO - Setting next_dagrun for example_external_task_marker_parent to None, run_after=None
[2024-02-01T22:58:25.038+0100] {processor.py:183} INFO - Processing /home/ubuntu/.local/lib/python3.10/site-packages/airflow/example_dags/example_external_task_marker_dag.py took 0.248 seconds
[2024-02-01T23:00:06.794+0100] {processor.py:161} INFO - Started process (PID=15291) to work on /home/ubuntu/.local/lib/python3.10/site-packages/airflow/example_dags/example_external_task_marker_dag.py
[2024-02-01T23:00:06.798+0100] {processor.py:830} INFO - Processing file /home/ubuntu/.local/lib/python3.10/site-packages/airflow/example_dags/example_external_task_marker_dag.py for tasks to queue
[2024-02-01T23:00:06.806+0100] {logging_mixin.py:188} INFO - [2024-02-01T23:00:06.806+0100] {dagbag.py:538} INFO - Filling up the DagBag from /home/ubuntu/.local/lib/python3.10/site-packages/airflow/example_dags/example_external_task_marker_dag.py
[2024-02-01T23:00:06.821+0100] {processor.py:840} INFO - DAG(s) 'example_external_task_marker_parent', 'example_external_task_marker_child' retrieved from /home/ubuntu/.local/lib/python3.10/site-packages/airflow/example_dags/example_external_task_marker_dag.py
[2024-02-01T23:00:06.925+0100] {logging_mixin.py:188} INFO - [2024-02-01T23:00:06.924+0100] {dag.py:3033} INFO - Sync 2 DAGs
[2024-02-01T23:00:06.982+0100] {logging_mixin.py:188} INFO - [2024-02-01T23:00:06.979+0100] {dag.py:3820} INFO - Setting next_dagrun for example_external_task_marker_child to None, run_after=None
[2024-02-01T23:00:06.992+0100] {logging_mixin.py:188} INFO - [2024-02-01T23:00:06.991+0100] {dag.py:3820} INFO - Setting next_dagrun for example_external_task_marker_parent to None, run_after=None
[2024-02-01T23:00:07.129+0100] {processor.py:183} INFO - Processing /home/ubuntu/.local/lib/python3.10/site-packages/airflow/example_dags/example_external_task_marker_dag.py took 0.370 seconds
[2024-02-01T23:01:11.774+0100] {processor.py:161} INFO - Started process (PID=15390) to work on /home/ubuntu/.local/lib/python3.10/site-packages/airflow/example_dags/example_external_task_marker_dag.py
[2024-02-01T23:01:11.779+0100] {processor.py:830} INFO - Processing file /home/ubuntu/.local/lib/python3.10/site-packages/airflow/example_dags/example_external_task_marker_dag.py for tasks to queue
[2024-02-01T23:01:11.782+0100] {logging_mixin.py:188} INFO - [2024-02-01T23:01:11.781+0100] {dagbag.py:538} INFO - Filling up the DagBag from /home/ubuntu/.local/lib/python3.10/site-packages/airflow/example_dags/example_external_task_marker_dag.py
[2024-02-01T23:01:11.796+0100] {processor.py:840} INFO - DAG(s) 'example_external_task_marker_child', 'example_external_task_marker_parent' retrieved from /home/ubuntu/.local/lib/python3.10/site-packages/airflow/example_dags/example_external_task_marker_dag.py
[2024-02-01T23:01:11.837+0100] {logging_mixin.py:188} INFO - [2024-02-01T23:01:11.836+0100] {dag.py:3033} INFO - Sync 2 DAGs
[2024-02-01T23:01:11.864+0100] {logging_mixin.py:188} INFO - [2024-02-01T23:01:11.864+0100] {dag.py:3820} INFO - Setting next_dagrun for example_external_task_marker_child to None, run_after=None
[2024-02-01T23:01:11.871+0100] {logging_mixin.py:188} INFO - [2024-02-01T23:01:11.871+0100] {dag.py:3820} INFO - Setting next_dagrun for example_external_task_marker_parent to None, run_after=None
[2024-02-01T23:01:11.921+0100] {processor.py:183} INFO - Processing /home/ubuntu/.local/lib/python3.10/site-packages/airflow/example_dags/example_external_task_marker_dag.py took 0.155 seconds
[2024-02-01T23:02:23.777+0100] {processor.py:161} INFO - Started process (PID=15488) to work on /home/ubuntu/.local/lib/python3.10/site-packages/airflow/example_dags/example_external_task_marker_dag.py
[2024-02-01T23:02:23.777+0100] {processor.py:830} INFO - Processing file /home/ubuntu/.local/lib/python3.10/site-packages/airflow/example_dags/example_external_task_marker_dag.py for tasks to queue
[2024-02-01T23:02:23.778+0100] {logging_mixin.py:188} INFO - [2024-02-01T23:02:23.777+0100] {dagbag.py:538} INFO - Filling up the DagBag from /home/ubuntu/.local/lib/python3.10/site-packages/airflow/example_dags/example_external_task_marker_dag.py
[2024-02-01T23:02:23.840+0100] {processor.py:840} INFO - DAG(s) 'example_external_task_marker_child', 'example_external_task_marker_parent' retrieved from /home/ubuntu/.local/lib/python3.10/site-packages/airflow/example_dags/example_external_task_marker_dag.py
[2024-02-01T23:02:23.931+0100] {logging_mixin.py:188} INFO - [2024-02-01T23:02:23.930+0100] {dag.py:3033} INFO - Sync 2 DAGs
[2024-02-01T23:02:23.951+0100] {logging_mixin.py:188} INFO - [2024-02-01T23:02:23.951+0100] {dag.py:3820} INFO - Setting next_dagrun for example_external_task_marker_child to None, run_after=None
[2024-02-01T23:02:23.957+0100] {logging_mixin.py:188} INFO - [2024-02-01T23:02:23.956+0100] {dag.py:3820} INFO - Setting next_dagrun for example_external_task_marker_parent to None, run_after=None
[2024-02-01T23:02:24.022+0100] {processor.py:183} INFO - Processing /home/ubuntu/.local/lib/python3.10/site-packages/airflow/example_dags/example_external_task_marker_dag.py took 0.244 seconds
[2024-02-01T23:03:31.532+0100] {processor.py:161} INFO - Started process (PID=15552) to work on /home/ubuntu/.local/lib/python3.10/site-packages/airflow/example_dags/example_external_task_marker_dag.py
[2024-02-01T23:03:31.556+0100] {processor.py:830} INFO - Processing file /home/ubuntu/.local/lib/python3.10/site-packages/airflow/example_dags/example_external_task_marker_dag.py for tasks to queue
[2024-02-01T23:03:31.558+0100] {logging_mixin.py:188} INFO - [2024-02-01T23:03:31.557+0100] {dagbag.py:538} INFO - Filling up the DagBag from /home/ubuntu/.local/lib/python3.10/site-packages/airflow/example_dags/example_external_task_marker_dag.py
[2024-02-01T23:03:31.576+0100] {processor.py:840} INFO - DAG(s) 'example_external_task_marker_parent', 'example_external_task_marker_child' retrieved from /home/ubuntu/.local/lib/python3.10/site-packages/airflow/example_dags/example_external_task_marker_dag.py
[2024-02-01T23:03:31.631+0100] {logging_mixin.py:188} INFO - [2024-02-01T23:03:31.631+0100] {dag.py:3033} INFO - Sync 2 DAGs
[2024-02-01T23:03:31.654+0100] {logging_mixin.py:188} INFO - [2024-02-01T23:03:31.654+0100] {dag.py:3820} INFO - Setting next_dagrun for example_external_task_marker_child to None, run_after=None
[2024-02-01T23:03:31.659+0100] {logging_mixin.py:188} INFO - [2024-02-01T23:03:31.658+0100] {dag.py:3820} INFO - Setting next_dagrun for example_external_task_marker_parent to None, run_after=None
[2024-02-01T23:03:31.808+0100] {processor.py:183} INFO - Processing /home/ubuntu/.local/lib/python3.10/site-packages/airflow/example_dags/example_external_task_marker_dag.py took 0.282 seconds
[2024-02-01T23:04:55.005+0100] {processor.py:161} INFO - Started process (PID=15617) to work on /home/ubuntu/.local/lib/python3.10/site-packages/airflow/example_dags/example_external_task_marker_dag.py
[2024-02-01T23:04:55.009+0100] {processor.py:830} INFO - Processing file /home/ubuntu/.local/lib/python3.10/site-packages/airflow/example_dags/example_external_task_marker_dag.py for tasks to queue
[2024-02-01T23:04:55.012+0100] {logging_mixin.py:188} INFO - [2024-02-01T23:04:55.010+0100] {dagbag.py:538} INFO - Filling up the DagBag from /home/ubuntu/.local/lib/python3.10/site-packages/airflow/example_dags/example_external_task_marker_dag.py
[2024-02-01T23:04:55.036+0100] {processor.py:840} INFO - DAG(s) 'example_external_task_marker_child', 'example_external_task_marker_parent' retrieved from /home/ubuntu/.local/lib/python3.10/site-packages/airflow/example_dags/example_external_task_marker_dag.py
[2024-02-01T23:04:55.084+0100] {logging_mixin.py:188} INFO - [2024-02-01T23:04:55.084+0100] {dag.py:3033} INFO - Sync 2 DAGs
[2024-02-01T23:04:55.111+0100] {logging_mixin.py:188} INFO - [2024-02-01T23:04:55.111+0100] {dag.py:3820} INFO - Setting next_dagrun for example_external_task_marker_child to None, run_after=None
[2024-02-01T23:04:55.116+0100] {logging_mixin.py:188} INFO - [2024-02-01T23:04:55.116+0100] {dag.py:3820} INFO - Setting next_dagrun for example_external_task_marker_parent to None, run_after=None
[2024-02-01T23:04:55.210+0100] {processor.py:183} INFO - Processing /home/ubuntu/.local/lib/python3.10/site-packages/airflow/example_dags/example_external_task_marker_dag.py took 0.212 seconds
[2024-02-01T23:06:11.139+0100] {processor.py:161} INFO - Started process (PID=15683) to work on /home/ubuntu/.local/lib/python3.10/site-packages/airflow/example_dags/example_external_task_marker_dag.py
[2024-02-01T23:06:11.146+0100] {processor.py:830} INFO - Processing file /home/ubuntu/.local/lib/python3.10/site-packages/airflow/example_dags/example_external_task_marker_dag.py for tasks to queue
[2024-02-01T23:06:11.149+0100] {logging_mixin.py:188} INFO - [2024-02-01T23:06:11.148+0100] {dagbag.py:538} INFO - Filling up the DagBag from /home/ubuntu/.local/lib/python3.10/site-packages/airflow/example_dags/example_external_task_marker_dag.py
[2024-02-01T23:06:11.171+0100] {processor.py:840} INFO - DAG(s) 'example_external_task_marker_parent', 'example_external_task_marker_child' retrieved from /home/ubuntu/.local/lib/python3.10/site-packages/airflow/example_dags/example_external_task_marker_dag.py
[2024-02-01T23:06:11.249+0100] {logging_mixin.py:188} INFO - [2024-02-01T23:06:11.249+0100] {dag.py:3033} INFO - Sync 2 DAGs
[2024-02-01T23:06:11.521+0100] {logging_mixin.py:188} INFO - [2024-02-01T23:06:11.521+0100] {dag.py:3820} INFO - Setting next_dagrun for example_external_task_marker_child to None, run_after=None
[2024-02-01T23:06:11.533+0100] {logging_mixin.py:188} INFO - [2024-02-01T23:06:11.533+0100] {dag.py:3820} INFO - Setting next_dagrun for example_external_task_marker_parent to None, run_after=None
[2024-02-01T23:06:11.619+0100] {processor.py:183} INFO - Processing /home/ubuntu/.local/lib/python3.10/site-packages/airflow/example_dags/example_external_task_marker_dag.py took 0.487 seconds
[2024-02-01T23:07:24.301+0100] {processor.py:161} INFO - Started process (PID=15751) to work on /home/ubuntu/.local/lib/python3.10/site-packages/airflow/example_dags/example_external_task_marker_dag.py
[2024-02-01T23:07:24.301+0100] {processor.py:830} INFO - Processing file /home/ubuntu/.local/lib/python3.10/site-packages/airflow/example_dags/example_external_task_marker_dag.py for tasks to queue
[2024-02-01T23:07:24.337+0100] {logging_mixin.py:188} INFO - [2024-02-01T23:07:24.333+0100] {dagbag.py:538} INFO - Filling up the DagBag from /home/ubuntu/.local/lib/python3.10/site-packages/airflow/example_dags/example_external_task_marker_dag.py
[2024-02-01T23:07:24.345+0100] {processor.py:840} INFO - DAG(s) 'example_external_task_marker_child', 'example_external_task_marker_parent' retrieved from /home/ubuntu/.local/lib/python3.10/site-packages/airflow/example_dags/example_external_task_marker_dag.py
[2024-02-01T23:07:24.385+0100] {logging_mixin.py:188} INFO - [2024-02-01T23:07:24.385+0100] {dag.py:3033} INFO - Sync 2 DAGs
[2024-02-01T23:07:24.425+0100] {logging_mixin.py:188} INFO - [2024-02-01T23:07:24.425+0100] {dag.py:3820} INFO - Setting next_dagrun for example_external_task_marker_child to None, run_after=None
[2024-02-01T23:07:24.441+0100] {logging_mixin.py:188} INFO - [2024-02-01T23:07:24.441+0100] {dag.py:3820} INFO - Setting next_dagrun for example_external_task_marker_parent to None, run_after=None
[2024-02-01T23:07:24.509+0100] {processor.py:183} INFO - Processing /home/ubuntu/.local/lib/python3.10/site-packages/airflow/example_dags/example_external_task_marker_dag.py took 0.232 seconds
[2024-02-01T23:08:54.628+0100] {processor.py:161} INFO - Started process (PID=15852) to work on /home/ubuntu/.local/lib/python3.10/site-packages/airflow/example_dags/example_external_task_marker_dag.py
[2024-02-01T23:08:54.632+0100] {processor.py:830} INFO - Processing file /home/ubuntu/.local/lib/python3.10/site-packages/airflow/example_dags/example_external_task_marker_dag.py for tasks to queue
[2024-02-01T23:08:54.636+0100] {logging_mixin.py:188} INFO - [2024-02-01T23:08:54.632+0100] {dagbag.py:538} INFO - Filling up the DagBag from /home/ubuntu/.local/lib/python3.10/site-packages/airflow/example_dags/example_external_task_marker_dag.py
[2024-02-01T23:08:54.664+0100] {processor.py:840} INFO - DAG(s) 'example_external_task_marker_parent', 'example_external_task_marker_child' retrieved from /home/ubuntu/.local/lib/python3.10/site-packages/airflow/example_dags/example_external_task_marker_dag.py
[2024-02-01T23:08:54.716+0100] {logging_mixin.py:188} INFO - [2024-02-01T23:08:54.716+0100] {dag.py:3033} INFO - Sync 2 DAGs
[2024-02-01T23:08:54.764+0100] {logging_mixin.py:188} INFO - [2024-02-01T23:08:54.764+0100] {dag.py:3820} INFO - Setting next_dagrun for example_external_task_marker_child to None, run_after=None
[2024-02-01T23:08:54.784+0100] {logging_mixin.py:188} INFO - [2024-02-01T23:08:54.784+0100] {dag.py:3820} INFO - Setting next_dagrun for example_external_task_marker_parent to None, run_after=None
[2024-02-01T23:08:54.932+0100] {processor.py:183} INFO - Processing /home/ubuntu/.local/lib/python3.10/site-packages/airflow/example_dags/example_external_task_marker_dag.py took 0.332 seconds
[2024-02-01T23:10:03.008+0100] {processor.py:161} INFO - Started process (PID=15955) to work on /home/ubuntu/.local/lib/python3.10/site-packages/airflow/example_dags/example_external_task_marker_dag.py
[2024-02-01T23:10:03.025+0100] {processor.py:830} INFO - Processing file /home/ubuntu/.local/lib/python3.10/site-packages/airflow/example_dags/example_external_task_marker_dag.py for tasks to queue
[2024-02-01T23:10:03.027+0100] {logging_mixin.py:188} INFO - [2024-02-01T23:10:03.027+0100] {dagbag.py:538} INFO - Filling up the DagBag from /home/ubuntu/.local/lib/python3.10/site-packages/airflow/example_dags/example_external_task_marker_dag.py
[2024-02-01T23:10:03.035+0100] {processor.py:840} INFO - DAG(s) 'example_external_task_marker_child', 'example_external_task_marker_parent' retrieved from /home/ubuntu/.local/lib/python3.10/site-packages/airflow/example_dags/example_external_task_marker_dag.py
[2024-02-01T23:10:03.056+0100] {logging_mixin.py:188} INFO - [2024-02-01T23:10:03.056+0100] {dag.py:3033} INFO - Sync 2 DAGs
[2024-02-01T23:10:03.069+0100] {logging_mixin.py:188} INFO - [2024-02-01T23:10:03.069+0100] {dag.py:3820} INFO - Setting next_dagrun for example_external_task_marker_child to None, run_after=None
[2024-02-01T23:10:03.073+0100] {logging_mixin.py:188} INFO - [2024-02-01T23:10:03.073+0100] {dag.py:3820} INFO - Setting next_dagrun for example_external_task_marker_parent to None, run_after=None
[2024-02-01T23:10:03.163+0100] {processor.py:183} INFO - Processing /home/ubuntu/.local/lib/python3.10/site-packages/airflow/example_dags/example_external_task_marker_dag.py took 0.155 seconds
[2024-02-01T23:10:58.589+0100] {processor.py:161} INFO - Started process (PID=16042) to work on /home/ubuntu/.local/lib/python3.10/site-packages/airflow/example_dags/example_external_task_marker_dag.py
[2024-02-01T23:10:58.593+0100] {processor.py:830} INFO - Processing file /home/ubuntu/.local/lib/python3.10/site-packages/airflow/example_dags/example_external_task_marker_dag.py for tasks to queue
[2024-02-01T23:10:58.595+0100] {logging_mixin.py:188} INFO - [2024-02-01T23:10:58.595+0100] {dagbag.py:538} INFO - Filling up the DagBag from /home/ubuntu/.local/lib/python3.10/site-packages/airflow/example_dags/example_external_task_marker_dag.py
[2024-02-01T23:10:58.609+0100] {processor.py:840} INFO - DAG(s) 'example_external_task_marker_child', 'example_external_task_marker_parent' retrieved from /home/ubuntu/.local/lib/python3.10/site-packages/airflow/example_dags/example_external_task_marker_dag.py
[2024-02-01T23:10:58.700+0100] {logging_mixin.py:188} INFO - [2024-02-01T23:10:58.700+0100] {dag.py:3033} INFO - Sync 2 DAGs
[2024-02-01T23:10:58.716+0100] {logging_mixin.py:188} INFO - [2024-02-01T23:10:58.715+0100] {dag.py:3820} INFO - Setting next_dagrun for example_external_task_marker_child to None, run_after=None
[2024-02-01T23:10:58.723+0100] {logging_mixin.py:188} INFO - [2024-02-01T23:10:58.723+0100] {dag.py:3820} INFO - Setting next_dagrun for example_external_task_marker_parent to None, run_after=None
[2024-02-01T23:10:58.763+0100] {processor.py:183} INFO - Processing /home/ubuntu/.local/lib/python3.10/site-packages/airflow/example_dags/example_external_task_marker_dag.py took 0.179 seconds
[2024-02-01T23:11:57.926+0100] {processor.py:161} INFO - Started process (PID=16141) to work on /home/ubuntu/.local/lib/python3.10/site-packages/airflow/example_dags/example_external_task_marker_dag.py
[2024-02-01T23:11:57.928+0100] {processor.py:830} INFO - Processing file /home/ubuntu/.local/lib/python3.10/site-packages/airflow/example_dags/example_external_task_marker_dag.py for tasks to queue
[2024-02-01T23:11:57.931+0100] {logging_mixin.py:188} INFO - [2024-02-01T23:11:57.929+0100] {dagbag.py:538} INFO - Filling up the DagBag from /home/ubuntu/.local/lib/python3.10/site-packages/airflow/example_dags/example_external_task_marker_dag.py
[2024-02-01T23:11:57.950+0100] {processor.py:840} INFO - DAG(s) 'example_external_task_marker_child', 'example_external_task_marker_parent' retrieved from /home/ubuntu/.local/lib/python3.10/site-packages/airflow/example_dags/example_external_task_marker_dag.py
[2024-02-01T23:11:57.976+0100] {logging_mixin.py:188} INFO - [2024-02-01T23:11:57.976+0100] {dag.py:3033} INFO - Sync 2 DAGs
[2024-02-01T23:11:57.992+0100] {logging_mixin.py:188} INFO - [2024-02-01T23:11:57.991+0100] {dag.py:3820} INFO - Setting next_dagrun for example_external_task_marker_child to None, run_after=None
[2024-02-01T23:11:57.996+0100] {logging_mixin.py:188} INFO - [2024-02-01T23:11:57.995+0100] {dag.py:3820} INFO - Setting next_dagrun for example_external_task_marker_parent to None, run_after=None
[2024-02-01T23:11:58.034+0100] {processor.py:183} INFO - Processing /home/ubuntu/.local/lib/python3.10/site-packages/airflow/example_dags/example_external_task_marker_dag.py took 0.114 seconds
[2024-02-01T23:12:55.100+0100] {processor.py:161} INFO - Started process (PID=16231) to work on /home/ubuntu/.local/lib/python3.10/site-packages/airflow/example_dags/example_external_task_marker_dag.py
[2024-02-01T23:12:55.110+0100] {processor.py:830} INFO - Processing file /home/ubuntu/.local/lib/python3.10/site-packages/airflow/example_dags/example_external_task_marker_dag.py for tasks to queue
[2024-02-01T23:12:55.111+0100] {logging_mixin.py:188} INFO - [2024-02-01T23:12:55.111+0100] {dagbag.py:538} INFO - Filling up the DagBag from /home/ubuntu/.local/lib/python3.10/site-packages/airflow/example_dags/example_external_task_marker_dag.py
[2024-02-01T23:12:55.118+0100] {processor.py:840} INFO - DAG(s) 'example_external_task_marker_parent', 'example_external_task_marker_child' retrieved from /home/ubuntu/.local/lib/python3.10/site-packages/airflow/example_dags/example_external_task_marker_dag.py
[2024-02-01T23:12:55.142+0100] {logging_mixin.py:188} INFO - [2024-02-01T23:12:55.142+0100] {dag.py:3033} INFO - Sync 2 DAGs
[2024-02-01T23:12:55.157+0100] {logging_mixin.py:188} INFO - [2024-02-01T23:12:55.157+0100] {dag.py:3820} INFO - Setting next_dagrun for example_external_task_marker_child to None, run_after=None
[2024-02-01T23:12:55.162+0100] {logging_mixin.py:188} INFO - [2024-02-01T23:12:55.162+0100] {dag.py:3820} INFO - Setting next_dagrun for example_external_task_marker_parent to None, run_after=None
[2024-02-01T23:12:55.200+0100] {processor.py:183} INFO - Processing /home/ubuntu/.local/lib/python3.10/site-packages/airflow/example_dags/example_external_task_marker_dag.py took 0.108 seconds
[2024-02-01T23:13:51.736+0100] {processor.py:161} INFO - Started process (PID=16334) to work on /home/ubuntu/.local/lib/python3.10/site-packages/airflow/example_dags/example_external_task_marker_dag.py
[2024-02-01T23:13:51.740+0100] {processor.py:830} INFO - Processing file /home/ubuntu/.local/lib/python3.10/site-packages/airflow/example_dags/example_external_task_marker_dag.py for tasks to queue
[2024-02-01T23:13:51.740+0100] {logging_mixin.py:188} INFO - [2024-02-01T23:13:51.740+0100] {dagbag.py:538} INFO - Filling up the DagBag from /home/ubuntu/.local/lib/python3.10/site-packages/airflow/example_dags/example_external_task_marker_dag.py
[2024-02-01T23:13:51.748+0100] {processor.py:840} INFO - DAG(s) 'example_external_task_marker_parent', 'example_external_task_marker_child' retrieved from /home/ubuntu/.local/lib/python3.10/site-packages/airflow/example_dags/example_external_task_marker_dag.py
[2024-02-01T23:13:51.780+0100] {logging_mixin.py:188} INFO - [2024-02-01T23:13:51.780+0100] {dag.py:3033} INFO - Sync 2 DAGs
[2024-02-01T23:13:51.800+0100] {logging_mixin.py:188} INFO - [2024-02-01T23:13:51.800+0100] {dag.py:3820} INFO - Setting next_dagrun for example_external_task_marker_child to None, run_after=None
[2024-02-01T23:13:51.804+0100] {logging_mixin.py:188} INFO - [2024-02-01T23:13:51.804+0100] {dag.py:3820} INFO - Setting next_dagrun for example_external_task_marker_parent to None, run_after=None
[2024-02-01T23:13:51.856+0100] {processor.py:183} INFO - Processing /home/ubuntu/.local/lib/python3.10/site-packages/airflow/example_dags/example_external_task_marker_dag.py took 0.128 seconds
