[2024-02-01T22:50:30.869+0100] {processor.py:161} INFO - Started process (PID=14651) to work on /home/ubuntu/.local/lib/python3.10/site-packages/airflow/example_dags/example_sensors.py
[2024-02-01T22:50:30.872+0100] {processor.py:830} INFO - Processing file /home/ubuntu/.local/lib/python3.10/site-packages/airflow/example_dags/example_sensors.py for tasks to queue
[2024-02-01T22:50:30.893+0100] {logging_mixin.py:188} INFO - [2024-02-01T22:50:30.873+0100] {dagbag.py:538} INFO - Filling up the DagBag from /home/ubuntu/.local/lib/python3.10/site-packages/airflow/example_dags/example_sensors.py
[2024-02-01T22:50:30.930+0100] {processor.py:840} INFO - DAG(s) 'example_sensors' retrieved from /home/ubuntu/.local/lib/python3.10/site-packages/airflow/example_dags/example_sensors.py
[2024-02-01T22:50:31.275+0100] {logging_mixin.py:188} INFO - [2024-02-01T22:50:31.275+0100] {dag.py:3033} INFO - Sync 1 DAGs
[2024-02-01T22:50:31.298+0100] {logging_mixin.py:188} INFO - [2024-02-01T22:50:31.297+0100] {dag.py:3820} INFO - Setting next_dagrun for example_sensors to None, run_after=None
[2024-02-01T22:50:31.416+0100] {processor.py:183} INFO - Processing /home/ubuntu/.local/lib/python3.10/site-packages/airflow/example_dags/example_sensors.py took 0.569 seconds
[2024-02-01T22:52:05.302+0100] {processor.py:161} INFO - Started process (PID=14798) to work on /home/ubuntu/.local/lib/python3.10/site-packages/airflow/example_dags/example_sensors.py
[2024-02-01T22:52:05.309+0100] {processor.py:830} INFO - Processing file /home/ubuntu/.local/lib/python3.10/site-packages/airflow/example_dags/example_sensors.py for tasks to queue
[2024-02-01T22:52:05.312+0100] {logging_mixin.py:188} INFO - [2024-02-01T22:52:05.311+0100] {dagbag.py:538} INFO - Filling up the DagBag from /home/ubuntu/.local/lib/python3.10/site-packages/airflow/example_dags/example_sensors.py
[2024-02-01T22:52:05.339+0100] {processor.py:840} INFO - DAG(s) 'example_sensors' retrieved from /home/ubuntu/.local/lib/python3.10/site-packages/airflow/example_dags/example_sensors.py
[2024-02-01T22:52:05.420+0100] {logging_mixin.py:188} INFO - [2024-02-01T22:52:05.420+0100] {dag.py:3033} INFO - Sync 1 DAGs
[2024-02-01T22:52:05.448+0100] {logging_mixin.py:188} INFO - [2024-02-01T22:52:05.448+0100] {dag.py:3820} INFO - Setting next_dagrun for example_sensors to None, run_after=None
[2024-02-01T22:52:05.533+0100] {processor.py:183} INFO - Processing /home/ubuntu/.local/lib/python3.10/site-packages/airflow/example_dags/example_sensors.py took 0.242 seconds
[2024-02-01T22:56:08.220+0100] {processor.py:161} INFO - Started process (PID=14999) to work on /home/ubuntu/.local/lib/python3.10/site-packages/airflow/example_dags/example_sensors.py
[2024-02-01T22:56:08.224+0100] {processor.py:830} INFO - Processing file /home/ubuntu/.local/lib/python3.10/site-packages/airflow/example_dags/example_sensors.py for tasks to queue
[2024-02-01T22:56:08.226+0100] {logging_mixin.py:188} INFO - [2024-02-01T22:56:08.225+0100] {dagbag.py:538} INFO - Filling up the DagBag from /home/ubuntu/.local/lib/python3.10/site-packages/airflow/example_dags/example_sensors.py
[2024-02-01T22:56:08.274+0100] {processor.py:840} INFO - DAG(s) 'example_sensors' retrieved from /home/ubuntu/.local/lib/python3.10/site-packages/airflow/example_dags/example_sensors.py
[2024-02-01T22:56:08.357+0100] {logging_mixin.py:188} INFO - [2024-02-01T22:56:08.357+0100] {dag.py:3033} INFO - Sync 1 DAGs
[2024-02-01T22:56:08.407+0100] {logging_mixin.py:188} INFO - [2024-02-01T22:56:08.406+0100] {dag.py:3820} INFO - Setting next_dagrun for example_sensors to None, run_after=None
[2024-02-01T22:56:08.539+0100] {processor.py:183} INFO - Processing /home/ubuntu/.local/lib/python3.10/site-packages/airflow/example_dags/example_sensors.py took 0.327 seconds
[2024-02-01T22:57:49.267+0100] {processor.py:161} INFO - Started process (PID=15073) to work on /home/ubuntu/.local/lib/python3.10/site-packages/airflow/example_dags/example_sensors.py
[2024-02-01T22:57:49.272+0100] {processor.py:830} INFO - Processing file /home/ubuntu/.local/lib/python3.10/site-packages/airflow/example_dags/example_sensors.py for tasks to queue
[2024-02-01T22:57:49.274+0100] {logging_mixin.py:188} INFO - [2024-02-01T22:57:49.274+0100] {dagbag.py:538} INFO - Filling up the DagBag from /home/ubuntu/.local/lib/python3.10/site-packages/airflow/example_dags/example_sensors.py
[2024-02-01T22:57:49.302+0100] {processor.py:840} INFO - DAG(s) 'example_sensors' retrieved from /home/ubuntu/.local/lib/python3.10/site-packages/airflow/example_dags/example_sensors.py
[2024-02-01T22:57:49.402+0100] {logging_mixin.py:188} INFO - [2024-02-01T22:57:49.401+0100] {dag.py:3033} INFO - Sync 1 DAGs
[2024-02-01T22:57:49.431+0100] {logging_mixin.py:188} INFO - [2024-02-01T22:57:49.430+0100] {dag.py:3820} INFO - Setting next_dagrun for example_sensors to None, run_after=None
[2024-02-01T22:57:49.529+0100] {processor.py:183} INFO - Processing /home/ubuntu/.local/lib/python3.10/site-packages/airflow/example_dags/example_sensors.py took 0.269 seconds
[2024-02-01T22:59:12.052+0100] {processor.py:161} INFO - Started process (PID=15181) to work on /home/ubuntu/.local/lib/python3.10/site-packages/airflow/example_dags/example_sensors.py
[2024-02-01T22:59:12.060+0100] {processor.py:830} INFO - Processing file /home/ubuntu/.local/lib/python3.10/site-packages/airflow/example_dags/example_sensors.py for tasks to queue
[2024-02-01T22:59:12.062+0100] {logging_mixin.py:188} INFO - [2024-02-01T22:59:12.062+0100] {dagbag.py:538} INFO - Filling up the DagBag from /home/ubuntu/.local/lib/python3.10/site-packages/airflow/example_dags/example_sensors.py
[2024-02-01T22:59:12.076+0100] {processor.py:840} INFO - DAG(s) 'example_sensors' retrieved from /home/ubuntu/.local/lib/python3.10/site-packages/airflow/example_dags/example_sensors.py
[2024-02-01T22:59:12.100+0100] {logging_mixin.py:188} INFO - [2024-02-01T22:59:12.100+0100] {dag.py:3033} INFO - Sync 1 DAGs
[2024-02-01T22:59:12.121+0100] {logging_mixin.py:188} INFO - [2024-02-01T22:59:12.121+0100] {dag.py:3820} INFO - Setting next_dagrun for example_sensors to None, run_after=None
[2024-02-01T22:59:12.205+0100] {processor.py:183} INFO - Processing /home/ubuntu/.local/lib/python3.10/site-packages/airflow/example_dags/example_sensors.py took 0.158 seconds
[2024-02-01T23:00:52.562+0100] {processor.py:161} INFO - Started process (PID=15355) to work on /home/ubuntu/.local/lib/python3.10/site-packages/airflow/example_dags/example_sensors.py
[2024-02-01T23:00:52.565+0100] {processor.py:830} INFO - Processing file /home/ubuntu/.local/lib/python3.10/site-packages/airflow/example_dags/example_sensors.py for tasks to queue
[2024-02-01T23:00:52.568+0100] {logging_mixin.py:188} INFO - [2024-02-01T23:00:52.566+0100] {dagbag.py:538} INFO - Filling up the DagBag from /home/ubuntu/.local/lib/python3.10/site-packages/airflow/example_dags/example_sensors.py
[2024-02-01T23:00:52.588+0100] {processor.py:840} INFO - DAG(s) 'example_sensors' retrieved from /home/ubuntu/.local/lib/python3.10/site-packages/airflow/example_dags/example_sensors.py
[2024-02-01T23:00:52.628+0100] {logging_mixin.py:188} INFO - [2024-02-01T23:00:52.628+0100] {dag.py:3033} INFO - Sync 1 DAGs
[2024-02-01T23:00:52.691+0100] {logging_mixin.py:188} INFO - [2024-02-01T23:00:52.691+0100] {dag.py:3820} INFO - Setting next_dagrun for example_sensors to None, run_after=None
[2024-02-01T23:00:52.729+0100] {processor.py:183} INFO - Processing /home/ubuntu/.local/lib/python3.10/site-packages/airflow/example_dags/example_sensors.py took 0.173 seconds
[2024-02-01T23:01:55.760+0100] {processor.py:161} INFO - Started process (PID=15458) to work on /home/ubuntu/.local/lib/python3.10/site-packages/airflow/example_dags/example_sensors.py
[2024-02-01T23:01:55.772+0100] {processor.py:830} INFO - Processing file /home/ubuntu/.local/lib/python3.10/site-packages/airflow/example_dags/example_sensors.py for tasks to queue
[2024-02-01T23:01:55.780+0100] {logging_mixin.py:188} INFO - [2024-02-01T23:01:55.779+0100] {dagbag.py:538} INFO - Filling up the DagBag from /home/ubuntu/.local/lib/python3.10/site-packages/airflow/example_dags/example_sensors.py
[2024-02-01T23:01:55.807+0100] {processor.py:840} INFO - DAG(s) 'example_sensors' retrieved from /home/ubuntu/.local/lib/python3.10/site-packages/airflow/example_dags/example_sensors.py
[2024-02-01T23:01:55.919+0100] {logging_mixin.py:188} INFO - [2024-02-01T23:01:55.919+0100] {dag.py:3033} INFO - Sync 1 DAGs
[2024-02-01T23:01:55.945+0100] {logging_mixin.py:188} INFO - [2024-02-01T23:01:55.944+0100] {dag.py:3820} INFO - Setting next_dagrun for example_sensors to None, run_after=None
[2024-02-01T23:01:56.050+0100] {processor.py:183} INFO - Processing /home/ubuntu/.local/lib/python3.10/site-packages/airflow/example_dags/example_sensors.py took 0.321 seconds
[2024-02-01T23:03:07.210+0100] {processor.py:161} INFO - Started process (PID=15527) to work on /home/ubuntu/.local/lib/python3.10/site-packages/airflow/example_dags/example_sensors.py
[2024-02-01T23:03:07.212+0100] {processor.py:830} INFO - Processing file /home/ubuntu/.local/lib/python3.10/site-packages/airflow/example_dags/example_sensors.py for tasks to queue
[2024-02-01T23:03:07.215+0100] {logging_mixin.py:188} INFO - [2024-02-01T23:03:07.214+0100] {dagbag.py:538} INFO - Filling up the DagBag from /home/ubuntu/.local/lib/python3.10/site-packages/airflow/example_dags/example_sensors.py
[2024-02-01T23:03:07.234+0100] {processor.py:840} INFO - DAG(s) 'example_sensors' retrieved from /home/ubuntu/.local/lib/python3.10/site-packages/airflow/example_dags/example_sensors.py
[2024-02-01T23:03:07.276+0100] {logging_mixin.py:188} INFO - [2024-02-01T23:03:07.275+0100] {dag.py:3033} INFO - Sync 1 DAGs
[2024-02-01T23:03:07.315+0100] {logging_mixin.py:188} INFO - [2024-02-01T23:03:07.315+0100] {dag.py:3820} INFO - Setting next_dagrun for example_sensors to None, run_after=None
[2024-02-01T23:03:07.425+0100] {processor.py:183} INFO - Processing /home/ubuntu/.local/lib/python3.10/site-packages/airflow/example_dags/example_sensors.py took 0.220 seconds
[2024-02-01T23:04:26.802+0100] {processor.py:161} INFO - Started process (PID=15590) to work on /home/ubuntu/.local/lib/python3.10/site-packages/airflow/example_dags/example_sensors.py
[2024-02-01T23:04:26.806+0100] {processor.py:830} INFO - Processing file /home/ubuntu/.local/lib/python3.10/site-packages/airflow/example_dags/example_sensors.py for tasks to queue
[2024-02-01T23:04:26.811+0100] {logging_mixin.py:188} INFO - [2024-02-01T23:04:26.810+0100] {dagbag.py:538} INFO - Filling up the DagBag from /home/ubuntu/.local/lib/python3.10/site-packages/airflow/example_dags/example_sensors.py
[2024-02-01T23:04:26.841+0100] {processor.py:840} INFO - DAG(s) 'example_sensors' retrieved from /home/ubuntu/.local/lib/python3.10/site-packages/airflow/example_dags/example_sensors.py
[2024-02-01T23:04:26.895+0100] {logging_mixin.py:188} INFO - [2024-02-01T23:04:26.895+0100] {dag.py:3033} INFO - Sync 1 DAGs
[2024-02-01T23:04:26.986+0100] {logging_mixin.py:188} INFO - [2024-02-01T23:04:26.986+0100] {dag.py:3820} INFO - Setting next_dagrun for example_sensors to None, run_after=None
[2024-02-01T23:04:27.111+0100] {processor.py:183} INFO - Processing /home/ubuntu/.local/lib/python3.10/site-packages/airflow/example_dags/example_sensors.py took 0.315 seconds
[2024-02-01T23:05:40.467+0100] {processor.py:161} INFO - Started process (PID=15653) to work on /home/ubuntu/.local/lib/python3.10/site-packages/airflow/example_dags/example_sensors.py
[2024-02-01T23:05:40.497+0100] {processor.py:830} INFO - Processing file /home/ubuntu/.local/lib/python3.10/site-packages/airflow/example_dags/example_sensors.py for tasks to queue
[2024-02-01T23:05:40.500+0100] {logging_mixin.py:188} INFO - [2024-02-01T23:05:40.499+0100] {dagbag.py:538} INFO - Filling up the DagBag from /home/ubuntu/.local/lib/python3.10/site-packages/airflow/example_dags/example_sensors.py
[2024-02-01T23:05:40.525+0100] {processor.py:840} INFO - DAG(s) 'example_sensors' retrieved from /home/ubuntu/.local/lib/python3.10/site-packages/airflow/example_dags/example_sensors.py
[2024-02-01T23:05:40.589+0100] {logging_mixin.py:188} INFO - [2024-02-01T23:05:40.586+0100] {dag.py:3033} INFO - Sync 1 DAGs
[2024-02-01T23:05:40.904+0100] {logging_mixin.py:188} INFO - [2024-02-01T23:05:40.904+0100] {dag.py:3820} INFO - Setting next_dagrun for example_sensors to None, run_after=None
[2024-02-01T23:05:40.967+0100] {processor.py:183} INFO - Processing /home/ubuntu/.local/lib/python3.10/site-packages/airflow/example_dags/example_sensors.py took 0.515 seconds
[2024-02-01T23:06:59.601+0100] {processor.py:161} INFO - Started process (PID=15725) to work on /home/ubuntu/.local/lib/python3.10/site-packages/airflow/example_dags/example_sensors.py
[2024-02-01T23:06:59.601+0100] {processor.py:830} INFO - Processing file /home/ubuntu/.local/lib/python3.10/site-packages/airflow/example_dags/example_sensors.py for tasks to queue
[2024-02-01T23:06:59.601+0100] {logging_mixin.py:188} INFO - [2024-02-01T23:06:59.601+0100] {dagbag.py:538} INFO - Filling up the DagBag from /home/ubuntu/.local/lib/python3.10/site-packages/airflow/example_dags/example_sensors.py
[2024-02-01T23:06:59.629+0100] {processor.py:840} INFO - DAG(s) 'example_sensors' retrieved from /home/ubuntu/.local/lib/python3.10/site-packages/airflow/example_dags/example_sensors.py
[2024-02-01T23:06:59.705+0100] {logging_mixin.py:188} INFO - [2024-02-01T23:06:59.705+0100] {dag.py:3033} INFO - Sync 1 DAGs
[2024-02-01T23:06:59.705+0100] {logging_mixin.py:188} INFO - [2024-02-01T23:06:59.705+0100] {dag.py:3820} INFO - Setting next_dagrun for example_sensors to None, run_after=None
[2024-02-01T23:06:59.785+0100] {processor.py:183} INFO - Processing /home/ubuntu/.local/lib/python3.10/site-packages/airflow/example_dags/example_sensors.py took 0.184 seconds
[2024-02-01T23:08:22.238+0100] {processor.py:161} INFO - Started process (PID=15797) to work on /home/ubuntu/.local/lib/python3.10/site-packages/airflow/example_dags/example_sensors.py
[2024-02-01T23:08:22.242+0100] {processor.py:830} INFO - Processing file /home/ubuntu/.local/lib/python3.10/site-packages/airflow/example_dags/example_sensors.py for tasks to queue
[2024-02-01T23:08:22.245+0100] {logging_mixin.py:188} INFO - [2024-02-01T23:08:22.244+0100] {dagbag.py:538} INFO - Filling up the DagBag from /home/ubuntu/.local/lib/python3.10/site-packages/airflow/example_dags/example_sensors.py
[2024-02-01T23:08:22.524+0100] {processor.py:840} INFO - DAG(s) 'example_sensors' retrieved from /home/ubuntu/.local/lib/python3.10/site-packages/airflow/example_dags/example_sensors.py
[2024-02-01T23:08:22.584+0100] {logging_mixin.py:188} INFO - [2024-02-01T23:08:22.584+0100] {dag.py:3033} INFO - Sync 1 DAGs
[2024-02-01T23:08:22.612+0100] {logging_mixin.py:188} INFO - [2024-02-01T23:08:22.612+0100] {dag.py:3820} INFO - Setting next_dagrun for example_sensors to None, run_after=None
[2024-02-01T23:08:22.676+0100] {processor.py:183} INFO - Processing /home/ubuntu/.local/lib/python3.10/site-packages/airflow/example_dags/example_sensors.py took 0.440 seconds
[2024-02-01T23:09:41.307+0100] {processor.py:161} INFO - Started process (PID=15920) to work on /home/ubuntu/.local/lib/python3.10/site-packages/airflow/example_dags/example_sensors.py
[2024-02-01T23:09:41.310+0100] {processor.py:830} INFO - Processing file /home/ubuntu/.local/lib/python3.10/site-packages/airflow/example_dags/example_sensors.py for tasks to queue
[2024-02-01T23:09:41.311+0100] {logging_mixin.py:188} INFO - [2024-02-01T23:09:41.311+0100] {dagbag.py:538} INFO - Filling up the DagBag from /home/ubuntu/.local/lib/python3.10/site-packages/airflow/example_dags/example_sensors.py
[2024-02-01T23:09:41.331+0100] {processor.py:840} INFO - DAG(s) 'example_sensors' retrieved from /home/ubuntu/.local/lib/python3.10/site-packages/airflow/example_dags/example_sensors.py
[2024-02-01T23:09:41.358+0100] {logging_mixin.py:188} INFO - [2024-02-01T23:09:41.357+0100] {dag.py:3033} INFO - Sync 1 DAGs
[2024-02-01T23:09:41.375+0100] {logging_mixin.py:188} INFO - [2024-02-01T23:09:41.374+0100] {dag.py:3820} INFO - Setting next_dagrun for example_sensors to None, run_after=None
[2024-02-01T23:09:41.418+0100] {processor.py:183} INFO - Processing /home/ubuntu/.local/lib/python3.10/site-packages/airflow/example_dags/example_sensors.py took 0.121 seconds
[2024-02-01T23:10:37.425+0100] {processor.py:161} INFO - Started process (PID=16008) to work on /home/ubuntu/.local/lib/python3.10/site-packages/airflow/example_dags/example_sensors.py
[2024-02-01T23:10:37.429+0100] {processor.py:830} INFO - Processing file /home/ubuntu/.local/lib/python3.10/site-packages/airflow/example_dags/example_sensors.py for tasks to queue
[2024-02-01T23:10:37.431+0100] {logging_mixin.py:188} INFO - [2024-02-01T23:10:37.431+0100] {dagbag.py:538} INFO - Filling up the DagBag from /home/ubuntu/.local/lib/python3.10/site-packages/airflow/example_dags/example_sensors.py
[2024-02-01T23:10:37.450+0100] {processor.py:840} INFO - DAG(s) 'example_sensors' retrieved from /home/ubuntu/.local/lib/python3.10/site-packages/airflow/example_dags/example_sensors.py
[2024-02-01T23:10:37.535+0100] {logging_mixin.py:188} INFO - [2024-02-01T23:10:37.535+0100] {dag.py:3033} INFO - Sync 1 DAGs
[2024-02-01T23:10:37.548+0100] {logging_mixin.py:188} INFO - [2024-02-01T23:10:37.548+0100] {dag.py:3820} INFO - Setting next_dagrun for example_sensors to None, run_after=None
[2024-02-01T23:10:37.634+0100] {processor.py:183} INFO - Processing /home/ubuntu/.local/lib/python3.10/site-packages/airflow/example_dags/example_sensors.py took 0.216 seconds
[2024-02-01T23:12:04.772+0100] {processor.py:161} INFO - Started process (PID=16150) to work on /home/ubuntu/.local/lib/python3.10/site-packages/airflow/example_dags/example_sensors.py
[2024-02-01T23:12:04.775+0100] {processor.py:830} INFO - Processing file /home/ubuntu/.local/lib/python3.10/site-packages/airflow/example_dags/example_sensors.py for tasks to queue
[2024-02-01T23:12:04.778+0100] {logging_mixin.py:188} INFO - [2024-02-01T23:12:04.778+0100] {dagbag.py:538} INFO - Filling up the DagBag from /home/ubuntu/.local/lib/python3.10/site-packages/airflow/example_dags/example_sensors.py
[2024-02-01T23:12:04.798+0100] {processor.py:840} INFO - DAG(s) 'example_sensors' retrieved from /home/ubuntu/.local/lib/python3.10/site-packages/airflow/example_dags/example_sensors.py
[2024-02-01T23:12:04.826+0100] {logging_mixin.py:188} INFO - [2024-02-01T23:12:04.826+0100] {dag.py:3033} INFO - Sync 1 DAGs
[2024-02-01T23:12:04.850+0100] {logging_mixin.py:188} INFO - [2024-02-01T23:12:04.850+0100] {dag.py:3820} INFO - Setting next_dagrun for example_sensors to None, run_after=None
[2024-02-01T23:12:04.885+0100] {processor.py:183} INFO - Processing /home/ubuntu/.local/lib/python3.10/site-packages/airflow/example_dags/example_sensors.py took 0.123 seconds
[2024-02-01T23:13:02.607+0100] {processor.py:161} INFO - Started process (PID=16248) to work on /home/ubuntu/.local/lib/python3.10/site-packages/airflow/example_dags/example_sensors.py
[2024-02-01T23:13:02.609+0100] {processor.py:830} INFO - Processing file /home/ubuntu/.local/lib/python3.10/site-packages/airflow/example_dags/example_sensors.py for tasks to queue
[2024-02-01T23:13:02.612+0100] {logging_mixin.py:188} INFO - [2024-02-01T23:13:02.612+0100] {dagbag.py:538} INFO - Filling up the DagBag from /home/ubuntu/.local/lib/python3.10/site-packages/airflow/example_dags/example_sensors.py
[2024-02-01T23:13:02.634+0100] {processor.py:840} INFO - DAG(s) 'example_sensors' retrieved from /home/ubuntu/.local/lib/python3.10/site-packages/airflow/example_dags/example_sensors.py
[2024-02-01T23:13:02.665+0100] {logging_mixin.py:188} INFO - [2024-02-01T23:13:02.665+0100] {dag.py:3033} INFO - Sync 1 DAGs
[2024-02-01T23:13:02.682+0100] {logging_mixin.py:188} INFO - [2024-02-01T23:13:02.681+0100] {dag.py:3820} INFO - Setting next_dagrun for example_sensors to None, run_after=None
[2024-02-01T23:13:02.730+0100] {processor.py:183} INFO - Processing /home/ubuntu/.local/lib/python3.10/site-packages/airflow/example_dags/example_sensors.py took 0.127 seconds
[2024-02-01T23:14:22.620+0100] {processor.py:161} INFO - Started process (PID=16385) to work on /home/ubuntu/.local/lib/python3.10/site-packages/airflow/example_dags/example_sensors.py
[2024-02-01T23:14:22.620+0100] {processor.py:830} INFO - Processing file /home/ubuntu/.local/lib/python3.10/site-packages/airflow/example_dags/example_sensors.py for tasks to queue
[2024-02-01T23:14:22.620+0100] {logging_mixin.py:188} INFO - [2024-02-01T23:14:22.620+0100] {dagbag.py:538} INFO - Filling up the DagBag from /home/ubuntu/.local/lib/python3.10/site-packages/airflow/example_dags/example_sensors.py
[2024-02-01T23:14:22.652+0100] {processor.py:840} INFO - DAG(s) 'example_sensors' retrieved from /home/ubuntu/.local/lib/python3.10/site-packages/airflow/example_dags/example_sensors.py
[2024-02-01T23:14:22.704+0100] {logging_mixin.py:188} INFO - [2024-02-01T23:14:22.704+0100] {dag.py:3033} INFO - Sync 1 DAGs
[2024-02-01T23:14:22.724+0100] {logging_mixin.py:188} INFO - [2024-02-01T23:14:22.724+0100] {dag.py:3820} INFO - Setting next_dagrun for example_sensors to None, run_after=None
[2024-02-01T23:14:22.780+0100] {processor.py:183} INFO - Processing /home/ubuntu/.local/lib/python3.10/site-packages/airflow/example_dags/example_sensors.py took 0.168 seconds
