[2024-02-01T22:49:21.621+0100] {processor.py:161} INFO - Started process (PID=14586) to work on /home/ubuntu/.local/lib/python3.10/site-packages/airflow/example_dags/example_time_delta_sensor_async.py
[2024-02-01T22:49:21.623+0100] {processor.py:830} INFO - Processing file /home/ubuntu/.local/lib/python3.10/site-packages/airflow/example_dags/example_time_delta_sensor_async.py for tasks to queue
[2024-02-01T22:49:21.625+0100] {logging_mixin.py:188} INFO - [2024-02-01T22:49:21.624+0100] {dagbag.py:538} INFO - Filling up the DagBag from /home/ubuntu/.local/lib/python3.10/site-packages/airflow/example_dags/example_time_delta_sensor_async.py
[2024-02-01T22:49:21.637+0100] {processor.py:840} INFO - DAG(s) 'example_time_delta_sensor_async' retrieved from /home/ubuntu/.local/lib/python3.10/site-packages/airflow/example_dags/example_time_delta_sensor_async.py
[2024-02-01T22:49:21.948+0100] {logging_mixin.py:188} INFO - [2024-02-01T22:49:21.948+0100] {dag.py:3033} INFO - Sync 1 DAGs
[2024-02-01T22:49:22.002+0100] {logging_mixin.py:188} INFO - [2024-02-01T22:49:22.002+0100] {dag.py:3820} INFO - Setting next_dagrun for example_time_delta_sensor_async to None, run_after=None
[2024-02-01T22:49:22.099+0100] {processor.py:183} INFO - Processing /home/ubuntu/.local/lib/python3.10/site-packages/airflow/example_dags/example_time_delta_sensor_async.py took 0.484 seconds
[2024-02-01T22:50:53.460+0100] {processor.py:161} INFO - Started process (PID=14683) to work on /home/ubuntu/.local/lib/python3.10/site-packages/airflow/example_dags/example_time_delta_sensor_async.py
[2024-02-01T22:50:53.463+0100] {processor.py:830} INFO - Processing file /home/ubuntu/.local/lib/python3.10/site-packages/airflow/example_dags/example_time_delta_sensor_async.py for tasks to queue
[2024-02-01T22:50:53.465+0100] {logging_mixin.py:188} INFO - [2024-02-01T22:50:53.465+0100] {dagbag.py:538} INFO - Filling up the DagBag from /home/ubuntu/.local/lib/python3.10/site-packages/airflow/example_dags/example_time_delta_sensor_async.py
[2024-02-01T22:50:53.513+0100] {processor.py:840} INFO - DAG(s) 'example_time_delta_sensor_async' retrieved from /home/ubuntu/.local/lib/python3.10/site-packages/airflow/example_dags/example_time_delta_sensor_async.py
[2024-02-01T22:50:53.616+0100] {logging_mixin.py:188} INFO - [2024-02-01T22:50:53.615+0100] {dag.py:3033} INFO - Sync 1 DAGs
[2024-02-01T22:50:53.669+0100] {logging_mixin.py:188} INFO - [2024-02-01T22:50:53.668+0100] {dag.py:3820} INFO - Setting next_dagrun for example_time_delta_sensor_async to None, run_after=None
[2024-02-01T22:50:53.804+0100] {processor.py:183} INFO - Processing /home/ubuntu/.local/lib/python3.10/site-packages/airflow/example_dags/example_time_delta_sensor_async.py took 0.384 seconds
[2024-02-01T22:52:25.975+0100] {processor.py:161} INFO - Started process (PID=14811) to work on /home/ubuntu/.local/lib/python3.10/site-packages/airflow/example_dags/example_time_delta_sensor_async.py
[2024-02-01T22:52:25.975+0100] {processor.py:830} INFO - Processing file /home/ubuntu/.local/lib/python3.10/site-packages/airflow/example_dags/example_time_delta_sensor_async.py for tasks to queue
[2024-02-01T22:52:25.995+0100] {logging_mixin.py:188} INFO - [2024-02-01T22:52:25.995+0100] {dagbag.py:538} INFO - Filling up the DagBag from /home/ubuntu/.local/lib/python3.10/site-packages/airflow/example_dags/example_time_delta_sensor_async.py
[2024-02-01T22:52:25.999+0100] {processor.py:840} INFO - DAG(s) 'example_time_delta_sensor_async' retrieved from /home/ubuntu/.local/lib/python3.10/site-packages/airflow/example_dags/example_time_delta_sensor_async.py
[2024-02-01T22:52:26.031+0100] {logging_mixin.py:188} INFO - [2024-02-01T22:52:26.031+0100] {dag.py:3033} INFO - Sync 1 DAGs
[2024-02-01T22:52:26.075+0100] {logging_mixin.py:188} INFO - [2024-02-01T22:52:26.075+0100] {dag.py:3820} INFO - Setting next_dagrun for example_time_delta_sensor_async to None, run_after=None
[2024-02-01T22:52:26.155+0100] {processor.py:183} INFO - Processing /home/ubuntu/.local/lib/python3.10/site-packages/airflow/example_dags/example_time_delta_sensor_async.py took 0.180 seconds
[2024-02-01T22:55:09.340+0100] {processor.py:161} INFO - Started process (PID=14954) to work on /home/ubuntu/.local/lib/python3.10/site-packages/airflow/example_dags/example_time_delta_sensor_async.py
[2024-02-01T22:55:09.346+0100] {processor.py:830} INFO - Processing file /home/ubuntu/.local/lib/python3.10/site-packages/airflow/example_dags/example_time_delta_sensor_async.py for tasks to queue
[2024-02-01T22:55:09.350+0100] {logging_mixin.py:188} INFO - [2024-02-01T22:55:09.349+0100] {dagbag.py:538} INFO - Filling up the DagBag from /home/ubuntu/.local/lib/python3.10/site-packages/airflow/example_dags/example_time_delta_sensor_async.py
[2024-02-01T22:55:09.369+0100] {processor.py:840} INFO - DAG(s) 'example_time_delta_sensor_async' retrieved from /home/ubuntu/.local/lib/python3.10/site-packages/airflow/example_dags/example_time_delta_sensor_async.py
[2024-02-01T22:55:09.467+0100] {logging_mixin.py:188} INFO - [2024-02-01T22:55:09.467+0100] {dag.py:3033} INFO - Sync 1 DAGs
[2024-02-01T22:55:09.512+0100] {logging_mixin.py:188} INFO - [2024-02-01T22:55:09.508+0100] {dag.py:3820} INFO - Setting next_dagrun for example_time_delta_sensor_async to None, run_after=None
[2024-02-01T22:55:09.603+0100] {processor.py:183} INFO - Processing /home/ubuntu/.local/lib/python3.10/site-packages/airflow/example_dags/example_time_delta_sensor_async.py took 0.335 seconds
[2024-02-01T22:56:30.501+0100] {processor.py:161} INFO - Started process (PID=15013) to work on /home/ubuntu/.local/lib/python3.10/site-packages/airflow/example_dags/example_time_delta_sensor_async.py
[2024-02-01T22:56:30.506+0100] {processor.py:830} INFO - Processing file /home/ubuntu/.local/lib/python3.10/site-packages/airflow/example_dags/example_time_delta_sensor_async.py for tasks to queue
[2024-02-01T22:56:30.510+0100] {logging_mixin.py:188} INFO - [2024-02-01T22:56:30.509+0100] {dagbag.py:538} INFO - Filling up the DagBag from /home/ubuntu/.local/lib/python3.10/site-packages/airflow/example_dags/example_time_delta_sensor_async.py
[2024-02-01T22:56:30.525+0100] {processor.py:840} INFO - DAG(s) 'example_time_delta_sensor_async' retrieved from /home/ubuntu/.local/lib/python3.10/site-packages/airflow/example_dags/example_time_delta_sensor_async.py
[2024-02-01T22:56:30.581+0100] {logging_mixin.py:188} INFO - [2024-02-01T22:56:30.581+0100] {dag.py:3033} INFO - Sync 1 DAGs
[2024-02-01T22:56:30.619+0100] {logging_mixin.py:188} INFO - [2024-02-01T22:56:30.618+0100] {dag.py:3820} INFO - Setting next_dagrun for example_time_delta_sensor_async to None, run_after=None
[2024-02-01T22:56:30.728+0100] {processor.py:183} INFO - Processing /home/ubuntu/.local/lib/python3.10/site-packages/airflow/example_dags/example_time_delta_sensor_async.py took 0.232 seconds
[2024-02-01T22:57:22.519+0100] {processor.py:161} INFO - Started process (PID=15057) to work on /home/ubuntu/.local/lib/python3.10/site-packages/airflow/example_dags/example_time_delta_sensor_async.py
[2024-02-01T22:57:22.557+0100] {processor.py:830} INFO - Processing file /home/ubuntu/.local/lib/python3.10/site-packages/airflow/example_dags/example_time_delta_sensor_async.py for tasks to queue
[2024-02-01T22:57:22.559+0100] {logging_mixin.py:188} INFO - [2024-02-01T22:57:22.558+0100] {dagbag.py:538} INFO - Filling up the DagBag from /home/ubuntu/.local/lib/python3.10/site-packages/airflow/example_dags/example_time_delta_sensor_async.py
[2024-02-01T22:57:22.605+0100] {processor.py:840} INFO - DAG(s) 'example_time_delta_sensor_async' retrieved from /home/ubuntu/.local/lib/python3.10/site-packages/airflow/example_dags/example_time_delta_sensor_async.py
[2024-02-01T22:57:22.658+0100] {logging_mixin.py:188} INFO - [2024-02-01T22:57:22.657+0100] {dag.py:3033} INFO - Sync 1 DAGs
[2024-02-01T22:57:22.688+0100] {logging_mixin.py:188} INFO - [2024-02-01T22:57:22.688+0100] {dag.py:3820} INFO - Setting next_dagrun for example_time_delta_sensor_async to None, run_after=None
[2024-02-01T22:57:22.770+0100] {processor.py:183} INFO - Processing /home/ubuntu/.local/lib/python3.10/site-packages/airflow/example_dags/example_time_delta_sensor_async.py took 0.260 seconds
[2024-02-01T22:58:50.891+0100] {processor.py:161} INFO - Started process (PID=15151) to work on /home/ubuntu/.local/lib/python3.10/site-packages/airflow/example_dags/example_time_delta_sensor_async.py
[2024-02-01T22:58:50.895+0100] {processor.py:830} INFO - Processing file /home/ubuntu/.local/lib/python3.10/site-packages/airflow/example_dags/example_time_delta_sensor_async.py for tasks to queue
[2024-02-01T22:58:50.898+0100] {logging_mixin.py:188} INFO - [2024-02-01T22:58:50.896+0100] {dagbag.py:538} INFO - Filling up the DagBag from /home/ubuntu/.local/lib/python3.10/site-packages/airflow/example_dags/example_time_delta_sensor_async.py
[2024-02-01T22:58:50.909+0100] {processor.py:840} INFO - DAG(s) 'example_time_delta_sensor_async' retrieved from /home/ubuntu/.local/lib/python3.10/site-packages/airflow/example_dags/example_time_delta_sensor_async.py
[2024-02-01T22:58:50.938+0100] {logging_mixin.py:188} INFO - [2024-02-01T22:58:50.938+0100] {dag.py:3033} INFO - Sync 1 DAGs
[2024-02-01T22:58:50.998+0100] {logging_mixin.py:188} INFO - [2024-02-01T22:58:50.998+0100] {dag.py:3820} INFO - Setting next_dagrun for example_time_delta_sensor_async to None, run_after=None
[2024-02-01T22:58:51.054+0100] {processor.py:183} INFO - Processing /home/ubuntu/.local/lib/python3.10/site-packages/airflow/example_dags/example_time_delta_sensor_async.py took 0.173 seconds
[2024-02-01T23:00:33.066+0100] {processor.py:161} INFO - Started process (PID=15330) to work on /home/ubuntu/.local/lib/python3.10/site-packages/airflow/example_dags/example_time_delta_sensor_async.py
[2024-02-01T23:00:33.070+0100] {processor.py:830} INFO - Processing file /home/ubuntu/.local/lib/python3.10/site-packages/airflow/example_dags/example_time_delta_sensor_async.py for tasks to queue
[2024-02-01T23:00:33.070+0100] {logging_mixin.py:188} INFO - [2024-02-01T23:00:33.070+0100] {dagbag.py:538} INFO - Filling up the DagBag from /home/ubuntu/.local/lib/python3.10/site-packages/airflow/example_dags/example_time_delta_sensor_async.py
[2024-02-01T23:00:33.078+0100] {processor.py:840} INFO - DAG(s) 'example_time_delta_sensor_async' retrieved from /home/ubuntu/.local/lib/python3.10/site-packages/airflow/example_dags/example_time_delta_sensor_async.py
[2024-02-01T23:00:33.134+0100] {logging_mixin.py:188} INFO - [2024-02-01T23:00:33.130+0100] {dag.py:3033} INFO - Sync 1 DAGs
[2024-02-01T23:00:33.154+0100] {logging_mixin.py:188} INFO - [2024-02-01T23:00:33.154+0100] {dag.py:3820} INFO - Setting next_dagrun for example_time_delta_sensor_async to None, run_after=None
[2024-02-01T23:00:33.206+0100] {processor.py:183} INFO - Processing /home/ubuntu/.local/lib/python3.10/site-packages/airflow/example_dags/example_time_delta_sensor_async.py took 0.148 seconds
[2024-02-01T23:01:33.486+0100] {processor.py:161} INFO - Started process (PID=15420) to work on /home/ubuntu/.local/lib/python3.10/site-packages/airflow/example_dags/example_time_delta_sensor_async.py
[2024-02-01T23:01:33.489+0100] {processor.py:830} INFO - Processing file /home/ubuntu/.local/lib/python3.10/site-packages/airflow/example_dags/example_time_delta_sensor_async.py for tasks to queue
[2024-02-01T23:01:33.490+0100] {logging_mixin.py:188} INFO - [2024-02-01T23:01:33.489+0100] {dagbag.py:538} INFO - Filling up the DagBag from /home/ubuntu/.local/lib/python3.10/site-packages/airflow/example_dags/example_time_delta_sensor_async.py
[2024-02-01T23:01:33.541+0100] {processor.py:840} INFO - DAG(s) 'example_time_delta_sensor_async' retrieved from /home/ubuntu/.local/lib/python3.10/site-packages/airflow/example_dags/example_time_delta_sensor_async.py
[2024-02-01T23:01:33.575+0100] {logging_mixin.py:188} INFO - [2024-02-01T23:01:33.574+0100] {dag.py:3033} INFO - Sync 1 DAGs
[2024-02-01T23:01:33.604+0100] {logging_mixin.py:188} INFO - [2024-02-01T23:01:33.603+0100] {dag.py:3820} INFO - Setting next_dagrun for example_time_delta_sensor_async to None, run_after=None
[2024-02-01T23:01:33.700+0100] {processor.py:183} INFO - Processing /home/ubuntu/.local/lib/python3.10/site-packages/airflow/example_dags/example_time_delta_sensor_async.py took 0.222 seconds
[2024-02-01T23:02:46.198+0100] {processor.py:161} INFO - Started process (PID=15509) to work on /home/ubuntu/.local/lib/python3.10/site-packages/airflow/example_dags/example_time_delta_sensor_async.py
[2024-02-01T23:02:46.237+0100] {processor.py:830} INFO - Processing file /home/ubuntu/.local/lib/python3.10/site-packages/airflow/example_dags/example_time_delta_sensor_async.py for tasks to queue
[2024-02-01T23:02:46.237+0100] {logging_mixin.py:188} INFO - [2024-02-01T23:02:46.237+0100] {dagbag.py:538} INFO - Filling up the DagBag from /home/ubuntu/.local/lib/python3.10/site-packages/airflow/example_dags/example_time_delta_sensor_async.py
[2024-02-01T23:02:46.253+0100] {processor.py:840} INFO - DAG(s) 'example_time_delta_sensor_async' retrieved from /home/ubuntu/.local/lib/python3.10/site-packages/airflow/example_dags/example_time_delta_sensor_async.py
[2024-02-01T23:02:46.305+0100] {logging_mixin.py:188} INFO - [2024-02-01T23:02:46.305+0100] {dag.py:3033} INFO - Sync 1 DAGs
[2024-02-01T23:02:46.337+0100] {logging_mixin.py:188} INFO - [2024-02-01T23:02:46.337+0100] {dag.py:3820} INFO - Setting next_dagrun for example_time_delta_sensor_async to None, run_after=None
[2024-02-01T23:02:46.405+0100] {processor.py:183} INFO - Processing /home/ubuntu/.local/lib/python3.10/site-packages/airflow/example_dags/example_time_delta_sensor_async.py took 0.213 seconds
[2024-02-01T23:04:04.726+0100] {processor.py:161} INFO - Started process (PID=15574) to work on /home/ubuntu/.local/lib/python3.10/site-packages/airflow/example_dags/example_time_delta_sensor_async.py
[2024-02-01T23:04:04.730+0100] {processor.py:830} INFO - Processing file /home/ubuntu/.local/lib/python3.10/site-packages/airflow/example_dags/example_time_delta_sensor_async.py for tasks to queue
[2024-02-01T23:04:04.731+0100] {logging_mixin.py:188} INFO - [2024-02-01T23:04:04.731+0100] {dagbag.py:538} INFO - Filling up the DagBag from /home/ubuntu/.local/lib/python3.10/site-packages/airflow/example_dags/example_time_delta_sensor_async.py
[2024-02-01T23:04:04.746+0100] {processor.py:840} INFO - DAG(s) 'example_time_delta_sensor_async' retrieved from /home/ubuntu/.local/lib/python3.10/site-packages/airflow/example_dags/example_time_delta_sensor_async.py
[2024-02-01T23:04:04.770+0100] {logging_mixin.py:188} INFO - [2024-02-01T23:04:04.769+0100] {dag.py:3033} INFO - Sync 1 DAGs
[2024-02-01T23:04:04.901+0100] {logging_mixin.py:188} INFO - [2024-02-01T23:04:04.900+0100] {dag.py:3820} INFO - Setting next_dagrun for example_time_delta_sensor_async to None, run_after=None
[2024-02-01T23:04:05.052+0100] {processor.py:183} INFO - Processing /home/ubuntu/.local/lib/python3.10/site-packages/airflow/example_dags/example_time_delta_sensor_async.py took 0.333 seconds
[2024-02-01T23:05:18.641+0100] {processor.py:161} INFO - Started process (PID=15636) to work on /home/ubuntu/.local/lib/python3.10/site-packages/airflow/example_dags/example_time_delta_sensor_async.py
[2024-02-01T23:05:18.671+0100] {processor.py:830} INFO - Processing file /home/ubuntu/.local/lib/python3.10/site-packages/airflow/example_dags/example_time_delta_sensor_async.py for tasks to queue
[2024-02-01T23:05:18.675+0100] {logging_mixin.py:188} INFO - [2024-02-01T23:05:18.674+0100] {dagbag.py:538} INFO - Filling up the DagBag from /home/ubuntu/.local/lib/python3.10/site-packages/airflow/example_dags/example_time_delta_sensor_async.py
[2024-02-01T23:05:18.688+0100] {processor.py:840} INFO - DAG(s) 'example_time_delta_sensor_async' retrieved from /home/ubuntu/.local/lib/python3.10/site-packages/airflow/example_dags/example_time_delta_sensor_async.py
[2024-02-01T23:05:18.717+0100] {logging_mixin.py:188} INFO - [2024-02-01T23:05:18.714+0100] {dag.py:3033} INFO - Sync 1 DAGs
[2024-02-01T23:05:18.742+0100] {logging_mixin.py:188} INFO - [2024-02-01T23:05:18.741+0100] {dag.py:3820} INFO - Setting next_dagrun for example_time_delta_sensor_async to None, run_after=None
[2024-02-01T23:05:18.811+0100] {processor.py:183} INFO - Processing /home/ubuntu/.local/lib/python3.10/site-packages/airflow/example_dags/example_time_delta_sensor_async.py took 0.182 seconds
[2024-02-01T23:06:38.429+0100] {processor.py:161} INFO - Started process (PID=15704) to work on /home/ubuntu/.local/lib/python3.10/site-packages/airflow/example_dags/example_time_delta_sensor_async.py
[2024-02-01T23:06:38.429+0100] {processor.py:830} INFO - Processing file /home/ubuntu/.local/lib/python3.10/site-packages/airflow/example_dags/example_time_delta_sensor_async.py for tasks to queue
[2024-02-01T23:06:38.429+0100] {logging_mixin.py:188} INFO - [2024-02-01T23:06:38.429+0100] {dagbag.py:538} INFO - Filling up the DagBag from /home/ubuntu/.local/lib/python3.10/site-packages/airflow/example_dags/example_time_delta_sensor_async.py
[2024-02-01T23:06:38.429+0100] {processor.py:840} INFO - DAG(s) 'example_time_delta_sensor_async' retrieved from /home/ubuntu/.local/lib/python3.10/site-packages/airflow/example_dags/example_time_delta_sensor_async.py
[2024-02-01T23:06:38.449+0100] {logging_mixin.py:188} INFO - [2024-02-01T23:06:38.449+0100] {dag.py:3033} INFO - Sync 1 DAGs
[2024-02-01T23:06:38.493+0100] {logging_mixin.py:188} INFO - [2024-02-01T23:06:38.493+0100] {dag.py:3820} INFO - Setting next_dagrun for example_time_delta_sensor_async to None, run_after=None
[2024-02-01T23:06:38.573+0100] {processor.py:183} INFO - Processing /home/ubuntu/.local/lib/python3.10/site-packages/airflow/example_dags/example_time_delta_sensor_async.py took 0.176 seconds
[2024-02-01T23:07:57.025+0100] {processor.py:161} INFO - Started process (PID=15772) to work on /home/ubuntu/.local/lib/python3.10/site-packages/airflow/example_dags/example_time_delta_sensor_async.py
[2024-02-01T23:07:57.050+0100] {processor.py:830} INFO - Processing file /home/ubuntu/.local/lib/python3.10/site-packages/airflow/example_dags/example_time_delta_sensor_async.py for tasks to queue
[2024-02-01T23:07:57.052+0100] {logging_mixin.py:188} INFO - [2024-02-01T23:07:57.051+0100] {dagbag.py:538} INFO - Filling up the DagBag from /home/ubuntu/.local/lib/python3.10/site-packages/airflow/example_dags/example_time_delta_sensor_async.py
[2024-02-01T23:07:57.068+0100] {processor.py:840} INFO - DAG(s) 'example_time_delta_sensor_async' retrieved from /home/ubuntu/.local/lib/python3.10/site-packages/airflow/example_dags/example_time_delta_sensor_async.py
[2024-02-01T23:07:57.103+0100] {logging_mixin.py:188} INFO - [2024-02-01T23:07:57.103+0100] {dag.py:3033} INFO - Sync 1 DAGs
[2024-02-01T23:07:57.360+0100] {logging_mixin.py:188} INFO - [2024-02-01T23:07:57.360+0100] {dag.py:3820} INFO - Setting next_dagrun for example_time_delta_sensor_async to None, run_after=None
[2024-02-01T23:07:57.429+0100] {processor.py:183} INFO - Processing /home/ubuntu/.local/lib/python3.10/site-packages/airflow/example_dags/example_time_delta_sensor_async.py took 0.410 seconds
[2024-02-01T23:09:20.260+0100] {processor.py:161} INFO - Started process (PID=15891) to work on /home/ubuntu/.local/lib/python3.10/site-packages/airflow/example_dags/example_time_delta_sensor_async.py
[2024-02-01T23:09:20.264+0100] {processor.py:830} INFO - Processing file /home/ubuntu/.local/lib/python3.10/site-packages/airflow/example_dags/example_time_delta_sensor_async.py for tasks to queue
[2024-02-01T23:09:20.274+0100] {logging_mixin.py:188} INFO - [2024-02-01T23:09:20.273+0100] {dagbag.py:538} INFO - Filling up the DagBag from /home/ubuntu/.local/lib/python3.10/site-packages/airflow/example_dags/example_time_delta_sensor_async.py
[2024-02-01T23:09:20.290+0100] {processor.py:840} INFO - DAG(s) 'example_time_delta_sensor_async' retrieved from /home/ubuntu/.local/lib/python3.10/site-packages/airflow/example_dags/example_time_delta_sensor_async.py
[2024-02-01T23:09:20.326+0100] {logging_mixin.py:188} INFO - [2024-02-01T23:09:20.326+0100] {dag.py:3033} INFO - Sync 1 DAGs
[2024-02-01T23:09:20.364+0100] {logging_mixin.py:188} INFO - [2024-02-01T23:09:20.363+0100] {dag.py:3820} INFO - Setting next_dagrun for example_time_delta_sensor_async to None, run_after=None
[2024-02-01T23:09:20.468+0100] {processor.py:183} INFO - Processing /home/ubuntu/.local/lib/python3.10/site-packages/airflow/example_dags/example_time_delta_sensor_async.py took 0.214 seconds
[2024-02-01T23:10:19.000+0100] {processor.py:161} INFO - Started process (PID=15980) to work on /home/ubuntu/.local/lib/python3.10/site-packages/airflow/example_dags/example_time_delta_sensor_async.py
[2024-02-01T23:10:19.008+0100] {processor.py:830} INFO - Processing file /home/ubuntu/.local/lib/python3.10/site-packages/airflow/example_dags/example_time_delta_sensor_async.py for tasks to queue
[2024-02-01T23:10:19.008+0100] {logging_mixin.py:188} INFO - [2024-02-01T23:10:19.008+0100] {dagbag.py:538} INFO - Filling up the DagBag from /home/ubuntu/.local/lib/python3.10/site-packages/airflow/example_dags/example_time_delta_sensor_async.py
[2024-02-01T23:10:19.028+0100] {processor.py:840} INFO - DAG(s) 'example_time_delta_sensor_async' retrieved from /home/ubuntu/.local/lib/python3.10/site-packages/airflow/example_dags/example_time_delta_sensor_async.py
[2024-02-01T23:10:19.065+0100] {logging_mixin.py:188} INFO - [2024-02-01T23:10:19.065+0100] {dag.py:3033} INFO - Sync 1 DAGs
[2024-02-01T23:10:19.077+0100] {logging_mixin.py:188} INFO - [2024-02-01T23:10:19.077+0100] {dag.py:3820} INFO - Setting next_dagrun for example_time_delta_sensor_async to None, run_after=None
[2024-02-01T23:10:19.122+0100] {processor.py:183} INFO - Processing /home/ubuntu/.local/lib/python3.10/site-packages/airflow/example_dags/example_time_delta_sensor_async.py took 0.138 seconds
[2024-02-01T23:11:12.565+0100] {processor.py:161} INFO - Started process (PID=16066) to work on /home/ubuntu/.local/lib/python3.10/site-packages/airflow/example_dags/example_time_delta_sensor_async.py
[2024-02-01T23:11:12.606+0100] {processor.py:830} INFO - Processing file /home/ubuntu/.local/lib/python3.10/site-packages/airflow/example_dags/example_time_delta_sensor_async.py for tasks to queue
[2024-02-01T23:11:12.608+0100] {logging_mixin.py:188} INFO - [2024-02-01T23:11:12.607+0100] {dagbag.py:538} INFO - Filling up the DagBag from /home/ubuntu/.local/lib/python3.10/site-packages/airflow/example_dags/example_time_delta_sensor_async.py
[2024-02-01T23:11:12.623+0100] {processor.py:840} INFO - DAG(s) 'example_time_delta_sensor_async' retrieved from /home/ubuntu/.local/lib/python3.10/site-packages/airflow/example_dags/example_time_delta_sensor_async.py
[2024-02-01T23:11:12.670+0100] {logging_mixin.py:188} INFO - [2024-02-01T23:11:12.670+0100] {dag.py:3033} INFO - Sync 1 DAGs
[2024-02-01T23:11:12.729+0100] {logging_mixin.py:188} INFO - [2024-02-01T23:11:12.729+0100] {dag.py:3820} INFO - Setting next_dagrun for example_time_delta_sensor_async to None, run_after=None
[2024-02-01T23:11:12.866+0100] {processor.py:183} INFO - Processing /home/ubuntu/.local/lib/python3.10/site-packages/airflow/example_dags/example_time_delta_sensor_async.py took 0.335 seconds
[2024-02-01T23:12:11.870+0100] {processor.py:161} INFO - Started process (PID=16164) to work on /home/ubuntu/.local/lib/python3.10/site-packages/airflow/example_dags/example_time_delta_sensor_async.py
[2024-02-01T23:12:11.874+0100] {processor.py:830} INFO - Processing file /home/ubuntu/.local/lib/python3.10/site-packages/airflow/example_dags/example_time_delta_sensor_async.py for tasks to queue
[2024-02-01T23:12:11.876+0100] {logging_mixin.py:188} INFO - [2024-02-01T23:12:11.876+0100] {dagbag.py:538} INFO - Filling up the DagBag from /home/ubuntu/.local/lib/python3.10/site-packages/airflow/example_dags/example_time_delta_sensor_async.py
[2024-02-01T23:12:11.886+0100] {processor.py:840} INFO - DAG(s) 'example_time_delta_sensor_async' retrieved from /home/ubuntu/.local/lib/python3.10/site-packages/airflow/example_dags/example_time_delta_sensor_async.py
[2024-02-01T23:12:11.920+0100] {logging_mixin.py:188} INFO - [2024-02-01T23:12:11.920+0100] {dag.py:3033} INFO - Sync 1 DAGs
[2024-02-01T23:12:11.934+0100] {logging_mixin.py:188} INFO - [2024-02-01T23:12:11.933+0100] {dag.py:3820} INFO - Setting next_dagrun for example_time_delta_sensor_async to None, run_after=None
[2024-02-01T23:12:11.978+0100] {processor.py:183} INFO - Processing /home/ubuntu/.local/lib/python3.10/site-packages/airflow/example_dags/example_time_delta_sensor_async.py took 0.114 seconds
[2024-02-01T23:13:08.142+0100] {processor.py:161} INFO - Started process (PID=16258) to work on /home/ubuntu/.local/lib/python3.10/site-packages/airflow/example_dags/example_time_delta_sensor_async.py
[2024-02-01T23:13:08.146+0100] {processor.py:830} INFO - Processing file /home/ubuntu/.local/lib/python3.10/site-packages/airflow/example_dags/example_time_delta_sensor_async.py for tasks to queue
[2024-02-01T23:13:08.151+0100] {logging_mixin.py:188} INFO - [2024-02-01T23:13:08.151+0100] {dagbag.py:538} INFO - Filling up the DagBag from /home/ubuntu/.local/lib/python3.10/site-packages/airflow/example_dags/example_time_delta_sensor_async.py
[2024-02-01T23:13:08.157+0100] {processor.py:840} INFO - DAG(s) 'example_time_delta_sensor_async' retrieved from /home/ubuntu/.local/lib/python3.10/site-packages/airflow/example_dags/example_time_delta_sensor_async.py
[2024-02-01T23:13:08.176+0100] {logging_mixin.py:188} INFO - [2024-02-01T23:13:08.176+0100] {dag.py:3033} INFO - Sync 1 DAGs
[2024-02-01T23:13:08.189+0100] {logging_mixin.py:188} INFO - [2024-02-01T23:13:08.189+0100] {dag.py:3820} INFO - Setting next_dagrun for example_time_delta_sensor_async to None, run_after=None
[2024-02-01T23:13:08.242+0100] {processor.py:183} INFO - Processing /home/ubuntu/.local/lib/python3.10/site-packages/airflow/example_dags/example_time_delta_sensor_async.py took 0.105 seconds
[2024-02-01T23:14:00.723+0100] {processor.py:161} INFO - Started process (PID=16349) to work on /home/ubuntu/.local/lib/python3.10/site-packages/airflow/example_dags/example_time_delta_sensor_async.py
[2024-02-01T23:14:00.726+0100] {processor.py:830} INFO - Processing file /home/ubuntu/.local/lib/python3.10/site-packages/airflow/example_dags/example_time_delta_sensor_async.py for tasks to queue
[2024-02-01T23:14:00.727+0100] {logging_mixin.py:188} INFO - [2024-02-01T23:14:00.727+0100] {dagbag.py:538} INFO - Filling up the DagBag from /home/ubuntu/.local/lib/python3.10/site-packages/airflow/example_dags/example_time_delta_sensor_async.py
[2024-02-01T23:14:00.735+0100] {processor.py:840} INFO - DAG(s) 'example_time_delta_sensor_async' retrieved from /home/ubuntu/.local/lib/python3.10/site-packages/airflow/example_dags/example_time_delta_sensor_async.py
[2024-02-01T23:14:00.754+0100] {logging_mixin.py:188} INFO - [2024-02-01T23:14:00.754+0100] {dag.py:3033} INFO - Sync 1 DAGs
[2024-02-01T23:14:00.771+0100] {logging_mixin.py:188} INFO - [2024-02-01T23:14:00.771+0100] {dag.py:3820} INFO - Setting next_dagrun for example_time_delta_sensor_async to None, run_after=None
[2024-02-01T23:14:00.808+0100] {processor.py:183} INFO - Processing /home/ubuntu/.local/lib/python3.10/site-packages/airflow/example_dags/example_time_delta_sensor_async.py took 0.089 seconds
