[2024-02-01T22:50:17.022+0100] {processor.py:161} INFO - Started process (PID=14630) to work on /home/ubuntu/.local/lib/python3.10/site-packages/airflow/example_dags/example_branch_datetime_operator.py
[2024-02-01T22:50:17.025+0100] {processor.py:830} INFO - Processing file /home/ubuntu/.local/lib/python3.10/site-packages/airflow/example_dags/example_branch_datetime_operator.py for tasks to queue
[2024-02-01T22:50:17.028+0100] {logging_mixin.py:188} INFO - [2024-02-01T22:50:17.027+0100] {dagbag.py:538} INFO - Filling up the DagBag from /home/ubuntu/.local/lib/python3.10/site-packages/airflow/example_dags/example_branch_datetime_operator.py
[2024-02-01T22:50:17.068+0100] {processor.py:840} INFO - DAG(s) 'example_branch_datetime_operator_2', 'example_branch_datetime_operator', 'example_branch_datetime_operator_3' retrieved from /home/ubuntu/.local/lib/python3.10/site-packages/airflow/example_dags/example_branch_datetime_operator.py
[2024-02-01T22:50:17.429+0100] {logging_mixin.py:188} INFO - [2024-02-01T22:50:17.429+0100] {dag.py:3033} INFO - Sync 3 DAGs
[2024-02-01T22:50:17.476+0100] {logging_mixin.py:188} INFO - [2024-02-01T22:50:17.476+0100] {dag.py:3820} INFO - Setting next_dagrun for example_branch_datetime_operator to 2024-01-31T00:00:00+00:00, run_after=2024-02-01T00:00:00+00:00
[2024-02-01T22:50:17.488+0100] {logging_mixin.py:188} INFO - [2024-02-01T22:50:17.488+0100] {dag.py:3820} INFO - Setting next_dagrun for example_branch_datetime_operator_2 to 2024-01-31T00:00:00+00:00, run_after=2024-02-01T00:00:00+00:00
[2024-02-01T22:50:17.500+0100] {logging_mixin.py:188} INFO - [2024-02-01T22:50:17.499+0100] {dag.py:3820} INFO - Setting next_dagrun for example_branch_datetime_operator_3 to 2024-01-31T00:00:00+00:00, run_after=2024-02-01T00:00:00+00:00
[2024-02-01T22:50:17.577+0100] {processor.py:183} INFO - Processing /home/ubuntu/.local/lib/python3.10/site-packages/airflow/example_dags/example_branch_datetime_operator.py took 0.563 seconds
[2024-02-01T22:51:47.834+0100] {processor.py:161} INFO - Started process (PID=14779) to work on /home/ubuntu/.local/lib/python3.10/site-packages/airflow/example_dags/example_branch_datetime_operator.py
[2024-02-01T22:51:47.838+0100] {processor.py:830} INFO - Processing file /home/ubuntu/.local/lib/python3.10/site-packages/airflow/example_dags/example_branch_datetime_operator.py for tasks to queue
[2024-02-01T22:51:47.843+0100] {logging_mixin.py:188} INFO - [2024-02-01T22:51:47.842+0100] {dagbag.py:538} INFO - Filling up the DagBag from /home/ubuntu/.local/lib/python3.10/site-packages/airflow/example_dags/example_branch_datetime_operator.py
[2024-02-01T22:51:47.876+0100] {processor.py:840} INFO - DAG(s) 'example_branch_datetime_operator_2', 'example_branch_datetime_operator', 'example_branch_datetime_operator_3' retrieved from /home/ubuntu/.local/lib/python3.10/site-packages/airflow/example_dags/example_branch_datetime_operator.py
[2024-02-01T22:51:47.927+0100] {logging_mixin.py:188} INFO - [2024-02-01T22:51:47.927+0100] {dag.py:3033} INFO - Sync 3 DAGs
[2024-02-01T22:51:48.086+0100] {logging_mixin.py:188} INFO - [2024-02-01T22:51:48.086+0100] {dag.py:3820} INFO - Setting next_dagrun for example_branch_datetime_operator to 2024-01-31T00:00:00+00:00, run_after=2024-02-01T00:00:00+00:00
[2024-02-01T22:51:48.101+0100] {logging_mixin.py:188} INFO - [2024-02-01T22:51:48.099+0100] {dag.py:3820} INFO - Setting next_dagrun for example_branch_datetime_operator_2 to 2024-01-31T00:00:00+00:00, run_after=2024-02-01T00:00:00+00:00
[2024-02-01T22:51:48.109+0100] {logging_mixin.py:188} INFO - [2024-02-01T22:51:48.109+0100] {dag.py:3820} INFO - Setting next_dagrun for example_branch_datetime_operator_3 to 2024-01-31T00:00:00+00:00, run_after=2024-02-01T00:00:00+00:00
[2024-02-01T22:51:48.281+0100] {processor.py:183} INFO - Processing /home/ubuntu/.local/lib/python3.10/site-packages/airflow/example_dags/example_branch_datetime_operator.py took 0.454 seconds
[2024-02-01T22:55:52.761+0100] {processor.py:161} INFO - Started process (PID=14987) to work on /home/ubuntu/.local/lib/python3.10/site-packages/airflow/example_dags/example_branch_datetime_operator.py
[2024-02-01T22:55:52.765+0100] {processor.py:830} INFO - Processing file /home/ubuntu/.local/lib/python3.10/site-packages/airflow/example_dags/example_branch_datetime_operator.py for tasks to queue
[2024-02-01T22:55:52.767+0100] {logging_mixin.py:188} INFO - [2024-02-01T22:55:52.766+0100] {dagbag.py:538} INFO - Filling up the DagBag from /home/ubuntu/.local/lib/python3.10/site-packages/airflow/example_dags/example_branch_datetime_operator.py
[2024-02-01T22:55:52.784+0100] {processor.py:840} INFO - DAG(s) 'example_branch_datetime_operator_3', 'example_branch_datetime_operator', 'example_branch_datetime_operator_2' retrieved from /home/ubuntu/.local/lib/python3.10/site-packages/airflow/example_dags/example_branch_datetime_operator.py
[2024-02-01T22:55:52.848+0100] {logging_mixin.py:188} INFO - [2024-02-01T22:55:52.848+0100] {dag.py:3033} INFO - Sync 3 DAGs
[2024-02-01T22:55:52.939+0100] {logging_mixin.py:188} INFO - [2024-02-01T22:55:52.938+0100] {dag.py:3820} INFO - Setting next_dagrun for example_branch_datetime_operator to 2024-01-31T00:00:00+00:00, run_after=2024-02-01T00:00:00+00:00
[2024-02-01T22:55:52.992+0100] {logging_mixin.py:188} INFO - [2024-02-01T22:55:52.992+0100] {dag.py:3820} INFO - Setting next_dagrun for example_branch_datetime_operator_2 to 2024-01-31T00:00:00+00:00, run_after=2024-02-01T00:00:00+00:00
[2024-02-01T22:55:52.996+0100] {logging_mixin.py:188} INFO - [2024-02-01T22:55:52.996+0100] {dag.py:3820} INFO - Setting next_dagrun for example_branch_datetime_operator_3 to 2024-01-31T00:00:00+00:00, run_after=2024-02-01T00:00:00+00:00
[2024-02-01T22:55:53.101+0100] {processor.py:183} INFO - Processing /home/ubuntu/.local/lib/python3.10/site-packages/airflow/example_dags/example_branch_datetime_operator.py took 0.349 seconds
[2024-02-01T22:57:34.561+0100] {processor.py:161} INFO - Started process (PID=15065) to work on /home/ubuntu/.local/lib/python3.10/site-packages/airflow/example_dags/example_branch_datetime_operator.py
[2024-02-01T22:57:34.567+0100] {processor.py:830} INFO - Processing file /home/ubuntu/.local/lib/python3.10/site-packages/airflow/example_dags/example_branch_datetime_operator.py for tasks to queue
[2024-02-01T22:57:34.569+0100] {logging_mixin.py:188} INFO - [2024-02-01T22:57:34.568+0100] {dagbag.py:538} INFO - Filling up the DagBag from /home/ubuntu/.local/lib/python3.10/site-packages/airflow/example_dags/example_branch_datetime_operator.py
[2024-02-01T22:57:34.616+0100] {processor.py:840} INFO - DAG(s) 'example_branch_datetime_operator_2', 'example_branch_datetime_operator_3', 'example_branch_datetime_operator' retrieved from /home/ubuntu/.local/lib/python3.10/site-packages/airflow/example_dags/example_branch_datetime_operator.py
[2024-02-01T22:57:34.798+0100] {logging_mixin.py:188} INFO - [2024-02-01T22:57:34.798+0100] {dag.py:3033} INFO - Sync 3 DAGs
[2024-02-01T22:57:34.907+0100] {logging_mixin.py:188} INFO - [2024-02-01T22:57:34.906+0100] {dag.py:3820} INFO - Setting next_dagrun for example_branch_datetime_operator to 2024-01-31T00:00:00+00:00, run_after=2024-02-01T00:00:00+00:00
[2024-02-01T22:57:34.920+0100] {logging_mixin.py:188} INFO - [2024-02-01T22:57:34.919+0100] {dag.py:3820} INFO - Setting next_dagrun for example_branch_datetime_operator_2 to 2024-01-31T00:00:00+00:00, run_after=2024-02-01T00:00:00+00:00
[2024-02-01T22:57:34.982+0100] {logging_mixin.py:188} INFO - [2024-02-01T22:57:34.981+0100] {dag.py:3820} INFO - Setting next_dagrun for example_branch_datetime_operator_3 to 2024-01-31T00:00:00+00:00, run_after=2024-02-01T00:00:00+00:00
[2024-02-01T22:57:35.187+0100] {processor.py:183} INFO - Processing /home/ubuntu/.local/lib/python3.10/site-packages/airflow/example_dags/example_branch_datetime_operator.py took 0.655 seconds
[2024-02-01T22:59:01.372+0100] {processor.py:161} INFO - Started process (PID=15165) to work on /home/ubuntu/.local/lib/python3.10/site-packages/airflow/example_dags/example_branch_datetime_operator.py
[2024-02-01T22:59:01.377+0100] {processor.py:830} INFO - Processing file /home/ubuntu/.local/lib/python3.10/site-packages/airflow/example_dags/example_branch_datetime_operator.py for tasks to queue
[2024-02-01T22:59:01.379+0100] {logging_mixin.py:188} INFO - [2024-02-01T22:59:01.378+0100] {dagbag.py:538} INFO - Filling up the DagBag from /home/ubuntu/.local/lib/python3.10/site-packages/airflow/example_dags/example_branch_datetime_operator.py
[2024-02-01T22:59:01.399+0100] {processor.py:840} INFO - DAG(s) 'example_branch_datetime_operator', 'example_branch_datetime_operator_3', 'example_branch_datetime_operator_2' retrieved from /home/ubuntu/.local/lib/python3.10/site-packages/airflow/example_dags/example_branch_datetime_operator.py
[2024-02-01T22:59:01.440+0100] {logging_mixin.py:188} INFO - [2024-02-01T22:59:01.440+0100] {dag.py:3033} INFO - Sync 3 DAGs
[2024-02-01T22:59:01.478+0100] {logging_mixin.py:188} INFO - [2024-02-01T22:59:01.478+0100] {dag.py:3820} INFO - Setting next_dagrun for example_branch_datetime_operator to 2024-01-31T00:00:00+00:00, run_after=2024-02-01T00:00:00+00:00
[2024-02-01T22:59:01.489+0100] {logging_mixin.py:188} INFO - [2024-02-01T22:59:01.487+0100] {dag.py:3820} INFO - Setting next_dagrun for example_branch_datetime_operator_2 to 2024-01-31T00:00:00+00:00, run_after=2024-02-01T00:00:00+00:00
[2024-02-01T22:59:01.493+0100] {logging_mixin.py:188} INFO - [2024-02-01T22:59:01.493+0100] {dag.py:3820} INFO - Setting next_dagrun for example_branch_datetime_operator_3 to 2024-01-31T00:00:00+00:00, run_after=2024-02-01T00:00:00+00:00
[2024-02-01T22:59:01.538+0100] {processor.py:183} INFO - Processing /home/ubuntu/.local/lib/python3.10/site-packages/airflow/example_dags/example_branch_datetime_operator.py took 0.172 seconds
[2024-02-01T23:00:41.024+0100] {processor.py:161} INFO - Started process (PID=15341) to work on /home/ubuntu/.local/lib/python3.10/site-packages/airflow/example_dags/example_branch_datetime_operator.py
[2024-02-01T23:00:41.029+0100] {processor.py:830} INFO - Processing file /home/ubuntu/.local/lib/python3.10/site-packages/airflow/example_dags/example_branch_datetime_operator.py for tasks to queue
[2024-02-01T23:00:41.031+0100] {logging_mixin.py:188} INFO - [2024-02-01T23:00:41.031+0100] {dagbag.py:538} INFO - Filling up the DagBag from /home/ubuntu/.local/lib/python3.10/site-packages/airflow/example_dags/example_branch_datetime_operator.py
[2024-02-01T23:00:41.044+0100] {processor.py:840} INFO - DAG(s) 'example_branch_datetime_operator_3', 'example_branch_datetime_operator', 'example_branch_datetime_operator_2' retrieved from /home/ubuntu/.local/lib/python3.10/site-packages/airflow/example_dags/example_branch_datetime_operator.py
[2024-02-01T23:00:41.074+0100] {logging_mixin.py:188} INFO - [2024-02-01T23:00:41.074+0100] {dag.py:3033} INFO - Sync 3 DAGs
[2024-02-01T23:00:41.096+0100] {logging_mixin.py:188} INFO - [2024-02-01T23:00:41.096+0100] {dag.py:3820} INFO - Setting next_dagrun for example_branch_datetime_operator to 2024-01-31T00:00:00+00:00, run_after=2024-02-01T00:00:00+00:00
[2024-02-01T23:00:41.103+0100] {logging_mixin.py:188} INFO - [2024-02-01T23:00:41.103+0100] {dag.py:3820} INFO - Setting next_dagrun for example_branch_datetime_operator_2 to 2024-01-31T00:00:00+00:00, run_after=2024-02-01T00:00:00+00:00
[2024-02-01T23:00:41.108+0100] {logging_mixin.py:188} INFO - [2024-02-01T23:00:41.108+0100] {dag.py:3820} INFO - Setting next_dagrun for example_branch_datetime_operator_3 to 2024-01-31T00:00:00+00:00, run_after=2024-02-01T00:00:00+00:00
[2024-02-01T23:00:41.216+0100] {processor.py:183} INFO - Processing /home/ubuntu/.local/lib/python3.10/site-packages/airflow/example_dags/example_branch_datetime_operator.py took 0.197 seconds
[2024-02-01T23:01:43.261+0100] {processor.py:161} INFO - Started process (PID=15434) to work on /home/ubuntu/.local/lib/python3.10/site-packages/airflow/example_dags/example_branch_datetime_operator.py
[2024-02-01T23:01:43.277+0100] {processor.py:830} INFO - Processing file /home/ubuntu/.local/lib/python3.10/site-packages/airflow/example_dags/example_branch_datetime_operator.py for tasks to queue
[2024-02-01T23:01:43.286+0100] {logging_mixin.py:188} INFO - [2024-02-01T23:01:43.282+0100] {dagbag.py:538} INFO - Filling up the DagBag from /home/ubuntu/.local/lib/python3.10/site-packages/airflow/example_dags/example_branch_datetime_operator.py
[2024-02-01T23:01:43.315+0100] {processor.py:840} INFO - DAG(s) 'example_branch_datetime_operator', 'example_branch_datetime_operator_2', 'example_branch_datetime_operator_3' retrieved from /home/ubuntu/.local/lib/python3.10/site-packages/airflow/example_dags/example_branch_datetime_operator.py
[2024-02-01T23:01:43.390+0100] {logging_mixin.py:188} INFO - [2024-02-01T23:01:43.389+0100] {dag.py:3033} INFO - Sync 3 DAGs
[2024-02-01T23:01:43.423+0100] {logging_mixin.py:188} INFO - [2024-02-01T23:01:43.423+0100] {dag.py:3820} INFO - Setting next_dagrun for example_branch_datetime_operator to 2024-01-31T00:00:00+00:00, run_after=2024-02-01T00:00:00+00:00
[2024-02-01T23:01:43.441+0100] {logging_mixin.py:188} INFO - [2024-02-01T23:01:43.440+0100] {dag.py:3820} INFO - Setting next_dagrun for example_branch_datetime_operator_2 to 2024-01-31T00:00:00+00:00, run_after=2024-02-01T00:00:00+00:00
[2024-02-01T23:01:43.457+0100] {logging_mixin.py:188} INFO - [2024-02-01T23:01:43.456+0100] {dag.py:3820} INFO - Setting next_dagrun for example_branch_datetime_operator_3 to 2024-01-31T00:00:00+00:00, run_after=2024-02-01T00:00:00+00:00
[2024-02-01T23:01:43.858+0100] {processor.py:183} INFO - Processing /home/ubuntu/.local/lib/python3.10/site-packages/airflow/example_dags/example_branch_datetime_operator.py took 0.605 seconds
[2024-02-01T23:02:56.410+0100] {processor.py:161} INFO - Started process (PID=15517) to work on /home/ubuntu/.local/lib/python3.10/site-packages/airflow/example_dags/example_branch_datetime_operator.py
[2024-02-01T23:02:56.420+0100] {processor.py:830} INFO - Processing file /home/ubuntu/.local/lib/python3.10/site-packages/airflow/example_dags/example_branch_datetime_operator.py for tasks to queue
[2024-02-01T23:02:56.422+0100] {logging_mixin.py:188} INFO - [2024-02-01T23:02:56.421+0100] {dagbag.py:538} INFO - Filling up the DagBag from /home/ubuntu/.local/lib/python3.10/site-packages/airflow/example_dags/example_branch_datetime_operator.py
[2024-02-01T23:02:56.452+0100] {processor.py:840} INFO - DAG(s) 'example_branch_datetime_operator_2', 'example_branch_datetime_operator_3', 'example_branch_datetime_operator' retrieved from /home/ubuntu/.local/lib/python3.10/site-packages/airflow/example_dags/example_branch_datetime_operator.py
[2024-02-01T23:02:56.510+0100] {logging_mixin.py:188} INFO - [2024-02-01T23:02:56.509+0100] {dag.py:3033} INFO - Sync 3 DAGs
[2024-02-01T23:02:56.551+0100] {logging_mixin.py:188} INFO - [2024-02-01T23:02:56.550+0100] {dag.py:3820} INFO - Setting next_dagrun for example_branch_datetime_operator to 2024-01-31T00:00:00+00:00, run_after=2024-02-01T00:00:00+00:00
[2024-02-01T23:02:56.558+0100] {logging_mixin.py:188} INFO - [2024-02-01T23:02:56.558+0100] {dag.py:3820} INFO - Setting next_dagrun for example_branch_datetime_operator_2 to 2024-01-31T00:00:00+00:00, run_after=2024-02-01T00:00:00+00:00
[2024-02-01T23:02:56.562+0100] {logging_mixin.py:188} INFO - [2024-02-01T23:02:56.562+0100] {dag.py:3820} INFO - Setting next_dagrun for example_branch_datetime_operator_3 to 2024-01-31T00:00:00+00:00, run_after=2024-02-01T00:00:00+00:00
[2024-02-01T23:02:56.656+0100] {processor.py:183} INFO - Processing /home/ubuntu/.local/lib/python3.10/site-packages/airflow/example_dags/example_branch_datetime_operator.py took 0.288 seconds
[2024-02-01T23:04:16.083+0100] {processor.py:161} INFO - Started process (PID=15582) to work on /home/ubuntu/.local/lib/python3.10/site-packages/airflow/example_dags/example_branch_datetime_operator.py
[2024-02-01T23:04:16.089+0100] {processor.py:830} INFO - Processing file /home/ubuntu/.local/lib/python3.10/site-packages/airflow/example_dags/example_branch_datetime_operator.py for tasks to queue
[2024-02-01T23:04:16.091+0100] {logging_mixin.py:188} INFO - [2024-02-01T23:04:16.090+0100] {dagbag.py:538} INFO - Filling up the DagBag from /home/ubuntu/.local/lib/python3.10/site-packages/airflow/example_dags/example_branch_datetime_operator.py
[2024-02-01T23:04:16.102+0100] {processor.py:840} INFO - DAG(s) 'example_branch_datetime_operator_2', 'example_branch_datetime_operator_3', 'example_branch_datetime_operator' retrieved from /home/ubuntu/.local/lib/python3.10/site-packages/airflow/example_dags/example_branch_datetime_operator.py
[2024-02-01T23:04:16.160+0100] {logging_mixin.py:188} INFO - [2024-02-01T23:04:16.160+0100] {dag.py:3033} INFO - Sync 3 DAGs
[2024-02-01T23:04:16.195+0100] {logging_mixin.py:188} INFO - [2024-02-01T23:04:16.194+0100] {dag.py:3820} INFO - Setting next_dagrun for example_branch_datetime_operator to 2024-01-31T00:00:00+00:00, run_after=2024-02-01T00:00:00+00:00
[2024-02-01T23:04:16.206+0100] {logging_mixin.py:188} INFO - [2024-02-01T23:04:16.206+0100] {dag.py:3820} INFO - Setting next_dagrun for example_branch_datetime_operator_2 to 2024-01-31T00:00:00+00:00, run_after=2024-02-01T00:00:00+00:00
[2024-02-01T23:04:16.214+0100] {logging_mixin.py:188} INFO - [2024-02-01T23:04:16.213+0100] {dag.py:3820} INFO - Setting next_dagrun for example_branch_datetime_operator_3 to 2024-01-31T00:00:00+00:00, run_after=2024-02-01T00:00:00+00:00
[2024-02-01T23:04:16.264+0100] {processor.py:183} INFO - Processing /home/ubuntu/.local/lib/python3.10/site-packages/airflow/example_dags/example_branch_datetime_operator.py took 0.185 seconds
[2024-02-01T23:05:29.068+0100] {processor.py:161} INFO - Started process (PID=15645) to work on /home/ubuntu/.local/lib/python3.10/site-packages/airflow/example_dags/example_branch_datetime_operator.py
[2024-02-01T23:05:29.071+0100] {processor.py:830} INFO - Processing file /home/ubuntu/.local/lib/python3.10/site-packages/airflow/example_dags/example_branch_datetime_operator.py for tasks to queue
[2024-02-01T23:05:29.076+0100] {logging_mixin.py:188} INFO - [2024-02-01T23:05:29.075+0100] {dagbag.py:538} INFO - Filling up the DagBag from /home/ubuntu/.local/lib/python3.10/site-packages/airflow/example_dags/example_branch_datetime_operator.py
[2024-02-01T23:05:29.140+0100] {processor.py:840} INFO - DAG(s) 'example_branch_datetime_operator_2', 'example_branch_datetime_operator_3', 'example_branch_datetime_operator' retrieved from /home/ubuntu/.local/lib/python3.10/site-packages/airflow/example_dags/example_branch_datetime_operator.py
[2024-02-01T23:05:29.223+0100] {logging_mixin.py:188} INFO - [2024-02-01T23:05:29.223+0100] {dag.py:3033} INFO - Sync 3 DAGs
[2024-02-01T23:05:29.279+0100] {logging_mixin.py:188} INFO - [2024-02-01T23:05:29.279+0100] {dag.py:3820} INFO - Setting next_dagrun for example_branch_datetime_operator to 2024-01-31T00:00:00+00:00, run_after=2024-02-01T00:00:00+00:00
[2024-02-01T23:05:29.288+0100] {logging_mixin.py:188} INFO - [2024-02-01T23:05:29.288+0100] {dag.py:3820} INFO - Setting next_dagrun for example_branch_datetime_operator_2 to 2024-01-31T00:00:00+00:00, run_after=2024-02-01T00:00:00+00:00
[2024-02-01T23:05:29.295+0100] {logging_mixin.py:188} INFO - [2024-02-01T23:05:29.295+0100] {dag.py:3820} INFO - Setting next_dagrun for example_branch_datetime_operator_3 to 2024-01-31T00:00:00+00:00, run_after=2024-02-01T00:00:00+00:00
[2024-02-01T23:05:29.397+0100] {processor.py:183} INFO - Processing /home/ubuntu/.local/lib/python3.10/site-packages/airflow/example_dags/example_branch_datetime_operator.py took 0.335 seconds
[2024-02-01T23:06:47.787+0100] {processor.py:161} INFO - Started process (PID=15713) to work on /home/ubuntu/.local/lib/python3.10/site-packages/airflow/example_dags/example_branch_datetime_operator.py
[2024-02-01T23:06:47.792+0100] {processor.py:830} INFO - Processing file /home/ubuntu/.local/lib/python3.10/site-packages/airflow/example_dags/example_branch_datetime_operator.py for tasks to queue
[2024-02-01T23:06:47.801+0100] {logging_mixin.py:188} INFO - [2024-02-01T23:06:47.796+0100] {dagbag.py:538} INFO - Filling up the DagBag from /home/ubuntu/.local/lib/python3.10/site-packages/airflow/example_dags/example_branch_datetime_operator.py
[2024-02-01T23:06:47.846+0100] {processor.py:840} INFO - DAG(s) 'example_branch_datetime_operator_3', 'example_branch_datetime_operator_2', 'example_branch_datetime_operator' retrieved from /home/ubuntu/.local/lib/python3.10/site-packages/airflow/example_dags/example_branch_datetime_operator.py
[2024-02-01T23:06:47.936+0100] {logging_mixin.py:188} INFO - [2024-02-01T23:06:47.932+0100] {dag.py:3033} INFO - Sync 3 DAGs
[2024-02-01T23:06:47.990+0100] {logging_mixin.py:188} INFO - [2024-02-01T23:06:47.990+0100] {dag.py:3820} INFO - Setting next_dagrun for example_branch_datetime_operator to 2024-01-31T00:00:00+00:00, run_after=2024-02-01T00:00:00+00:00
[2024-02-01T23:06:48.008+0100] {logging_mixin.py:188} INFO - [2024-02-01T23:06:48.001+0100] {dag.py:3820} INFO - Setting next_dagrun for example_branch_datetime_operator_2 to 2024-01-31T00:00:00+00:00, run_after=2024-02-01T00:00:00+00:00
[2024-02-01T23:06:48.032+0100] {logging_mixin.py:188} INFO - [2024-02-01T23:06:48.031+0100] {dag.py:3820} INFO - Setting next_dagrun for example_branch_datetime_operator_3 to 2024-01-31T00:00:00+00:00, run_after=2024-02-01T00:00:00+00:00
[2024-02-01T23:06:48.088+0100] {processor.py:183} INFO - Processing /home/ubuntu/.local/lib/python3.10/site-packages/airflow/example_dags/example_branch_datetime_operator.py took 0.309 seconds
[2024-02-01T23:08:08.709+0100] {processor.py:161} INFO - Started process (PID=15782) to work on /home/ubuntu/.local/lib/python3.10/site-packages/airflow/example_dags/example_branch_datetime_operator.py
[2024-02-01T23:08:08.729+0100] {processor.py:830} INFO - Processing file /home/ubuntu/.local/lib/python3.10/site-packages/airflow/example_dags/example_branch_datetime_operator.py for tasks to queue
[2024-02-01T23:08:08.729+0100] {logging_mixin.py:188} INFO - [2024-02-01T23:08:08.729+0100] {dagbag.py:538} INFO - Filling up the DagBag from /home/ubuntu/.local/lib/python3.10/site-packages/airflow/example_dags/example_branch_datetime_operator.py
[2024-02-01T23:08:08.773+0100] {processor.py:840} INFO - DAG(s) 'example_branch_datetime_operator', 'example_branch_datetime_operator_3', 'example_branch_datetime_operator_2' retrieved from /home/ubuntu/.local/lib/python3.10/site-packages/airflow/example_dags/example_branch_datetime_operator.py
[2024-02-01T23:08:08.869+0100] {logging_mixin.py:188} INFO - [2024-02-01T23:08:08.869+0100] {dag.py:3033} INFO - Sync 3 DAGs
[2024-02-01T23:08:09.137+0100] {logging_mixin.py:188} INFO - [2024-02-01T23:08:09.137+0100] {dag.py:3820} INFO - Setting next_dagrun for example_branch_datetime_operator to 2024-01-31T00:00:00+00:00, run_after=2024-02-01T00:00:00+00:00
[2024-02-01T23:08:09.161+0100] {logging_mixin.py:188} INFO - [2024-02-01T23:08:09.161+0100] {dag.py:3820} INFO - Setting next_dagrun for example_branch_datetime_operator_2 to 2024-01-31T00:00:00+00:00, run_after=2024-02-01T00:00:00+00:00
[2024-02-01T23:08:09.173+0100] {logging_mixin.py:188} INFO - [2024-02-01T23:08:09.173+0100] {dag.py:3820} INFO - Setting next_dagrun for example_branch_datetime_operator_3 to 2024-01-31T00:00:00+00:00, run_after=2024-02-01T00:00:00+00:00
[2024-02-01T23:08:09.284+0100] {processor.py:183} INFO - Processing /home/ubuntu/.local/lib/python3.10/site-packages/airflow/example_dags/example_branch_datetime_operator.py took 0.575 seconds
[2024-02-01T23:09:30.888+0100] {processor.py:161} INFO - Started process (PID=15906) to work on /home/ubuntu/.local/lib/python3.10/site-packages/airflow/example_dags/example_branch_datetime_operator.py
[2024-02-01T23:09:30.907+0100] {processor.py:830} INFO - Processing file /home/ubuntu/.local/lib/python3.10/site-packages/airflow/example_dags/example_branch_datetime_operator.py for tasks to queue
[2024-02-01T23:09:30.910+0100] {logging_mixin.py:188} INFO - [2024-02-01T23:09:30.910+0100] {dagbag.py:538} INFO - Filling up the DagBag from /home/ubuntu/.local/lib/python3.10/site-packages/airflow/example_dags/example_branch_datetime_operator.py
[2024-02-01T23:09:30.936+0100] {processor.py:840} INFO - DAG(s) 'example_branch_datetime_operator_3', 'example_branch_datetime_operator_2', 'example_branch_datetime_operator' retrieved from /home/ubuntu/.local/lib/python3.10/site-packages/airflow/example_dags/example_branch_datetime_operator.py
[2024-02-01T23:09:31.023+0100] {logging_mixin.py:188} INFO - [2024-02-01T23:09:31.023+0100] {dag.py:3033} INFO - Sync 3 DAGs
[2024-02-01T23:09:31.046+0100] {logging_mixin.py:188} INFO - [2024-02-01T23:09:31.045+0100] {dag.py:3820} INFO - Setting next_dagrun for example_branch_datetime_operator to 2024-01-31T00:00:00+00:00, run_after=2024-02-01T00:00:00+00:00
[2024-02-01T23:09:31.055+0100] {logging_mixin.py:188} INFO - [2024-02-01T23:09:31.054+0100] {dag.py:3820} INFO - Setting next_dagrun for example_branch_datetime_operator_2 to 2024-01-31T00:00:00+00:00, run_after=2024-02-01T00:00:00+00:00
[2024-02-01T23:09:31.059+0100] {logging_mixin.py:188} INFO - [2024-02-01T23:09:31.058+0100] {dag.py:3820} INFO - Setting next_dagrun for example_branch_datetime_operator_3 to 2024-01-31T00:00:00+00:00, run_after=2024-02-01T00:00:00+00:00
[2024-02-01T23:09:31.136+0100] {processor.py:183} INFO - Processing /home/ubuntu/.local/lib/python3.10/site-packages/airflow/example_dags/example_branch_datetime_operator.py took 0.247 seconds
[2024-02-01T23:10:28.309+0100] {processor.py:161} INFO - Started process (PID=15994) to work on /home/ubuntu/.local/lib/python3.10/site-packages/airflow/example_dags/example_branch_datetime_operator.py
[2024-02-01T23:10:28.314+0100] {processor.py:830} INFO - Processing file /home/ubuntu/.local/lib/python3.10/site-packages/airflow/example_dags/example_branch_datetime_operator.py for tasks to queue
[2024-02-01T23:10:28.315+0100] {logging_mixin.py:188} INFO - [2024-02-01T23:10:28.315+0100] {dagbag.py:538} INFO - Filling up the DagBag from /home/ubuntu/.local/lib/python3.10/site-packages/airflow/example_dags/example_branch_datetime_operator.py
[2024-02-01T23:10:28.328+0100] {processor.py:840} INFO - DAG(s) 'example_branch_datetime_operator_3', 'example_branch_datetime_operator_2', 'example_branch_datetime_operator' retrieved from /home/ubuntu/.local/lib/python3.10/site-packages/airflow/example_dags/example_branch_datetime_operator.py
[2024-02-01T23:10:28.359+0100] {logging_mixin.py:188} INFO - [2024-02-01T23:10:28.359+0100] {dag.py:3033} INFO - Sync 3 DAGs
[2024-02-01T23:10:28.379+0100] {logging_mixin.py:188} INFO - [2024-02-01T23:10:28.379+0100] {dag.py:3820} INFO - Setting next_dagrun for example_branch_datetime_operator to 2024-01-31T00:00:00+00:00, run_after=2024-02-01T00:00:00+00:00
[2024-02-01T23:10:28.385+0100] {logging_mixin.py:188} INFO - [2024-02-01T23:10:28.385+0100] {dag.py:3820} INFO - Setting next_dagrun for example_branch_datetime_operator_2 to 2024-01-31T00:00:00+00:00, run_after=2024-02-01T00:00:00+00:00
[2024-02-01T23:10:28.388+0100] {logging_mixin.py:188} INFO - [2024-02-01T23:10:28.388+0100] {dag.py:3820} INFO - Setting next_dagrun for example_branch_datetime_operator_3 to 2024-01-31T00:00:00+00:00, run_after=2024-02-01T00:00:00+00:00
[2024-02-01T23:10:28.432+0100] {processor.py:183} INFO - Processing /home/ubuntu/.local/lib/python3.10/site-packages/airflow/example_dags/example_branch_datetime_operator.py took 0.129 seconds
[2024-02-01T23:11:27.495+0100] {processor.py:161} INFO - Started process (PID=16086) to work on /home/ubuntu/.local/lib/python3.10/site-packages/airflow/example_dags/example_branch_datetime_operator.py
[2024-02-01T23:11:27.503+0100] {processor.py:830} INFO - Processing file /home/ubuntu/.local/lib/python3.10/site-packages/airflow/example_dags/example_branch_datetime_operator.py for tasks to queue
[2024-02-01T23:11:27.505+0100] {logging_mixin.py:188} INFO - [2024-02-01T23:11:27.505+0100] {dagbag.py:538} INFO - Filling up the DagBag from /home/ubuntu/.local/lib/python3.10/site-packages/airflow/example_dags/example_branch_datetime_operator.py
[2024-02-01T23:11:27.518+0100] {processor.py:840} INFO - DAG(s) 'example_branch_datetime_operator', 'example_branch_datetime_operator_3', 'example_branch_datetime_operator_2' retrieved from /home/ubuntu/.local/lib/python3.10/site-packages/airflow/example_dags/example_branch_datetime_operator.py
[2024-02-01T23:11:27.564+0100] {logging_mixin.py:188} INFO - [2024-02-01T23:11:27.564+0100] {dag.py:3033} INFO - Sync 3 DAGs
[2024-02-01T23:11:27.593+0100] {logging_mixin.py:188} INFO - [2024-02-01T23:11:27.593+0100] {dag.py:3820} INFO - Setting next_dagrun for example_branch_datetime_operator to 2024-01-31T00:00:00+00:00, run_after=2024-02-01T00:00:00+00:00
[2024-02-01T23:11:27.600+0100] {logging_mixin.py:188} INFO - [2024-02-01T23:11:27.600+0100] {dag.py:3820} INFO - Setting next_dagrun for example_branch_datetime_operator_2 to 2024-01-31T00:00:00+00:00, run_after=2024-02-01T00:00:00+00:00
[2024-02-01T23:11:27.605+0100] {logging_mixin.py:188} INFO - [2024-02-01T23:11:27.605+0100] {dag.py:3820} INFO - Setting next_dagrun for example_branch_datetime_operator_3 to 2024-01-31T00:00:00+00:00, run_after=2024-02-01T00:00:00+00:00
[2024-02-01T23:11:27.639+0100] {processor.py:183} INFO - Processing /home/ubuntu/.local/lib/python3.10/site-packages/airflow/example_dags/example_branch_datetime_operator.py took 0.151 seconds
[2024-02-01T23:12:24.624+0100] {processor.py:161} INFO - Started process (PID=16181) to work on /home/ubuntu/.local/lib/python3.10/site-packages/airflow/example_dags/example_branch_datetime_operator.py
[2024-02-01T23:12:24.624+0100] {processor.py:830} INFO - Processing file /home/ubuntu/.local/lib/python3.10/site-packages/airflow/example_dags/example_branch_datetime_operator.py for tasks to queue
[2024-02-01T23:12:24.624+0100] {logging_mixin.py:188} INFO - [2024-02-01T23:12:24.624+0100] {dagbag.py:538} INFO - Filling up the DagBag from /home/ubuntu/.local/lib/python3.10/site-packages/airflow/example_dags/example_branch_datetime_operator.py
[2024-02-01T23:12:24.644+0100] {processor.py:840} INFO - DAG(s) 'example_branch_datetime_operator_3', 'example_branch_datetime_operator', 'example_branch_datetime_operator_2' retrieved from /home/ubuntu/.local/lib/python3.10/site-packages/airflow/example_dags/example_branch_datetime_operator.py
[2024-02-01T23:12:24.684+0100] {logging_mixin.py:188} INFO - [2024-02-01T23:12:24.684+0100] {dag.py:3033} INFO - Sync 3 DAGs
[2024-02-01T23:12:24.716+0100] {logging_mixin.py:188} INFO - [2024-02-01T23:12:24.716+0100] {dag.py:3820} INFO - Setting next_dagrun for example_branch_datetime_operator to 2024-01-31T00:00:00+00:00, run_after=2024-02-01T00:00:00+00:00
[2024-02-01T23:12:24.724+0100] {logging_mixin.py:188} INFO - [2024-02-01T23:12:24.724+0100] {dag.py:3820} INFO - Setting next_dagrun for example_branch_datetime_operator_2 to 2024-01-31T00:00:00+00:00, run_after=2024-02-01T00:00:00+00:00
[2024-02-01T23:12:24.728+0100] {logging_mixin.py:188} INFO - [2024-02-01T23:12:24.728+0100] {dag.py:3820} INFO - Setting next_dagrun for example_branch_datetime_operator_3 to 2024-01-31T00:00:00+00:00, run_after=2024-02-01T00:00:00+00:00
[2024-02-01T23:12:24.764+0100] {processor.py:183} INFO - Processing /home/ubuntu/.local/lib/python3.10/site-packages/airflow/example_dags/example_branch_datetime_operator.py took 0.140 seconds
[2024-02-01T23:13:21.222+0100] {processor.py:161} INFO - Started process (PID=16275) to work on /home/ubuntu/.local/lib/python3.10/site-packages/airflow/example_dags/example_branch_datetime_operator.py
[2024-02-01T23:13:21.226+0100] {processor.py:830} INFO - Processing file /home/ubuntu/.local/lib/python3.10/site-packages/airflow/example_dags/example_branch_datetime_operator.py for tasks to queue
[2024-02-01T23:13:21.227+0100] {logging_mixin.py:188} INFO - [2024-02-01T23:13:21.227+0100] {dagbag.py:538} INFO - Filling up the DagBag from /home/ubuntu/.local/lib/python3.10/site-packages/airflow/example_dags/example_branch_datetime_operator.py
[2024-02-01T23:13:21.245+0100] {processor.py:840} INFO - DAG(s) 'example_branch_datetime_operator', 'example_branch_datetime_operator_2', 'example_branch_datetime_operator_3' retrieved from /home/ubuntu/.local/lib/python3.10/site-packages/airflow/example_dags/example_branch_datetime_operator.py
[2024-02-01T23:13:21.281+0100] {logging_mixin.py:188} INFO - [2024-02-01T23:13:21.280+0100] {dag.py:3033} INFO - Sync 3 DAGs
[2024-02-01T23:13:21.301+0100] {logging_mixin.py:188} INFO - [2024-02-01T23:13:21.301+0100] {dag.py:3820} INFO - Setting next_dagrun for example_branch_datetime_operator to 2024-01-31T00:00:00+00:00, run_after=2024-02-01T00:00:00+00:00
[2024-02-01T23:13:21.306+0100] {logging_mixin.py:188} INFO - [2024-02-01T23:13:21.305+0100] {dag.py:3820} INFO - Setting next_dagrun for example_branch_datetime_operator_2 to 2024-01-31T00:00:00+00:00, run_after=2024-02-01T00:00:00+00:00
[2024-02-01T23:13:21.308+0100] {logging_mixin.py:188} INFO - [2024-02-01T23:13:21.308+0100] {dag.py:3820} INFO - Setting next_dagrun for example_branch_datetime_operator_3 to 2024-01-31T00:00:00+00:00, run_after=2024-02-01T00:00:00+00:00
[2024-02-01T23:13:21.348+0100] {processor.py:183} INFO - Processing /home/ubuntu/.local/lib/python3.10/site-packages/airflow/example_dags/example_branch_datetime_operator.py took 0.131 seconds
[2024-02-01T23:14:16.100+0100] {processor.py:161} INFO - Started process (PID=16374) to work on /home/ubuntu/.local/lib/python3.10/site-packages/airflow/example_dags/example_branch_datetime_operator.py
[2024-02-01T23:14:16.112+0100] {processor.py:830} INFO - Processing file /home/ubuntu/.local/lib/python3.10/site-packages/airflow/example_dags/example_branch_datetime_operator.py for tasks to queue
[2024-02-01T23:14:16.112+0100] {logging_mixin.py:188} INFO - [2024-02-01T23:14:16.112+0100] {dagbag.py:538} INFO - Filling up the DagBag from /home/ubuntu/.local/lib/python3.10/site-packages/airflow/example_dags/example_branch_datetime_operator.py
[2024-02-01T23:14:16.124+0100] {processor.py:840} INFO - DAG(s) 'example_branch_datetime_operator', 'example_branch_datetime_operator_2', 'example_branch_datetime_operator_3' retrieved from /home/ubuntu/.local/lib/python3.10/site-packages/airflow/example_dags/example_branch_datetime_operator.py
[2024-02-01T23:14:16.160+0100] {logging_mixin.py:188} INFO - [2024-02-01T23:14:16.160+0100] {dag.py:3033} INFO - Sync 3 DAGs
[2024-02-01T23:14:16.191+0100] {logging_mixin.py:188} INFO - [2024-02-01T23:14:16.191+0100] {dag.py:3820} INFO - Setting next_dagrun for example_branch_datetime_operator to 2024-01-31T00:00:00+00:00, run_after=2024-02-01T00:00:00+00:00
[2024-02-01T23:14:16.198+0100] {logging_mixin.py:188} INFO - [2024-02-01T23:14:16.198+0100] {dag.py:3820} INFO - Setting next_dagrun for example_branch_datetime_operator_2 to 2024-01-31T00:00:00+00:00, run_after=2024-02-01T00:00:00+00:00
[2024-02-01T23:14:16.202+0100] {logging_mixin.py:188} INFO - [2024-02-01T23:14:16.202+0100] {dag.py:3820} INFO - Setting next_dagrun for example_branch_datetime_operator_3 to 2024-01-31T00:00:00+00:00, run_after=2024-02-01T00:00:00+00:00
[2024-02-01T23:14:16.237+0100] {processor.py:183} INFO - Processing /home/ubuntu/.local/lib/python3.10/site-packages/airflow/example_dags/example_branch_datetime_operator.py took 0.138 seconds
