[2024-02-01T22:49:59.254+0100] {processor.py:161} INFO - Started process (PID=14610) to work on /home/ubuntu/.local/lib/python3.10/site-packages/airflow/example_dags/example_branch_operator_decorator.py
[2024-02-01T22:49:59.256+0100] {processor.py:830} INFO - Processing file /home/ubuntu/.local/lib/python3.10/site-packages/airflow/example_dags/example_branch_operator_decorator.py for tasks to queue
[2024-02-01T22:49:59.257+0100] {logging_mixin.py:188} INFO - [2024-02-01T22:49:59.257+0100] {dagbag.py:538} INFO - Filling up the DagBag from /home/ubuntu/.local/lib/python3.10/site-packages/airflow/example_dags/example_branch_operator_decorator.py
[2024-02-01T22:49:59.323+0100] {processor.py:840} INFO - DAG(s) 'example_branch_python_operator_decorator' retrieved from /home/ubuntu/.local/lib/python3.10/site-packages/airflow/example_dags/example_branch_operator_decorator.py
[2024-02-01T22:49:59.715+0100] {logging_mixin.py:188} INFO - [2024-02-01T22:49:59.714+0100] {dag.py:3033} INFO - Sync 1 DAGs
[2024-02-01T22:49:59.759+0100] {logging_mixin.py:188} INFO - [2024-02-01T22:49:59.759+0100] {dag.py:3820} INFO - Setting next_dagrun for example_branch_python_operator_decorator to 2024-01-31T00:00:00+00:00, run_after=2024-02-01T00:00:00+00:00
[2024-02-01T22:49:59.942+0100] {processor.py:183} INFO - Processing /home/ubuntu/.local/lib/python3.10/site-packages/airflow/example_dags/example_branch_operator_decorator.py took 0.700 seconds
[2024-02-01T22:51:19.376+0100] {processor.py:161} INFO - Started process (PID=14722) to work on /home/ubuntu/.local/lib/python3.10/site-packages/airflow/example_dags/example_branch_operator_decorator.py
[2024-02-01T22:51:19.380+0100] {processor.py:830} INFO - Processing file /home/ubuntu/.local/lib/python3.10/site-packages/airflow/example_dags/example_branch_operator_decorator.py for tasks to queue
[2024-02-01T22:51:19.384+0100] {logging_mixin.py:188} INFO - [2024-02-01T22:51:19.384+0100] {dagbag.py:538} INFO - Filling up the DagBag from /home/ubuntu/.local/lib/python3.10/site-packages/airflow/example_dags/example_branch_operator_decorator.py
[2024-02-01T22:51:19.429+0100] {processor.py:840} INFO - DAG(s) 'example_branch_python_operator_decorator' retrieved from /home/ubuntu/.local/lib/python3.10/site-packages/airflow/example_dags/example_branch_operator_decorator.py
[2024-02-01T22:51:19.487+0100] {logging_mixin.py:188} INFO - [2024-02-01T22:51:19.487+0100] {dag.py:3033} INFO - Sync 1 DAGs
[2024-02-01T22:51:19.530+0100] {logging_mixin.py:188} INFO - [2024-02-01T22:51:19.530+0100] {dag.py:3820} INFO - Setting next_dagrun for example_branch_python_operator_decorator to 2024-01-31T00:00:00+00:00, run_after=2024-02-01T00:00:00+00:00
[2024-02-01T22:51:19.582+0100] {processor.py:183} INFO - Processing /home/ubuntu/.local/lib/python3.10/site-packages/airflow/example_dags/example_branch_operator_decorator.py took 0.213 seconds
[2024-02-01T22:52:57.711+0100] {processor.py:161} INFO - Started process (PID=14835) to work on /home/ubuntu/.local/lib/python3.10/site-packages/airflow/example_dags/example_branch_operator_decorator.py
[2024-02-01T22:52:57.718+0100] {processor.py:830} INFO - Processing file /home/ubuntu/.local/lib/python3.10/site-packages/airflow/example_dags/example_branch_operator_decorator.py for tasks to queue
[2024-02-01T22:52:57.721+0100] {logging_mixin.py:188} INFO - [2024-02-01T22:52:57.720+0100] {dagbag.py:538} INFO - Filling up the DagBag from /home/ubuntu/.local/lib/python3.10/site-packages/airflow/example_dags/example_branch_operator_decorator.py
[2024-02-01T22:52:57.794+0100] {processor.py:840} INFO - DAG(s) 'example_branch_python_operator_decorator' retrieved from /home/ubuntu/.local/lib/python3.10/site-packages/airflow/example_dags/example_branch_operator_decorator.py
[2024-02-01T22:52:57.837+0100] {logging_mixin.py:188} INFO - [2024-02-01T22:52:57.836+0100] {dag.py:3033} INFO - Sync 1 DAGs
[2024-02-01T22:52:57.886+0100] {logging_mixin.py:188} INFO - [2024-02-01T22:52:57.885+0100] {dag.py:3820} INFO - Setting next_dagrun for example_branch_python_operator_decorator to 2024-01-31T00:00:00+00:00, run_after=2024-02-01T00:00:00+00:00
[2024-02-01T22:52:57.986+0100] {processor.py:183} INFO - Processing /home/ubuntu/.local/lib/python3.10/site-packages/airflow/example_dags/example_branch_operator_decorator.py took 0.308 seconds
[2024-02-01T22:55:38.176+0100] {processor.py:161} INFO - Started process (PID=14978) to work on /home/ubuntu/.local/lib/python3.10/site-packages/airflow/example_dags/example_branch_operator_decorator.py
[2024-02-01T22:55:38.181+0100] {processor.py:830} INFO - Processing file /home/ubuntu/.local/lib/python3.10/site-packages/airflow/example_dags/example_branch_operator_decorator.py for tasks to queue
[2024-02-01T22:55:38.199+0100] {logging_mixin.py:188} INFO - [2024-02-01T22:55:38.191+0100] {dagbag.py:538} INFO - Filling up the DagBag from /home/ubuntu/.local/lib/python3.10/site-packages/airflow/example_dags/example_branch_operator_decorator.py
[2024-02-01T22:55:38.383+0100] {processor.py:840} INFO - DAG(s) 'example_branch_python_operator_decorator' retrieved from /home/ubuntu/.local/lib/python3.10/site-packages/airflow/example_dags/example_branch_operator_decorator.py
[2024-02-01T22:55:38.506+0100] {logging_mixin.py:188} INFO - [2024-02-01T22:55:38.505+0100] {dag.py:3033} INFO - Sync 1 DAGs
[2024-02-01T22:55:38.603+0100] {logging_mixin.py:188} INFO - [2024-02-01T22:55:38.603+0100] {dag.py:3820} INFO - Setting next_dagrun for example_branch_python_operator_decorator to 2024-01-31T00:00:00+00:00, run_after=2024-02-01T00:00:00+00:00
[2024-02-01T22:55:38.724+0100] {processor.py:183} INFO - Processing /home/ubuntu/.local/lib/python3.10/site-packages/airflow/example_dags/example_branch_operator_decorator.py took 0.557 seconds
[2024-02-01T22:56:58.894+0100] {processor.py:161} INFO - Started process (PID=15040) to work on /home/ubuntu/.local/lib/python3.10/site-packages/airflow/example_dags/example_branch_operator_decorator.py
[2024-02-01T22:56:58.915+0100] {processor.py:830} INFO - Processing file /home/ubuntu/.local/lib/python3.10/site-packages/airflow/example_dags/example_branch_operator_decorator.py for tasks to queue
[2024-02-01T22:56:58.922+0100] {logging_mixin.py:188} INFO - [2024-02-01T22:56:58.916+0100] {dagbag.py:538} INFO - Filling up the DagBag from /home/ubuntu/.local/lib/python3.10/site-packages/airflow/example_dags/example_branch_operator_decorator.py
[2024-02-01T22:56:59.104+0100] {processor.py:840} INFO - DAG(s) 'example_branch_python_operator_decorator' retrieved from /home/ubuntu/.local/lib/python3.10/site-packages/airflow/example_dags/example_branch_operator_decorator.py
[2024-02-01T22:56:59.222+0100] {logging_mixin.py:188} INFO - [2024-02-01T22:56:59.222+0100] {dag.py:3033} INFO - Sync 1 DAGs
[2024-02-01T22:56:59.326+0100] {logging_mixin.py:188} INFO - [2024-02-01T22:56:59.325+0100] {dag.py:3820} INFO - Setting next_dagrun for example_branch_python_operator_decorator to 2024-01-31T00:00:00+00:00, run_after=2024-02-01T00:00:00+00:00
[2024-02-01T22:56:59.475+0100] {processor.py:183} INFO - Processing /home/ubuntu/.local/lib/python3.10/site-packages/airflow/example_dags/example_branch_operator_decorator.py took 0.649 seconds
[2024-02-01T22:58:32.685+0100] {processor.py:161} INFO - Started process (PID=15123) to work on /home/ubuntu/.local/lib/python3.10/site-packages/airflow/example_dags/example_branch_operator_decorator.py
[2024-02-01T22:58:32.689+0100] {processor.py:830} INFO - Processing file /home/ubuntu/.local/lib/python3.10/site-packages/airflow/example_dags/example_branch_operator_decorator.py for tasks to queue
[2024-02-01T22:58:32.691+0100] {logging_mixin.py:188} INFO - [2024-02-01T22:58:32.690+0100] {dagbag.py:538} INFO - Filling up the DagBag from /home/ubuntu/.local/lib/python3.10/site-packages/airflow/example_dags/example_branch_operator_decorator.py
[2024-02-01T22:58:32.732+0100] {processor.py:840} INFO - DAG(s) 'example_branch_python_operator_decorator' retrieved from /home/ubuntu/.local/lib/python3.10/site-packages/airflow/example_dags/example_branch_operator_decorator.py
[2024-02-01T22:58:32.768+0100] {logging_mixin.py:188} INFO - [2024-02-01T22:58:32.768+0100] {dag.py:3033} INFO - Sync 1 DAGs
[2024-02-01T22:58:32.802+0100] {logging_mixin.py:188} INFO - [2024-02-01T22:58:32.801+0100] {dag.py:3820} INFO - Setting next_dagrun for example_branch_python_operator_decorator to 2024-01-31T00:00:00+00:00, run_after=2024-02-01T00:00:00+00:00
[2024-02-01T22:58:32.844+0100] {processor.py:183} INFO - Processing /home/ubuntu/.local/lib/python3.10/site-packages/airflow/example_dags/example_branch_operator_decorator.py took 0.165 seconds
[2024-02-01T23:00:15.694+0100] {processor.py:161} INFO - Started process (PID=15303) to work on /home/ubuntu/.local/lib/python3.10/site-packages/airflow/example_dags/example_branch_operator_decorator.py
[2024-02-01T23:00:15.697+0100] {processor.py:830} INFO - Processing file /home/ubuntu/.local/lib/python3.10/site-packages/airflow/example_dags/example_branch_operator_decorator.py for tasks to queue
[2024-02-01T23:00:15.699+0100] {logging_mixin.py:188} INFO - [2024-02-01T23:00:15.698+0100] {dagbag.py:538} INFO - Filling up the DagBag from /home/ubuntu/.local/lib/python3.10/site-packages/airflow/example_dags/example_branch_operator_decorator.py
[2024-02-01T23:00:15.727+0100] {processor.py:840} INFO - DAG(s) 'example_branch_python_operator_decorator' retrieved from /home/ubuntu/.local/lib/python3.10/site-packages/airflow/example_dags/example_branch_operator_decorator.py
[2024-02-01T23:00:15.762+0100] {logging_mixin.py:188} INFO - [2024-02-01T23:00:15.762+0100] {dag.py:3033} INFO - Sync 1 DAGs
[2024-02-01T23:00:15.796+0100] {logging_mixin.py:188} INFO - [2024-02-01T23:00:15.796+0100] {dag.py:3820} INFO - Setting next_dagrun for example_branch_python_operator_decorator to 2024-01-31T00:00:00+00:00, run_after=2024-02-01T00:00:00+00:00
[2024-02-01T23:00:15.833+0100] {processor.py:183} INFO - Processing /home/ubuntu/.local/lib/python3.10/site-packages/airflow/example_dags/example_branch_operator_decorator.py took 0.144 seconds
[2024-02-01T23:01:19.658+0100] {processor.py:161} INFO - Started process (PID=15402) to work on /home/ubuntu/.local/lib/python3.10/site-packages/airflow/example_dags/example_branch_operator_decorator.py
[2024-02-01T23:01:19.658+0100] {processor.py:830} INFO - Processing file /home/ubuntu/.local/lib/python3.10/site-packages/airflow/example_dags/example_branch_operator_decorator.py for tasks to queue
[2024-02-01T23:01:19.658+0100] {logging_mixin.py:188} INFO - [2024-02-01T23:01:19.658+0100] {dagbag.py:538} INFO - Filling up the DagBag from /home/ubuntu/.local/lib/python3.10/site-packages/airflow/example_dags/example_branch_operator_decorator.py
[2024-02-01T23:01:19.802+0100] {processor.py:840} INFO - DAG(s) 'example_branch_python_operator_decorator' retrieved from /home/ubuntu/.local/lib/python3.10/site-packages/airflow/example_dags/example_branch_operator_decorator.py
[2024-02-01T23:01:19.838+0100] {logging_mixin.py:188} INFO - [2024-02-01T23:01:19.838+0100] {dag.py:3033} INFO - Sync 1 DAGs
[2024-02-01T23:01:19.926+0100] {logging_mixin.py:188} INFO - [2024-02-01T23:01:19.926+0100] {dag.py:3820} INFO - Setting next_dagrun for example_branch_python_operator_decorator to 2024-01-31T00:00:00+00:00, run_after=2024-02-01T00:00:00+00:00
[2024-02-01T23:01:20.210+0100] {processor.py:183} INFO - Processing /home/ubuntu/.local/lib/python3.10/site-packages/airflow/example_dags/example_branch_operator_decorator.py took 0.564 seconds
[2024-02-01T23:02:31.630+0100] {processor.py:161} INFO - Started process (PID=15494) to work on /home/ubuntu/.local/lib/python3.10/site-packages/airflow/example_dags/example_branch_operator_decorator.py
[2024-02-01T23:02:31.613+0100] {processor.py:830} INFO - Processing file /home/ubuntu/.local/lib/python3.10/site-packages/airflow/example_dags/example_branch_operator_decorator.py for tasks to queue
[2024-02-01T23:02:31.613+0100] {logging_mixin.py:188} INFO - [2024-02-01T23:02:31.613+0100] {dagbag.py:538} INFO - Filling up the DagBag from /home/ubuntu/.local/lib/python3.10/site-packages/airflow/example_dags/example_branch_operator_decorator.py
[2024-02-01T23:02:31.697+0100] {processor.py:840} INFO - DAG(s) 'example_branch_python_operator_decorator' retrieved from /home/ubuntu/.local/lib/python3.10/site-packages/airflow/example_dags/example_branch_operator_decorator.py
[2024-02-01T23:02:31.737+0100] {logging_mixin.py:188} INFO - [2024-02-01T23:02:31.737+0100] {dag.py:3033} INFO - Sync 1 DAGs
[2024-02-01T23:02:31.805+0100] {logging_mixin.py:188} INFO - [2024-02-01T23:02:31.805+0100] {dag.py:3820} INFO - Setting next_dagrun for example_branch_python_operator_decorator to 2024-01-31T00:00:00+00:00, run_after=2024-02-01T00:00:00+00:00
[2024-02-01T23:02:31.861+0100] {processor.py:183} INFO - Processing /home/ubuntu/.local/lib/python3.10/site-packages/airflow/example_dags/example_branch_operator_decorator.py took 0.236 seconds
[2024-02-01T23:03:42.177+0100] {processor.py:161} INFO - Started process (PID=15558) to work on /home/ubuntu/.local/lib/python3.10/site-packages/airflow/example_dags/example_branch_operator_decorator.py
[2024-02-01T23:03:42.195+0100] {processor.py:830} INFO - Processing file /home/ubuntu/.local/lib/python3.10/site-packages/airflow/example_dags/example_branch_operator_decorator.py for tasks to queue
[2024-02-01T23:03:42.202+0100] {logging_mixin.py:188} INFO - [2024-02-01T23:03:42.196+0100] {dagbag.py:538} INFO - Filling up the DagBag from /home/ubuntu/.local/lib/python3.10/site-packages/airflow/example_dags/example_branch_operator_decorator.py
[2024-02-01T23:03:42.256+0100] {processor.py:840} INFO - DAG(s) 'example_branch_python_operator_decorator' retrieved from /home/ubuntu/.local/lib/python3.10/site-packages/airflow/example_dags/example_branch_operator_decorator.py
[2024-02-01T23:03:42.317+0100] {logging_mixin.py:188} INFO - [2024-02-01T23:03:42.316+0100] {dag.py:3033} INFO - Sync 1 DAGs
[2024-02-01T23:03:42.626+0100] {logging_mixin.py:188} INFO - [2024-02-01T23:03:42.626+0100] {dag.py:3820} INFO - Setting next_dagrun for example_branch_python_operator_decorator to 2024-01-31T00:00:00+00:00, run_after=2024-02-01T00:00:00+00:00
[2024-02-01T23:03:42.723+0100] {processor.py:183} INFO - Processing /home/ubuntu/.local/lib/python3.10/site-packages/airflow/example_dags/example_branch_operator_decorator.py took 0.553 seconds
[2024-02-01T23:05:02.613+0100] {processor.py:161} INFO - Started process (PID=15623) to work on /home/ubuntu/.local/lib/python3.10/site-packages/airflow/example_dags/example_branch_operator_decorator.py
[2024-02-01T23:05:02.618+0100] {processor.py:830} INFO - Processing file /home/ubuntu/.local/lib/python3.10/site-packages/airflow/example_dags/example_branch_operator_decorator.py for tasks to queue
[2024-02-01T23:05:02.624+0100] {logging_mixin.py:188} INFO - [2024-02-01T23:05:02.623+0100] {dagbag.py:538} INFO - Filling up the DagBag from /home/ubuntu/.local/lib/python3.10/site-packages/airflow/example_dags/example_branch_operator_decorator.py
[2024-02-01T23:05:02.712+0100] {processor.py:840} INFO - DAG(s) 'example_branch_python_operator_decorator' retrieved from /home/ubuntu/.local/lib/python3.10/site-packages/airflow/example_dags/example_branch_operator_decorator.py
[2024-02-01T23:05:02.758+0100] {logging_mixin.py:188} INFO - [2024-02-01T23:05:02.757+0100] {dag.py:3033} INFO - Sync 1 DAGs
[2024-02-01T23:05:02.797+0100] {logging_mixin.py:188} INFO - [2024-02-01T23:05:02.797+0100] {dag.py:3820} INFO - Setting next_dagrun for example_branch_python_operator_decorator to 2024-01-31T00:00:00+00:00, run_after=2024-02-01T00:00:00+00:00
[2024-02-01T23:05:02.881+0100] {processor.py:183} INFO - Processing /home/ubuntu/.local/lib/python3.10/site-packages/airflow/example_dags/example_branch_operator_decorator.py took 0.283 seconds
[2024-02-01T23:06:19.911+0100] {processor.py:161} INFO - Started process (PID=15689) to work on /home/ubuntu/.local/lib/python3.10/site-packages/airflow/example_dags/example_branch_operator_decorator.py
[2024-02-01T23:06:19.915+0100] {processor.py:830} INFO - Processing file /home/ubuntu/.local/lib/python3.10/site-packages/airflow/example_dags/example_branch_operator_decorator.py for tasks to queue
[2024-02-01T23:06:19.917+0100] {logging_mixin.py:188} INFO - [2024-02-01T23:06:19.916+0100] {dagbag.py:538} INFO - Filling up the DagBag from /home/ubuntu/.local/lib/python3.10/site-packages/airflow/example_dags/example_branch_operator_decorator.py
[2024-02-01T23:06:19.965+0100] {processor.py:840} INFO - DAG(s) 'example_branch_python_operator_decorator' retrieved from /home/ubuntu/.local/lib/python3.10/site-packages/airflow/example_dags/example_branch_operator_decorator.py
[2024-02-01T23:06:20.027+0100] {logging_mixin.py:188} INFO - [2024-02-01T23:06:20.026+0100] {dag.py:3033} INFO - Sync 1 DAGs
[2024-02-01T23:06:20.071+0100] {logging_mixin.py:188} INFO - [2024-02-01T23:06:20.071+0100] {dag.py:3820} INFO - Setting next_dagrun for example_branch_python_operator_decorator to 2024-01-31T00:00:00+00:00, run_after=2024-02-01T00:00:00+00:00
[2024-02-01T23:06:20.133+0100] {processor.py:183} INFO - Processing /home/ubuntu/.local/lib/python3.10/site-packages/airflow/example_dags/example_branch_operator_decorator.py took 0.244 seconds
[2024-02-01T23:07:34.257+0100] {processor.py:161} INFO - Started process (PID=15758) to work on /home/ubuntu/.local/lib/python3.10/site-packages/airflow/example_dags/example_branch_operator_decorator.py
[2024-02-01T23:07:34.257+0100] {processor.py:830} INFO - Processing file /home/ubuntu/.local/lib/python3.10/site-packages/airflow/example_dags/example_branch_operator_decorator.py for tasks to queue
[2024-02-01T23:07:34.257+0100] {logging_mixin.py:188} INFO - [2024-02-01T23:07:34.257+0100] {dagbag.py:538} INFO - Filling up the DagBag from /home/ubuntu/.local/lib/python3.10/site-packages/airflow/example_dags/example_branch_operator_decorator.py
[2024-02-01T23:07:34.289+0100] {processor.py:840} INFO - DAG(s) 'example_branch_python_operator_decorator' retrieved from /home/ubuntu/.local/lib/python3.10/site-packages/airflow/example_dags/example_branch_operator_decorator.py
[2024-02-01T23:07:34.341+0100] {logging_mixin.py:188} INFO - [2024-02-01T23:07:34.341+0100] {dag.py:3033} INFO - Sync 1 DAGs
[2024-02-01T23:07:34.725+0100] {logging_mixin.py:188} INFO - [2024-02-01T23:07:34.725+0100] {dag.py:3820} INFO - Setting next_dagrun for example_branch_python_operator_decorator to 2024-01-31T00:00:00+00:00, run_after=2024-02-01T00:00:00+00:00
[2024-02-01T23:07:34.805+0100] {processor.py:183} INFO - Processing /home/ubuntu/.local/lib/python3.10/site-packages/airflow/example_dags/example_branch_operator_decorator.py took 0.548 seconds
[2024-02-01T23:09:01.274+0100] {processor.py:161} INFO - Started process (PID=15863) to work on /home/ubuntu/.local/lib/python3.10/site-packages/airflow/example_dags/example_branch_operator_decorator.py
[2024-02-01T23:09:01.278+0100] {processor.py:830} INFO - Processing file /home/ubuntu/.local/lib/python3.10/site-packages/airflow/example_dags/example_branch_operator_decorator.py for tasks to queue
[2024-02-01T23:09:01.294+0100] {logging_mixin.py:188} INFO - [2024-02-01T23:09:01.291+0100] {dagbag.py:538} INFO - Filling up the DagBag from /home/ubuntu/.local/lib/python3.10/site-packages/airflow/example_dags/example_branch_operator_decorator.py
[2024-02-01T23:09:01.395+0100] {processor.py:840} INFO - DAG(s) 'example_branch_python_operator_decorator' retrieved from /home/ubuntu/.local/lib/python3.10/site-packages/airflow/example_dags/example_branch_operator_decorator.py
[2024-02-01T23:09:01.461+0100] {logging_mixin.py:188} INFO - [2024-02-01T23:09:01.460+0100] {dag.py:3033} INFO - Sync 1 DAGs
[2024-02-01T23:09:01.505+0100] {logging_mixin.py:188} INFO - [2024-02-01T23:09:01.504+0100] {dag.py:3820} INFO - Setting next_dagrun for example_branch_python_operator_decorator to 2024-01-31T00:00:00+00:00, run_after=2024-02-01T00:00:00+00:00
[2024-02-01T23:09:01.579+0100] {processor.py:183} INFO - Processing /home/ubuntu/.local/lib/python3.10/site-packages/airflow/example_dags/example_branch_operator_decorator.py took 0.312 seconds
[2024-02-01T23:10:09.623+0100] {processor.py:161} INFO - Started process (PID=15966) to work on /home/ubuntu/.local/lib/python3.10/site-packages/airflow/example_dags/example_branch_operator_decorator.py
[2024-02-01T23:10:09.629+0100] {processor.py:830} INFO - Processing file /home/ubuntu/.local/lib/python3.10/site-packages/airflow/example_dags/example_branch_operator_decorator.py for tasks to queue
[2024-02-01T23:10:09.643+0100] {logging_mixin.py:188} INFO - [2024-02-01T23:10:09.634+0100] {dagbag.py:538} INFO - Filling up the DagBag from /home/ubuntu/.local/lib/python3.10/site-packages/airflow/example_dags/example_branch_operator_decorator.py
[2024-02-01T23:10:09.699+0100] {processor.py:840} INFO - DAG(s) 'example_branch_python_operator_decorator' retrieved from /home/ubuntu/.local/lib/python3.10/site-packages/airflow/example_dags/example_branch_operator_decorator.py
[2024-02-01T23:10:09.739+0100] {logging_mixin.py:188} INFO - [2024-02-01T23:10:09.738+0100] {dag.py:3033} INFO - Sync 1 DAGs
[2024-02-01T23:10:09.766+0100] {logging_mixin.py:188} INFO - [2024-02-01T23:10:09.766+0100] {dag.py:3820} INFO - Setting next_dagrun for example_branch_python_operator_decorator to 2024-01-31T00:00:00+00:00, run_after=2024-02-01T00:00:00+00:00
[2024-02-01T23:10:09.809+0100] {processor.py:183} INFO - Processing /home/ubuntu/.local/lib/python3.10/site-packages/airflow/example_dags/example_branch_operator_decorator.py took 0.191 seconds
[2024-02-01T23:11:15.525+0100] {processor.py:161} INFO - Started process (PID=16071) to work on /home/ubuntu/.local/lib/python3.10/site-packages/airflow/example_dags/example_branch_operator_decorator.py
[2024-02-01T23:11:15.530+0100] {processor.py:830} INFO - Processing file /home/ubuntu/.local/lib/python3.10/site-packages/airflow/example_dags/example_branch_operator_decorator.py for tasks to queue
[2024-02-01T23:11:15.532+0100] {logging_mixin.py:188} INFO - [2024-02-01T23:11:15.531+0100] {dagbag.py:538} INFO - Filling up the DagBag from /home/ubuntu/.local/lib/python3.10/site-packages/airflow/example_dags/example_branch_operator_decorator.py
[2024-02-01T23:11:15.592+0100] {processor.py:840} INFO - DAG(s) 'example_branch_python_operator_decorator' retrieved from /home/ubuntu/.local/lib/python3.10/site-packages/airflow/example_dags/example_branch_operator_decorator.py
[2024-02-01T23:11:15.651+0100] {logging_mixin.py:188} INFO - [2024-02-01T23:11:15.651+0100] {dag.py:3033} INFO - Sync 1 DAGs
[2024-02-01T23:11:15.715+0100] {logging_mixin.py:188} INFO - [2024-02-01T23:11:15.714+0100] {dag.py:3820} INFO - Setting next_dagrun for example_branch_python_operator_decorator to 2024-01-31T00:00:00+00:00, run_after=2024-02-01T00:00:00+00:00
[2024-02-01T23:11:15.824+0100] {processor.py:183} INFO - Processing /home/ubuntu/.local/lib/python3.10/site-packages/airflow/example_dags/example_branch_operator_decorator.py took 0.334 seconds
[2024-02-01T23:12:13.922+0100] {processor.py:161} INFO - Started process (PID=16166) to work on /home/ubuntu/.local/lib/python3.10/site-packages/airflow/example_dags/example_branch_operator_decorator.py
[2024-02-01T23:12:13.925+0100] {processor.py:830} INFO - Processing file /home/ubuntu/.local/lib/python3.10/site-packages/airflow/example_dags/example_branch_operator_decorator.py for tasks to queue
[2024-02-01T23:12:13.927+0100] {logging_mixin.py:188} INFO - [2024-02-01T23:12:13.926+0100] {dagbag.py:538} INFO - Filling up the DagBag from /home/ubuntu/.local/lib/python3.10/site-packages/airflow/example_dags/example_branch_operator_decorator.py
[2024-02-01T23:12:13.963+0100] {processor.py:840} INFO - DAG(s) 'example_branch_python_operator_decorator' retrieved from /home/ubuntu/.local/lib/python3.10/site-packages/airflow/example_dags/example_branch_operator_decorator.py
[2024-02-01T23:12:13.992+0100] {logging_mixin.py:188} INFO - [2024-02-01T23:12:13.991+0100] {dag.py:3033} INFO - Sync 1 DAGs
[2024-02-01T23:12:14.026+0100] {logging_mixin.py:188} INFO - [2024-02-01T23:12:14.025+0100] {dag.py:3820} INFO - Setting next_dagrun for example_branch_python_operator_decorator to 2024-01-31T00:00:00+00:00, run_after=2024-02-01T00:00:00+00:00
[2024-02-01T23:12:14.065+0100] {processor.py:183} INFO - Processing /home/ubuntu/.local/lib/python3.10/site-packages/airflow/example_dags/example_branch_operator_decorator.py took 0.148 seconds
[2024-02-01T23:13:10.442+0100] {processor.py:161} INFO - Started process (PID=16260) to work on /home/ubuntu/.local/lib/python3.10/site-packages/airflow/example_dags/example_branch_operator_decorator.py
[2024-02-01T23:13:10.445+0100] {processor.py:830} INFO - Processing file /home/ubuntu/.local/lib/python3.10/site-packages/airflow/example_dags/example_branch_operator_decorator.py for tasks to queue
[2024-02-01T23:13:10.446+0100] {logging_mixin.py:188} INFO - [2024-02-01T23:13:10.445+0100] {dagbag.py:538} INFO - Filling up the DagBag from /home/ubuntu/.local/lib/python3.10/site-packages/airflow/example_dags/example_branch_operator_decorator.py
[2024-02-01T23:13:10.476+0100] {processor.py:840} INFO - DAG(s) 'example_branch_python_operator_decorator' retrieved from /home/ubuntu/.local/lib/python3.10/site-packages/airflow/example_dags/example_branch_operator_decorator.py
[2024-02-01T23:13:10.501+0100] {logging_mixin.py:188} INFO - [2024-02-01T23:13:10.501+0100] {dag.py:3033} INFO - Sync 1 DAGs
[2024-02-01T23:13:10.525+0100] {logging_mixin.py:188} INFO - [2024-02-01T23:13:10.525+0100] {dag.py:3820} INFO - Setting next_dagrun for example_branch_python_operator_decorator to 2024-01-31T00:00:00+00:00, run_after=2024-02-01T00:00:00+00:00
[2024-02-01T23:13:10.570+0100] {processor.py:183} INFO - Processing /home/ubuntu/.local/lib/python3.10/site-packages/airflow/example_dags/example_branch_operator_decorator.py took 0.135 seconds
[2024-02-01T23:14:05.569+0100] {processor.py:161} INFO - Started process (PID=16359) to work on /home/ubuntu/.local/lib/python3.10/site-packages/airflow/example_dags/example_branch_operator_decorator.py
[2024-02-01T23:14:05.572+0100] {processor.py:830} INFO - Processing file /home/ubuntu/.local/lib/python3.10/site-packages/airflow/example_dags/example_branch_operator_decorator.py for tasks to queue
[2024-02-01T23:14:05.574+0100] {logging_mixin.py:188} INFO - [2024-02-01T23:14:05.574+0100] {dagbag.py:538} INFO - Filling up the DagBag from /home/ubuntu/.local/lib/python3.10/site-packages/airflow/example_dags/example_branch_operator_decorator.py
[2024-02-01T23:14:05.604+0100] {processor.py:840} INFO - DAG(s) 'example_branch_python_operator_decorator' retrieved from /home/ubuntu/.local/lib/python3.10/site-packages/airflow/example_dags/example_branch_operator_decorator.py
[2024-02-01T23:14:05.638+0100] {logging_mixin.py:188} INFO - [2024-02-01T23:14:05.638+0100] {dag.py:3033} INFO - Sync 1 DAGs
[2024-02-01T23:14:05.659+0100] {logging_mixin.py:188} INFO - [2024-02-01T23:14:05.659+0100] {dag.py:3820} INFO - Setting next_dagrun for example_branch_python_operator_decorator to 2024-01-31T00:00:00+00:00, run_after=2024-02-01T00:00:00+00:00
[2024-02-01T23:14:05.703+0100] {processor.py:183} INFO - Processing /home/ubuntu/.local/lib/python3.10/site-packages/airflow/example_dags/example_branch_operator_decorator.py took 0.141 seconds
