[2024-02-01T22:49:11.846+0100] {processor.py:161} INFO - Started process (PID=14581) to work on /home/ubuntu/.local/lib/python3.10/site-packages/airflow/example_dags/tutorial_taskflow_api.py
[2024-02-01T22:49:11.867+0100] {processor.py:830} INFO - Processing file /home/ubuntu/.local/lib/python3.10/site-packages/airflow/example_dags/tutorial_taskflow_api.py for tasks to queue
[2024-02-01T22:49:11.870+0100] {logging_mixin.py:188} INFO - [2024-02-01T22:49:11.869+0100] {dagbag.py:538} INFO - Filling up the DagBag from /home/ubuntu/.local/lib/python3.10/site-packages/airflow/example_dags/tutorial_taskflow_api.py
[2024-02-01T22:49:11.885+0100] {processor.py:840} INFO - DAG(s) 'tutorial_taskflow_api' retrieved from /home/ubuntu/.local/lib/python3.10/site-packages/airflow/example_dags/tutorial_taskflow_api.py
[2024-02-01T22:49:12.388+0100] {logging_mixin.py:188} INFO - [2024-02-01T22:49:12.387+0100] {dag.py:3033} INFO - Sync 1 DAGs
[2024-02-01T22:49:12.409+0100] {logging_mixin.py:188} INFO - [2024-02-01T22:49:12.409+0100] {dag.py:3820} INFO - Setting next_dagrun for tutorial_taskflow_api to None, run_after=None
[2024-02-01T22:49:12.580+0100] {processor.py:183} INFO - Processing /home/ubuntu/.local/lib/python3.10/site-packages/airflow/example_dags/tutorial_taskflow_api.py took 0.771 seconds
[2024-02-01T22:50:45.026+0100] {processor.py:161} INFO - Started process (PID=14669) to work on /home/ubuntu/.local/lib/python3.10/site-packages/airflow/example_dags/tutorial_taskflow_api.py
[2024-02-01T22:50:45.032+0100] {processor.py:830} INFO - Processing file /home/ubuntu/.local/lib/python3.10/site-packages/airflow/example_dags/tutorial_taskflow_api.py for tasks to queue
[2024-02-01T22:50:45.044+0100] {logging_mixin.py:188} INFO - [2024-02-01T22:50:45.042+0100] {dagbag.py:538} INFO - Filling up the DagBag from /home/ubuntu/.local/lib/python3.10/site-packages/airflow/example_dags/tutorial_taskflow_api.py
[2024-02-01T22:50:45.107+0100] {processor.py:840} INFO - DAG(s) 'tutorial_taskflow_api' retrieved from /home/ubuntu/.local/lib/python3.10/site-packages/airflow/example_dags/tutorial_taskflow_api.py
[2024-02-01T22:50:45.138+0100] {logging_mixin.py:188} INFO - [2024-02-01T22:50:45.138+0100] {dag.py:3033} INFO - Sync 1 DAGs
[2024-02-01T22:50:45.196+0100] {logging_mixin.py:188} INFO - [2024-02-01T22:50:45.189+0100] {dag.py:3820} INFO - Setting next_dagrun for tutorial_taskflow_api to None, run_after=None
[2024-02-01T22:50:45.321+0100] {processor.py:183} INFO - Processing /home/ubuntu/.local/lib/python3.10/site-packages/airflow/example_dags/tutorial_taskflow_api.py took 0.301 seconds
[2024-02-01T22:51:33.484+0100] {processor.py:161} INFO - Started process (PID=14746) to work on /home/ubuntu/.local/lib/python3.10/site-packages/airflow/example_dags/tutorial_taskflow_api.py
[2024-02-01T22:51:33.487+0100] {processor.py:830} INFO - Processing file /home/ubuntu/.local/lib/python3.10/site-packages/airflow/example_dags/tutorial_taskflow_api.py for tasks to queue
[2024-02-01T22:51:33.491+0100] {logging_mixin.py:188} INFO - [2024-02-01T22:51:33.490+0100] {dagbag.py:538} INFO - Filling up the DagBag from /home/ubuntu/.local/lib/python3.10/site-packages/airflow/example_dags/tutorial_taskflow_api.py
[2024-02-01T22:51:33.505+0100] {processor.py:840} INFO - DAG(s) 'tutorial_taskflow_api' retrieved from /home/ubuntu/.local/lib/python3.10/site-packages/airflow/example_dags/tutorial_taskflow_api.py
[2024-02-01T22:51:33.533+0100] {logging_mixin.py:188} INFO - [2024-02-01T22:51:33.532+0100] {dag.py:3033} INFO - Sync 1 DAGs
[2024-02-01T22:51:33.551+0100] {logging_mixin.py:188} INFO - [2024-02-01T22:51:33.550+0100] {dag.py:3820} INFO - Setting next_dagrun for tutorial_taskflow_api to None, run_after=None
[2024-02-01T22:51:33.614+0100] {processor.py:183} INFO - Processing /home/ubuntu/.local/lib/python3.10/site-packages/airflow/example_dags/tutorial_taskflow_api.py took 0.135 seconds
[2024-02-01T22:52:19.380+0100] {processor.py:161} INFO - Started process (PID=14807) to work on /home/ubuntu/.local/lib/python3.10/site-packages/airflow/example_dags/tutorial_taskflow_api.py
[2024-02-01T22:52:19.385+0100] {processor.py:830} INFO - Processing file /home/ubuntu/.local/lib/python3.10/site-packages/airflow/example_dags/tutorial_taskflow_api.py for tasks to queue
[2024-02-01T22:52:19.388+0100] {logging_mixin.py:188} INFO - [2024-02-01T22:52:19.387+0100] {dagbag.py:538} INFO - Filling up the DagBag from /home/ubuntu/.local/lib/python3.10/site-packages/airflow/example_dags/tutorial_taskflow_api.py
[2024-02-01T22:52:19.436+0100] {processor.py:840} INFO - DAG(s) 'tutorial_taskflow_api' retrieved from /home/ubuntu/.local/lib/python3.10/site-packages/airflow/example_dags/tutorial_taskflow_api.py
[2024-02-01T22:52:19.527+0100] {logging_mixin.py:188} INFO - [2024-02-01T22:52:19.526+0100] {dag.py:3033} INFO - Sync 1 DAGs
[2024-02-01T22:52:19.621+0100] {logging_mixin.py:188} INFO - [2024-02-01T22:52:19.621+0100] {dag.py:3820} INFO - Setting next_dagrun for tutorial_taskflow_api to None, run_after=None
[2024-02-01T22:52:19.793+0100] {processor.py:183} INFO - Processing /home/ubuntu/.local/lib/python3.10/site-packages/airflow/example_dags/tutorial_taskflow_api.py took 0.423 seconds
[2024-02-01T22:55:01.602+0100] {processor.py:161} INFO - Started process (PID=14947) to work on /home/ubuntu/.local/lib/python3.10/site-packages/airflow/example_dags/tutorial_taskflow_api.py
[2024-02-01T22:55:01.608+0100] {processor.py:830} INFO - Processing file /home/ubuntu/.local/lib/python3.10/site-packages/airflow/example_dags/tutorial_taskflow_api.py for tasks to queue
[2024-02-01T22:55:01.614+0100] {logging_mixin.py:188} INFO - [2024-02-01T22:55:01.610+0100] {dagbag.py:538} INFO - Filling up the DagBag from /home/ubuntu/.local/lib/python3.10/site-packages/airflow/example_dags/tutorial_taskflow_api.py
[2024-02-01T22:55:01.642+0100] {processor.py:840} INFO - DAG(s) 'tutorial_taskflow_api' retrieved from /home/ubuntu/.local/lib/python3.10/site-packages/airflow/example_dags/tutorial_taskflow_api.py
[2024-02-01T22:55:01.715+0100] {logging_mixin.py:188} INFO - [2024-02-01T22:55:01.715+0100] {dag.py:3033} INFO - Sync 1 DAGs
[2024-02-01T22:55:01.811+0100] {logging_mixin.py:188} INFO - [2024-02-01T22:55:01.810+0100] {dag.py:3820} INFO - Setting next_dagrun for tutorial_taskflow_api to None, run_after=None
[2024-02-01T22:55:01.966+0100] {processor.py:183} INFO - Processing /home/ubuntu/.local/lib/python3.10/site-packages/airflow/example_dags/tutorial_taskflow_api.py took 0.370 seconds
[2024-02-01T22:56:23.754+0100] {processor.py:161} INFO - Started process (PID=15008) to work on /home/ubuntu/.local/lib/python3.10/site-packages/airflow/example_dags/tutorial_taskflow_api.py
[2024-02-01T22:56:23.769+0100] {processor.py:830} INFO - Processing file /home/ubuntu/.local/lib/python3.10/site-packages/airflow/example_dags/tutorial_taskflow_api.py for tasks to queue
[2024-02-01T22:56:23.772+0100] {logging_mixin.py:188} INFO - [2024-02-01T22:56:23.771+0100] {dagbag.py:538} INFO - Filling up the DagBag from /home/ubuntu/.local/lib/python3.10/site-packages/airflow/example_dags/tutorial_taskflow_api.py
[2024-02-01T22:56:23.786+0100] {processor.py:840} INFO - DAG(s) 'tutorial_taskflow_api' retrieved from /home/ubuntu/.local/lib/python3.10/site-packages/airflow/example_dags/tutorial_taskflow_api.py
[2024-02-01T22:56:23.852+0100] {logging_mixin.py:188} INFO - [2024-02-01T22:56:23.852+0100] {dag.py:3033} INFO - Sync 1 DAGs
[2024-02-01T22:56:23.882+0100] {logging_mixin.py:188} INFO - [2024-02-01T22:56:23.881+0100] {dag.py:3820} INFO - Setting next_dagrun for tutorial_taskflow_api to None, run_after=None
[2024-02-01T22:56:23.951+0100] {processor.py:183} INFO - Processing /home/ubuntu/.local/lib/python3.10/site-packages/airflow/example_dags/tutorial_taskflow_api.py took 0.203 seconds
[2024-02-01T22:57:14.709+0100] {processor.py:161} INFO - Started process (PID=15052) to work on /home/ubuntu/.local/lib/python3.10/site-packages/airflow/example_dags/tutorial_taskflow_api.py
[2024-02-01T22:57:14.714+0100] {processor.py:830} INFO - Processing file /home/ubuntu/.local/lib/python3.10/site-packages/airflow/example_dags/tutorial_taskflow_api.py for tasks to queue
[2024-02-01T22:57:14.719+0100] {logging_mixin.py:188} INFO - [2024-02-01T22:57:14.718+0100] {dagbag.py:538} INFO - Filling up the DagBag from /home/ubuntu/.local/lib/python3.10/site-packages/airflow/example_dags/tutorial_taskflow_api.py
[2024-02-01T22:57:14.737+0100] {processor.py:840} INFO - DAG(s) 'tutorial_taskflow_api' retrieved from /home/ubuntu/.local/lib/python3.10/site-packages/airflow/example_dags/tutorial_taskflow_api.py
[2024-02-01T22:57:14.770+0100] {logging_mixin.py:188} INFO - [2024-02-01T22:57:14.770+0100] {dag.py:3033} INFO - Sync 1 DAGs
[2024-02-01T22:57:14.813+0100] {logging_mixin.py:188} INFO - [2024-02-01T22:57:14.812+0100] {dag.py:3820} INFO - Setting next_dagrun for tutorial_taskflow_api to None, run_after=None
[2024-02-01T22:57:14.923+0100] {processor.py:183} INFO - Processing /home/ubuntu/.local/lib/python3.10/site-packages/airflow/example_dags/tutorial_taskflow_api.py took 0.220 seconds
[2024-02-01T22:58:01.903+0100] {processor.py:161} INFO - Started process (PID=15082) to work on /home/ubuntu/.local/lib/python3.10/site-packages/airflow/example_dags/tutorial_taskflow_api.py
[2024-02-01T22:58:01.907+0100] {processor.py:830} INFO - Processing file /home/ubuntu/.local/lib/python3.10/site-packages/airflow/example_dags/tutorial_taskflow_api.py for tasks to queue
[2024-02-01T22:58:01.910+0100] {logging_mixin.py:188} INFO - [2024-02-01T22:58:01.908+0100] {dagbag.py:538} INFO - Filling up the DagBag from /home/ubuntu/.local/lib/python3.10/site-packages/airflow/example_dags/tutorial_taskflow_api.py
[2024-02-01T22:58:01.943+0100] {processor.py:840} INFO - DAG(s) 'tutorial_taskflow_api' retrieved from /home/ubuntu/.local/lib/python3.10/site-packages/airflow/example_dags/tutorial_taskflow_api.py
[2024-02-01T22:58:02.001+0100] {logging_mixin.py:188} INFO - [2024-02-01T22:58:02.000+0100] {dag.py:3033} INFO - Sync 1 DAGs
[2024-02-01T22:58:02.056+0100] {logging_mixin.py:188} INFO - [2024-02-01T22:58:02.055+0100] {dag.py:3820} INFO - Setting next_dagrun for tutorial_taskflow_api to None, run_after=None
[2024-02-01T22:58:02.163+0100] {processor.py:183} INFO - Processing /home/ubuntu/.local/lib/python3.10/site-packages/airflow/example_dags/tutorial_taskflow_api.py took 0.269 seconds
[2024-02-01T22:58:45.554+0100] {processor.py:161} INFO - Started process (PID=15142) to work on /home/ubuntu/.local/lib/python3.10/site-packages/airflow/example_dags/tutorial_taskflow_api.py
[2024-02-01T22:58:45.558+0100] {processor.py:830} INFO - Processing file /home/ubuntu/.local/lib/python3.10/site-packages/airflow/example_dags/tutorial_taskflow_api.py for tasks to queue
[2024-02-01T22:58:45.558+0100] {logging_mixin.py:188} INFO - [2024-02-01T22:58:45.558+0100] {dagbag.py:538} INFO - Filling up the DagBag from /home/ubuntu/.local/lib/python3.10/site-packages/airflow/example_dags/tutorial_taskflow_api.py
[2024-02-01T22:58:45.581+0100] {processor.py:840} INFO - DAG(s) 'tutorial_taskflow_api' retrieved from /home/ubuntu/.local/lib/python3.10/site-packages/airflow/example_dags/tutorial_taskflow_api.py
[2024-02-01T22:58:45.633+0100] {logging_mixin.py:188} INFO - [2024-02-01T22:58:45.632+0100] {dag.py:3033} INFO - Sync 1 DAGs
[2024-02-01T22:58:45.662+0100] {logging_mixin.py:188} INFO - [2024-02-01T22:58:45.661+0100] {dag.py:3820} INFO - Setting next_dagrun for tutorial_taskflow_api to None, run_after=None
[2024-02-01T22:58:45.716+0100] {processor.py:183} INFO - Processing /home/ubuntu/.local/lib/python3.10/site-packages/airflow/example_dags/tutorial_taskflow_api.py took 0.170 seconds
[2024-02-01T23:00:27.251+0100] {processor.py:161} INFO - Started process (PID=15319) to work on /home/ubuntu/.local/lib/python3.10/site-packages/airflow/example_dags/tutorial_taskflow_api.py
[2024-02-01T23:00:27.268+0100] {processor.py:830} INFO - Processing file /home/ubuntu/.local/lib/python3.10/site-packages/airflow/example_dags/tutorial_taskflow_api.py for tasks to queue
[2024-02-01T23:00:27.270+0100] {logging_mixin.py:188} INFO - [2024-02-01T23:00:27.270+0100] {dagbag.py:538} INFO - Filling up the DagBag from /home/ubuntu/.local/lib/python3.10/site-packages/airflow/example_dags/tutorial_taskflow_api.py
[2024-02-01T23:00:27.278+0100] {processor.py:840} INFO - DAG(s) 'tutorial_taskflow_api' retrieved from /home/ubuntu/.local/lib/python3.10/site-packages/airflow/example_dags/tutorial_taskflow_api.py
[2024-02-01T23:00:27.298+0100] {logging_mixin.py:188} INFO - [2024-02-01T23:00:27.298+0100] {dag.py:3033} INFO - Sync 1 DAGs
[2024-02-01T23:00:27.311+0100] {logging_mixin.py:188} INFO - [2024-02-01T23:00:27.310+0100] {dag.py:3820} INFO - Setting next_dagrun for tutorial_taskflow_api to None, run_after=None
[2024-02-01T23:00:27.348+0100] {processor.py:183} INFO - Processing /home/ubuntu/.local/lib/python3.10/site-packages/airflow/example_dags/tutorial_taskflow_api.py took 0.100 seconds
[2024-02-01T23:01:26.586+0100] {processor.py:161} INFO - Started process (PID=15412) to work on /home/ubuntu/.local/lib/python3.10/site-packages/airflow/example_dags/tutorial_taskflow_api.py
[2024-02-01T23:01:26.614+0100] {processor.py:830} INFO - Processing file /home/ubuntu/.local/lib/python3.10/site-packages/airflow/example_dags/tutorial_taskflow_api.py for tasks to queue
[2024-02-01T23:01:26.614+0100] {logging_mixin.py:188} INFO - [2024-02-01T23:01:26.614+0100] {dagbag.py:538} INFO - Filling up the DagBag from /home/ubuntu/.local/lib/python3.10/site-packages/airflow/example_dags/tutorial_taskflow_api.py
[2024-02-01T23:01:26.638+0100] {processor.py:840} INFO - DAG(s) 'tutorial_taskflow_api' retrieved from /home/ubuntu/.local/lib/python3.10/site-packages/airflow/example_dags/tutorial_taskflow_api.py
[2024-02-01T23:01:26.638+0100] {logging_mixin.py:188} INFO - [2024-02-01T23:01:26.638+0100] {dag.py:3033} INFO - Sync 1 DAGs
[2024-02-01T23:01:26.690+0100] {logging_mixin.py:188} INFO - [2024-02-01T23:01:26.690+0100] {dag.py:3820} INFO - Setting next_dagrun for tutorial_taskflow_api to None, run_after=None
[2024-02-01T23:01:26.774+0100] {processor.py:183} INFO - Processing /home/ubuntu/.local/lib/python3.10/site-packages/airflow/example_dags/tutorial_taskflow_api.py took 0.208 seconds
[2024-02-01T23:02:06.850+0100] {processor.py:161} INFO - Started process (PID=15472) to work on /home/ubuntu/.local/lib/python3.10/site-packages/airflow/example_dags/tutorial_taskflow_api.py
[2024-02-01T23:02:06.850+0100] {processor.py:830} INFO - Processing file /home/ubuntu/.local/lib/python3.10/site-packages/airflow/example_dags/tutorial_taskflow_api.py for tasks to queue
[2024-02-01T23:02:06.850+0100] {logging_mixin.py:188} INFO - [2024-02-01T23:02:06.850+0100] {dagbag.py:538} INFO - Filling up the DagBag from /home/ubuntu/.local/lib/python3.10/site-packages/airflow/example_dags/tutorial_taskflow_api.py
[2024-02-01T23:02:06.906+0100] {processor.py:840} INFO - DAG(s) 'tutorial_taskflow_api' retrieved from /home/ubuntu/.local/lib/python3.10/site-packages/airflow/example_dags/tutorial_taskflow_api.py
[2024-02-01T23:02:06.930+0100] {logging_mixin.py:188} INFO - [2024-02-01T23:02:06.930+0100] {dag.py:3033} INFO - Sync 1 DAGs
[2024-02-01T23:02:06.998+0100] {logging_mixin.py:188} INFO - [2024-02-01T23:02:06.998+0100] {dag.py:3820} INFO - Setting next_dagrun for tutorial_taskflow_api to None, run_after=None
[2024-02-01T23:02:07.094+0100] {processor.py:183} INFO - Processing /home/ubuntu/.local/lib/python3.10/site-packages/airflow/example_dags/tutorial_taskflow_api.py took 0.260 seconds
[2024-02-01T23:03:16.160+0100] {processor.py:161} INFO - Started process (PID=15534) to work on /home/ubuntu/.local/lib/python3.10/site-packages/airflow/example_dags/tutorial_taskflow_api.py
[2024-02-01T23:03:16.163+0100] {processor.py:830} INFO - Processing file /home/ubuntu/.local/lib/python3.10/site-packages/airflow/example_dags/tutorial_taskflow_api.py for tasks to queue
[2024-02-01T23:03:16.166+0100] {logging_mixin.py:188} INFO - [2024-02-01T23:03:16.165+0100] {dagbag.py:538} INFO - Filling up the DagBag from /home/ubuntu/.local/lib/python3.10/site-packages/airflow/example_dags/tutorial_taskflow_api.py
[2024-02-01T23:03:16.180+0100] {processor.py:840} INFO - DAG(s) 'tutorial_taskflow_api' retrieved from /home/ubuntu/.local/lib/python3.10/site-packages/airflow/example_dags/tutorial_taskflow_api.py
[2024-02-01T23:03:16.214+0100] {logging_mixin.py:188} INFO - [2024-02-01T23:03:16.213+0100] {dag.py:3033} INFO - Sync 1 DAGs
[2024-02-01T23:03:16.255+0100] {logging_mixin.py:188} INFO - [2024-02-01T23:03:16.254+0100] {dag.py:3820} INFO - Setting next_dagrun for tutorial_taskflow_api to None, run_after=None
[2024-02-01T23:03:16.314+0100] {processor.py:183} INFO - Processing /home/ubuntu/.local/lib/python3.10/site-packages/airflow/example_dags/tutorial_taskflow_api.py took 0.160 seconds
[2024-02-01T23:03:57.973+0100] {processor.py:161} INFO - Started process (PID=15568) to work on /home/ubuntu/.local/lib/python3.10/site-packages/airflow/example_dags/tutorial_taskflow_api.py
[2024-02-01T23:03:57.981+0100] {processor.py:830} INFO - Processing file /home/ubuntu/.local/lib/python3.10/site-packages/airflow/example_dags/tutorial_taskflow_api.py for tasks to queue
[2024-02-01T23:03:57.997+0100] {logging_mixin.py:188} INFO - [2024-02-01T23:03:57.997+0100] {dagbag.py:538} INFO - Filling up the DagBag from /home/ubuntu/.local/lib/python3.10/site-packages/airflow/example_dags/tutorial_taskflow_api.py
[2024-02-01T23:03:58.009+0100] {processor.py:840} INFO - DAG(s) 'tutorial_taskflow_api' retrieved from /home/ubuntu/.local/lib/python3.10/site-packages/airflow/example_dags/tutorial_taskflow_api.py
[2024-02-01T23:03:58.083+0100] {logging_mixin.py:188} INFO - [2024-02-01T23:03:58.083+0100] {dag.py:3033} INFO - Sync 1 DAGs
[2024-02-01T23:03:58.106+0100] {logging_mixin.py:188} INFO - [2024-02-01T23:03:58.106+0100] {dag.py:3820} INFO - Setting next_dagrun for tutorial_taskflow_api to None, run_after=None
[2024-02-01T23:03:58.466+0100] {processor.py:183} INFO - Processing /home/ubuntu/.local/lib/python3.10/site-packages/airflow/example_dags/tutorial_taskflow_api.py took 0.497 seconds
[2024-02-01T23:04:39.106+0100] {processor.py:161} INFO - Started process (PID=15601) to work on /home/ubuntu/.local/lib/python3.10/site-packages/airflow/example_dags/tutorial_taskflow_api.py
[2024-02-01T23:04:39.109+0100] {processor.py:830} INFO - Processing file /home/ubuntu/.local/lib/python3.10/site-packages/airflow/example_dags/tutorial_taskflow_api.py for tasks to queue
[2024-02-01T23:04:39.111+0100] {logging_mixin.py:188} INFO - [2024-02-01T23:04:39.110+0100] {dagbag.py:538} INFO - Filling up the DagBag from /home/ubuntu/.local/lib/python3.10/site-packages/airflow/example_dags/tutorial_taskflow_api.py
[2024-02-01T23:04:39.140+0100] {processor.py:840} INFO - DAG(s) 'tutorial_taskflow_api' retrieved from /home/ubuntu/.local/lib/python3.10/site-packages/airflow/example_dags/tutorial_taskflow_api.py
[2024-02-01T23:04:39.173+0100] {logging_mixin.py:188} INFO - [2024-02-01T23:04:39.173+0100] {dag.py:3033} INFO - Sync 1 DAGs
[2024-02-01T23:04:39.199+0100] {logging_mixin.py:188} INFO - [2024-02-01T23:04:39.198+0100] {dag.py:3820} INFO - Setting next_dagrun for tutorial_taskflow_api to None, run_after=None
[2024-02-01T23:04:39.282+0100] {processor.py:183} INFO - Processing /home/ubuntu/.local/lib/python3.10/site-packages/airflow/example_dags/tutorial_taskflow_api.py took 0.183 seconds
[2024-02-01T23:05:51.952+0100] {processor.py:161} INFO - Started process (PID=15664) to work on /home/ubuntu/.local/lib/python3.10/site-packages/airflow/example_dags/tutorial_taskflow_api.py
[2024-02-01T23:05:51.982+0100] {processor.py:830} INFO - Processing file /home/ubuntu/.local/lib/python3.10/site-packages/airflow/example_dags/tutorial_taskflow_api.py for tasks to queue
[2024-02-01T23:05:51.984+0100] {logging_mixin.py:188} INFO - [2024-02-01T23:05:51.983+0100] {dagbag.py:538} INFO - Filling up the DagBag from /home/ubuntu/.local/lib/python3.10/site-packages/airflow/example_dags/tutorial_taskflow_api.py
[2024-02-01T23:05:51.996+0100] {processor.py:840} INFO - DAG(s) 'tutorial_taskflow_api' retrieved from /home/ubuntu/.local/lib/python3.10/site-packages/airflow/example_dags/tutorial_taskflow_api.py
[2024-02-01T23:05:52.041+0100] {logging_mixin.py:188} INFO - [2024-02-01T23:05:52.041+0100] {dag.py:3033} INFO - Sync 1 DAGs
[2024-02-01T23:05:52.067+0100] {logging_mixin.py:188} INFO - [2024-02-01T23:05:52.067+0100] {dag.py:3820} INFO - Setting next_dagrun for tutorial_taskflow_api to None, run_after=None
[2024-02-01T23:05:52.396+0100] {processor.py:183} INFO - Processing /home/ubuntu/.local/lib/python3.10/site-packages/airflow/example_dags/tutorial_taskflow_api.py took 0.461 seconds
[2024-02-01T23:06:33.329+0100] {processor.py:161} INFO - Started process (PID=15700) to work on /home/ubuntu/.local/lib/python3.10/site-packages/airflow/example_dags/tutorial_taskflow_api.py
[2024-02-01T23:06:33.329+0100] {processor.py:830} INFO - Processing file /home/ubuntu/.local/lib/python3.10/site-packages/airflow/example_dags/tutorial_taskflow_api.py for tasks to queue
[2024-02-01T23:06:33.329+0100] {logging_mixin.py:188} INFO - [2024-02-01T23:06:33.329+0100] {dagbag.py:538} INFO - Filling up the DagBag from /home/ubuntu/.local/lib/python3.10/site-packages/airflow/example_dags/tutorial_taskflow_api.py
[2024-02-01T23:06:33.341+0100] {processor.py:840} INFO - DAG(s) 'tutorial_taskflow_api' retrieved from /home/ubuntu/.local/lib/python3.10/site-packages/airflow/example_dags/tutorial_taskflow_api.py
[2024-02-01T23:06:33.365+0100] {logging_mixin.py:188} INFO - [2024-02-01T23:06:33.365+0100] {dag.py:3033} INFO - Sync 1 DAGs
[2024-02-01T23:06:33.393+0100] {logging_mixin.py:188} INFO - [2024-02-01T23:06:33.393+0100] {dag.py:3820} INFO - Setting next_dagrun for tutorial_taskflow_api to None, run_after=None
[2024-02-01T23:06:33.489+0100] {processor.py:183} INFO - Processing /home/ubuntu/.local/lib/python3.10/site-packages/airflow/example_dags/tutorial_taskflow_api.py took 0.192 seconds
[2024-02-01T23:07:50.305+0100] {processor.py:161} INFO - Started process (PID=15768) to work on /home/ubuntu/.local/lib/python3.10/site-packages/airflow/example_dags/tutorial_taskflow_api.py
[2024-02-01T23:07:50.309+0100] {processor.py:830} INFO - Processing file /home/ubuntu/.local/lib/python3.10/site-packages/airflow/example_dags/tutorial_taskflow_api.py for tasks to queue
[2024-02-01T23:07:50.315+0100] {logging_mixin.py:188} INFO - [2024-02-01T23:07:50.311+0100] {dagbag.py:538} INFO - Filling up the DagBag from /home/ubuntu/.local/lib/python3.10/site-packages/airflow/example_dags/tutorial_taskflow_api.py
[2024-02-01T23:07:50.366+0100] {processor.py:840} INFO - DAG(s) 'tutorial_taskflow_api' retrieved from /home/ubuntu/.local/lib/python3.10/site-packages/airflow/example_dags/tutorial_taskflow_api.py
[2024-02-01T23:07:50.429+0100] {logging_mixin.py:188} INFO - [2024-02-01T23:07:50.429+0100] {dag.py:3033} INFO - Sync 1 DAGs
[2024-02-01T23:07:50.460+0100] {logging_mixin.py:188} INFO - [2024-02-01T23:07:50.459+0100] {dag.py:3820} INFO - Setting next_dagrun for tutorial_taskflow_api to None, run_after=None
[2024-02-01T23:07:50.849+0100] {processor.py:183} INFO - Processing /home/ubuntu/.local/lib/python3.10/site-packages/airflow/example_dags/tutorial_taskflow_api.py took 0.557 seconds
[2024-02-01T23:08:35.184+0100] {processor.py:161} INFO - Started process (PID=15813) to work on /home/ubuntu/.local/lib/python3.10/site-packages/airflow/example_dags/tutorial_taskflow_api.py
[2024-02-01T23:08:35.184+0100] {processor.py:830} INFO - Processing file /home/ubuntu/.local/lib/python3.10/site-packages/airflow/example_dags/tutorial_taskflow_api.py for tasks to queue
[2024-02-01T23:08:35.188+0100] {logging_mixin.py:188} INFO - [2024-02-01T23:08:35.188+0100] {dagbag.py:538} INFO - Filling up the DagBag from /home/ubuntu/.local/lib/python3.10/site-packages/airflow/example_dags/tutorial_taskflow_api.py
[2024-02-01T23:08:35.438+0100] {processor.py:840} INFO - DAG(s) 'tutorial_taskflow_api' retrieved from /home/ubuntu/.local/lib/python3.10/site-packages/airflow/example_dags/tutorial_taskflow_api.py
[2024-02-01T23:08:35.459+0100] {logging_mixin.py:188} INFO - [2024-02-01T23:08:35.459+0100] {dag.py:3033} INFO - Sync 1 DAGs
[2024-02-01T23:08:35.482+0100] {logging_mixin.py:188} INFO - [2024-02-01T23:08:35.481+0100] {dag.py:3820} INFO - Setting next_dagrun for tutorial_taskflow_api to None, run_after=None
[2024-02-01T23:08:35.530+0100] {processor.py:183} INFO - Processing /home/ubuntu/.local/lib/python3.10/site-packages/airflow/example_dags/tutorial_taskflow_api.py took 0.354 seconds
[2024-02-01T23:09:17.954+0100] {processor.py:161} INFO - Started process (PID=15886) to work on /home/ubuntu/.local/lib/python3.10/site-packages/airflow/example_dags/tutorial_taskflow_api.py
[2024-02-01T23:09:17.956+0100] {processor.py:830} INFO - Processing file /home/ubuntu/.local/lib/python3.10/site-packages/airflow/example_dags/tutorial_taskflow_api.py for tasks to queue
[2024-02-01T23:09:17.959+0100] {logging_mixin.py:188} INFO - [2024-02-01T23:09:17.959+0100] {dagbag.py:538} INFO - Filling up the DagBag from /home/ubuntu/.local/lib/python3.10/site-packages/airflow/example_dags/tutorial_taskflow_api.py
[2024-02-01T23:09:17.972+0100] {processor.py:840} INFO - DAG(s) 'tutorial_taskflow_api' retrieved from /home/ubuntu/.local/lib/python3.10/site-packages/airflow/example_dags/tutorial_taskflow_api.py
[2024-02-01T23:09:17.992+0100] {logging_mixin.py:188} INFO - [2024-02-01T23:09:17.992+0100] {dag.py:3033} INFO - Sync 1 DAGs
[2024-02-01T23:09:18.010+0100] {logging_mixin.py:188} INFO - [2024-02-01T23:09:18.009+0100] {dag.py:3820} INFO - Setting next_dagrun for tutorial_taskflow_api to None, run_after=None
[2024-02-01T23:09:18.056+0100] {processor.py:183} INFO - Processing /home/ubuntu/.local/lib/python3.10/site-packages/airflow/example_dags/tutorial_taskflow_api.py took 0.109 seconds
[2024-02-01T23:10:16.440+0100] {processor.py:161} INFO - Started process (PID=15977) to work on /home/ubuntu/.local/lib/python3.10/site-packages/airflow/example_dags/tutorial_taskflow_api.py
[2024-02-01T23:10:16.440+0100] {processor.py:830} INFO - Processing file /home/ubuntu/.local/lib/python3.10/site-packages/airflow/example_dags/tutorial_taskflow_api.py for tasks to queue
[2024-02-01T23:10:16.440+0100] {logging_mixin.py:188} INFO - [2024-02-01T23:10:16.440+0100] {dagbag.py:538} INFO - Filling up the DagBag from /home/ubuntu/.local/lib/python3.10/site-packages/airflow/example_dags/tutorial_taskflow_api.py
[2024-02-01T23:10:16.460+0100] {processor.py:840} INFO - DAG(s) 'tutorial_taskflow_api' retrieved from /home/ubuntu/.local/lib/python3.10/site-packages/airflow/example_dags/tutorial_taskflow_api.py
[2024-02-01T23:10:16.488+0100] {logging_mixin.py:188} INFO - [2024-02-01T23:10:16.488+0100] {dag.py:3033} INFO - Sync 1 DAGs
[2024-02-01T23:10:16.512+0100] {logging_mixin.py:188} INFO - [2024-02-01T23:10:16.512+0100] {dag.py:3820} INFO - Setting next_dagrun for tutorial_taskflow_api to None, run_after=None
[2024-02-01T23:10:16.560+0100] {processor.py:183} INFO - Processing /home/ubuntu/.local/lib/python3.10/site-packages/airflow/example_dags/tutorial_taskflow_api.py took 0.148 seconds
[2024-02-01T23:11:09.558+0100] {processor.py:161} INFO - Started process (PID=16060) to work on /home/ubuntu/.local/lib/python3.10/site-packages/airflow/example_dags/tutorial_taskflow_api.py
[2024-02-01T23:11:09.561+0100] {processor.py:830} INFO - Processing file /home/ubuntu/.local/lib/python3.10/site-packages/airflow/example_dags/tutorial_taskflow_api.py for tasks to queue
[2024-02-01T23:11:09.562+0100] {logging_mixin.py:188} INFO - [2024-02-01T23:11:09.562+0100] {dagbag.py:538} INFO - Filling up the DagBag from /home/ubuntu/.local/lib/python3.10/site-packages/airflow/example_dags/tutorial_taskflow_api.py
[2024-02-01T23:11:09.576+0100] {processor.py:840} INFO - DAG(s) 'tutorial_taskflow_api' retrieved from /home/ubuntu/.local/lib/python3.10/site-packages/airflow/example_dags/tutorial_taskflow_api.py
[2024-02-01T23:11:09.605+0100] {logging_mixin.py:188} INFO - [2024-02-01T23:11:09.605+0100] {dag.py:3033} INFO - Sync 1 DAGs
[2024-02-01T23:11:09.621+0100] {logging_mixin.py:188} INFO - [2024-02-01T23:11:09.621+0100] {dag.py:3820} INFO - Setting next_dagrun for tutorial_taskflow_api to None, run_after=None
[2024-02-01T23:11:09.725+0100] {processor.py:183} INFO - Processing /home/ubuntu/.local/lib/python3.10/site-packages/airflow/example_dags/tutorial_taskflow_api.py took 0.174 seconds
[2024-02-01T23:12:09.403+0100] {processor.py:161} INFO - Started process (PID=16159) to work on /home/ubuntu/.local/lib/python3.10/site-packages/airflow/example_dags/tutorial_taskflow_api.py
[2024-02-01T23:12:09.406+0100] {processor.py:830} INFO - Processing file /home/ubuntu/.local/lib/python3.10/site-packages/airflow/example_dags/tutorial_taskflow_api.py for tasks to queue
[2024-02-01T23:12:09.408+0100] {logging_mixin.py:188} INFO - [2024-02-01T23:12:09.407+0100] {dagbag.py:538} INFO - Filling up the DagBag from /home/ubuntu/.local/lib/python3.10/site-packages/airflow/example_dags/tutorial_taskflow_api.py
[2024-02-01T23:12:09.419+0100] {processor.py:840} INFO - DAG(s) 'tutorial_taskflow_api' retrieved from /home/ubuntu/.local/lib/python3.10/site-packages/airflow/example_dags/tutorial_taskflow_api.py
[2024-02-01T23:12:09.442+0100] {logging_mixin.py:188} INFO - [2024-02-01T23:12:09.442+0100] {dag.py:3033} INFO - Sync 1 DAGs
[2024-02-01T23:12:09.485+0100] {logging_mixin.py:188} INFO - [2024-02-01T23:12:09.484+0100] {dag.py:3820} INFO - Setting next_dagrun for tutorial_taskflow_api to None, run_after=None
[2024-02-01T23:12:09.526+0100] {processor.py:183} INFO - Processing /home/ubuntu/.local/lib/python3.10/site-packages/airflow/example_dags/tutorial_taskflow_api.py took 0.128 seconds
[2024-02-01T23:13:05.630+0100] {processor.py:161} INFO - Started process (PID=16253) to work on /home/ubuntu/.local/lib/python3.10/site-packages/airflow/example_dags/tutorial_taskflow_api.py
[2024-02-01T23:13:05.634+0100] {processor.py:830} INFO - Processing file /home/ubuntu/.local/lib/python3.10/site-packages/airflow/example_dags/tutorial_taskflow_api.py for tasks to queue
[2024-02-01T23:13:05.636+0100] {logging_mixin.py:188} INFO - [2024-02-01T23:13:05.635+0100] {dagbag.py:538} INFO - Filling up the DagBag from /home/ubuntu/.local/lib/python3.10/site-packages/airflow/example_dags/tutorial_taskflow_api.py
[2024-02-01T23:13:05.644+0100] {processor.py:840} INFO - DAG(s) 'tutorial_taskflow_api' retrieved from /home/ubuntu/.local/lib/python3.10/site-packages/airflow/example_dags/tutorial_taskflow_api.py
[2024-02-01T23:13:05.663+0100] {logging_mixin.py:188} INFO - [2024-02-01T23:13:05.663+0100] {dag.py:3033} INFO - Sync 1 DAGs
[2024-02-01T23:13:05.680+0100] {logging_mixin.py:188} INFO - [2024-02-01T23:13:05.680+0100] {dag.py:3820} INFO - Setting next_dagrun for tutorial_taskflow_api to None, run_after=None
[2024-02-01T23:13:05.725+0100] {processor.py:183} INFO - Processing /home/ubuntu/.local/lib/python3.10/site-packages/airflow/example_dags/tutorial_taskflow_api.py took 0.099 seconds
[2024-02-01T23:13:58.908+0100] {processor.py:161} INFO - Started process (PID=16347) to work on /home/ubuntu/.local/lib/python3.10/site-packages/airflow/example_dags/tutorial_taskflow_api.py
[2024-02-01T23:13:58.912+0100] {processor.py:830} INFO - Processing file /home/ubuntu/.local/lib/python3.10/site-packages/airflow/example_dags/tutorial_taskflow_api.py for tasks to queue
[2024-02-01T23:13:58.912+0100] {logging_mixin.py:188} INFO - [2024-02-01T23:13:58.912+0100] {dagbag.py:538} INFO - Filling up the DagBag from /home/ubuntu/.local/lib/python3.10/site-packages/airflow/example_dags/tutorial_taskflow_api.py
[2024-02-01T23:13:58.924+0100] {processor.py:840} INFO - DAG(s) 'tutorial_taskflow_api' retrieved from /home/ubuntu/.local/lib/python3.10/site-packages/airflow/example_dags/tutorial_taskflow_api.py
[2024-02-01T23:13:58.976+0100] {logging_mixin.py:188} INFO - [2024-02-01T23:13:58.976+0100] {dag.py:3033} INFO - Sync 1 DAGs
[2024-02-01T23:13:59.017+0100] {logging_mixin.py:188} INFO - [2024-02-01T23:13:59.017+0100] {dag.py:3820} INFO - Setting next_dagrun for tutorial_taskflow_api to None, run_after=None
[2024-02-01T23:13:59.080+0100] {processor.py:183} INFO - Processing /home/ubuntu/.local/lib/python3.10/site-packages/airflow/example_dags/tutorial_taskflow_api.py took 0.184 seconds
