[2024-02-01T22:49:01.894+0100] {processor.py:161} INFO - Started process (PID=14576) to work on /home/ubuntu/.local/lib/python3.10/site-packages/airflow/example_dags/tutorial.py
[2024-02-01T22:49:01.896+0100] {processor.py:830} INFO - Processing file /home/ubuntu/.local/lib/python3.10/site-packages/airflow/example_dags/tutorial.py for tasks to queue
[2024-02-01T22:49:01.897+0100] {logging_mixin.py:188} INFO - [2024-02-01T22:49:01.897+0100] {dagbag.py:538} INFO - Filling up the DagBag from /home/ubuntu/.local/lib/python3.10/site-packages/airflow/example_dags/tutorial.py
[2024-02-01T22:49:01.943+0100] {processor.py:840} INFO - DAG(s) 'tutorial' retrieved from /home/ubuntu/.local/lib/python3.10/site-packages/airflow/example_dags/tutorial.py
[2024-02-01T22:49:02.355+0100] {logging_mixin.py:188} INFO - [2024-02-01T22:49:02.354+0100] {dag.py:3033} INFO - Sync 1 DAGs
[2024-02-01T22:49:02.454+0100] {logging_mixin.py:188} INFO - [2024-02-01T22:49:02.453+0100] {dag.py:3820} INFO - Setting next_dagrun for tutorial to 2024-01-31T00:00:00+00:00, run_after=2024-02-01T00:00:00+00:00
[2024-02-01T22:49:02.575+0100] {processor.py:183} INFO - Processing /home/ubuntu/.local/lib/python3.10/site-packages/airflow/example_dags/tutorial.py took 0.714 seconds
[2024-02-01T22:50:37.239+0100] {processor.py:161} INFO - Started process (PID=14658) to work on /home/ubuntu/.local/lib/python3.10/site-packages/airflow/example_dags/tutorial.py
[2024-02-01T22:50:37.251+0100] {processor.py:830} INFO - Processing file /home/ubuntu/.local/lib/python3.10/site-packages/airflow/example_dags/tutorial.py for tasks to queue
[2024-02-01T22:50:37.255+0100] {logging_mixin.py:188} INFO - [2024-02-01T22:50:37.255+0100] {dagbag.py:538} INFO - Filling up the DagBag from /home/ubuntu/.local/lib/python3.10/site-packages/airflow/example_dags/tutorial.py
[2024-02-01T22:50:37.259+0100] {processor.py:840} INFO - DAG(s) 'tutorial' retrieved from /home/ubuntu/.local/lib/python3.10/site-packages/airflow/example_dags/tutorial.py
[2024-02-01T22:50:37.321+0100] {logging_mixin.py:188} INFO - [2024-02-01T22:50:37.320+0100] {dag.py:3033} INFO - Sync 1 DAGs
[2024-02-01T22:50:37.395+0100] {logging_mixin.py:188} INFO - [2024-02-01T22:50:37.394+0100] {dag.py:3820} INFO - Setting next_dagrun for tutorial to 2024-01-31T00:00:00+00:00, run_after=2024-02-01T00:00:00+00:00
[2024-02-01T22:50:37.494+0100] {processor.py:183} INFO - Processing /home/ubuntu/.local/lib/python3.10/site-packages/airflow/example_dags/tutorial.py took 0.263 seconds
[2024-02-01T22:51:26.492+0100] {processor.py:161} INFO - Started process (PID=14733) to work on /home/ubuntu/.local/lib/python3.10/site-packages/airflow/example_dags/tutorial.py
[2024-02-01T22:51:26.495+0100] {processor.py:830} INFO - Processing file /home/ubuntu/.local/lib/python3.10/site-packages/airflow/example_dags/tutorial.py for tasks to queue
[2024-02-01T22:51:26.497+0100] {logging_mixin.py:188} INFO - [2024-02-01T22:51:26.497+0100] {dagbag.py:538} INFO - Filling up the DagBag from /home/ubuntu/.local/lib/python3.10/site-packages/airflow/example_dags/tutorial.py
[2024-02-01T22:51:26.511+0100] {processor.py:840} INFO - DAG(s) 'tutorial' retrieved from /home/ubuntu/.local/lib/python3.10/site-packages/airflow/example_dags/tutorial.py
[2024-02-01T22:51:26.553+0100] {logging_mixin.py:188} INFO - [2024-02-01T22:51:26.553+0100] {dag.py:3033} INFO - Sync 1 DAGs
[2024-02-01T22:51:26.640+0100] {logging_mixin.py:188} INFO - [2024-02-01T22:51:26.640+0100] {dag.py:3820} INFO - Setting next_dagrun for tutorial to 2024-01-31T00:00:00+00:00, run_after=2024-02-01T00:00:00+00:00
[2024-02-01T22:51:26.786+0100] {processor.py:183} INFO - Processing /home/ubuntu/.local/lib/python3.10/site-packages/airflow/example_dags/tutorial.py took 0.301 seconds
[2024-02-01T22:52:11.512+0100] {processor.py:161} INFO - Started process (PID=14802) to work on /home/ubuntu/.local/lib/python3.10/site-packages/airflow/example_dags/tutorial.py
[2024-02-01T22:52:11.520+0100] {processor.py:830} INFO - Processing file /home/ubuntu/.local/lib/python3.10/site-packages/airflow/example_dags/tutorial.py for tasks to queue
[2024-02-01T22:52:11.523+0100] {logging_mixin.py:188} INFO - [2024-02-01T22:52:11.522+0100] {dagbag.py:538} INFO - Filling up the DagBag from /home/ubuntu/.local/lib/python3.10/site-packages/airflow/example_dags/tutorial.py
[2024-02-01T22:52:11.542+0100] {processor.py:840} INFO - DAG(s) 'tutorial' retrieved from /home/ubuntu/.local/lib/python3.10/site-packages/airflow/example_dags/tutorial.py
[2024-02-01T22:52:11.600+0100] {logging_mixin.py:188} INFO - [2024-02-01T22:52:11.600+0100] {dag.py:3033} INFO - Sync 1 DAGs
[2024-02-01T22:52:11.684+0100] {logging_mixin.py:188} INFO - [2024-02-01T22:52:11.684+0100] {dag.py:3820} INFO - Setting next_dagrun for tutorial to 2024-01-31T00:00:00+00:00, run_after=2024-02-01T00:00:00+00:00
[2024-02-01T22:52:11.772+0100] {processor.py:183} INFO - Processing /home/ubuntu/.local/lib/python3.10/site-packages/airflow/example_dags/tutorial.py took 0.267 seconds
[2024-02-01T22:54:53.294+0100] {processor.py:161} INFO - Started process (PID=14942) to work on /home/ubuntu/.local/lib/python3.10/site-packages/airflow/example_dags/tutorial.py
[2024-02-01T22:54:53.305+0100] {processor.py:830} INFO - Processing file /home/ubuntu/.local/lib/python3.10/site-packages/airflow/example_dags/tutorial.py for tasks to queue
[2024-02-01T22:54:53.307+0100] {logging_mixin.py:188} INFO - [2024-02-01T22:54:53.306+0100] {dagbag.py:538} INFO - Filling up the DagBag from /home/ubuntu/.local/lib/python3.10/site-packages/airflow/example_dags/tutorial.py
[2024-02-01T22:54:53.326+0100] {processor.py:840} INFO - DAG(s) 'tutorial' retrieved from /home/ubuntu/.local/lib/python3.10/site-packages/airflow/example_dags/tutorial.py
[2024-02-01T22:54:53.380+0100] {logging_mixin.py:188} INFO - [2024-02-01T22:54:53.380+0100] {dag.py:3033} INFO - Sync 1 DAGs
[2024-02-01T22:54:53.466+0100] {logging_mixin.py:188} INFO - [2024-02-01T22:54:53.465+0100] {dag.py:3820} INFO - Setting next_dagrun for tutorial to 2024-01-31T00:00:00+00:00, run_after=2024-02-01T00:00:00+00:00
[2024-02-01T22:54:53.550+0100] {processor.py:183} INFO - Processing /home/ubuntu/.local/lib/python3.10/site-packages/airflow/example_dags/tutorial.py took 0.261 seconds
[2024-02-01T22:56:15.093+0100] {processor.py:161} INFO - Started process (PID=15003) to work on /home/ubuntu/.local/lib/python3.10/site-packages/airflow/example_dags/tutorial.py
[2024-02-01T22:56:15.097+0100] {processor.py:830} INFO - Processing file /home/ubuntu/.local/lib/python3.10/site-packages/airflow/example_dags/tutorial.py for tasks to queue
[2024-02-01T22:56:15.099+0100] {logging_mixin.py:188} INFO - [2024-02-01T22:56:15.099+0100] {dagbag.py:538} INFO - Filling up the DagBag from /home/ubuntu/.local/lib/python3.10/site-packages/airflow/example_dags/tutorial.py
[2024-02-01T22:56:15.146+0100] {processor.py:840} INFO - DAG(s) 'tutorial' retrieved from /home/ubuntu/.local/lib/python3.10/site-packages/airflow/example_dags/tutorial.py
[2024-02-01T22:56:15.229+0100] {logging_mixin.py:188} INFO - [2024-02-01T22:56:15.229+0100] {dag.py:3033} INFO - Sync 1 DAGs
[2024-02-01T22:56:15.465+0100] {logging_mixin.py:188} INFO - [2024-02-01T22:56:15.449+0100] {dag.py:3820} INFO - Setting next_dagrun for tutorial to 2024-01-31T00:00:00+00:00, run_after=2024-02-01T00:00:00+00:00
[2024-02-01T22:56:15.693+0100] {processor.py:183} INFO - Processing /home/ubuntu/.local/lib/python3.10/site-packages/airflow/example_dags/tutorial.py took 0.608 seconds
[2024-02-01T22:57:06.599+0100] {processor.py:161} INFO - Started process (PID=15047) to work on /home/ubuntu/.local/lib/python3.10/site-packages/airflow/example_dags/tutorial.py
[2024-02-01T22:57:06.618+0100] {processor.py:830} INFO - Processing file /home/ubuntu/.local/lib/python3.10/site-packages/airflow/example_dags/tutorial.py for tasks to queue
[2024-02-01T22:57:06.622+0100] {logging_mixin.py:188} INFO - [2024-02-01T22:57:06.620+0100] {dagbag.py:538} INFO - Filling up the DagBag from /home/ubuntu/.local/lib/python3.10/site-packages/airflow/example_dags/tutorial.py
[2024-02-01T22:57:06.660+0100] {processor.py:840} INFO - DAG(s) 'tutorial' retrieved from /home/ubuntu/.local/lib/python3.10/site-packages/airflow/example_dags/tutorial.py
[2024-02-01T22:57:06.721+0100] {logging_mixin.py:188} INFO - [2024-02-01T22:57:06.721+0100] {dag.py:3033} INFO - Sync 1 DAGs
[2024-02-01T22:57:06.808+0100] {logging_mixin.py:188} INFO - [2024-02-01T22:57:06.807+0100] {dag.py:3820} INFO - Setting next_dagrun for tutorial to 2024-01-31T00:00:00+00:00, run_after=2024-02-01T00:00:00+00:00
[2024-02-01T22:57:06.909+0100] {processor.py:183} INFO - Processing /home/ubuntu/.local/lib/python3.10/site-packages/airflow/example_dags/tutorial.py took 0.360 seconds
[2024-02-01T22:57:53.970+0100] {processor.py:161} INFO - Started process (PID=15077) to work on /home/ubuntu/.local/lib/python3.10/site-packages/airflow/example_dags/tutorial.py
[2024-02-01T22:57:53.973+0100] {processor.py:830} INFO - Processing file /home/ubuntu/.local/lib/python3.10/site-packages/airflow/example_dags/tutorial.py for tasks to queue
[2024-02-01T22:57:53.976+0100] {logging_mixin.py:188} INFO - [2024-02-01T22:57:53.975+0100] {dagbag.py:538} INFO - Filling up the DagBag from /home/ubuntu/.local/lib/python3.10/site-packages/airflow/example_dags/tutorial.py
[2024-02-01T22:57:54.015+0100] {processor.py:840} INFO - DAG(s) 'tutorial' retrieved from /home/ubuntu/.local/lib/python3.10/site-packages/airflow/example_dags/tutorial.py
[2024-02-01T22:57:54.072+0100] {logging_mixin.py:188} INFO - [2024-02-01T22:57:54.072+0100] {dag.py:3033} INFO - Sync 1 DAGs
[2024-02-01T22:57:54.146+0100] {logging_mixin.py:188} INFO - [2024-02-01T22:57:54.146+0100] {dag.py:3820} INFO - Setting next_dagrun for tutorial to 2024-01-31T00:00:00+00:00, run_after=2024-02-01T00:00:00+00:00
[2024-02-01T22:57:54.269+0100] {processor.py:183} INFO - Processing /home/ubuntu/.local/lib/python3.10/site-packages/airflow/example_dags/tutorial.py took 0.350 seconds
[2024-02-01T22:58:39.394+0100] {processor.py:161} INFO - Started process (PID=15131) to work on /home/ubuntu/.local/lib/python3.10/site-packages/airflow/example_dags/tutorial.py
[2024-02-01T22:58:39.398+0100] {processor.py:830} INFO - Processing file /home/ubuntu/.local/lib/python3.10/site-packages/airflow/example_dags/tutorial.py for tasks to queue
[2024-02-01T22:58:39.401+0100] {logging_mixin.py:188} INFO - [2024-02-01T22:58:39.401+0100] {dagbag.py:538} INFO - Filling up the DagBag from /home/ubuntu/.local/lib/python3.10/site-packages/airflow/example_dags/tutorial.py
[2024-02-01T22:58:39.414+0100] {processor.py:840} INFO - DAG(s) 'tutorial' retrieved from /home/ubuntu/.local/lib/python3.10/site-packages/airflow/example_dags/tutorial.py
[2024-02-01T22:58:39.440+0100] {logging_mixin.py:188} INFO - [2024-02-01T22:58:39.439+0100] {dag.py:3033} INFO - Sync 1 DAGs
[2024-02-01T22:58:39.494+0100] {logging_mixin.py:188} INFO - [2024-02-01T22:58:39.493+0100] {dag.py:3820} INFO - Setting next_dagrun for tutorial to 2024-01-31T00:00:00+00:00, run_after=2024-02-01T00:00:00+00:00
[2024-02-01T22:58:39.541+0100] {processor.py:183} INFO - Processing /home/ubuntu/.local/lib/python3.10/site-packages/airflow/example_dags/tutorial.py took 0.159 seconds
[2024-02-01T22:59:16.672+0100] {processor.py:161} INFO - Started process (PID=15188) to work on /home/ubuntu/.local/lib/python3.10/site-packages/airflow/example_dags/tutorial.py
[2024-02-01T22:59:16.674+0100] {processor.py:830} INFO - Processing file /home/ubuntu/.local/lib/python3.10/site-packages/airflow/example_dags/tutorial.py for tasks to queue
[2024-02-01T22:59:16.675+0100] {logging_mixin.py:188} INFO - [2024-02-01T22:59:16.675+0100] {dagbag.py:538} INFO - Filling up the DagBag from /home/ubuntu/.local/lib/python3.10/site-packages/airflow/example_dags/tutorial.py
[2024-02-01T22:59:16.689+0100] {processor.py:840} INFO - DAG(s) 'tutorial' retrieved from /home/ubuntu/.local/lib/python3.10/site-packages/airflow/example_dags/tutorial.py
[2024-02-01T22:59:16.716+0100] {logging_mixin.py:188} INFO - [2024-02-01T22:59:16.715+0100] {dag.py:3033} INFO - Sync 1 DAGs
[2024-02-01T22:59:16.740+0100] {logging_mixin.py:188} INFO - [2024-02-01T22:59:16.740+0100] {dag.py:3820} INFO - Setting next_dagrun for tutorial to 2024-01-31T00:00:00+00:00, run_after=2024-02-01T00:00:00+00:00
[2024-02-01T22:59:16.783+0100] {processor.py:183} INFO - Processing /home/ubuntu/.local/lib/python3.10/site-packages/airflow/example_dags/tutorial.py took 0.137 seconds
[2024-02-01T23:00:21.676+0100] {processor.py:161} INFO - Started process (PID=15311) to work on /home/ubuntu/.local/lib/python3.10/site-packages/airflow/example_dags/tutorial.py
[2024-02-01T23:00:21.679+0100] {processor.py:830} INFO - Processing file /home/ubuntu/.local/lib/python3.10/site-packages/airflow/example_dags/tutorial.py for tasks to queue
[2024-02-01T23:00:21.681+0100] {logging_mixin.py:188} INFO - [2024-02-01T23:00:21.680+0100] {dagbag.py:538} INFO - Filling up the DagBag from /home/ubuntu/.local/lib/python3.10/site-packages/airflow/example_dags/tutorial.py
[2024-02-01T23:00:21.695+0100] {processor.py:840} INFO - DAG(s) 'tutorial' retrieved from /home/ubuntu/.local/lib/python3.10/site-packages/airflow/example_dags/tutorial.py
[2024-02-01T23:00:21.723+0100] {logging_mixin.py:188} INFO - [2024-02-01T23:00:21.723+0100] {dag.py:3033} INFO - Sync 1 DAGs
[2024-02-01T23:00:21.749+0100] {logging_mixin.py:188} INFO - [2024-02-01T23:00:21.748+0100] {dag.py:3820} INFO - Setting next_dagrun for tutorial to 2024-01-31T00:00:00+00:00, run_after=2024-02-01T00:00:00+00:00
[2024-02-01T23:00:21.788+0100] {processor.py:183} INFO - Processing /home/ubuntu/.local/lib/python3.10/site-packages/airflow/example_dags/tutorial.py took 0.116 seconds
[2024-02-01T23:00:57.283+0100] {processor.py:161} INFO - Started process (PID=15362) to work on /home/ubuntu/.local/lib/python3.10/site-packages/airflow/example_dags/tutorial.py
[2024-02-01T23:00:57.305+0100] {processor.py:830} INFO - Processing file /home/ubuntu/.local/lib/python3.10/site-packages/airflow/example_dags/tutorial.py for tasks to queue
[2024-02-01T23:00:57.307+0100] {logging_mixin.py:188} INFO - [2024-02-01T23:00:57.307+0100] {dagbag.py:538} INFO - Filling up the DagBag from /home/ubuntu/.local/lib/python3.10/site-packages/airflow/example_dags/tutorial.py
[2024-02-01T23:00:57.323+0100] {processor.py:840} INFO - DAG(s) 'tutorial' retrieved from /home/ubuntu/.local/lib/python3.10/site-packages/airflow/example_dags/tutorial.py
[2024-02-01T23:00:57.406+0100] {logging_mixin.py:188} INFO - [2024-02-01T23:00:57.406+0100] {dag.py:3033} INFO - Sync 1 DAGs
[2024-02-01T23:00:57.466+0100] {logging_mixin.py:188} INFO - [2024-02-01T23:00:57.465+0100] {dag.py:3820} INFO - Setting next_dagrun for tutorial to 2024-01-31T00:00:00+00:00, run_after=2024-02-01T00:00:00+00:00
[2024-02-01T23:00:57.512+0100] {processor.py:183} INFO - Processing /home/ubuntu/.local/lib/python3.10/site-packages/airflow/example_dags/tutorial.py took 0.249 seconds
[2024-02-01T23:02:01.322+0100] {processor.py:161} INFO - Started process (PID=15465) to work on /home/ubuntu/.local/lib/python3.10/site-packages/airflow/example_dags/tutorial.py
[2024-02-01T23:02:01.342+0100] {processor.py:830} INFO - Processing file /home/ubuntu/.local/lib/python3.10/site-packages/airflow/example_dags/tutorial.py for tasks to queue
[2024-02-01T23:02:01.342+0100] {logging_mixin.py:188} INFO - [2024-02-01T23:02:01.342+0100] {dagbag.py:538} INFO - Filling up the DagBag from /home/ubuntu/.local/lib/python3.10/site-packages/airflow/example_dags/tutorial.py
[2024-02-01T23:02:01.342+0100] {processor.py:840} INFO - DAG(s) 'tutorial' retrieved from /home/ubuntu/.local/lib/python3.10/site-packages/airflow/example_dags/tutorial.py
[2024-02-01T23:02:01.406+0100] {logging_mixin.py:188} INFO - [2024-02-01T23:02:01.406+0100] {dag.py:3033} INFO - Sync 1 DAGs
[2024-02-01T23:02:01.426+0100] {logging_mixin.py:188} INFO - [2024-02-01T23:02:01.426+0100] {dag.py:3820} INFO - Setting next_dagrun for tutorial to 2024-01-31T00:00:00+00:00, run_after=2024-02-01T00:00:00+00:00
[2024-02-01T23:02:01.534+0100] {processor.py:183} INFO - Processing /home/ubuntu/.local/lib/python3.10/site-packages/airflow/example_dags/tutorial.py took 0.248 seconds
[2024-02-01T23:02:37.785+0100] {processor.py:161} INFO - Started process (PID=15502) to work on /home/ubuntu/.local/lib/python3.10/site-packages/airflow/example_dags/tutorial.py
[2024-02-01T23:02:37.801+0100] {processor.py:830} INFO - Processing file /home/ubuntu/.local/lib/python3.10/site-packages/airflow/example_dags/tutorial.py for tasks to queue
[2024-02-01T23:02:37.801+0100] {logging_mixin.py:188} INFO - [2024-02-01T23:02:37.801+0100] {dagbag.py:538} INFO - Filling up the DagBag from /home/ubuntu/.local/lib/python3.10/site-packages/airflow/example_dags/tutorial.py
[2024-02-01T23:02:37.833+0100] {processor.py:840} INFO - DAG(s) 'tutorial' retrieved from /home/ubuntu/.local/lib/python3.10/site-packages/airflow/example_dags/tutorial.py
[2024-02-01T23:02:37.833+0100] {logging_mixin.py:188} INFO - [2024-02-01T23:02:37.833+0100] {dag.py:3033} INFO - Sync 1 DAGs
[2024-02-01T23:02:37.897+0100] {logging_mixin.py:188} INFO - [2024-02-01T23:02:37.897+0100] {dag.py:3820} INFO - Setting next_dagrun for tutorial to 2024-01-31T00:00:00+00:00, run_after=2024-02-01T00:00:00+00:00
[2024-02-01T23:02:37.961+0100] {processor.py:183} INFO - Processing /home/ubuntu/.local/lib/python3.10/site-packages/airflow/example_dags/tutorial.py took 0.192 seconds
[2024-02-01T23:03:12.757+0100] {processor.py:161} INFO - Started process (PID=15531) to work on /home/ubuntu/.local/lib/python3.10/site-packages/airflow/example_dags/tutorial.py
[2024-02-01T23:03:12.757+0100] {processor.py:830} INFO - Processing file /home/ubuntu/.local/lib/python3.10/site-packages/airflow/example_dags/tutorial.py for tasks to queue
[2024-02-01T23:03:12.757+0100] {logging_mixin.py:188} INFO - [2024-02-01T23:03:12.757+0100] {dagbag.py:538} INFO - Filling up the DagBag from /home/ubuntu/.local/lib/python3.10/site-packages/airflow/example_dags/tutorial.py
[2024-02-01T23:03:12.789+0100] {processor.py:840} INFO - DAG(s) 'tutorial' retrieved from /home/ubuntu/.local/lib/python3.10/site-packages/airflow/example_dags/tutorial.py
[2024-02-01T23:03:12.797+0100] {logging_mixin.py:188} INFO - [2024-02-01T23:03:12.797+0100] {dag.py:3033} INFO - Sync 1 DAGs
[2024-02-01T23:03:12.849+0100] {logging_mixin.py:188} INFO - [2024-02-01T23:03:12.849+0100] {dag.py:3820} INFO - Setting next_dagrun for tutorial to 2024-01-31T00:00:00+00:00, run_after=2024-02-01T00:00:00+00:00
[2024-02-01T23:03:12.973+0100] {processor.py:183} INFO - Processing /home/ubuntu/.local/lib/python3.10/site-packages/airflow/example_dags/tutorial.py took 0.216 seconds
[2024-02-01T23:03:50.695+0100] {processor.py:161} INFO - Started process (PID=15563) to work on /home/ubuntu/.local/lib/python3.10/site-packages/airflow/example_dags/tutorial.py
[2024-02-01T23:03:50.700+0100] {processor.py:830} INFO - Processing file /home/ubuntu/.local/lib/python3.10/site-packages/airflow/example_dags/tutorial.py for tasks to queue
[2024-02-01T23:03:50.701+0100] {logging_mixin.py:188} INFO - [2024-02-01T23:03:50.701+0100] {dagbag.py:538} INFO - Filling up the DagBag from /home/ubuntu/.local/lib/python3.10/site-packages/airflow/example_dags/tutorial.py
[2024-02-01T23:03:50.748+0100] {processor.py:840} INFO - DAG(s) 'tutorial' retrieved from /home/ubuntu/.local/lib/python3.10/site-packages/airflow/example_dags/tutorial.py
[2024-02-01T23:03:50.776+0100] {logging_mixin.py:188} INFO - [2024-02-01T23:03:50.776+0100] {dag.py:3033} INFO - Sync 1 DAGs
[2024-02-01T23:03:51.034+0100] {logging_mixin.py:188} INFO - [2024-02-01T23:03:51.034+0100] {dag.py:3820} INFO - Setting next_dagrun for tutorial to 2024-01-31T00:00:00+00:00, run_after=2024-02-01T00:00:00+00:00
[2024-02-01T23:03:51.119+0100] {processor.py:183} INFO - Processing /home/ubuntu/.local/lib/python3.10/site-packages/airflow/example_dags/tutorial.py took 0.429 seconds
[2024-02-01T23:04:32.393+0100] {processor.py:161} INFO - Started process (PID=15596) to work on /home/ubuntu/.local/lib/python3.10/site-packages/airflow/example_dags/tutorial.py
[2024-02-01T23:04:32.393+0100] {processor.py:830} INFO - Processing file /home/ubuntu/.local/lib/python3.10/site-packages/airflow/example_dags/tutorial.py for tasks to queue
[2024-02-01T23:04:32.393+0100] {logging_mixin.py:188} INFO - [2024-02-01T23:04:32.393+0100] {dagbag.py:538} INFO - Filling up the DagBag from /home/ubuntu/.local/lib/python3.10/site-packages/airflow/example_dags/tutorial.py
[2024-02-01T23:04:32.393+0100] {processor.py:840} INFO - DAG(s) 'tutorial' retrieved from /home/ubuntu/.local/lib/python3.10/site-packages/airflow/example_dags/tutorial.py
[2024-02-01T23:04:32.441+0100] {logging_mixin.py:188} INFO - [2024-02-01T23:04:32.441+0100] {dag.py:3033} INFO - Sync 1 DAGs
[2024-02-01T23:04:32.513+0100] {logging_mixin.py:188} INFO - [2024-02-01T23:04:32.513+0100] {dag.py:3820} INFO - Setting next_dagrun for tutorial to 2024-01-31T00:00:00+00:00, run_after=2024-02-01T00:00:00+00:00
[2024-02-01T23:04:32.573+0100] {processor.py:183} INFO - Processing /home/ubuntu/.local/lib/python3.10/site-packages/airflow/example_dags/tutorial.py took 0.192 seconds
[2024-02-01T23:05:10.287+0100] {processor.py:161} INFO - Started process (PID=15630) to work on /home/ubuntu/.local/lib/python3.10/site-packages/airflow/example_dags/tutorial.py
[2024-02-01T23:05:10.300+0100] {processor.py:830} INFO - Processing file /home/ubuntu/.local/lib/python3.10/site-packages/airflow/example_dags/tutorial.py for tasks to queue
[2024-02-01T23:05:10.305+0100] {logging_mixin.py:188} INFO - [2024-02-01T23:05:10.301+0100] {dagbag.py:538} INFO - Filling up the DagBag from /home/ubuntu/.local/lib/python3.10/site-packages/airflow/example_dags/tutorial.py
[2024-02-01T23:05:10.344+0100] {processor.py:840} INFO - DAG(s) 'tutorial' retrieved from /home/ubuntu/.local/lib/python3.10/site-packages/airflow/example_dags/tutorial.py
[2024-02-01T23:05:10.533+0100] {logging_mixin.py:188} INFO - [2024-02-01T23:05:10.532+0100] {dag.py:3033} INFO - Sync 1 DAGs
[2024-02-01T23:05:10.633+0100] {logging_mixin.py:188} INFO - [2024-02-01T23:05:10.631+0100] {dag.py:3820} INFO - Setting next_dagrun for tutorial to 2024-01-31T00:00:00+00:00, run_after=2024-02-01T00:00:00+00:00
[2024-02-01T23:05:10.733+0100] {processor.py:183} INFO - Processing /home/ubuntu/.local/lib/python3.10/site-packages/airflow/example_dags/tutorial.py took 0.462 seconds
[2024-02-01T23:05:46.177+0100] {processor.py:161} INFO - Started process (PID=15657) to work on /home/ubuntu/.local/lib/python3.10/site-packages/airflow/example_dags/tutorial.py
[2024-02-01T23:05:46.189+0100] {processor.py:830} INFO - Processing file /home/ubuntu/.local/lib/python3.10/site-packages/airflow/example_dags/tutorial.py for tasks to queue
[2024-02-01T23:05:46.193+0100] {logging_mixin.py:188} INFO - [2024-02-01T23:05:46.193+0100] {dagbag.py:538} INFO - Filling up the DagBag from /home/ubuntu/.local/lib/python3.10/site-packages/airflow/example_dags/tutorial.py
[2024-02-01T23:05:46.209+0100] {processor.py:840} INFO - DAG(s) 'tutorial' retrieved from /home/ubuntu/.local/lib/python3.10/site-packages/airflow/example_dags/tutorial.py
[2024-02-01T23:05:46.281+0100] {logging_mixin.py:188} INFO - [2024-02-01T23:05:46.281+0100] {dag.py:3033} INFO - Sync 1 DAGs
[2024-02-01T23:05:46.541+0100] {logging_mixin.py:188} INFO - [2024-02-01T23:05:46.541+0100] {dag.py:3820} INFO - Setting next_dagrun for tutorial to 2024-01-31T00:00:00+00:00, run_after=2024-02-01T00:00:00+00:00
[2024-02-01T23:05:46.617+0100] {processor.py:183} INFO - Processing /home/ubuntu/.local/lib/python3.10/site-packages/airflow/example_dags/tutorial.py took 0.440 seconds
[2024-02-01T23:06:26.594+0100] {processor.py:161} INFO - Started process (PID=15695) to work on /home/ubuntu/.local/lib/python3.10/site-packages/airflow/example_dags/tutorial.py
[2024-02-01T23:06:26.598+0100] {processor.py:830} INFO - Processing file /home/ubuntu/.local/lib/python3.10/site-packages/airflow/example_dags/tutorial.py for tasks to queue
[2024-02-01T23:06:26.600+0100] {logging_mixin.py:188} INFO - [2024-02-01T23:06:26.599+0100] {dagbag.py:538} INFO - Filling up the DagBag from /home/ubuntu/.local/lib/python3.10/site-packages/airflow/example_dags/tutorial.py
[2024-02-01T23:06:26.638+0100] {processor.py:840} INFO - DAG(s) 'tutorial' retrieved from /home/ubuntu/.local/lib/python3.10/site-packages/airflow/example_dags/tutorial.py
[2024-02-01T23:06:26.701+0100] {logging_mixin.py:188} INFO - [2024-02-01T23:06:26.701+0100] {dag.py:3033} INFO - Sync 1 DAGs
[2024-02-01T23:06:26.740+0100] {logging_mixin.py:188} INFO - [2024-02-01T23:06:26.740+0100] {dag.py:3820} INFO - Setting next_dagrun for tutorial to 2024-01-31T00:00:00+00:00, run_after=2024-02-01T00:00:00+00:00
[2024-02-01T23:06:26.798+0100] {processor.py:183} INFO - Processing /home/ubuntu/.local/lib/python3.10/site-packages/airflow/example_dags/tutorial.py took 0.214 seconds
[2024-02-01T23:07:04.346+0100] {processor.py:161} INFO - Started process (PID=15729) to work on /home/ubuntu/.local/lib/python3.10/site-packages/airflow/example_dags/tutorial.py
[2024-02-01T23:07:04.349+0100] {processor.py:830} INFO - Processing file /home/ubuntu/.local/lib/python3.10/site-packages/airflow/example_dags/tutorial.py for tasks to queue
[2024-02-01T23:07:04.351+0100] {logging_mixin.py:188} INFO - [2024-02-01T23:07:04.350+0100] {dagbag.py:538} INFO - Filling up the DagBag from /home/ubuntu/.local/lib/python3.10/site-packages/airflow/example_dags/tutorial.py
[2024-02-01T23:07:04.368+0100] {processor.py:840} INFO - DAG(s) 'tutorial' retrieved from /home/ubuntu/.local/lib/python3.10/site-packages/airflow/example_dags/tutorial.py
[2024-02-01T23:07:04.406+0100] {logging_mixin.py:188} INFO - [2024-02-01T23:07:04.406+0100] {dag.py:3033} INFO - Sync 1 DAGs
[2024-02-01T23:07:04.481+0100] {logging_mixin.py:188} INFO - [2024-02-01T23:07:04.480+0100] {dag.py:3820} INFO - Setting next_dagrun for tutorial to 2024-01-31T00:00:00+00:00, run_after=2024-02-01T00:00:00+00:00
[2024-02-01T23:07:04.562+0100] {processor.py:183} INFO - Processing /home/ubuntu/.local/lib/python3.10/site-packages/airflow/example_dags/tutorial.py took 0.236 seconds
[2024-02-01T23:07:42.798+0100] {processor.py:161} INFO - Started process (PID=15763) to work on /home/ubuntu/.local/lib/python3.10/site-packages/airflow/example_dags/tutorial.py
[2024-02-01T23:07:42.800+0100] {processor.py:830} INFO - Processing file /home/ubuntu/.local/lib/python3.10/site-packages/airflow/example_dags/tutorial.py for tasks to queue
[2024-02-01T23:07:42.805+0100] {logging_mixin.py:188} INFO - [2024-02-01T23:07:42.804+0100] {dagbag.py:538} INFO - Filling up the DagBag from /home/ubuntu/.local/lib/python3.10/site-packages/airflow/example_dags/tutorial.py
[2024-02-01T23:07:42.839+0100] {processor.py:840} INFO - DAG(s) 'tutorial' retrieved from /home/ubuntu/.local/lib/python3.10/site-packages/airflow/example_dags/tutorial.py
[2024-02-01T23:07:42.863+0100] {logging_mixin.py:188} INFO - [2024-02-01T23:07:42.862+0100] {dag.py:3033} INFO - Sync 1 DAGs
[2024-02-01T23:07:43.223+0100] {logging_mixin.py:188} INFO - [2024-02-01T23:07:43.222+0100] {dag.py:3820} INFO - Setting next_dagrun for tutorial to 2024-01-31T00:00:00+00:00, run_after=2024-02-01T00:00:00+00:00
[2024-02-01T23:07:43.324+0100] {processor.py:183} INFO - Processing /home/ubuntu/.local/lib/python3.10/site-packages/airflow/example_dags/tutorial.py took 0.532 seconds
[2024-02-01T23:08:29.280+0100] {processor.py:161} INFO - Started process (PID=15805) to work on /home/ubuntu/.local/lib/python3.10/site-packages/airflow/example_dags/tutorial.py
[2024-02-01T23:08:29.304+0100] {processor.py:830} INFO - Processing file /home/ubuntu/.local/lib/python3.10/site-packages/airflow/example_dags/tutorial.py for tasks to queue
[2024-02-01T23:08:29.304+0100] {logging_mixin.py:188} INFO - [2024-02-01T23:08:29.304+0100] {dagbag.py:538} INFO - Filling up the DagBag from /home/ubuntu/.local/lib/python3.10/site-packages/airflow/example_dags/tutorial.py
[2024-02-01T23:08:29.548+0100] {processor.py:840} INFO - DAG(s) 'tutorial' retrieved from /home/ubuntu/.local/lib/python3.10/site-packages/airflow/example_dags/tutorial.py
[2024-02-01T23:08:29.608+0100] {logging_mixin.py:188} INFO - [2024-02-01T23:08:29.608+0100] {dag.py:3033} INFO - Sync 1 DAGs
[2024-02-01T23:08:29.636+0100] {logging_mixin.py:188} INFO - [2024-02-01T23:08:29.636+0100] {dag.py:3820} INFO - Setting next_dagrun for tutorial to 2024-01-31T00:00:00+00:00, run_after=2024-02-01T00:00:00+00:00
[2024-02-01T23:08:29.720+0100] {processor.py:183} INFO - Processing /home/ubuntu/.local/lib/python3.10/site-packages/airflow/example_dags/tutorial.py took 0.460 seconds
[2024-02-01T23:09:09.960+0100] {processor.py:161} INFO - Started process (PID=15877) to work on /home/ubuntu/.local/lib/python3.10/site-packages/airflow/example_dags/tutorial.py
[2024-02-01T23:09:10.052+0100] {processor.py:830} INFO - Processing file /home/ubuntu/.local/lib/python3.10/site-packages/airflow/example_dags/tutorial.py for tasks to queue
[2024-02-01T23:09:10.052+0100] {logging_mixin.py:188} INFO - [2024-02-01T23:09:10.052+0100] {dagbag.py:538} INFO - Filling up the DagBag from /home/ubuntu/.local/lib/python3.10/site-packages/airflow/example_dags/tutorial.py
[2024-02-01T23:09:10.156+0100] {processor.py:840} INFO - DAG(s) 'tutorial' retrieved from /home/ubuntu/.local/lib/python3.10/site-packages/airflow/example_dags/tutorial.py
[2024-02-01T23:09:10.304+0100] {logging_mixin.py:188} INFO - [2024-02-01T23:09:10.304+0100] {dag.py:3033} INFO - Sync 1 DAGs
[2024-02-01T23:09:10.396+0100] {logging_mixin.py:188} INFO - [2024-02-01T23:09:10.396+0100] {dag.py:3820} INFO - Setting next_dagrun for tutorial to 2024-01-31T00:00:00+00:00, run_after=2024-02-01T00:00:00+00:00
[2024-02-01T23:09:10.552+0100] {processor.py:183} INFO - Processing /home/ubuntu/.local/lib/python3.10/site-packages/airflow/example_dags/tutorial.py took 0.624 seconds
[2024-02-01T23:09:45.336+0100] {processor.py:161} INFO - Started process (PID=15924) to work on /home/ubuntu/.local/lib/python3.10/site-packages/airflow/example_dags/tutorial.py
[2024-02-01T23:09:45.340+0100] {processor.py:830} INFO - Processing file /home/ubuntu/.local/lib/python3.10/site-packages/airflow/example_dags/tutorial.py for tasks to queue
[2024-02-01T23:09:45.344+0100] {logging_mixin.py:188} INFO - [2024-02-01T23:09:45.344+0100] {dagbag.py:538} INFO - Filling up the DagBag from /home/ubuntu/.local/lib/python3.10/site-packages/airflow/example_dags/tutorial.py
[2024-02-01T23:09:45.360+0100] {processor.py:840} INFO - DAG(s) 'tutorial' retrieved from /home/ubuntu/.local/lib/python3.10/site-packages/airflow/example_dags/tutorial.py
[2024-02-01T23:09:45.388+0100] {logging_mixin.py:188} INFO - [2024-02-01T23:09:45.388+0100] {dag.py:3033} INFO - Sync 1 DAGs
[2024-02-01T23:09:45.400+0100] {logging_mixin.py:188} INFO - [2024-02-01T23:09:45.400+0100] {dag.py:3820} INFO - Setting next_dagrun for tutorial to 2024-01-31T00:00:00+00:00, run_after=2024-02-01T00:00:00+00:00
[2024-02-01T23:09:45.468+0100] {processor.py:183} INFO - Processing /home/ubuntu/.local/lib/python3.10/site-packages/airflow/example_dags/tutorial.py took 0.144 seconds
[2024-02-01T23:10:41.408+0100] {processor.py:161} INFO - Started process (PID=16011) to work on /home/ubuntu/.local/lib/python3.10/site-packages/airflow/example_dags/tutorial.py
[2024-02-01T23:10:41.420+0100] {processor.py:830} INFO - Processing file /home/ubuntu/.local/lib/python3.10/site-packages/airflow/example_dags/tutorial.py for tasks to queue
[2024-02-01T23:10:41.424+0100] {logging_mixin.py:188} INFO - [2024-02-01T23:10:41.420+0100] {dagbag.py:538} INFO - Filling up the DagBag from /home/ubuntu/.local/lib/python3.10/site-packages/airflow/example_dags/tutorial.py
[2024-02-01T23:10:41.428+0100] {processor.py:840} INFO - DAG(s) 'tutorial' retrieved from /home/ubuntu/.local/lib/python3.10/site-packages/airflow/example_dags/tutorial.py
[2024-02-01T23:10:41.460+0100] {logging_mixin.py:188} INFO - [2024-02-01T23:10:41.460+0100] {dag.py:3033} INFO - Sync 1 DAGs
[2024-02-01T23:10:41.488+0100] {logging_mixin.py:188} INFO - [2024-02-01T23:10:41.488+0100] {dag.py:3820} INFO - Setting next_dagrun for tutorial to 2024-01-31T00:00:00+00:00, run_after=2024-02-01T00:00:00+00:00
[2024-02-01T23:10:41.530+0100] {processor.py:183} INFO - Processing /home/ubuntu/.local/lib/python3.10/site-packages/airflow/example_dags/tutorial.py took 0.121 seconds
[2024-02-01T23:11:40.220+0100] {processor.py:161} INFO - Started process (PID=16105) to work on /home/ubuntu/.local/lib/python3.10/site-packages/airflow/example_dags/tutorial.py
[2024-02-01T23:11:40.223+0100] {processor.py:830} INFO - Processing file /home/ubuntu/.local/lib/python3.10/site-packages/airflow/example_dags/tutorial.py for tasks to queue
[2024-02-01T23:11:40.224+0100] {logging_mixin.py:188} INFO - [2024-02-01T23:11:40.224+0100] {dagbag.py:538} INFO - Filling up the DagBag from /home/ubuntu/.local/lib/python3.10/site-packages/airflow/example_dags/tutorial.py
[2024-02-01T23:11:40.233+0100] {processor.py:840} INFO - DAG(s) 'tutorial' retrieved from /home/ubuntu/.local/lib/python3.10/site-packages/airflow/example_dags/tutorial.py
[2024-02-01T23:11:40.251+0100] {logging_mixin.py:188} INFO - [2024-02-01T23:11:40.251+0100] {dag.py:3033} INFO - Sync 1 DAGs
[2024-02-01T23:11:40.269+0100] {logging_mixin.py:188} INFO - [2024-02-01T23:11:40.269+0100] {dag.py:3820} INFO - Setting next_dagrun for tutorial to 2024-01-31T00:00:00+00:00, run_after=2024-02-01T00:00:00+00:00
[2024-02-01T23:11:40.306+0100] {processor.py:183} INFO - Processing /home/ubuntu/.local/lib/python3.10/site-packages/airflow/example_dags/tutorial.py took 0.090 seconds
[2024-02-01T23:12:37.715+0100] {processor.py:161} INFO - Started process (PID=16202) to work on /home/ubuntu/.local/lib/python3.10/site-packages/airflow/example_dags/tutorial.py
[2024-02-01T23:12:37.718+0100] {processor.py:830} INFO - Processing file /home/ubuntu/.local/lib/python3.10/site-packages/airflow/example_dags/tutorial.py for tasks to queue
[2024-02-01T23:12:37.724+0100] {logging_mixin.py:188} INFO - [2024-02-01T23:12:37.723+0100] {dagbag.py:538} INFO - Filling up the DagBag from /home/ubuntu/.local/lib/python3.10/site-packages/airflow/example_dags/tutorial.py
[2024-02-01T23:12:37.742+0100] {processor.py:840} INFO - DAG(s) 'tutorial' retrieved from /home/ubuntu/.local/lib/python3.10/site-packages/airflow/example_dags/tutorial.py
[2024-02-01T23:12:37.794+0100] {logging_mixin.py:188} INFO - [2024-02-01T23:12:37.794+0100] {dag.py:3033} INFO - Sync 1 DAGs
[2024-02-01T23:12:37.868+0100] {logging_mixin.py:188} INFO - [2024-02-01T23:12:37.868+0100] {dag.py:3820} INFO - Setting next_dagrun for tutorial to 2024-01-31T00:00:00+00:00, run_after=2024-02-01T00:00:00+00:00
[2024-02-01T23:12:37.922+0100] {processor.py:183} INFO - Processing /home/ubuntu/.local/lib/python3.10/site-packages/airflow/example_dags/tutorial.py took 0.216 seconds
[2024-02-01T23:13:32.459+0100] {processor.py:161} INFO - Started process (PID=16305) to work on /home/ubuntu/.local/lib/python3.10/site-packages/airflow/example_dags/tutorial.py
[2024-02-01T23:13:32.464+0100] {processor.py:830} INFO - Processing file /home/ubuntu/.local/lib/python3.10/site-packages/airflow/example_dags/tutorial.py for tasks to queue
[2024-02-01T23:13:32.466+0100] {logging_mixin.py:188} INFO - [2024-02-01T23:13:32.465+0100] {dagbag.py:538} INFO - Filling up the DagBag from /home/ubuntu/.local/lib/python3.10/site-packages/airflow/example_dags/tutorial.py
[2024-02-01T23:13:32.484+0100] {processor.py:840} INFO - DAG(s) 'tutorial' retrieved from /home/ubuntu/.local/lib/python3.10/site-packages/airflow/example_dags/tutorial.py
[2024-02-01T23:13:32.551+0100] {logging_mixin.py:188} INFO - [2024-02-01T23:13:32.550+0100] {dag.py:3033} INFO - Sync 1 DAGs
[2024-02-01T23:13:32.578+0100] {logging_mixin.py:188} INFO - [2024-02-01T23:13:32.577+0100] {dag.py:3820} INFO - Setting next_dagrun for tutorial to 2024-01-31T00:00:00+00:00, run_after=2024-02-01T00:00:00+00:00
[2024-02-01T23:13:32.619+0100] {processor.py:183} INFO - Processing /home/ubuntu/.local/lib/python3.10/site-packages/airflow/example_dags/tutorial.py took 0.168 seconds
[2024-02-01T23:14:26.496+0100] {processor.py:161} INFO - Started process (PID=16392) to work on /home/ubuntu/.local/lib/python3.10/site-packages/airflow/example_dags/tutorial.py
[2024-02-01T23:14:26.496+0100] {processor.py:830} INFO - Processing file /home/ubuntu/.local/lib/python3.10/site-packages/airflow/example_dags/tutorial.py for tasks to queue
[2024-02-01T23:14:26.496+0100] {logging_mixin.py:188} INFO - [2024-02-01T23:14:26.496+0100] {dagbag.py:538} INFO - Filling up the DagBag from /home/ubuntu/.local/lib/python3.10/site-packages/airflow/example_dags/tutorial.py
[2024-02-01T23:14:26.519+0100] {processor.py:840} INFO - DAG(s) 'tutorial' retrieved from /home/ubuntu/.local/lib/python3.10/site-packages/airflow/example_dags/tutorial.py
[2024-02-01T23:14:26.552+0100] {logging_mixin.py:188} INFO - [2024-02-01T23:14:26.552+0100] {dag.py:3033} INFO - Sync 1 DAGs
[2024-02-01T23:14:26.584+0100] {logging_mixin.py:188} INFO - [2024-02-01T23:14:26.584+0100] {dag.py:3820} INFO - Setting next_dagrun for tutorial to 2024-01-31T00:00:00+00:00, run_after=2024-02-01T00:00:00+00:00
[2024-02-01T23:14:26.711+0100] {processor.py:183} INFO - Processing /home/ubuntu/.local/lib/python3.10/site-packages/airflow/example_dags/tutorial.py took 0.228 seconds
