[2024-01-30T13:50:43.579+0100] {processor.py:161} INFO - Started process (PID=6155) to work on /home/ubuntu/.local/lib/python3.10/site-packages/airflow/example_dags/example_trigger_controller_dag.py
[2024-01-30T13:50:43.581+0100] {processor.py:830} INFO - Processing file /home/ubuntu/.local/lib/python3.10/site-packages/airflow/example_dags/example_trigger_controller_dag.py for tasks to queue
[2024-01-30T13:50:43.582+0100] {logging_mixin.py:188} INFO - [2024-01-30T13:50:43.581+0100] {dagbag.py:538} INFO - Filling up the DagBag from /home/ubuntu/.local/lib/python3.10/site-packages/airflow/example_dags/example_trigger_controller_dag.py
[2024-01-30T13:50:43.598+0100] {processor.py:840} INFO - DAG(s) 'example_trigger_controller_dag' retrieved from /home/ubuntu/.local/lib/python3.10/site-packages/airflow/example_dags/example_trigger_controller_dag.py
[2024-01-30T13:50:43.912+0100] {logging_mixin.py:188} INFO - [2024-01-30T13:50:43.912+0100] {dag.py:3033} INFO - Sync 1 DAGs
[2024-01-30T13:50:43.971+0100] {logging_mixin.py:188} INFO - [2024-01-30T13:50:43.971+0100] {dag.py:3820} INFO - Setting next_dagrun for example_trigger_controller_dag to 2021-01-01T00:00:00+00:00, run_after=2021-01-01T00:00:00+00:00
[2024-01-30T13:50:44.035+0100] {processor.py:183} INFO - Processing /home/ubuntu/.local/lib/python3.10/site-packages/airflow/example_dags/example_trigger_controller_dag.py took 0.464 seconds
[2024-01-30T13:52:06.990+0100] {processor.py:161} INFO - Started process (PID=6216) to work on /home/ubuntu/.local/lib/python3.10/site-packages/airflow/example_dags/example_trigger_controller_dag.py
[2024-01-30T13:52:06.993+0100] {processor.py:830} INFO - Processing file /home/ubuntu/.local/lib/python3.10/site-packages/airflow/example_dags/example_trigger_controller_dag.py for tasks to queue
[2024-01-30T13:52:06.998+0100] {logging_mixin.py:188} INFO - [2024-01-30T13:52:06.997+0100] {dagbag.py:538} INFO - Filling up the DagBag from /home/ubuntu/.local/lib/python3.10/site-packages/airflow/example_dags/example_trigger_controller_dag.py
[2024-01-30T13:52:07.008+0100] {processor.py:840} INFO - DAG(s) 'example_trigger_controller_dag' retrieved from /home/ubuntu/.local/lib/python3.10/site-packages/airflow/example_dags/example_trigger_controller_dag.py
[2024-01-30T13:52:07.057+0100] {logging_mixin.py:188} INFO - [2024-01-30T13:52:07.056+0100] {dag.py:3033} INFO - Sync 1 DAGs
[2024-01-30T13:52:07.132+0100] {logging_mixin.py:188} INFO - [2024-01-30T13:52:07.132+0100] {dag.py:3820} INFO - Setting next_dagrun for example_trigger_controller_dag to 2021-01-01T00:00:00+00:00, run_after=2021-01-01T00:00:00+00:00
[2024-01-30T13:52:07.182+0100] {processor.py:183} INFO - Processing /home/ubuntu/.local/lib/python3.10/site-packages/airflow/example_dags/example_trigger_controller_dag.py took 0.198 seconds
[2024-01-30T15:53:16.848+0100] {processor.py:161} INFO - Started process (PID=6360) to work on /home/ubuntu/.local/lib/python3.10/site-packages/airflow/example_dags/example_trigger_controller_dag.py
[2024-01-30T15:53:16.853+0100] {processor.py:830} INFO - Processing file /home/ubuntu/.local/lib/python3.10/site-packages/airflow/example_dags/example_trigger_controller_dag.py for tasks to queue
[2024-01-30T15:53:16.855+0100] {logging_mixin.py:188} INFO - [2024-01-30T15:53:16.854+0100] {dagbag.py:538} INFO - Filling up the DagBag from /home/ubuntu/.local/lib/python3.10/site-packages/airflow/example_dags/example_trigger_controller_dag.py
[2024-01-30T15:53:16.862+0100] {processor.py:840} INFO - DAG(s) 'example_trigger_controller_dag' retrieved from /home/ubuntu/.local/lib/python3.10/site-packages/airflow/example_dags/example_trigger_controller_dag.py
[2024-01-30T15:53:16.884+0100] {logging_mixin.py:188} INFO - [2024-01-30T15:53:16.883+0100] {dag.py:3033} INFO - Sync 1 DAGs
[2024-01-30T15:53:16.910+0100] {logging_mixin.py:188} INFO - [2024-01-30T15:53:16.909+0100] {dag.py:3820} INFO - Setting next_dagrun for example_trigger_controller_dag to 2021-01-01T00:00:00+00:00, run_after=2021-01-01T00:00:00+00:00
[2024-01-30T15:53:16.948+0100] {processor.py:183} INFO - Processing /home/ubuntu/.local/lib/python3.10/site-packages/airflow/example_dags/example_trigger_controller_dag.py took 0.106 seconds
[2024-01-30T15:54:08.086+0100] {processor.py:161} INFO - Started process (PID=6408) to work on /home/ubuntu/.local/lib/python3.10/site-packages/airflow/example_dags/example_trigger_controller_dag.py
[2024-01-30T15:54:08.090+0100] {processor.py:830} INFO - Processing file /home/ubuntu/.local/lib/python3.10/site-packages/airflow/example_dags/example_trigger_controller_dag.py for tasks to queue
[2024-01-30T15:54:08.091+0100] {logging_mixin.py:188} INFO - [2024-01-30T15:54:08.091+0100] {dagbag.py:538} INFO - Filling up the DagBag from /home/ubuntu/.local/lib/python3.10/site-packages/airflow/example_dags/example_trigger_controller_dag.py
[2024-01-30T15:54:08.100+0100] {processor.py:840} INFO - DAG(s) 'example_trigger_controller_dag' retrieved from /home/ubuntu/.local/lib/python3.10/site-packages/airflow/example_dags/example_trigger_controller_dag.py
[2024-01-30T15:54:08.123+0100] {logging_mixin.py:188} INFO - [2024-01-30T15:54:08.123+0100] {dag.py:3033} INFO - Sync 1 DAGs
[2024-01-30T15:54:08.149+0100] {logging_mixin.py:188} INFO - [2024-01-30T15:54:08.148+0100] {dag.py:3820} INFO - Setting next_dagrun for example_trigger_controller_dag to 2021-01-01T00:00:00+00:00, run_after=2021-01-01T00:00:00+00:00
[2024-01-30T15:54:08.198+0100] {processor.py:183} INFO - Processing /home/ubuntu/.local/lib/python3.10/site-packages/airflow/example_dags/example_trigger_controller_dag.py took 0.119 seconds
[2024-01-30T15:55:10.946+0100] {processor.py:161} INFO - Started process (PID=6487) to work on /home/ubuntu/.local/lib/python3.10/site-packages/airflow/example_dags/example_trigger_controller_dag.py
[2024-01-30T15:55:10.953+0100] {processor.py:830} INFO - Processing file /home/ubuntu/.local/lib/python3.10/site-packages/airflow/example_dags/example_trigger_controller_dag.py for tasks to queue
[2024-01-30T15:55:10.956+0100] {logging_mixin.py:188} INFO - [2024-01-30T15:55:10.955+0100] {dagbag.py:538} INFO - Filling up the DagBag from /home/ubuntu/.local/lib/python3.10/site-packages/airflow/example_dags/example_trigger_controller_dag.py
[2024-01-30T15:55:10.970+0100] {processor.py:840} INFO - DAG(s) 'example_trigger_controller_dag' retrieved from /home/ubuntu/.local/lib/python3.10/site-packages/airflow/example_dags/example_trigger_controller_dag.py
[2024-01-30T15:55:10.992+0100] {logging_mixin.py:188} INFO - [2024-01-30T15:55:10.992+0100] {dag.py:3033} INFO - Sync 1 DAGs
[2024-01-30T15:55:11.021+0100] {logging_mixin.py:188} INFO - [2024-01-30T15:55:11.021+0100] {dag.py:3820} INFO - Setting next_dagrun for example_trigger_controller_dag to 2021-01-01T00:00:00+00:00, run_after=2021-01-01T00:00:00+00:00
[2024-01-30T15:55:11.057+0100] {processor.py:183} INFO - Processing /home/ubuntu/.local/lib/python3.10/site-packages/airflow/example_dags/example_trigger_controller_dag.py took 0.119 seconds
[2024-01-30T15:56:11.287+0100] {processor.py:161} INFO - Started process (PID=6544) to work on /home/ubuntu/.local/lib/python3.10/site-packages/airflow/example_dags/example_trigger_controller_dag.py
[2024-01-30T15:56:11.289+0100] {processor.py:830} INFO - Processing file /home/ubuntu/.local/lib/python3.10/site-packages/airflow/example_dags/example_trigger_controller_dag.py for tasks to queue
[2024-01-30T15:56:11.291+0100] {logging_mixin.py:188} INFO - [2024-01-30T15:56:11.290+0100] {dagbag.py:538} INFO - Filling up the DagBag from /home/ubuntu/.local/lib/python3.10/site-packages/airflow/example_dags/example_trigger_controller_dag.py
[2024-01-30T15:56:11.298+0100] {processor.py:840} INFO - DAG(s) 'example_trigger_controller_dag' retrieved from /home/ubuntu/.local/lib/python3.10/site-packages/airflow/example_dags/example_trigger_controller_dag.py
[2024-01-30T15:56:11.321+0100] {logging_mixin.py:188} INFO - [2024-01-30T15:56:11.321+0100] {dag.py:3033} INFO - Sync 1 DAGs
[2024-01-30T15:56:11.349+0100] {logging_mixin.py:188} INFO - [2024-01-30T15:56:11.348+0100] {dag.py:3820} INFO - Setting next_dagrun for example_trigger_controller_dag to 2021-01-01T00:00:00+00:00, run_after=2021-01-01T00:00:00+00:00
[2024-01-30T15:56:11.389+0100] {processor.py:183} INFO - Processing /home/ubuntu/.local/lib/python3.10/site-packages/airflow/example_dags/example_trigger_controller_dag.py took 0.107 seconds
[2024-01-30T15:58:59.583+0100] {processor.py:161} INFO - Started process (PID=7570) to work on /home/ubuntu/.local/lib/python3.10/site-packages/airflow/example_dags/example_trigger_controller_dag.py
[2024-01-30T15:58:59.588+0100] {processor.py:830} INFO - Processing file /home/ubuntu/.local/lib/python3.10/site-packages/airflow/example_dags/example_trigger_controller_dag.py for tasks to queue
[2024-01-30T15:58:59.589+0100] {logging_mixin.py:188} INFO - [2024-01-30T15:58:59.589+0100] {dagbag.py:538} INFO - Filling up the DagBag from /home/ubuntu/.local/lib/python3.10/site-packages/airflow/example_dags/example_trigger_controller_dag.py
[2024-01-30T15:58:59.602+0100] {processor.py:840} INFO - DAG(s) 'example_trigger_controller_dag' retrieved from /home/ubuntu/.local/lib/python3.10/site-packages/airflow/example_dags/example_trigger_controller_dag.py
[2024-01-30T15:58:59.655+0100] {logging_mixin.py:188} INFO - [2024-01-30T15:58:59.655+0100] {dag.py:3033} INFO - Sync 1 DAGs
[2024-01-30T15:58:59.742+0100] {logging_mixin.py:188} INFO - [2024-01-30T15:58:59.742+0100] {dag.py:3820} INFO - Setting next_dagrun for example_trigger_controller_dag to 2021-01-01T00:00:00+00:00, run_after=2021-01-01T00:00:00+00:00
[2024-01-30T15:58:59.851+0100] {processor.py:183} INFO - Processing /home/ubuntu/.local/lib/python3.10/site-packages/airflow/example_dags/example_trigger_controller_dag.py took 0.281 seconds
[2024-01-30T16:00:47.954+0100] {processor.py:161} INFO - Started process (PID=8335) to work on /home/ubuntu/.local/lib/python3.10/site-packages/airflow/example_dags/example_trigger_controller_dag.py
[2024-01-30T16:00:47.958+0100] {processor.py:830} INFO - Processing file /home/ubuntu/.local/lib/python3.10/site-packages/airflow/example_dags/example_trigger_controller_dag.py for tasks to queue
[2024-01-30T16:00:47.962+0100] {logging_mixin.py:188} INFO - [2024-01-30T16:00:47.960+0100] {dagbag.py:538} INFO - Filling up the DagBag from /home/ubuntu/.local/lib/python3.10/site-packages/airflow/example_dags/example_trigger_controller_dag.py
[2024-01-30T16:00:48.002+0100] {processor.py:840} INFO - DAG(s) 'example_trigger_controller_dag' retrieved from /home/ubuntu/.local/lib/python3.10/site-packages/airflow/example_dags/example_trigger_controller_dag.py
[2024-01-30T16:00:48.089+0100] {logging_mixin.py:188} INFO - [2024-01-30T16:00:48.089+0100] {dag.py:3033} INFO - Sync 1 DAGs
[2024-01-30T16:00:48.141+0100] {logging_mixin.py:188} INFO - [2024-01-30T16:00:48.141+0100] {dag.py:3820} INFO - Setting next_dagrun for example_trigger_controller_dag to 2021-01-01T00:00:00+00:00, run_after=2021-01-01T00:00:00+00:00
[2024-01-30T16:00:48.272+0100] {processor.py:183} INFO - Processing /home/ubuntu/.local/lib/python3.10/site-packages/airflow/example_dags/example_trigger_controller_dag.py took 0.325 seconds
[2024-01-30T16:01:56.069+0100] {processor.py:161} INFO - Started process (PID=8397) to work on /home/ubuntu/.local/lib/python3.10/site-packages/airflow/example_dags/example_trigger_controller_dag.py
[2024-01-30T16:01:56.072+0100] {processor.py:830} INFO - Processing file /home/ubuntu/.local/lib/python3.10/site-packages/airflow/example_dags/example_trigger_controller_dag.py for tasks to queue
[2024-01-30T16:01:56.075+0100] {logging_mixin.py:188} INFO - [2024-01-30T16:01:56.074+0100] {dagbag.py:538} INFO - Filling up the DagBag from /home/ubuntu/.local/lib/python3.10/site-packages/airflow/example_dags/example_trigger_controller_dag.py
[2024-01-30T16:01:56.090+0100] {processor.py:840} INFO - DAG(s) 'example_trigger_controller_dag' retrieved from /home/ubuntu/.local/lib/python3.10/site-packages/airflow/example_dags/example_trigger_controller_dag.py
[2024-01-30T16:01:56.177+0100] {logging_mixin.py:188} INFO - [2024-01-30T16:01:56.177+0100] {dag.py:3033} INFO - Sync 1 DAGs
[2024-01-30T16:01:56.239+0100] {logging_mixin.py:188} INFO - [2024-01-30T16:01:56.238+0100] {dag.py:3820} INFO - Setting next_dagrun for example_trigger_controller_dag to 2021-01-01T00:00:00+00:00, run_after=2021-01-01T00:00:00+00:00
[2024-01-30T16:01:56.317+0100] {processor.py:183} INFO - Processing /home/ubuntu/.local/lib/python3.10/site-packages/airflow/example_dags/example_trigger_controller_dag.py took 0.266 seconds
[2024-01-30T16:02:51.423+0100] {processor.py:161} INFO - Started process (PID=8439) to work on /home/ubuntu/.local/lib/python3.10/site-packages/airflow/example_dags/example_trigger_controller_dag.py
[2024-01-30T16:02:51.429+0100] {processor.py:830} INFO - Processing file /home/ubuntu/.local/lib/python3.10/site-packages/airflow/example_dags/example_trigger_controller_dag.py for tasks to queue
[2024-01-30T16:02:51.432+0100] {logging_mixin.py:188} INFO - [2024-01-30T16:02:51.430+0100] {dagbag.py:538} INFO - Filling up the DagBag from /home/ubuntu/.local/lib/python3.10/site-packages/airflow/example_dags/example_trigger_controller_dag.py
[2024-01-30T16:02:51.444+0100] {processor.py:840} INFO - DAG(s) 'example_trigger_controller_dag' retrieved from /home/ubuntu/.local/lib/python3.10/site-packages/airflow/example_dags/example_trigger_controller_dag.py
[2024-01-30T16:02:51.564+0100] {logging_mixin.py:188} INFO - [2024-01-30T16:02:51.563+0100] {dag.py:3033} INFO - Sync 1 DAGs
[2024-01-30T16:02:51.628+0100] {logging_mixin.py:188} INFO - [2024-01-30T16:02:51.628+0100] {dag.py:3820} INFO - Setting next_dagrun for example_trigger_controller_dag to 2021-01-01T00:00:00+00:00, run_after=2021-01-01T00:00:00+00:00
[2024-01-30T16:02:51.723+0100] {processor.py:183} INFO - Processing /home/ubuntu/.local/lib/python3.10/site-packages/airflow/example_dags/example_trigger_controller_dag.py took 0.307 seconds
[2024-01-30T16:07:25.747+0100] {processor.py:161} INFO - Started process (PID=9304) to work on /home/ubuntu/.local/lib/python3.10/site-packages/airflow/example_dags/example_trigger_controller_dag.py
[2024-01-30T16:07:25.750+0100] {processor.py:830} INFO - Processing file /home/ubuntu/.local/lib/python3.10/site-packages/airflow/example_dags/example_trigger_controller_dag.py for tasks to queue
[2024-01-30T16:07:25.752+0100] {logging_mixin.py:188} INFO - [2024-01-30T16:07:25.751+0100] {dagbag.py:538} INFO - Filling up the DagBag from /home/ubuntu/.local/lib/python3.10/site-packages/airflow/example_dags/example_trigger_controller_dag.py
[2024-01-30T16:07:25.761+0100] {processor.py:840} INFO - DAG(s) 'example_trigger_controller_dag' retrieved from /home/ubuntu/.local/lib/python3.10/site-packages/airflow/example_dags/example_trigger_controller_dag.py
[2024-01-30T16:07:25.794+0100] {logging_mixin.py:188} INFO - [2024-01-30T16:07:25.794+0100] {dag.py:3033} INFO - Sync 1 DAGs
[2024-01-30T16:07:25.827+0100] {logging_mixin.py:188} INFO - [2024-01-30T16:07:25.826+0100] {dag.py:3820} INFO - Setting next_dagrun for example_trigger_controller_dag to 2021-01-01T00:00:00+00:00, run_after=2021-01-01T00:00:00+00:00
[2024-01-30T16:07:25.878+0100] {processor.py:183} INFO - Processing /home/ubuntu/.local/lib/python3.10/site-packages/airflow/example_dags/example_trigger_controller_dag.py took 0.137 seconds
[2024-01-30T16:15:28.733+0100] {processor.py:161} INFO - Started process (PID=5461) to work on /home/ubuntu/.local/lib/python3.10/site-packages/airflow/example_dags/example_trigger_controller_dag.py
[2024-01-30T16:15:28.740+0100] {processor.py:830} INFO - Processing file /home/ubuntu/.local/lib/python3.10/site-packages/airflow/example_dags/example_trigger_controller_dag.py for tasks to queue
[2024-01-30T16:15:28.744+0100] {logging_mixin.py:188} INFO - [2024-01-30T16:15:28.743+0100] {dagbag.py:538} INFO - Filling up the DagBag from /home/ubuntu/.local/lib/python3.10/site-packages/airflow/example_dags/example_trigger_controller_dag.py
[2024-01-30T16:15:28.776+0100] {processor.py:840} INFO - DAG(s) 'example_trigger_controller_dag' retrieved from /home/ubuntu/.local/lib/python3.10/site-packages/airflow/example_dags/example_trigger_controller_dag.py
[2024-01-30T16:15:29.113+0100] {logging_mixin.py:188} INFO - [2024-01-30T16:15:29.113+0100] {dag.py:3033} INFO - Sync 1 DAGs
[2024-01-30T16:15:29.141+0100] {logging_mixin.py:188} INFO - [2024-01-30T16:15:29.141+0100] {dag.py:3820} INFO - Setting next_dagrun for example_trigger_controller_dag to 2021-01-01T00:00:00+00:00, run_after=2021-01-01T00:00:00+00:00
[2024-01-30T16:15:29.191+0100] {processor.py:183} INFO - Processing /home/ubuntu/.local/lib/python3.10/site-packages/airflow/example_dags/example_trigger_controller_dag.py took 0.484 seconds
[2024-01-30T16:17:59.913+0100] {processor.py:161} INFO - Started process (PID=5640) to work on /home/ubuntu/.local/lib/python3.10/site-packages/airflow/example_dags/example_trigger_controller_dag.py
[2024-01-30T16:17:59.919+0100] {processor.py:830} INFO - Processing file /home/ubuntu/.local/lib/python3.10/site-packages/airflow/example_dags/example_trigger_controller_dag.py for tasks to queue
[2024-01-30T16:17:59.926+0100] {logging_mixin.py:188} INFO - [2024-01-30T16:17:59.921+0100] {dagbag.py:538} INFO - Filling up the DagBag from /home/ubuntu/.local/lib/python3.10/site-packages/airflow/example_dags/example_trigger_controller_dag.py
[2024-01-30T16:17:59.956+0100] {processor.py:840} INFO - DAG(s) 'example_trigger_controller_dag' retrieved from /home/ubuntu/.local/lib/python3.10/site-packages/airflow/example_dags/example_trigger_controller_dag.py
[2024-01-30T16:18:00.051+0100] {logging_mixin.py:188} INFO - [2024-01-30T16:18:00.050+0100] {dag.py:3033} INFO - Sync 1 DAGs
[2024-01-30T16:18:00.096+0100] {logging_mixin.py:188} INFO - [2024-01-30T16:18:00.095+0100] {dag.py:3820} INFO - Setting next_dagrun for example_trigger_controller_dag to 2021-01-01T00:00:00+00:00, run_after=2021-01-01T00:00:00+00:00
[2024-01-30T16:18:00.207+0100] {processor.py:183} INFO - Processing /home/ubuntu/.local/lib/python3.10/site-packages/airflow/example_dags/example_trigger_controller_dag.py took 0.301 seconds
[2024-01-30T16:19:30.297+0100] {processor.py:161} INFO - Started process (PID=5787) to work on /home/ubuntu/.local/lib/python3.10/site-packages/airflow/example_dags/example_trigger_controller_dag.py
[2024-01-30T16:19:30.305+0100] {processor.py:830} INFO - Processing file /home/ubuntu/.local/lib/python3.10/site-packages/airflow/example_dags/example_trigger_controller_dag.py for tasks to queue
[2024-01-30T16:19:30.311+0100] {logging_mixin.py:188} INFO - [2024-01-30T16:19:30.309+0100] {dagbag.py:538} INFO - Filling up the DagBag from /home/ubuntu/.local/lib/python3.10/site-packages/airflow/example_dags/example_trigger_controller_dag.py
[2024-01-30T16:19:30.324+0100] {processor.py:840} INFO - DAG(s) 'example_trigger_controller_dag' retrieved from /home/ubuntu/.local/lib/python3.10/site-packages/airflow/example_dags/example_trigger_controller_dag.py
[2024-01-30T16:19:30.357+0100] {logging_mixin.py:188} INFO - [2024-01-30T16:19:30.357+0100] {dag.py:3033} INFO - Sync 1 DAGs
[2024-01-30T16:19:30.404+0100] {logging_mixin.py:188} INFO - [2024-01-30T16:19:30.404+0100] {dag.py:3820} INFO - Setting next_dagrun for example_trigger_controller_dag to 2021-01-01T00:00:00+00:00, run_after=2021-01-01T00:00:00+00:00
[2024-01-30T16:19:30.506+0100] {processor.py:183} INFO - Processing /home/ubuntu/.local/lib/python3.10/site-packages/airflow/example_dags/example_trigger_controller_dag.py took 0.217 seconds
[2024-01-30T16:21:09.018+0100] {processor.py:161} INFO - Started process (PID=6206) to work on /home/ubuntu/.local/lib/python3.10/site-packages/airflow/example_dags/example_trigger_controller_dag.py
[2024-01-30T16:21:09.027+0100] {processor.py:830} INFO - Processing file /home/ubuntu/.local/lib/python3.10/site-packages/airflow/example_dags/example_trigger_controller_dag.py for tasks to queue
[2024-01-30T16:21:09.034+0100] {logging_mixin.py:188} INFO - [2024-01-30T16:21:09.029+0100] {dagbag.py:538} INFO - Filling up the DagBag from /home/ubuntu/.local/lib/python3.10/site-packages/airflow/example_dags/example_trigger_controller_dag.py
[2024-01-30T16:21:09.094+0100] {processor.py:840} INFO - DAG(s) 'example_trigger_controller_dag' retrieved from /home/ubuntu/.local/lib/python3.10/site-packages/airflow/example_dags/example_trigger_controller_dag.py
[2024-01-30T16:21:09.203+0100] {logging_mixin.py:188} INFO - [2024-01-30T16:21:09.197+0100] {dag.py:3033} INFO - Sync 1 DAGs
[2024-01-30T16:21:09.388+0100] {logging_mixin.py:188} INFO - [2024-01-30T16:21:09.388+0100] {dag.py:3820} INFO - Setting next_dagrun for example_trigger_controller_dag to 2021-01-01T00:00:00+00:00, run_after=2021-01-01T00:00:00+00:00
[2024-01-30T16:21:09.512+0100] {processor.py:183} INFO - Processing /home/ubuntu/.local/lib/python3.10/site-packages/airflow/example_dags/example_trigger_controller_dag.py took 0.508 seconds
[2024-01-30T16:24:58.019+0100] {processor.py:161} INFO - Started process (PID=7361) to work on /home/ubuntu/.local/lib/python3.10/site-packages/airflow/example_dags/example_trigger_controller_dag.py
[2024-01-30T16:24:58.023+0100] {processor.py:830} INFO - Processing file /home/ubuntu/.local/lib/python3.10/site-packages/airflow/example_dags/example_trigger_controller_dag.py for tasks to queue
[2024-01-30T16:24:58.025+0100] {logging_mixin.py:188} INFO - [2024-01-30T16:24:58.024+0100] {dagbag.py:538} INFO - Filling up the DagBag from /home/ubuntu/.local/lib/python3.10/site-packages/airflow/example_dags/example_trigger_controller_dag.py
[2024-01-30T16:24:58.036+0100] {processor.py:840} INFO - DAG(s) 'example_trigger_controller_dag' retrieved from /home/ubuntu/.local/lib/python3.10/site-packages/airflow/example_dags/example_trigger_controller_dag.py
[2024-01-30T16:24:58.213+0100] {logging_mixin.py:188} INFO - [2024-01-30T16:24:58.213+0100] {dag.py:3033} INFO - Sync 1 DAGs
[2024-01-30T16:24:58.233+0100] {logging_mixin.py:188} INFO - [2024-01-30T16:24:58.233+0100] {dag.py:3820} INFO - Setting next_dagrun for example_trigger_controller_dag to 2021-01-01T00:00:00+00:00, run_after=2021-01-01T00:00:00+00:00
[2024-01-30T16:24:58.271+0100] {processor.py:183} INFO - Processing /home/ubuntu/.local/lib/python3.10/site-packages/airflow/example_dags/example_trigger_controller_dag.py took 0.258 seconds
[2024-01-30T16:30:06.753+0100] {processor.py:161} INFO - Started process (PID=8348) to work on /home/ubuntu/.local/lib/python3.10/site-packages/airflow/example_dags/example_trigger_controller_dag.py
[2024-01-30T16:30:06.760+0100] {processor.py:830} INFO - Processing file /home/ubuntu/.local/lib/python3.10/site-packages/airflow/example_dags/example_trigger_controller_dag.py for tasks to queue
[2024-01-30T16:30:06.763+0100] {logging_mixin.py:188} INFO - [2024-01-30T16:30:06.762+0100] {dagbag.py:538} INFO - Filling up the DagBag from /home/ubuntu/.local/lib/python3.10/site-packages/airflow/example_dags/example_trigger_controller_dag.py
[2024-01-30T16:30:06.836+0100] {processor.py:840} INFO - DAG(s) 'example_trigger_controller_dag' retrieved from /home/ubuntu/.local/lib/python3.10/site-packages/airflow/example_dags/example_trigger_controller_dag.py
[2024-01-30T16:30:06.938+0100] {logging_mixin.py:188} INFO - [2024-01-30T16:30:06.937+0100] {dag.py:3033} INFO - Sync 1 DAGs
[2024-01-30T16:30:07.450+0100] {logging_mixin.py:188} INFO - [2024-01-30T16:30:07.446+0100] {dag.py:3820} INFO - Setting next_dagrun for example_trigger_controller_dag to 2021-01-01T00:00:00+00:00, run_after=2021-01-01T00:00:00+00:00
[2024-01-30T16:30:07.948+0100] {processor.py:183} INFO - Processing /home/ubuntu/.local/lib/python3.10/site-packages/airflow/example_dags/example_trigger_controller_dag.py took 1.203 seconds
[2024-01-30T16:32:09.392+0100] {processor.py:161} INFO - Started process (PID=8745) to work on /home/ubuntu/.local/lib/python3.10/site-packages/airflow/example_dags/example_trigger_controller_dag.py
[2024-01-30T16:32:09.398+0100] {processor.py:830} INFO - Processing file /home/ubuntu/.local/lib/python3.10/site-packages/airflow/example_dags/example_trigger_controller_dag.py for tasks to queue
[2024-01-30T16:32:09.402+0100] {logging_mixin.py:188} INFO - [2024-01-30T16:32:09.401+0100] {dagbag.py:538} INFO - Filling up the DagBag from /home/ubuntu/.local/lib/python3.10/site-packages/airflow/example_dags/example_trigger_controller_dag.py
[2024-01-30T16:32:09.444+0100] {processor.py:840} INFO - DAG(s) 'example_trigger_controller_dag' retrieved from /home/ubuntu/.local/lib/python3.10/site-packages/airflow/example_dags/example_trigger_controller_dag.py
[2024-01-30T16:32:09.615+0100] {logging_mixin.py:188} INFO - [2024-01-30T16:32:09.614+0100] {dag.py:3033} INFO - Sync 1 DAGs
[2024-01-30T16:32:09.728+0100] {logging_mixin.py:188} INFO - [2024-01-30T16:32:09.727+0100] {dag.py:3820} INFO - Setting next_dagrun for example_trigger_controller_dag to 2021-01-01T00:00:00+00:00, run_after=2021-01-01T00:00:00+00:00
[2024-01-30T16:32:09.825+0100] {processor.py:183} INFO - Processing /home/ubuntu/.local/lib/python3.10/site-packages/airflow/example_dags/example_trigger_controller_dag.py took 0.447 seconds
[2024-01-30T16:33:16.594+0100] {processor.py:161} INFO - Started process (PID=9413) to work on /home/ubuntu/.local/lib/python3.10/site-packages/airflow/example_dags/example_trigger_controller_dag.py
[2024-01-30T16:33:16.601+0100] {processor.py:830} INFO - Processing file /home/ubuntu/.local/lib/python3.10/site-packages/airflow/example_dags/example_trigger_controller_dag.py for tasks to queue
[2024-01-30T16:33:16.605+0100] {logging_mixin.py:188} INFO - [2024-01-30T16:33:16.604+0100] {dagbag.py:538} INFO - Filling up the DagBag from /home/ubuntu/.local/lib/python3.10/site-packages/airflow/example_dags/example_trigger_controller_dag.py
[2024-01-30T16:33:16.621+0100] {processor.py:840} INFO - DAG(s) 'example_trigger_controller_dag' retrieved from /home/ubuntu/.local/lib/python3.10/site-packages/airflow/example_dags/example_trigger_controller_dag.py
[2024-01-30T16:33:16.657+0100] {logging_mixin.py:188} INFO - [2024-01-30T16:33:16.656+0100] {dag.py:3033} INFO - Sync 1 DAGs
[2024-01-30T16:33:16.700+0100] {logging_mixin.py:188} INFO - [2024-01-30T16:33:16.699+0100] {dag.py:3820} INFO - Setting next_dagrun for example_trigger_controller_dag to 2021-01-01T00:00:00+00:00, run_after=2021-01-01T00:00:00+00:00
[2024-01-30T16:33:16.766+0100] {processor.py:183} INFO - Processing /home/ubuntu/.local/lib/python3.10/site-packages/airflow/example_dags/example_trigger_controller_dag.py took 0.197 seconds
[2024-01-30T16:48:23.896+0100] {processor.py:161} INFO - Started process (PID=5119) to work on /home/ubuntu/.local/lib/python3.10/site-packages/airflow/example_dags/example_trigger_controller_dag.py
[2024-01-30T16:48:23.903+0100] {processor.py:830} INFO - Processing file /home/ubuntu/.local/lib/python3.10/site-packages/airflow/example_dags/example_trigger_controller_dag.py for tasks to queue
[2024-01-30T16:48:23.905+0100] {logging_mixin.py:188} INFO - [2024-01-30T16:48:23.905+0100] {dagbag.py:538} INFO - Filling up the DagBag from /home/ubuntu/.local/lib/python3.10/site-packages/airflow/example_dags/example_trigger_controller_dag.py
[2024-01-30T16:48:23.942+0100] {processor.py:840} INFO - DAG(s) 'example_trigger_controller_dag' retrieved from /home/ubuntu/.local/lib/python3.10/site-packages/airflow/example_dags/example_trigger_controller_dag.py
[2024-01-30T16:48:24.228+0100] {logging_mixin.py:188} INFO - [2024-01-30T16:48:24.225+0100] {dag.py:3033} INFO - Sync 1 DAGs
[2024-01-30T16:48:24.268+0100] {logging_mixin.py:188} INFO - [2024-01-30T16:48:24.268+0100] {dag.py:3820} INFO - Setting next_dagrun for example_trigger_controller_dag to 2021-01-01T00:00:00+00:00, run_after=2021-01-01T00:00:00+00:00
[2024-01-30T16:48:24.326+0100] {processor.py:183} INFO - Processing /home/ubuntu/.local/lib/python3.10/site-packages/airflow/example_dags/example_trigger_controller_dag.py took 0.437 seconds
[2024-01-30T16:50:54.085+0100] {processor.py:161} INFO - Started process (PID=5326) to work on /home/ubuntu/.local/lib/python3.10/site-packages/airflow/example_dags/example_trigger_controller_dag.py
[2024-01-30T16:50:54.103+0100] {processor.py:830} INFO - Processing file /home/ubuntu/.local/lib/python3.10/site-packages/airflow/example_dags/example_trigger_controller_dag.py for tasks to queue
[2024-01-30T16:50:54.106+0100] {logging_mixin.py:188} INFO - [2024-01-30T16:50:54.105+0100] {dagbag.py:538} INFO - Filling up the DagBag from /home/ubuntu/.local/lib/python3.10/site-packages/airflow/example_dags/example_trigger_controller_dag.py
[2024-01-30T16:50:54.115+0100] {processor.py:840} INFO - DAG(s) 'example_trigger_controller_dag' retrieved from /home/ubuntu/.local/lib/python3.10/site-packages/airflow/example_dags/example_trigger_controller_dag.py
[2024-01-30T16:50:54.142+0100] {logging_mixin.py:188} INFO - [2024-01-30T16:50:54.142+0100] {dag.py:3033} INFO - Sync 1 DAGs
[2024-01-30T16:50:54.167+0100] {logging_mixin.py:188} INFO - [2024-01-30T16:50:54.167+0100] {dag.py:3820} INFO - Setting next_dagrun for example_trigger_controller_dag to 2021-01-01T00:00:00+00:00, run_after=2021-01-01T00:00:00+00:00
[2024-01-30T16:50:54.204+0100] {processor.py:183} INFO - Processing /home/ubuntu/.local/lib/python3.10/site-packages/airflow/example_dags/example_trigger_controller_dag.py took 0.143 seconds
[2024-01-30T16:52:11.282+0100] {processor.py:161} INFO - Started process (PID=5391) to work on /home/ubuntu/.local/lib/python3.10/site-packages/airflow/example_dags/example_trigger_controller_dag.py
[2024-01-30T16:52:11.290+0100] {processor.py:830} INFO - Processing file /home/ubuntu/.local/lib/python3.10/site-packages/airflow/example_dags/example_trigger_controller_dag.py for tasks to queue
[2024-01-30T16:52:11.292+0100] {logging_mixin.py:188} INFO - [2024-01-30T16:52:11.291+0100] {dagbag.py:538} INFO - Filling up the DagBag from /home/ubuntu/.local/lib/python3.10/site-packages/airflow/example_dags/example_trigger_controller_dag.py
[2024-01-30T16:52:11.303+0100] {processor.py:840} INFO - DAG(s) 'example_trigger_controller_dag' retrieved from /home/ubuntu/.local/lib/python3.10/site-packages/airflow/example_dags/example_trigger_controller_dag.py
[2024-01-30T16:52:11.336+0100] {logging_mixin.py:188} INFO - [2024-01-30T16:52:11.336+0100] {dag.py:3033} INFO - Sync 1 DAGs
[2024-01-30T16:52:11.401+0100] {logging_mixin.py:188} INFO - [2024-01-30T16:52:11.401+0100] {dag.py:3820} INFO - Setting next_dagrun for example_trigger_controller_dag to 2021-01-01T00:00:00+00:00, run_after=2021-01-01T00:00:00+00:00
[2024-01-30T16:52:11.559+0100] {processor.py:183} INFO - Processing /home/ubuntu/.local/lib/python3.10/site-packages/airflow/example_dags/example_trigger_controller_dag.py took 0.283 seconds
[2024-01-30T16:53:27.157+0100] {processor.py:161} INFO - Started process (PID=5472) to work on /home/ubuntu/.local/lib/python3.10/site-packages/airflow/example_dags/example_trigger_controller_dag.py
[2024-01-30T16:53:27.161+0100] {processor.py:830} INFO - Processing file /home/ubuntu/.local/lib/python3.10/site-packages/airflow/example_dags/example_trigger_controller_dag.py for tasks to queue
[2024-01-30T16:53:27.163+0100] {logging_mixin.py:188} INFO - [2024-01-30T16:53:27.163+0100] {dagbag.py:538} INFO - Filling up the DagBag from /home/ubuntu/.local/lib/python3.10/site-packages/airflow/example_dags/example_trigger_controller_dag.py
[2024-01-30T16:53:27.171+0100] {processor.py:840} INFO - DAG(s) 'example_trigger_controller_dag' retrieved from /home/ubuntu/.local/lib/python3.10/site-packages/airflow/example_dags/example_trigger_controller_dag.py
[2024-01-30T16:53:27.190+0100] {logging_mixin.py:188} INFO - [2024-01-30T16:53:27.190+0100] {dag.py:3033} INFO - Sync 1 DAGs
[2024-01-30T16:53:27.214+0100] {logging_mixin.py:188} INFO - [2024-01-30T16:53:27.213+0100] {dag.py:3820} INFO - Setting next_dagrun for example_trigger_controller_dag to 2021-01-01T00:00:00+00:00, run_after=2021-01-01T00:00:00+00:00
[2024-01-30T16:53:27.254+0100] {processor.py:183} INFO - Processing /home/ubuntu/.local/lib/python3.10/site-packages/airflow/example_dags/example_trigger_controller_dag.py took 0.102 seconds
[2024-01-30T16:55:36.615+0100] {processor.py:161} INFO - Started process (PID=5686) to work on /home/ubuntu/.local/lib/python3.10/site-packages/airflow/example_dags/example_trigger_controller_dag.py
[2024-01-30T16:55:36.619+0100] {processor.py:830} INFO - Processing file /home/ubuntu/.local/lib/python3.10/site-packages/airflow/example_dags/example_trigger_controller_dag.py for tasks to queue
[2024-01-30T16:55:36.621+0100] {logging_mixin.py:188} INFO - [2024-01-30T16:55:36.621+0100] {dagbag.py:538} INFO - Filling up the DagBag from /home/ubuntu/.local/lib/python3.10/site-packages/airflow/example_dags/example_trigger_controller_dag.py
[2024-01-30T16:55:36.654+0100] {processor.py:840} INFO - DAG(s) 'example_trigger_controller_dag' retrieved from /home/ubuntu/.local/lib/python3.10/site-packages/airflow/example_dags/example_trigger_controller_dag.py
[2024-01-30T16:55:36.719+0100] {logging_mixin.py:188} INFO - [2024-01-30T16:55:36.719+0100] {dag.py:3033} INFO - Sync 1 DAGs
[2024-01-30T16:55:36.784+0100] {logging_mixin.py:188} INFO - [2024-01-30T16:55:36.783+0100] {dag.py:3820} INFO - Setting next_dagrun for example_trigger_controller_dag to 2021-01-01T00:00:00+00:00, run_after=2021-01-01T00:00:00+00:00
[2024-01-30T16:55:36.904+0100] {processor.py:183} INFO - Processing /home/ubuntu/.local/lib/python3.10/site-packages/airflow/example_dags/example_trigger_controller_dag.py took 0.297 seconds
[2024-01-30T16:57:02.282+0100] {processor.py:161} INFO - Started process (PID=5759) to work on /home/ubuntu/.local/lib/python3.10/site-packages/airflow/example_dags/example_trigger_controller_dag.py
[2024-01-30T16:57:02.290+0100] {processor.py:830} INFO - Processing file /home/ubuntu/.local/lib/python3.10/site-packages/airflow/example_dags/example_trigger_controller_dag.py for tasks to queue
[2024-01-30T16:57:02.297+0100] {logging_mixin.py:188} INFO - [2024-01-30T16:57:02.292+0100] {dagbag.py:538} INFO - Filling up the DagBag from /home/ubuntu/.local/lib/python3.10/site-packages/airflow/example_dags/example_trigger_controller_dag.py
[2024-01-30T16:57:02.355+0100] {processor.py:840} INFO - DAG(s) 'example_trigger_controller_dag' retrieved from /home/ubuntu/.local/lib/python3.10/site-packages/airflow/example_dags/example_trigger_controller_dag.py
[2024-01-30T16:57:02.399+0100] {logging_mixin.py:188} INFO - [2024-01-30T16:57:02.393+0100] {dag.py:3033} INFO - Sync 1 DAGs
[2024-01-30T16:57:02.473+0100] {logging_mixin.py:188} INFO - [2024-01-30T16:57:02.472+0100] {dag.py:3820} INFO - Setting next_dagrun for example_trigger_controller_dag to 2021-01-01T00:00:00+00:00, run_after=2021-01-01T00:00:00+00:00
[2024-01-30T16:57:02.550+0100] {processor.py:183} INFO - Processing /home/ubuntu/.local/lib/python3.10/site-packages/airflow/example_dags/example_trigger_controller_dag.py took 0.272 seconds
[2024-01-30T16:57:53.417+0100] {processor.py:161} INFO - Started process (PID=5804) to work on /home/ubuntu/.local/lib/python3.10/site-packages/airflow/example_dags/example_trigger_controller_dag.py
[2024-01-30T16:57:53.444+0100] {processor.py:830} INFO - Processing file /home/ubuntu/.local/lib/python3.10/site-packages/airflow/example_dags/example_trigger_controller_dag.py for tasks to queue
[2024-01-30T16:57:53.447+0100] {logging_mixin.py:188} INFO - [2024-01-30T16:57:53.446+0100] {dagbag.py:538} INFO - Filling up the DagBag from /home/ubuntu/.local/lib/python3.10/site-packages/airflow/example_dags/example_trigger_controller_dag.py
[2024-01-30T16:57:53.458+0100] {processor.py:840} INFO - DAG(s) 'example_trigger_controller_dag' retrieved from /home/ubuntu/.local/lib/python3.10/site-packages/airflow/example_dags/example_trigger_controller_dag.py
[2024-01-30T16:57:53.537+0100] {logging_mixin.py:188} INFO - [2024-01-30T16:57:53.537+0100] {dag.py:3033} INFO - Sync 1 DAGs
[2024-01-30T16:57:53.575+0100] {logging_mixin.py:188} INFO - [2024-01-30T16:57:53.574+0100] {dag.py:3820} INFO - Setting next_dagrun for example_trigger_controller_dag to 2021-01-01T00:00:00+00:00, run_after=2021-01-01T00:00:00+00:00
[2024-01-30T16:57:53.648+0100] {processor.py:183} INFO - Processing /home/ubuntu/.local/lib/python3.10/site-packages/airflow/example_dags/example_trigger_controller_dag.py took 0.259 seconds
[2024-01-30T16:59:00.634+0100] {processor.py:161} INFO - Started process (PID=5873) to work on /home/ubuntu/.local/lib/python3.10/site-packages/airflow/example_dags/example_trigger_controller_dag.py
[2024-01-30T16:59:00.637+0100] {processor.py:830} INFO - Processing file /home/ubuntu/.local/lib/python3.10/site-packages/airflow/example_dags/example_trigger_controller_dag.py for tasks to queue
[2024-01-30T16:59:00.642+0100] {logging_mixin.py:188} INFO - [2024-01-30T16:59:00.641+0100] {dagbag.py:538} INFO - Filling up the DagBag from /home/ubuntu/.local/lib/python3.10/site-packages/airflow/example_dags/example_trigger_controller_dag.py
[2024-01-30T16:59:00.653+0100] {processor.py:840} INFO - DAG(s) 'example_trigger_controller_dag' retrieved from /home/ubuntu/.local/lib/python3.10/site-packages/airflow/example_dags/example_trigger_controller_dag.py
[2024-01-30T16:59:00.670+0100] {logging_mixin.py:188} INFO - [2024-01-30T16:59:00.670+0100] {dag.py:3033} INFO - Sync 1 DAGs
[2024-01-30T16:59:00.689+0100] {logging_mixin.py:188} INFO - [2024-01-30T16:59:00.689+0100] {dag.py:3820} INFO - Setting next_dagrun for example_trigger_controller_dag to 2021-01-01T00:00:00+00:00, run_after=2021-01-01T00:00:00+00:00
[2024-01-30T16:59:00.731+0100] {processor.py:183} INFO - Processing /home/ubuntu/.local/lib/python3.10/site-packages/airflow/example_dags/example_trigger_controller_dag.py took 0.100 seconds
[2024-01-30T17:00:45.068+0100] {processor.py:161} INFO - Started process (PID=6076) to work on /home/ubuntu/.local/lib/python3.10/site-packages/airflow/example_dags/example_trigger_controller_dag.py
[2024-01-30T17:00:45.072+0100] {processor.py:830} INFO - Processing file /home/ubuntu/.local/lib/python3.10/site-packages/airflow/example_dags/example_trigger_controller_dag.py for tasks to queue
[2024-01-30T17:00:45.073+0100] {logging_mixin.py:188} INFO - [2024-01-30T17:00:45.073+0100] {dagbag.py:538} INFO - Filling up the DagBag from /home/ubuntu/.local/lib/python3.10/site-packages/airflow/example_dags/example_trigger_controller_dag.py
[2024-01-30T17:00:45.081+0100] {processor.py:840} INFO - DAG(s) 'example_trigger_controller_dag' retrieved from /home/ubuntu/.local/lib/python3.10/site-packages/airflow/example_dags/example_trigger_controller_dag.py
[2024-01-30T17:00:45.098+0100] {logging_mixin.py:188} INFO - [2024-01-30T17:00:45.098+0100] {dag.py:3033} INFO - Sync 1 DAGs
[2024-01-30T17:00:45.180+0100] {logging_mixin.py:188} INFO - [2024-01-30T17:00:45.179+0100] {dag.py:3820} INFO - Setting next_dagrun for example_trigger_controller_dag to 2021-01-01T00:00:00+00:00, run_after=2021-01-01T00:00:00+00:00
[2024-01-30T17:00:45.220+0100] {processor.py:183} INFO - Processing /home/ubuntu/.local/lib/python3.10/site-packages/airflow/example_dags/example_trigger_controller_dag.py took 0.156 seconds
[2024-01-30T17:01:50.274+0100] {processor.py:161} INFO - Started process (PID=6130) to work on /home/ubuntu/.local/lib/python3.10/site-packages/airflow/example_dags/example_trigger_controller_dag.py
[2024-01-30T17:01:50.278+0100] {processor.py:830} INFO - Processing file /home/ubuntu/.local/lib/python3.10/site-packages/airflow/example_dags/example_trigger_controller_dag.py for tasks to queue
[2024-01-30T17:01:50.281+0100] {logging_mixin.py:188} INFO - [2024-01-30T17:01:50.280+0100] {dagbag.py:538} INFO - Filling up the DagBag from /home/ubuntu/.local/lib/python3.10/site-packages/airflow/example_dags/example_trigger_controller_dag.py
[2024-01-30T17:01:50.292+0100] {processor.py:840} INFO - DAG(s) 'example_trigger_controller_dag' retrieved from /home/ubuntu/.local/lib/python3.10/site-packages/airflow/example_dags/example_trigger_controller_dag.py
[2024-01-30T17:01:50.326+0100] {logging_mixin.py:188} INFO - [2024-01-30T17:01:50.325+0100] {dag.py:3033} INFO - Sync 1 DAGs
[2024-01-30T17:01:50.405+0100] {logging_mixin.py:188} INFO - [2024-01-30T17:01:50.404+0100] {dag.py:3820} INFO - Setting next_dagrun for example_trigger_controller_dag to 2021-01-01T00:00:00+00:00, run_after=2021-01-01T00:00:00+00:00
[2024-01-30T17:01:50.474+0100] {processor.py:183} INFO - Processing /home/ubuntu/.local/lib/python3.10/site-packages/airflow/example_dags/example_trigger_controller_dag.py took 0.206 seconds
[2024-01-30T17:03:04.860+0100] {processor.py:161} INFO - Started process (PID=6203) to work on /home/ubuntu/.local/lib/python3.10/site-packages/airflow/example_dags/example_trigger_controller_dag.py
[2024-01-30T17:03:04.867+0100] {processor.py:830} INFO - Processing file /home/ubuntu/.local/lib/python3.10/site-packages/airflow/example_dags/example_trigger_controller_dag.py for tasks to queue
[2024-01-30T17:03:04.869+0100] {logging_mixin.py:188} INFO - [2024-01-30T17:03:04.868+0100] {dagbag.py:538} INFO - Filling up the DagBag from /home/ubuntu/.local/lib/python3.10/site-packages/airflow/example_dags/example_trigger_controller_dag.py
[2024-01-30T17:03:04.892+0100] {processor.py:840} INFO - DAG(s) 'example_trigger_controller_dag' retrieved from /home/ubuntu/.local/lib/python3.10/site-packages/airflow/example_dags/example_trigger_controller_dag.py
[2024-01-30T17:03:04.938+0100] {logging_mixin.py:188} INFO - [2024-01-30T17:03:04.938+0100] {dag.py:3033} INFO - Sync 1 DAGs
[2024-01-30T17:03:04.986+0100] {logging_mixin.py:188} INFO - [2024-01-30T17:03:04.986+0100] {dag.py:3820} INFO - Setting next_dagrun for example_trigger_controller_dag to 2021-01-01T00:00:00+00:00, run_after=2021-01-01T00:00:00+00:00
[2024-01-30T17:03:05.295+0100] {processor.py:183} INFO - Processing /home/ubuntu/.local/lib/python3.10/site-packages/airflow/example_dags/example_trigger_controller_dag.py took 0.441 seconds
[2024-01-30T17:04:19.666+0100] {processor.py:161} INFO - Started process (PID=6267) to work on /home/ubuntu/.local/lib/python3.10/site-packages/airflow/example_dags/example_trigger_controller_dag.py
[2024-01-30T17:04:19.671+0100] {processor.py:830} INFO - Processing file /home/ubuntu/.local/lib/python3.10/site-packages/airflow/example_dags/example_trigger_controller_dag.py for tasks to queue
[2024-01-30T17:04:19.673+0100] {logging_mixin.py:188} INFO - [2024-01-30T17:04:19.672+0100] {dagbag.py:538} INFO - Filling up the DagBag from /home/ubuntu/.local/lib/python3.10/site-packages/airflow/example_dags/example_trigger_controller_dag.py
[2024-01-30T17:04:19.690+0100] {processor.py:840} INFO - DAG(s) 'example_trigger_controller_dag' retrieved from /home/ubuntu/.local/lib/python3.10/site-packages/airflow/example_dags/example_trigger_controller_dag.py
[2024-01-30T17:04:19.748+0100] {logging_mixin.py:188} INFO - [2024-01-30T17:04:19.747+0100] {dag.py:3033} INFO - Sync 1 DAGs
[2024-01-30T17:04:19.792+0100] {logging_mixin.py:188} INFO - [2024-01-30T17:04:19.792+0100] {dag.py:3820} INFO - Setting next_dagrun for example_trigger_controller_dag to 2021-01-01T00:00:00+00:00, run_after=2021-01-01T00:00:00+00:00
[2024-01-30T17:04:19.857+0100] {processor.py:183} INFO - Processing /home/ubuntu/.local/lib/python3.10/site-packages/airflow/example_dags/example_trigger_controller_dag.py took 0.196 seconds
[2024-01-30T17:05:41.256+0100] {processor.py:161} INFO - Started process (PID=6333) to work on /home/ubuntu/.local/lib/python3.10/site-packages/airflow/example_dags/example_trigger_controller_dag.py
[2024-01-30T17:05:41.265+0100] {processor.py:830} INFO - Processing file /home/ubuntu/.local/lib/python3.10/site-packages/airflow/example_dags/example_trigger_controller_dag.py for tasks to queue
[2024-01-30T17:05:41.278+0100] {logging_mixin.py:188} INFO - [2024-01-30T17:05:41.274+0100] {dagbag.py:538} INFO - Filling up the DagBag from /home/ubuntu/.local/lib/python3.10/site-packages/airflow/example_dags/example_trigger_controller_dag.py
[2024-01-30T17:05:41.290+0100] {processor.py:840} INFO - DAG(s) 'example_trigger_controller_dag' retrieved from /home/ubuntu/.local/lib/python3.10/site-packages/airflow/example_dags/example_trigger_controller_dag.py
[2024-01-30T17:05:41.318+0100] {logging_mixin.py:188} INFO - [2024-01-30T17:05:41.318+0100] {dag.py:3033} INFO - Sync 1 DAGs
[2024-01-30T17:05:41.606+0100] {logging_mixin.py:188} INFO - [2024-01-30T17:05:41.606+0100] {dag.py:3820} INFO - Setting next_dagrun for example_trigger_controller_dag to 2021-01-01T00:00:00+00:00, run_after=2021-01-01T00:00:00+00:00
[2024-01-30T17:05:41.720+0100] {processor.py:183} INFO - Processing /home/ubuntu/.local/lib/python3.10/site-packages/airflow/example_dags/example_trigger_controller_dag.py took 0.475 seconds
[2024-01-30T17:06:56.493+0100] {processor.py:161} INFO - Started process (PID=6403) to work on /home/ubuntu/.local/lib/python3.10/site-packages/airflow/example_dags/example_trigger_controller_dag.py
[2024-01-30T17:06:56.499+0100] {processor.py:830} INFO - Processing file /home/ubuntu/.local/lib/python3.10/site-packages/airflow/example_dags/example_trigger_controller_dag.py for tasks to queue
[2024-01-30T17:06:56.501+0100] {logging_mixin.py:188} INFO - [2024-01-30T17:06:56.501+0100] {dagbag.py:538} INFO - Filling up the DagBag from /home/ubuntu/.local/lib/python3.10/site-packages/airflow/example_dags/example_trigger_controller_dag.py
[2024-01-30T17:06:56.521+0100] {processor.py:840} INFO - DAG(s) 'example_trigger_controller_dag' retrieved from /home/ubuntu/.local/lib/python3.10/site-packages/airflow/example_dags/example_trigger_controller_dag.py
[2024-01-30T17:06:56.567+0100] {logging_mixin.py:188} INFO - [2024-01-30T17:06:56.566+0100] {dag.py:3033} INFO - Sync 1 DAGs
[2024-01-30T17:06:56.596+0100] {logging_mixin.py:188} INFO - [2024-01-30T17:06:56.596+0100] {dag.py:3820} INFO - Setting next_dagrun for example_trigger_controller_dag to 2021-01-01T00:00:00+00:00, run_after=2021-01-01T00:00:00+00:00
[2024-01-30T17:06:56.655+0100] {processor.py:183} INFO - Processing /home/ubuntu/.local/lib/python3.10/site-packages/airflow/example_dags/example_trigger_controller_dag.py took 0.169 seconds
