[2024-01-30T13:51:11.102+0100] {processor.py:161} INFO - Started process (PID=6174) to work on /home/ubuntu/.local/lib/python3.10/site-packages/airflow/example_dags/example_dag_decorator.py
[2024-01-30T13:51:11.104+0100] {processor.py:830} INFO - Processing file /home/ubuntu/.local/lib/python3.10/site-packages/airflow/example_dags/example_dag_decorator.py for tasks to queue
[2024-01-30T13:51:11.110+0100] {logging_mixin.py:188} INFO - [2024-01-30T13:51:11.109+0100] {dagbag.py:538} INFO - Filling up the DagBag from /home/ubuntu/.local/lib/python3.10/site-packages/airflow/example_dags/example_dag_decorator.py
[2024-01-30T13:51:11.495+0100] {processor.py:840} INFO - DAG(s) 'example_dag_decorator' retrieved from /home/ubuntu/.local/lib/python3.10/site-packages/airflow/example_dags/example_dag_decorator.py
[2024-01-30T13:51:11.729+0100] {logging_mixin.py:188} INFO - [2024-01-30T13:51:11.728+0100] {dag.py:3033} INFO - Sync 1 DAGs
[2024-01-30T13:51:11.747+0100] {logging_mixin.py:188} INFO - [2024-01-30T13:51:11.747+0100] {dag.py:3820} INFO - Setting next_dagrun for example_dag_decorator to None, run_after=None
[2024-01-30T13:51:11.810+0100] {processor.py:183} INFO - Processing /home/ubuntu/.local/lib/python3.10/site-packages/airflow/example_dags/example_dag_decorator.py took 0.715 seconds
[2024-01-30T13:52:28.008+0100] {processor.py:161} INFO - Started process (PID=6243) to work on /home/ubuntu/.local/lib/python3.10/site-packages/airflow/example_dags/example_dag_decorator.py
[2024-01-30T13:52:28.012+0100] {processor.py:830} INFO - Processing file /home/ubuntu/.local/lib/python3.10/site-packages/airflow/example_dags/example_dag_decorator.py for tasks to queue
[2024-01-30T13:52:28.014+0100] {logging_mixin.py:188} INFO - [2024-01-30T13:52:28.013+0100] {dagbag.py:538} INFO - Filling up the DagBag from /home/ubuntu/.local/lib/python3.10/site-packages/airflow/example_dags/example_dag_decorator.py
[2024-01-30T13:52:28.263+0100] {processor.py:840} INFO - DAG(s) 'example_dag_decorator' retrieved from /home/ubuntu/.local/lib/python3.10/site-packages/airflow/example_dags/example_dag_decorator.py
[2024-01-30T13:52:28.457+0100] {logging_mixin.py:188} INFO - [2024-01-30T13:52:28.456+0100] {dag.py:3033} INFO - Sync 1 DAGs
[2024-01-30T13:52:28.484+0100] {logging_mixin.py:188} INFO - [2024-01-30T13:52:28.483+0100] {dag.py:3820} INFO - Setting next_dagrun for example_dag_decorator to None, run_after=None
[2024-01-30T13:52:28.533+0100] {processor.py:183} INFO - Processing /home/ubuntu/.local/lib/python3.10/site-packages/airflow/example_dags/example_dag_decorator.py took 0.530 seconds
[2024-01-30T15:53:34.853+0100] {processor.py:161} INFO - Started process (PID=6379) to work on /home/ubuntu/.local/lib/python3.10/site-packages/airflow/example_dags/example_dag_decorator.py
[2024-01-30T15:53:34.857+0100] {processor.py:830} INFO - Processing file /home/ubuntu/.local/lib/python3.10/site-packages/airflow/example_dags/example_dag_decorator.py for tasks to queue
[2024-01-30T15:53:34.858+0100] {logging_mixin.py:188} INFO - [2024-01-30T15:53:34.858+0100] {dagbag.py:538} INFO - Filling up the DagBag from /home/ubuntu/.local/lib/python3.10/site-packages/airflow/example_dags/example_dag_decorator.py
[2024-01-30T15:53:35.073+0100] {processor.py:840} INFO - DAG(s) 'example_dag_decorator' retrieved from /home/ubuntu/.local/lib/python3.10/site-packages/airflow/example_dags/example_dag_decorator.py
[2024-01-30T15:53:35.422+0100] {logging_mixin.py:188} INFO - [2024-01-30T15:53:35.421+0100] {dag.py:3033} INFO - Sync 1 DAGs
[2024-01-30T15:53:35.445+0100] {logging_mixin.py:188} INFO - [2024-01-30T15:53:35.445+0100] {dag.py:3820} INFO - Setting next_dagrun for example_dag_decorator to None, run_after=None
[2024-01-30T15:53:35.486+0100] {processor.py:183} INFO - Processing /home/ubuntu/.local/lib/python3.10/site-packages/airflow/example_dags/example_dag_decorator.py took 0.637 seconds
[2024-01-30T15:54:35.182+0100] {processor.py:161} INFO - Started process (PID=6454) to work on /home/ubuntu/.local/lib/python3.10/site-packages/airflow/example_dags/example_dag_decorator.py
[2024-01-30T15:54:35.186+0100] {processor.py:830} INFO - Processing file /home/ubuntu/.local/lib/python3.10/site-packages/airflow/example_dags/example_dag_decorator.py for tasks to queue
[2024-01-30T15:54:35.188+0100] {logging_mixin.py:188} INFO - [2024-01-30T15:54:35.187+0100] {dagbag.py:538} INFO - Filling up the DagBag from /home/ubuntu/.local/lib/python3.10/site-packages/airflow/example_dags/example_dag_decorator.py
[2024-01-30T15:54:35.780+0100] {processor.py:840} INFO - DAG(s) 'example_dag_decorator' retrieved from /home/ubuntu/.local/lib/python3.10/site-packages/airflow/example_dags/example_dag_decorator.py
[2024-01-30T15:54:36.443+0100] {logging_mixin.py:188} INFO - [2024-01-30T15:54:36.443+0100] {dag.py:3033} INFO - Sync 1 DAGs
[2024-01-30T15:54:36.561+0100] {logging_mixin.py:188} INFO - [2024-01-30T15:54:36.561+0100] {dag.py:3820} INFO - Setting next_dagrun for example_dag_decorator to None, run_after=None
[2024-01-30T15:54:36.919+0100] {processor.py:183} INFO - Processing /home/ubuntu/.local/lib/python3.10/site-packages/airflow/example_dags/example_dag_decorator.py took 1.791 seconds
[2024-01-30T15:55:40.598+0100] {processor.py:161} INFO - Started process (PID=6518) to work on /home/ubuntu/.local/lib/python3.10/site-packages/airflow/example_dags/example_dag_decorator.py
[2024-01-30T15:55:40.601+0100] {processor.py:830} INFO - Processing file /home/ubuntu/.local/lib/python3.10/site-packages/airflow/example_dags/example_dag_decorator.py for tasks to queue
[2024-01-30T15:55:40.602+0100] {logging_mixin.py:188} INFO - [2024-01-30T15:55:40.602+0100] {dagbag.py:538} INFO - Filling up the DagBag from /home/ubuntu/.local/lib/python3.10/site-packages/airflow/example_dags/example_dag_decorator.py
[2024-01-30T15:55:40.715+0100] {processor.py:840} INFO - DAG(s) 'example_dag_decorator' retrieved from /home/ubuntu/.local/lib/python3.10/site-packages/airflow/example_dags/example_dag_decorator.py
[2024-01-30T15:55:40.834+0100] {logging_mixin.py:188} INFO - [2024-01-30T15:55:40.833+0100] {dag.py:3033} INFO - Sync 1 DAGs
[2024-01-30T15:55:40.844+0100] {logging_mixin.py:188} INFO - [2024-01-30T15:55:40.844+0100] {dag.py:3820} INFO - Setting next_dagrun for example_dag_decorator to None, run_after=None
[2024-01-30T15:55:40.887+0100] {processor.py:183} INFO - Processing /home/ubuntu/.local/lib/python3.10/site-packages/airflow/example_dags/example_dag_decorator.py took 0.293 seconds
[2024-01-30T15:56:40.868+0100] {processor.py:161} INFO - Started process (PID=6574) to work on /home/ubuntu/.local/lib/python3.10/site-packages/airflow/example_dags/example_dag_decorator.py
[2024-01-30T15:56:40.871+0100] {processor.py:830} INFO - Processing file /home/ubuntu/.local/lib/python3.10/site-packages/airflow/example_dags/example_dag_decorator.py for tasks to queue
[2024-01-30T15:56:40.873+0100] {logging_mixin.py:188} INFO - [2024-01-30T15:56:40.872+0100] {dagbag.py:538} INFO - Filling up the DagBag from /home/ubuntu/.local/lib/python3.10/site-packages/airflow/example_dags/example_dag_decorator.py
[2024-01-30T15:56:40.988+0100] {processor.py:840} INFO - DAG(s) 'example_dag_decorator' retrieved from /home/ubuntu/.local/lib/python3.10/site-packages/airflow/example_dags/example_dag_decorator.py
[2024-01-30T15:56:41.115+0100] {logging_mixin.py:188} INFO - [2024-01-30T15:56:41.115+0100] {dag.py:3033} INFO - Sync 1 DAGs
[2024-01-30T15:56:41.128+0100] {logging_mixin.py:188} INFO - [2024-01-30T15:56:41.128+0100] {dag.py:3820} INFO - Setting next_dagrun for example_dag_decorator to None, run_after=None
[2024-01-30T15:56:41.176+0100] {processor.py:183} INFO - Processing /home/ubuntu/.local/lib/python3.10/site-packages/airflow/example_dags/example_dag_decorator.py took 0.315 seconds
[2024-01-30T15:59:27.850+0100] {processor.py:161} INFO - Started process (PID=7926) to work on /home/ubuntu/.local/lib/python3.10/site-packages/airflow/example_dags/example_dag_decorator.py
[2024-01-30T15:59:27.861+0100] {processor.py:830} INFO - Processing file /home/ubuntu/.local/lib/python3.10/site-packages/airflow/example_dags/example_dag_decorator.py for tasks to queue
[2024-01-30T15:59:27.864+0100] {logging_mixin.py:188} INFO - [2024-01-30T15:59:27.863+0100] {dagbag.py:538} INFO - Filling up the DagBag from /home/ubuntu/.local/lib/python3.10/site-packages/airflow/example_dags/example_dag_decorator.py
[2024-01-30T15:59:28.495+0100] {processor.py:840} INFO - DAG(s) 'example_dag_decorator' retrieved from /home/ubuntu/.local/lib/python3.10/site-packages/airflow/example_dags/example_dag_decorator.py
[2024-01-30T15:59:30.458+0100] {logging_mixin.py:188} INFO - [2024-01-30T15:59:30.455+0100] {dag.py:3033} INFO - Sync 1 DAGs
[2024-01-30T15:59:30.518+0100] {logging_mixin.py:188} INFO - [2024-01-30T15:59:30.518+0100] {dag.py:3820} INFO - Setting next_dagrun for example_dag_decorator to None, run_after=None
[2024-01-30T15:59:30.711+0100] {processor.py:183} INFO - Processing /home/ubuntu/.local/lib/python3.10/site-packages/airflow/example_dags/example_dag_decorator.py took 2.867 seconds
[2024-01-30T16:01:16.255+0100] {processor.py:161} INFO - Started process (PID=8356) to work on /home/ubuntu/.local/lib/python3.10/site-packages/airflow/example_dags/example_dag_decorator.py
[2024-01-30T16:01:16.284+0100] {processor.py:830} INFO - Processing file /home/ubuntu/.local/lib/python3.10/site-packages/airflow/example_dags/example_dag_decorator.py for tasks to queue
[2024-01-30T16:01:16.287+0100] {logging_mixin.py:188} INFO - [2024-01-30T16:01:16.285+0100] {dagbag.py:538} INFO - Filling up the DagBag from /home/ubuntu/.local/lib/python3.10/site-packages/airflow/example_dags/example_dag_decorator.py
[2024-01-30T16:01:17.173+0100] {processor.py:840} INFO - DAG(s) 'example_dag_decorator' retrieved from /home/ubuntu/.local/lib/python3.10/site-packages/airflow/example_dags/example_dag_decorator.py
[2024-01-30T16:01:18.448+0100] {logging_mixin.py:188} INFO - [2024-01-30T16:01:18.447+0100] {dag.py:3033} INFO - Sync 1 DAGs
[2024-01-30T16:01:18.503+0100] {logging_mixin.py:188} INFO - [2024-01-30T16:01:18.502+0100] {dag.py:3820} INFO - Setting next_dagrun for example_dag_decorator to None, run_after=None
[2024-01-30T16:01:18.566+0100] {processor.py:183} INFO - Processing /home/ubuntu/.local/lib/python3.10/site-packages/airflow/example_dags/example_dag_decorator.py took 2.334 seconds
[2024-01-30T16:07:59.781+0100] {processor.py:161} INFO - Started process (PID=9427) to work on /home/ubuntu/.local/lib/python3.10/site-packages/airflow/example_dags/example_dag_decorator.py
[2024-01-30T16:07:59.791+0100] {processor.py:830} INFO - Processing file /home/ubuntu/.local/lib/python3.10/site-packages/airflow/example_dags/example_dag_decorator.py for tasks to queue
[2024-01-30T16:07:59.794+0100] {logging_mixin.py:188} INFO - [2024-01-30T16:07:59.792+0100] {dagbag.py:538} INFO - Filling up the DagBag from /home/ubuntu/.local/lib/python3.10/site-packages/airflow/example_dags/example_dag_decorator.py
[2024-01-30T16:08:00.638+0100] {processor.py:840} INFO - DAG(s) 'example_dag_decorator' retrieved from /home/ubuntu/.local/lib/python3.10/site-packages/airflow/example_dags/example_dag_decorator.py
[2024-01-30T16:08:02.182+0100] {logging_mixin.py:188} INFO - [2024-01-30T16:08:02.182+0100] {dag.py:3033} INFO - Sync 1 DAGs
[2024-01-30T16:08:02.266+0100] {logging_mixin.py:188} INFO - [2024-01-30T16:08:02.265+0100] {dag.py:3820} INFO - Setting next_dagrun for example_dag_decorator to None, run_after=None
[2024-01-30T16:08:02.534+0100] {processor.py:183} INFO - Processing /home/ubuntu/.local/lib/python3.10/site-packages/airflow/example_dags/example_dag_decorator.py took 2.764 seconds
[2024-01-30T16:18:28.718+0100] {processor.py:161} INFO - Started process (PID=5660) to work on /home/ubuntu/.local/lib/python3.10/site-packages/airflow/example_dags/example_dag_decorator.py
[2024-01-30T16:18:28.721+0100] {processor.py:830} INFO - Processing file /home/ubuntu/.local/lib/python3.10/site-packages/airflow/example_dags/example_dag_decorator.py for tasks to queue
[2024-01-30T16:18:28.723+0100] {logging_mixin.py:188} INFO - [2024-01-30T16:18:28.722+0100] {dagbag.py:538} INFO - Filling up the DagBag from /home/ubuntu/.local/lib/python3.10/site-packages/airflow/example_dags/example_dag_decorator.py
[2024-01-30T16:18:29.390+0100] {processor.py:840} INFO - DAG(s) 'example_dag_decorator' retrieved from /home/ubuntu/.local/lib/python3.10/site-packages/airflow/example_dags/example_dag_decorator.py
[2024-01-30T16:18:29.679+0100] {logging_mixin.py:188} INFO - [2024-01-30T16:18:29.675+0100] {dag.py:3033} INFO - Sync 1 DAGs
[2024-01-30T16:18:29.724+0100] {logging_mixin.py:188} INFO - [2024-01-30T16:18:29.723+0100] {dag.py:3820} INFO - Setting next_dagrun for example_dag_decorator to None, run_after=None
[2024-01-30T16:18:29.909+0100] {processor.py:183} INFO - Processing /home/ubuntu/.local/lib/python3.10/site-packages/airflow/example_dags/example_dag_decorator.py took 1.200 seconds
[2024-01-30T16:20:01.062+0100] {processor.py:161} INFO - Started process (PID=6042) to work on /home/ubuntu/.local/lib/python3.10/site-packages/airflow/example_dags/example_dag_decorator.py
[2024-01-30T16:20:01.068+0100] {processor.py:830} INFO - Processing file /home/ubuntu/.local/lib/python3.10/site-packages/airflow/example_dags/example_dag_decorator.py for tasks to queue
[2024-01-30T16:20:01.071+0100] {logging_mixin.py:188} INFO - [2024-01-30T16:20:01.070+0100] {dagbag.py:538} INFO - Filling up the DagBag from /home/ubuntu/.local/lib/python3.10/site-packages/airflow/example_dags/example_dag_decorator.py
[2024-01-30T16:20:05.155+0100] {processor.py:840} INFO - DAG(s) 'example_dag_decorator' retrieved from /home/ubuntu/.local/lib/python3.10/site-packages/airflow/example_dags/example_dag_decorator.py
[2024-01-30T16:20:27.322+0100] {logging_mixin.py:188} INFO - [2024-01-30T16:20:27.313+0100] {dag.py:3033} INFO - Sync 1 DAGs
[2024-01-30T16:20:27.358+0100] {logging_mixin.py:188} INFO - [2024-01-30T16:20:27.358+0100] {dag.py:3820} INFO - Setting next_dagrun for example_dag_decorator to None, run_after=None
[2024-01-30T16:20:27.474+0100] {processor.py:183} INFO - Processing /home/ubuntu/.local/lib/python3.10/site-packages/airflow/example_dags/example_dag_decorator.py took 26.428 seconds
[2024-01-30T16:25:24.232+0100] {processor.py:161} INFO - Started process (PID=7416) to work on /home/ubuntu/.local/lib/python3.10/site-packages/airflow/example_dags/example_dag_decorator.py
[2024-01-30T16:25:24.239+0100] {processor.py:830} INFO - Processing file /home/ubuntu/.local/lib/python3.10/site-packages/airflow/example_dags/example_dag_decorator.py for tasks to queue
[2024-01-30T16:25:24.241+0100] {logging_mixin.py:188} INFO - [2024-01-30T16:25:24.240+0100] {dagbag.py:538} INFO - Filling up the DagBag from /home/ubuntu/.local/lib/python3.10/site-packages/airflow/example_dags/example_dag_decorator.py
[2024-01-30T16:25:25.838+0100] {processor.py:840} INFO - DAG(s) 'example_dag_decorator' retrieved from /home/ubuntu/.local/lib/python3.10/site-packages/airflow/example_dags/example_dag_decorator.py
[2024-01-30T16:25:26.728+0100] {logging_mixin.py:188} INFO - [2024-01-30T16:25:26.726+0100] {dag.py:3033} INFO - Sync 1 DAGs
[2024-01-30T16:25:26.813+0100] {logging_mixin.py:188} INFO - [2024-01-30T16:25:26.812+0100] {dag.py:3820} INFO - Setting next_dagrun for example_dag_decorator to None, run_after=None
[2024-01-30T16:25:27.053+0100] {processor.py:183} INFO - Processing /home/ubuntu/.local/lib/python3.10/site-packages/airflow/example_dags/example_dag_decorator.py took 2.831 seconds
[2024-01-30T16:30:51.217+0100] {processor.py:161} INFO - Started process (PID=8441) to work on /home/ubuntu/.local/lib/python3.10/site-packages/airflow/example_dags/example_dag_decorator.py
[2024-01-30T16:30:51.228+0100] {processor.py:830} INFO - Processing file /home/ubuntu/.local/lib/python3.10/site-packages/airflow/example_dags/example_dag_decorator.py for tasks to queue
[2024-01-30T16:30:51.256+0100] {logging_mixin.py:188} INFO - [2024-01-30T16:30:51.242+0100] {dagbag.py:538} INFO - Filling up the DagBag from /home/ubuntu/.local/lib/python3.10/site-packages/airflow/example_dags/example_dag_decorator.py
[2024-01-30T16:30:52.103+0100] {processor.py:840} INFO - DAG(s) 'example_dag_decorator' retrieved from /home/ubuntu/.local/lib/python3.10/site-packages/airflow/example_dags/example_dag_decorator.py
[2024-01-30T16:30:52.877+0100] {logging_mixin.py:188} INFO - [2024-01-30T16:30:52.876+0100] {dag.py:3033} INFO - Sync 1 DAGs
[2024-01-30T16:30:53.006+0100] {logging_mixin.py:188} INFO - [2024-01-30T16:30:53.006+0100] {dag.py:3820} INFO - Setting next_dagrun for example_dag_decorator to None, run_after=None
[2024-01-30T16:30:53.197+0100] {processor.py:183} INFO - Processing /home/ubuntu/.local/lib/python3.10/site-packages/airflow/example_dags/example_dag_decorator.py took 2.005 seconds
[2024-01-30T16:32:40.074+0100] {processor.py:161} INFO - Started process (PID=9087) to work on /home/ubuntu/.local/lib/python3.10/site-packages/airflow/example_dags/example_dag_decorator.py
[2024-01-30T16:32:40.088+0100] {processor.py:830} INFO - Processing file /home/ubuntu/.local/lib/python3.10/site-packages/airflow/example_dags/example_dag_decorator.py for tasks to queue
[2024-01-30T16:32:40.091+0100] {logging_mixin.py:188} INFO - [2024-01-30T16:32:40.091+0100] {dagbag.py:538} INFO - Filling up the DagBag from /home/ubuntu/.local/lib/python3.10/site-packages/airflow/example_dags/example_dag_decorator.py
[2024-01-30T16:32:40.686+0100] {processor.py:840} INFO - DAG(s) 'example_dag_decorator' retrieved from /home/ubuntu/.local/lib/python3.10/site-packages/airflow/example_dags/example_dag_decorator.py
[2024-01-30T16:32:41.625+0100] {logging_mixin.py:188} INFO - [2024-01-30T16:32:41.625+0100] {dag.py:3033} INFO - Sync 1 DAGs
[2024-01-30T16:32:41.679+0100] {logging_mixin.py:188} INFO - [2024-01-30T16:32:41.678+0100] {dag.py:3820} INFO - Setting next_dagrun for example_dag_decorator to None, run_after=None
[2024-01-30T16:32:41.870+0100] {processor.py:183} INFO - Processing /home/ubuntu/.local/lib/python3.10/site-packages/airflow/example_dags/example_dag_decorator.py took 1.837 seconds
[2024-01-30T16:49:56.215+0100] {processor.py:161} INFO - Started process (PID=5280) to work on /home/ubuntu/.local/lib/python3.10/site-packages/airflow/example_dags/example_dag_decorator.py
[2024-01-30T16:49:56.221+0100] {processor.py:830} INFO - Processing file /home/ubuntu/.local/lib/python3.10/site-packages/airflow/example_dags/example_dag_decorator.py for tasks to queue
[2024-01-30T16:49:56.226+0100] {logging_mixin.py:188} INFO - [2024-01-30T16:49:56.225+0100] {dagbag.py:538} INFO - Filling up the DagBag from /home/ubuntu/.local/lib/python3.10/site-packages/airflow/example_dags/example_dag_decorator.py
[2024-01-30T16:49:56.544+0100] {processor.py:840} INFO - DAG(s) 'example_dag_decorator' retrieved from /home/ubuntu/.local/lib/python3.10/site-packages/airflow/example_dags/example_dag_decorator.py
[2024-01-30T16:49:56.708+0100] {logging_mixin.py:188} INFO - [2024-01-30T16:49:56.708+0100] {dag.py:3033} INFO - Sync 1 DAGs
[2024-01-30T16:49:56.734+0100] {logging_mixin.py:188} INFO - [2024-01-30T16:49:56.733+0100] {dag.py:3820} INFO - Setting next_dagrun for example_dag_decorator to None, run_after=None
[2024-01-30T16:49:56.786+0100] {processor.py:183} INFO - Processing /home/ubuntu/.local/lib/python3.10/site-packages/airflow/example_dags/example_dag_decorator.py took 0.577 seconds
[2024-01-30T16:51:11.815+0100] {processor.py:161} INFO - Started process (PID=5345) to work on /home/ubuntu/.local/lib/python3.10/site-packages/airflow/example_dags/example_dag_decorator.py
[2024-01-30T16:51:11.818+0100] {processor.py:830} INFO - Processing file /home/ubuntu/.local/lib/python3.10/site-packages/airflow/example_dags/example_dag_decorator.py for tasks to queue
[2024-01-30T16:51:11.819+0100] {logging_mixin.py:188} INFO - [2024-01-30T16:51:11.819+0100] {dagbag.py:538} INFO - Filling up the DagBag from /home/ubuntu/.local/lib/python3.10/site-packages/airflow/example_dags/example_dag_decorator.py
[2024-01-30T16:51:11.936+0100] {processor.py:840} INFO - DAG(s) 'example_dag_decorator' retrieved from /home/ubuntu/.local/lib/python3.10/site-packages/airflow/example_dags/example_dag_decorator.py
[2024-01-30T16:51:12.094+0100] {logging_mixin.py:188} INFO - [2024-01-30T16:51:12.093+0100] {dag.py:3033} INFO - Sync 1 DAGs
[2024-01-30T16:51:12.109+0100] {logging_mixin.py:188} INFO - [2024-01-30T16:51:12.109+0100] {dag.py:3820} INFO - Setting next_dagrun for example_dag_decorator to None, run_after=None
[2024-01-30T16:51:12.163+0100] {processor.py:183} INFO - Processing /home/ubuntu/.local/lib/python3.10/site-packages/airflow/example_dags/example_dag_decorator.py took 0.353 seconds
[2024-01-30T16:52:31.548+0100] {processor.py:161} INFO - Started process (PID=5416) to work on /home/ubuntu/.local/lib/python3.10/site-packages/airflow/example_dags/example_dag_decorator.py
[2024-01-30T16:52:31.552+0100] {processor.py:830} INFO - Processing file /home/ubuntu/.local/lib/python3.10/site-packages/airflow/example_dags/example_dag_decorator.py for tasks to queue
[2024-01-30T16:52:31.553+0100] {logging_mixin.py:188} INFO - [2024-01-30T16:52:31.553+0100] {dagbag.py:538} INFO - Filling up the DagBag from /home/ubuntu/.local/lib/python3.10/site-packages/airflow/example_dags/example_dag_decorator.py
[2024-01-30T16:52:31.674+0100] {processor.py:840} INFO - DAG(s) 'example_dag_decorator' retrieved from /home/ubuntu/.local/lib/python3.10/site-packages/airflow/example_dags/example_dag_decorator.py
[2024-01-30T16:52:31.796+0100] {logging_mixin.py:188} INFO - [2024-01-30T16:52:31.796+0100] {dag.py:3033} INFO - Sync 1 DAGs
[2024-01-30T16:52:31.808+0100] {logging_mixin.py:188} INFO - [2024-01-30T16:52:31.808+0100] {dag.py:3820} INFO - Setting next_dagrun for example_dag_decorator to None, run_after=None
[2024-01-30T16:52:31.846+0100] {processor.py:183} INFO - Processing /home/ubuntu/.local/lib/python3.10/site-packages/airflow/example_dags/example_dag_decorator.py took 0.303 seconds
[2024-01-30T16:53:47.649+0100] {processor.py:161} INFO - Started process (PID=5504) to work on /home/ubuntu/.local/lib/python3.10/site-packages/airflow/example_dags/example_dag_decorator.py
[2024-01-30T16:53:47.658+0100] {processor.py:830} INFO - Processing file /home/ubuntu/.local/lib/python3.10/site-packages/airflow/example_dags/example_dag_decorator.py for tasks to queue
[2024-01-30T16:53:47.663+0100] {logging_mixin.py:188} INFO - [2024-01-30T16:53:47.662+0100] {dagbag.py:538} INFO - Filling up the DagBag from /home/ubuntu/.local/lib/python3.10/site-packages/airflow/example_dags/example_dag_decorator.py
[2024-01-30T16:53:47.979+0100] {processor.py:840} INFO - DAG(s) 'example_dag_decorator' retrieved from /home/ubuntu/.local/lib/python3.10/site-packages/airflow/example_dags/example_dag_decorator.py
[2024-01-30T16:53:48.020+0100] {logging_mixin.py:188} INFO - [2024-01-30T16:53:48.020+0100] {dag.py:3033} INFO - Sync 1 DAGs
[2024-01-30T16:53:48.046+0100] {logging_mixin.py:188} INFO - [2024-01-30T16:53:48.046+0100] {dag.py:3820} INFO - Setting next_dagrun for example_dag_decorator to None, run_after=None
[2024-01-30T16:53:48.234+0100] {processor.py:183} INFO - Processing /home/ubuntu/.local/lib/python3.10/site-packages/airflow/example_dags/example_dag_decorator.py took 0.595 seconds
[2024-01-30T16:55:57.302+0100] {processor.py:161} INFO - Started process (PID=5708) to work on /home/ubuntu/.local/lib/python3.10/site-packages/airflow/example_dags/example_dag_decorator.py
[2024-01-30T16:55:57.316+0100] {processor.py:830} INFO - Processing file /home/ubuntu/.local/lib/python3.10/site-packages/airflow/example_dags/example_dag_decorator.py for tasks to queue
[2024-01-30T16:55:57.319+0100] {logging_mixin.py:188} INFO - [2024-01-30T16:55:57.317+0100] {dagbag.py:538} INFO - Filling up the DagBag from /home/ubuntu/.local/lib/python3.10/site-packages/airflow/example_dags/example_dag_decorator.py
[2024-01-30T16:55:57.765+0100] {processor.py:840} INFO - DAG(s) 'example_dag_decorator' retrieved from /home/ubuntu/.local/lib/python3.10/site-packages/airflow/example_dags/example_dag_decorator.py
[2024-01-30T16:55:58.381+0100] {logging_mixin.py:188} INFO - [2024-01-30T16:55:58.381+0100] {dag.py:3033} INFO - Sync 1 DAGs
[2024-01-30T16:55:58.398+0100] {logging_mixin.py:188} INFO - [2024-01-30T16:55:58.398+0100] {dag.py:3820} INFO - Setting next_dagrun for example_dag_decorator to None, run_after=None
[2024-01-30T16:55:58.490+0100] {processor.py:183} INFO - Processing /home/ubuntu/.local/lib/python3.10/site-packages/airflow/example_dags/example_dag_decorator.py took 1.212 seconds
[2024-01-30T16:57:24.036+0100] {processor.py:161} INFO - Started process (PID=5780) to work on /home/ubuntu/.local/lib/python3.10/site-packages/airflow/example_dags/example_dag_decorator.py
[2024-01-30T16:57:24.043+0100] {processor.py:830} INFO - Processing file /home/ubuntu/.local/lib/python3.10/site-packages/airflow/example_dags/example_dag_decorator.py for tasks to queue
[2024-01-30T16:57:24.059+0100] {logging_mixin.py:188} INFO - [2024-01-30T16:57:24.058+0100] {dagbag.py:538} INFO - Filling up the DagBag from /home/ubuntu/.local/lib/python3.10/site-packages/airflow/example_dags/example_dag_decorator.py
[2024-01-30T16:57:24.602+0100] {processor.py:840} INFO - DAG(s) 'example_dag_decorator' retrieved from /home/ubuntu/.local/lib/python3.10/site-packages/airflow/example_dags/example_dag_decorator.py
[2024-01-30T16:57:24.907+0100] {logging_mixin.py:188} INFO - [2024-01-30T16:57:24.906+0100] {dag.py:3033} INFO - Sync 1 DAGs
[2024-01-30T16:57:24.947+0100] {logging_mixin.py:188} INFO - [2024-01-30T16:57:24.947+0100] {dag.py:3820} INFO - Setting next_dagrun for example_dag_decorator to None, run_after=None
[2024-01-30T16:57:25.030+0100] {processor.py:183} INFO - Processing /home/ubuntu/.local/lib/python3.10/site-packages/airflow/example_dags/example_dag_decorator.py took 1.000 seconds
[2024-01-30T16:58:44.339+0100] {processor.py:161} INFO - Started process (PID=5855) to work on /home/ubuntu/.local/lib/python3.10/site-packages/airflow/example_dags/example_dag_decorator.py
[2024-01-30T16:58:44.344+0100] {processor.py:830} INFO - Processing file /home/ubuntu/.local/lib/python3.10/site-packages/airflow/example_dags/example_dag_decorator.py for tasks to queue
[2024-01-30T16:58:44.346+0100] {logging_mixin.py:188} INFO - [2024-01-30T16:58:44.345+0100] {dagbag.py:538} INFO - Filling up the DagBag from /home/ubuntu/.local/lib/python3.10/site-packages/airflow/example_dags/example_dag_decorator.py
[2024-01-30T16:58:44.497+0100] {processor.py:840} INFO - DAG(s) 'example_dag_decorator' retrieved from /home/ubuntu/.local/lib/python3.10/site-packages/airflow/example_dags/example_dag_decorator.py
[2024-01-30T16:58:44.795+0100] {logging_mixin.py:188} INFO - [2024-01-30T16:58:44.795+0100] {dag.py:3033} INFO - Sync 1 DAGs
[2024-01-30T16:58:44.809+0100] {logging_mixin.py:188} INFO - [2024-01-30T16:58:44.809+0100] {dag.py:3820} INFO - Setting next_dagrun for example_dag_decorator to None, run_after=None
[2024-01-30T16:58:44.852+0100] {processor.py:183} INFO - Processing /home/ubuntu/.local/lib/python3.10/site-packages/airflow/example_dags/example_dag_decorator.py took 0.517 seconds
[2024-01-30T17:00:19.800+0100] {processor.py:161} INFO - Started process (PID=6042) to work on /home/ubuntu/.local/lib/python3.10/site-packages/airflow/example_dags/example_dag_decorator.py
[2024-01-30T17:00:19.803+0100] {processor.py:830} INFO - Processing file /home/ubuntu/.local/lib/python3.10/site-packages/airflow/example_dags/example_dag_decorator.py for tasks to queue
[2024-01-30T17:00:19.804+0100] {logging_mixin.py:188} INFO - [2024-01-30T17:00:19.804+0100] {dagbag.py:538} INFO - Filling up the DagBag from /home/ubuntu/.local/lib/python3.10/site-packages/airflow/example_dags/example_dag_decorator.py
[2024-01-30T17:00:20.085+0100] {processor.py:840} INFO - DAG(s) 'example_dag_decorator' retrieved from /home/ubuntu/.local/lib/python3.10/site-packages/airflow/example_dags/example_dag_decorator.py
[2024-01-30T17:00:20.209+0100] {logging_mixin.py:188} INFO - [2024-01-30T17:00:20.209+0100] {dag.py:3033} INFO - Sync 1 DAGs
[2024-01-30T17:00:20.218+0100] {logging_mixin.py:188} INFO - [2024-01-30T17:00:20.218+0100] {dag.py:3820} INFO - Setting next_dagrun for example_dag_decorator to None, run_after=None
[2024-01-30T17:00:20.253+0100] {processor.py:183} INFO - Processing /home/ubuntu/.local/lib/python3.10/site-packages/airflow/example_dags/example_dag_decorator.py took 0.460 seconds
[2024-01-30T17:02:08.031+0100] {processor.py:161} INFO - Started process (PID=6148) to work on /home/ubuntu/.local/lib/python3.10/site-packages/airflow/example_dags/example_dag_decorator.py
[2024-01-30T17:02:08.056+0100] {processor.py:830} INFO - Processing file /home/ubuntu/.local/lib/python3.10/site-packages/airflow/example_dags/example_dag_decorator.py for tasks to queue
[2024-01-30T17:02:08.057+0100] {logging_mixin.py:188} INFO - [2024-01-30T17:02:08.057+0100] {dagbag.py:538} INFO - Filling up the DagBag from /home/ubuntu/.local/lib/python3.10/site-packages/airflow/example_dags/example_dag_decorator.py
[2024-01-30T17:02:08.475+0100] {processor.py:840} INFO - DAG(s) 'example_dag_decorator' retrieved from /home/ubuntu/.local/lib/python3.10/site-packages/airflow/example_dags/example_dag_decorator.py
[2024-01-30T17:02:08.727+0100] {logging_mixin.py:188} INFO - [2024-01-30T17:02:08.726+0100] {dag.py:3033} INFO - Sync 1 DAGs
[2024-01-30T17:02:08.744+0100] {logging_mixin.py:188} INFO - [2024-01-30T17:02:08.743+0100] {dag.py:3820} INFO - Setting next_dagrun for example_dag_decorator to None, run_after=None
[2024-01-30T17:02:08.862+0100] {processor.py:183} INFO - Processing /home/ubuntu/.local/lib/python3.10/site-packages/airflow/example_dags/example_dag_decorator.py took 0.838 seconds
[2024-01-30T17:03:23.541+0100] {processor.py:161} INFO - Started process (PID=6221) to work on /home/ubuntu/.local/lib/python3.10/site-packages/airflow/example_dags/example_dag_decorator.py
[2024-01-30T17:03:23.544+0100] {processor.py:830} INFO - Processing file /home/ubuntu/.local/lib/python3.10/site-packages/airflow/example_dags/example_dag_decorator.py for tasks to queue
[2024-01-30T17:03:23.546+0100] {logging_mixin.py:188} INFO - [2024-01-30T17:03:23.546+0100] {dagbag.py:538} INFO - Filling up the DagBag from /home/ubuntu/.local/lib/python3.10/site-packages/airflow/example_dags/example_dag_decorator.py
[2024-01-30T17:03:23.796+0100] {processor.py:840} INFO - DAG(s) 'example_dag_decorator' retrieved from /home/ubuntu/.local/lib/python3.10/site-packages/airflow/example_dags/example_dag_decorator.py
[2024-01-30T17:03:24.300+0100] {logging_mixin.py:188} INFO - [2024-01-30T17:03:24.299+0100] {dag.py:3033} INFO - Sync 1 DAGs
[2024-01-30T17:03:24.323+0100] {logging_mixin.py:188} INFO - [2024-01-30T17:03:24.322+0100] {dag.py:3820} INFO - Setting next_dagrun for example_dag_decorator to None, run_after=None
[2024-01-30T17:03:24.425+0100] {processor.py:183} INFO - Processing /home/ubuntu/.local/lib/python3.10/site-packages/airflow/example_dags/example_dag_decorator.py took 0.889 seconds
[2024-01-30T17:04:39.052+0100] {processor.py:161} INFO - Started process (PID=6285) to work on /home/ubuntu/.local/lib/python3.10/site-packages/airflow/example_dags/example_dag_decorator.py
[2024-01-30T17:04:39.070+0100] {processor.py:830} INFO - Processing file /home/ubuntu/.local/lib/python3.10/site-packages/airflow/example_dags/example_dag_decorator.py for tasks to queue
[2024-01-30T17:04:39.078+0100] {logging_mixin.py:188} INFO - [2024-01-30T17:04:39.074+0100] {dagbag.py:538} INFO - Filling up the DagBag from /home/ubuntu/.local/lib/python3.10/site-packages/airflow/example_dags/example_dag_decorator.py
[2024-01-30T17:04:39.681+0100] {processor.py:840} INFO - DAG(s) 'example_dag_decorator' retrieved from /home/ubuntu/.local/lib/python3.10/site-packages/airflow/example_dags/example_dag_decorator.py
[2024-01-30T17:04:39.958+0100] {logging_mixin.py:188} INFO - [2024-01-30T17:04:39.958+0100] {dag.py:3033} INFO - Sync 1 DAGs
[2024-01-30T17:04:39.994+0100] {logging_mixin.py:188} INFO - [2024-01-30T17:04:39.992+0100] {dag.py:3820} INFO - Setting next_dagrun for example_dag_decorator to None, run_after=None
[2024-01-30T17:04:40.074+0100] {processor.py:183} INFO - Processing /home/ubuntu/.local/lib/python3.10/site-packages/airflow/example_dags/example_dag_decorator.py took 1.029 seconds
[2024-01-30T17:06:00.567+0100] {processor.py:161} INFO - Started process (PID=6357) to work on /home/ubuntu/.local/lib/python3.10/site-packages/airflow/example_dags/example_dag_decorator.py
[2024-01-30T17:06:00.575+0100] {processor.py:830} INFO - Processing file /home/ubuntu/.local/lib/python3.10/site-packages/airflow/example_dags/example_dag_decorator.py for tasks to queue
[2024-01-30T17:06:00.577+0100] {logging_mixin.py:188} INFO - [2024-01-30T17:06:00.576+0100] {dagbag.py:538} INFO - Filling up the DagBag from /home/ubuntu/.local/lib/python3.10/site-packages/airflow/example_dags/example_dag_decorator.py
[2024-01-30T17:06:00.829+0100] {processor.py:840} INFO - DAG(s) 'example_dag_decorator' retrieved from /home/ubuntu/.local/lib/python3.10/site-packages/airflow/example_dags/example_dag_decorator.py
[2024-01-30T17:06:01.349+0100] {logging_mixin.py:188} INFO - [2024-01-30T17:06:01.348+0100] {dag.py:3033} INFO - Sync 1 DAGs
[2024-01-30T17:06:01.367+0100] {logging_mixin.py:188} INFO - [2024-01-30T17:06:01.365+0100] {dag.py:3820} INFO - Setting next_dagrun for example_dag_decorator to None, run_after=None
[2024-01-30T17:06:01.460+0100] {processor.py:183} INFO - Processing /home/ubuntu/.local/lib/python3.10/site-packages/airflow/example_dags/example_dag_decorator.py took 0.909 seconds
[2024-01-30T17:07:16.034+0100] {processor.py:161} INFO - Started process (PID=6421) to work on /home/ubuntu/.local/lib/python3.10/site-packages/airflow/example_dags/example_dag_decorator.py
[2024-01-30T17:07:16.038+0100] {processor.py:830} INFO - Processing file /home/ubuntu/.local/lib/python3.10/site-packages/airflow/example_dags/example_dag_decorator.py for tasks to queue
[2024-01-30T17:07:16.042+0100] {logging_mixin.py:188} INFO - [2024-01-30T17:07:16.041+0100] {dagbag.py:538} INFO - Filling up the DagBag from /home/ubuntu/.local/lib/python3.10/site-packages/airflow/example_dags/example_dag_decorator.py
[2024-01-30T17:07:16.594+0100] {processor.py:840} INFO - DAG(s) 'example_dag_decorator' retrieved from /home/ubuntu/.local/lib/python3.10/site-packages/airflow/example_dags/example_dag_decorator.py
[2024-01-30T17:07:16.830+0100] {logging_mixin.py:188} INFO - [2024-01-30T17:07:16.830+0100] {dag.py:3033} INFO - Sync 1 DAGs
[2024-01-30T17:07:16.874+0100] {logging_mixin.py:188} INFO - [2024-01-30T17:07:16.872+0100] {dag.py:3820} INFO - Setting next_dagrun for example_dag_decorator to None, run_after=None
[2024-01-30T17:07:16.962+0100] {processor.py:183} INFO - Processing /home/ubuntu/.local/lib/python3.10/site-packages/airflow/example_dags/example_dag_decorator.py took 0.933 seconds
