[2024-01-30T13:51:14.003+0100] {processor.py:161} INFO - Started process (PID=6176) to work on /home/ubuntu/.local/lib/python3.10/site-packages/airflow/example_dags/example_branch_operator_decorator.py
[2024-01-30T13:51:14.011+0100] {processor.py:830} INFO - Processing file /home/ubuntu/.local/lib/python3.10/site-packages/airflow/example_dags/example_branch_operator_decorator.py for tasks to queue
[2024-01-30T13:51:14.014+0100] {logging_mixin.py:188} INFO - [2024-01-30T13:51:14.012+0100] {dagbag.py:538} INFO - Filling up the DagBag from /home/ubuntu/.local/lib/python3.10/site-packages/airflow/example_dags/example_branch_operator_decorator.py
[2024-01-30T13:51:14.105+0100] {processor.py:840} INFO - DAG(s) 'example_branch_python_operator_decorator' retrieved from /home/ubuntu/.local/lib/python3.10/site-packages/airflow/example_dags/example_branch_operator_decorator.py
[2024-01-30T13:51:14.464+0100] {logging_mixin.py:188} INFO - [2024-01-30T13:51:14.463+0100] {dag.py:3033} INFO - Sync 1 DAGs
[2024-01-30T13:51:14.509+0100] {logging_mixin.py:188} INFO - [2024-01-30T13:51:14.509+0100] {dag.py:3820} INFO - Setting next_dagrun for example_branch_python_operator_decorator to 2024-01-29T00:00:00+00:00, run_after=2024-01-30T00:00:00+00:00
[2024-01-30T13:51:14.574+0100] {processor.py:183} INFO - Processing /home/ubuntu/.local/lib/python3.10/site-packages/airflow/example_dags/example_branch_operator_decorator.py took 0.578 seconds
[2024-01-30T13:52:30.247+0100] {processor.py:161} INFO - Started process (PID=6245) to work on /home/ubuntu/.local/lib/python3.10/site-packages/airflow/example_dags/example_branch_operator_decorator.py
[2024-01-30T13:52:30.250+0100] {processor.py:830} INFO - Processing file /home/ubuntu/.local/lib/python3.10/site-packages/airflow/example_dags/example_branch_operator_decorator.py for tasks to queue
[2024-01-30T13:52:30.252+0100] {logging_mixin.py:188} INFO - [2024-01-30T13:52:30.252+0100] {dagbag.py:538} INFO - Filling up the DagBag from /home/ubuntu/.local/lib/python3.10/site-packages/airflow/example_dags/example_branch_operator_decorator.py
[2024-01-30T13:52:30.305+0100] {processor.py:840} INFO - DAG(s) 'example_branch_python_operator_decorator' retrieved from /home/ubuntu/.local/lib/python3.10/site-packages/airflow/example_dags/example_branch_operator_decorator.py
[2024-01-30T13:52:30.371+0100] {logging_mixin.py:188} INFO - [2024-01-30T13:52:30.370+0100] {dag.py:3033} INFO - Sync 1 DAGs
[2024-01-30T13:52:30.426+0100] {logging_mixin.py:188} INFO - [2024-01-30T13:52:30.425+0100] {dag.py:3820} INFO - Setting next_dagrun for example_branch_python_operator_decorator to 2024-01-29T00:00:00+00:00, run_after=2024-01-30T00:00:00+00:00
[2024-01-30T13:52:30.483+0100] {processor.py:183} INFO - Processing /home/ubuntu/.local/lib/python3.10/site-packages/airflow/example_dags/example_branch_operator_decorator.py took 0.244 seconds
[2024-01-30T15:53:37.982+0100] {processor.py:161} INFO - Started process (PID=6381) to work on /home/ubuntu/.local/lib/python3.10/site-packages/airflow/example_dags/example_branch_operator_decorator.py
[2024-01-30T15:53:37.984+0100] {processor.py:830} INFO - Processing file /home/ubuntu/.local/lib/python3.10/site-packages/airflow/example_dags/example_branch_operator_decorator.py for tasks to queue
[2024-01-30T15:53:37.986+0100] {logging_mixin.py:188} INFO - [2024-01-30T15:53:37.985+0100] {dagbag.py:538} INFO - Filling up the DagBag from /home/ubuntu/.local/lib/python3.10/site-packages/airflow/example_dags/example_branch_operator_decorator.py
[2024-01-30T15:53:38.011+0100] {processor.py:840} INFO - DAG(s) 'example_branch_python_operator_decorator' retrieved from /home/ubuntu/.local/lib/python3.10/site-packages/airflow/example_dags/example_branch_operator_decorator.py
[2024-01-30T15:53:38.042+0100] {logging_mixin.py:188} INFO - [2024-01-30T15:53:38.042+0100] {dag.py:3033} INFO - Sync 1 DAGs
[2024-01-30T15:53:38.073+0100] {logging_mixin.py:188} INFO - [2024-01-30T15:53:38.073+0100] {dag.py:3820} INFO - Setting next_dagrun for example_branch_python_operator_decorator to 2024-01-29T00:00:00+00:00, run_after=2024-01-30T00:00:00+00:00
[2024-01-30T15:53:38.111+0100] {processor.py:183} INFO - Processing /home/ubuntu/.local/lib/python3.10/site-packages/airflow/example_dags/example_branch_operator_decorator.py took 0.135 seconds
[2024-01-30T15:54:40.614+0100] {processor.py:161} INFO - Started process (PID=6458) to work on /home/ubuntu/.local/lib/python3.10/site-packages/airflow/example_dags/example_branch_operator_decorator.py
[2024-01-30T15:54:40.618+0100] {processor.py:830} INFO - Processing file /home/ubuntu/.local/lib/python3.10/site-packages/airflow/example_dags/example_branch_operator_decorator.py for tasks to queue
[2024-01-30T15:54:40.620+0100] {logging_mixin.py:188} INFO - [2024-01-30T15:54:40.619+0100] {dagbag.py:538} INFO - Filling up the DagBag from /home/ubuntu/.local/lib/python3.10/site-packages/airflow/example_dags/example_branch_operator_decorator.py
[2024-01-30T15:54:40.752+0100] {processor.py:840} INFO - DAG(s) 'example_branch_python_operator_decorator' retrieved from /home/ubuntu/.local/lib/python3.10/site-packages/airflow/example_dags/example_branch_operator_decorator.py
[2024-01-30T15:54:40.866+0100] {logging_mixin.py:188} INFO - [2024-01-30T15:54:40.866+0100] {dag.py:3033} INFO - Sync 1 DAGs
[2024-01-30T15:54:40.963+0100] {logging_mixin.py:188} INFO - [2024-01-30T15:54:40.963+0100] {dag.py:3820} INFO - Setting next_dagrun for example_branch_python_operator_decorator to 2024-01-29T00:00:00+00:00, run_after=2024-01-30T00:00:00+00:00
[2024-01-30T15:54:41.018+0100] {processor.py:183} INFO - Processing /home/ubuntu/.local/lib/python3.10/site-packages/airflow/example_dags/example_branch_operator_decorator.py took 0.414 seconds
[2024-01-30T15:55:43.212+0100] {processor.py:161} INFO - Started process (PID=6520) to work on /home/ubuntu/.local/lib/python3.10/site-packages/airflow/example_dags/example_branch_operator_decorator.py
[2024-01-30T15:55:43.214+0100] {processor.py:830} INFO - Processing file /home/ubuntu/.local/lib/python3.10/site-packages/airflow/example_dags/example_branch_operator_decorator.py for tasks to queue
[2024-01-30T15:55:43.216+0100] {logging_mixin.py:188} INFO - [2024-01-30T15:55:43.215+0100] {dagbag.py:538} INFO - Filling up the DagBag from /home/ubuntu/.local/lib/python3.10/site-packages/airflow/example_dags/example_branch_operator_decorator.py
[2024-01-30T15:55:43.240+0100] {processor.py:840} INFO - DAG(s) 'example_branch_python_operator_decorator' retrieved from /home/ubuntu/.local/lib/python3.10/site-packages/airflow/example_dags/example_branch_operator_decorator.py
[2024-01-30T15:55:43.271+0100] {logging_mixin.py:188} INFO - [2024-01-30T15:55:43.271+0100] {dag.py:3033} INFO - Sync 1 DAGs
[2024-01-30T15:55:43.299+0100] {logging_mixin.py:188} INFO - [2024-01-30T15:55:43.299+0100] {dag.py:3820} INFO - Setting next_dagrun for example_branch_python_operator_decorator to 2024-01-29T00:00:00+00:00, run_after=2024-01-30T00:00:00+00:00
[2024-01-30T15:55:43.339+0100] {processor.py:183} INFO - Processing /home/ubuntu/.local/lib/python3.10/site-packages/airflow/example_dags/example_branch_operator_decorator.py took 0.132 seconds
[2024-01-30T15:56:43.001+0100] {processor.py:161} INFO - Started process (PID=6576) to work on /home/ubuntu/.local/lib/python3.10/site-packages/airflow/example_dags/example_branch_operator_decorator.py
[2024-01-30T15:56:43.003+0100] {processor.py:830} INFO - Processing file /home/ubuntu/.local/lib/python3.10/site-packages/airflow/example_dags/example_branch_operator_decorator.py for tasks to queue
[2024-01-30T15:56:43.004+0100] {logging_mixin.py:188} INFO - [2024-01-30T15:56:43.004+0100] {dagbag.py:538} INFO - Filling up the DagBag from /home/ubuntu/.local/lib/python3.10/site-packages/airflow/example_dags/example_branch_operator_decorator.py
[2024-01-30T15:56:43.030+0100] {processor.py:840} INFO - DAG(s) 'example_branch_python_operator_decorator' retrieved from /home/ubuntu/.local/lib/python3.10/site-packages/airflow/example_dags/example_branch_operator_decorator.py
[2024-01-30T15:56:43.061+0100] {logging_mixin.py:188} INFO - [2024-01-30T15:56:43.061+0100] {dag.py:3033} INFO - Sync 1 DAGs
[2024-01-30T15:56:43.087+0100] {logging_mixin.py:188} INFO - [2024-01-30T15:56:43.087+0100] {dag.py:3820} INFO - Setting next_dagrun for example_branch_python_operator_decorator to 2024-01-29T00:00:00+00:00, run_after=2024-01-30T00:00:00+00:00
[2024-01-30T15:56:43.129+0100] {processor.py:183} INFO - Processing /home/ubuntu/.local/lib/python3.10/site-packages/airflow/example_dags/example_branch_operator_decorator.py took 0.134 seconds
[2024-01-30T15:59:33.726+0100] {processor.py:161} INFO - Started process (PID=7953) to work on /home/ubuntu/.local/lib/python3.10/site-packages/airflow/example_dags/example_branch_operator_decorator.py
[2024-01-30T15:59:33.740+0100] {processor.py:830} INFO - Processing file /home/ubuntu/.local/lib/python3.10/site-packages/airflow/example_dags/example_branch_operator_decorator.py for tasks to queue
[2024-01-30T15:59:33.741+0100] {logging_mixin.py:188} INFO - [2024-01-30T15:59:33.741+0100] {dagbag.py:538} INFO - Filling up the DagBag from /home/ubuntu/.local/lib/python3.10/site-packages/airflow/example_dags/example_branch_operator_decorator.py
[2024-01-30T15:59:33.863+0100] {processor.py:840} INFO - DAG(s) 'example_branch_python_operator_decorator' retrieved from /home/ubuntu/.local/lib/python3.10/site-packages/airflow/example_dags/example_branch_operator_decorator.py
[2024-01-30T15:59:33.974+0100] {logging_mixin.py:188} INFO - [2024-01-30T15:59:33.974+0100] {dag.py:3033} INFO - Sync 1 DAGs
[2024-01-30T15:59:34.049+0100] {logging_mixin.py:188} INFO - [2024-01-30T15:59:34.049+0100] {dag.py:3820} INFO - Setting next_dagrun for example_branch_python_operator_decorator to 2024-01-29T00:00:00+00:00, run_after=2024-01-30T00:00:00+00:00
[2024-01-30T15:59:34.206+0100] {processor.py:183} INFO - Processing /home/ubuntu/.local/lib/python3.10/site-packages/airflow/example_dags/example_branch_operator_decorator.py took 0.487 seconds
[2024-01-30T16:01:21.328+0100] {processor.py:161} INFO - Started process (PID=8358) to work on /home/ubuntu/.local/lib/python3.10/site-packages/airflow/example_dags/example_branch_operator_decorator.py
[2024-01-30T16:01:21.344+0100] {processor.py:830} INFO - Processing file /home/ubuntu/.local/lib/python3.10/site-packages/airflow/example_dags/example_branch_operator_decorator.py for tasks to queue
[2024-01-30T16:01:21.346+0100] {logging_mixin.py:188} INFO - [2024-01-30T16:01:21.345+0100] {dagbag.py:538} INFO - Filling up the DagBag from /home/ubuntu/.local/lib/python3.10/site-packages/airflow/example_dags/example_branch_operator_decorator.py
[2024-01-30T16:01:21.425+0100] {processor.py:840} INFO - DAG(s) 'example_branch_python_operator_decorator' retrieved from /home/ubuntu/.local/lib/python3.10/site-packages/airflow/example_dags/example_branch_operator_decorator.py
[2024-01-30T16:01:21.515+0100] {logging_mixin.py:188} INFO - [2024-01-30T16:01:21.515+0100] {dag.py:3033} INFO - Sync 1 DAGs
[2024-01-30T16:01:21.571+0100] {logging_mixin.py:188} INFO - [2024-01-30T16:01:21.571+0100] {dag.py:3820} INFO - Setting next_dagrun for example_branch_python_operator_decorator to 2024-01-29T00:00:00+00:00, run_after=2024-01-30T00:00:00+00:00
[2024-01-30T16:01:21.701+0100] {processor.py:183} INFO - Processing /home/ubuntu/.local/lib/python3.10/site-packages/airflow/example_dags/example_branch_operator_decorator.py took 0.416 seconds
[2024-01-30T16:08:06.270+0100] {processor.py:161} INFO - Started process (PID=9434) to work on /home/ubuntu/.local/lib/python3.10/site-packages/airflow/example_dags/example_branch_operator_decorator.py
[2024-01-30T16:08:06.282+0100] {processor.py:830} INFO - Processing file /home/ubuntu/.local/lib/python3.10/site-packages/airflow/example_dags/example_branch_operator_decorator.py for tasks to queue
[2024-01-30T16:08:06.301+0100] {logging_mixin.py:188} INFO - [2024-01-30T16:08:06.286+0100] {dagbag.py:538} INFO - Filling up the DagBag from /home/ubuntu/.local/lib/python3.10/site-packages/airflow/example_dags/example_branch_operator_decorator.py
[2024-01-30T16:08:06.404+0100] {processor.py:840} INFO - DAG(s) 'example_branch_python_operator_decorator' retrieved from /home/ubuntu/.local/lib/python3.10/site-packages/airflow/example_dags/example_branch_operator_decorator.py
[2024-01-30T16:08:06.491+0100] {logging_mixin.py:188} INFO - [2024-01-30T16:08:06.491+0100] {dag.py:3033} INFO - Sync 1 DAGs
[2024-01-30T16:08:06.575+0100] {logging_mixin.py:188} INFO - [2024-01-30T16:08:06.574+0100] {dag.py:3820} INFO - Setting next_dagrun for example_branch_python_operator_decorator to 2024-01-29T00:00:00+00:00, run_after=2024-01-30T00:00:00+00:00
[2024-01-30T16:08:06.960+0100] {processor.py:183} INFO - Processing /home/ubuntu/.local/lib/python3.10/site-packages/airflow/example_dags/example_branch_operator_decorator.py took 0.698 seconds
[2024-01-30T16:18:32.749+0100] {processor.py:161} INFO - Started process (PID=5662) to work on /home/ubuntu/.local/lib/python3.10/site-packages/airflow/example_dags/example_branch_operator_decorator.py
[2024-01-30T16:18:32.772+0100] {processor.py:830} INFO - Processing file /home/ubuntu/.local/lib/python3.10/site-packages/airflow/example_dags/example_branch_operator_decorator.py for tasks to queue
[2024-01-30T16:18:32.774+0100] {logging_mixin.py:188} INFO - [2024-01-30T16:18:32.773+0100] {dagbag.py:538} INFO - Filling up the DagBag from /home/ubuntu/.local/lib/python3.10/site-packages/airflow/example_dags/example_branch_operator_decorator.py
[2024-01-30T16:18:32.817+0100] {processor.py:840} INFO - DAG(s) 'example_branch_python_operator_decorator' retrieved from /home/ubuntu/.local/lib/python3.10/site-packages/airflow/example_dags/example_branch_operator_decorator.py
[2024-01-30T16:18:33.155+0100] {logging_mixin.py:188} INFO - [2024-01-30T16:18:33.154+0100] {dag.py:3033} INFO - Sync 1 DAGs
[2024-01-30T16:18:33.198+0100] {logging_mixin.py:188} INFO - [2024-01-30T16:18:33.197+0100] {dag.py:3820} INFO - Setting next_dagrun for example_branch_python_operator_decorator to 2024-01-29T00:00:00+00:00, run_after=2024-01-30T00:00:00+00:00
[2024-01-30T16:18:33.299+0100] {processor.py:183} INFO - Processing /home/ubuntu/.local/lib/python3.10/site-packages/airflow/example_dags/example_branch_operator_decorator.py took 0.556 seconds
[2024-01-30T16:20:30.764+0100] {processor.py:161} INFO - Started process (PID=6153) to work on /home/ubuntu/.local/lib/python3.10/site-packages/airflow/example_dags/example_branch_operator_decorator.py
[2024-01-30T16:20:30.775+0100] {processor.py:830} INFO - Processing file /home/ubuntu/.local/lib/python3.10/site-packages/airflow/example_dags/example_branch_operator_decorator.py for tasks to queue
[2024-01-30T16:20:30.780+0100] {logging_mixin.py:188} INFO - [2024-01-30T16:20:30.776+0100] {dagbag.py:538} INFO - Filling up the DagBag from /home/ubuntu/.local/lib/python3.10/site-packages/airflow/example_dags/example_branch_operator_decorator.py
[2024-01-30T16:20:30.923+0100] {processor.py:840} INFO - DAG(s) 'example_branch_python_operator_decorator' retrieved from /home/ubuntu/.local/lib/python3.10/site-packages/airflow/example_dags/example_branch_operator_decorator.py
[2024-01-30T16:20:31.016+0100] {logging_mixin.py:188} INFO - [2024-01-30T16:20:31.016+0100] {dag.py:3033} INFO - Sync 1 DAGs
[2024-01-30T16:20:31.103+0100] {logging_mixin.py:188} INFO - [2024-01-30T16:20:31.103+0100] {dag.py:3820} INFO - Setting next_dagrun for example_branch_python_operator_decorator to 2024-01-29T00:00:00+00:00, run_after=2024-01-30T00:00:00+00:00
[2024-01-30T16:20:31.209+0100] {processor.py:183} INFO - Processing /home/ubuntu/.local/lib/python3.10/site-packages/airflow/example_dags/example_branch_operator_decorator.py took 0.458 seconds
[2024-01-30T16:25:30.020+0100] {processor.py:161} INFO - Started process (PID=7425) to work on /home/ubuntu/.local/lib/python3.10/site-packages/airflow/example_dags/example_branch_operator_decorator.py
[2024-01-30T16:25:30.023+0100] {processor.py:830} INFO - Processing file /home/ubuntu/.local/lib/python3.10/site-packages/airflow/example_dags/example_branch_operator_decorator.py for tasks to queue
[2024-01-30T16:25:30.027+0100] {logging_mixin.py:188} INFO - [2024-01-30T16:25:30.026+0100] {dagbag.py:538} INFO - Filling up the DagBag from /home/ubuntu/.local/lib/python3.10/site-packages/airflow/example_dags/example_branch_operator_decorator.py
[2024-01-30T16:25:30.133+0100] {processor.py:840} INFO - DAG(s) 'example_branch_python_operator_decorator' retrieved from /home/ubuntu/.local/lib/python3.10/site-packages/airflow/example_dags/example_branch_operator_decorator.py
[2024-01-30T16:25:30.168+0100] {logging_mixin.py:188} INFO - [2024-01-30T16:25:30.168+0100] {dag.py:3033} INFO - Sync 1 DAGs
[2024-01-30T16:25:30.196+0100] {logging_mixin.py:188} INFO - [2024-01-30T16:25:30.196+0100] {dag.py:3820} INFO - Setting next_dagrun for example_branch_python_operator_decorator to 2024-01-29T00:00:00+00:00, run_after=2024-01-30T00:00:00+00:00
[2024-01-30T16:25:30.234+0100] {processor.py:183} INFO - Processing /home/ubuntu/.local/lib/python3.10/site-packages/airflow/example_dags/example_branch_operator_decorator.py took 0.239 seconds
[2024-01-30T16:30:55.175+0100] {processor.py:161} INFO - Started process (PID=8497) to work on /home/ubuntu/.local/lib/python3.10/site-packages/airflow/example_dags/example_branch_operator_decorator.py
[2024-01-30T16:30:55.180+0100] {processor.py:830} INFO - Processing file /home/ubuntu/.local/lib/python3.10/site-packages/airflow/example_dags/example_branch_operator_decorator.py for tasks to queue
[2024-01-30T16:30:55.181+0100] {logging_mixin.py:188} INFO - [2024-01-30T16:30:55.181+0100] {dagbag.py:538} INFO - Filling up the DagBag from /home/ubuntu/.local/lib/python3.10/site-packages/airflow/example_dags/example_branch_operator_decorator.py
[2024-01-30T16:30:55.278+0100] {processor.py:840} INFO - DAG(s) 'example_branch_python_operator_decorator' retrieved from /home/ubuntu/.local/lib/python3.10/site-packages/airflow/example_dags/example_branch_operator_decorator.py
[2024-01-30T16:30:55.383+0100] {logging_mixin.py:188} INFO - [2024-01-30T16:30:55.382+0100] {dag.py:3033} INFO - Sync 1 DAGs
[2024-01-30T16:30:55.495+0100] {logging_mixin.py:188} INFO - [2024-01-30T16:30:55.495+0100] {dag.py:3820} INFO - Setting next_dagrun for example_branch_python_operator_decorator to 2024-01-29T00:00:00+00:00, run_after=2024-01-30T00:00:00+00:00
[2024-01-30T16:30:55.650+0100] {processor.py:183} INFO - Processing /home/ubuntu/.local/lib/python3.10/site-packages/airflow/example_dags/example_branch_operator_decorator.py took 0.492 seconds
[2024-01-30T16:32:44.514+0100] {processor.py:161} INFO - Started process (PID=9257) to work on /home/ubuntu/.local/lib/python3.10/site-packages/airflow/example_dags/example_branch_operator_decorator.py
[2024-01-30T16:32:44.522+0100] {processor.py:830} INFO - Processing file /home/ubuntu/.local/lib/python3.10/site-packages/airflow/example_dags/example_branch_operator_decorator.py for tasks to queue
[2024-01-30T16:32:44.526+0100] {logging_mixin.py:188} INFO - [2024-01-30T16:32:44.524+0100] {dagbag.py:538} INFO - Filling up the DagBag from /home/ubuntu/.local/lib/python3.10/site-packages/airflow/example_dags/example_branch_operator_decorator.py
[2024-01-30T16:32:44.623+0100] {processor.py:840} INFO - DAG(s) 'example_branch_python_operator_decorator' retrieved from /home/ubuntu/.local/lib/python3.10/site-packages/airflow/example_dags/example_branch_operator_decorator.py
[2024-01-30T16:32:44.695+0100] {logging_mixin.py:188} INFO - [2024-01-30T16:32:44.695+0100] {dag.py:3033} INFO - Sync 1 DAGs
[2024-01-30T16:32:44.754+0100] {logging_mixin.py:188} INFO - [2024-01-30T16:32:44.753+0100] {dag.py:3820} INFO - Setting next_dagrun for example_branch_python_operator_decorator to 2024-01-29T00:00:00+00:00, run_after=2024-01-30T00:00:00+00:00
[2024-01-30T16:32:44.838+0100] {processor.py:183} INFO - Processing /home/ubuntu/.local/lib/python3.10/site-packages/airflow/example_dags/example_branch_operator_decorator.py took 0.333 seconds
[2024-01-30T16:49:59.819+0100] {processor.py:161} INFO - Started process (PID=5286) to work on /home/ubuntu/.local/lib/python3.10/site-packages/airflow/example_dags/example_branch_operator_decorator.py
[2024-01-30T16:49:59.844+0100] {processor.py:830} INFO - Processing file /home/ubuntu/.local/lib/python3.10/site-packages/airflow/example_dags/example_branch_operator_decorator.py for tasks to queue
[2024-01-30T16:49:59.847+0100] {logging_mixin.py:188} INFO - [2024-01-30T16:49:59.845+0100] {dagbag.py:538} INFO - Filling up the DagBag from /home/ubuntu/.local/lib/python3.10/site-packages/airflow/example_dags/example_branch_operator_decorator.py
[2024-01-30T16:49:59.999+0100] {processor.py:840} INFO - DAG(s) 'example_branch_python_operator_decorator' retrieved from /home/ubuntu/.local/lib/python3.10/site-packages/airflow/example_dags/example_branch_operator_decorator.py
[2024-01-30T16:50:00.463+0100] {logging_mixin.py:188} INFO - [2024-01-30T16:50:00.462+0100] {dag.py:3033} INFO - Sync 1 DAGs
[2024-01-30T16:50:00.517+0100] {logging_mixin.py:188} INFO - [2024-01-30T16:50:00.517+0100] {dag.py:3820} INFO - Setting next_dagrun for example_branch_python_operator_decorator to 2024-01-29T00:00:00+00:00, run_after=2024-01-30T00:00:00+00:00
[2024-01-30T16:50:00.671+0100] {processor.py:183} INFO - Processing /home/ubuntu/.local/lib/python3.10/site-packages/airflow/example_dags/example_branch_operator_decorator.py took 0.864 seconds
[2024-01-30T16:51:15.084+0100] {processor.py:161} INFO - Started process (PID=5347) to work on /home/ubuntu/.local/lib/python3.10/site-packages/airflow/example_dags/example_branch_operator_decorator.py
[2024-01-30T16:51:15.088+0100] {processor.py:830} INFO - Processing file /home/ubuntu/.local/lib/python3.10/site-packages/airflow/example_dags/example_branch_operator_decorator.py for tasks to queue
[2024-01-30T16:51:15.091+0100] {logging_mixin.py:188} INFO - [2024-01-30T16:51:15.089+0100] {dagbag.py:538} INFO - Filling up the DagBag from /home/ubuntu/.local/lib/python3.10/site-packages/airflow/example_dags/example_branch_operator_decorator.py
[2024-01-30T16:51:15.143+0100] {processor.py:840} INFO - DAG(s) 'example_branch_python_operator_decorator' retrieved from /home/ubuntu/.local/lib/python3.10/site-packages/airflow/example_dags/example_branch_operator_decorator.py
[2024-01-30T16:51:15.188+0100] {logging_mixin.py:188} INFO - [2024-01-30T16:51:15.187+0100] {dag.py:3033} INFO - Sync 1 DAGs
[2024-01-30T16:51:15.243+0100] {logging_mixin.py:188} INFO - [2024-01-30T16:51:15.242+0100] {dag.py:3820} INFO - Setting next_dagrun for example_branch_python_operator_decorator to 2024-01-29T00:00:00+00:00, run_after=2024-01-30T00:00:00+00:00
[2024-01-30T16:51:15.292+0100] {processor.py:183} INFO - Processing /home/ubuntu/.local/lib/python3.10/site-packages/airflow/example_dags/example_branch_operator_decorator.py took 0.220 seconds
[2024-01-30T16:52:34.164+0100] {processor.py:161} INFO - Started process (PID=5420) to work on /home/ubuntu/.local/lib/python3.10/site-packages/airflow/example_dags/example_branch_operator_decorator.py
[2024-01-30T16:52:34.167+0100] {processor.py:830} INFO - Processing file /home/ubuntu/.local/lib/python3.10/site-packages/airflow/example_dags/example_branch_operator_decorator.py for tasks to queue
[2024-01-30T16:52:34.168+0100] {logging_mixin.py:188} INFO - [2024-01-30T16:52:34.167+0100] {dagbag.py:538} INFO - Filling up the DagBag from /home/ubuntu/.local/lib/python3.10/site-packages/airflow/example_dags/example_branch_operator_decorator.py
[2024-01-30T16:52:34.196+0100] {processor.py:840} INFO - DAG(s) 'example_branch_python_operator_decorator' retrieved from /home/ubuntu/.local/lib/python3.10/site-packages/airflow/example_dags/example_branch_operator_decorator.py
[2024-01-30T16:52:34.227+0100] {logging_mixin.py:188} INFO - [2024-01-30T16:52:34.227+0100] {dag.py:3033} INFO - Sync 1 DAGs
[2024-01-30T16:52:34.253+0100] {logging_mixin.py:188} INFO - [2024-01-30T16:52:34.253+0100] {dag.py:3820} INFO - Setting next_dagrun for example_branch_python_operator_decorator to 2024-01-29T00:00:00+00:00, run_after=2024-01-30T00:00:00+00:00
[2024-01-30T16:52:34.289+0100] {processor.py:183} INFO - Processing /home/ubuntu/.local/lib/python3.10/site-packages/airflow/example_dags/example_branch_operator_decorator.py took 0.130 seconds
[2024-01-30T16:53:50.951+0100] {processor.py:161} INFO - Started process (PID=5509) to work on /home/ubuntu/.local/lib/python3.10/site-packages/airflow/example_dags/example_branch_operator_decorator.py
[2024-01-30T16:53:50.955+0100] {processor.py:830} INFO - Processing file /home/ubuntu/.local/lib/python3.10/site-packages/airflow/example_dags/example_branch_operator_decorator.py for tasks to queue
[2024-01-30T16:53:50.957+0100] {logging_mixin.py:188} INFO - [2024-01-30T16:53:50.957+0100] {dagbag.py:538} INFO - Filling up the DagBag from /home/ubuntu/.local/lib/python3.10/site-packages/airflow/example_dags/example_branch_operator_decorator.py
[2024-01-30T16:53:51.061+0100] {processor.py:840} INFO - DAG(s) 'example_branch_python_operator_decorator' retrieved from /home/ubuntu/.local/lib/python3.10/site-packages/airflow/example_dags/example_branch_operator_decorator.py
[2024-01-30T16:53:51.138+0100] {logging_mixin.py:188} INFO - [2024-01-30T16:53:51.137+0100] {dag.py:3033} INFO - Sync 1 DAGs
[2024-01-30T16:53:51.193+0100] {logging_mixin.py:188} INFO - [2024-01-30T16:53:51.192+0100] {dag.py:3820} INFO - Setting next_dagrun for example_branch_python_operator_decorator to 2024-01-29T00:00:00+00:00, run_after=2024-01-30T00:00:00+00:00
[2024-01-30T16:53:51.296+0100] {processor.py:183} INFO - Processing /home/ubuntu/.local/lib/python3.10/site-packages/airflow/example_dags/example_branch_operator_decorator.py took 0.373 seconds
[2024-01-30T16:56:01.501+0100] {processor.py:161} INFO - Started process (PID=5710) to work on /home/ubuntu/.local/lib/python3.10/site-packages/airflow/example_dags/example_branch_operator_decorator.py
[2024-01-30T16:56:01.508+0100] {processor.py:830} INFO - Processing file /home/ubuntu/.local/lib/python3.10/site-packages/airflow/example_dags/example_branch_operator_decorator.py for tasks to queue
[2024-01-30T16:56:01.522+0100] {logging_mixin.py:188} INFO - [2024-01-30T16:56:01.517+0100] {dagbag.py:538} INFO - Filling up the DagBag from /home/ubuntu/.local/lib/python3.10/site-packages/airflow/example_dags/example_branch_operator_decorator.py
[2024-01-30T16:56:01.637+0100] {processor.py:840} INFO - DAG(s) 'example_branch_python_operator_decorator' retrieved from /home/ubuntu/.local/lib/python3.10/site-packages/airflow/example_dags/example_branch_operator_decorator.py
[2024-01-30T16:56:01.700+0100] {logging_mixin.py:188} INFO - [2024-01-30T16:56:01.700+0100] {dag.py:3033} INFO - Sync 1 DAGs
[2024-01-30T16:56:01.801+0100] {logging_mixin.py:188} INFO - [2024-01-30T16:56:01.794+0100] {dag.py:3820} INFO - Setting next_dagrun for example_branch_python_operator_decorator to 2024-01-29T00:00:00+00:00, run_after=2024-01-30T00:00:00+00:00
[2024-01-30T16:56:01.901+0100] {processor.py:183} INFO - Processing /home/ubuntu/.local/lib/python3.10/site-packages/airflow/example_dags/example_branch_operator_decorator.py took 0.406 seconds
[2024-01-30T16:57:28.124+0100] {processor.py:161} INFO - Started process (PID=5782) to work on /home/ubuntu/.local/lib/python3.10/site-packages/airflow/example_dags/example_branch_operator_decorator.py
[2024-01-30T16:57:28.128+0100] {processor.py:830} INFO - Processing file /home/ubuntu/.local/lib/python3.10/site-packages/airflow/example_dags/example_branch_operator_decorator.py for tasks to queue
[2024-01-30T16:57:28.131+0100] {logging_mixin.py:188} INFO - [2024-01-30T16:57:28.130+0100] {dagbag.py:538} INFO - Filling up the DagBag from /home/ubuntu/.local/lib/python3.10/site-packages/airflow/example_dags/example_branch_operator_decorator.py
[2024-01-30T16:57:28.176+0100] {processor.py:840} INFO - DAG(s) 'example_branch_python_operator_decorator' retrieved from /home/ubuntu/.local/lib/python3.10/site-packages/airflow/example_dags/example_branch_operator_decorator.py
[2024-01-30T16:57:28.251+0100] {logging_mixin.py:188} INFO - [2024-01-30T16:57:28.251+0100] {dag.py:3033} INFO - Sync 1 DAGs
[2024-01-30T16:57:28.308+0100] {logging_mixin.py:188} INFO - [2024-01-30T16:57:28.305+0100] {dag.py:3820} INFO - Setting next_dagrun for example_branch_python_operator_decorator to 2024-01-29T00:00:00+00:00, run_after=2024-01-30T00:00:00+00:00
[2024-01-30T16:57:28.385+0100] {processor.py:183} INFO - Processing /home/ubuntu/.local/lib/python3.10/site-packages/airflow/example_dags/example_branch_operator_decorator.py took 0.268 seconds
[2024-01-30T16:58:47.459+0100] {processor.py:161} INFO - Started process (PID=5857) to work on /home/ubuntu/.local/lib/python3.10/site-packages/airflow/example_dags/example_branch_operator_decorator.py
[2024-01-30T16:58:47.467+0100] {processor.py:830} INFO - Processing file /home/ubuntu/.local/lib/python3.10/site-packages/airflow/example_dags/example_branch_operator_decorator.py for tasks to queue
[2024-01-30T16:58:47.469+0100] {logging_mixin.py:188} INFO - [2024-01-30T16:58:47.468+0100] {dagbag.py:538} INFO - Filling up the DagBag from /home/ubuntu/.local/lib/python3.10/site-packages/airflow/example_dags/example_branch_operator_decorator.py
[2024-01-30T16:58:47.505+0100] {processor.py:840} INFO - DAG(s) 'example_branch_python_operator_decorator' retrieved from /home/ubuntu/.local/lib/python3.10/site-packages/airflow/example_dags/example_branch_operator_decorator.py
[2024-01-30T16:58:47.566+0100] {logging_mixin.py:188} INFO - [2024-01-30T16:58:47.566+0100] {dag.py:3033} INFO - Sync 1 DAGs
[2024-01-30T16:58:47.606+0100] {logging_mixin.py:188} INFO - [2024-01-30T16:58:47.606+0100] {dag.py:3820} INFO - Setting next_dagrun for example_branch_python_operator_decorator to 2024-01-29T00:00:00+00:00, run_after=2024-01-30T00:00:00+00:00
[2024-01-30T16:58:47.673+0100] {processor.py:183} INFO - Processing /home/ubuntu/.local/lib/python3.10/site-packages/airflow/example_dags/example_branch_operator_decorator.py took 0.222 seconds
[2024-01-30T17:00:22.810+0100] {processor.py:161} INFO - Started process (PID=6046) to work on /home/ubuntu/.local/lib/python3.10/site-packages/airflow/example_dags/example_branch_operator_decorator.py
[2024-01-30T17:00:22.816+0100] {processor.py:830} INFO - Processing file /home/ubuntu/.local/lib/python3.10/site-packages/airflow/example_dags/example_branch_operator_decorator.py for tasks to queue
[2024-01-30T17:00:22.818+0100] {logging_mixin.py:188} INFO - [2024-01-30T17:00:22.817+0100] {dagbag.py:538} INFO - Filling up the DagBag from /home/ubuntu/.local/lib/python3.10/site-packages/airflow/example_dags/example_branch_operator_decorator.py
[2024-01-30T17:00:22.894+0100] {processor.py:840} INFO - DAG(s) 'example_branch_python_operator_decorator' retrieved from /home/ubuntu/.local/lib/python3.10/site-packages/airflow/example_dags/example_branch_operator_decorator.py
[2024-01-30T17:00:22.985+0100] {logging_mixin.py:188} INFO - [2024-01-30T17:00:22.984+0100] {dag.py:3033} INFO - Sync 1 DAGs
[2024-01-30T17:00:23.104+0100] {logging_mixin.py:188} INFO - [2024-01-30T17:00:23.104+0100] {dag.py:3820} INFO - Setting next_dagrun for example_branch_python_operator_decorator to 2024-01-29T00:00:00+00:00, run_after=2024-01-30T00:00:00+00:00
[2024-01-30T17:00:23.177+0100] {processor.py:183} INFO - Processing /home/ubuntu/.local/lib/python3.10/site-packages/airflow/example_dags/example_branch_operator_decorator.py took 0.376 seconds
[2024-01-30T17:02:11.594+0100] {processor.py:161} INFO - Started process (PID=6151) to work on /home/ubuntu/.local/lib/python3.10/site-packages/airflow/example_dags/example_branch_operator_decorator.py
[2024-01-30T17:02:11.599+0100] {processor.py:830} INFO - Processing file /home/ubuntu/.local/lib/python3.10/site-packages/airflow/example_dags/example_branch_operator_decorator.py for tasks to queue
[2024-01-30T17:02:11.602+0100] {logging_mixin.py:188} INFO - [2024-01-30T17:02:11.601+0100] {dagbag.py:538} INFO - Filling up the DagBag from /home/ubuntu/.local/lib/python3.10/site-packages/airflow/example_dags/example_branch_operator_decorator.py
[2024-01-30T17:02:11.653+0100] {processor.py:840} INFO - DAG(s) 'example_branch_python_operator_decorator' retrieved from /home/ubuntu/.local/lib/python3.10/site-packages/airflow/example_dags/example_branch_operator_decorator.py
[2024-01-30T17:02:11.701+0100] {logging_mixin.py:188} INFO - [2024-01-30T17:02:11.700+0100] {dag.py:3033} INFO - Sync 1 DAGs
[2024-01-30T17:02:11.747+0100] {logging_mixin.py:188} INFO - [2024-01-30T17:02:11.747+0100] {dag.py:3820} INFO - Setting next_dagrun for example_branch_python_operator_decorator to 2024-01-29T00:00:00+00:00, run_after=2024-01-30T00:00:00+00:00
[2024-01-30T17:02:11.849+0100] {processor.py:183} INFO - Processing /home/ubuntu/.local/lib/python3.10/site-packages/airflow/example_dags/example_branch_operator_decorator.py took 0.270 seconds
[2024-01-30T17:03:27.100+0100] {processor.py:161} INFO - Started process (PID=6223) to work on /home/ubuntu/.local/lib/python3.10/site-packages/airflow/example_dags/example_branch_operator_decorator.py
[2024-01-30T17:03:27.106+0100] {processor.py:830} INFO - Processing file /home/ubuntu/.local/lib/python3.10/site-packages/airflow/example_dags/example_branch_operator_decorator.py for tasks to queue
[2024-01-30T17:03:27.112+0100] {logging_mixin.py:188} INFO - [2024-01-30T17:03:27.111+0100] {dagbag.py:538} INFO - Filling up the DagBag from /home/ubuntu/.local/lib/python3.10/site-packages/airflow/example_dags/example_branch_operator_decorator.py
[2024-01-30T17:03:27.172+0100] {processor.py:840} INFO - DAG(s) 'example_branch_python_operator_decorator' retrieved from /home/ubuntu/.local/lib/python3.10/site-packages/airflow/example_dags/example_branch_operator_decorator.py
[2024-01-30T17:03:27.243+0100] {logging_mixin.py:188} INFO - [2024-01-30T17:03:27.243+0100] {dag.py:3033} INFO - Sync 1 DAGs
[2024-01-30T17:03:27.287+0100] {logging_mixin.py:188} INFO - [2024-01-30T17:03:27.286+0100] {dag.py:3820} INFO - Setting next_dagrun for example_branch_python_operator_decorator to 2024-01-29T00:00:00+00:00, run_after=2024-01-30T00:00:00+00:00
[2024-01-30T17:03:27.354+0100] {processor.py:183} INFO - Processing /home/ubuntu/.local/lib/python3.10/site-packages/airflow/example_dags/example_branch_operator_decorator.py took 0.260 seconds
[2024-01-30T17:04:42.014+0100] {processor.py:161} INFO - Started process (PID=6287) to work on /home/ubuntu/.local/lib/python3.10/site-packages/airflow/example_dags/example_branch_operator_decorator.py
[2024-01-30T17:04:42.026+0100] {processor.py:830} INFO - Processing file /home/ubuntu/.local/lib/python3.10/site-packages/airflow/example_dags/example_branch_operator_decorator.py for tasks to queue
[2024-01-30T17:04:42.032+0100] {logging_mixin.py:188} INFO - [2024-01-30T17:04:42.031+0100] {dagbag.py:538} INFO - Filling up the DagBag from /home/ubuntu/.local/lib/python3.10/site-packages/airflow/example_dags/example_branch_operator_decorator.py
[2024-01-30T17:04:42.080+0100] {processor.py:840} INFO - DAG(s) 'example_branch_python_operator_decorator' retrieved from /home/ubuntu/.local/lib/python3.10/site-packages/airflow/example_dags/example_branch_operator_decorator.py
[2024-01-30T17:04:42.184+0100] {logging_mixin.py:188} INFO - [2024-01-30T17:04:42.184+0100] {dag.py:3033} INFO - Sync 1 DAGs
[2024-01-30T17:04:42.257+0100] {logging_mixin.py:188} INFO - [2024-01-30T17:04:42.256+0100] {dag.py:3820} INFO - Setting next_dagrun for example_branch_python_operator_decorator to 2024-01-29T00:00:00+00:00, run_after=2024-01-30T00:00:00+00:00
[2024-01-30T17:04:42.559+0100] {processor.py:183} INFO - Processing /home/ubuntu/.local/lib/python3.10/site-packages/airflow/example_dags/example_branch_operator_decorator.py took 0.555 seconds
[2024-01-30T17:06:04.338+0100] {processor.py:161} INFO - Started process (PID=6359) to work on /home/ubuntu/.local/lib/python3.10/site-packages/airflow/example_dags/example_branch_operator_decorator.py
[2024-01-30T17:06:04.345+0100] {processor.py:830} INFO - Processing file /home/ubuntu/.local/lib/python3.10/site-packages/airflow/example_dags/example_branch_operator_decorator.py for tasks to queue
[2024-01-30T17:06:04.348+0100] {logging_mixin.py:188} INFO - [2024-01-30T17:06:04.347+0100] {dagbag.py:538} INFO - Filling up the DagBag from /home/ubuntu/.local/lib/python3.10/site-packages/airflow/example_dags/example_branch_operator_decorator.py
[2024-01-30T17:06:04.398+0100] {processor.py:840} INFO - DAG(s) 'example_branch_python_operator_decorator' retrieved from /home/ubuntu/.local/lib/python3.10/site-packages/airflow/example_dags/example_branch_operator_decorator.py
[2024-01-30T17:06:04.451+0100] {logging_mixin.py:188} INFO - [2024-01-30T17:06:04.451+0100] {dag.py:3033} INFO - Sync 1 DAGs
[2024-01-30T17:06:04.493+0100] {logging_mixin.py:188} INFO - [2024-01-30T17:06:04.493+0100] {dag.py:3820} INFO - Setting next_dagrun for example_branch_python_operator_decorator to 2024-01-29T00:00:00+00:00, run_after=2024-01-30T00:00:00+00:00
[2024-01-30T17:06:04.592+0100] {processor.py:183} INFO - Processing /home/ubuntu/.local/lib/python3.10/site-packages/airflow/example_dags/example_branch_operator_decorator.py took 0.295 seconds
[2024-01-30T17:07:19.932+0100] {processor.py:161} INFO - Started process (PID=6425) to work on /home/ubuntu/.local/lib/python3.10/site-packages/airflow/example_dags/example_branch_operator_decorator.py
[2024-01-30T17:07:19.937+0100] {processor.py:830} INFO - Processing file /home/ubuntu/.local/lib/python3.10/site-packages/airflow/example_dags/example_branch_operator_decorator.py for tasks to queue
[2024-01-30T17:07:19.940+0100] {logging_mixin.py:188} INFO - [2024-01-30T17:07:19.939+0100] {dagbag.py:538} INFO - Filling up the DagBag from /home/ubuntu/.local/lib/python3.10/site-packages/airflow/example_dags/example_branch_operator_decorator.py
[2024-01-30T17:07:19.983+0100] {processor.py:840} INFO - DAG(s) 'example_branch_python_operator_decorator' retrieved from /home/ubuntu/.local/lib/python3.10/site-packages/airflow/example_dags/example_branch_operator_decorator.py
[2024-01-30T17:07:20.046+0100] {logging_mixin.py:188} INFO - [2024-01-30T17:07:20.046+0100] {dag.py:3033} INFO - Sync 1 DAGs
[2024-01-30T17:07:20.365+0100] {logging_mixin.py:188} INFO - [2024-01-30T17:07:20.364+0100] {dag.py:3820} INFO - Setting next_dagrun for example_branch_python_operator_decorator to 2024-01-29T00:00:00+00:00, run_after=2024-01-30T00:00:00+00:00
[2024-01-30T17:07:20.511+0100] {processor.py:183} INFO - Processing /home/ubuntu/.local/lib/python3.10/site-packages/airflow/example_dags/example_branch_operator_decorator.py took 0.585 seconds
