[2024-01-30T13:50:20.376+0100] {processor.py:161} INFO - Started process (PID=6100) to work on /home/ubuntu/.local/lib/python3.10/site-packages/airflow/example_dags/example_task_group_decorator.py
[2024-01-30T13:50:20.378+0100] {processor.py:830} INFO - Processing file /home/ubuntu/.local/lib/python3.10/site-packages/airflow/example_dags/example_task_group_decorator.py for tasks to queue
[2024-01-30T13:50:20.380+0100] {logging_mixin.py:188} INFO - [2024-01-30T13:50:20.379+0100] {dagbag.py:538} INFO - Filling up the DagBag from /home/ubuntu/.local/lib/python3.10/site-packages/airflow/example_dags/example_task_group_decorator.py
[2024-01-30T13:50:20.440+0100] {processor.py:840} INFO - DAG(s) 'example_task_group_decorator' retrieved from /home/ubuntu/.local/lib/python3.10/site-packages/airflow/example_dags/example_task_group_decorator.py
[2024-01-30T13:50:20.773+0100] {logging_mixin.py:188} INFO - [2024-01-30T13:50:20.773+0100] {dag.py:3033} INFO - Sync 1 DAGs
[2024-01-30T13:50:20.816+0100] {logging_mixin.py:188} INFO - [2024-01-30T13:50:20.816+0100] {dag.py:3820} INFO - Setting next_dagrun for example_task_group_decorator to 2024-01-29T00:00:00+00:00, run_after=2024-01-30T00:00:00+00:00
[2024-01-30T13:50:20.905+0100] {processor.py:183} INFO - Processing /home/ubuntu/.local/lib/python3.10/site-packages/airflow/example_dags/example_task_group_decorator.py took 0.535 seconds
[2024-01-30T13:51:54.723+0100] {processor.py:161} INFO - Started process (PID=6203) to work on /home/ubuntu/.local/lib/python3.10/site-packages/airflow/example_dags/example_task_group_decorator.py
[2024-01-30T13:51:54.727+0100] {processor.py:830} INFO - Processing file /home/ubuntu/.local/lib/python3.10/site-packages/airflow/example_dags/example_task_group_decorator.py for tasks to queue
[2024-01-30T13:51:54.731+0100] {logging_mixin.py:188} INFO - [2024-01-30T13:51:54.729+0100] {dagbag.py:538} INFO - Filling up the DagBag from /home/ubuntu/.local/lib/python3.10/site-packages/airflow/example_dags/example_task_group_decorator.py
[2024-01-30T13:51:54.792+0100] {processor.py:840} INFO - DAG(s) 'example_task_group_decorator' retrieved from /home/ubuntu/.local/lib/python3.10/site-packages/airflow/example_dags/example_task_group_decorator.py
[2024-01-30T13:51:54.887+0100] {logging_mixin.py:188} INFO - [2024-01-30T13:51:54.887+0100] {dag.py:3033} INFO - Sync 1 DAGs
[2024-01-30T13:51:54.940+0100] {logging_mixin.py:188} INFO - [2024-01-30T13:51:54.940+0100] {dag.py:3820} INFO - Setting next_dagrun for example_task_group_decorator to 2024-01-29T00:00:00+00:00, run_after=2024-01-30T00:00:00+00:00
[2024-01-30T13:51:55.015+0100] {processor.py:183} INFO - Processing /home/ubuntu/.local/lib/python3.10/site-packages/airflow/example_dags/example_task_group_decorator.py took 0.305 seconds
[2024-01-30T13:52:37.559+0100] {processor.py:161} INFO - Started process (PID=6251) to work on /home/ubuntu/.local/lib/python3.10/site-packages/airflow/example_dags/example_task_group_decorator.py
[2024-01-30T13:52:37.561+0100] {processor.py:830} INFO - Processing file /home/ubuntu/.local/lib/python3.10/site-packages/airflow/example_dags/example_task_group_decorator.py for tasks to queue
[2024-01-30T13:52:37.562+0100] {logging_mixin.py:188} INFO - [2024-01-30T13:52:37.561+0100] {dagbag.py:538} INFO - Filling up the DagBag from /home/ubuntu/.local/lib/python3.10/site-packages/airflow/example_dags/example_task_group_decorator.py
[2024-01-30T13:52:37.581+0100] {processor.py:840} INFO - DAG(s) 'example_task_group_decorator' retrieved from /home/ubuntu/.local/lib/python3.10/site-packages/airflow/example_dags/example_task_group_decorator.py
[2024-01-30T13:52:37.605+0100] {logging_mixin.py:188} INFO - [2024-01-30T13:52:37.605+0100] {dag.py:3033} INFO - Sync 1 DAGs
[2024-01-30T13:52:37.661+0100] {logging_mixin.py:188} INFO - [2024-01-30T13:52:37.661+0100] {dag.py:3820} INFO - Setting next_dagrun for example_task_group_decorator to 2024-01-29T00:00:00+00:00, run_after=2024-01-30T00:00:00+00:00
[2024-01-30T13:52:37.728+0100] {processor.py:183} INFO - Processing /home/ubuntu/.local/lib/python3.10/site-packages/airflow/example_dags/example_task_group_decorator.py took 0.174 seconds
[2024-01-30T15:53:05.316+0100] {processor.py:161} INFO - Started process (PID=6349) to work on /home/ubuntu/.local/lib/python3.10/site-packages/airflow/example_dags/example_task_group_decorator.py
[2024-01-30T15:53:05.321+0100] {processor.py:830} INFO - Processing file /home/ubuntu/.local/lib/python3.10/site-packages/airflow/example_dags/example_task_group_decorator.py for tasks to queue
[2024-01-30T15:53:05.322+0100] {logging_mixin.py:188} INFO - [2024-01-30T15:53:05.322+0100] {dagbag.py:538} INFO - Filling up the DagBag from /home/ubuntu/.local/lib/python3.10/site-packages/airflow/example_dags/example_task_group_decorator.py
[2024-01-30T15:53:05.341+0100] {processor.py:840} INFO - DAG(s) 'example_task_group_decorator' retrieved from /home/ubuntu/.local/lib/python3.10/site-packages/airflow/example_dags/example_task_group_decorator.py
[2024-01-30T15:53:05.362+0100] {logging_mixin.py:188} INFO - [2024-01-30T15:53:05.362+0100] {dag.py:3033} INFO - Sync 1 DAGs
[2024-01-30T15:53:05.384+0100] {logging_mixin.py:188} INFO - [2024-01-30T15:53:05.384+0100] {dag.py:3820} INFO - Setting next_dagrun for example_task_group_decorator to 2024-01-29T00:00:00+00:00, run_after=2024-01-30T00:00:00+00:00
[2024-01-30T15:53:05.427+0100] {processor.py:183} INFO - Processing /home/ubuntu/.local/lib/python3.10/site-packages/airflow/example_dags/example_task_group_decorator.py took 0.116 seconds
[2024-01-30T15:53:56.361+0100] {processor.py:161} INFO - Started process (PID=6398) to work on /home/ubuntu/.local/lib/python3.10/site-packages/airflow/example_dags/example_task_group_decorator.py
[2024-01-30T15:53:56.364+0100] {processor.py:830} INFO - Processing file /home/ubuntu/.local/lib/python3.10/site-packages/airflow/example_dags/example_task_group_decorator.py for tasks to queue
[2024-01-30T15:53:56.365+0100] {logging_mixin.py:188} INFO - [2024-01-30T15:53:56.364+0100] {dagbag.py:538} INFO - Filling up the DagBag from /home/ubuntu/.local/lib/python3.10/site-packages/airflow/example_dags/example_task_group_decorator.py
[2024-01-30T15:53:56.387+0100] {processor.py:840} INFO - DAG(s) 'example_task_group_decorator' retrieved from /home/ubuntu/.local/lib/python3.10/site-packages/airflow/example_dags/example_task_group_decorator.py
[2024-01-30T15:53:56.414+0100] {logging_mixin.py:188} INFO - [2024-01-30T15:53:56.414+0100] {dag.py:3033} INFO - Sync 1 DAGs
[2024-01-30T15:53:56.441+0100] {logging_mixin.py:188} INFO - [2024-01-30T15:53:56.441+0100] {dag.py:3820} INFO - Setting next_dagrun for example_task_group_decorator to 2024-01-29T00:00:00+00:00, run_after=2024-01-30T00:00:00+00:00
[2024-01-30T15:53:56.477+0100] {processor.py:183} INFO - Processing /home/ubuntu/.local/lib/python3.10/site-packages/airflow/example_dags/example_task_group_decorator.py took 0.123 seconds
[2024-01-30T15:55:00.626+0100] {processor.py:161} INFO - Started process (PID=6476) to work on /home/ubuntu/.local/lib/python3.10/site-packages/airflow/example_dags/example_task_group_decorator.py
[2024-01-30T15:55:00.631+0100] {processor.py:830} INFO - Processing file /home/ubuntu/.local/lib/python3.10/site-packages/airflow/example_dags/example_task_group_decorator.py for tasks to queue
[2024-01-30T15:55:00.632+0100] {logging_mixin.py:188} INFO - [2024-01-30T15:55:00.632+0100] {dagbag.py:538} INFO - Filling up the DagBag from /home/ubuntu/.local/lib/python3.10/site-packages/airflow/example_dags/example_task_group_decorator.py
[2024-01-30T15:55:00.709+0100] {processor.py:840} INFO - DAG(s) 'example_task_group_decorator' retrieved from /home/ubuntu/.local/lib/python3.10/site-packages/airflow/example_dags/example_task_group_decorator.py
[2024-01-30T15:55:00.750+0100] {logging_mixin.py:188} INFO - [2024-01-30T15:55:00.749+0100] {dag.py:3033} INFO - Sync 1 DAGs
[2024-01-30T15:55:00.812+0100] {logging_mixin.py:188} INFO - [2024-01-30T15:55:00.811+0100] {dag.py:3820} INFO - Setting next_dagrun for example_task_group_decorator to 2024-01-29T00:00:00+00:00, run_after=2024-01-30T00:00:00+00:00
[2024-01-30T15:55:00.854+0100] {processor.py:183} INFO - Processing /home/ubuntu/.local/lib/python3.10/site-packages/airflow/example_dags/example_task_group_decorator.py took 0.234 seconds
[2024-01-30T15:55:58.557+0100] {processor.py:161} INFO - Started process (PID=6534) to work on /home/ubuntu/.local/lib/python3.10/site-packages/airflow/example_dags/example_task_group_decorator.py
[2024-01-30T15:55:58.559+0100] {processor.py:830} INFO - Processing file /home/ubuntu/.local/lib/python3.10/site-packages/airflow/example_dags/example_task_group_decorator.py for tasks to queue
[2024-01-30T15:55:58.560+0100] {logging_mixin.py:188} INFO - [2024-01-30T15:55:58.560+0100] {dagbag.py:538} INFO - Filling up the DagBag from /home/ubuntu/.local/lib/python3.10/site-packages/airflow/example_dags/example_task_group_decorator.py
[2024-01-30T15:55:58.581+0100] {processor.py:840} INFO - DAG(s) 'example_task_group_decorator' retrieved from /home/ubuntu/.local/lib/python3.10/site-packages/airflow/example_dags/example_task_group_decorator.py
[2024-01-30T15:55:58.609+0100] {logging_mixin.py:188} INFO - [2024-01-30T15:55:58.608+0100] {dag.py:3033} INFO - Sync 1 DAGs
[2024-01-30T15:55:58.640+0100] {logging_mixin.py:188} INFO - [2024-01-30T15:55:58.640+0100] {dag.py:3820} INFO - Setting next_dagrun for example_task_group_decorator to 2024-01-29T00:00:00+00:00, run_after=2024-01-30T00:00:00+00:00
[2024-01-30T15:55:58.698+0100] {processor.py:183} INFO - Processing /home/ubuntu/.local/lib/python3.10/site-packages/airflow/example_dags/example_task_group_decorator.py took 0.146 seconds
[2024-01-30T15:58:43.294+0100] {processor.py:161} INFO - Started process (PID=7417) to work on /home/ubuntu/.local/lib/python3.10/site-packages/airflow/example_dags/example_task_group_decorator.py
[2024-01-30T15:58:43.298+0100] {processor.py:830} INFO - Processing file /home/ubuntu/.local/lib/python3.10/site-packages/airflow/example_dags/example_task_group_decorator.py for tasks to queue
[2024-01-30T15:58:43.311+0100] {logging_mixin.py:188} INFO - [2024-01-30T15:58:43.301+0100] {dagbag.py:538} INFO - Filling up the DagBag from /home/ubuntu/.local/lib/python3.10/site-packages/airflow/example_dags/example_task_group_decorator.py
[2024-01-30T15:58:43.529+0100] {processor.py:840} INFO - DAG(s) 'example_task_group_decorator' retrieved from /home/ubuntu/.local/lib/python3.10/site-packages/airflow/example_dags/example_task_group_decorator.py
[2024-01-30T15:58:43.870+0100] {logging_mixin.py:188} INFO - [2024-01-30T15:58:43.860+0100] {dag.py:3033} INFO - Sync 1 DAGs
[2024-01-30T15:58:44.110+0100] {logging_mixin.py:188} INFO - [2024-01-30T15:58:44.109+0100] {dag.py:3820} INFO - Setting next_dagrun for example_task_group_decorator to 2024-01-29T00:00:00+00:00, run_after=2024-01-30T00:00:00+00:00
[2024-01-30T15:58:44.278+0100] {processor.py:183} INFO - Processing /home/ubuntu/.local/lib/python3.10/site-packages/airflow/example_dags/example_task_group_decorator.py took 1.003 seconds
[2024-01-30T16:00:30.373+0100] {processor.py:161} INFO - Started process (PID=8325) to work on /home/ubuntu/.local/lib/python3.10/site-packages/airflow/example_dags/example_task_group_decorator.py
[2024-01-30T16:00:30.378+0100] {processor.py:830} INFO - Processing file /home/ubuntu/.local/lib/python3.10/site-packages/airflow/example_dags/example_task_group_decorator.py for tasks to queue
[2024-01-30T16:00:30.388+0100] {logging_mixin.py:188} INFO - [2024-01-30T16:00:30.384+0100] {dagbag.py:538} INFO - Filling up the DagBag from /home/ubuntu/.local/lib/python3.10/site-packages/airflow/example_dags/example_task_group_decorator.py
[2024-01-30T16:00:30.428+0100] {processor.py:840} INFO - DAG(s) 'example_task_group_decorator' retrieved from /home/ubuntu/.local/lib/python3.10/site-packages/airflow/example_dags/example_task_group_decorator.py
[2024-01-30T16:00:30.530+0100] {logging_mixin.py:188} INFO - [2024-01-30T16:00:30.529+0100] {dag.py:3033} INFO - Sync 1 DAGs
[2024-01-30T16:00:30.604+0100] {logging_mixin.py:188} INFO - [2024-01-30T16:00:30.603+0100] {dag.py:3820} INFO - Setting next_dagrun for example_task_group_decorator to 2024-01-29T00:00:00+00:00, run_after=2024-01-30T00:00:00+00:00
[2024-01-30T16:00:30.720+0100] {processor.py:183} INFO - Processing /home/ubuntu/.local/lib/python3.10/site-packages/airflow/example_dags/example_task_group_decorator.py took 0.352 seconds
[2024-01-30T16:01:39.859+0100] {processor.py:161} INFO - Started process (PID=8372) to work on /home/ubuntu/.local/lib/python3.10/site-packages/airflow/example_dags/example_task_group_decorator.py
[2024-01-30T16:01:39.867+0100] {processor.py:830} INFO - Processing file /home/ubuntu/.local/lib/python3.10/site-packages/airflow/example_dags/example_task_group_decorator.py for tasks to queue
[2024-01-30T16:01:39.869+0100] {logging_mixin.py:188} INFO - [2024-01-30T16:01:39.868+0100] {dagbag.py:538} INFO - Filling up the DagBag from /home/ubuntu/.local/lib/python3.10/site-packages/airflow/example_dags/example_task_group_decorator.py
[2024-01-30T16:01:39.927+0100] {processor.py:840} INFO - DAG(s) 'example_task_group_decorator' retrieved from /home/ubuntu/.local/lib/python3.10/site-packages/airflow/example_dags/example_task_group_decorator.py
[2024-01-30T16:01:40.022+0100] {logging_mixin.py:188} INFO - [2024-01-30T16:01:40.022+0100] {dag.py:3033} INFO - Sync 1 DAGs
[2024-01-30T16:01:40.098+0100] {logging_mixin.py:188} INFO - [2024-01-30T16:01:40.097+0100] {dag.py:3820} INFO - Setting next_dagrun for example_task_group_decorator to 2024-01-29T00:00:00+00:00, run_after=2024-01-30T00:00:00+00:00
[2024-01-30T16:01:40.283+0100] {processor.py:183} INFO - Processing /home/ubuntu/.local/lib/python3.10/site-packages/airflow/example_dags/example_task_group_decorator.py took 0.432 seconds
[2024-01-30T16:02:38.016+0100] {processor.py:161} INFO - Started process (PID=8429) to work on /home/ubuntu/.local/lib/python3.10/site-packages/airflow/example_dags/example_task_group_decorator.py
[2024-01-30T16:02:38.020+0100] {processor.py:830} INFO - Processing file /home/ubuntu/.local/lib/python3.10/site-packages/airflow/example_dags/example_task_group_decorator.py for tasks to queue
[2024-01-30T16:02:38.022+0100] {logging_mixin.py:188} INFO - [2024-01-30T16:02:38.021+0100] {dagbag.py:538} INFO - Filling up the DagBag from /home/ubuntu/.local/lib/python3.10/site-packages/airflow/example_dags/example_task_group_decorator.py
[2024-01-30T16:02:38.060+0100] {processor.py:840} INFO - DAG(s) 'example_task_group_decorator' retrieved from /home/ubuntu/.local/lib/python3.10/site-packages/airflow/example_dags/example_task_group_decorator.py
[2024-01-30T16:02:38.125+0100] {logging_mixin.py:188} INFO - [2024-01-30T16:02:38.124+0100] {dag.py:3033} INFO - Sync 1 DAGs
[2024-01-30T16:02:38.173+0100] {logging_mixin.py:188} INFO - [2024-01-30T16:02:38.173+0100] {dag.py:3820} INFO - Setting next_dagrun for example_task_group_decorator to 2024-01-29T00:00:00+00:00, run_after=2024-01-30T00:00:00+00:00
[2024-01-30T16:02:38.261+0100] {processor.py:183} INFO - Processing /home/ubuntu/.local/lib/python3.10/site-packages/airflow/example_dags/example_task_group_decorator.py took 0.262 seconds
[2024-01-30T16:07:10.173+0100] {processor.py:161} INFO - Started process (PID=8946) to work on /home/ubuntu/.local/lib/python3.10/site-packages/airflow/example_dags/example_task_group_decorator.py
[2024-01-30T16:07:10.182+0100] {processor.py:830} INFO - Processing file /home/ubuntu/.local/lib/python3.10/site-packages/airflow/example_dags/example_task_group_decorator.py for tasks to queue
[2024-01-30T16:07:10.184+0100] {logging_mixin.py:188} INFO - [2024-01-30T16:07:10.183+0100] {dagbag.py:538} INFO - Filling up the DagBag from /home/ubuntu/.local/lib/python3.10/site-packages/airflow/example_dags/example_task_group_decorator.py
[2024-01-30T16:07:10.264+0100] {processor.py:840} INFO - DAG(s) 'example_task_group_decorator' retrieved from /home/ubuntu/.local/lib/python3.10/site-packages/airflow/example_dags/example_task_group_decorator.py
[2024-01-30T16:07:10.506+0100] {logging_mixin.py:188} INFO - [2024-01-30T16:07:10.503+0100] {dag.py:3033} INFO - Sync 1 DAGs
[2024-01-30T16:07:10.640+0100] {logging_mixin.py:188} INFO - [2024-01-30T16:07:10.639+0100] {dag.py:3820} INFO - Setting next_dagrun for example_task_group_decorator to 2024-01-29T00:00:00+00:00, run_after=2024-01-30T00:00:00+00:00
[2024-01-30T16:07:10.777+0100] {processor.py:183} INFO - Processing /home/ubuntu/.local/lib/python3.10/site-packages/airflow/example_dags/example_task_group_decorator.py took 0.612 seconds
[2024-01-30T16:15:05.932+0100] {processor.py:161} INFO - Started process (PID=5219) to work on /home/ubuntu/.local/lib/python3.10/site-packages/airflow/example_dags/example_task_group_decorator.py
[2024-01-30T16:15:05.942+0100] {processor.py:830} INFO - Processing file /home/ubuntu/.local/lib/python3.10/site-packages/airflow/example_dags/example_task_group_decorator.py for tasks to queue
[2024-01-30T16:15:05.944+0100] {logging_mixin.py:188} INFO - [2024-01-30T16:15:05.943+0100] {dagbag.py:538} INFO - Filling up the DagBag from /home/ubuntu/.local/lib/python3.10/site-packages/airflow/example_dags/example_task_group_decorator.py
[2024-01-30T16:15:05.983+0100] {processor.py:840} INFO - DAG(s) 'example_task_group_decorator' retrieved from /home/ubuntu/.local/lib/python3.10/site-packages/airflow/example_dags/example_task_group_decorator.py
[2024-01-30T16:15:06.350+0100] {logging_mixin.py:188} INFO - [2024-01-30T16:15:06.349+0100] {dag.py:3033} INFO - Sync 1 DAGs
[2024-01-30T16:15:06.391+0100] {logging_mixin.py:188} INFO - [2024-01-30T16:15:06.390+0100] {dag.py:3820} INFO - Setting next_dagrun for example_task_group_decorator to 2024-01-29T00:00:00+00:00, run_after=2024-01-30T00:00:00+00:00
[2024-01-30T16:15:06.451+0100] {processor.py:183} INFO - Processing /home/ubuntu/.local/lib/python3.10/site-packages/airflow/example_dags/example_task_group_decorator.py took 0.526 seconds
[2024-01-30T16:17:45.535+0100] {processor.py:161} INFO - Started process (PID=5627) to work on /home/ubuntu/.local/lib/python3.10/site-packages/airflow/example_dags/example_task_group_decorator.py
[2024-01-30T16:17:45.541+0100] {processor.py:830} INFO - Processing file /home/ubuntu/.local/lib/python3.10/site-packages/airflow/example_dags/example_task_group_decorator.py for tasks to queue
[2024-01-30T16:17:45.542+0100] {logging_mixin.py:188} INFO - [2024-01-30T16:17:45.542+0100] {dagbag.py:538} INFO - Filling up the DagBag from /home/ubuntu/.local/lib/python3.10/site-packages/airflow/example_dags/example_task_group_decorator.py
[2024-01-30T16:17:45.628+0100] {processor.py:840} INFO - DAG(s) 'example_task_group_decorator' retrieved from /home/ubuntu/.local/lib/python3.10/site-packages/airflow/example_dags/example_task_group_decorator.py
[2024-01-30T16:17:45.763+0100] {logging_mixin.py:188} INFO - [2024-01-30T16:17:45.763+0100] {dag.py:3033} INFO - Sync 1 DAGs
[2024-01-30T16:17:45.818+0100] {logging_mixin.py:188} INFO - [2024-01-30T16:17:45.817+0100] {dag.py:3820} INFO - Setting next_dagrun for example_task_group_decorator to 2024-01-29T00:00:00+00:00, run_after=2024-01-30T00:00:00+00:00
[2024-01-30T16:17:45.943+0100] {processor.py:183} INFO - Processing /home/ubuntu/.local/lib/python3.10/site-packages/airflow/example_dags/example_task_group_decorator.py took 0.429 seconds
[2024-01-30T16:19:15.735+0100] {processor.py:161} INFO - Started process (PID=5725) to work on /home/ubuntu/.local/lib/python3.10/site-packages/airflow/example_dags/example_task_group_decorator.py
[2024-01-30T16:19:15.740+0100] {processor.py:830} INFO - Processing file /home/ubuntu/.local/lib/python3.10/site-packages/airflow/example_dags/example_task_group_decorator.py for tasks to queue
[2024-01-30T16:19:15.741+0100] {logging_mixin.py:188} INFO - [2024-01-30T16:19:15.741+0100] {dagbag.py:538} INFO - Filling up the DagBag from /home/ubuntu/.local/lib/python3.10/site-packages/airflow/example_dags/example_task_group_decorator.py
[2024-01-30T16:19:15.883+0100] {processor.py:840} INFO - DAG(s) 'example_task_group_decorator' retrieved from /home/ubuntu/.local/lib/python3.10/site-packages/airflow/example_dags/example_task_group_decorator.py
[2024-01-30T16:19:15.974+0100] {logging_mixin.py:188} INFO - [2024-01-30T16:19:15.974+0100] {dag.py:3033} INFO - Sync 1 DAGs
[2024-01-30T16:19:16.069+0100] {logging_mixin.py:188} INFO - [2024-01-30T16:19:16.069+0100] {dag.py:3820} INFO - Setting next_dagrun for example_task_group_decorator to 2024-01-29T00:00:00+00:00, run_after=2024-01-30T00:00:00+00:00
[2024-01-30T16:19:16.223+0100] {processor.py:183} INFO - Processing /home/ubuntu/.local/lib/python3.10/site-packages/airflow/example_dags/example_task_group_decorator.py took 0.493 seconds
[2024-01-30T16:20:44.961+0100] {processor.py:161} INFO - Started process (PID=6192) to work on /home/ubuntu/.local/lib/python3.10/site-packages/airflow/example_dags/example_task_group_decorator.py
[2024-01-30T16:20:44.977+0100] {processor.py:830} INFO - Processing file /home/ubuntu/.local/lib/python3.10/site-packages/airflow/example_dags/example_task_group_decorator.py for tasks to queue
[2024-01-30T16:20:44.995+0100] {logging_mixin.py:188} INFO - [2024-01-30T16:20:44.978+0100] {dagbag.py:538} INFO - Filling up the DagBag from /home/ubuntu/.local/lib/python3.10/site-packages/airflow/example_dags/example_task_group_decorator.py
[2024-01-30T16:20:45.129+0100] {processor.py:840} INFO - DAG(s) 'example_task_group_decorator' retrieved from /home/ubuntu/.local/lib/python3.10/site-packages/airflow/example_dags/example_task_group_decorator.py
[2024-01-30T16:20:45.234+0100] {logging_mixin.py:188} INFO - [2024-01-30T16:20:45.233+0100] {dag.py:3033} INFO - Sync 1 DAGs
[2024-01-30T16:20:45.324+0100] {logging_mixin.py:188} INFO - [2024-01-30T16:20:45.320+0100] {dag.py:3820} INFO - Setting next_dagrun for example_task_group_decorator to 2024-01-29T00:00:00+00:00, run_after=2024-01-30T00:00:00+00:00
[2024-01-30T16:20:45.469+0100] {processor.py:183} INFO - Processing /home/ubuntu/.local/lib/python3.10/site-packages/airflow/example_dags/example_task_group_decorator.py took 0.529 seconds
[2024-01-30T16:22:19.614+0100] {processor.py:161} INFO - Started process (PID=6260) to work on /home/ubuntu/.local/lib/python3.10/site-packages/airflow/example_dags/example_task_group_decorator.py
[2024-01-30T16:22:19.619+0100] {processor.py:830} INFO - Processing file /home/ubuntu/.local/lib/python3.10/site-packages/airflow/example_dags/example_task_group_decorator.py for tasks to queue
[2024-01-30T16:22:19.621+0100] {logging_mixin.py:188} INFO - [2024-01-30T16:22:19.621+0100] {dagbag.py:538} INFO - Filling up the DagBag from /home/ubuntu/.local/lib/python3.10/site-packages/airflow/example_dags/example_task_group_decorator.py
[2024-01-30T16:22:19.647+0100] {processor.py:840} INFO - DAG(s) 'example_task_group_decorator' retrieved from /home/ubuntu/.local/lib/python3.10/site-packages/airflow/example_dags/example_task_group_decorator.py
[2024-01-30T16:22:19.677+0100] {logging_mixin.py:188} INFO - [2024-01-30T16:22:19.677+0100] {dag.py:3033} INFO - Sync 1 DAGs
[2024-01-30T16:22:19.704+0100] {logging_mixin.py:188} INFO - [2024-01-30T16:22:19.704+0100] {dag.py:3820} INFO - Setting next_dagrun for example_task_group_decorator to 2024-01-29T00:00:00+00:00, run_after=2024-01-30T00:00:00+00:00
[2024-01-30T16:22:19.741+0100] {processor.py:183} INFO - Processing /home/ubuntu/.local/lib/python3.10/site-packages/airflow/example_dags/example_task_group_decorator.py took 0.137 seconds
[2024-01-30T16:24:43.116+0100] {processor.py:161} INFO - Started process (PID=7131) to work on /home/ubuntu/.local/lib/python3.10/site-packages/airflow/example_dags/example_task_group_decorator.py
[2024-01-30T16:24:43.133+0100] {processor.py:830} INFO - Processing file /home/ubuntu/.local/lib/python3.10/site-packages/airflow/example_dags/example_task_group_decorator.py for tasks to queue
[2024-01-30T16:24:43.136+0100] {logging_mixin.py:188} INFO - [2024-01-30T16:24:43.134+0100] {dagbag.py:538} INFO - Filling up the DagBag from /home/ubuntu/.local/lib/python3.10/site-packages/airflow/example_dags/example_task_group_decorator.py
[2024-01-30T16:24:43.169+0100] {processor.py:840} INFO - DAG(s) 'example_task_group_decorator' retrieved from /home/ubuntu/.local/lib/python3.10/site-packages/airflow/example_dags/example_task_group_decorator.py
[2024-01-30T16:24:43.584+0100] {logging_mixin.py:188} INFO - [2024-01-30T16:24:43.584+0100] {dag.py:3033} INFO - Sync 1 DAGs
[2024-01-30T16:24:43.613+0100] {logging_mixin.py:188} INFO - [2024-01-30T16:24:43.613+0100] {dag.py:3820} INFO - Setting next_dagrun for example_task_group_decorator to 2024-01-29T00:00:00+00:00, run_after=2024-01-30T00:00:00+00:00
[2024-01-30T16:24:43.657+0100] {processor.py:183} INFO - Processing /home/ubuntu/.local/lib/python3.10/site-packages/airflow/example_dags/example_task_group_decorator.py took 0.548 seconds
[2024-01-30T16:29:47.727+0100] {processor.py:161} INFO - Started process (PID=8253) to work on /home/ubuntu/.local/lib/python3.10/site-packages/airflow/example_dags/example_task_group_decorator.py
[2024-01-30T16:29:47.743+0100] {processor.py:830} INFO - Processing file /home/ubuntu/.local/lib/python3.10/site-packages/airflow/example_dags/example_task_group_decorator.py for tasks to queue
[2024-01-30T16:29:47.745+0100] {logging_mixin.py:188} INFO - [2024-01-30T16:29:47.744+0100] {dagbag.py:538} INFO - Filling up the DagBag from /home/ubuntu/.local/lib/python3.10/site-packages/airflow/example_dags/example_task_group_decorator.py
[2024-01-30T16:29:47.841+0100] {processor.py:840} INFO - DAG(s) 'example_task_group_decorator' retrieved from /home/ubuntu/.local/lib/python3.10/site-packages/airflow/example_dags/example_task_group_decorator.py
[2024-01-30T16:29:47.974+0100] {logging_mixin.py:188} INFO - [2024-01-30T16:29:47.974+0100] {dag.py:3033} INFO - Sync 1 DAGs
[2024-01-30T16:29:48.166+0100] {logging_mixin.py:188} INFO - [2024-01-30T16:29:48.166+0100] {dag.py:3820} INFO - Setting next_dagrun for example_task_group_decorator to 2024-01-29T00:00:00+00:00, run_after=2024-01-30T00:00:00+00:00
[2024-01-30T16:29:48.334+0100] {processor.py:183} INFO - Processing /home/ubuntu/.local/lib/python3.10/site-packages/airflow/example_dags/example_task_group_decorator.py took 0.616 seconds
[2024-01-30T16:31:48.434+0100] {processor.py:161} INFO - Started process (PID=8701) to work on /home/ubuntu/.local/lib/python3.10/site-packages/airflow/example_dags/example_task_group_decorator.py
[2024-01-30T16:31:48.438+0100] {processor.py:830} INFO - Processing file /home/ubuntu/.local/lib/python3.10/site-packages/airflow/example_dags/example_task_group_decorator.py for tasks to queue
[2024-01-30T16:31:48.441+0100] {logging_mixin.py:188} INFO - [2024-01-30T16:31:48.440+0100] {dagbag.py:538} INFO - Filling up the DagBag from /home/ubuntu/.local/lib/python3.10/site-packages/airflow/example_dags/example_task_group_decorator.py
[2024-01-30T16:31:48.684+0100] {processor.py:840} INFO - DAG(s) 'example_task_group_decorator' retrieved from /home/ubuntu/.local/lib/python3.10/site-packages/airflow/example_dags/example_task_group_decorator.py
[2024-01-30T16:31:48.854+0100] {logging_mixin.py:188} INFO - [2024-01-30T16:31:48.854+0100] {dag.py:3033} INFO - Sync 1 DAGs
[2024-01-30T16:31:48.962+0100] {logging_mixin.py:188} INFO - [2024-01-30T16:31:48.962+0100] {dag.py:3820} INFO - Setting next_dagrun for example_task_group_decorator to 2024-01-29T00:00:00+00:00, run_after=2024-01-30T00:00:00+00:00
[2024-01-30T16:31:49.107+0100] {processor.py:183} INFO - Processing /home/ubuntu/.local/lib/python3.10/site-packages/airflow/example_dags/example_task_group_decorator.py took 0.684 seconds
[2024-01-30T16:33:00.605+0100] {processor.py:161} INFO - Started process (PID=9358) to work on /home/ubuntu/.local/lib/python3.10/site-packages/airflow/example_dags/example_task_group_decorator.py
[2024-01-30T16:33:00.609+0100] {processor.py:830} INFO - Processing file /home/ubuntu/.local/lib/python3.10/site-packages/airflow/example_dags/example_task_group_decorator.py for tasks to queue
[2024-01-30T16:33:00.612+0100] {logging_mixin.py:188} INFO - [2024-01-30T16:33:00.611+0100] {dagbag.py:538} INFO - Filling up the DagBag from /home/ubuntu/.local/lib/python3.10/site-packages/airflow/example_dags/example_task_group_decorator.py
[2024-01-30T16:33:00.636+0100] {processor.py:840} INFO - DAG(s) 'example_task_group_decorator' retrieved from /home/ubuntu/.local/lib/python3.10/site-packages/airflow/example_dags/example_task_group_decorator.py
[2024-01-30T16:33:00.671+0100] {logging_mixin.py:188} INFO - [2024-01-30T16:33:00.670+0100] {dag.py:3033} INFO - Sync 1 DAGs
[2024-01-30T16:33:00.702+0100] {logging_mixin.py:188} INFO - [2024-01-30T16:33:00.701+0100] {dag.py:3820} INFO - Setting next_dagrun for example_task_group_decorator to 2024-01-29T00:00:00+00:00, run_after=2024-01-30T00:00:00+00:00
[2024-01-30T16:33:00.747+0100] {processor.py:183} INFO - Processing /home/ubuntu/.local/lib/python3.10/site-packages/airflow/example_dags/example_task_group_decorator.py took 0.149 seconds
[2024-01-30T16:48:08.138+0100] {processor.py:161} INFO - Started process (PID=5107) to work on /home/ubuntu/.local/lib/python3.10/site-packages/airflow/example_dags/example_task_group_decorator.py
[2024-01-30T16:48:08.144+0100] {processor.py:830} INFO - Processing file /home/ubuntu/.local/lib/python3.10/site-packages/airflow/example_dags/example_task_group_decorator.py for tasks to queue
[2024-01-30T16:48:08.147+0100] {logging_mixin.py:188} INFO - [2024-01-30T16:48:08.146+0100] {dagbag.py:538} INFO - Filling up the DagBag from /home/ubuntu/.local/lib/python3.10/site-packages/airflow/example_dags/example_task_group_decorator.py
[2024-01-30T16:48:08.232+0100] {processor.py:840} INFO - DAG(s) 'example_task_group_decorator' retrieved from /home/ubuntu/.local/lib/python3.10/site-packages/airflow/example_dags/example_task_group_decorator.py
[2024-01-30T16:48:08.588+0100] {logging_mixin.py:188} INFO - [2024-01-30T16:48:08.588+0100] {dag.py:3033} INFO - Sync 1 DAGs
[2024-01-30T16:48:08.647+0100] {logging_mixin.py:188} INFO - [2024-01-30T16:48:08.644+0100] {dag.py:3820} INFO - Setting next_dagrun for example_task_group_decorator to 2024-01-29T00:00:00+00:00, run_after=2024-01-30T00:00:00+00:00
[2024-01-30T16:48:08.774+0100] {processor.py:183} INFO - Processing /home/ubuntu/.local/lib/python3.10/site-packages/airflow/example_dags/example_task_group_decorator.py took 0.642 seconds
[2024-01-30T16:50:41.156+0100] {processor.py:161} INFO - Started process (PID=5311) to work on /home/ubuntu/.local/lib/python3.10/site-packages/airflow/example_dags/example_task_group_decorator.py
[2024-01-30T16:50:41.160+0100] {processor.py:830} INFO - Processing file /home/ubuntu/.local/lib/python3.10/site-packages/airflow/example_dags/example_task_group_decorator.py for tasks to queue
[2024-01-30T16:50:41.164+0100] {logging_mixin.py:188} INFO - [2024-01-30T16:50:41.163+0100] {dagbag.py:538} INFO - Filling up the DagBag from /home/ubuntu/.local/lib/python3.10/site-packages/airflow/example_dags/example_task_group_decorator.py
[2024-01-30T16:50:41.246+0100] {processor.py:840} INFO - DAG(s) 'example_task_group_decorator' retrieved from /home/ubuntu/.local/lib/python3.10/site-packages/airflow/example_dags/example_task_group_decorator.py
[2024-01-30T16:50:41.296+0100] {logging_mixin.py:188} INFO - [2024-01-30T16:50:41.296+0100] {dag.py:3033} INFO - Sync 1 DAGs
[2024-01-30T16:50:41.364+0100] {logging_mixin.py:188} INFO - [2024-01-30T16:50:41.361+0100] {dag.py:3820} INFO - Setting next_dagrun for example_task_group_decorator to 2024-01-29T00:00:00+00:00, run_after=2024-01-30T00:00:00+00:00
[2024-01-30T16:50:41.447+0100] {processor.py:183} INFO - Processing /home/ubuntu/.local/lib/python3.10/site-packages/airflow/example_dags/example_task_group_decorator.py took 0.300 seconds
[2024-01-30T16:51:24.169+0100] {processor.py:161} INFO - Started process (PID=5356) to work on /home/ubuntu/.local/lib/python3.10/site-packages/airflow/example_dags/example_task_group_decorator.py
[2024-01-30T16:51:24.175+0100] {processor.py:830} INFO - Processing file /home/ubuntu/.local/lib/python3.10/site-packages/airflow/example_dags/example_task_group_decorator.py for tasks to queue
[2024-01-30T16:51:24.179+0100] {logging_mixin.py:188} INFO - [2024-01-30T16:51:24.177+0100] {dagbag.py:538} INFO - Filling up the DagBag from /home/ubuntu/.local/lib/python3.10/site-packages/airflow/example_dags/example_task_group_decorator.py
[2024-01-30T16:51:24.204+0100] {processor.py:840} INFO - DAG(s) 'example_task_group_decorator' retrieved from /home/ubuntu/.local/lib/python3.10/site-packages/airflow/example_dags/example_task_group_decorator.py
[2024-01-30T16:51:24.265+0100] {logging_mixin.py:188} INFO - [2024-01-30T16:51:24.264+0100] {dag.py:3033} INFO - Sync 1 DAGs
[2024-01-30T16:51:24.309+0100] {logging_mixin.py:188} INFO - [2024-01-30T16:51:24.307+0100] {dag.py:3820} INFO - Setting next_dagrun for example_task_group_decorator to 2024-01-29T00:00:00+00:00, run_after=2024-01-30T00:00:00+00:00
[2024-01-30T16:51:24.412+0100] {processor.py:183} INFO - Processing /home/ubuntu/.local/lib/python3.10/site-packages/airflow/example_dags/example_task_group_decorator.py took 0.248 seconds
[2024-01-30T16:52:03.117+0100] {processor.py:161} INFO - Started process (PID=5385) to work on /home/ubuntu/.local/lib/python3.10/site-packages/airflow/example_dags/example_task_group_decorator.py
[2024-01-30T16:52:03.121+0100] {processor.py:830} INFO - Processing file /home/ubuntu/.local/lib/python3.10/site-packages/airflow/example_dags/example_task_group_decorator.py for tasks to queue
[2024-01-30T16:52:03.124+0100] {logging_mixin.py:188} INFO - [2024-01-30T16:52:03.123+0100] {dagbag.py:538} INFO - Filling up the DagBag from /home/ubuntu/.local/lib/python3.10/site-packages/airflow/example_dags/example_task_group_decorator.py
[2024-01-30T16:52:03.181+0100] {processor.py:840} INFO - DAG(s) 'example_task_group_decorator' retrieved from /home/ubuntu/.local/lib/python3.10/site-packages/airflow/example_dags/example_task_group_decorator.py
[2024-01-30T16:52:03.266+0100] {logging_mixin.py:188} INFO - [2024-01-30T16:52:03.265+0100] {dag.py:3033} INFO - Sync 1 DAGs
[2024-01-30T16:52:03.362+0100] {logging_mixin.py:188} INFO - [2024-01-30T16:52:03.360+0100] {dag.py:3820} INFO - Setting next_dagrun for example_task_group_decorator to 2024-01-29T00:00:00+00:00, run_after=2024-01-30T00:00:00+00:00
[2024-01-30T16:52:03.463+0100] {processor.py:183} INFO - Processing /home/ubuntu/.local/lib/python3.10/site-packages/airflow/example_dags/example_task_group_decorator.py took 0.374 seconds
[2024-01-30T16:52:42.211+0100] {processor.py:161} INFO - Started process (PID=5428) to work on /home/ubuntu/.local/lib/python3.10/site-packages/airflow/example_dags/example_task_group_decorator.py
[2024-01-30T16:52:42.216+0100] {processor.py:830} INFO - Processing file /home/ubuntu/.local/lib/python3.10/site-packages/airflow/example_dags/example_task_group_decorator.py for tasks to queue
[2024-01-30T16:52:42.224+0100] {logging_mixin.py:188} INFO - [2024-01-30T16:52:42.223+0100] {dagbag.py:538} INFO - Filling up the DagBag from /home/ubuntu/.local/lib/python3.10/site-packages/airflow/example_dags/example_task_group_decorator.py
[2024-01-30T16:52:42.258+0100] {processor.py:840} INFO - DAG(s) 'example_task_group_decorator' retrieved from /home/ubuntu/.local/lib/python3.10/site-packages/airflow/example_dags/example_task_group_decorator.py
[2024-01-30T16:52:42.296+0100] {logging_mixin.py:188} INFO - [2024-01-30T16:52:42.295+0100] {dag.py:3033} INFO - Sync 1 DAGs
[2024-01-30T16:52:42.333+0100] {logging_mixin.py:188} INFO - [2024-01-30T16:52:42.333+0100] {dag.py:3820} INFO - Setting next_dagrun for example_task_group_decorator to 2024-01-29T00:00:00+00:00, run_after=2024-01-30T00:00:00+00:00
[2024-01-30T16:52:42.438+0100] {processor.py:183} INFO - Processing /home/ubuntu/.local/lib/python3.10/site-packages/airflow/example_dags/example_task_group_decorator.py took 0.235 seconds
[2024-01-30T16:53:20.208+0100] {processor.py:161} INFO - Started process (PID=5467) to work on /home/ubuntu/.local/lib/python3.10/site-packages/airflow/example_dags/example_task_group_decorator.py
[2024-01-30T16:53:20.211+0100] {processor.py:830} INFO - Processing file /home/ubuntu/.local/lib/python3.10/site-packages/airflow/example_dags/example_task_group_decorator.py for tasks to queue
[2024-01-30T16:53:20.212+0100] {logging_mixin.py:188} INFO - [2024-01-30T16:53:20.212+0100] {dagbag.py:538} INFO - Filling up the DagBag from /home/ubuntu/.local/lib/python3.10/site-packages/airflow/example_dags/example_task_group_decorator.py
[2024-01-30T16:53:20.291+0100] {processor.py:840} INFO - DAG(s) 'example_task_group_decorator' retrieved from /home/ubuntu/.local/lib/python3.10/site-packages/airflow/example_dags/example_task_group_decorator.py
[2024-01-30T16:53:20.368+0100] {logging_mixin.py:188} INFO - [2024-01-30T16:53:20.367+0100] {dag.py:3033} INFO - Sync 1 DAGs
[2024-01-30T16:53:20.438+0100] {logging_mixin.py:188} INFO - [2024-01-30T16:53:20.434+0100] {dag.py:3820} INFO - Setting next_dagrun for example_task_group_decorator to 2024-01-29T00:00:00+00:00, run_after=2024-01-30T00:00:00+00:00
[2024-01-30T16:53:20.521+0100] {processor.py:183} INFO - Processing /home/ubuntu/.local/lib/python3.10/site-packages/airflow/example_dags/example_task_group_decorator.py took 0.323 seconds
[2024-01-30T16:54:00.075+0100] {processor.py:161} INFO - Started process (PID=5516) to work on /home/ubuntu/.local/lib/python3.10/site-packages/airflow/example_dags/example_task_group_decorator.py
[2024-01-30T16:54:00.086+0100] {processor.py:830} INFO - Processing file /home/ubuntu/.local/lib/python3.10/site-packages/airflow/example_dags/example_task_group_decorator.py for tasks to queue
[2024-01-30T16:54:00.110+0100] {logging_mixin.py:188} INFO - [2024-01-30T16:54:00.094+0100] {dagbag.py:538} INFO - Filling up the DagBag from /home/ubuntu/.local/lib/python3.10/site-packages/airflow/example_dags/example_task_group_decorator.py
[2024-01-30T16:54:00.170+0100] {processor.py:840} INFO - DAG(s) 'example_task_group_decorator' retrieved from /home/ubuntu/.local/lib/python3.10/site-packages/airflow/example_dags/example_task_group_decorator.py
[2024-01-30T16:54:00.236+0100] {logging_mixin.py:188} INFO - [2024-01-30T16:54:00.236+0100] {dag.py:3033} INFO - Sync 1 DAGs
[2024-01-30T16:54:00.271+0100] {logging_mixin.py:188} INFO - [2024-01-30T16:54:00.270+0100] {dag.py:3820} INFO - Setting next_dagrun for example_task_group_decorator to 2024-01-29T00:00:00+00:00, run_after=2024-01-30T00:00:00+00:00
[2024-01-30T16:54:00.355+0100] {processor.py:183} INFO - Processing /home/ubuntu/.local/lib/python3.10/site-packages/airflow/example_dags/example_task_group_decorator.py took 0.286 seconds
[2024-01-30T16:55:21.830+0100] {processor.py:161} INFO - Started process (PID=5675) to work on /home/ubuntu/.local/lib/python3.10/site-packages/airflow/example_dags/example_task_group_decorator.py
[2024-01-30T16:55:21.852+0100] {processor.py:830} INFO - Processing file /home/ubuntu/.local/lib/python3.10/site-packages/airflow/example_dags/example_task_group_decorator.py for tasks to queue
[2024-01-30T16:55:21.854+0100] {logging_mixin.py:188} INFO - [2024-01-30T16:55:21.853+0100] {dagbag.py:538} INFO - Filling up the DagBag from /home/ubuntu/.local/lib/python3.10/site-packages/airflow/example_dags/example_task_group_decorator.py
[2024-01-30T16:55:21.905+0100] {processor.py:840} INFO - DAG(s) 'example_task_group_decorator' retrieved from /home/ubuntu/.local/lib/python3.10/site-packages/airflow/example_dags/example_task_group_decorator.py
[2024-01-30T16:55:21.978+0100] {logging_mixin.py:188} INFO - [2024-01-30T16:55:21.977+0100] {dag.py:3033} INFO - Sync 1 DAGs
[2024-01-30T16:55:22.037+0100] {logging_mixin.py:188} INFO - [2024-01-30T16:55:22.037+0100] {dag.py:3820} INFO - Setting next_dagrun for example_task_group_decorator to 2024-01-29T00:00:00+00:00, run_after=2024-01-30T00:00:00+00:00
[2024-01-30T16:55:22.270+0100] {processor.py:183} INFO - Processing /home/ubuntu/.local/lib/python3.10/site-packages/airflow/example_dags/example_task_group_decorator.py took 0.466 seconds
[2024-01-30T16:56:11.550+0100] {processor.py:161} INFO - Started process (PID=5717) to work on /home/ubuntu/.local/lib/python3.10/site-packages/airflow/example_dags/example_task_group_decorator.py
[2024-01-30T16:56:11.567+0100] {processor.py:830} INFO - Processing file /home/ubuntu/.local/lib/python3.10/site-packages/airflow/example_dags/example_task_group_decorator.py for tasks to queue
[2024-01-30T16:56:11.577+0100] {logging_mixin.py:188} INFO - [2024-01-30T16:56:11.575+0100] {dagbag.py:538} INFO - Filling up the DagBag from /home/ubuntu/.local/lib/python3.10/site-packages/airflow/example_dags/example_task_group_decorator.py
[2024-01-30T16:56:11.621+0100] {processor.py:840} INFO - DAG(s) 'example_task_group_decorator' retrieved from /home/ubuntu/.local/lib/python3.10/site-packages/airflow/example_dags/example_task_group_decorator.py
[2024-01-30T16:56:11.661+0100] {logging_mixin.py:188} INFO - [2024-01-30T16:56:11.655+0100] {dag.py:3033} INFO - Sync 1 DAGs
[2024-01-30T16:56:11.707+0100] {logging_mixin.py:188} INFO - [2024-01-30T16:56:11.707+0100] {dag.py:3820} INFO - Setting next_dagrun for example_task_group_decorator to 2024-01-29T00:00:00+00:00, run_after=2024-01-30T00:00:00+00:00
[2024-01-30T16:56:11.920+0100] {processor.py:183} INFO - Processing /home/ubuntu/.local/lib/python3.10/site-packages/airflow/example_dags/example_task_group_decorator.py took 0.376 seconds
[2024-01-30T16:56:53.966+0100] {processor.py:161} INFO - Started process (PID=5752) to work on /home/ubuntu/.local/lib/python3.10/site-packages/airflow/example_dags/example_task_group_decorator.py
[2024-01-30T16:56:53.991+0100] {processor.py:830} INFO - Processing file /home/ubuntu/.local/lib/python3.10/site-packages/airflow/example_dags/example_task_group_decorator.py for tasks to queue
[2024-01-30T16:56:53.993+0100] {logging_mixin.py:188} INFO - [2024-01-30T16:56:53.992+0100] {dagbag.py:538} INFO - Filling up the DagBag from /home/ubuntu/.local/lib/python3.10/site-packages/airflow/example_dags/example_task_group_decorator.py
[2024-01-30T16:56:54.062+0100] {processor.py:840} INFO - DAG(s) 'example_task_group_decorator' retrieved from /home/ubuntu/.local/lib/python3.10/site-packages/airflow/example_dags/example_task_group_decorator.py
[2024-01-30T16:56:54.172+0100] {logging_mixin.py:188} INFO - [2024-01-30T16:56:54.172+0100] {dag.py:3033} INFO - Sync 1 DAGs
[2024-01-30T16:56:54.238+0100] {logging_mixin.py:188} INFO - [2024-01-30T16:56:54.237+0100] {dag.py:3820} INFO - Setting next_dagrun for example_task_group_decorator to 2024-01-29T00:00:00+00:00, run_after=2024-01-30T00:00:00+00:00
[2024-01-30T16:56:54.307+0100] {processor.py:183} INFO - Processing /home/ubuntu/.local/lib/python3.10/site-packages/airflow/example_dags/example_task_group_decorator.py took 0.377 seconds
[2024-01-30T16:57:38.248+0100] {processor.py:161} INFO - Started process (PID=5792) to work on /home/ubuntu/.local/lib/python3.10/site-packages/airflow/example_dags/example_task_group_decorator.py
[2024-01-30T16:57:38.259+0100] {processor.py:830} INFO - Processing file /home/ubuntu/.local/lib/python3.10/site-packages/airflow/example_dags/example_task_group_decorator.py for tasks to queue
[2024-01-30T16:57:38.261+0100] {logging_mixin.py:188} INFO - [2024-01-30T16:57:38.260+0100] {dagbag.py:538} INFO - Filling up the DagBag from /home/ubuntu/.local/lib/python3.10/site-packages/airflow/example_dags/example_task_group_decorator.py
[2024-01-30T16:57:38.333+0100] {processor.py:840} INFO - DAG(s) 'example_task_group_decorator' retrieved from /home/ubuntu/.local/lib/python3.10/site-packages/airflow/example_dags/example_task_group_decorator.py
[2024-01-30T16:57:38.443+0100] {logging_mixin.py:188} INFO - [2024-01-30T16:57:38.443+0100] {dag.py:3033} INFO - Sync 1 DAGs
[2024-01-30T16:57:38.503+0100] {logging_mixin.py:188} INFO - [2024-01-30T16:57:38.503+0100] {dag.py:3820} INFO - Setting next_dagrun for example_task_group_decorator to 2024-01-29T00:00:00+00:00, run_after=2024-01-30T00:00:00+00:00
[2024-01-30T16:57:38.730+0100] {processor.py:183} INFO - Processing /home/ubuntu/.local/lib/python3.10/site-packages/airflow/example_dags/example_task_group_decorator.py took 0.522 seconds
[2024-01-30T16:58:20.938+0100] {processor.py:161} INFO - Started process (PID=5831) to work on /home/ubuntu/.local/lib/python3.10/site-packages/airflow/example_dags/example_task_group_decorator.py
[2024-01-30T16:58:20.940+0100] {processor.py:830} INFO - Processing file /home/ubuntu/.local/lib/python3.10/site-packages/airflow/example_dags/example_task_group_decorator.py for tasks to queue
[2024-01-30T16:58:20.942+0100] {logging_mixin.py:188} INFO - [2024-01-30T16:58:20.941+0100] {dagbag.py:538} INFO - Filling up the DagBag from /home/ubuntu/.local/lib/python3.10/site-packages/airflow/example_dags/example_task_group_decorator.py
[2024-01-30T16:58:20.961+0100] {processor.py:840} INFO - DAG(s) 'example_task_group_decorator' retrieved from /home/ubuntu/.local/lib/python3.10/site-packages/airflow/example_dags/example_task_group_decorator.py
[2024-01-30T16:58:20.989+0100] {logging_mixin.py:188} INFO - [2024-01-30T16:58:20.988+0100] {dag.py:3033} INFO - Sync 1 DAGs
[2024-01-30T16:58:21.012+0100] {logging_mixin.py:188} INFO - [2024-01-30T16:58:21.011+0100] {dag.py:3820} INFO - Setting next_dagrun for example_task_group_decorator to 2024-01-29T00:00:00+00:00, run_after=2024-01-30T00:00:00+00:00
[2024-01-30T16:58:21.078+0100] {processor.py:183} INFO - Processing /home/ubuntu/.local/lib/python3.10/site-packages/airflow/example_dags/example_task_group_decorator.py took 0.146 seconds
[2024-01-30T16:59:24.959+0100] {processor.py:161} INFO - Started process (PID=5892) to work on /home/ubuntu/.local/lib/python3.10/site-packages/airflow/example_dags/example_task_group_decorator.py
[2024-01-30T16:59:24.964+0100] {processor.py:830} INFO - Processing file /home/ubuntu/.local/lib/python3.10/site-packages/airflow/example_dags/example_task_group_decorator.py for tasks to queue
[2024-01-30T16:59:24.969+0100] {logging_mixin.py:188} INFO - [2024-01-30T16:59:24.968+0100] {dagbag.py:538} INFO - Filling up the DagBag from /home/ubuntu/.local/lib/python3.10/site-packages/airflow/example_dags/example_task_group_decorator.py
[2024-01-30T16:59:25.007+0100] {processor.py:840} INFO - DAG(s) 'example_task_group_decorator' retrieved from /home/ubuntu/.local/lib/python3.10/site-packages/airflow/example_dags/example_task_group_decorator.py
[2024-01-30T16:59:25.068+0100] {logging_mixin.py:188} INFO - [2024-01-30T16:59:25.068+0100] {dag.py:3033} INFO - Sync 1 DAGs
[2024-01-30T16:59:25.174+0100] {logging_mixin.py:188} INFO - [2024-01-30T16:59:25.174+0100] {dag.py:3820} INFO - Setting next_dagrun for example_task_group_decorator to 2024-01-29T00:00:00+00:00, run_after=2024-01-30T00:00:00+00:00
[2024-01-30T16:59:25.265+0100] {processor.py:183} INFO - Processing /home/ubuntu/.local/lib/python3.10/site-packages/airflow/example_dags/example_task_group_decorator.py took 0.314 seconds
[2024-01-30T17:00:32.515+0100] {processor.py:161} INFO - Started process (PID=6061) to work on /home/ubuntu/.local/lib/python3.10/site-packages/airflow/example_dags/example_task_group_decorator.py
[2024-01-30T17:00:32.519+0100] {processor.py:830} INFO - Processing file /home/ubuntu/.local/lib/python3.10/site-packages/airflow/example_dags/example_task_group_decorator.py for tasks to queue
[2024-01-30T17:00:32.528+0100] {logging_mixin.py:188} INFO - [2024-01-30T17:00:32.527+0100] {dagbag.py:538} INFO - Filling up the DagBag from /home/ubuntu/.local/lib/python3.10/site-packages/airflow/example_dags/example_task_group_decorator.py
[2024-01-30T17:00:32.556+0100] {processor.py:840} INFO - DAG(s) 'example_task_group_decorator' retrieved from /home/ubuntu/.local/lib/python3.10/site-packages/airflow/example_dags/example_task_group_decorator.py
[2024-01-30T17:00:32.614+0100] {logging_mixin.py:188} INFO - [2024-01-30T17:00:32.614+0100] {dag.py:3033} INFO - Sync 1 DAGs
[2024-01-30T17:00:32.646+0100] {logging_mixin.py:188} INFO - [2024-01-30T17:00:32.645+0100] {dag.py:3820} INFO - Setting next_dagrun for example_task_group_decorator to 2024-01-29T00:00:00+00:00, run_after=2024-01-30T00:00:00+00:00
[2024-01-30T17:00:32.777+0100] {processor.py:183} INFO - Processing /home/ubuntu/.local/lib/python3.10/site-packages/airflow/example_dags/example_task_group_decorator.py took 0.269 seconds
[2024-01-30T17:01:37.926+0100] {processor.py:161} INFO - Started process (PID=6118) to work on /home/ubuntu/.local/lib/python3.10/site-packages/airflow/example_dags/example_task_group_decorator.py
[2024-01-30T17:01:37.948+0100] {processor.py:830} INFO - Processing file /home/ubuntu/.local/lib/python3.10/site-packages/airflow/example_dags/example_task_group_decorator.py for tasks to queue
[2024-01-30T17:01:37.964+0100] {logging_mixin.py:188} INFO - [2024-01-30T17:01:37.963+0100] {dagbag.py:538} INFO - Filling up the DagBag from /home/ubuntu/.local/lib/python3.10/site-packages/airflow/example_dags/example_task_group_decorator.py
[2024-01-30T17:01:37.992+0100] {processor.py:840} INFO - DAG(s) 'example_task_group_decorator' retrieved from /home/ubuntu/.local/lib/python3.10/site-packages/airflow/example_dags/example_task_group_decorator.py
[2024-01-30T17:01:38.048+0100] {logging_mixin.py:188} INFO - [2024-01-30T17:01:38.048+0100] {dag.py:3033} INFO - Sync 1 DAGs
[2024-01-30T17:01:38.121+0100] {logging_mixin.py:188} INFO - [2024-01-30T17:01:38.121+0100] {dag.py:3820} INFO - Setting next_dagrun for example_task_group_decorator to 2024-01-29T00:00:00+00:00, run_after=2024-01-30T00:00:00+00:00
[2024-01-30T17:01:38.170+0100] {processor.py:183} INFO - Processing /home/ubuntu/.local/lib/python3.10/site-packages/airflow/example_dags/example_task_group_decorator.py took 0.252 seconds
[2024-01-30T17:02:20.313+0100] {processor.py:161} INFO - Started process (PID=6160) to work on /home/ubuntu/.local/lib/python3.10/site-packages/airflow/example_dags/example_task_group_decorator.py
[2024-01-30T17:02:20.328+0100] {processor.py:830} INFO - Processing file /home/ubuntu/.local/lib/python3.10/site-packages/airflow/example_dags/example_task_group_decorator.py for tasks to queue
[2024-01-30T17:02:20.334+0100] {logging_mixin.py:188} INFO - [2024-01-30T17:02:20.330+0100] {dagbag.py:538} INFO - Filling up the DagBag from /home/ubuntu/.local/lib/python3.10/site-packages/airflow/example_dags/example_task_group_decorator.py
[2024-01-30T17:02:20.358+0100] {processor.py:840} INFO - DAG(s) 'example_task_group_decorator' retrieved from /home/ubuntu/.local/lib/python3.10/site-packages/airflow/example_dags/example_task_group_decorator.py
[2024-01-30T17:02:20.397+0100] {logging_mixin.py:188} INFO - [2024-01-30T17:02:20.397+0100] {dag.py:3033} INFO - Sync 1 DAGs
[2024-01-30T17:02:20.484+0100] {logging_mixin.py:188} INFO - [2024-01-30T17:02:20.484+0100] {dag.py:3820} INFO - Setting next_dagrun for example_task_group_decorator to 2024-01-29T00:00:00+00:00, run_after=2024-01-30T00:00:00+00:00
[2024-01-30T17:02:20.664+0100] {processor.py:183} INFO - Processing /home/ubuntu/.local/lib/python3.10/site-packages/airflow/example_dags/example_task_group_decorator.py took 0.360 seconds
[2024-01-30T17:02:57.545+0100] {processor.py:161} INFO - Started process (PID=6197) to work on /home/ubuntu/.local/lib/python3.10/site-packages/airflow/example_dags/example_task_group_decorator.py
[2024-01-30T17:02:57.548+0100] {processor.py:830} INFO - Processing file /home/ubuntu/.local/lib/python3.10/site-packages/airflow/example_dags/example_task_group_decorator.py for tasks to queue
[2024-01-30T17:02:57.552+0100] {logging_mixin.py:188} INFO - [2024-01-30T17:02:57.552+0100] {dagbag.py:538} INFO - Filling up the DagBag from /home/ubuntu/.local/lib/python3.10/site-packages/airflow/example_dags/example_task_group_decorator.py
[2024-01-30T17:02:57.597+0100] {processor.py:840} INFO - DAG(s) 'example_task_group_decorator' retrieved from /home/ubuntu/.local/lib/python3.10/site-packages/airflow/example_dags/example_task_group_decorator.py
[2024-01-30T17:02:57.666+0100] {logging_mixin.py:188} INFO - [2024-01-30T17:02:57.665+0100] {dag.py:3033} INFO - Sync 1 DAGs
[2024-01-30T17:02:57.700+0100] {logging_mixin.py:188} INFO - [2024-01-30T17:02:57.700+0100] {dag.py:3820} INFO - Setting next_dagrun for example_task_group_decorator to 2024-01-29T00:00:00+00:00, run_after=2024-01-30T00:00:00+00:00
[2024-01-30T17:02:58.029+0100] {processor.py:183} INFO - Processing /home/ubuntu/.local/lib/python3.10/site-packages/airflow/example_dags/example_task_group_decorator.py took 0.489 seconds
[2024-01-30T17:03:34.497+0100] {processor.py:161} INFO - Started process (PID=6230) to work on /home/ubuntu/.local/lib/python3.10/site-packages/airflow/example_dags/example_task_group_decorator.py
[2024-01-30T17:03:34.513+0100] {processor.py:830} INFO - Processing file /home/ubuntu/.local/lib/python3.10/site-packages/airflow/example_dags/example_task_group_decorator.py for tasks to queue
[2024-01-30T17:03:34.515+0100] {logging_mixin.py:188} INFO - [2024-01-30T17:03:34.515+0100] {dagbag.py:538} INFO - Filling up the DagBag from /home/ubuntu/.local/lib/python3.10/site-packages/airflow/example_dags/example_task_group_decorator.py
[2024-01-30T17:03:34.557+0100] {processor.py:840} INFO - DAG(s) 'example_task_group_decorator' retrieved from /home/ubuntu/.local/lib/python3.10/site-packages/airflow/example_dags/example_task_group_decorator.py
[2024-01-30T17:03:34.631+0100] {logging_mixin.py:188} INFO - [2024-01-30T17:03:34.627+0100] {dag.py:3033} INFO - Sync 1 DAGs
[2024-01-30T17:03:34.690+0100] {logging_mixin.py:188} INFO - [2024-01-30T17:03:34.690+0100] {dag.py:3820} INFO - Setting next_dagrun for example_task_group_decorator to 2024-01-29T00:00:00+00:00, run_after=2024-01-30T00:00:00+00:00
[2024-01-30T17:03:34.772+0100] {processor.py:183} INFO - Processing /home/ubuntu/.local/lib/python3.10/site-packages/airflow/example_dags/example_task_group_decorator.py took 0.301 seconds
[2024-01-30T17:04:11.938+0100] {processor.py:161} INFO - Started process (PID=6261) to work on /home/ubuntu/.local/lib/python3.10/site-packages/airflow/example_dags/example_task_group_decorator.py
[2024-01-30T17:04:11.940+0100] {processor.py:830} INFO - Processing file /home/ubuntu/.local/lib/python3.10/site-packages/airflow/example_dags/example_task_group_decorator.py for tasks to queue
[2024-01-30T17:04:11.944+0100] {logging_mixin.py:188} INFO - [2024-01-30T17:04:11.943+0100] {dagbag.py:538} INFO - Filling up the DagBag from /home/ubuntu/.local/lib/python3.10/site-packages/airflow/example_dags/example_task_group_decorator.py
[2024-01-30T17:04:12.006+0100] {processor.py:840} INFO - DAG(s) 'example_task_group_decorator' retrieved from /home/ubuntu/.local/lib/python3.10/site-packages/airflow/example_dags/example_task_group_decorator.py
[2024-01-30T17:04:12.076+0100] {logging_mixin.py:188} INFO - [2024-01-30T17:04:12.075+0100] {dag.py:3033} INFO - Sync 1 DAGs
[2024-01-30T17:04:12.120+0100] {logging_mixin.py:188} INFO - [2024-01-30T17:04:12.119+0100] {dag.py:3820} INFO - Setting next_dagrun for example_task_group_decorator to 2024-01-29T00:00:00+00:00, run_after=2024-01-30T00:00:00+00:00
[2024-01-30T17:04:12.189+0100] {processor.py:183} INFO - Processing /home/ubuntu/.local/lib/python3.10/site-packages/airflow/example_dags/example_task_group_decorator.py took 0.257 seconds
[2024-01-30T17:04:51.985+0100] {processor.py:161} INFO - Started process (PID=6298) to work on /home/ubuntu/.local/lib/python3.10/site-packages/airflow/example_dags/example_task_group_decorator.py
[2024-01-30T17:04:51.988+0100] {processor.py:830} INFO - Processing file /home/ubuntu/.local/lib/python3.10/site-packages/airflow/example_dags/example_task_group_decorator.py for tasks to queue
[2024-01-30T17:04:51.990+0100] {logging_mixin.py:188} INFO - [2024-01-30T17:04:51.989+0100] {dagbag.py:538} INFO - Filling up the DagBag from /home/ubuntu/.local/lib/python3.10/site-packages/airflow/example_dags/example_task_group_decorator.py
[2024-01-30T17:04:52.046+0100] {processor.py:840} INFO - DAG(s) 'example_task_group_decorator' retrieved from /home/ubuntu/.local/lib/python3.10/site-packages/airflow/example_dags/example_task_group_decorator.py
[2024-01-30T17:04:52.109+0100] {logging_mixin.py:188} INFO - [2024-01-30T17:04:52.108+0100] {dag.py:3033} INFO - Sync 1 DAGs
[2024-01-30T17:04:52.150+0100] {logging_mixin.py:188} INFO - [2024-01-30T17:04:52.149+0100] {dag.py:3820} INFO - Setting next_dagrun for example_task_group_decorator to 2024-01-29T00:00:00+00:00, run_after=2024-01-30T00:00:00+00:00
[2024-01-30T17:04:52.477+0100] {processor.py:183} INFO - Processing /home/ubuntu/.local/lib/python3.10/site-packages/airflow/example_dags/example_task_group_decorator.py took 0.517 seconds
[2024-01-30T17:05:30.981+0100] {processor.py:161} INFO - Started process (PID=6327) to work on /home/ubuntu/.local/lib/python3.10/site-packages/airflow/example_dags/example_task_group_decorator.py
[2024-01-30T17:05:30.984+0100] {processor.py:830} INFO - Processing file /home/ubuntu/.local/lib/python3.10/site-packages/airflow/example_dags/example_task_group_decorator.py for tasks to queue
[2024-01-30T17:05:30.986+0100] {logging_mixin.py:188} INFO - [2024-01-30T17:05:30.985+0100] {dagbag.py:538} INFO - Filling up the DagBag from /home/ubuntu/.local/lib/python3.10/site-packages/airflow/example_dags/example_task_group_decorator.py
[2024-01-30T17:05:31.023+0100] {processor.py:840} INFO - DAG(s) 'example_task_group_decorator' retrieved from /home/ubuntu/.local/lib/python3.10/site-packages/airflow/example_dags/example_task_group_decorator.py
[2024-01-30T17:05:31.086+0100] {logging_mixin.py:188} INFO - [2024-01-30T17:05:31.085+0100] {dag.py:3033} INFO - Sync 1 DAGs
[2024-01-30T17:05:31.335+0100] {logging_mixin.py:188} INFO - [2024-01-30T17:05:31.334+0100] {dag.py:3820} INFO - Setting next_dagrun for example_task_group_decorator to 2024-01-29T00:00:00+00:00, run_after=2024-01-30T00:00:00+00:00
[2024-01-30T17:05:31.412+0100] {processor.py:183} INFO - Processing /home/ubuntu/.local/lib/python3.10/site-packages/airflow/example_dags/example_task_group_decorator.py took 0.449 seconds
[2024-01-30T17:06:13.144+0100] {processor.py:161} INFO - Started process (PID=6366) to work on /home/ubuntu/.local/lib/python3.10/site-packages/airflow/example_dags/example_task_group_decorator.py
[2024-01-30T17:06:13.147+0100] {processor.py:830} INFO - Processing file /home/ubuntu/.local/lib/python3.10/site-packages/airflow/example_dags/example_task_group_decorator.py for tasks to queue
[2024-01-30T17:06:13.149+0100] {logging_mixin.py:188} INFO - [2024-01-30T17:06:13.149+0100] {dagbag.py:538} INFO - Filling up the DagBag from /home/ubuntu/.local/lib/python3.10/site-packages/airflow/example_dags/example_task_group_decorator.py
[2024-01-30T17:06:13.203+0100] {processor.py:840} INFO - DAG(s) 'example_task_group_decorator' retrieved from /home/ubuntu/.local/lib/python3.10/site-packages/airflow/example_dags/example_task_group_decorator.py
[2024-01-30T17:06:13.250+0100] {logging_mixin.py:188} INFO - [2024-01-30T17:06:13.250+0100] {dag.py:3033} INFO - Sync 1 DAGs
[2024-01-30T17:06:13.285+0100] {logging_mixin.py:188} INFO - [2024-01-30T17:06:13.284+0100] {dag.py:3820} INFO - Setting next_dagrun for example_task_group_decorator to 2024-01-29T00:00:00+00:00, run_after=2024-01-30T00:00:00+00:00
[2024-01-30T17:06:13.371+0100] {processor.py:183} INFO - Processing /home/ubuntu/.local/lib/python3.10/site-packages/airflow/example_dags/example_task_group_decorator.py took 0.231 seconds
[2024-01-30T17:06:49.643+0100] {processor.py:161} INFO - Started process (PID=6398) to work on /home/ubuntu/.local/lib/python3.10/site-packages/airflow/example_dags/example_task_group_decorator.py
[2024-01-30T17:06:49.660+0100] {processor.py:830} INFO - Processing file /home/ubuntu/.local/lib/python3.10/site-packages/airflow/example_dags/example_task_group_decorator.py for tasks to queue
[2024-01-30T17:06:49.661+0100] {logging_mixin.py:188} INFO - [2024-01-30T17:06:49.661+0100] {dagbag.py:538} INFO - Filling up the DagBag from /home/ubuntu/.local/lib/python3.10/site-packages/airflow/example_dags/example_task_group_decorator.py
[2024-01-30T17:06:49.691+0100] {processor.py:840} INFO - DAG(s) 'example_task_group_decorator' retrieved from /home/ubuntu/.local/lib/python3.10/site-packages/airflow/example_dags/example_task_group_decorator.py
[2024-01-30T17:06:49.738+0100] {logging_mixin.py:188} INFO - [2024-01-30T17:06:49.737+0100] {dag.py:3033} INFO - Sync 1 DAGs
[2024-01-30T17:06:49.796+0100] {logging_mixin.py:188} INFO - [2024-01-30T17:06:49.795+0100] {dag.py:3820} INFO - Setting next_dagrun for example_task_group_decorator to 2024-01-29T00:00:00+00:00, run_after=2024-01-30T00:00:00+00:00
[2024-01-30T17:06:49.896+0100] {processor.py:183} INFO - Processing /home/ubuntu/.local/lib/python3.10/site-packages/airflow/example_dags/example_task_group_decorator.py took 0.269 seconds
[2024-01-30T17:07:30.020+0100] {processor.py:161} INFO - Started process (PID=6432) to work on /home/ubuntu/.local/lib/python3.10/site-packages/airflow/example_dags/example_task_group_decorator.py
[2024-01-30T17:07:30.024+0100] {processor.py:830} INFO - Processing file /home/ubuntu/.local/lib/python3.10/site-packages/airflow/example_dags/example_task_group_decorator.py for tasks to queue
[2024-01-30T17:07:30.026+0100] {logging_mixin.py:188} INFO - [2024-01-30T17:07:30.025+0100] {dagbag.py:538} INFO - Filling up the DagBag from /home/ubuntu/.local/lib/python3.10/site-packages/airflow/example_dags/example_task_group_decorator.py
[2024-01-30T17:07:30.057+0100] {processor.py:840} INFO - DAG(s) 'example_task_group_decorator' retrieved from /home/ubuntu/.local/lib/python3.10/site-packages/airflow/example_dags/example_task_group_decorator.py
[2024-01-30T17:07:30.111+0100] {logging_mixin.py:188} INFO - [2024-01-30T17:07:30.111+0100] {dag.py:3033} INFO - Sync 1 DAGs
[2024-01-30T17:07:30.411+0100] {logging_mixin.py:188} INFO - [2024-01-30T17:07:30.409+0100] {dag.py:3820} INFO - Setting next_dagrun for example_task_group_decorator to 2024-01-29T00:00:00+00:00, run_after=2024-01-30T00:00:00+00:00
[2024-01-30T17:07:30.478+0100] {processor.py:183} INFO - Processing /home/ubuntu/.local/lib/python3.10/site-packages/airflow/example_dags/example_task_group_decorator.py took 0.485 seconds
                                                                                                                                                                                                                                                                                                                                                                                                                                                                                                                                                                                                                                                                                                                                                                                                                                                                                                                                                                                                                                                                                                                                                                                                                                                    