[2024-01-30T13:50:17.042+0100] {processor.py:161} INFO - Started process (PID=6095) to work on /home/ubuntu/.local/lib/python3.10/site-packages/airflow/example_dags/example_xcomargs.py
[2024-01-30T13:50:17.043+0100] {processor.py:830} INFO - Processing file /home/ubuntu/.local/lib/python3.10/site-packages/airflow/example_dags/example_xcomargs.py for tasks to queue
[2024-01-30T13:50:17.044+0100] {logging_mixin.py:188} INFO - [2024-01-30T13:50:17.044+0100] {dagbag.py:538} INFO - Filling up the DagBag from /home/ubuntu/.local/lib/python3.10/site-packages/airflow/example_dags/example_xcomargs.py
[2024-01-30T13:50:17.084+0100] {processor.py:840} INFO - DAG(s) 'example_xcom_args_with_operators', 'example_xcom_args' retrieved from /home/ubuntu/.local/lib/python3.10/site-packages/airflow/example_dags/example_xcomargs.py
[2024-01-30T13:50:17.619+0100] {logging_mixin.py:188} INFO - [2024-01-30T13:50:17.619+0100] {dag.py:3033} INFO - Sync 2 DAGs
[2024-01-30T13:50:17.652+0100] {logging_mixin.py:188} INFO - [2024-01-30T13:50:17.651+0100] {dag.py:3820} INFO - Setting next_dagrun for example_xcom_args to None, run_after=None
[2024-01-30T13:50:17.662+0100] {logging_mixin.py:188} INFO - [2024-01-30T13:50:17.662+0100] {dag.py:3820} INFO - Setting next_dagrun for example_xcom_args_with_operators to None, run_after=None
[2024-01-30T13:50:17.712+0100] {processor.py:183} INFO - Processing /home/ubuntu/.local/lib/python3.10/site-packages/airflow/example_dags/example_xcomargs.py took 0.675 seconds
[2024-01-30T13:51:50.314+0100] {processor.py:161} INFO - Started process (PID=6200) to work on /home/ubuntu/.local/lib/python3.10/site-packages/airflow/example_dags/example_xcomargs.py
[2024-01-30T13:51:50.320+0100] {processor.py:830} INFO - Processing file /home/ubuntu/.local/lib/python3.10/site-packages/airflow/example_dags/example_xcomargs.py for tasks to queue
[2024-01-30T13:51:50.323+0100] {logging_mixin.py:188} INFO - [2024-01-30T13:51:50.321+0100] {dagbag.py:538} INFO - Filling up the DagBag from /home/ubuntu/.local/lib/python3.10/site-packages/airflow/example_dags/example_xcomargs.py
[2024-01-30T13:51:50.372+0100] {processor.py:840} INFO - DAG(s) 'example_xcom_args_with_operators', 'example_xcom_args' retrieved from /home/ubuntu/.local/lib/python3.10/site-packages/airflow/example_dags/example_xcomargs.py
[2024-01-30T13:51:50.435+0100] {logging_mixin.py:188} INFO - [2024-01-30T13:51:50.435+0100] {dag.py:3033} INFO - Sync 2 DAGs
[2024-01-30T13:51:50.468+0100] {logging_mixin.py:188} INFO - [2024-01-30T13:51:50.468+0100] {dag.py:3820} INFO - Setting next_dagrun for example_xcom_args to None, run_after=None
[2024-01-30T13:51:50.474+0100] {logging_mixin.py:188} INFO - [2024-01-30T13:51:50.474+0100] {dag.py:3820} INFO - Setting next_dagrun for example_xcom_args_with_operators to None, run_after=None
[2024-01-30T13:51:50.604+0100] {processor.py:183} INFO - Processing /home/ubuntu/.local/lib/python3.10/site-packages/airflow/example_dags/example_xcomargs.py took 0.308 seconds
[2024-01-30T13:52:35.013+0100] {processor.py:161} INFO - Started process (PID=6249) to work on /home/ubuntu/.local/lib/python3.10/site-packages/airflow/example_dags/example_xcomargs.py
[2024-01-30T13:52:35.016+0100] {processor.py:830} INFO - Processing file /home/ubuntu/.local/lib/python3.10/site-packages/airflow/example_dags/example_xcomargs.py for tasks to queue
[2024-01-30T13:52:35.019+0100] {logging_mixin.py:188} INFO - [2024-01-30T13:52:35.018+0100] {dagbag.py:538} INFO - Filling up the DagBag from /home/ubuntu/.local/lib/python3.10/site-packages/airflow/example_dags/example_xcomargs.py
[2024-01-30T13:52:35.032+0100] {processor.py:840} INFO - DAG(s) 'example_xcom_args_with_operators', 'example_xcom_args' retrieved from /home/ubuntu/.local/lib/python3.10/site-packages/airflow/example_dags/example_xcomargs.py
[2024-01-30T13:52:35.055+0100] {logging_mixin.py:188} INFO - [2024-01-30T13:52:35.054+0100] {dag.py:3033} INFO - Sync 2 DAGs
[2024-01-30T13:52:35.071+0100] {logging_mixin.py:188} INFO - [2024-01-30T13:52:35.069+0100] {dag.py:3820} INFO - Setting next_dagrun for example_xcom_args to None, run_after=None
[2024-01-30T13:52:35.076+0100] {logging_mixin.py:188} INFO - [2024-01-30T13:52:35.076+0100] {dag.py:3820} INFO - Setting next_dagrun for example_xcom_args_with_operators to None, run_after=None
[2024-01-30T13:52:35.113+0100] {processor.py:183} INFO - Processing /home/ubuntu/.local/lib/python3.10/site-packages/airflow/example_dags/example_xcomargs.py took 0.105 seconds
[2024-01-30T15:53:02.738+0100] {processor.py:161} INFO - Started process (PID=6347) to work on /home/ubuntu/.local/lib/python3.10/site-packages/airflow/example_dags/example_xcomargs.py
[2024-01-30T15:53:02.741+0100] {processor.py:830} INFO - Processing file /home/ubuntu/.local/lib/python3.10/site-packages/airflow/example_dags/example_xcomargs.py for tasks to queue
[2024-01-30T15:53:02.742+0100] {logging_mixin.py:188} INFO - [2024-01-30T15:53:02.742+0100] {dagbag.py:538} INFO - Filling up the DagBag from /home/ubuntu/.local/lib/python3.10/site-packages/airflow/example_dags/example_xcomargs.py
[2024-01-30T15:53:02.754+0100] {processor.py:840} INFO - DAG(s) 'example_xcom_args_with_operators', 'example_xcom_args' retrieved from /home/ubuntu/.local/lib/python3.10/site-packages/airflow/example_dags/example_xcomargs.py
[2024-01-30T15:53:02.779+0100] {logging_mixin.py:188} INFO - [2024-01-30T15:53:02.779+0100] {dag.py:3033} INFO - Sync 2 DAGs
[2024-01-30T15:53:02.801+0100] {logging_mixin.py:188} INFO - [2024-01-30T15:53:02.801+0100] {dag.py:3820} INFO - Setting next_dagrun for example_xcom_args to None, run_after=None
[2024-01-30T15:53:02.805+0100] {logging_mixin.py:188} INFO - [2024-01-30T15:53:02.804+0100] {dag.py:3820} INFO - Setting next_dagrun for example_xcom_args_with_operators to None, run_after=None
[2024-01-30T15:53:02.837+0100] {processor.py:183} INFO - Processing /home/ubuntu/.local/lib/python3.10/site-packages/airflow/example_dags/example_xcomargs.py took 0.105 seconds
[2024-01-30T15:53:55.654+0100] {processor.py:161} INFO - Started process (PID=6396) to work on /home/ubuntu/.local/lib/python3.10/site-packages/airflow/example_dags/example_xcomargs.py
[2024-01-30T15:53:55.656+0100] {processor.py:830} INFO - Processing file /home/ubuntu/.local/lib/python3.10/site-packages/airflow/example_dags/example_xcomargs.py for tasks to queue
[2024-01-30T15:53:55.657+0100] {logging_mixin.py:188} INFO - [2024-01-30T15:53:55.657+0100] {dagbag.py:538} INFO - Filling up the DagBag from /home/ubuntu/.local/lib/python3.10/site-packages/airflow/example_dags/example_xcomargs.py
[2024-01-30T15:53:55.671+0100] {processor.py:840} INFO - DAG(s) 'example_xcom_args_with_operators', 'example_xcom_args' retrieved from /home/ubuntu/.local/lib/python3.10/site-packages/airflow/example_dags/example_xcomargs.py
[2024-01-30T15:53:55.697+0100] {logging_mixin.py:188} INFO - [2024-01-30T15:53:55.697+0100] {dag.py:3033} INFO - Sync 2 DAGs
[2024-01-30T15:53:55.713+0100] {logging_mixin.py:188} INFO - [2024-01-30T15:53:55.713+0100] {dag.py:3820} INFO - Setting next_dagrun for example_xcom_args to None, run_after=None
[2024-01-30T15:53:55.717+0100] {logging_mixin.py:188} INFO - [2024-01-30T15:53:55.716+0100] {dag.py:3820} INFO - Setting next_dagrun for example_xcom_args_with_operators to None, run_after=None
[2024-01-30T15:53:55.752+0100] {processor.py:183} INFO - Processing /home/ubuntu/.local/lib/python3.10/site-packages/airflow/example_dags/example_xcomargs.py took 0.102 seconds
[2024-01-30T15:54:58.069+0100] {processor.py:161} INFO - Started process (PID=6474) to work on /home/ubuntu/.local/lib/python3.10/site-packages/airflow/example_dags/example_xcomargs.py
[2024-01-30T15:54:58.073+0100] {processor.py:830} INFO - Processing file /home/ubuntu/.local/lib/python3.10/site-packages/airflow/example_dags/example_xcomargs.py for tasks to queue
[2024-01-30T15:54:58.075+0100] {logging_mixin.py:188} INFO - [2024-01-30T15:54:58.074+0100] {dagbag.py:538} INFO - Filling up the DagBag from /home/ubuntu/.local/lib/python3.10/site-packages/airflow/example_dags/example_xcomargs.py
[2024-01-30T15:54:58.090+0100] {processor.py:840} INFO - DAG(s) 'example_xcom_args_with_operators', 'example_xcom_args' retrieved from /home/ubuntu/.local/lib/python3.10/site-packages/airflow/example_dags/example_xcomargs.py
[2024-01-30T15:54:58.118+0100] {logging_mixin.py:188} INFO - [2024-01-30T15:54:58.118+0100] {dag.py:3033} INFO - Sync 2 DAGs
[2024-01-30T15:54:58.139+0100] {logging_mixin.py:188} INFO - [2024-01-30T15:54:58.139+0100] {dag.py:3820} INFO - Setting next_dagrun for example_xcom_args to None, run_after=None
[2024-01-30T15:54:58.149+0100] {logging_mixin.py:188} INFO - [2024-01-30T15:54:58.149+0100] {dag.py:3820} INFO - Setting next_dagrun for example_xcom_args_with_operators to None, run_after=None
[2024-01-30T15:54:58.223+0100] {processor.py:183} INFO - Processing /home/ubuntu/.local/lib/python3.10/site-packages/airflow/example_dags/example_xcomargs.py took 0.159 seconds
[2024-01-30T15:55:31.444+0100] {processor.py:161} INFO - Started process (PID=6510) to work on /home/ubuntu/.local/lib/python3.10/site-packages/airflow/example_dags/example_xcomargs.py
[2024-01-30T15:55:31.447+0100] {processor.py:830} INFO - Processing file /home/ubuntu/.local/lib/python3.10/site-packages/airflow/example_dags/example_xcomargs.py for tasks to queue
[2024-01-30T15:55:31.448+0100] {logging_mixin.py:188} INFO - [2024-01-30T15:55:31.448+0100] {dagbag.py:538} INFO - Filling up the DagBag from /home/ubuntu/.local/lib/python3.10/site-packages/airflow/example_dags/example_xcomargs.py
[2024-01-30T15:55:31.459+0100] {processor.py:840} INFO - DAG(s) 'example_xcom_args', 'example_xcom_args_with_operators' retrieved from /home/ubuntu/.local/lib/python3.10/site-packages/airflow/example_dags/example_xcomargs.py
[2024-01-30T15:55:31.481+0100] {logging_mixin.py:188} INFO - [2024-01-30T15:55:31.481+0100] {dag.py:3033} INFO - Sync 2 DAGs
[2024-01-30T15:55:31.494+0100] {logging_mixin.py:188} INFO - [2024-01-30T15:55:31.494+0100] {dag.py:3820} INFO - Setting next_dagrun for example_xcom_args to None, run_after=None
[2024-01-30T15:55:31.498+0100] {logging_mixin.py:188} INFO - [2024-01-30T15:55:31.497+0100] {dag.py:3820} INFO - Setting next_dagrun for example_xcom_args_with_operators to None, run_after=None
[2024-01-30T15:55:31.534+0100] {processor.py:183} INFO - Processing /home/ubuntu/.local/lib/python3.10/site-packages/airflow/example_dags/example_xcomargs.py took 0.095 seconds
[2024-01-30T15:56:30.175+0100] {processor.py:161} INFO - Started process (PID=6564) to work on /home/ubuntu/.local/lib/python3.10/site-packages/airflow/example_dags/example_xcomargs.py
[2024-01-30T15:56:30.177+0100] {processor.py:830} INFO - Processing file /home/ubuntu/.local/lib/python3.10/site-packages/airflow/example_dags/example_xcomargs.py for tasks to queue
[2024-01-30T15:56:30.179+0100] {logging_mixin.py:188} INFO - [2024-01-30T15:56:30.178+0100] {dagbag.py:538} INFO - Filling up the DagBag from /home/ubuntu/.local/lib/python3.10/site-packages/airflow/example_dags/example_xcomargs.py
[2024-01-30T15:56:30.191+0100] {processor.py:840} INFO - DAG(s) 'example_xcom_args', 'example_xcom_args_with_operators' retrieved from /home/ubuntu/.local/lib/python3.10/site-packages/airflow/example_dags/example_xcomargs.py
[2024-01-30T15:56:30.219+0100] {logging_mixin.py:188} INFO - [2024-01-30T15:56:30.219+0100] {dag.py:3033} INFO - Sync 2 DAGs
[2024-01-30T15:56:30.238+0100] {logging_mixin.py:188} INFO - [2024-01-30T15:56:30.238+0100] {dag.py:3820} INFO - Setting next_dagrun for example_xcom_args to None, run_after=None
[2024-01-30T15:56:30.243+0100] {logging_mixin.py:188} INFO - [2024-01-30T15:56:30.243+0100] {dag.py:3820} INFO - Setting next_dagrun for example_xcom_args_with_operators to None, run_after=None
[2024-01-30T15:56:30.278+0100] {processor.py:183} INFO - Processing /home/ubuntu/.local/lib/python3.10/site-packages/airflow/example_dags/example_xcomargs.py took 0.108 seconds
[2024-01-30T15:58:39.049+0100] {processor.py:161} INFO - Started process (PID=7367) to work on /home/ubuntu/.local/lib/python3.10/site-packages/airflow/example_dags/example_xcomargs.py
[2024-01-30T15:58:39.091+0100] {processor.py:830} INFO - Processing file /home/ubuntu/.local/lib/python3.10/site-packages/airflow/example_dags/example_xcomargs.py for tasks to queue
[2024-01-30T15:58:39.162+0100] {logging_mixin.py:188} INFO - [2024-01-30T15:58:39.102+0100] {dagbag.py:538} INFO - Filling up the DagBag from /home/ubuntu/.local/lib/python3.10/site-packages/airflow/example_dags/example_xcomargs.py
[2024-01-30T15:58:39.274+0100] {processor.py:840} INFO - DAG(s) 'example_xcom_args', 'example_xcom_args_with_operators' retrieved from /home/ubuntu/.local/lib/python3.10/site-packages/airflow/example_dags/example_xcomargs.py
[2024-01-30T15:58:39.391+0100] {logging_mixin.py:188} INFO - [2024-01-30T15:58:39.390+0100] {dag.py:3033} INFO - Sync 2 DAGs
[2024-01-30T15:58:39.418+0100] {logging_mixin.py:188} INFO - [2024-01-30T15:58:39.418+0100] {dag.py:3820} INFO - Setting next_dagrun for example_xcom_args to None, run_after=None
[2024-01-30T15:58:39.423+0100] {logging_mixin.py:188} INFO - [2024-01-30T15:58:39.423+0100] {dag.py:3820} INFO - Setting next_dagrun for example_xcom_args_with_operators to None, run_after=None
[2024-01-30T15:58:39.501+0100] {processor.py:183} INFO - Processing /home/ubuntu/.local/lib/python3.10/site-packages/airflow/example_dags/example_xcomargs.py took 0.460 seconds
[2024-01-30T16:00:26.786+0100] {processor.py:161} INFO - Started process (PID=8323) to work on /home/ubuntu/.local/lib/python3.10/site-packages/airflow/example_dags/example_xcomargs.py
[2024-01-30T16:00:26.790+0100] {processor.py:830} INFO - Processing file /home/ubuntu/.local/lib/python3.10/site-packages/airflow/example_dags/example_xcomargs.py for tasks to queue
[2024-01-30T16:00:26.793+0100] {logging_mixin.py:188} INFO - [2024-01-30T16:00:26.792+0100] {dagbag.py:538} INFO - Filling up the DagBag from /home/ubuntu/.local/lib/python3.10/site-packages/airflow/example_dags/example_xcomargs.py
[2024-01-30T16:00:26.882+0100] {processor.py:840} INFO - DAG(s) 'example_xcom_args', 'example_xcom_args_with_operators' retrieved from /home/ubuntu/.local/lib/python3.10/site-packages/airflow/example_dags/example_xcomargs.py
[2024-01-30T16:00:26.989+0100] {logging_mixin.py:188} INFO - [2024-01-30T16:00:26.988+0100] {dag.py:3033} INFO - Sync 2 DAGs
[2024-01-30T16:00:27.024+0100] {logging_mixin.py:188} INFO - [2024-01-30T16:00:27.023+0100] {dag.py:3820} INFO - Setting next_dagrun for example_xcom_args to None, run_after=None
[2024-01-30T16:00:27.052+0100] {logging_mixin.py:188} INFO - [2024-01-30T16:00:27.052+0100] {dag.py:3820} INFO - Setting next_dagrun for example_xcom_args_with_operators to None, run_after=None
[2024-01-30T16:00:27.155+0100] {processor.py:183} INFO - Processing /home/ubuntu/.local/lib/python3.10/site-packages/airflow/example_dags/example_xcomargs.py took 0.400 seconds
[2024-01-30T16:01:36.564+0100] {processor.py:161} INFO - Started process (PID=8370) to work on /home/ubuntu/.local/lib/python3.10/site-packages/airflow/example_dags/example_xcomargs.py
[2024-01-30T16:01:36.570+0100] {processor.py:830} INFO - Processing file /home/ubuntu/.local/lib/python3.10/site-packages/airflow/example_dags/example_xcomargs.py for tasks to queue
[2024-01-30T16:01:36.571+0100] {logging_mixin.py:188} INFO - [2024-01-30T16:01:36.571+0100] {dagbag.py:538} INFO - Filling up the DagBag from /home/ubuntu/.local/lib/python3.10/site-packages/airflow/example_dags/example_xcomargs.py
[2024-01-30T16:01:36.624+0100] {processor.py:840} INFO - DAG(s) 'example_xcom_args_with_operators', 'example_xcom_args' retrieved from /home/ubuntu/.local/lib/python3.10/site-packages/airflow/example_dags/example_xcomargs.py
[2024-01-30T16:01:36.689+0100] {logging_mixin.py:188} INFO - [2024-01-30T16:01:36.689+0100] {dag.py:3033} INFO - Sync 2 DAGs
[2024-01-30T16:01:36.760+0100] {logging_mixin.py:188} INFO - [2024-01-30T16:01:36.760+0100] {dag.py:3820} INFO - Setting next_dagrun for example_xcom_args to None, run_after=None
[2024-01-30T16:01:36.770+0100] {logging_mixin.py:188} INFO - [2024-01-30T16:01:36.769+0100] {dag.py:3820} INFO - Setting next_dagrun for example_xcom_args_with_operators to None, run_after=None
[2024-01-30T16:01:36.848+0100] {processor.py:183} INFO - Processing /home/ubuntu/.local/lib/python3.10/site-packages/airflow/example_dags/example_xcomargs.py took 0.291 seconds
[2024-01-30T16:02:34.733+0100] {processor.py:161} INFO - Started process (PID=8426) to work on /home/ubuntu/.local/lib/python3.10/site-packages/airflow/example_dags/example_xcomargs.py
[2024-01-30T16:02:34.736+0100] {processor.py:830} INFO - Processing file /home/ubuntu/.local/lib/python3.10/site-packages/airflow/example_dags/example_xcomargs.py for tasks to queue
[2024-01-30T16:02:34.738+0100] {logging_mixin.py:188} INFO - [2024-01-30T16:02:34.737+0100] {dagbag.py:538} INFO - Filling up the DagBag from /home/ubuntu/.local/lib/python3.10/site-packages/airflow/example_dags/example_xcomargs.py
[2024-01-30T16:02:34.772+0100] {processor.py:840} INFO - DAG(s) 'example_xcom_args_with_operators', 'example_xcom_args' retrieved from /home/ubuntu/.local/lib/python3.10/site-packages/airflow/example_dags/example_xcomargs.py
[2024-01-30T16:02:34.844+0100] {logging_mixin.py:188} INFO - [2024-01-30T16:02:34.843+0100] {dag.py:3033} INFO - Sync 2 DAGs
[2024-01-30T16:02:34.877+0100] {logging_mixin.py:188} INFO - [2024-01-30T16:02:34.877+0100] {dag.py:3820} INFO - Setting next_dagrun for example_xcom_args to None, run_after=None
[2024-01-30T16:02:34.883+0100] {logging_mixin.py:188} INFO - [2024-01-30T16:02:34.883+0100] {dag.py:3820} INFO - Setting next_dagrun for example_xcom_args_with_operators to None, run_after=None
[2024-01-30T16:02:34.968+0100] {processor.py:183} INFO - Processing /home/ubuntu/.local/lib/python3.10/site-packages/airflow/example_dags/example_xcomargs.py took 0.242 seconds
[2024-01-30T16:07:04.776+0100] {processor.py:161} INFO - Started process (PID=8827) to work on /home/ubuntu/.local/lib/python3.10/site-packages/airflow/example_dags/example_xcomargs.py
[2024-01-30T16:07:04.865+0100] {processor.py:830} INFO - Processing file /home/ubuntu/.local/lib/python3.10/site-packages/airflow/example_dags/example_xcomargs.py for tasks to queue
[2024-01-30T16:07:04.876+0100] {logging_mixin.py:188} INFO - [2024-01-30T16:07:04.875+0100] {dagbag.py:538} INFO - Filling up the DagBag from /home/ubuntu/.local/lib/python3.10/site-packages/airflow/example_dags/example_xcomargs.py
[2024-01-30T16:07:04.998+0100] {processor.py:840} INFO - DAG(s) 'example_xcom_args', 'example_xcom_args_with_operators' retrieved from /home/ubuntu/.local/lib/python3.10/site-packages/airflow/example_dags/example_xcomargs.py
[2024-01-30T16:07:05.224+0100] {logging_mixin.py:188} INFO - [2024-01-30T16:07:05.224+0100] {dag.py:3033} INFO - Sync 2 DAGs
[2024-01-30T16:07:05.316+0100] {logging_mixin.py:188} INFO - [2024-01-30T16:07:05.316+0100] {dag.py:3820} INFO - Setting next_dagrun for example_xcom_args to None, run_after=None
[2024-01-30T16:07:05.338+0100] {logging_mixin.py:188} INFO - [2024-01-30T16:07:05.337+0100] {dag.py:3820} INFO - Setting next_dagrun for example_xcom_args_with_operators to None, run_after=None
[2024-01-30T16:07:05.426+0100] {processor.py:183} INFO - Processing /home/ubuntu/.local/lib/python3.10/site-packages/airflow/example_dags/example_xcomargs.py took 0.719 seconds
[2024-01-30T16:15:03.128+0100] {processor.py:161} INFO - Started process (PID=5101) to work on /home/ubuntu/.local/lib/python3.10/site-packages/airflow/example_dags/example_xcomargs.py
[2024-01-30T16:15:03.135+0100] {processor.py:830} INFO - Processing file /home/ubuntu/.local/lib/python3.10/site-packages/airflow/example_dags/example_xcomargs.py for tasks to queue
[2024-01-30T16:15:03.136+0100] {logging_mixin.py:188} INFO - [2024-01-30T16:15:03.136+0100] {dagbag.py:538} INFO - Filling up the DagBag from /home/ubuntu/.local/lib/python3.10/site-packages/airflow/example_dags/example_xcomargs.py
[2024-01-30T16:15:03.151+0100] {processor.py:840} INFO - DAG(s) 'example_xcom_args_with_operators', 'example_xcom_args' retrieved from /home/ubuntu/.local/lib/python3.10/site-packages/airflow/example_dags/example_xcomargs.py
[2024-01-30T16:15:03.355+0100] {logging_mixin.py:188} INFO - [2024-01-30T16:15:03.354+0100] {dag.py:3033} INFO - Sync 2 DAGs
[2024-01-30T16:15:03.389+0100] {logging_mixin.py:188} INFO - [2024-01-30T16:15:03.389+0100] {dag.py:3820} INFO - Setting next_dagrun for example_xcom_args to None, run_after=None
[2024-01-30T16:15:03.394+0100] {logging_mixin.py:188} INFO - [2024-01-30T16:15:03.393+0100] {dag.py:3820} INFO - Setting next_dagrun for example_xcom_args_with_operators to None, run_after=None
[2024-01-30T16:15:03.441+0100] {processor.py:183} INFO - Processing /home/ubuntu/.local/lib/python3.10/site-packages/airflow/example_dags/example_xcomargs.py took 0.320 seconds
[2024-01-30T16:17:41.935+0100] {processor.py:161} INFO - Started process (PID=5623) to work on /home/ubuntu/.local/lib/python3.10/site-packages/airflow/example_dags/example_xcomargs.py
[2024-01-30T16:17:41.964+0100] {processor.py:830} INFO - Processing file /home/ubuntu/.local/lib/python3.10/site-packages/airflow/example_dags/example_xcomargs.py for tasks to queue
[2024-01-30T16:17:41.974+0100] {logging_mixin.py:188} INFO - [2024-01-30T16:17:41.965+0100] {dagbag.py:538} INFO - Filling up the DagBag from /home/ubuntu/.local/lib/python3.10/site-packages/airflow/example_dags/example_xcomargs.py
[2024-01-30T16:17:42.079+0100] {processor.py:840} INFO - DAG(s) 'example_xcom_args_with_operators', 'example_xcom_args' retrieved from /home/ubuntu/.local/lib/python3.10/site-packages/airflow/example_dags/example_xcomargs.py
[2024-01-30T16:17:42.186+0100] {logging_mixin.py:188} INFO - [2024-01-30T16:17:42.186+0100] {dag.py:3033} INFO - Sync 2 DAGs
[2024-01-30T16:17:42.228+0100] {logging_mixin.py:188} INFO - [2024-01-30T16:17:42.228+0100] {dag.py:3820} INFO - Setting next_dagrun for example_xcom_args to None, run_after=None
[2024-01-30T16:17:42.245+0100] {logging_mixin.py:188} INFO - [2024-01-30T16:17:42.245+0100] {dag.py:3820} INFO - Setting next_dagrun for example_xcom_args_with_operators to None, run_after=None
[2024-01-30T16:17:42.350+0100] {processor.py:183} INFO - Processing /home/ubuntu/.local/lib/python3.10/site-packages/airflow/example_dags/example_xcomargs.py took 0.440 seconds
[2024-01-30T16:19:12.500+0100] {processor.py:161} INFO - Started process (PID=5723) to work on /home/ubuntu/.local/lib/python3.10/site-packages/airflow/example_dags/example_xcomargs.py
[2024-01-30T16:19:12.509+0100] {processor.py:830} INFO - Processing file /home/ubuntu/.local/lib/python3.10/site-packages/airflow/example_dags/example_xcomargs.py for tasks to queue
[2024-01-30T16:19:12.510+0100] {logging_mixin.py:188} INFO - [2024-01-30T16:19:12.509+0100] {dagbag.py:538} INFO - Filling up the DagBag from /home/ubuntu/.local/lib/python3.10/site-packages/airflow/example_dags/example_xcomargs.py
[2024-01-30T16:19:12.541+0100] {processor.py:840} INFO - DAG(s) 'example_xcom_args_with_operators', 'example_xcom_args' retrieved from /home/ubuntu/.local/lib/python3.10/site-packages/airflow/example_dags/example_xcomargs.py
[2024-01-30T16:19:12.589+0100] {logging_mixin.py:188} INFO - [2024-01-30T16:19:12.588+0100] {dag.py:3033} INFO - Sync 2 DAGs
[2024-01-30T16:19:12.638+0100] {logging_mixin.py:188} INFO - [2024-01-30T16:19:12.635+0100] {dag.py:3820} INFO - Setting next_dagrun for example_xcom_args to None, run_after=None
[2024-01-30T16:19:12.657+0100] {logging_mixin.py:188} INFO - [2024-01-30T16:19:12.657+0100] {dag.py:3820} INFO - Setting next_dagrun for example_xcom_args_with_operators to None, run_after=None
[2024-01-30T16:19:12.729+0100] {processor.py:183} INFO - Processing /home/ubuntu/.local/lib/python3.10/site-packages/airflow/example_dags/example_xcomargs.py took 0.234 seconds
[2024-01-30T16:20:40.978+0100] {processor.py:161} INFO - Started process (PID=6190) to work on /home/ubuntu/.local/lib/python3.10/site-packages/airflow/example_dags/example_xcomargs.py
[2024-01-30T16:20:41.015+0100] {processor.py:830} INFO - Processing file /home/ubuntu/.local/lib/python3.10/site-packages/airflow/example_dags/example_xcomargs.py for tasks to queue
[2024-01-30T16:20:41.025+0100] {logging_mixin.py:188} INFO - [2024-01-30T16:20:41.024+0100] {dagbag.py:538} INFO - Filling up the DagBag from /home/ubuntu/.local/lib/python3.10/site-packages/airflow/example_dags/example_xcomargs.py
[2024-01-30T16:20:41.148+0100] {processor.py:840} INFO - DAG(s) 'example_xcom_args_with_operators', 'example_xcom_args' retrieved from /home/ubuntu/.local/lib/python3.10/site-packages/airflow/example_dags/example_xcomargs.py
[2024-01-30T16:20:41.228+0100] {logging_mixin.py:188} INFO - [2024-01-30T16:20:41.227+0100] {dag.py:3033} INFO - Sync 2 DAGs
[2024-01-30T16:20:41.287+0100] {logging_mixin.py:188} INFO - [2024-01-30T16:20:41.287+0100] {dag.py:3820} INFO - Setting next_dagrun for example_xcom_args to None, run_after=None
[2024-01-30T16:20:41.298+0100] {logging_mixin.py:188} INFO - [2024-01-30T16:20:41.298+0100] {dag.py:3820} INFO - Setting next_dagrun for example_xcom_args_with_operators to None, run_after=None
[2024-01-30T16:20:41.400+0100] {processor.py:183} INFO - Processing /home/ubuntu/.local/lib/python3.10/site-packages/airflow/example_dags/example_xcomargs.py took 0.442 seconds
[2024-01-30T16:22:16.750+0100] {processor.py:161} INFO - Started process (PID=6249) to work on /home/ubuntu/.local/lib/python3.10/site-packages/airflow/example_dags/example_xcomargs.py
[2024-01-30T16:22:16.770+0100] {processor.py:830} INFO - Processing file /home/ubuntu/.local/lib/python3.10/site-packages/airflow/example_dags/example_xcomargs.py for tasks to queue
[2024-01-30T16:22:16.778+0100] {logging_mixin.py:188} INFO - [2024-01-30T16:22:16.773+0100] {dagbag.py:538} INFO - Filling up the DagBag from /home/ubuntu/.local/lib/python3.10/site-packages/airflow/example_dags/example_xcomargs.py
[2024-01-30T16:22:16.885+0100] {processor.py:840} INFO - DAG(s) 'example_xcom_args_with_operators', 'example_xcom_args' retrieved from /home/ubuntu/.local/lib/python3.10/site-packages/airflow/example_dags/example_xcomargs.py
[2024-01-30T16:22:17.121+0100] {logging_mixin.py:188} INFO - [2024-01-30T16:22:17.119+0100] {dag.py:3033} INFO - Sync 2 DAGs
[2024-01-30T16:22:17.206+0100] {logging_mixin.py:188} INFO - [2024-01-30T16:22:17.206+0100] {dag.py:3820} INFO - Setting next_dagrun for example_xcom_args to None, run_after=None
[2024-01-30T16:22:17.247+0100] {logging_mixin.py:188} INFO - [2024-01-30T16:22:17.242+0100] {dag.py:3820} INFO - Setting next_dagrun for example_xcom_args_with_operators to None, run_after=None
[2024-01-30T16:22:17.418+0100] {processor.py:183} INFO - Processing /home/ubuntu/.local/lib/python3.10/site-packages/airflow/example_dags/example_xcomargs.py took 0.689 seconds
[2024-01-30T16:24:39.031+0100] {processor.py:161} INFO - Started process (PID=6991) to work on /home/ubuntu/.local/lib/python3.10/site-packages/airflow/example_dags/example_xcomargs.py
[2024-01-30T16:24:39.037+0100] {processor.py:830} INFO - Processing file /home/ubuntu/.local/lib/python3.10/site-packages/airflow/example_dags/example_xcomargs.py for tasks to queue
[2024-01-30T16:24:39.045+0100] {logging_mixin.py:188} INFO - [2024-01-30T16:24:39.038+0100] {dagbag.py:538} INFO - Filling up the DagBag from /home/ubuntu/.local/lib/python3.10/site-packages/airflow/example_dags/example_xcomargs.py
[2024-01-30T16:24:39.073+0100] {processor.py:840} INFO - DAG(s) 'example_xcom_args_with_operators', 'example_xcom_args' retrieved from /home/ubuntu/.local/lib/python3.10/site-packages/airflow/example_dags/example_xcomargs.py
[2024-01-30T16:24:39.952+0100] {logging_mixin.py:188} INFO - [2024-01-30T16:24:39.952+0100] {dag.py:3033} INFO - Sync 2 DAGs
[2024-01-30T16:24:40.025+0100] {logging_mixin.py:188} INFO - [2024-01-30T16:24:40.025+0100] {dag.py:3820} INFO - Setting next_dagrun for example_xcom_args to None, run_after=None
[2024-01-30T16:24:40.033+0100] {logging_mixin.py:188} INFO - [2024-01-30T16:24:40.032+0100] {dag.py:3820} INFO - Setting next_dagrun for example_xcom_args_with_operators to None, run_after=None
[2024-01-30T16:24:40.115+0100] {processor.py:183} INFO - Processing /home/ubuntu/.local/lib/python3.10/site-packages/airflow/example_dags/example_xcomargs.py took 1.088 seconds
[2024-01-30T16:29:44.242+0100] {processor.py:161} INFO - Started process (PID=8208) to work on /home/ubuntu/.local/lib/python3.10/site-packages/airflow/example_dags/example_xcomargs.py
[2024-01-30T16:29:44.258+0100] {processor.py:830} INFO - Processing file /home/ubuntu/.local/lib/python3.10/site-packages/airflow/example_dags/example_xcomargs.py for tasks to queue
[2024-01-30T16:29:44.260+0100] {logging_mixin.py:188} INFO - [2024-01-30T16:29:44.259+0100] {dagbag.py:538} INFO - Filling up the DagBag from /home/ubuntu/.local/lib/python3.10/site-packages/airflow/example_dags/example_xcomargs.py
[2024-01-30T16:29:44.337+0100] {processor.py:840} INFO - DAG(s) 'example_xcom_args_with_operators', 'example_xcom_args' retrieved from /home/ubuntu/.local/lib/python3.10/site-packages/airflow/example_dags/example_xcomargs.py
[2024-01-30T16:29:44.490+0100] {logging_mixin.py:188} INFO - [2024-01-30T16:29:44.490+0100] {dag.py:3033} INFO - Sync 2 DAGs
[2024-01-30T16:29:44.553+0100] {logging_mixin.py:188} INFO - [2024-01-30T16:29:44.552+0100] {dag.py:3820} INFO - Setting next_dagrun for example_xcom_args to None, run_after=None
[2024-01-30T16:29:44.559+0100] {logging_mixin.py:188} INFO - [2024-01-30T16:29:44.558+0100] {dag.py:3820} INFO - Setting next_dagrun for example_xcom_args_with_operators to None, run_after=None
[2024-01-30T16:29:44.636+0100] {processor.py:183} INFO - Processing /home/ubuntu/.local/lib/python3.10/site-packages/airflow/example_dags/example_xcomargs.py took 0.427 seconds
[2024-01-30T16:31:45.718+0100] {processor.py:161} INFO - Started process (PID=8692) to work on /home/ubuntu/.local/lib/python3.10/site-packages/airflow/example_dags/example_xcomargs.py
[2024-01-30T16:31:45.727+0100] {processor.py:830} INFO - Processing file /home/ubuntu/.local/lib/python3.10/site-packages/airflow/example_dags/example_xcomargs.py for tasks to queue
[2024-01-30T16:31:45.729+0100] {logging_mixin.py:188} INFO - [2024-01-30T16:31:45.728+0100] {dagbag.py:538} INFO - Filling up the DagBag from /home/ubuntu/.local/lib/python3.10/site-packages/airflow/example_dags/example_xcomargs.py
[2024-01-30T16:31:45.792+0100] {processor.py:840} INFO - DAG(s) 'example_xcom_args_with_operators', 'example_xcom_args' retrieved from /home/ubuntu/.local/lib/python3.10/site-packages/airflow/example_dags/example_xcomargs.py
[2024-01-30T16:31:45.929+0100] {logging_mixin.py:188} INFO - [2024-01-30T16:31:45.928+0100] {dag.py:3033} INFO - Sync 2 DAGs
[2024-01-30T16:31:45.977+0100] {logging_mixin.py:188} INFO - [2024-01-30T16:31:45.976+0100] {dag.py:3820} INFO - Setting next_dagrun for example_xcom_args to None, run_after=None
[2024-01-30T16:31:46.060+0100] {logging_mixin.py:188} INFO - [2024-01-30T16:31:46.059+0100] {dag.py:3820} INFO - Setting next_dagrun for example_xcom_args_with_operators to None, run_after=None
[2024-01-30T16:31:46.352+0100] {processor.py:183} INFO - Processing /home/ubuntu/.local/lib/python3.10/site-packages/airflow/example_dags/example_xcomargs.py took 0.639 seconds
[2024-01-30T16:32:57.972+0100] {processor.py:161} INFO - Started process (PID=9356) to work on /home/ubuntu/.local/lib/python3.10/site-packages/airflow/example_dags/example_xcomargs.py
[2024-01-30T16:32:57.976+0100] {processor.py:830} INFO - Processing file /home/ubuntu/.local/lib/python3.10/site-packages/airflow/example_dags/example_xcomargs.py for tasks to queue
[2024-01-30T16:32:57.979+0100] {logging_mixin.py:188} INFO - [2024-01-30T16:32:57.978+0100] {dagbag.py:538} INFO - Filling up the DagBag from /home/ubuntu/.local/lib/python3.10/site-packages/airflow/example_dags/example_xcomargs.py
[2024-01-30T16:32:57.993+0100] {processor.py:840} INFO - DAG(s) 'example_xcom_args_with_operators', 'example_xcom_args' retrieved from /home/ubuntu/.local/lib/python3.10/site-packages/airflow/example_dags/example_xcomargs.py
[2024-01-30T16:32:58.025+0100] {logging_mixin.py:188} INFO - [2024-01-30T16:32:58.025+0100] {dag.py:3033} INFO - Sync 2 DAGs
[2024-01-30T16:32:58.041+0100] {logging_mixin.py:188} INFO - [2024-01-30T16:32:58.041+0100] {dag.py:3820} INFO - Setting next_dagrun for example_xcom_args to None, run_after=None
[2024-01-30T16:32:58.045+0100] {logging_mixin.py:188} INFO - [2024-01-30T16:32:58.045+0100] {dag.py:3820} INFO - Setting next_dagrun for example_xcom_args_with_operators to None, run_after=None
[2024-01-30T16:32:58.083+0100] {processor.py:183} INFO - Processing /home/ubuntu/.local/lib/python3.10/site-packages/airflow/example_dags/example_xcomargs.py took 0.116 seconds
[2024-01-30T16:48:05.093+0100] {processor.py:161} INFO - Started process (PID=5105) to work on /home/ubuntu/.local/lib/python3.10/site-packages/airflow/example_dags/example_xcomargs.py
[2024-01-30T16:48:05.099+0100] {processor.py:830} INFO - Processing file /home/ubuntu/.local/lib/python3.10/site-packages/airflow/example_dags/example_xcomargs.py for tasks to queue
[2024-01-30T16:48:05.101+0100] {logging_mixin.py:188} INFO - [2024-01-30T16:48:05.100+0100] {dagbag.py:538} INFO - Filling up the DagBag from /home/ubuntu/.local/lib/python3.10/site-packages/airflow/example_dags/example_xcomargs.py
[2024-01-30T16:48:05.118+0100] {processor.py:840} INFO - DAG(s) 'example_xcom_args_with_operators', 'example_xcom_args' retrieved from /home/ubuntu/.local/lib/python3.10/site-packages/airflow/example_dags/example_xcomargs.py
[2024-01-30T16:48:05.291+0100] {logging_mixin.py:188} INFO - [2024-01-30T16:48:05.290+0100] {dag.py:3033} INFO - Sync 2 DAGs
[2024-01-30T16:48:05.302+0100] {logging_mixin.py:188} INFO - [2024-01-30T16:48:05.302+0100] {dag.py:3820} INFO - Setting next_dagrun for example_xcom_args to None, run_after=None
[2024-01-30T16:48:05.306+0100] {logging_mixin.py:188} INFO - [2024-01-30T16:48:05.306+0100] {dag.py:3820} INFO - Setting next_dagrun for example_xcom_args_with_operators to None, run_after=None
[2024-01-30T16:48:05.344+0100] {processor.py:183} INFO - Processing /home/ubuntu/.local/lib/python3.10/site-packages/airflow/example_dags/example_xcomargs.py took 0.257 seconds
[2024-01-30T16:50:38.177+0100] {processor.py:161} INFO - Started process (PID=5309) to work on /home/ubuntu/.local/lib/python3.10/site-packages/airflow/example_dags/example_xcomargs.py
[2024-01-30T16:50:38.185+0100] {processor.py:830} INFO - Processing file /home/ubuntu/.local/lib/python3.10/site-packages/airflow/example_dags/example_xcomargs.py for tasks to queue
[2024-01-30T16:50:38.187+0100] {logging_mixin.py:188} INFO - [2024-01-30T16:50:38.186+0100] {dagbag.py:538} INFO - Filling up the DagBag from /home/ubuntu/.local/lib/python3.10/site-packages/airflow/example_dags/example_xcomargs.py
[2024-01-30T16:50:38.214+0100] {processor.py:840} INFO - DAG(s) 'example_xcom_args_with_operators', 'example_xcom_args' retrieved from /home/ubuntu/.local/lib/python3.10/site-packages/airflow/example_dags/example_xcomargs.py
[2024-01-30T16:50:38.285+0100] {logging_mixin.py:188} INFO - [2024-01-30T16:50:38.285+0100] {dag.py:3033} INFO - Sync 2 DAGs
[2024-01-30T16:50:38.312+0100] {logging_mixin.py:188} INFO - [2024-01-30T16:50:38.311+0100] {dag.py:3820} INFO - Setting next_dagrun for example_xcom_args to None, run_after=None
[2024-01-30T16:50:38.316+0100] {logging_mixin.py:188} INFO - [2024-01-30T16:50:38.316+0100] {dag.py:3820} INFO - Setting next_dagrun for example_xcom_args_with_operators to None, run_after=None
[2024-01-30T16:50:38.444+0100] {processor.py:183} INFO - Processing /home/ubuntu/.local/lib/python3.10/site-packages/airflow/example_dags/example_xcomargs.py took 0.276 seconds
[2024-01-30T16:51:21.553+0100] {processor.py:161} INFO - Started process (PID=5353) to work on /home/ubuntu/.local/lib/python3.10/site-packages/airflow/example_dags/example_xcomargs.py
[2024-01-30T16:51:21.559+0100] {processor.py:830} INFO - Processing file /home/ubuntu/.local/lib/python3.10/site-packages/airflow/example_dags/example_xcomargs.py for tasks to queue
[2024-01-30T16:51:21.563+0100] {logging_mixin.py:188} INFO - [2024-01-30T16:51:21.561+0100] {dagbag.py:538} INFO - Filling up the DagBag from /home/ubuntu/.local/lib/python3.10/site-packages/airflow/example_dags/example_xcomargs.py
[2024-01-30T16:51:21.597+0100] {processor.py:840} INFO - DAG(s) 'example_xcom_args', 'example_xcom_args_with_operators' retrieved from /home/ubuntu/.local/lib/python3.10/site-packages/airflow/example_dags/example_xcomargs.py
[2024-01-30T16:51:21.659+0100] {logging_mixin.py:188} INFO - [2024-01-30T16:51:21.658+0100] {dag.py:3033} INFO - Sync 2 DAGs
[2024-01-30T16:51:21.709+0100] {logging_mixin.py:188} INFO - [2024-01-30T16:51:21.708+0100] {dag.py:3820} INFO - Setting next_dagrun for example_xcom_args to None, run_after=None
[2024-01-30T16:51:21.728+0100] {logging_mixin.py:188} INFO - [2024-01-30T16:51:21.728+0100] {dag.py:3820} INFO - Setting next_dagrun for example_xcom_args_with_operators to None, run_after=None
[2024-01-30T16:51:21.922+0100] {processor.py:183} INFO - Processing /home/ubuntu/.local/lib/python3.10/site-packages/airflow/example_dags/example_xcomargs.py took 0.389 seconds
[2024-01-30T16:51:59.712+0100] {processor.py:161} INFO - Started process (PID=5383) to work on /home/ubuntu/.local/lib/python3.10/site-packages/airflow/example_dags/example_xcomargs.py
[2024-01-30T16:51:59.734+0100] {processor.py:830} INFO - Processing file /home/ubuntu/.local/lib/python3.10/site-packages/airflow/example_dags/example_xcomargs.py for tasks to queue
[2024-01-30T16:51:59.739+0100] {logging_mixin.py:188} INFO - [2024-01-30T16:51:59.735+0100] {dagbag.py:538} INFO - Filling up the DagBag from /home/ubuntu/.local/lib/python3.10/site-packages/airflow/example_dags/example_xcomargs.py
[2024-01-30T16:51:59.768+0100] {processor.py:840} INFO - DAG(s) 'example_xcom_args', 'example_xcom_args_with_operators' retrieved from /home/ubuntu/.local/lib/python3.10/site-packages/airflow/example_dags/example_xcomargs.py
[2024-01-30T16:51:59.818+0100] {logging_mixin.py:188} INFO - [2024-01-30T16:51:59.818+0100] {dag.py:3033} INFO - Sync 2 DAGs
[2024-01-30T16:51:59.925+0100] {logging_mixin.py:188} INFO - [2024-01-30T16:51:59.924+0100] {dag.py:3820} INFO - Setting next_dagrun for example_xcom_args to None, run_after=None
[2024-01-30T16:51:59.931+0100] {logging_mixin.py:188} INFO - [2024-01-30T16:51:59.931+0100] {dag.py:3820} INFO - Setting next_dagrun for example_xcom_args_with_operators to None, run_after=None
[2024-01-30T16:51:59.982+0100] {processor.py:183} INFO - Processing /home/ubuntu/.local/lib/python3.10/site-packages/airflow/example_dags/example_xcomargs.py took 0.279 seconds
[2024-01-30T16:52:39.525+0100] {processor.py:161} INFO - Started process (PID=5426) to work on /home/ubuntu/.local/lib/python3.10/site-packages/airflow/example_dags/example_xcomargs.py
[2024-01-30T16:52:39.527+0100] {processor.py:830} INFO - Processing file /home/ubuntu/.local/lib/python3.10/site-packages/airflow/example_dags/example_xcomargs.py for tasks to queue
[2024-01-30T16:52:39.529+0100] {logging_mixin.py:188} INFO - [2024-01-30T16:52:39.528+0100] {dagbag.py:538} INFO - Filling up the DagBag from /home/ubuntu/.local/lib/python3.10/site-packages/airflow/example_dags/example_xcomargs.py
[2024-01-30T16:52:39.540+0100] {processor.py:840} INFO - DAG(s) 'example_xcom_args_with_operators', 'example_xcom_args' retrieved from /home/ubuntu/.local/lib/python3.10/site-packages/airflow/example_dags/example_xcomargs.py
[2024-01-30T16:52:39.565+0100] {logging_mixin.py:188} INFO - [2024-01-30T16:52:39.565+0100] {dag.py:3033} INFO - Sync 2 DAGs
[2024-01-30T16:52:39.580+0100] {logging_mixin.py:188} INFO - [2024-01-30T16:52:39.580+0100] {dag.py:3820} INFO - Setting next_dagrun for example_xcom_args to None, run_after=None
[2024-01-30T16:52:39.587+0100] {logging_mixin.py:188} INFO - [2024-01-30T16:52:39.586+0100] {dag.py:3820} INFO - Setting next_dagrun for example_xcom_args_with_operators to None, run_after=None
[2024-01-30T16:52:39.629+0100] {processor.py:183} INFO - Processing /home/ubuntu/.local/lib/python3.10/site-packages/airflow/example_dags/example_xcomargs.py took 0.111 seconds
[2024-01-30T16:53:17.401+0100] {processor.py:161} INFO - Started process (PID=5464) to work on /home/ubuntu/.local/lib/python3.10/site-packages/airflow/example_dags/example_xcomargs.py
[2024-01-30T16:53:17.417+0100] {processor.py:830} INFO - Processing file /home/ubuntu/.local/lib/python3.10/site-packages/airflow/example_dags/example_xcomargs.py for tasks to queue
[2024-01-30T16:53:17.424+0100] {logging_mixin.py:188} INFO - [2024-01-30T16:53:17.420+0100] {dagbag.py:538} INFO - Filling up the DagBag from /home/ubuntu/.local/lib/python3.10/site-packages/airflow/example_dags/example_xcomargs.py
[2024-01-30T16:53:17.500+0100] {processor.py:840} INFO - DAG(s) 'example_xcom_args_with_operators', 'example_xcom_args' retrieved from /home/ubuntu/.local/lib/python3.10/site-packages/airflow/example_dags/example_xcomargs.py
[2024-01-30T16:53:17.611+0100] {logging_mixin.py:188} INFO - [2024-01-30T16:53:17.609+0100] {dag.py:3033} INFO - Sync 2 DAGs
[2024-01-30T16:53:17.646+0100] {logging_mixin.py:188} INFO - [2024-01-30T16:53:17.645+0100] {dag.py:3820} INFO - Setting next_dagrun for example_xcom_args to None, run_after=None
[2024-01-30T16:53:17.655+0100] {logging_mixin.py:188} INFO - [2024-01-30T16:53:17.655+0100] {dag.py:3820} INFO - Setting next_dagrun for example_xcom_args_with_operators to None, run_after=None
[2024-01-30T16:53:17.757+0100] {processor.py:183} INFO - Processing /home/ubuntu/.local/lib/python3.10/site-packages/airflow/example_dags/example_xcomargs.py took 0.361 seconds
[2024-01-30T16:53:57.974+0100] {processor.py:161} INFO - Started process (PID=5514) to work on /home/ubuntu/.local/lib/python3.10/site-packages/airflow/example_dags/example_xcomargs.py
[2024-01-30T16:53:57.979+0100] {processor.py:830} INFO - Processing file /home/ubuntu/.local/lib/python3.10/site-packages/airflow/example_dags/example_xcomargs.py for tasks to queue
[2024-01-30T16:53:57.981+0100] {logging_mixin.py:188} INFO - [2024-01-30T16:53:57.980+0100] {dagbag.py:538} INFO - Filling up the DagBag from /home/ubuntu/.local/lib/python3.10/site-packages/airflow/example_dags/example_xcomargs.py
[2024-01-30T16:53:58.010+0100] {processor.py:840} INFO - DAG(s) 'example_xcom_args', 'example_xcom_args_with_operators' retrieved from /home/ubuntu/.local/lib/python3.10/site-packages/airflow/example_dags/example_xcomargs.py
[2024-01-30T16:53:58.123+0100] {logging_mixin.py:188} INFO - [2024-01-30T16:53:58.122+0100] {dag.py:3033} INFO - Sync 2 DAGs
[2024-01-30T16:53:58.151+0100] {logging_mixin.py:188} INFO - [2024-01-30T16:53:58.150+0100] {dag.py:3820} INFO - Setting next_dagrun for example_xcom_args to None, run_after=None
[2024-01-30T16:53:58.157+0100] {logging_mixin.py:188} INFO - [2024-01-30T16:53:58.156+0100] {dag.py:3820} INFO - Setting next_dagrun for example_xcom_args_with_operators to None, run_after=None
[2024-01-30T16:53:58.262+0100] {processor.py:183} INFO - Processing /home/ubuntu/.local/lib/python3.10/site-packages/airflow/example_dags/example_xcomargs.py took 0.305 seconds
[2024-01-30T16:55:18.505+0100] {processor.py:161} INFO - Started process (PID=5673) to work on /home/ubuntu/.local/lib/python3.10/site-packages/airflow/example_dags/example_xcomargs.py
[2024-01-30T16:55:18.558+0100] {processor.py:830} INFO - Processing file /home/ubuntu/.local/lib/python3.10/site-packages/airflow/example_dags/example_xcomargs.py for tasks to queue
[2024-01-30T16:55:18.570+0100] {logging_mixin.py:188} INFO - [2024-01-30T16:55:18.569+0100] {dagbag.py:538} INFO - Filling up the DagBag from /home/ubuntu/.local/lib/python3.10/site-packages/airflow/example_dags/example_xcomargs.py
[2024-01-30T16:55:18.603+0100] {processor.py:840} INFO - DAG(s) 'example_xcom_args_with_operators', 'example_xcom_args' retrieved from /home/ubuntu/.local/lib/python3.10/site-packages/airflow/example_dags/example_xcomargs.py
[2024-01-30T16:55:18.705+0100] {logging_mixin.py:188} INFO - [2024-01-30T16:55:18.704+0100] {dag.py:3033} INFO - Sync 2 DAGs
[2024-01-30T16:55:18.762+0100] {logging_mixin.py:188} INFO - [2024-01-30T16:55:18.761+0100] {dag.py:3820} INFO - Setting next_dagrun for example_xcom_args to None, run_after=None
[2024-01-30T16:55:18.771+0100] {logging_mixin.py:188} INFO - [2024-01-30T16:55:18.771+0100] {dag.py:3820} INFO - Setting next_dagrun for example_xcom_args_with_operators to None, run_after=None
[2024-01-30T16:55:18.843+0100] {processor.py:183} INFO - Processing /home/ubuntu/.local/lib/python3.10/site-packages/airflow/example_dags/example_xcomargs.py took 0.347 seconds
[2024-01-30T16:56:08.304+0100] {processor.py:161} INFO - Started process (PID=5715) to work on /home/ubuntu/.local/lib/python3.10/site-packages/airflow/example_dags/example_xcomargs.py
[2024-01-30T16:56:08.311+0100] {processor.py:830} INFO - Processing file /home/ubuntu/.local/lib/python3.10/site-packages/airflow/example_dags/example_xcomargs.py for tasks to queue
[2024-01-30T16:56:08.313+0100] {logging_mixin.py:188} INFO - [2024-01-30T16:56:08.312+0100] {dagbag.py:538} INFO - Filling up the DagBag from /home/ubuntu/.local/lib/python3.10/site-packages/airflow/example_dags/example_xcomargs.py
[2024-01-30T16:56:08.355+0100] {processor.py:840} INFO - DAG(s) 'example_xcom_args', 'example_xcom_args_with_operators' retrieved from /home/ubuntu/.local/lib/python3.10/site-packages/airflow/example_dags/example_xcomargs.py
[2024-01-30T16:56:08.450+0100] {logging_mixin.py:188} INFO - [2024-01-30T16:56:08.447+0100] {dag.py:3033} INFO - Sync 2 DAGs
[2024-01-30T16:56:08.496+0100] {logging_mixin.py:188} INFO - [2024-01-30T16:56:08.492+0100] {dag.py:3820} INFO - Setting next_dagrun for example_xcom_args to None, run_after=None
[2024-01-30T16:56:08.504+0100] {logging_mixin.py:188} INFO - [2024-01-30T16:56:08.504+0100] {dag.py:3820} INFO - Setting next_dagrun for example_xcom_args_with_operators to None, run_after=None
[2024-01-30T16:56:08.638+0100] {processor.py:183} INFO - Processing /home/ubuntu/.local/lib/python3.10/site-packages/airflow/example_dags/example_xcomargs.py took 0.350 seconds
[2024-01-30T16:56:51.210+0100] {processor.py:161} INFO - Started process (PID=5750) to work on /home/ubuntu/.local/lib/python3.10/site-packages/airflow/example_dags/example_xcomargs.py
[2024-01-30T16:56:51.214+0100] {processor.py:830} INFO - Processing file /home/ubuntu/.local/lib/python3.10/site-packages/airflow/example_dags/example_xcomargs.py for tasks to queue
[2024-01-30T16:56:51.216+0100] {logging_mixin.py:188} INFO - [2024-01-30T16:56:51.215+0100] {dagbag.py:538} INFO - Filling up the DagBag from /home/ubuntu/.local/lib/python3.10/site-packages/airflow/example_dags/example_xcomargs.py
[2024-01-30T16:56:51.236+0100] {processor.py:840} INFO - DAG(s) 'example_xcom_args_with_operators', 'example_xcom_args' retrieved from /home/ubuntu/.local/lib/python3.10/site-packages/airflow/example_dags/example_xcomargs.py
[2024-01-30T16:56:51.292+0100] {logging_mixin.py:188} INFO - [2024-01-30T16:56:51.292+0100] {dag.py:3033} INFO - Sync 2 DAGs
[2024-01-30T16:56:51.333+0100] {logging_mixin.py:188} INFO - [2024-01-30T16:56:51.333+0100] {dag.py:3820} INFO - Setting next_dagrun for example_xcom_args to None, run_after=None
[2024-01-30T16:56:51.345+0100] {logging_mixin.py:188} INFO - [2024-01-30T16:56:51.345+0100] {dag.py:3820} INFO - Setting next_dagrun for example_xcom_args_with_operators to None, run_after=None
[2024-01-30T16:56:51.444+0100] {processor.py:183} INFO - Processing /home/ubuntu/.local/lib/python3.10/site-packages/airflow/example_dags/example_xcomargs.py took 0.239 seconds
[2024-01-30T16:57:36.337+0100] {processor.py:161} INFO - Started process (PID=5790) to work on /home/ubuntu/.local/lib/python3.10/site-packages/airflow/example_dags/example_xcomargs.py
[2024-01-30T16:57:36.340+0100] {processor.py:830} INFO - Processing file /home/ubuntu/.local/lib/python3.10/site-packages/airflow/example_dags/example_xcomargs.py for tasks to queue
[2024-01-30T16:57:36.342+0100] {logging_mixin.py:188} INFO - [2024-01-30T16:57:36.341+0100] {dagbag.py:538} INFO - Filling up the DagBag from /home/ubuntu/.local/lib/python3.10/site-packages/airflow/example_dags/example_xcomargs.py
[2024-01-30T16:57:36.377+0100] {processor.py:840} INFO - DAG(s) 'example_xcom_args_with_operators', 'example_xcom_args' retrieved from /home/ubuntu/.local/lib/python3.10/site-packages/airflow/example_dags/example_xcomargs.py
[2024-01-30T16:57:36.438+0100] {logging_mixin.py:188} INFO - [2024-01-30T16:57:36.437+0100] {dag.py:3033} INFO - Sync 2 DAGs
[2024-01-30T16:57:36.495+0100] {logging_mixin.py:188} INFO - [2024-01-30T16:57:36.494+0100] {dag.py:3820} INFO - Setting next_dagrun for example_xcom_args to None, run_after=None
[2024-01-30T16:57:36.501+0100] {logging_mixin.py:188} INFO - [2024-01-30T16:57:36.501+0100] {dag.py:3820} INFO - Setting next_dagrun for example_xcom_args_with_operators to None, run_after=None
[2024-01-30T16:57:36.636+0100] {processor.py:183} INFO - Processing /home/ubuntu/.local/lib/python3.10/site-packages/airflow/example_dags/example_xcomargs.py took 0.307 seconds
[2024-01-30T16:58:18.504+0100] {processor.py:161} INFO - Started process (PID=5829) to work on /home/ubuntu/.local/lib/python3.10/site-packages/airflow/example_dags/example_xcomargs.py
[2024-01-30T16:58:18.507+0100] {processor.py:830} INFO - Processing file /home/ubuntu/.local/lib/python3.10/site-packages/airflow/example_dags/example_xcomargs.py for tasks to queue
[2024-01-30T16:58:18.509+0100] {logging_mixin.py:188} INFO - [2024-01-30T16:58:18.508+0100] {dagbag.py:538} INFO - Filling up the DagBag from /home/ubuntu/.local/lib/python3.10/site-packages/airflow/example_dags/example_xcomargs.py
[2024-01-30T16:58:18.521+0100] {processor.py:840} INFO - DAG(s) 'example_xcom_args', 'example_xcom_args_with_operators' retrieved from /home/ubuntu/.local/lib/python3.10/site-packages/airflow/example_dags/example_xcomargs.py
[2024-01-30T16:58:18.548+0100] {logging_mixin.py:188} INFO - [2024-01-30T16:58:18.548+0100] {dag.py:3033} INFO - Sync 2 DAGs
[2024-01-30T16:58:18.562+0100] {logging_mixin.py:188} INFO - [2024-01-30T16:58:18.562+0100] {dag.py:3820} INFO - Setting next_dagrun for example_xcom_args to None, run_after=None
[2024-01-30T16:58:18.570+0100] {logging_mixin.py:188} INFO - [2024-01-30T16:58:18.570+0100] {dag.py:3820} INFO - Setting next_dagrun for example_xcom_args_with_operators to None, run_after=None
[2024-01-30T16:58:18.606+0100] {processor.py:183} INFO - Processing /home/ubuntu/.local/lib/python3.10/site-packages/airflow/example_dags/example_xcomargs.py took 0.106 seconds
[2024-01-30T16:58:52.263+0100] {processor.py:161} INFO - Started process (PID=5864) to work on /home/ubuntu/.local/lib/python3.10/site-packages/airflow/example_dags/example_xcomargs.py
[2024-01-30T16:58:52.267+0100] {processor.py:830} INFO - Processing file /home/ubuntu/.local/lib/python3.10/site-packages/airflow/example_dags/example_xcomargs.py for tasks to queue
[2024-01-30T16:58:52.269+0100] {logging_mixin.py:188} INFO - [2024-01-30T16:58:52.268+0100] {dagbag.py:538} INFO - Filling up the DagBag from /home/ubuntu/.local/lib/python3.10/site-packages/airflow/example_dags/example_xcomargs.py
[2024-01-30T16:58:52.283+0100] {processor.py:840} INFO - DAG(s) 'example_xcom_args_with_operators', 'example_xcom_args' retrieved from /home/ubuntu/.local/lib/python3.10/site-packages/airflow/example_dags/example_xcomargs.py
[2024-01-30T16:58:52.315+0100] {logging_mixin.py:188} INFO - [2024-01-30T16:58:52.314+0100] {dag.py:3033} INFO - Sync 2 DAGs
[2024-01-30T16:58:52.329+0100] {logging_mixin.py:188} INFO - [2024-01-30T16:58:52.329+0100] {dag.py:3820} INFO - Setting next_dagrun for example_xcom_args to None, run_after=None
[2024-01-30T16:58:52.334+0100] {logging_mixin.py:188} INFO - [2024-01-30T16:58:52.334+0100] {dag.py:3820} INFO - Setting next_dagrun for example_xcom_args_with_operators to None, run_after=None
[2024-01-30T16:58:52.371+0100] {processor.py:183} INFO - Processing /home/ubuntu/.local/lib/python3.10/site-packages/airflow/example_dags/example_xcomargs.py took 0.112 seconds
[2024-01-30T17:00:29.623+0100] {processor.py:161} INFO - Started process (PID=6057) to work on /home/ubuntu/.local/lib/python3.10/site-packages/airflow/example_dags/example_xcomargs.py
[2024-01-30T17:00:29.628+0100] {processor.py:830} INFO - Processing file /home/ubuntu/.local/lib/python3.10/site-packages/airflow/example_dags/example_xcomargs.py for tasks to queue
[2024-01-30T17:00:29.630+0100] {logging_mixin.py:188} INFO - [2024-01-30T17:00:29.629+0100] {dagbag.py:538} INFO - Filling up the DagBag from /home/ubuntu/.local/lib/python3.10/site-packages/airflow/example_dags/example_xcomargs.py
[2024-01-30T17:00:29.658+0100] {processor.py:840} INFO - DAG(s) 'example_xcom_args', 'example_xcom_args_with_operators' retrieved from /home/ubuntu/.local/lib/python3.10/site-packages/airflow/example_dags/example_xcomargs.py
[2024-01-30T17:00:29.720+0100] {logging_mixin.py:188} INFO - [2024-01-30T17:00:29.720+0100] {dag.py:3033} INFO - Sync 2 DAGs
[2024-01-30T17:00:29.751+0100] {logging_mixin.py:188} INFO - [2024-01-30T17:00:29.751+0100] {dag.py:3820} INFO - Setting next_dagrun for example_xcom_args to None, run_after=None
[2024-01-30T17:00:29.769+0100] {logging_mixin.py:188} INFO - [2024-01-30T17:00:29.768+0100] {dag.py:3820} INFO - Setting next_dagrun for example_xcom_args_with_operators to None, run_after=None
[2024-01-30T17:00:29.877+0100] {processor.py:183} INFO - Processing /home/ubuntu/.local/lib/python3.10/site-packages/airflow/example_dags/example_xcomargs.py took 0.260 seconds
[2024-01-30T17:01:35.215+0100] {processor.py:161} INFO - Started process (PID=6116) to work on /home/ubuntu/.local/lib/python3.10/site-packages/airflow/example_dags/example_xcomargs.py
[2024-01-30T17:01:35.219+0100] {processor.py:830} INFO - Processing file /home/ubuntu/.local/lib/python3.10/site-packages/airflow/example_dags/example_xcomargs.py for tasks to queue
[2024-01-30T17:01:35.221+0100] {logging_mixin.py:188} INFO - [2024-01-30T17:01:35.220+0100] {dagbag.py:538} INFO - Filling up the DagBag from /home/ubuntu/.local/lib/python3.10/site-packages/airflow/example_dags/example_xcomargs.py
[2024-01-30T17:01:35.265+0100] {processor.py:840} INFO - DAG(s) 'example_xcom_args', 'example_xcom_args_with_operators' retrieved from /home/ubuntu/.local/lib/python3.10/site-packages/airflow/example_dags/example_xcomargs.py
[2024-01-30T17:01:35.325+0100] {logging_mixin.py:188} INFO - [2024-01-30T17:01:35.325+0100] {dag.py:3033} INFO - Sync 2 DAGs
[2024-01-30T17:01:35.351+0100] {logging_mixin.py:188} INFO - [2024-01-30T17:01:35.350+0100] {dag.py:3820} INFO - Setting next_dagrun for example_xcom_args to None, run_after=None
[2024-01-30T17:01:35.355+0100] {logging_mixin.py:188} INFO - [2024-01-30T17:01:35.355+0100] {dag.py:3820} INFO - Setting next_dagrun for example_xcom_args_with_operators to None, run_after=None
[2024-01-30T17:01:35.452+0100] {processor.py:183} INFO - Processing /home/ubuntu/.local/lib/python3.10/site-packages/airflow/example_dags/example_xcomargs.py took 0.242 seconds
[2024-01-30T17:02:18.366+0100] {processor.py:161} INFO - Started process (PID=6156) to work on /home/ubuntu/.local/lib/python3.10/site-packages/airflow/example_dags/example_xcomargs.py
[2024-01-30T17:02:18.371+0100] {processor.py:830} INFO - Processing file /home/ubuntu/.local/lib/python3.10/site-packages/airflow/example_dags/example_xcomargs.py for tasks to queue
[2024-01-30T17:02:18.374+0100] {logging_mixin.py:188} INFO - [2024-01-30T17:02:18.372+0100] {dagbag.py:538} INFO - Filling up the DagBag from /home/ubuntu/.local/lib/python3.10/site-packages/airflow/example_dags/example_xcomargs.py
[2024-01-30T17:02:18.391+0100] {processor.py:840} INFO - DAG(s) 'example_xcom_args_with_operators', 'example_xcom_args' retrieved from /home/ubuntu/.local/lib/python3.10/site-packages/airflow/example_dags/example_xcomargs.py
[2024-01-30T17:02:18.444+0100] {logging_mixin.py:188} INFO - [2024-01-30T17:02:18.443+0100] {dag.py:3033} INFO - Sync 2 DAGs
[2024-01-30T17:02:18.466+0100] {logging_mixin.py:188} INFO - [2024-01-30T17:02:18.466+0100] {dag.py:3820} INFO - Setting next_dagrun for example_xcom_args to None, run_after=None
[2024-01-30T17:02:18.471+0100] {logging_mixin.py:188} INFO - [2024-01-30T17:02:18.471+0100] {dag.py:3820} INFO - Setting next_dagrun for example_xcom_args_with_operators to None, run_after=None
[2024-01-30T17:02:18.549+0100] {processor.py:183} INFO - Processing /home/ubuntu/.local/lib/python3.10/site-packages/airflow/example_dags/example_xcomargs.py took 0.190 seconds
[2024-01-30T17:02:54.844+0100] {processor.py:161} INFO - Started process (PID=6194) to work on /home/ubuntu/.local/lib/python3.10/site-packages/airflow/example_dags/example_xcomargs.py
[2024-01-30T17:02:54.847+0100] {processor.py:830} INFO - Processing file /home/ubuntu/.local/lib/python3.10/site-packages/airflow/example_dags/example_xcomargs.py for tasks to queue
[2024-01-30T17:02:54.848+0100] {logging_mixin.py:188} INFO - [2024-01-30T17:02:54.848+0100] {dagbag.py:538} INFO - Filling up the DagBag from /home/ubuntu/.local/lib/python3.10/site-packages/airflow/example_dags/example_xcomargs.py
[2024-01-30T17:02:54.900+0100] {processor.py:840} INFO - DAG(s) 'example_xcom_args_with_operators', 'example_xcom_args' retrieved from /home/ubuntu/.local/lib/python3.10/site-packages/airflow/example_dags/example_xcomargs.py
[2024-01-30T17:02:54.938+0100] {logging_mixin.py:188} INFO - [2024-01-30T17:02:54.938+0100] {dag.py:3033} INFO - Sync 2 DAGs
[2024-01-30T17:02:54.956+0100] {logging_mixin.py:188} INFO - [2024-01-30T17:02:54.956+0100] {dag.py:3820} INFO - Setting next_dagrun for example_xcom_args to None, run_after=None
[2024-01-30T17:02:54.960+0100] {logging_mixin.py:188} INFO - [2024-01-30T17:02:54.960+0100] {dag.py:3820} INFO - Setting next_dagrun for example_xcom_args_with_operators to None, run_after=None
[2024-01-30T17:02:55.034+0100] {processor.py:183} INFO - Processing /home/ubuntu/.local/lib/python3.10/site-packages/airflow/example_dags/example_xcomargs.py took 0.196 seconds
[2024-01-30T17:03:32.393+0100] {processor.py:161} INFO - Started process (PID=6228) to work on /home/ubuntu/.local/lib/python3.10/site-packages/airflow/example_dags/example_xcomargs.py
[2024-01-30T17:03:32.397+0100] {processor.py:830} INFO - Processing file /home/ubuntu/.local/lib/python3.10/site-packages/airflow/example_dags/example_xcomargs.py for tasks to queue
[2024-01-30T17:03:32.404+0100] {logging_mixin.py:188} INFO - [2024-01-30T17:03:32.398+0100] {dagbag.py:538} INFO - Filling up the DagBag from /home/ubuntu/.local/lib/python3.10/site-packages/airflow/example_dags/example_xcomargs.py
[2024-01-30T17:03:32.444+0100] {processor.py:840} INFO - DAG(s) 'example_xcom_args_with_operators', 'example_xcom_args' retrieved from /home/ubuntu/.local/lib/python3.10/site-packages/airflow/example_dags/example_xcomargs.py
[2024-01-30T17:03:32.503+0100] {logging_mixin.py:188} INFO - [2024-01-30T17:03:32.502+0100] {dag.py:3033} INFO - Sync 2 DAGs
[2024-01-30T17:03:32.524+0100] {logging_mixin.py:188} INFO - [2024-01-30T17:03:32.523+0100] {dag.py:3820} INFO - Setting next_dagrun for example_xcom_args to None, run_after=None
[2024-01-30T17:03:32.529+0100] {logging_mixin.py:188} INFO - [2024-01-30T17:03:32.528+0100] {dag.py:3820} INFO - Setting next_dagrun for example_xcom_args_with_operators to None, run_after=None
[2024-01-30T17:03:32.628+0100] {processor.py:183} INFO - Processing /home/ubuntu/.local/lib/python3.10/site-packages/airflow/example_dags/example_xcomargs.py took 0.242 seconds
[2024-01-30T17:04:10.177+0100] {processor.py:161} INFO - Started process (PID=6259) to work on /home/ubuntu/.local/lib/python3.10/site-packages/airflow/example_dags/example_xcomargs.py
[2024-01-30T17:04:10.180+0100] {processor.py:830} INFO - Processing file /home/ubuntu/.local/lib/python3.10/site-packages/airflow/example_dags/example_xcomargs.py for tasks to queue
[2024-01-30T17:04:10.182+0100] {logging_mixin.py:188} INFO - [2024-01-30T17:04:10.182+0100] {dagbag.py:538} INFO - Filling up the DagBag from /home/ubuntu/.local/lib/python3.10/site-packages/airflow/example_dags/example_xcomargs.py
[2024-01-30T17:04:10.202+0100] {processor.py:840} INFO - DAG(s) 'example_xcom_args', 'example_xcom_args_with_operators' retrieved from /home/ubuntu/.local/lib/python3.10/site-packages/airflow/example_dags/example_xcomargs.py
[2024-01-30T17:04:10.259+0100] {logging_mixin.py:188} INFO - [2024-01-30T17:04:10.258+0100] {dag.py:3033} INFO - Sync 2 DAGs
[2024-01-30T17:04:10.290+0100] {logging_mixin.py:188} INFO - [2024-01-30T17:04:10.290+0100] {dag.py:3820} INFO - Setting next_dagrun for example_xcom_args to None, run_after=None
[2024-01-30T17:04:10.299+0100] {logging_mixin.py:188} INFO - [2024-01-30T17:04:10.299+0100] {dag.py:3820} INFO - Setting next_dagrun for example_xcom_args_with_operators to None, run_after=None
[2024-01-30T17:04:10.363+0100] {processor.py:183} INFO - Processing /home/ubuntu/.local/lib/python3.10/site-packages/airflow/example_dags/example_xcomargs.py took 0.192 seconds
[2024-01-30T17:04:49.217+0100] {processor.py:161} INFO - Started process (PID=6294) to work on /home/ubuntu/.local/lib/python3.10/site-packages/airflow/example_dags/example_xcomargs.py
[2024-01-30T17:04:49.221+0100] {processor.py:830} INFO - Processing file /home/ubuntu/.local/lib/python3.10/site-packages/airflow/example_dags/example_xcomargs.py for tasks to queue
[2024-01-30T17:04:49.226+0100] {logging_mixin.py:188} INFO - [2024-01-30T17:04:49.222+0100] {dagbag.py:538} INFO - Filling up the DagBag from /home/ubuntu/.local/lib/python3.10/site-packages/airflow/example_dags/example_xcomargs.py
[2024-01-30T17:04:49.260+0100] {processor.py:840} INFO - DAG(s) 'example_xcom_args_with_operators', 'example_xcom_args' retrieved from /home/ubuntu/.local/lib/python3.10/site-packages/airflow/example_dags/example_xcomargs.py
[2024-01-30T17:04:49.350+0100] {logging_mixin.py:188} INFO - [2024-01-30T17:04:49.350+0100] {dag.py:3033} INFO - Sync 2 DAGs
[2024-01-30T17:04:49.379+0100] {logging_mixin.py:188} INFO - [2024-01-30T17:04:49.379+0100] {dag.py:3820} INFO - Setting next_dagrun for example_xcom_args to None, run_after=None
[2024-01-30T17:04:49.385+0100] {logging_mixin.py:188} INFO - [2024-01-30T17:04:49.385+0100] {dag.py:3820} INFO - Setting next_dagrun for example_xcom_args_with_operators to None, run_after=None
[2024-01-30T17:04:49.448+0100] {processor.py:183} INFO - Processing /home/ubuntu/.local/lib/python3.10/site-packages/airflow/example_dags/example_xcomargs.py took 0.236 seconds
[2024-01-30T17:05:28.219+0100] {processor.py:161} INFO - Started process (PID=6325) to work on /home/ubuntu/.local/lib/python3.10/site-packages/airflow/example_dags/example_xcomargs.py
[2024-01-30T17:05:28.222+0100] {processor.py:830} INFO - Processing file /home/ubuntu/.local/lib/python3.10/site-packages/airflow/example_dags/example_xcomargs.py for tasks to queue
[2024-01-30T17:05:28.227+0100] {logging_mixin.py:188} INFO - [2024-01-30T17:05:28.225+0100] {dagbag.py:538} INFO - Filling up the DagBag from /home/ubuntu/.local/lib/python3.10/site-packages/airflow/example_dags/example_xcomargs.py
[2024-01-30T17:05:28.265+0100] {processor.py:840} INFO - DAG(s) 'example_xcom_args_with_operators', 'example_xcom_args' retrieved from /home/ubuntu/.local/lib/python3.10/site-packages/airflow/example_dags/example_xcomargs.py
[2024-01-30T17:05:28.317+0100] {logging_mixin.py:188} INFO - [2024-01-30T17:05:28.317+0100] {dag.py:3033} INFO - Sync 2 DAGs
[2024-01-30T17:05:28.540+0100] {logging_mixin.py:188} INFO - [2024-01-30T17:05:28.540+0100] {dag.py:3820} INFO - Setting next_dagrun for example_xcom_args to None, run_after=None
[2024-01-30T17:05:28.551+0100] {logging_mixin.py:188} INFO - [2024-01-30T17:05:28.547+0100] {dag.py:3820} INFO - Setting next_dagrun for example_xcom_args_with_operators to None, run_after=None
[2024-01-30T17:05:28.595+0100] {processor.py:183} INFO - Processing /home/ubuntu/.local/lib/python3.10/site-packages/airflow/example_dags/example_xcomargs.py took 0.382 seconds
[2024-01-30T17:06:10.879+0100] {processor.py:161} INFO - Started process (PID=6364) to work on /home/ubuntu/.local/lib/python3.10/site-packages/airflow/example_dags/example_xcomargs.py
[2024-01-30T17:06:10.889+0100] {processor.py:830} INFO - Processing file /home/ubuntu/.local/lib/python3.10/site-packages/airflow/example_dags/example_xcomargs.py for tasks to queue
[2024-01-30T17:06:10.891+0100] {logging_mixin.py:188} INFO - [2024-01-30T17:06:10.890+0100] {dagbag.py:538} INFO - Filling up the DagBag from /home/ubuntu/.local/lib/python3.10/site-packages/airflow/example_dags/example_xcomargs.py
[2024-01-30T17:06:10.906+0100] {processor.py:840} INFO - DAG(s) 'example_xcom_args_with_operators', 'example_xcom_args' retrieved from /home/ubuntu/.local/lib/python3.10/site-packages/airflow/example_dags/example_xcomargs.py
[2024-01-30T17:06:10.959+0100] {logging_mixin.py:188} INFO - [2024-01-30T17:06:10.959+0100] {dag.py:3033} INFO - Sync 2 DAGs
[2024-01-30T17:06:11.000+0100] {logging_mixin.py:188} INFO - [2024-01-30T17:06:11.000+0100] {dag.py:3820} INFO - Setting next_dagrun for example_xcom_args to None, run_after=None
[2024-01-30T17:06:11.006+0100] {logging_mixin.py:188} INFO - [2024-01-30T17:06:11.006+0100] {dag.py:3820} INFO - Setting next_dagrun for example_xcom_args_with_operators to None, run_after=None
[2024-01-30T17:06:11.105+0100] {processor.py:183} INFO - Processing /home/ubuntu/.local/lib/python3.10/site-packages/airflow/example_dags/example_xcomargs.py took 0.248 seconds
[2024-01-30T17:06:47.276+0100] {processor.py:161} INFO - Started process (PID=6394) to work on /home/ubuntu/.local/lib/python3.10/site-packages/airflow/example_dags/example_xcomargs.py
[2024-01-30T17:06:47.281+0100] {processor.py:830} INFO - Processing file /home/ubuntu/.local/lib/python3.10/site-packages/airflow/example_dags/example_xcomargs.py for tasks to queue
[2024-01-30T17:06:47.284+0100] {logging_mixin.py:188} INFO - [2024-01-30T17:06:47.283+0100] {dagbag.py:538} INFO - Filling up the DagBag from /home/ubuntu/.local/lib/python3.10/site-packages/airflow/example_dags/example_xcomargs.py
[2024-01-30T17:06:47.301+0100] {processor.py:840} INFO - DAG(s) 'example_xcom_args_with_operators', 'example_xcom_args' retrieved from /home/ubuntu/.local/lib/python3.10/site-packages/airflow/example_dags/example_xcomargs.py
[2024-01-30T17:06:47.333+0100] {logging_mixin.py:188} INFO - [2024-01-30T17:06:47.333+0100] {dag.py:3033} INFO - Sync 2 DAGs
[2024-01-30T17:06:47.384+0100] {logging_mixin.py:188} INFO - [2024-01-30T17:06:47.383+0100] {dag.py:3820} INFO - Setting next_dagrun for example_xcom_args to None, run_after=None
[2024-01-30T17:06:47.390+0100] {logging_mixin.py:188} INFO - [2024-01-30T17:06:47.389+0100] {dag.py:3820} INFO - Setting next_dagrun for example_xcom_args_with_operators to None, run_after=None
[2024-01-30T17:06:47.508+0100] {processor.py:183} INFO - Processing /home/ubuntu/.local/lib/python3.10/site-packages/airflow/example_dags/example_xcomargs.py took 0.238 seconds
[2024-01-30T17:07:27.949+0100] {processor.py:161} INFO - Started process (PID=6430) to work on /home/ubuntu/.local/lib/python3.10/site-packages/airflow/example_dags/example_xcomargs.py
[2024-01-30T17:07:27.985+0100] {processor.py:830} INFO - Processing file /home/ubuntu/.local/lib/python3.10/site-packages/airflow/example_dags/example_xcomargs.py for tasks to queue
[2024-01-30T17:07:27.992+0100] {logging_mixin.py:188} INFO - [2024-01-30T17:07:27.991+0100] {dagbag.py:538} INFO - Filling up the DagBag from /home/ubuntu/.local/lib/python3.10/site-packages/airflow/example_dags/example_xcomargs.py
[2024-01-30T17:07:28.014+0100] {processor.py:840} INFO - DAG(s) 'example_xcom_args', 'example_xcom_args_with_operators' retrieved from /home/ubuntu/.local/lib/python3.10/site-packages/airflow/example_dags/example_xcomargs.py
[2024-01-30T17:07:28.057+0100] {logging_mixin.py:188} INFO - [2024-01-30T17:07:28.056+0100] {dag.py:3033} INFO - Sync 2 DAGs
[2024-01-30T17:07:28.082+0100] {logging_mixin.py:188} INFO - [2024-01-30T17:07:28.082+0100] {dag.py:3820} INFO - Setting next_dagrun for example_xcom_args to None, run_after=None
[2024-01-30T17:07:28.087+0100] {logging_mixin.py:188} INFO - [2024-01-30T17:07:28.087+0100] {dag.py:3820} INFO - Setting next_dagrun for example_xcom_args_with_operators to None, run_after=None
[2024-01-30T17:07:28.389+0100] {processor.py:183} INFO - Processing /home/ubuntu/.local/lib/python3.10/site-packages/airflow/example_dags/example_xcomargs.py took 0.457 seconds
                                                                                                                                                                                                                                                                                                                                                                                                                                                                                                                                                                                                                                                                                                      