[2024-01-30T13:50:55.803+0100] {processor.py:161} INFO - Started process (PID=6165) to work on /home/ubuntu/.local/lib/python3.10/site-packages/airflow/example_dags/example_short_circuit_operator.py
[2024-01-30T13:50:55.805+0100] {processor.py:830} INFO - Processing file /home/ubuntu/.local/lib/python3.10/site-packages/airflow/example_dags/example_short_circuit_operator.py for tasks to queue
[2024-01-30T13:50:55.811+0100] {logging_mixin.py:188} INFO - [2024-01-30T13:50:55.808+0100] {dagbag.py:538} INFO - Filling up the DagBag from /home/ubuntu/.local/lib/python3.10/site-packages/airflow/example_dags/example_short_circuit_operator.py
[2024-01-30T13:50:55.871+0100] {processor.py:840} INFO - DAG(s) 'example_short_circuit_operator' retrieved from /home/ubuntu/.local/lib/python3.10/site-packages/airflow/example_dags/example_short_circuit_operator.py
[2024-01-30T13:50:56.760+0100] {logging_mixin.py:188} INFO - [2024-01-30T13:50:56.759+0100] {dag.py:3033} INFO - Sync 1 DAGs
[2024-01-30T13:50:57.008+0100] {logging_mixin.py:188} INFO - [2024-01-30T13:50:57.007+0100] {dag.py:3820} INFO - Setting next_dagrun for example_short_circuit_operator to 2024-01-29T00:00:00+00:00, run_after=2024-01-30T00:00:00+00:00
[2024-01-30T13:50:57.145+0100] {processor.py:183} INFO - Processing /home/ubuntu/.local/lib/python3.10/site-packages/airflow/example_dags/example_short_circuit_operator.py took 1.349 seconds
[2024-01-30T13:52:17.543+0100] {processor.py:161} INFO - Started process (PID=6229) to work on /home/ubuntu/.local/lib/python3.10/site-packages/airflow/example_dags/example_short_circuit_operator.py
[2024-01-30T13:52:17.547+0100] {processor.py:830} INFO - Processing file /home/ubuntu/.local/lib/python3.10/site-packages/airflow/example_dags/example_short_circuit_operator.py for tasks to queue
[2024-01-30T13:52:17.549+0100] {logging_mixin.py:188} INFO - [2024-01-30T13:52:17.548+0100] {dagbag.py:538} INFO - Filling up the DagBag from /home/ubuntu/.local/lib/python3.10/site-packages/airflow/example_dags/example_short_circuit_operator.py
[2024-01-30T13:52:17.591+0100] {processor.py:840} INFO - DAG(s) 'example_short_circuit_operator' retrieved from /home/ubuntu/.local/lib/python3.10/site-packages/airflow/example_dags/example_short_circuit_operator.py
[2024-01-30T13:52:17.665+0100] {logging_mixin.py:188} INFO - [2024-01-30T13:52:17.664+0100] {dag.py:3033} INFO - Sync 1 DAGs
[2024-01-30T13:52:17.715+0100] {logging_mixin.py:188} INFO - [2024-01-30T13:52:17.714+0100] {dag.py:3820} INFO - Setting next_dagrun for example_short_circuit_operator to 2024-01-29T00:00:00+00:00, run_after=2024-01-30T00:00:00+00:00
[2024-01-30T13:52:17.835+0100] {processor.py:183} INFO - Processing /home/ubuntu/.local/lib/python3.10/site-packages/airflow/example_dags/example_short_circuit_operator.py took 0.304 seconds
[2024-01-30T15:53:24.263+0100] {processor.py:161} INFO - Started process (PID=6370) to work on /home/ubuntu/.local/lib/python3.10/site-packages/airflow/example_dags/example_short_circuit_operator.py
[2024-01-30T15:53:24.265+0100] {processor.py:830} INFO - Processing file /home/ubuntu/.local/lib/python3.10/site-packages/airflow/example_dags/example_short_circuit_operator.py for tasks to queue
[2024-01-30T15:53:24.267+0100] {logging_mixin.py:188} INFO - [2024-01-30T15:53:24.266+0100] {dagbag.py:538} INFO - Filling up the DagBag from /home/ubuntu/.local/lib/python3.10/site-packages/airflow/example_dags/example_short_circuit_operator.py
[2024-01-30T15:53:24.283+0100] {processor.py:840} INFO - DAG(s) 'example_short_circuit_operator' retrieved from /home/ubuntu/.local/lib/python3.10/site-packages/airflow/example_dags/example_short_circuit_operator.py
[2024-01-30T15:53:24.307+0100] {logging_mixin.py:188} INFO - [2024-01-30T15:53:24.307+0100] {dag.py:3033} INFO - Sync 1 DAGs
[2024-01-30T15:53:24.335+0100] {logging_mixin.py:188} INFO - [2024-01-30T15:53:24.334+0100] {dag.py:3820} INFO - Setting next_dagrun for example_short_circuit_operator to 2024-01-29T00:00:00+00:00, run_after=2024-01-30T00:00:00+00:00
[2024-01-30T15:53:24.373+0100] {processor.py:183} INFO - Processing /home/ubuntu/.local/lib/python3.10/site-packages/airflow/example_dags/example_short_circuit_operator.py took 0.122 seconds
[2024-01-30T15:54:24.460+0100] {processor.py:161} INFO - Started process (PID=6440) to work on /home/ubuntu/.local/lib/python3.10/site-packages/airflow/example_dags/example_short_circuit_operator.py
[2024-01-30T15:54:24.462+0100] {processor.py:830} INFO - Processing file /home/ubuntu/.local/lib/python3.10/site-packages/airflow/example_dags/example_short_circuit_operator.py for tasks to queue
[2024-01-30T15:54:24.464+0100] {logging_mixin.py:188} INFO - [2024-01-30T15:54:24.463+0100] {dagbag.py:538} INFO - Filling up the DagBag from /home/ubuntu/.local/lib/python3.10/site-packages/airflow/example_dags/example_short_circuit_operator.py
[2024-01-30T15:54:24.484+0100] {processor.py:840} INFO - DAG(s) 'example_short_circuit_operator' retrieved from /home/ubuntu/.local/lib/python3.10/site-packages/airflow/example_dags/example_short_circuit_operator.py
[2024-01-30T15:54:24.598+0100] {logging_mixin.py:188} INFO - [2024-01-30T15:54:24.597+0100] {dag.py:3033} INFO - Sync 1 DAGs
[2024-01-30T15:54:24.674+0100] {logging_mixin.py:188} INFO - [2024-01-30T15:54:24.674+0100] {dag.py:3820} INFO - Setting next_dagrun for example_short_circuit_operator to 2024-01-29T00:00:00+00:00, run_after=2024-01-30T00:00:00+00:00
[2024-01-30T15:54:24.796+0100] {processor.py:183} INFO - Processing /home/ubuntu/.local/lib/python3.10/site-packages/airflow/example_dags/example_short_circuit_operator.py took 0.342 seconds
[2024-01-30T15:55:16.927+0100] {processor.py:161} INFO - Started process (PID=6497) to work on /home/ubuntu/.local/lib/python3.10/site-packages/airflow/example_dags/example_short_circuit_operator.py
[2024-01-30T15:55:16.929+0100] {processor.py:830} INFO - Processing file /home/ubuntu/.local/lib/python3.10/site-packages/airflow/example_dags/example_short_circuit_operator.py for tasks to queue
[2024-01-30T15:55:16.931+0100] {logging_mixin.py:188} INFO - [2024-01-30T15:55:16.930+0100] {dagbag.py:538} INFO - Filling up the DagBag from /home/ubuntu/.local/lib/python3.10/site-packages/airflow/example_dags/example_short_circuit_operator.py
[2024-01-30T15:55:16.947+0100] {processor.py:840} INFO - DAG(s) 'example_short_circuit_operator' retrieved from /home/ubuntu/.local/lib/python3.10/site-packages/airflow/example_dags/example_short_circuit_operator.py
[2024-01-30T15:55:16.995+0100] {logging_mixin.py:188} INFO - [2024-01-30T15:55:16.994+0100] {dag.py:3033} INFO - Sync 1 DAGs
[2024-01-30T15:55:17.039+0100] {logging_mixin.py:188} INFO - [2024-01-30T15:55:17.039+0100] {dag.py:3820} INFO - Setting next_dagrun for example_short_circuit_operator to 2024-01-29T00:00:00+00:00, run_after=2024-01-30T00:00:00+00:00
[2024-01-30T15:55:17.097+0100] {processor.py:183} INFO - Processing /home/ubuntu/.local/lib/python3.10/site-packages/airflow/example_dags/example_short_circuit_operator.py took 0.177 seconds
[2024-01-30T15:56:19.163+0100] {processor.py:161} INFO - Started process (PID=6554) to work on /home/ubuntu/.local/lib/python3.10/site-packages/airflow/example_dags/example_short_circuit_operator.py
[2024-01-30T15:56:19.165+0100] {processor.py:830} INFO - Processing file /home/ubuntu/.local/lib/python3.10/site-packages/airflow/example_dags/example_short_circuit_operator.py for tasks to queue
[2024-01-30T15:56:19.166+0100] {logging_mixin.py:188} INFO - [2024-01-30T15:56:19.166+0100] {dagbag.py:538} INFO - Filling up the DagBag from /home/ubuntu/.local/lib/python3.10/site-packages/airflow/example_dags/example_short_circuit_operator.py
[2024-01-30T15:56:19.179+0100] {processor.py:840} INFO - DAG(s) 'example_short_circuit_operator' retrieved from /home/ubuntu/.local/lib/python3.10/site-packages/airflow/example_dags/example_short_circuit_operator.py
[2024-01-30T15:56:19.203+0100] {logging_mixin.py:188} INFO - [2024-01-30T15:56:19.203+0100] {dag.py:3033} INFO - Sync 1 DAGs
[2024-01-30T15:56:19.229+0100] {logging_mixin.py:188} INFO - [2024-01-30T15:56:19.229+0100] {dag.py:3820} INFO - Setting next_dagrun for example_short_circuit_operator to 2024-01-29T00:00:00+00:00, run_after=2024-01-30T00:00:00+00:00
[2024-01-30T15:56:19.271+0100] {processor.py:183} INFO - Processing /home/ubuntu/.local/lib/python3.10/site-packages/airflow/example_dags/example_short_circuit_operator.py took 0.113 seconds
[2024-01-30T15:59:13.492+0100] {processor.py:161} INFO - Started process (PID=7795) to work on /home/ubuntu/.local/lib/python3.10/site-packages/airflow/example_dags/example_short_circuit_operator.py
[2024-01-30T15:59:13.502+0100] {processor.py:830} INFO - Processing file /home/ubuntu/.local/lib/python3.10/site-packages/airflow/example_dags/example_short_circuit_operator.py for tasks to queue
[2024-01-30T15:59:13.503+0100] {logging_mixin.py:188} INFO - [2024-01-30T15:59:13.503+0100] {dagbag.py:538} INFO - Filling up the DagBag from /home/ubuntu/.local/lib/python3.10/site-packages/airflow/example_dags/example_short_circuit_operator.py
[2024-01-30T15:59:13.516+0100] {processor.py:840} INFO - DAG(s) 'example_short_circuit_operator' retrieved from /home/ubuntu/.local/lib/python3.10/site-packages/airflow/example_dags/example_short_circuit_operator.py
[2024-01-30T15:59:13.593+0100] {logging_mixin.py:188} INFO - [2024-01-30T15:59:13.593+0100] {dag.py:3033} INFO - Sync 1 DAGs
[2024-01-30T15:59:13.646+0100] {logging_mixin.py:188} INFO - [2024-01-30T15:59:13.645+0100] {dag.py:3820} INFO - Setting next_dagrun for example_short_circuit_operator to 2024-01-29T00:00:00+00:00, run_after=2024-01-30T00:00:00+00:00
[2024-01-30T15:59:13.734+0100] {processor.py:183} INFO - Processing /home/ubuntu/.local/lib/python3.10/site-packages/airflow/example_dags/example_short_circuit_operator.py took 0.249 seconds
[2024-01-30T16:01:03.019+0100] {processor.py:161} INFO - Started process (PID=8347) to work on /home/ubuntu/.local/lib/python3.10/site-packages/airflow/example_dags/example_short_circuit_operator.py
[2024-01-30T16:01:03.024+0100] {processor.py:830} INFO - Processing file /home/ubuntu/.local/lib/python3.10/site-packages/airflow/example_dags/example_short_circuit_operator.py for tasks to queue
[2024-01-30T16:01:03.044+0100] {logging_mixin.py:188} INFO - [2024-01-30T16:01:03.026+0100] {dagbag.py:538} INFO - Filling up the DagBag from /home/ubuntu/.local/lib/python3.10/site-packages/airflow/example_dags/example_short_circuit_operator.py
[2024-01-30T16:01:03.073+0100] {processor.py:840} INFO - DAG(s) 'example_short_circuit_operator' retrieved from /home/ubuntu/.local/lib/python3.10/site-packages/airflow/example_dags/example_short_circuit_operator.py
[2024-01-30T16:01:03.136+0100] {logging_mixin.py:188} INFO - [2024-01-30T16:01:03.136+0100] {dag.py:3033} INFO - Sync 1 DAGs
[2024-01-30T16:01:03.223+0100] {logging_mixin.py:188} INFO - [2024-01-30T16:01:03.223+0100] {dag.py:3820} INFO - Setting next_dagrun for example_short_circuit_operator to 2024-01-29T00:00:00+00:00, run_after=2024-01-30T00:00:00+00:00
[2024-01-30T16:01:03.310+0100] {processor.py:183} INFO - Processing /home/ubuntu/.local/lib/python3.10/site-packages/airflow/example_dags/example_short_circuit_operator.py took 0.303 seconds
[2024-01-30T16:02:09.042+0100] {processor.py:161} INFO - Started process (PID=8411) to work on /home/ubuntu/.local/lib/python3.10/site-packages/airflow/example_dags/example_short_circuit_operator.py
[2024-01-30T16:02:09.045+0100] {processor.py:830} INFO - Processing file /home/ubuntu/.local/lib/python3.10/site-packages/airflow/example_dags/example_short_circuit_operator.py for tasks to queue
[2024-01-30T16:02:09.051+0100] {logging_mixin.py:188} INFO - [2024-01-30T16:02:09.047+0100] {dagbag.py:538} INFO - Filling up the DagBag from /home/ubuntu/.local/lib/python3.10/site-packages/airflow/example_dags/example_short_circuit_operator.py
[2024-01-30T16:02:09.123+0100] {processor.py:840} INFO - DAG(s) 'example_short_circuit_operator' retrieved from /home/ubuntu/.local/lib/python3.10/site-packages/airflow/example_dags/example_short_circuit_operator.py
[2024-01-30T16:02:09.163+0100] {logging_mixin.py:188} INFO - [2024-01-30T16:02:09.163+0100] {dag.py:3033} INFO - Sync 1 DAGs
[2024-01-30T16:02:09.198+0100] {logging_mixin.py:188} INFO - [2024-01-30T16:02:09.198+0100] {dag.py:3820} INFO - Setting next_dagrun for example_short_circuit_operator to 2024-01-29T00:00:00+00:00, run_after=2024-01-30T00:00:00+00:00
[2024-01-30T16:02:09.233+0100] {processor.py:183} INFO - Processing /home/ubuntu/.local/lib/python3.10/site-packages/airflow/example_dags/example_short_circuit_operator.py took 0.197 seconds
[2024-01-30T16:07:39.792+0100] {processor.py:161} INFO - Started process (PID=9358) to work on /home/ubuntu/.local/lib/python3.10/site-packages/airflow/example_dags/example_short_circuit_operator.py
[2024-01-30T16:07:39.806+0100] {processor.py:830} INFO - Processing file /home/ubuntu/.local/lib/python3.10/site-packages/airflow/example_dags/example_short_circuit_operator.py for tasks to queue
[2024-01-30T16:07:39.811+0100] {logging_mixin.py:188} INFO - [2024-01-30T16:07:39.810+0100] {dagbag.py:538} INFO - Filling up the DagBag from /home/ubuntu/.local/lib/python3.10/site-packages/airflow/example_dags/example_short_circuit_operator.py
[2024-01-30T16:07:39.857+0100] {processor.py:840} INFO - DAG(s) 'example_short_circuit_operator' retrieved from /home/ubuntu/.local/lib/python3.10/site-packages/airflow/example_dags/example_short_circuit_operator.py
[2024-01-30T16:07:39.958+0100] {logging_mixin.py:188} INFO - [2024-01-30T16:07:39.958+0100] {dag.py:3033} INFO - Sync 1 DAGs
[2024-01-30T16:07:40.053+0100] {logging_mixin.py:188} INFO - [2024-01-30T16:07:40.052+0100] {dag.py:3820} INFO - Setting next_dagrun for example_short_circuit_operator to 2024-01-29T00:00:00+00:00, run_after=2024-01-30T00:00:00+00:00
[2024-01-30T16:07:40.145+0100] {processor.py:183} INFO - Processing /home/ubuntu/.local/lib/python3.10/site-packages/airflow/example_dags/example_short_circuit_operator.py took 0.361 seconds
[2024-01-30T16:18:11.621+0100] {processor.py:161} INFO - Started process (PID=5650) to work on /home/ubuntu/.local/lib/python3.10/site-packages/airflow/example_dags/example_short_circuit_operator.py
[2024-01-30T16:18:11.624+0100] {processor.py:830} INFO - Processing file /home/ubuntu/.local/lib/python3.10/site-packages/airflow/example_dags/example_short_circuit_operator.py for tasks to queue
[2024-01-30T16:18:11.625+0100] {logging_mixin.py:188} INFO - [2024-01-30T16:18:11.624+0100] {dagbag.py:538} INFO - Filling up the DagBag from /home/ubuntu/.local/lib/python3.10/site-packages/airflow/example_dags/example_short_circuit_operator.py
[2024-01-30T16:18:11.638+0100] {processor.py:840} INFO - DAG(s) 'example_short_circuit_operator' retrieved from /home/ubuntu/.local/lib/python3.10/site-packages/airflow/example_dags/example_short_circuit_operator.py
[2024-01-30T16:18:12.509+0100] {logging_mixin.py:188} INFO - [2024-01-30T16:18:12.509+0100] {dag.py:3033} INFO - Sync 1 DAGs
[2024-01-30T16:18:12.584+0100] {logging_mixin.py:188} INFO - [2024-01-30T16:18:12.583+0100] {dag.py:3820} INFO - Setting next_dagrun for example_short_circuit_operator to 2024-01-29T00:00:00+00:00, run_after=2024-01-30T00:00:00+00:00
[2024-01-30T16:18:12.720+0100] {processor.py:183} INFO - Processing /home/ubuntu/.local/lib/python3.10/site-packages/airflow/example_dags/example_short_circuit_operator.py took 1.106 seconds
[2024-01-30T16:19:41.931+0100] {processor.py:161} INFO - Started process (PID=5937) to work on /home/ubuntu/.local/lib/python3.10/site-packages/airflow/example_dags/example_short_circuit_operator.py
[2024-01-30T16:19:41.940+0100] {processor.py:830} INFO - Processing file /home/ubuntu/.local/lib/python3.10/site-packages/airflow/example_dags/example_short_circuit_operator.py for tasks to queue
[2024-01-30T16:19:41.942+0100] {logging_mixin.py:188} INFO - [2024-01-30T16:19:41.941+0100] {dagbag.py:538} INFO - Filling up the DagBag from /home/ubuntu/.local/lib/python3.10/site-packages/airflow/example_dags/example_short_circuit_operator.py
[2024-01-30T16:19:42.019+0100] {processor.py:840} INFO - DAG(s) 'example_short_circuit_operator' retrieved from /home/ubuntu/.local/lib/python3.10/site-packages/airflow/example_dags/example_short_circuit_operator.py
[2024-01-30T16:19:42.473+0100] {logging_mixin.py:188} INFO - [2024-01-30T16:19:42.473+0100] {dag.py:3033} INFO - Sync 1 DAGs
[2024-01-30T16:19:42.559+0100] {logging_mixin.py:188} INFO - [2024-01-30T16:19:42.559+0100] {dag.py:3820} INFO - Setting next_dagrun for example_short_circuit_operator to 2024-01-29T00:00:00+00:00, run_after=2024-01-30T00:00:00+00:00
[2024-01-30T16:19:42.614+0100] {processor.py:183} INFO - Processing /home/ubuntu/.local/lib/python3.10/site-packages/airflow/example_dags/example_short_circuit_operator.py took 0.690 seconds
[2024-01-30T16:21:38.262+0100] {processor.py:161} INFO - Started process (PID=6217) to work on /home/ubuntu/.local/lib/python3.10/site-packages/airflow/example_dags/example_short_circuit_operator.py
[2024-01-30T16:21:38.282+0100] {processor.py:830} INFO - Processing file /home/ubuntu/.local/lib/python3.10/site-packages/airflow/example_dags/example_short_circuit_operator.py for tasks to queue
[2024-01-30T16:21:38.284+0100] {logging_mixin.py:188} INFO - [2024-01-30T16:21:38.283+0100] {dagbag.py:538} INFO - Filling up the DagBag from /home/ubuntu/.local/lib/python3.10/site-packages/airflow/example_dags/example_short_circuit_operator.py
[2024-01-30T16:21:38.308+0100] {processor.py:840} INFO - DAG(s) 'example_short_circuit_operator' retrieved from /home/ubuntu/.local/lib/python3.10/site-packages/airflow/example_dags/example_short_circuit_operator.py
[2024-01-30T16:21:38.426+0100] {logging_mixin.py:188} INFO - [2024-01-30T16:21:38.426+0100] {dag.py:3033} INFO - Sync 1 DAGs
[2024-01-30T16:21:38.467+0100] {logging_mixin.py:188} INFO - [2024-01-30T16:21:38.466+0100] {dag.py:3820} INFO - Setting next_dagrun for example_short_circuit_operator to 2024-01-29T00:00:00+00:00, run_after=2024-01-30T00:00:00+00:00
[2024-01-30T16:21:38.528+0100] {processor.py:183} INFO - Processing /home/ubuntu/.local/lib/python3.10/site-packages/airflow/example_dags/example_short_circuit_operator.py took 0.274 seconds
[2024-01-30T16:25:07.973+0100] {processor.py:161} INFO - Started process (PID=7372) to work on /home/ubuntu/.local/lib/python3.10/site-packages/airflow/example_dags/example_short_circuit_operator.py
[2024-01-30T16:25:07.987+0100] {processor.py:830} INFO - Processing file /home/ubuntu/.local/lib/python3.10/site-packages/airflow/example_dags/example_short_circuit_operator.py for tasks to queue
[2024-01-30T16:25:07.992+0100] {logging_mixin.py:188} INFO - [2024-01-30T16:25:07.991+0100] {dagbag.py:538} INFO - Filling up the DagBag from /home/ubuntu/.local/lib/python3.10/site-packages/airflow/example_dags/example_short_circuit_operator.py
[2024-01-30T16:25:08.056+0100] {processor.py:840} INFO - DAG(s) 'example_short_circuit_operator' retrieved from /home/ubuntu/.local/lib/python3.10/site-packages/airflow/example_dags/example_short_circuit_operator.py
[2024-01-30T16:25:08.209+0100] {logging_mixin.py:188} INFO - [2024-01-30T16:25:08.209+0100] {dag.py:3033} INFO - Sync 1 DAGs
[2024-01-30T16:25:08.341+0100] {logging_mixin.py:188} INFO - [2024-01-30T16:25:08.340+0100] {dag.py:3820} INFO - Setting next_dagrun for example_short_circuit_operator to 2024-01-29T00:00:00+00:00, run_after=2024-01-30T00:00:00+00:00
[2024-01-30T16:25:09.070+0100] {processor.py:183} INFO - Processing /home/ubuntu/.local/lib/python3.10/site-packages/airflow/example_dags/example_short_circuit_operator.py took 1.119 seconds
[2024-01-30T16:30:29.344+0100] {processor.py:161} INFO - Started process (PID=8385) to work on /home/ubuntu/.local/lib/python3.10/site-packages/airflow/example_dags/example_short_circuit_operator.py
[2024-01-30T16:30:29.427+0100] {processor.py:830} INFO - Processing file /home/ubuntu/.local/lib/python3.10/site-packages/airflow/example_dags/example_short_circuit_operator.py for tasks to queue
[2024-01-30T16:30:29.452+0100] {logging_mixin.py:188} INFO - [2024-01-30T16:30:29.428+0100] {dagbag.py:538} INFO - Filling up the DagBag from /home/ubuntu/.local/lib/python3.10/site-packages/airflow/example_dags/example_short_circuit_operator.py
[2024-01-30T16:30:29.557+0100] {processor.py:840} INFO - DAG(s) 'example_short_circuit_operator' retrieved from /home/ubuntu/.local/lib/python3.10/site-packages/airflow/example_dags/example_short_circuit_operator.py
[2024-01-30T16:30:29.849+0100] {logging_mixin.py:188} INFO - [2024-01-30T16:30:29.848+0100] {dag.py:3033} INFO - Sync 1 DAGs
[2024-01-30T16:30:30.071+0100] {logging_mixin.py:188} INFO - [2024-01-30T16:30:30.070+0100] {dag.py:3820} INFO - Setting next_dagrun for example_short_circuit_operator to 2024-01-29T00:00:00+00:00, run_after=2024-01-30T00:00:00+00:00
[2024-01-30T16:30:30.245+0100] {processor.py:183} INFO - Processing /home/ubuntu/.local/lib/python3.10/site-packages/airflow/example_dags/example_short_circuit_operator.py took 0.995 seconds
[2024-01-30T16:32:27.694+0100] {processor.py:161} INFO - Started process (PID=8878) to work on /home/ubuntu/.local/lib/python3.10/site-packages/airflow/example_dags/example_short_circuit_operator.py
[2024-01-30T16:32:27.703+0100] {processor.py:830} INFO - Processing file /home/ubuntu/.local/lib/python3.10/site-packages/airflow/example_dags/example_short_circuit_operator.py for tasks to queue
[2024-01-30T16:32:27.706+0100] {logging_mixin.py:188} INFO - [2024-01-30T16:32:27.705+0100] {dagbag.py:538} INFO - Filling up the DagBag from /home/ubuntu/.local/lib/python3.10/site-packages/airflow/example_dags/example_short_circuit_operator.py
[2024-01-30T16:32:27.727+0100] {processor.py:840} INFO - DAG(s) 'example_short_circuit_operator' retrieved from /home/ubuntu/.local/lib/python3.10/site-packages/airflow/example_dags/example_short_circuit_operator.py
[2024-01-30T16:32:27.800+0100] {logging_mixin.py:188} INFO - [2024-01-30T16:32:27.800+0100] {dag.py:3033} INFO - Sync 1 DAGs
[2024-01-30T16:32:27.839+0100] {logging_mixin.py:188} INFO - [2024-01-30T16:32:27.839+0100] {dag.py:3820} INFO - Setting next_dagrun for example_short_circuit_operator to 2024-01-29T00:00:00+00:00, run_after=2024-01-30T00:00:00+00:00
[2024-01-30T16:32:28.045+0100] {processor.py:183} INFO - Processing /home/ubuntu/.local/lib/python3.10/site-packages/airflow/example_dags/example_short_circuit_operator.py took 0.362 seconds
[2024-01-30T16:49:41.526+0100] {processor.py:161} INFO - Started process (PID=5269) to work on /home/ubuntu/.local/lib/python3.10/site-packages/airflow/example_dags/example_short_circuit_operator.py
[2024-01-30T16:49:41.548+0100] {processor.py:830} INFO - Processing file /home/ubuntu/.local/lib/python3.10/site-packages/airflow/example_dags/example_short_circuit_operator.py for tasks to queue
[2024-01-30T16:49:41.550+0100] {logging_mixin.py:188} INFO - [2024-01-30T16:49:41.549+0100] {dagbag.py:538} INFO - Filling up the DagBag from /home/ubuntu/.local/lib/python3.10/site-packages/airflow/example_dags/example_short_circuit_operator.py
[2024-01-30T16:49:41.565+0100] {processor.py:840} INFO - DAG(s) 'example_short_circuit_operator' retrieved from /home/ubuntu/.local/lib/python3.10/site-packages/airflow/example_dags/example_short_circuit_operator.py
[2024-01-30T16:49:41.833+0100] {logging_mixin.py:188} INFO - [2024-01-30T16:49:41.833+0100] {dag.py:3033} INFO - Sync 1 DAGs
[2024-01-30T16:49:41.879+0100] {logging_mixin.py:188} INFO - [2024-01-30T16:49:41.878+0100] {dag.py:3820} INFO - Setting next_dagrun for example_short_circuit_operator to 2024-01-29T00:00:00+00:00, run_after=2024-01-30T00:00:00+00:00
[2024-01-30T16:49:41.955+0100] {processor.py:183} INFO - Processing /home/ubuntu/.local/lib/python3.10/site-packages/airflow/example_dags/example_short_circuit_operator.py took 0.461 seconds
[2024-01-30T16:51:01.490+0100] {processor.py:161} INFO - Started process (PID=5336) to work on /home/ubuntu/.local/lib/python3.10/site-packages/airflow/example_dags/example_short_circuit_operator.py
[2024-01-30T16:51:01.493+0100] {processor.py:830} INFO - Processing file /home/ubuntu/.local/lib/python3.10/site-packages/airflow/example_dags/example_short_circuit_operator.py for tasks to queue
[2024-01-30T16:51:01.494+0100] {logging_mixin.py:188} INFO - [2024-01-30T16:51:01.494+0100] {dagbag.py:538} INFO - Filling up the DagBag from /home/ubuntu/.local/lib/python3.10/site-packages/airflow/example_dags/example_short_circuit_operator.py
[2024-01-30T16:51:01.505+0100] {processor.py:840} INFO - DAG(s) 'example_short_circuit_operator' retrieved from /home/ubuntu/.local/lib/python3.10/site-packages/airflow/example_dags/example_short_circuit_operator.py
[2024-01-30T16:51:01.545+0100] {logging_mixin.py:188} INFO - [2024-01-30T16:51:01.545+0100] {dag.py:3033} INFO - Sync 1 DAGs
[2024-01-30T16:51:01.576+0100] {logging_mixin.py:188} INFO - [2024-01-30T16:51:01.576+0100] {dag.py:3820} INFO - Setting next_dagrun for example_short_circuit_operator to 2024-01-29T00:00:00+00:00, run_after=2024-01-30T00:00:00+00:00
[2024-01-30T16:51:01.613+0100] {processor.py:183} INFO - Processing /home/ubuntu/.local/lib/python3.10/site-packages/airflow/example_dags/example_short_circuit_operator.py took 0.127 seconds
[2024-01-30T16:52:19.433+0100] {processor.py:161} INFO - Started process (PID=5403) to work on /home/ubuntu/.local/lib/python3.10/site-packages/airflow/example_dags/example_short_circuit_operator.py
[2024-01-30T16:52:19.456+0100] {processor.py:830} INFO - Processing file /home/ubuntu/.local/lib/python3.10/site-packages/airflow/example_dags/example_short_circuit_operator.py for tasks to queue
[2024-01-30T16:52:19.459+0100] {logging_mixin.py:188} INFO - [2024-01-30T16:52:19.457+0100] {dagbag.py:538} INFO - Filling up the DagBag from /home/ubuntu/.local/lib/python3.10/site-packages/airflow/example_dags/example_short_circuit_operator.py
[2024-01-30T16:52:19.482+0100] {processor.py:840} INFO - DAG(s) 'example_short_circuit_operator' retrieved from /home/ubuntu/.local/lib/python3.10/site-packages/airflow/example_dags/example_short_circuit_operator.py
[2024-01-30T16:52:19.566+0100] {logging_mixin.py:188} INFO - [2024-01-30T16:52:19.563+0100] {dag.py:3033} INFO - Sync 1 DAGs
[2024-01-30T16:52:19.647+0100] {logging_mixin.py:188} INFO - [2024-01-30T16:52:19.646+0100] {dag.py:3820} INFO - Setting next_dagrun for example_short_circuit_operator to 2024-01-29T00:00:00+00:00, run_after=2024-01-30T00:00:00+00:00
[2024-01-30T16:52:19.783+0100] {processor.py:183} INFO - Processing /home/ubuntu/.local/lib/python3.10/site-packages/airflow/example_dags/example_short_circuit_operator.py took 0.389 seconds
[2024-01-30T16:53:33.820+0100] {processor.py:161} INFO - Started process (PID=5482) to work on /home/ubuntu/.local/lib/python3.10/site-packages/airflow/example_dags/example_short_circuit_operator.py
[2024-01-30T16:53:33.861+0100] {processor.py:830} INFO - Processing file /home/ubuntu/.local/lib/python3.10/site-packages/airflow/example_dags/example_short_circuit_operator.py for tasks to queue
[2024-01-30T16:53:33.864+0100] {logging_mixin.py:188} INFO - [2024-01-30T16:53:33.862+0100] {dagbag.py:538} INFO - Filling up the DagBag from /home/ubuntu/.local/lib/python3.10/site-packages/airflow/example_dags/example_short_circuit_operator.py
[2024-01-30T16:53:33.891+0100] {processor.py:840} INFO - DAG(s) 'example_short_circuit_operator' retrieved from /home/ubuntu/.local/lib/python3.10/site-packages/airflow/example_dags/example_short_circuit_operator.py
[2024-01-30T16:53:33.987+0100] {logging_mixin.py:188} INFO - [2024-01-30T16:53:33.987+0100] {dag.py:3033} INFO - Sync 1 DAGs
[2024-01-30T16:53:34.043+0100] {logging_mixin.py:188} INFO - [2024-01-30T16:53:34.041+0100] {dag.py:3820} INFO - Setting next_dagrun for example_short_circuit_operator to 2024-01-29T00:00:00+00:00, run_after=2024-01-30T00:00:00+00:00
[2024-01-30T16:53:34.132+0100] {processor.py:183} INFO - Processing /home/ubuntu/.local/lib/python3.10/site-packages/airflow/example_dags/example_short_circuit_operator.py took 0.317 seconds
[2024-01-30T16:55:44.448+0100] {processor.py:161} INFO - Started process (PID=5697) to work on /home/ubuntu/.local/lib/python3.10/site-packages/airflow/example_dags/example_short_circuit_operator.py
[2024-01-30T16:55:44.455+0100] {processor.py:830} INFO - Processing file /home/ubuntu/.local/lib/python3.10/site-packages/airflow/example_dags/example_short_circuit_operator.py for tasks to queue
[2024-01-30T16:55:44.457+0100] {logging_mixin.py:188} INFO - [2024-01-30T16:55:44.456+0100] {dagbag.py:538} INFO - Filling up the DagBag from /home/ubuntu/.local/lib/python3.10/site-packages/airflow/example_dags/example_short_circuit_operator.py
[2024-01-30T16:55:44.474+0100] {processor.py:840} INFO - DAG(s) 'example_short_circuit_operator' retrieved from /home/ubuntu/.local/lib/python3.10/site-packages/airflow/example_dags/example_short_circuit_operator.py
[2024-01-30T16:55:44.575+0100] {logging_mixin.py:188} INFO - [2024-01-30T16:55:44.575+0100] {dag.py:3033} INFO - Sync 1 DAGs
[2024-01-30T16:55:44.612+0100] {logging_mixin.py:188} INFO - [2024-01-30T16:55:44.612+0100] {dag.py:3820} INFO - Setting next_dagrun for example_short_circuit_operator to 2024-01-29T00:00:00+00:00, run_after=2024-01-30T00:00:00+00:00
[2024-01-30T16:55:44.708+0100] {processor.py:183} INFO - Processing /home/ubuntu/.local/lib/python3.10/site-packages/airflow/example_dags/example_short_circuit_operator.py took 0.266 seconds
[2024-01-30T16:57:11.487+0100] {processor.py:161} INFO - Started process (PID=5769) to work on /home/ubuntu/.local/lib/python3.10/site-packages/airflow/example_dags/example_short_circuit_operator.py
[2024-01-30T16:57:11.491+0100] {processor.py:830} INFO - Processing file /home/ubuntu/.local/lib/python3.10/site-packages/airflow/example_dags/example_short_circuit_operator.py for tasks to queue
[2024-01-30T16:57:11.495+0100] {logging_mixin.py:188} INFO - [2024-01-30T16:57:11.494+0100] {dagbag.py:538} INFO - Filling up the DagBag from /home/ubuntu/.local/lib/python3.10/site-packages/airflow/example_dags/example_short_circuit_operator.py
[2024-01-30T16:57:11.510+0100] {processor.py:840} INFO - DAG(s) 'example_short_circuit_operator' retrieved from /home/ubuntu/.local/lib/python3.10/site-packages/airflow/example_dags/example_short_circuit_operator.py
[2024-01-30T16:57:11.580+0100] {logging_mixin.py:188} INFO - [2024-01-30T16:57:11.580+0100] {dag.py:3033} INFO - Sync 1 DAGs
[2024-01-30T16:57:11.643+0100] {logging_mixin.py:188} INFO - [2024-01-30T16:57:11.643+0100] {dag.py:3820} INFO - Setting next_dagrun for example_short_circuit_operator to 2024-01-29T00:00:00+00:00, run_after=2024-01-30T00:00:00+00:00
[2024-01-30T16:57:11.766+0100] {processor.py:183} INFO - Processing /home/ubuntu/.local/lib/python3.10/site-packages/airflow/example_dags/example_short_circuit_operator.py took 0.285 seconds
[2024-01-30T16:58:33.087+0100] {processor.py:161} INFO - Started process (PID=5845) to work on /home/ubuntu/.local/lib/python3.10/site-packages/airflow/example_dags/example_short_circuit_operator.py
[2024-01-30T16:58:33.090+0100] {processor.py:830} INFO - Processing file /home/ubuntu/.local/lib/python3.10/site-packages/airflow/example_dags/example_short_circuit_operator.py for tasks to queue
[2024-01-30T16:58:33.093+0100] {logging_mixin.py:188} INFO - [2024-01-30T16:58:33.093+0100] {dagbag.py:538} INFO - Filling up the DagBag from /home/ubuntu/.local/lib/python3.10/site-packages/airflow/example_dags/example_short_circuit_operator.py
[2024-01-30T16:58:33.107+0100] {processor.py:840} INFO - DAG(s) 'example_short_circuit_operator' retrieved from /home/ubuntu/.local/lib/python3.10/site-packages/airflow/example_dags/example_short_circuit_operator.py
[2024-01-30T16:58:33.141+0100] {logging_mixin.py:188} INFO - [2024-01-30T16:58:33.141+0100] {dag.py:3033} INFO - Sync 1 DAGs
[2024-01-30T16:58:33.170+0100] {logging_mixin.py:188} INFO - [2024-01-30T16:58:33.169+0100] {dag.py:3820} INFO - Setting next_dagrun for example_short_circuit_operator to 2024-01-29T00:00:00+00:00, run_after=2024-01-30T00:00:00+00:00
[2024-01-30T16:58:33.392+0100] {processor.py:183} INFO - Processing /home/ubuntu/.local/lib/python3.10/site-packages/airflow/example_dags/example_short_circuit_operator.py took 0.313 seconds
[2024-01-30T16:59:39.058+0100] {processor.py:161} INFO - Started process (PID=5907) to work on /home/ubuntu/.local/lib/python3.10/site-packages/airflow/example_dags/example_short_circuit_operator.py
[2024-01-30T16:59:39.084+0100] {processor.py:830} INFO - Processing file /home/ubuntu/.local/lib/python3.10/site-packages/airflow/example_dags/example_short_circuit_operator.py for tasks to queue
[2024-01-30T16:59:39.088+0100] {logging_mixin.py:188} INFO - [2024-01-30T16:59:39.085+0100] {dagbag.py:538} INFO - Filling up the DagBag from /home/ubuntu/.local/lib/python3.10/site-packages/airflow/example_dags/example_short_circuit_operator.py
[2024-01-30T16:59:39.127+0100] {processor.py:840} INFO - DAG(s) 'example_short_circuit_operator' retrieved from /home/ubuntu/.local/lib/python3.10/site-packages/airflow/example_dags/example_short_circuit_operator.py
[2024-01-30T16:59:39.172+0100] {logging_mixin.py:188} INFO - [2024-01-30T16:59:39.170+0100] {dag.py:3033} INFO - Sync 1 DAGs
[2024-01-30T16:59:39.249+0100] {logging_mixin.py:188} INFO - [2024-01-30T16:59:39.248+0100] {dag.py:3820} INFO - Setting next_dagrun for example_short_circuit_operator to 2024-01-29T00:00:00+00:00, run_after=2024-01-30T00:00:00+00:00
[2024-01-30T16:59:39.300+0100] {processor.py:183} INFO - Processing /home/ubuntu/.local/lib/python3.10/site-packages/airflow/example_dags/example_short_circuit_operator.py took 0.256 seconds
[2024-01-30T17:00:53.198+0100] {processor.py:161} INFO - Started process (PID=6088) to work on /home/ubuntu/.local/lib/python3.10/site-packages/airflow/example_dags/example_short_circuit_operator.py
[2024-01-30T17:00:53.205+0100] {processor.py:830} INFO - Processing file /home/ubuntu/.local/lib/python3.10/site-packages/airflow/example_dags/example_short_circuit_operator.py for tasks to queue
[2024-01-30T17:00:53.207+0100] {logging_mixin.py:188} INFO - [2024-01-30T17:00:53.207+0100] {dagbag.py:538} INFO - Filling up the DagBag from /home/ubuntu/.local/lib/python3.10/site-packages/airflow/example_dags/example_short_circuit_operator.py
[2024-01-30T17:00:53.218+0100] {processor.py:840} INFO - DAG(s) 'example_short_circuit_operator' retrieved from /home/ubuntu/.local/lib/python3.10/site-packages/airflow/example_dags/example_short_circuit_operator.py
[2024-01-30T17:00:53.244+0100] {logging_mixin.py:188} INFO - [2024-01-30T17:00:53.244+0100] {dag.py:3033} INFO - Sync 1 DAGs
[2024-01-30T17:00:53.268+0100] {logging_mixin.py:188} INFO - [2024-01-30T17:00:53.267+0100] {dag.py:3820} INFO - Setting next_dagrun for example_short_circuit_operator to 2024-01-29T00:00:00+00:00, run_after=2024-01-30T00:00:00+00:00
[2024-01-30T17:00:53.307+0100] {processor.py:183} INFO - Processing /home/ubuntu/.local/lib/python3.10/site-packages/airflow/example_dags/example_short_circuit_operator.py took 0.113 seconds
[2024-01-30T17:01:58.334+0100] {processor.py:161} INFO - Started process (PID=6140) to work on /home/ubuntu/.local/lib/python3.10/site-packages/airflow/example_dags/example_short_circuit_operator.py
[2024-01-30T17:01:58.365+0100] {processor.py:830} INFO - Processing file /home/ubuntu/.local/lib/python3.10/site-packages/airflow/example_dags/example_short_circuit_operator.py for tasks to queue
[2024-01-30T17:01:58.368+0100] {logging_mixin.py:188} INFO - [2024-01-30T17:01:58.367+0100] {dagbag.py:538} INFO - Filling up the DagBag from /home/ubuntu/.local/lib/python3.10/site-packages/airflow/example_dags/example_short_circuit_operator.py
[2024-01-30T17:01:58.384+0100] {processor.py:840} INFO - DAG(s) 'example_short_circuit_operator' retrieved from /home/ubuntu/.local/lib/python3.10/site-packages/airflow/example_dags/example_short_circuit_operator.py
[2024-01-30T17:01:58.433+0100] {logging_mixin.py:188} INFO - [2024-01-30T17:01:58.432+0100] {dag.py:3033} INFO - Sync 1 DAGs
[2024-01-30T17:01:58.466+0100] {logging_mixin.py:188} INFO - [2024-01-30T17:01:58.465+0100] {dag.py:3820} INFO - Setting next_dagrun for example_short_circuit_operator to 2024-01-29T00:00:00+00:00, run_after=2024-01-30T00:00:00+00:00
[2024-01-30T17:01:58.551+0100] {processor.py:183} INFO - Processing /home/ubuntu/.local/lib/python3.10/site-packages/airflow/example_dags/example_short_circuit_operator.py took 0.229 seconds
[2024-01-30T17:03:12.535+0100] {processor.py:161} INFO - Started process (PID=6213) to work on /home/ubuntu/.local/lib/python3.10/site-packages/airflow/example_dags/example_short_circuit_operator.py
[2024-01-30T17:03:12.545+0100] {processor.py:830} INFO - Processing file /home/ubuntu/.local/lib/python3.10/site-packages/airflow/example_dags/example_short_circuit_operator.py for tasks to queue
[2024-01-30T17:03:12.547+0100] {logging_mixin.py:188} INFO - [2024-01-30T17:03:12.547+0100] {dagbag.py:538} INFO - Filling up the DagBag from /home/ubuntu/.local/lib/python3.10/site-packages/airflow/example_dags/example_short_circuit_operator.py
[2024-01-30T17:03:12.576+0100] {processor.py:840} INFO - DAG(s) 'example_short_circuit_operator' retrieved from /home/ubuntu/.local/lib/python3.10/site-packages/airflow/example_dags/example_short_circuit_operator.py
[2024-01-30T17:03:12.619+0100] {logging_mixin.py:188} INFO - [2024-01-30T17:03:12.619+0100] {dag.py:3033} INFO - Sync 1 DAGs
[2024-01-30T17:03:12.892+0100] {logging_mixin.py:188} INFO - [2024-01-30T17:03:12.891+0100] {dag.py:3820} INFO - Setting next_dagrun for example_short_circuit_operator to 2024-01-29T00:00:00+00:00, run_after=2024-01-30T00:00:00+00:00
[2024-01-30T17:03:12.950+0100] {processor.py:183} INFO - Processing /home/ubuntu/.local/lib/python3.10/site-packages/airflow/example_dags/example_short_circuit_operator.py took 0.420 seconds
[2024-01-30T17:04:27.992+0100] {processor.py:161} INFO - Started process (PID=6277) to work on /home/ubuntu/.local/lib/python3.10/site-packages/airflow/example_dags/example_short_circuit_operator.py
[2024-01-30T17:04:27.996+0100] {processor.py:830} INFO - Processing file /home/ubuntu/.local/lib/python3.10/site-packages/airflow/example_dags/example_short_circuit_operator.py for tasks to queue
[2024-01-30T17:04:27.999+0100] {logging_mixin.py:188} INFO - [2024-01-30T17:04:27.998+0100] {dagbag.py:538} INFO - Filling up the DagBag from /home/ubuntu/.local/lib/python3.10/site-packages/airflow/example_dags/example_short_circuit_operator.py
[2024-01-30T17:04:28.015+0100] {processor.py:840} INFO - DAG(s) 'example_short_circuit_operator' retrieved from /home/ubuntu/.local/lib/python3.10/site-packages/airflow/example_dags/example_short_circuit_operator.py
[2024-01-30T17:04:28.074+0100] {logging_mixin.py:188} INFO - [2024-01-30T17:04:28.074+0100] {dag.py:3033} INFO - Sync 1 DAGs
[2024-01-30T17:04:28.107+0100] {logging_mixin.py:188} INFO - [2024-01-30T17:04:28.107+0100] {dag.py:3820} INFO - Setting next_dagrun for example_short_circuit_operator to 2024-01-29T00:00:00+00:00, run_after=2024-01-30T00:00:00+00:00
[2024-01-30T17:04:28.197+0100] {processor.py:183} INFO - Processing /home/ubuntu/.local/lib/python3.10/site-packages/airflow/example_dags/example_short_circuit_operator.py took 0.213 seconds
[2024-01-30T17:05:49.461+0100] {processor.py:161} INFO - Started process (PID=6346) to work on /home/ubuntu/.local/lib/python3.10/site-packages/airflow/example_dags/example_short_circuit_operator.py
[2024-01-30T17:05:49.470+0100] {processor.py:830} INFO - Processing file /home/ubuntu/.local/lib/python3.10/site-packages/airflow/example_dags/example_short_circuit_operator.py for tasks to queue
[2024-01-30T17:05:49.473+0100] {logging_mixin.py:188} INFO - [2024-01-30T17:05:49.472+0100] {dagbag.py:538} INFO - Filling up the DagBag from /home/ubuntu/.local/lib/python3.10/site-packages/airflow/example_dags/example_short_circuit_operator.py
[2024-01-30T17:05:49.488+0100] {processor.py:840} INFO - DAG(s) 'example_short_circuit_operator' retrieved from /home/ubuntu/.local/lib/python3.10/site-packages/airflow/example_dags/example_short_circuit_operator.py
[2024-01-30T17:05:49.578+0100] {logging_mixin.py:188} INFO - [2024-01-30T17:05:49.578+0100] {dag.py:3033} INFO - Sync 1 DAGs
[2024-01-30T17:05:49.611+0100] {logging_mixin.py:188} INFO - [2024-01-30T17:05:49.610+0100] {dag.py:3820} INFO - Setting next_dagrun for example_short_circuit_operator to 2024-01-29T00:00:00+00:00, run_after=2024-01-30T00:00:00+00:00
[2024-01-30T17:05:49.674+0100] {processor.py:183} INFO - Processing /home/ubuntu/.local/lib/python3.10/site-packages/airflow/example_dags/example_short_circuit_operator.py took 0.220 seconds
[2024-01-30T17:07:04.368+0100] {processor.py:161} INFO - Started process (PID=6413) to work on /home/ubuntu/.local/lib/python3.10/site-packages/airflow/example_dags/example_short_circuit_operator.py
[2024-01-30T17:07:04.383+0100] {processor.py:830} INFO - Processing file /home/ubuntu/.local/lib/python3.10/site-packages/airflow/example_dags/example_short_circuit_operator.py for tasks to queue
[2024-01-30T17:07:04.385+0100] {logging_mixin.py:188} INFO - [2024-01-30T17:07:04.385+0100] {dagbag.py:538} INFO - Filling up the DagBag from /home/ubuntu/.local/lib/python3.10/site-packages/airflow/example_dags/example_short_circuit_operator.py
[2024-01-30T17:07:04.401+0100] {processor.py:840} INFO - DAG(s) 'example_short_circuit_operator' retrieved from /home/ubuntu/.local/lib/python3.10/site-packages/airflow/example_dags/example_short_circuit_operator.py
[2024-01-30T17:07:04.440+0100] {logging_mixin.py:188} INFO - [2024-01-30T17:07:04.439+0100] {dag.py:3033} INFO - Sync 1 DAGs
[2024-01-30T17:07:04.498+0100] {logging_mixin.py:188} INFO - [2024-01-30T17:07:04.497+0100] {dag.py:3820} INFO - Setting next_dagrun for example_short_circuit_operator to 2024-01-29T00:00:00+00:00, run_after=2024-01-30T00:00:00+00:00
[2024-01-30T17:07:04.555+0100] {processor.py:183} INFO - Processing /home/ubuntu/.local/lib/python3.10/site-packages/airflow/example_dags/example_short_circuit_operator.py took 0.206 seconds
