[2024-01-30T13:51:22.286+0100] {processor.py:161} INFO - Started process (PID=6182) to work on /home/ubuntu/.local/lib/python3.10/site-packages/airflow/example_dags/example_short_circuit_decorator.py
[2024-01-30T13:51:22.291+0100] {processor.py:830} INFO - Processing file /home/ubuntu/.local/lib/python3.10/site-packages/airflow/example_dags/example_short_circuit_decorator.py for tasks to queue
[2024-01-30T13:51:22.297+0100] {logging_mixin.py:188} INFO - [2024-01-30T13:51:22.296+0100] {dagbag.py:538} INFO - Filling up the DagBag from /home/ubuntu/.local/lib/python3.10/site-packages/airflow/example_dags/example_short_circuit_decorator.py
[2024-01-30T13:51:22.332+0100] {processor.py:840} INFO - DAG(s) 'example_short_circuit_decorator' retrieved from /home/ubuntu/.local/lib/python3.10/site-packages/airflow/example_dags/example_short_circuit_decorator.py
[2024-01-30T13:51:22.634+0100] {logging_mixin.py:188} INFO - [2024-01-30T13:51:22.633+0100] {dag.py:3033} INFO - Sync 1 DAGs
[2024-01-30T13:51:22.681+0100] {logging_mixin.py:188} INFO - [2024-01-30T13:51:22.681+0100] {dag.py:3820} INFO - Setting next_dagrun for example_short_circuit_decorator to 2024-01-29T00:00:00+00:00, run_after=2024-01-30T00:00:00+00:00
[2024-01-30T13:51:22.755+0100] {processor.py:183} INFO - Processing /home/ubuntu/.local/lib/python3.10/site-packages/airflow/example_dags/example_short_circuit_decorator.py took 0.474 seconds
[2024-01-30T13:52:49.479+0100] {processor.py:161} INFO - Started process (PID=6268) to work on /home/ubuntu/.local/lib/python3.10/site-packages/airflow/example_dags/example_short_circuit_decorator.py
[2024-01-30T13:52:49.481+0100] {processor.py:830} INFO - Processing file /home/ubuntu/.local/lib/python3.10/site-packages/airflow/example_dags/example_short_circuit_decorator.py for tasks to queue
[2024-01-30T13:52:49.483+0100] {logging_mixin.py:188} INFO - [2024-01-30T13:52:49.483+0100] {dagbag.py:538} INFO - Filling up the DagBag from /home/ubuntu/.local/lib/python3.10/site-packages/airflow/example_dags/example_short_circuit_decorator.py
[2024-01-30T13:52:49.498+0100] {processor.py:840} INFO - DAG(s) 'example_short_circuit_decorator' retrieved from /home/ubuntu/.local/lib/python3.10/site-packages/airflow/example_dags/example_short_circuit_decorator.py
[2024-01-30T13:52:49.525+0100] {logging_mixin.py:188} INFO - [2024-01-30T13:52:49.524+0100] {dag.py:3033} INFO - Sync 1 DAGs
[2024-01-30T13:52:49.552+0100] {logging_mixin.py:188} INFO - [2024-01-30T13:52:49.552+0100] {dag.py:3820} INFO - Setting next_dagrun for example_short_circuit_decorator to 2024-01-29T00:00:00+00:00, run_after=2024-01-30T00:00:00+00:00
[2024-01-30T13:52:49.591+0100] {processor.py:183} INFO - Processing /home/ubuntu/.local/lib/python3.10/site-packages/airflow/example_dags/example_short_circuit_decorator.py took 0.119 seconds
[2024-01-30T15:53:44.687+0100] {processor.py:161} INFO - Started process (PID=6386) to work on /home/ubuntu/.local/lib/python3.10/site-packages/airflow/example_dags/example_short_circuit_decorator.py
[2024-01-30T15:53:44.692+0100] {processor.py:830} INFO - Processing file /home/ubuntu/.local/lib/python3.10/site-packages/airflow/example_dags/example_short_circuit_decorator.py for tasks to queue
[2024-01-30T15:53:44.693+0100] {logging_mixin.py:188} INFO - [2024-01-30T15:53:44.692+0100] {dagbag.py:538} INFO - Filling up the DagBag from /home/ubuntu/.local/lib/python3.10/site-packages/airflow/example_dags/example_short_circuit_decorator.py
[2024-01-30T15:53:44.707+0100] {processor.py:840} INFO - DAG(s) 'example_short_circuit_decorator' retrieved from /home/ubuntu/.local/lib/python3.10/site-packages/airflow/example_dags/example_short_circuit_decorator.py
[2024-01-30T15:53:44.732+0100] {logging_mixin.py:188} INFO - [2024-01-30T15:53:44.732+0100] {dag.py:3033} INFO - Sync 1 DAGs
[2024-01-30T15:53:44.762+0100] {logging_mixin.py:188} INFO - [2024-01-30T15:53:44.762+0100] {dag.py:3820} INFO - Setting next_dagrun for example_short_circuit_decorator to 2024-01-29T00:00:00+00:00, run_after=2024-01-30T00:00:00+00:00
[2024-01-30T15:53:44.798+0100] {processor.py:183} INFO - Processing /home/ubuntu/.local/lib/python3.10/site-packages/airflow/example_dags/example_short_circuit_decorator.py took 0.116 seconds
[2024-01-30T15:54:47.394+0100] {processor.py:161} INFO - Started process (PID=6464) to work on /home/ubuntu/.local/lib/python3.10/site-packages/airflow/example_dags/example_short_circuit_decorator.py
[2024-01-30T15:54:47.400+0100] {processor.py:830} INFO - Processing file /home/ubuntu/.local/lib/python3.10/site-packages/airflow/example_dags/example_short_circuit_decorator.py for tasks to queue
[2024-01-30T15:54:47.402+0100] {logging_mixin.py:188} INFO - [2024-01-30T15:54:47.401+0100] {dagbag.py:538} INFO - Filling up the DagBag from /home/ubuntu/.local/lib/python3.10/site-packages/airflow/example_dags/example_short_circuit_decorator.py
[2024-01-30T15:54:47.429+0100] {processor.py:840} INFO - DAG(s) 'example_short_circuit_decorator' retrieved from /home/ubuntu/.local/lib/python3.10/site-packages/airflow/example_dags/example_short_circuit_decorator.py
[2024-01-30T15:54:47.566+0100] {logging_mixin.py:188} INFO - [2024-01-30T15:54:47.566+0100] {dag.py:3033} INFO - Sync 1 DAGs
[2024-01-30T15:54:47.702+0100] {logging_mixin.py:188} INFO - [2024-01-30T15:54:47.702+0100] {dag.py:3820} INFO - Setting next_dagrun for example_short_circuit_decorator to 2024-01-29T00:00:00+00:00, run_after=2024-01-30T00:00:00+00:00
[2024-01-30T15:54:47.818+0100] {processor.py:183} INFO - Processing /home/ubuntu/.local/lib/python3.10/site-packages/airflow/example_dags/example_short_circuit_decorator.py took 0.437 seconds
[2024-01-30T15:55:49.089+0100] {processor.py:161} INFO - Started process (PID=6525) to work on /home/ubuntu/.local/lib/python3.10/site-packages/airflow/example_dags/example_short_circuit_decorator.py
[2024-01-30T15:55:49.093+0100] {processor.py:830} INFO - Processing file /home/ubuntu/.local/lib/python3.10/site-packages/airflow/example_dags/example_short_circuit_decorator.py for tasks to queue
[2024-01-30T15:55:49.094+0100] {logging_mixin.py:188} INFO - [2024-01-30T15:55:49.094+0100] {dagbag.py:538} INFO - Filling up the DagBag from /home/ubuntu/.local/lib/python3.10/site-packages/airflow/example_dags/example_short_circuit_decorator.py
[2024-01-30T15:55:49.108+0100] {processor.py:840} INFO - DAG(s) 'example_short_circuit_decorator' retrieved from /home/ubuntu/.local/lib/python3.10/site-packages/airflow/example_dags/example_short_circuit_decorator.py
[2024-01-30T15:55:49.132+0100] {logging_mixin.py:188} INFO - [2024-01-30T15:55:49.132+0100] {dag.py:3033} INFO - Sync 1 DAGs
[2024-01-30T15:55:49.158+0100] {logging_mixin.py:188} INFO - [2024-01-30T15:55:49.158+0100] {dag.py:3820} INFO - Setting next_dagrun for example_short_circuit_decorator to 2024-01-29T00:00:00+00:00, run_after=2024-01-30T00:00:00+00:00
[2024-01-30T15:55:49.195+0100] {processor.py:183} INFO - Processing /home/ubuntu/.local/lib/python3.10/site-packages/airflow/example_dags/example_short_circuit_decorator.py took 0.110 seconds
[2024-01-30T15:56:51.184+0100] {processor.py:161} INFO - Started process (PID=6590) to work on /home/ubuntu/.local/lib/python3.10/site-packages/airflow/example_dags/example_short_circuit_decorator.py
[2024-01-30T15:56:51.187+0100] {processor.py:830} INFO - Processing file /home/ubuntu/.local/lib/python3.10/site-packages/airflow/example_dags/example_short_circuit_decorator.py for tasks to queue
[2024-01-30T15:56:51.189+0100] {logging_mixin.py:188} INFO - [2024-01-30T15:56:51.188+0100] {dagbag.py:538} INFO - Filling up the DagBag from /home/ubuntu/.local/lib/python3.10/site-packages/airflow/example_dags/example_short_circuit_decorator.py
[2024-01-30T15:56:51.208+0100] {processor.py:840} INFO - DAG(s) 'example_short_circuit_decorator' retrieved from /home/ubuntu/.local/lib/python3.10/site-packages/airflow/example_dags/example_short_circuit_decorator.py
[2024-01-30T15:56:51.287+0100] {logging_mixin.py:188} INFO - [2024-01-30T15:56:51.287+0100] {dag.py:3033} INFO - Sync 1 DAGs
[2024-01-30T15:56:51.360+0100] {logging_mixin.py:188} INFO - [2024-01-30T15:56:51.360+0100] {dag.py:3820} INFO - Setting next_dagrun for example_short_circuit_decorator to 2024-01-29T00:00:00+00:00, run_after=2024-01-30T00:00:00+00:00
[2024-01-30T15:56:51.491+0100] {processor.py:183} INFO - Processing /home/ubuntu/.local/lib/python3.10/site-packages/airflow/example_dags/example_short_circuit_decorator.py took 0.314 seconds
[2024-01-30T15:59:43.508+0100] {processor.py:161} INFO - Started process (PID=7982) to work on /home/ubuntu/.local/lib/python3.10/site-packages/airflow/example_dags/example_short_circuit_decorator.py
[2024-01-30T15:59:43.754+0100] {processor.py:830} INFO - Processing file /home/ubuntu/.local/lib/python3.10/site-packages/airflow/example_dags/example_short_circuit_decorator.py for tasks to queue
[2024-01-30T15:59:43.874+0100] {logging_mixin.py:188} INFO - [2024-01-30T15:59:43.757+0100] {dagbag.py:538} INFO - Filling up the DagBag from /home/ubuntu/.local/lib/python3.10/site-packages/airflow/example_dags/example_short_circuit_decorator.py
[2024-01-30T15:59:44.237+0100] {processor.py:840} INFO - DAG(s) 'example_short_circuit_decorator' retrieved from /home/ubuntu/.local/lib/python3.10/site-packages/airflow/example_dags/example_short_circuit_decorator.py
[2024-01-30T15:59:45.515+0100] {logging_mixin.py:188} INFO - [2024-01-30T15:59:45.514+0100] {dag.py:3033} INFO - Sync 1 DAGs
[2024-01-30T15:59:46.131+0100] {logging_mixin.py:188} INFO - [2024-01-30T15:59:46.131+0100] {dag.py:3820} INFO - Setting next_dagrun for example_short_circuit_decorator to 2024-01-29T00:00:00+00:00, run_after=2024-01-30T00:00:00+00:00
[2024-01-30T15:59:46.429+0100] {processor.py:183} INFO - Processing /home/ubuntu/.local/lib/python3.10/site-packages/airflow/example_dags/example_short_circuit_decorator.py took 3.090 seconds
[2024-01-30T16:01:28.822+0100] {processor.py:161} INFO - Started process (PID=8363) to work on /home/ubuntu/.local/lib/python3.10/site-packages/airflow/example_dags/example_short_circuit_decorator.py
[2024-01-30T16:01:28.837+0100] {processor.py:830} INFO - Processing file /home/ubuntu/.local/lib/python3.10/site-packages/airflow/example_dags/example_short_circuit_decorator.py for tasks to queue
[2024-01-30T16:01:28.845+0100] {logging_mixin.py:188} INFO - [2024-01-30T16:01:28.841+0100] {dagbag.py:538} INFO - Filling up the DagBag from /home/ubuntu/.local/lib/python3.10/site-packages/airflow/example_dags/example_short_circuit_decorator.py
[2024-01-30T16:01:28.876+0100] {processor.py:840} INFO - DAG(s) 'example_short_circuit_decorator' retrieved from /home/ubuntu/.local/lib/python3.10/site-packages/airflow/example_dags/example_short_circuit_decorator.py
[2024-01-30T16:01:28.936+0100] {logging_mixin.py:188} INFO - [2024-01-30T16:01:28.935+0100] {dag.py:3033} INFO - Sync 1 DAGs
[2024-01-30T16:01:28.968+0100] {logging_mixin.py:188} INFO - [2024-01-30T16:01:28.968+0100] {dag.py:3820} INFO - Setting next_dagrun for example_short_circuit_decorator to 2024-01-29T00:00:00+00:00, run_after=2024-01-30T00:00:00+00:00
[2024-01-30T16:01:29.105+0100] {processor.py:183} INFO - Processing /home/ubuntu/.local/lib/python3.10/site-packages/airflow/example_dags/example_short_circuit_decorator.py took 0.289 seconds
[2024-01-30T16:08:13.934+0100] {processor.py:161} INFO - Started process (PID=9440) to work on /home/ubuntu/.local/lib/python3.10/site-packages/airflow/example_dags/example_short_circuit_decorator.py
[2024-01-30T16:08:13.937+0100] {processor.py:830} INFO - Processing file /home/ubuntu/.local/lib/python3.10/site-packages/airflow/example_dags/example_short_circuit_decorator.py for tasks to queue
[2024-01-30T16:08:13.939+0100] {logging_mixin.py:188} INFO - [2024-01-30T16:08:13.938+0100] {dagbag.py:538} INFO - Filling up the DagBag from /home/ubuntu/.local/lib/python3.10/site-packages/airflow/example_dags/example_short_circuit_decorator.py
[2024-01-30T16:08:14.373+0100] {processor.py:840} INFO - DAG(s) 'example_short_circuit_decorator' retrieved from /home/ubuntu/.local/lib/python3.10/site-packages/airflow/example_dags/example_short_circuit_decorator.py
[2024-01-30T16:08:14.724+0100] {logging_mixin.py:188} INFO - [2024-01-30T16:08:14.723+0100] {dag.py:3033} INFO - Sync 1 DAGs
[2024-01-30T16:08:14.811+0100] {logging_mixin.py:188} INFO - [2024-01-30T16:08:14.811+0100] {dag.py:3820} INFO - Setting next_dagrun for example_short_circuit_decorator to 2024-01-29T00:00:00+00:00, run_after=2024-01-30T00:00:00+00:00
[2024-01-30T16:08:14.914+0100] {processor.py:183} INFO - Processing /home/ubuntu/.local/lib/python3.10/site-packages/airflow/example_dags/example_short_circuit_decorator.py took 1.001 seconds
[2024-01-30T16:18:41.268+0100] {processor.py:161} INFO - Started process (PID=5667) to work on /home/ubuntu/.local/lib/python3.10/site-packages/airflow/example_dags/example_short_circuit_decorator.py
[2024-01-30T16:18:41.294+0100] {processor.py:830} INFO - Processing file /home/ubuntu/.local/lib/python3.10/site-packages/airflow/example_dags/example_short_circuit_decorator.py for tasks to queue
[2024-01-30T16:18:41.301+0100] {logging_mixin.py:188} INFO - [2024-01-30T16:18:41.300+0100] {dagbag.py:538} INFO - Filling up the DagBag from /home/ubuntu/.local/lib/python3.10/site-packages/airflow/example_dags/example_short_circuit_decorator.py
[2024-01-30T16:18:41.354+0100] {processor.py:840} INFO - DAG(s) 'example_short_circuit_decorator' retrieved from /home/ubuntu/.local/lib/python3.10/site-packages/airflow/example_dags/example_short_circuit_decorator.py
[2024-01-30T16:18:41.789+0100] {logging_mixin.py:188} INFO - [2024-01-30T16:18:41.789+0100] {dag.py:3033} INFO - Sync 1 DAGs
[2024-01-30T16:18:41.844+0100] {logging_mixin.py:188} INFO - [2024-01-30T16:18:41.844+0100] {dag.py:3820} INFO - Setting next_dagrun for example_short_circuit_decorator to 2024-01-29T00:00:00+00:00, run_after=2024-01-30T00:00:00+00:00
[2024-01-30T16:18:42.117+0100] {processor.py:183} INFO - Processing /home/ubuntu/.local/lib/python3.10/site-packages/airflow/example_dags/example_short_circuit_decorator.py took 0.857 seconds
[2024-01-30T16:21:52.212+0100] {processor.py:161} INFO - Started process (PID=6226) to work on /home/ubuntu/.local/lib/python3.10/site-packages/airflow/example_dags/example_short_circuit_decorator.py
[2024-01-30T16:21:52.220+0100] {processor.py:830} INFO - Processing file /home/ubuntu/.local/lib/python3.10/site-packages/airflow/example_dags/example_short_circuit_decorator.py for tasks to queue
[2024-01-30T16:21:52.222+0100] {logging_mixin.py:188} INFO - [2024-01-30T16:21:52.221+0100] {dagbag.py:538} INFO - Filling up the DagBag from /home/ubuntu/.local/lib/python3.10/site-packages/airflow/example_dags/example_short_circuit_decorator.py
[2024-01-30T16:21:52.254+0100] {processor.py:840} INFO - DAG(s) 'example_short_circuit_decorator' retrieved from /home/ubuntu/.local/lib/python3.10/site-packages/airflow/example_dags/example_short_circuit_decorator.py
[2024-01-30T16:21:52.307+0100] {logging_mixin.py:188} INFO - [2024-01-30T16:21:52.306+0100] {dag.py:3033} INFO - Sync 1 DAGs
[2024-01-30T16:21:52.361+0100] {logging_mixin.py:188} INFO - [2024-01-30T16:21:52.360+0100] {dag.py:3820} INFO - Setting next_dagrun for example_short_circuit_decorator to 2024-01-29T00:00:00+00:00, run_after=2024-01-30T00:00:00+00:00
[2024-01-30T16:21:52.421+0100] {processor.py:183} INFO - Processing /home/ubuntu/.local/lib/python3.10/site-packages/airflow/example_dags/example_short_circuit_decorator.py took 0.215 seconds
[2024-01-30T16:25:37.742+0100] {processor.py:161} INFO - Started process (PID=7444) to work on /home/ubuntu/.local/lib/python3.10/site-packages/airflow/example_dags/example_short_circuit_decorator.py
[2024-01-30T16:25:37.746+0100] {processor.py:830} INFO - Processing file /home/ubuntu/.local/lib/python3.10/site-packages/airflow/example_dags/example_short_circuit_decorator.py for tasks to queue
[2024-01-30T16:25:37.748+0100] {logging_mixin.py:188} INFO - [2024-01-30T16:25:37.747+0100] {dagbag.py:538} INFO - Filling up the DagBag from /home/ubuntu/.local/lib/python3.10/site-packages/airflow/example_dags/example_short_circuit_decorator.py
[2024-01-30T16:25:37.801+0100] {processor.py:840} INFO - DAG(s) 'example_short_circuit_decorator' retrieved from /home/ubuntu/.local/lib/python3.10/site-packages/airflow/example_dags/example_short_circuit_decorator.py
[2024-01-30T16:25:37.891+0100] {logging_mixin.py:188} INFO - [2024-01-30T16:25:37.891+0100] {dag.py:3033} INFO - Sync 1 DAGs
[2024-01-30T16:25:37.964+0100] {logging_mixin.py:188} INFO - [2024-01-30T16:25:37.964+0100] {dag.py:3820} INFO - Setting next_dagrun for example_short_circuit_decorator to 2024-01-29T00:00:00+00:00, run_after=2024-01-30T00:00:00+00:00
[2024-01-30T16:25:38.134+0100] {processor.py:183} INFO - Processing /home/ubuntu/.local/lib/python3.10/site-packages/airflow/example_dags/example_short_circuit_decorator.py took 0.397 seconds
[2024-01-30T16:31:04.616+0100] {processor.py:161} INFO - Started process (PID=8506) to work on /home/ubuntu/.local/lib/python3.10/site-packages/airflow/example_dags/example_short_circuit_decorator.py
[2024-01-30T16:31:04.622+0100] {processor.py:830} INFO - Processing file /home/ubuntu/.local/lib/python3.10/site-packages/airflow/example_dags/example_short_circuit_decorator.py for tasks to queue
[2024-01-30T16:31:04.625+0100] {logging_mixin.py:188} INFO - [2024-01-30T16:31:04.624+0100] {dagbag.py:538} INFO - Filling up the DagBag from /home/ubuntu/.local/lib/python3.10/site-packages/airflow/example_dags/example_short_circuit_decorator.py
[2024-01-30T16:31:04.662+0100] {processor.py:840} INFO - DAG(s) 'example_short_circuit_decorator' retrieved from /home/ubuntu/.local/lib/python3.10/site-packages/airflow/example_dags/example_short_circuit_decorator.py
[2024-01-30T16:31:04.789+0100] {logging_mixin.py:188} INFO - [2024-01-30T16:31:04.788+0100] {dag.py:3033} INFO - Sync 1 DAGs
[2024-01-30T16:31:04.936+0100] {logging_mixin.py:188} INFO - [2024-01-30T16:31:04.935+0100] {dag.py:3820} INFO - Setting next_dagrun for example_short_circuit_decorator to 2024-01-29T00:00:00+00:00, run_after=2024-01-30T00:00:00+00:00
[2024-01-30T16:31:05.029+0100] {processor.py:183} INFO - Processing /home/ubuntu/.local/lib/python3.10/site-packages/airflow/example_dags/example_short_circuit_decorator.py took 0.432 seconds
[2024-01-30T16:32:51.313+0100] {processor.py:161} INFO - Started process (PID=9331) to work on /home/ubuntu/.local/lib/python3.10/site-packages/airflow/example_dags/example_short_circuit_decorator.py
[2024-01-30T16:32:51.319+0100] {processor.py:830} INFO - Processing file /home/ubuntu/.local/lib/python3.10/site-packages/airflow/example_dags/example_short_circuit_decorator.py for tasks to queue
[2024-01-30T16:32:51.321+0100] {logging_mixin.py:188} INFO - [2024-01-30T16:32:51.320+0100] {dagbag.py:538} INFO - Filling up the DagBag from /home/ubuntu/.local/lib/python3.10/site-packages/airflow/example_dags/example_short_circuit_decorator.py
[2024-01-30T16:32:51.334+0100] {processor.py:840} INFO - DAG(s) 'example_short_circuit_decorator' retrieved from /home/ubuntu/.local/lib/python3.10/site-packages/airflow/example_dags/example_short_circuit_decorator.py
[2024-01-30T16:32:51.362+0100] {logging_mixin.py:188} INFO - [2024-01-30T16:32:51.362+0100] {dag.py:3033} INFO - Sync 1 DAGs
[2024-01-30T16:32:51.387+0100] {logging_mixin.py:188} INFO - [2024-01-30T16:32:51.387+0100] {dag.py:3820} INFO - Setting next_dagrun for example_short_circuit_decorator to 2024-01-29T00:00:00+00:00, run_after=2024-01-30T00:00:00+00:00
[2024-01-30T16:32:51.447+0100] {processor.py:183} INFO - Processing /home/ubuntu/.local/lib/python3.10/site-packages/airflow/example_dags/example_short_circuit_decorator.py took 0.138 seconds
[2024-01-30T16:50:08.797+0100] {processor.py:161} INFO - Started process (PID=5291) to work on /home/ubuntu/.local/lib/python3.10/site-packages/airflow/example_dags/example_short_circuit_decorator.py
[2024-01-30T16:50:08.824+0100] {processor.py:830} INFO - Processing file /home/ubuntu/.local/lib/python3.10/site-packages/airflow/example_dags/example_short_circuit_decorator.py for tasks to queue
[2024-01-30T16:50:08.826+0100] {logging_mixin.py:188} INFO - [2024-01-30T16:50:08.825+0100] {dagbag.py:538} INFO - Filling up the DagBag from /home/ubuntu/.local/lib/python3.10/site-packages/airflow/example_dags/example_short_circuit_decorator.py
[2024-01-30T16:50:08.857+0100] {processor.py:840} INFO - DAG(s) 'example_short_circuit_decorator' retrieved from /home/ubuntu/.local/lib/python3.10/site-packages/airflow/example_dags/example_short_circuit_decorator.py
[2024-01-30T16:50:09.509+0100] {logging_mixin.py:188} INFO - [2024-01-30T16:50:09.508+0100] {dag.py:3033} INFO - Sync 1 DAGs
[2024-01-30T16:50:09.585+0100] {logging_mixin.py:188} INFO - [2024-01-30T16:50:09.584+0100] {dag.py:3820} INFO - Setting next_dagrun for example_short_circuit_decorator to 2024-01-29T00:00:00+00:00, run_after=2024-01-30T00:00:00+00:00
[2024-01-30T16:50:09.781+0100] {processor.py:183} INFO - Processing /home/ubuntu/.local/lib/python3.10/site-packages/airflow/example_dags/example_short_circuit_decorator.py took 0.997 seconds
[2024-01-30T16:51:35.752+0100] {processor.py:161} INFO - Started process (PID=5364) to work on /home/ubuntu/.local/lib/python3.10/site-packages/airflow/example_dags/example_short_circuit_decorator.py
[2024-01-30T16:51:35.769+0100] {processor.py:830} INFO - Processing file /home/ubuntu/.local/lib/python3.10/site-packages/airflow/example_dags/example_short_circuit_decorator.py for tasks to queue
[2024-01-30T16:51:35.785+0100] {logging_mixin.py:188} INFO - [2024-01-30T16:51:35.774+0100] {dagbag.py:538} INFO - Filling up the DagBag from /home/ubuntu/.local/lib/python3.10/site-packages/airflow/example_dags/example_short_circuit_decorator.py
[2024-01-30T16:51:35.804+0100] {processor.py:840} INFO - DAG(s) 'example_short_circuit_decorator' retrieved from /home/ubuntu/.local/lib/python3.10/site-packages/airflow/example_dags/example_short_circuit_decorator.py
[2024-01-30T16:51:35.898+0100] {logging_mixin.py:188} INFO - [2024-01-30T16:51:35.897+0100] {dag.py:3033} INFO - Sync 1 DAGs
[2024-01-30T16:51:36.001+0100] {logging_mixin.py:188} INFO - [2024-01-30T16:51:36.000+0100] {dag.py:3820} INFO - Setting next_dagrun for example_short_circuit_decorator to 2024-01-29T00:00:00+00:00, run_after=2024-01-30T00:00:00+00:00
[2024-01-30T16:51:36.154+0100] {processor.py:183} INFO - Processing /home/ubuntu/.local/lib/python3.10/site-packages/airflow/example_dags/example_short_circuit_decorator.py took 0.409 seconds
[2024-01-30T16:52:55.903+0100] {processor.py:161} INFO - Started process (PID=5445) to work on /home/ubuntu/.local/lib/python3.10/site-packages/airflow/example_dags/example_short_circuit_decorator.py
[2024-01-30T16:52:55.908+0100] {processor.py:830} INFO - Processing file /home/ubuntu/.local/lib/python3.10/site-packages/airflow/example_dags/example_short_circuit_decorator.py for tasks to queue
[2024-01-30T16:52:55.924+0100] {logging_mixin.py:188} INFO - [2024-01-30T16:52:55.910+0100] {dagbag.py:538} INFO - Filling up the DagBag from /home/ubuntu/.local/lib/python3.10/site-packages/airflow/example_dags/example_short_circuit_decorator.py
[2024-01-30T16:52:55.953+0100] {processor.py:840} INFO - DAG(s) 'example_short_circuit_decorator' retrieved from /home/ubuntu/.local/lib/python3.10/site-packages/airflow/example_dags/example_short_circuit_decorator.py
[2024-01-30T16:52:56.022+0100] {logging_mixin.py:188} INFO - [2024-01-30T16:52:56.022+0100] {dag.py:3033} INFO - Sync 1 DAGs
[2024-01-30T16:52:56.071+0100] {logging_mixin.py:188} INFO - [2024-01-30T16:52:56.071+0100] {dag.py:3820} INFO - Setting next_dagrun for example_short_circuit_decorator to 2024-01-29T00:00:00+00:00, run_after=2024-01-30T00:00:00+00:00
[2024-01-30T16:52:56.173+0100] {processor.py:183} INFO - Processing /home/ubuntu/.local/lib/python3.10/site-packages/airflow/example_dags/example_short_circuit_decorator.py took 0.279 seconds
[2024-01-30T16:54:54.379+0100] {processor.py:161} INFO - Started process (PID=5656) to work on /home/ubuntu/.local/lib/python3.10/site-packages/airflow/example_dags/example_short_circuit_decorator.py
[2024-01-30T16:54:54.382+0100] {processor.py:830} INFO - Processing file /home/ubuntu/.local/lib/python3.10/site-packages/airflow/example_dags/example_short_circuit_decorator.py for tasks to queue
[2024-01-30T16:54:54.395+0100] {logging_mixin.py:188} INFO - [2024-01-30T16:54:54.393+0100] {dagbag.py:538} INFO - Filling up the DagBag from /home/ubuntu/.local/lib/python3.10/site-packages/airflow/example_dags/example_short_circuit_decorator.py
[2024-01-30T16:54:54.427+0100] {processor.py:840} INFO - DAG(s) 'example_short_circuit_decorator' retrieved from /home/ubuntu/.local/lib/python3.10/site-packages/airflow/example_dags/example_short_circuit_decorator.py
[2024-01-30T16:54:54.476+0100] {logging_mixin.py:188} INFO - [2024-01-30T16:54:54.472+0100] {dag.py:3033} INFO - Sync 1 DAGs
[2024-01-30T16:54:54.520+0100] {logging_mixin.py:188} INFO - [2024-01-30T16:54:54.520+0100] {dag.py:3820} INFO - Setting next_dagrun for example_short_circuit_decorator to 2024-01-29T00:00:00+00:00, run_after=2024-01-30T00:00:00+00:00
[2024-01-30T16:54:54.586+0100] {processor.py:183} INFO - Processing /home/ubuntu/.local/lib/python3.10/site-packages/airflow/example_dags/example_short_circuit_decorator.py took 0.223 seconds
[2024-01-30T16:56:29.580+0100] {processor.py:161} INFO - Started process (PID=5729) to work on /home/ubuntu/.local/lib/python3.10/site-packages/airflow/example_dags/example_short_circuit_decorator.py
[2024-01-30T16:56:29.591+0100] {processor.py:830} INFO - Processing file /home/ubuntu/.local/lib/python3.10/site-packages/airflow/example_dags/example_short_circuit_decorator.py for tasks to queue
[2024-01-30T16:56:29.598+0100] {logging_mixin.py:188} INFO - [2024-01-30T16:56:29.597+0100] {dagbag.py:538} INFO - Filling up the DagBag from /home/ubuntu/.local/lib/python3.10/site-packages/airflow/example_dags/example_short_circuit_decorator.py
[2024-01-30T16:56:29.657+0100] {processor.py:840} INFO - DAG(s) 'example_short_circuit_decorator' retrieved from /home/ubuntu/.local/lib/python3.10/site-packages/airflow/example_dags/example_short_circuit_decorator.py
[2024-01-30T16:56:29.726+0100] {logging_mixin.py:188} INFO - [2024-01-30T16:56:29.718+0100] {dag.py:3033} INFO - Sync 1 DAGs
[2024-01-30T16:56:29.769+0100] {logging_mixin.py:188} INFO - [2024-01-30T16:56:29.768+0100] {dag.py:3820} INFO - Setting next_dagrun for example_short_circuit_decorator to 2024-01-29T00:00:00+00:00, run_after=2024-01-30T00:00:00+00:00
[2024-01-30T16:56:29.866+0100] {processor.py:183} INFO - Processing /home/ubuntu/.local/lib/python3.10/site-packages/airflow/example_dags/example_short_circuit_decorator.py took 0.292 seconds
[2024-01-30T16:57:57.110+0100] {processor.py:161} INFO - Started process (PID=5807) to work on /home/ubuntu/.local/lib/python3.10/site-packages/airflow/example_dags/example_short_circuit_decorator.py
[2024-01-30T16:57:57.117+0100] {processor.py:830} INFO - Processing file /home/ubuntu/.local/lib/python3.10/site-packages/airflow/example_dags/example_short_circuit_decorator.py for tasks to queue
[2024-01-30T16:57:57.121+0100] {logging_mixin.py:188} INFO - [2024-01-30T16:57:57.120+0100] {dagbag.py:538} INFO - Filling up the DagBag from /home/ubuntu/.local/lib/python3.10/site-packages/airflow/example_dags/example_short_circuit_decorator.py
[2024-01-30T16:57:57.146+0100] {processor.py:840} INFO - DAG(s) 'example_short_circuit_decorator' retrieved from /home/ubuntu/.local/lib/python3.10/site-packages/airflow/example_dags/example_short_circuit_decorator.py
[2024-01-30T16:57:57.212+0100] {logging_mixin.py:188} INFO - [2024-01-30T16:57:57.211+0100] {dag.py:3033} INFO - Sync 1 DAGs
[2024-01-30T16:57:57.266+0100] {logging_mixin.py:188} INFO - [2024-01-30T16:57:57.266+0100] {dag.py:3820} INFO - Setting next_dagrun for example_short_circuit_decorator to 2024-01-29T00:00:00+00:00, run_after=2024-01-30T00:00:00+00:00
[2024-01-30T16:57:57.474+0100] {processor.py:183} INFO - Processing /home/ubuntu/.local/lib/python3.10/site-packages/airflow/example_dags/example_short_circuit_decorator.py took 0.390 seconds
[2024-01-30T16:59:03.696+0100] {processor.py:161} INFO - Started process (PID=5876) to work on /home/ubuntu/.local/lib/python3.10/site-packages/airflow/example_dags/example_short_circuit_decorator.py
[2024-01-30T16:59:03.699+0100] {processor.py:830} INFO - Processing file /home/ubuntu/.local/lib/python3.10/site-packages/airflow/example_dags/example_short_circuit_decorator.py for tasks to queue
[2024-01-30T16:59:03.701+0100] {logging_mixin.py:188} INFO - [2024-01-30T16:59:03.700+0100] {dagbag.py:538} INFO - Filling up the DagBag from /home/ubuntu/.local/lib/python3.10/site-packages/airflow/example_dags/example_short_circuit_decorator.py
[2024-01-30T16:59:03.723+0100] {processor.py:840} INFO - DAG(s) 'example_short_circuit_decorator' retrieved from /home/ubuntu/.local/lib/python3.10/site-packages/airflow/example_dags/example_short_circuit_decorator.py
[2024-01-30T16:59:03.751+0100] {logging_mixin.py:188} INFO - [2024-01-30T16:59:03.750+0100] {dag.py:3033} INFO - Sync 1 DAGs
[2024-01-30T16:59:03.775+0100] {logging_mixin.py:188} INFO - [2024-01-30T16:59:03.775+0100] {dag.py:3820} INFO - Setting next_dagrun for example_short_circuit_decorator to 2024-01-29T00:00:00+00:00, run_after=2024-01-30T00:00:00+00:00
[2024-01-30T16:59:03.809+0100] {processor.py:183} INFO - Processing /home/ubuntu/.local/lib/python3.10/site-packages/airflow/example_dags/example_short_circuit_decorator.py took 0.118 seconds
[2024-01-30T17:01:08.059+0100] {processor.py:161} INFO - Started process (PID=6100) to work on /home/ubuntu/.local/lib/python3.10/site-packages/airflow/example_dags/example_short_circuit_decorator.py
[2024-01-30T17:01:08.079+0100] {processor.py:830} INFO - Processing file /home/ubuntu/.local/lib/python3.10/site-packages/airflow/example_dags/example_short_circuit_decorator.py for tasks to queue
[2024-01-30T17:01:08.081+0100] {logging_mixin.py:188} INFO - [2024-01-30T17:01:08.080+0100] {dagbag.py:538} INFO - Filling up the DagBag from /home/ubuntu/.local/lib/python3.10/site-packages/airflow/example_dags/example_short_circuit_decorator.py
[2024-01-30T17:01:08.115+0100] {processor.py:840} INFO - DAG(s) 'example_short_circuit_decorator' retrieved from /home/ubuntu/.local/lib/python3.10/site-packages/airflow/example_dags/example_short_circuit_decorator.py
[2024-01-30T17:01:08.187+0100] {logging_mixin.py:188} INFO - [2024-01-30T17:01:08.187+0100] {dag.py:3033} INFO - Sync 1 DAGs
[2024-01-30T17:01:08.523+0100] {logging_mixin.py:188} INFO - [2024-01-30T17:01:08.523+0100] {dag.py:3820} INFO - Setting next_dagrun for example_short_circuit_decorator to 2024-01-29T00:00:00+00:00, run_after=2024-01-30T00:00:00+00:00
[2024-01-30T17:01:08.620+0100] {processor.py:183} INFO - Processing /home/ubuntu/.local/lib/python3.10/site-packages/airflow/example_dags/example_short_circuit_decorator.py took 0.567 seconds
[2024-01-30T17:02:33.067+0100] {processor.py:161} INFO - Started process (PID=6172) to work on /home/ubuntu/.local/lib/python3.10/site-packages/airflow/example_dags/example_short_circuit_decorator.py
[2024-01-30T17:02:33.075+0100] {processor.py:830} INFO - Processing file /home/ubuntu/.local/lib/python3.10/site-packages/airflow/example_dags/example_short_circuit_decorator.py for tasks to queue
[2024-01-30T17:02:33.078+0100] {logging_mixin.py:188} INFO - [2024-01-30T17:02:33.077+0100] {dagbag.py:538} INFO - Filling up the DagBag from /home/ubuntu/.local/lib/python3.10/site-packages/airflow/example_dags/example_short_circuit_decorator.py
[2024-01-30T17:02:33.092+0100] {processor.py:840} INFO - DAG(s) 'example_short_circuit_decorator' retrieved from /home/ubuntu/.local/lib/python3.10/site-packages/airflow/example_dags/example_short_circuit_decorator.py
[2024-01-30T17:02:33.133+0100] {logging_mixin.py:188} INFO - [2024-01-30T17:02:33.133+0100] {dag.py:3033} INFO - Sync 1 DAGs
[2024-01-30T17:02:33.181+0100] {logging_mixin.py:188} INFO - [2024-01-30T17:02:33.181+0100] {dag.py:3820} INFO - Setting next_dagrun for example_short_circuit_decorator to 2024-01-29T00:00:00+00:00, run_after=2024-01-30T00:00:00+00:00
[2024-01-30T17:02:33.249+0100] {processor.py:183} INFO - Processing /home/ubuntu/.local/lib/python3.10/site-packages/airflow/example_dags/example_short_circuit_decorator.py took 0.187 seconds
[2024-01-30T17:03:46.965+0100] {processor.py:161} INFO - Started process (PID=6240) to work on /home/ubuntu/.local/lib/python3.10/site-packages/airflow/example_dags/example_short_circuit_decorator.py
[2024-01-30T17:03:46.984+0100] {processor.py:830} INFO - Processing file /home/ubuntu/.local/lib/python3.10/site-packages/airflow/example_dags/example_short_circuit_decorator.py for tasks to queue
[2024-01-30T17:03:46.987+0100] {logging_mixin.py:188} INFO - [2024-01-30T17:03:46.987+0100] {dagbag.py:538} INFO - Filling up the DagBag from /home/ubuntu/.local/lib/python3.10/site-packages/airflow/example_dags/example_short_circuit_decorator.py
[2024-01-30T17:03:47.004+0100] {processor.py:840} INFO - DAG(s) 'example_short_circuit_decorator' retrieved from /home/ubuntu/.local/lib/python3.10/site-packages/airflow/example_dags/example_short_circuit_decorator.py
[2024-01-30T17:03:47.061+0100] {logging_mixin.py:188} INFO - [2024-01-30T17:03:47.061+0100] {dag.py:3033} INFO - Sync 1 DAGs
[2024-01-30T17:03:47.108+0100] {logging_mixin.py:188} INFO - [2024-01-30T17:03:47.105+0100] {dag.py:3820} INFO - Setting next_dagrun for example_short_circuit_decorator to 2024-01-29T00:00:00+00:00, run_after=2024-01-30T00:00:00+00:00
[2024-01-30T17:03:47.187+0100] {processor.py:183} INFO - Processing /home/ubuntu/.local/lib/python3.10/site-packages/airflow/example_dags/example_short_circuit_decorator.py took 0.240 seconds
[2024-01-30T17:05:03.204+0100] {processor.py:161} INFO - Started process (PID=6308) to work on /home/ubuntu/.local/lib/python3.10/site-packages/airflow/example_dags/example_short_circuit_decorator.py
[2024-01-30T17:05:03.223+0100] {processor.py:830} INFO - Processing file /home/ubuntu/.local/lib/python3.10/site-packages/airflow/example_dags/example_short_circuit_decorator.py for tasks to queue
[2024-01-30T17:05:03.225+0100] {logging_mixin.py:188} INFO - [2024-01-30T17:05:03.224+0100] {dagbag.py:538} INFO - Filling up the DagBag from /home/ubuntu/.local/lib/python3.10/site-packages/airflow/example_dags/example_short_circuit_decorator.py
[2024-01-30T17:05:03.242+0100] {processor.py:840} INFO - DAG(s) 'example_short_circuit_decorator' retrieved from /home/ubuntu/.local/lib/python3.10/site-packages/airflow/example_dags/example_short_circuit_decorator.py
[2024-01-30T17:05:03.301+0100] {logging_mixin.py:188} INFO - [2024-01-30T17:05:03.301+0100] {dag.py:3033} INFO - Sync 1 DAGs
[2024-01-30T17:05:03.349+0100] {logging_mixin.py:188} INFO - [2024-01-30T17:05:03.349+0100] {dag.py:3820} INFO - Setting next_dagrun for example_short_circuit_decorator to 2024-01-29T00:00:00+00:00, run_after=2024-01-30T00:00:00+00:00
[2024-01-30T17:05:03.719+0100] {processor.py:183} INFO - Processing /home/ubuntu/.local/lib/python3.10/site-packages/airflow/example_dags/example_short_circuit_decorator.py took 0.523 seconds
[2024-01-30T17:06:27.040+0100] {processor.py:161} INFO - Started process (PID=6377) to work on /home/ubuntu/.local/lib/python3.10/site-packages/airflow/example_dags/example_short_circuit_decorator.py
[2024-01-30T17:06:27.043+0100] {processor.py:830} INFO - Processing file /home/ubuntu/.local/lib/python3.10/site-packages/airflow/example_dags/example_short_circuit_decorator.py for tasks to queue
[2024-01-30T17:06:27.048+0100] {logging_mixin.py:188} INFO - [2024-01-30T17:06:27.047+0100] {dagbag.py:538} INFO - Filling up the DagBag from /home/ubuntu/.local/lib/python3.10/site-packages/airflow/example_dags/example_short_circuit_decorator.py
[2024-01-30T17:06:27.072+0100] {processor.py:840} INFO - DAG(s) 'example_short_circuit_decorator' retrieved from /home/ubuntu/.local/lib/python3.10/site-packages/airflow/example_dags/example_short_circuit_decorator.py
[2024-01-30T17:06:27.122+0100] {logging_mixin.py:188} INFO - [2024-01-30T17:06:27.122+0100] {dag.py:3033} INFO - Sync 1 DAGs
[2024-01-30T17:06:27.181+0100] {logging_mixin.py:188} INFO - [2024-01-30T17:06:27.180+0100] {dag.py:3820} INFO - Setting next_dagrun for example_short_circuit_decorator to 2024-01-29T00:00:00+00:00, run_after=2024-01-30T00:00:00+00:00
[2024-01-30T17:06:27.233+0100] {processor.py:183} INFO - Processing /home/ubuntu/.local/lib/python3.10/site-packages/airflow/example_dags/example_short_circuit_decorator.py took 0.197 seconds
[2024-01-30T17:07:51.265+0100] {processor.py:161} INFO - Started process (PID=6453) to work on /home/ubuntu/.local/lib/python3.10/site-packages/airflow/example_dags/example_short_circuit_decorator.py
[2024-01-30T17:07:51.308+0100] {processor.py:830} INFO - Processing file /home/ubuntu/.local/lib/python3.10/site-packages/airflow/example_dags/example_short_circuit_decorator.py for tasks to queue
[2024-01-30T17:07:51.312+0100] {logging_mixin.py:188} INFO - [2024-01-30T17:07:51.311+0100] {dagbag.py:538} INFO - Filling up the DagBag from /home/ubuntu/.local/lib/python3.10/site-packages/airflow/example_dags/example_short_circuit_decorator.py
[2024-01-30T17:07:51.437+0100] {processor.py:840} INFO - DAG(s) 'example_short_circuit_decorator' retrieved from /home/ubuntu/.local/lib/python3.10/site-packages/airflow/example_dags/example_short_circuit_decorator.py
[2024-01-30T17:07:51.549+0100] {logging_mixin.py:188} INFO - [2024-01-30T17:07:51.549+0100] {dag.py:3033} INFO - Sync 1 DAGs
[2024-01-30T17:07:52.038+0100] {logging_mixin.py:188} INFO - [2024-01-30T17:07:52.038+0100] {dag.py:3820} INFO - Setting next_dagrun for example_short_circuit_decorator to 2024-01-29T00:00:00+00:00, run_after=2024-01-30T00:00:00+00:00
[2024-01-30T17:07:52.112+0100] {processor.py:183} INFO - Processing /home/ubuntu/.local/lib/python3.10/site-packages/airflow/example_dags/example_short_circuit_decorator.py took 0.868 seconds
