[2024-01-30T13:50:31.999+0100] {processor.py:161} INFO - Started process (PID=6138) to work on /home/ubuntu/.local/lib/python3.10/site-packages/airflow/example_dags/example_trigger_target_dag.py
[2024-01-30T13:50:32.003+0100] {processor.py:830} INFO - Processing file /home/ubuntu/.local/lib/python3.10/site-packages/airflow/example_dags/example_trigger_target_dag.py for tasks to queue
[2024-01-30T13:50:32.013+0100] {logging_mixin.py:188} INFO - [2024-01-30T13:50:32.009+0100] {dagbag.py:538} INFO - Filling up the DagBag from /home/ubuntu/.local/lib/python3.10/site-packages/airflow/example_dags/example_trigger_target_dag.py
[2024-01-30T13:50:32.103+0100] {processor.py:840} INFO - DAG(s) 'example_trigger_target_dag' retrieved from /home/ubuntu/.local/lib/python3.10/site-packages/airflow/example_dags/example_trigger_target_dag.py
[2024-01-30T13:50:33.812+0100] {logging_mixin.py:188} INFO - [2024-01-30T13:50:33.810+0100] {dag.py:3033} INFO - Sync 1 DAGs
[2024-01-30T13:50:33.872+0100] {logging_mixin.py:188} INFO - [2024-01-30T13:50:33.872+0100] {dag.py:3820} INFO - Setting next_dagrun for example_trigger_target_dag to None, run_after=None
[2024-01-30T13:50:33.944+0100] {processor.py:183} INFO - Processing /home/ubuntu/.local/lib/python3.10/site-packages/airflow/example_dags/example_trigger_target_dag.py took 1.955 seconds
[2024-01-30T13:52:00.119+0100] {processor.py:161} INFO - Started process (PID=6211) to work on /home/ubuntu/.local/lib/python3.10/site-packages/airflow/example_dags/example_trigger_target_dag.py
[2024-01-30T13:52:00.128+0100] {processor.py:830} INFO - Processing file /home/ubuntu/.local/lib/python3.10/site-packages/airflow/example_dags/example_trigger_target_dag.py for tasks to queue
[2024-01-30T13:52:00.131+0100] {logging_mixin.py:188} INFO - [2024-01-30T13:52:00.130+0100] {dagbag.py:538} INFO - Filling up the DagBag from /home/ubuntu/.local/lib/python3.10/site-packages/airflow/example_dags/example_trigger_target_dag.py
[2024-01-30T13:52:00.150+0100] {processor.py:840} INFO - DAG(s) 'example_trigger_target_dag' retrieved from /home/ubuntu/.local/lib/python3.10/site-packages/airflow/example_dags/example_trigger_target_dag.py
[2024-01-30T13:52:00.219+0100] {logging_mixin.py:188} INFO - [2024-01-30T13:52:00.218+0100] {dag.py:3033} INFO - Sync 1 DAGs
[2024-01-30T13:52:00.241+0100] {logging_mixin.py:188} INFO - [2024-01-30T13:52:00.241+0100] {dag.py:3820} INFO - Setting next_dagrun for example_trigger_target_dag to None, run_after=None
[2024-01-30T13:52:00.307+0100] {processor.py:183} INFO - Processing /home/ubuntu/.local/lib/python3.10/site-packages/airflow/example_dags/example_trigger_target_dag.py took 0.197 seconds
[2024-01-30T13:52:42.923+0100] {processor.py:161} INFO - Started process (PID=6256) to work on /home/ubuntu/.local/lib/python3.10/site-packages/airflow/example_dags/example_trigger_target_dag.py
[2024-01-30T13:52:42.926+0100] {processor.py:830} INFO - Processing file /home/ubuntu/.local/lib/python3.10/site-packages/airflow/example_dags/example_trigger_target_dag.py for tasks to queue
[2024-01-30T13:52:42.927+0100] {logging_mixin.py:188} INFO - [2024-01-30T13:52:42.927+0100] {dagbag.py:538} INFO - Filling up the DagBag from /home/ubuntu/.local/lib/python3.10/site-packages/airflow/example_dags/example_trigger_target_dag.py
[2024-01-30T13:52:42.937+0100] {processor.py:840} INFO - DAG(s) 'example_trigger_target_dag' retrieved from /home/ubuntu/.local/lib/python3.10/site-packages/airflow/example_dags/example_trigger_target_dag.py
[2024-01-30T13:52:42.959+0100] {logging_mixin.py:188} INFO - [2024-01-30T13:52:42.959+0100] {dag.py:3033} INFO - Sync 1 DAGs
[2024-01-30T13:52:42.984+0100] {logging_mixin.py:188} INFO - [2024-01-30T13:52:42.984+0100] {dag.py:3820} INFO - Setting next_dagrun for example_trigger_target_dag to None, run_after=None
[2024-01-30T13:52:43.017+0100] {processor.py:183} INFO - Processing /home/ubuntu/.local/lib/python3.10/site-packages/airflow/example_dags/example_trigger_target_dag.py took 0.100 seconds
[2024-01-30T15:53:10.497+0100] {processor.py:161} INFO - Started process (PID=6355) to work on /home/ubuntu/.local/lib/python3.10/site-packages/airflow/example_dags/example_trigger_target_dag.py
[2024-01-30T15:53:10.500+0100] {processor.py:830} INFO - Processing file /home/ubuntu/.local/lib/python3.10/site-packages/airflow/example_dags/example_trigger_target_dag.py for tasks to queue
[2024-01-30T15:53:10.502+0100] {logging_mixin.py:188} INFO - [2024-01-30T15:53:10.501+0100] {dagbag.py:538} INFO - Filling up the DagBag from /home/ubuntu/.local/lib/python3.10/site-packages/airflow/example_dags/example_trigger_target_dag.py
[2024-01-30T15:53:10.511+0100] {processor.py:840} INFO - DAG(s) 'example_trigger_target_dag' retrieved from /home/ubuntu/.local/lib/python3.10/site-packages/airflow/example_dags/example_trigger_target_dag.py
[2024-01-30T15:53:10.533+0100] {logging_mixin.py:188} INFO - [2024-01-30T15:53:10.532+0100] {dag.py:3033} INFO - Sync 1 DAGs
[2024-01-30T15:53:10.547+0100] {logging_mixin.py:188} INFO - [2024-01-30T15:53:10.547+0100] {dag.py:3820} INFO - Setting next_dagrun for example_trigger_target_dag to None, run_after=None
[2024-01-30T15:53:10.610+0100] {processor.py:183} INFO - Processing /home/ubuntu/.local/lib/python3.10/site-packages/airflow/example_dags/example_trigger_target_dag.py took 0.118 seconds
[2024-01-30T15:54:02.762+0100] {processor.py:161} INFO - Started process (PID=6403) to work on /home/ubuntu/.local/lib/python3.10/site-packages/airflow/example_dags/example_trigger_target_dag.py
[2024-01-30T15:54:02.767+0100] {processor.py:830} INFO - Processing file /home/ubuntu/.local/lib/python3.10/site-packages/airflow/example_dags/example_trigger_target_dag.py for tasks to queue
[2024-01-30T15:54:02.768+0100] {logging_mixin.py:188} INFO - [2024-01-30T15:54:02.768+0100] {dagbag.py:538} INFO - Filling up the DagBag from /home/ubuntu/.local/lib/python3.10/site-packages/airflow/example_dags/example_trigger_target_dag.py
[2024-01-30T15:54:02.778+0100] {processor.py:840} INFO - DAG(s) 'example_trigger_target_dag' retrieved from /home/ubuntu/.local/lib/python3.10/site-packages/airflow/example_dags/example_trigger_target_dag.py
[2024-01-30T15:54:02.799+0100] {logging_mixin.py:188} INFO - [2024-01-30T15:54:02.798+0100] {dag.py:3033} INFO - Sync 1 DAGs
[2024-01-30T15:54:02.813+0100] {logging_mixin.py:188} INFO - [2024-01-30T15:54:02.813+0100] {dag.py:3820} INFO - Setting next_dagrun for example_trigger_target_dag to None, run_after=None
[2024-01-30T15:54:02.850+0100] {processor.py:183} INFO - Processing /home/ubuntu/.local/lib/python3.10/site-packages/airflow/example_dags/example_trigger_target_dag.py took 0.092 seconds
[2024-01-30T15:55:06.118+0100] {processor.py:161} INFO - Started process (PID=6482) to work on /home/ubuntu/.local/lib/python3.10/site-packages/airflow/example_dags/example_trigger_target_dag.py
[2024-01-30T15:55:06.123+0100] {processor.py:830} INFO - Processing file /home/ubuntu/.local/lib/python3.10/site-packages/airflow/example_dags/example_trigger_target_dag.py for tasks to queue
[2024-01-30T15:55:06.124+0100] {logging_mixin.py:188} INFO - [2024-01-30T15:55:06.123+0100] {dagbag.py:538} INFO - Filling up the DagBag from /home/ubuntu/.local/lib/python3.10/site-packages/airflow/example_dags/example_trigger_target_dag.py
[2024-01-30T15:55:06.133+0100] {processor.py:840} INFO - DAG(s) 'example_trigger_target_dag' retrieved from /home/ubuntu/.local/lib/python3.10/site-packages/airflow/example_dags/example_trigger_target_dag.py
[2024-01-30T15:55:06.156+0100] {logging_mixin.py:188} INFO - [2024-01-30T15:55:06.155+0100] {dag.py:3033} INFO - Sync 1 DAGs
[2024-01-30T15:55:06.172+0100] {logging_mixin.py:188} INFO - [2024-01-30T15:55:06.172+0100] {dag.py:3820} INFO - Setting next_dagrun for example_trigger_target_dag to None, run_after=None
[2024-01-30T15:55:06.210+0100] {processor.py:183} INFO - Processing /home/ubuntu/.local/lib/python3.10/site-packages/airflow/example_dags/example_trigger_target_dag.py took 0.096 seconds
[2024-01-30T15:56:05.092+0100] {processor.py:161} INFO - Started process (PID=6539) to work on /home/ubuntu/.local/lib/python3.10/site-packages/airflow/example_dags/example_trigger_target_dag.py
[2024-01-30T15:56:05.095+0100] {processor.py:830} INFO - Processing file /home/ubuntu/.local/lib/python3.10/site-packages/airflow/example_dags/example_trigger_target_dag.py for tasks to queue
[2024-01-30T15:56:05.097+0100] {logging_mixin.py:188} INFO - [2024-01-30T15:56:05.096+0100] {dagbag.py:538} INFO - Filling up the DagBag from /home/ubuntu/.local/lib/python3.10/site-packages/airflow/example_dags/example_trigger_target_dag.py
[2024-01-30T15:56:05.107+0100] {processor.py:840} INFO - DAG(s) 'example_trigger_target_dag' retrieved from /home/ubuntu/.local/lib/python3.10/site-packages/airflow/example_dags/example_trigger_target_dag.py
[2024-01-30T15:56:05.129+0100] {logging_mixin.py:188} INFO - [2024-01-30T15:56:05.128+0100] {dag.py:3033} INFO - Sync 1 DAGs
[2024-01-30T15:56:05.143+0100] {logging_mixin.py:188} INFO - [2024-01-30T15:56:05.143+0100] {dag.py:3820} INFO - Setting next_dagrun for example_trigger_target_dag to None, run_after=None
[2024-01-30T15:56:05.184+0100] {processor.py:183} INFO - Processing /home/ubuntu/.local/lib/python3.10/site-packages/airflow/example_dags/example_trigger_target_dag.py took 0.097 seconds
[2024-01-30T15:58:52.024+0100] {processor.py:161} INFO - Started process (PID=7496) to work on /home/ubuntu/.local/lib/python3.10/site-packages/airflow/example_dags/example_trigger_target_dag.py
[2024-01-30T15:58:52.072+0100] {processor.py:830} INFO - Processing file /home/ubuntu/.local/lib/python3.10/site-packages/airflow/example_dags/example_trigger_target_dag.py for tasks to queue
[2024-01-30T15:58:52.074+0100] {logging_mixin.py:188} INFO - [2024-01-30T15:58:52.073+0100] {dagbag.py:538} INFO - Filling up the DagBag from /home/ubuntu/.local/lib/python3.10/site-packages/airflow/example_dags/example_trigger_target_dag.py
[2024-01-30T15:58:52.104+0100] {processor.py:840} INFO - DAG(s) 'example_trigger_target_dag' retrieved from /home/ubuntu/.local/lib/python3.10/site-packages/airflow/example_dags/example_trigger_target_dag.py
[2024-01-30T15:58:52.179+0100] {logging_mixin.py:188} INFO - [2024-01-30T15:58:52.179+0100] {dag.py:3033} INFO - Sync 1 DAGs
[2024-01-30T15:58:52.212+0100] {logging_mixin.py:188} INFO - [2024-01-30T15:58:52.211+0100] {dag.py:3820} INFO - Setting next_dagrun for example_trigger_target_dag to None, run_after=None
[2024-01-30T15:58:52.431+0100] {processor.py:183} INFO - Processing /home/ubuntu/.local/lib/python3.10/site-packages/airflow/example_dags/example_trigger_target_dag.py took 0.416 seconds
[2024-01-30T16:00:39.157+0100] {processor.py:161} INFO - Started process (PID=8330) to work on /home/ubuntu/.local/lib/python3.10/site-packages/airflow/example_dags/example_trigger_target_dag.py
[2024-01-30T16:00:39.177+0100] {processor.py:830} INFO - Processing file /home/ubuntu/.local/lib/python3.10/site-packages/airflow/example_dags/example_trigger_target_dag.py for tasks to queue
[2024-01-30T16:00:39.179+0100] {logging_mixin.py:188} INFO - [2024-01-30T16:00:39.178+0100] {dagbag.py:538} INFO - Filling up the DagBag from /home/ubuntu/.local/lib/python3.10/site-packages/airflow/example_dags/example_trigger_target_dag.py
[2024-01-30T16:00:39.200+0100] {processor.py:840} INFO - DAG(s) 'example_trigger_target_dag' retrieved from /home/ubuntu/.local/lib/python3.10/site-packages/airflow/example_dags/example_trigger_target_dag.py
[2024-01-30T16:00:39.245+0100] {logging_mixin.py:188} INFO - [2024-01-30T16:00:39.244+0100] {dag.py:3033} INFO - Sync 1 DAGs
[2024-01-30T16:00:39.274+0100] {logging_mixin.py:188} INFO - [2024-01-30T16:00:39.274+0100] {dag.py:3820} INFO - Setting next_dagrun for example_trigger_target_dag to None, run_after=None
[2024-01-30T16:00:39.567+0100] {processor.py:183} INFO - Processing /home/ubuntu/.local/lib/python3.10/site-packages/airflow/example_dags/example_trigger_target_dag.py took 0.446 seconds
[2024-01-30T16:01:47.799+0100] {processor.py:161} INFO - Started process (PID=8378) to work on /home/ubuntu/.local/lib/python3.10/site-packages/airflow/example_dags/example_trigger_target_dag.py
[2024-01-30T16:01:47.810+0100] {processor.py:830} INFO - Processing file /home/ubuntu/.local/lib/python3.10/site-packages/airflow/example_dags/example_trigger_target_dag.py for tasks to queue
[2024-01-30T16:01:47.817+0100] {logging_mixin.py:188} INFO - [2024-01-30T16:01:47.811+0100] {dagbag.py:538} INFO - Filling up the DagBag from /home/ubuntu/.local/lib/python3.10/site-packages/airflow/example_dags/example_trigger_target_dag.py
[2024-01-30T16:01:47.848+0100] {processor.py:840} INFO - DAG(s) 'example_trigger_target_dag' retrieved from /home/ubuntu/.local/lib/python3.10/site-packages/airflow/example_dags/example_trigger_target_dag.py
[2024-01-30T16:01:47.897+0100] {logging_mixin.py:188} INFO - [2024-01-30T16:01:47.897+0100] {dag.py:3033} INFO - Sync 1 DAGs
[2024-01-30T16:01:47.958+0100] {logging_mixin.py:188} INFO - [2024-01-30T16:01:47.957+0100] {dag.py:3820} INFO - Setting next_dagrun for example_trigger_target_dag to None, run_after=None
[2024-01-30T16:01:48.050+0100] {processor.py:183} INFO - Processing /home/ubuntu/.local/lib/python3.10/site-packages/airflow/example_dags/example_trigger_target_dag.py took 0.256 seconds
[2024-01-30T16:02:44.761+0100] {processor.py:161} INFO - Started process (PID=8434) to work on /home/ubuntu/.local/lib/python3.10/site-packages/airflow/example_dags/example_trigger_target_dag.py
[2024-01-30T16:02:44.763+0100] {processor.py:830} INFO - Processing file /home/ubuntu/.local/lib/python3.10/site-packages/airflow/example_dags/example_trigger_target_dag.py for tasks to queue
[2024-01-30T16:02:44.765+0100] {logging_mixin.py:188} INFO - [2024-01-30T16:02:44.764+0100] {dagbag.py:538} INFO - Filling up the DagBag from /home/ubuntu/.local/lib/python3.10/site-packages/airflow/example_dags/example_trigger_target_dag.py
[2024-01-30T16:02:44.825+0100] {processor.py:840} INFO - DAG(s) 'example_trigger_target_dag' retrieved from /home/ubuntu/.local/lib/python3.10/site-packages/airflow/example_dags/example_trigger_target_dag.py
[2024-01-30T16:02:44.914+0100] {logging_mixin.py:188} INFO - [2024-01-30T16:02:44.913+0100] {dag.py:3033} INFO - Sync 1 DAGs
[2024-01-30T16:02:44.936+0100] {logging_mixin.py:188} INFO - [2024-01-30T16:02:44.935+0100] {dag.py:3820} INFO - Setting next_dagrun for example_trigger_target_dag to None, run_after=None
[2024-01-30T16:02:45.072+0100] {processor.py:183} INFO - Processing /home/ubuntu/.local/lib/python3.10/site-packages/airflow/example_dags/example_trigger_target_dag.py took 0.319 seconds
[2024-01-30T16:07:18.407+0100] {processor.py:161} INFO - Started process (PID=9184) to work on /home/ubuntu/.local/lib/python3.10/site-packages/airflow/example_dags/example_trigger_target_dag.py
[2024-01-30T16:07:18.421+0100] {processor.py:830} INFO - Processing file /home/ubuntu/.local/lib/python3.10/site-packages/airflow/example_dags/example_trigger_target_dag.py for tasks to queue
[2024-01-30T16:07:18.424+0100] {logging_mixin.py:188} INFO - [2024-01-30T16:07:18.422+0100] {dagbag.py:538} INFO - Filling up the DagBag from /home/ubuntu/.local/lib/python3.10/site-packages/airflow/example_dags/example_trigger_target_dag.py
[2024-01-30T16:07:18.540+0100] {processor.py:840} INFO - DAG(s) 'example_trigger_target_dag' retrieved from /home/ubuntu/.local/lib/python3.10/site-packages/airflow/example_dags/example_trigger_target_dag.py
[2024-01-30T16:07:18.850+0100] {logging_mixin.py:188} INFO - [2024-01-30T16:07:18.849+0100] {dag.py:3033} INFO - Sync 1 DAGs
[2024-01-30T16:07:19.025+0100] {logging_mixin.py:188} INFO - [2024-01-30T16:07:19.024+0100] {dag.py:3820} INFO - Setting next_dagrun for example_trigger_target_dag to None, run_after=None
[2024-01-30T16:07:19.115+0100] {processor.py:183} INFO - Processing /home/ubuntu/.local/lib/python3.10/site-packages/airflow/example_dags/example_trigger_target_dag.py took 0.717 seconds
[2024-01-30T16:15:19.181+0100] {processor.py:161} INFO - Started process (PID=5455) to work on /home/ubuntu/.local/lib/python3.10/site-packages/airflow/example_dags/example_trigger_target_dag.py
[2024-01-30T16:15:19.185+0100] {processor.py:830} INFO - Processing file /home/ubuntu/.local/lib/python3.10/site-packages/airflow/example_dags/example_trigger_target_dag.py for tasks to queue
[2024-01-30T16:15:19.188+0100] {logging_mixin.py:188} INFO - [2024-01-30T16:15:19.186+0100] {dagbag.py:538} INFO - Filling up the DagBag from /home/ubuntu/.local/lib/python3.10/site-packages/airflow/example_dags/example_trigger_target_dag.py
[2024-01-30T16:15:19.208+0100] {processor.py:840} INFO - DAG(s) 'example_trigger_target_dag' retrieved from /home/ubuntu/.local/lib/python3.10/site-packages/airflow/example_dags/example_trigger_target_dag.py
[2024-01-30T16:15:19.529+0100] {logging_mixin.py:188} INFO - [2024-01-30T16:15:19.528+0100] {dag.py:3033} INFO - Sync 1 DAGs
[2024-01-30T16:15:19.555+0100] {logging_mixin.py:188} INFO - [2024-01-30T16:15:19.554+0100] {dag.py:3820} INFO - Setting next_dagrun for example_trigger_target_dag to None, run_after=None
[2024-01-30T16:15:19.617+0100] {processor.py:183} INFO - Processing /home/ubuntu/.local/lib/python3.10/site-packages/airflow/example_dags/example_trigger_target_dag.py took 0.442 seconds
[2024-01-30T16:17:52.127+0100] {processor.py:161} INFO - Started process (PID=5632) to work on /home/ubuntu/.local/lib/python3.10/site-packages/airflow/example_dags/example_trigger_target_dag.py
[2024-01-30T16:17:52.134+0100] {processor.py:830} INFO - Processing file /home/ubuntu/.local/lib/python3.10/site-packages/airflow/example_dags/example_trigger_target_dag.py for tasks to queue
[2024-01-30T16:17:52.136+0100] {logging_mixin.py:188} INFO - [2024-01-30T16:17:52.134+0100] {dagbag.py:538} INFO - Filling up the DagBag from /home/ubuntu/.local/lib/python3.10/site-packages/airflow/example_dags/example_trigger_target_dag.py
[2024-01-30T16:17:52.149+0100] {processor.py:840} INFO - DAG(s) 'example_trigger_target_dag' retrieved from /home/ubuntu/.local/lib/python3.10/site-packages/airflow/example_dags/example_trigger_target_dag.py
[2024-01-30T16:17:52.203+0100] {logging_mixin.py:188} INFO - [2024-01-30T16:17:52.202+0100] {dag.py:3033} INFO - Sync 1 DAGs
[2024-01-30T16:17:52.253+0100] {logging_mixin.py:188} INFO - [2024-01-30T16:17:52.252+0100] {dag.py:3820} INFO - Setting next_dagrun for example_trigger_target_dag to None, run_after=None
[2024-01-30T16:17:52.313+0100] {processor.py:183} INFO - Processing /home/ubuntu/.local/lib/python3.10/site-packages/airflow/example_dags/example_trigger_target_dag.py took 0.193 seconds
[2024-01-30T16:19:22.130+0100] {processor.py:161} INFO - Started process (PID=5761) to work on /home/ubuntu/.local/lib/python3.10/site-packages/airflow/example_dags/example_trigger_target_dag.py
[2024-01-30T16:19:22.135+0100] {processor.py:830} INFO - Processing file /home/ubuntu/.local/lib/python3.10/site-packages/airflow/example_dags/example_trigger_target_dag.py for tasks to queue
[2024-01-30T16:19:22.139+0100] {logging_mixin.py:188} INFO - [2024-01-30T16:19:22.138+0100] {dagbag.py:538} INFO - Filling up the DagBag from /home/ubuntu/.local/lib/python3.10/site-packages/airflow/example_dags/example_trigger_target_dag.py
[2024-01-30T16:19:22.166+0100] {processor.py:840} INFO - DAG(s) 'example_trigger_target_dag' retrieved from /home/ubuntu/.local/lib/python3.10/site-packages/airflow/example_dags/example_trigger_target_dag.py
[2024-01-30T16:19:22.254+0100] {logging_mixin.py:188} INFO - [2024-01-30T16:19:22.253+0100] {dag.py:3033} INFO - Sync 1 DAGs
[2024-01-30T16:19:22.303+0100] {logging_mixin.py:188} INFO - [2024-01-30T16:19:22.303+0100] {dag.py:3820} INFO - Setting next_dagrun for example_trigger_target_dag to None, run_after=None
[2024-01-30T16:19:22.416+0100] {processor.py:183} INFO - Processing /home/ubuntu/.local/lib/python3.10/site-packages/airflow/example_dags/example_trigger_target_dag.py took 0.314 seconds
[2024-01-30T16:20:55.605+0100] {processor.py:161} INFO - Started process (PID=6198) to work on /home/ubuntu/.local/lib/python3.10/site-packages/airflow/example_dags/example_trigger_target_dag.py
[2024-01-30T16:20:55.842+0100] {processor.py:830} INFO - Processing file /home/ubuntu/.local/lib/python3.10/site-packages/airflow/example_dags/example_trigger_target_dag.py for tasks to queue
[2024-01-30T16:20:55.865+0100] {logging_mixin.py:188} INFO - [2024-01-30T16:20:55.843+0100] {dagbag.py:538} INFO - Filling up the DagBag from /home/ubuntu/.local/lib/python3.10/site-packages/airflow/example_dags/example_trigger_target_dag.py
[2024-01-30T16:20:56.216+0100] {processor.py:840} INFO - DAG(s) 'example_trigger_target_dag' retrieved from /home/ubuntu/.local/lib/python3.10/site-packages/airflow/example_dags/example_trigger_target_dag.py
[2024-01-30T16:20:56.704+0100] {logging_mixin.py:188} INFO - [2024-01-30T16:20:56.698+0100] {dag.py:3033} INFO - Sync 1 DAGs
[2024-01-30T16:20:56.787+0100] {logging_mixin.py:188} INFO - [2024-01-30T16:20:56.787+0100] {dag.py:3820} INFO - Setting next_dagrun for example_trigger_target_dag to None, run_after=None
[2024-01-30T16:20:56.936+0100] {processor.py:183} INFO - Processing /home/ubuntu/.local/lib/python3.10/site-packages/airflow/example_dags/example_trigger_target_dag.py took 1.596 seconds
[2024-01-30T16:22:24.865+0100] {processor.py:161} INFO - Started process (PID=6266) to work on /home/ubuntu/.local/lib/python3.10/site-packages/airflow/example_dags/example_trigger_target_dag.py
[2024-01-30T16:22:24.875+0100] {processor.py:830} INFO - Processing file /home/ubuntu/.local/lib/python3.10/site-packages/airflow/example_dags/example_trigger_target_dag.py for tasks to queue
[2024-01-30T16:22:24.877+0100] {logging_mixin.py:188} INFO - [2024-01-30T16:22:24.876+0100] {dagbag.py:538} INFO - Filling up the DagBag from /home/ubuntu/.local/lib/python3.10/site-packages/airflow/example_dags/example_trigger_target_dag.py
[2024-01-30T16:22:24.887+0100] {processor.py:840} INFO - DAG(s) 'example_trigger_target_dag' retrieved from /home/ubuntu/.local/lib/python3.10/site-packages/airflow/example_dags/example_trigger_target_dag.py
[2024-01-30T16:22:24.914+0100] {logging_mixin.py:188} INFO - [2024-01-30T16:22:24.914+0100] {dag.py:3033} INFO - Sync 1 DAGs
[2024-01-30T16:22:24.934+0100] {logging_mixin.py:188} INFO - [2024-01-30T16:22:24.934+0100] {dag.py:3820} INFO - Setting next_dagrun for example_trigger_target_dag to None, run_after=None
[2024-01-30T16:22:24.983+0100] {processor.py:183} INFO - Processing /home/ubuntu/.local/lib/python3.10/site-packages/airflow/example_dags/example_trigger_target_dag.py took 0.125 seconds
[2024-01-30T16:24:51.368+0100] {processor.py:161} INFO - Started process (PID=7338) to work on /home/ubuntu/.local/lib/python3.10/site-packages/airflow/example_dags/example_trigger_target_dag.py
[2024-01-30T16:24:51.371+0100] {processor.py:830} INFO - Processing file /home/ubuntu/.local/lib/python3.10/site-packages/airflow/example_dags/example_trigger_target_dag.py for tasks to queue
[2024-01-30T16:24:51.373+0100] {logging_mixin.py:188} INFO - [2024-01-30T16:24:51.372+0100] {dagbag.py:538} INFO - Filling up the DagBag from /home/ubuntu/.local/lib/python3.10/site-packages/airflow/example_dags/example_trigger_target_dag.py
[2024-01-30T16:24:51.381+0100] {processor.py:840} INFO - DAG(s) 'example_trigger_target_dag' retrieved from /home/ubuntu/.local/lib/python3.10/site-packages/airflow/example_dags/example_trigger_target_dag.py
[2024-01-30T16:24:51.558+0100] {logging_mixin.py:188} INFO - [2024-01-30T16:24:51.557+0100] {dag.py:3033} INFO - Sync 1 DAGs
[2024-01-30T16:24:51.567+0100] {logging_mixin.py:188} INFO - [2024-01-30T16:24:51.567+0100] {dag.py:3820} INFO - Setting next_dagrun for example_trigger_target_dag to None, run_after=None
[2024-01-30T16:24:51.640+0100] {processor.py:183} INFO - Processing /home/ubuntu/.local/lib/python3.10/site-packages/airflow/example_dags/example_trigger_target_dag.py took 0.277 seconds
[2024-01-30T16:29:57.500+0100] {processor.py:161} INFO - Started process (PID=8323) to work on /home/ubuntu/.local/lib/python3.10/site-packages/airflow/example_dags/example_trigger_target_dag.py
[2024-01-30T16:29:57.516+0100] {processor.py:830} INFO - Processing file /home/ubuntu/.local/lib/python3.10/site-packages/airflow/example_dags/example_trigger_target_dag.py for tasks to queue
[2024-01-30T16:29:57.530+0100] {logging_mixin.py:188} INFO - [2024-01-30T16:29:57.517+0100] {dagbag.py:538} INFO - Filling up the DagBag from /home/ubuntu/.local/lib/python3.10/site-packages/airflow/example_dags/example_trigger_target_dag.py
[2024-01-30T16:29:57.560+0100] {processor.py:840} INFO - DAG(s) 'example_trigger_target_dag' retrieved from /home/ubuntu/.local/lib/python3.10/site-packages/airflow/example_dags/example_trigger_target_dag.py
[2024-01-30T16:29:57.737+0100] {logging_mixin.py:188} INFO - [2024-01-30T16:29:57.736+0100] {dag.py:3033} INFO - Sync 1 DAGs
[2024-01-30T16:29:57.843+0100] {logging_mixin.py:188} INFO - [2024-01-30T16:29:57.843+0100] {dag.py:3820} INFO - Setting next_dagrun for example_trigger_target_dag to None, run_after=None
[2024-01-30T16:29:57.921+0100] {processor.py:183} INFO - Processing /home/ubuntu/.local/lib/python3.10/site-packages/airflow/example_dags/example_trigger_target_dag.py took 0.430 seconds
[2024-01-30T16:31:57.445+0100] {processor.py:161} INFO - Started process (PID=8728) to work on /home/ubuntu/.local/lib/python3.10/site-packages/airflow/example_dags/example_trigger_target_dag.py
[2024-01-30T16:31:57.464+0100] {processor.py:830} INFO - Processing file /home/ubuntu/.local/lib/python3.10/site-packages/airflow/example_dags/example_trigger_target_dag.py for tasks to queue
[2024-01-30T16:31:57.477+0100] {logging_mixin.py:188} INFO - [2024-01-30T16:31:57.467+0100] {dagbag.py:538} INFO - Filling up the DagBag from /home/ubuntu/.local/lib/python3.10/site-packages/airflow/example_dags/example_trigger_target_dag.py
[2024-01-30T16:31:57.513+0100] {processor.py:840} INFO - DAG(s) 'example_trigger_target_dag' retrieved from /home/ubuntu/.local/lib/python3.10/site-packages/airflow/example_dags/example_trigger_target_dag.py
[2024-01-30T16:31:57.582+0100] {logging_mixin.py:188} INFO - [2024-01-30T16:31:57.581+0100] {dag.py:3033} INFO - Sync 1 DAGs
[2024-01-30T16:31:57.734+0100] {logging_mixin.py:188} INFO - [2024-01-30T16:31:57.729+0100] {dag.py:3820} INFO - Setting next_dagrun for example_trigger_target_dag to None, run_after=None
[2024-01-30T16:31:58.814+0100] {processor.py:183} INFO - Processing /home/ubuntu/.local/lib/python3.10/site-packages/airflow/example_dags/example_trigger_target_dag.py took 1.379 seconds
[2024-01-30T16:33:09.046+0100] {processor.py:161} INFO - Started process (PID=9404) to work on /home/ubuntu/.local/lib/python3.10/site-packages/airflow/example_dags/example_trigger_target_dag.py
[2024-01-30T16:33:09.051+0100] {processor.py:830} INFO - Processing file /home/ubuntu/.local/lib/python3.10/site-packages/airflow/example_dags/example_trigger_target_dag.py for tasks to queue
[2024-01-30T16:33:09.054+0100] {logging_mixin.py:188} INFO - [2024-01-30T16:33:09.053+0100] {dagbag.py:538} INFO - Filling up the DagBag from /home/ubuntu/.local/lib/python3.10/site-packages/airflow/example_dags/example_trigger_target_dag.py
[2024-01-30T16:33:09.074+0100] {processor.py:840} INFO - DAG(s) 'example_trigger_target_dag' retrieved from /home/ubuntu/.local/lib/python3.10/site-packages/airflow/example_dags/example_trigger_target_dag.py
[2024-01-30T16:33:09.110+0100] {logging_mixin.py:188} INFO - [2024-01-30T16:33:09.110+0100] {dag.py:3033} INFO - Sync 1 DAGs
[2024-01-30T16:33:09.131+0100] {logging_mixin.py:188} INFO - [2024-01-30T16:33:09.131+0100] {dag.py:3820} INFO - Setting next_dagrun for example_trigger_target_dag to None, run_after=None
[2024-01-30T16:33:09.270+0100] {processor.py:183} INFO - Processing /home/ubuntu/.local/lib/python3.10/site-packages/airflow/example_dags/example_trigger_target_dag.py took 0.231 seconds
[2024-01-30T16:48:15.306+0100] {processor.py:161} INFO - Started process (PID=5112) to work on /home/ubuntu/.local/lib/python3.10/site-packages/airflow/example_dags/example_trigger_target_dag.py
[2024-01-30T16:48:15.313+0100] {processor.py:830} INFO - Processing file /home/ubuntu/.local/lib/python3.10/site-packages/airflow/example_dags/example_trigger_target_dag.py for tasks to queue
[2024-01-30T16:48:15.315+0100] {logging_mixin.py:188} INFO - [2024-01-30T16:48:15.314+0100] {dagbag.py:538} INFO - Filling up the DagBag from /home/ubuntu/.local/lib/python3.10/site-packages/airflow/example_dags/example_trigger_target_dag.py
[2024-01-30T16:48:15.326+0100] {processor.py:840} INFO - DAG(s) 'example_trigger_target_dag' retrieved from /home/ubuntu/.local/lib/python3.10/site-packages/airflow/example_dags/example_trigger_target_dag.py
[2024-01-30T16:48:15.803+0100] {logging_mixin.py:188} INFO - [2024-01-30T16:48:15.802+0100] {dag.py:3033} INFO - Sync 1 DAGs
[2024-01-30T16:48:15.827+0100] {logging_mixin.py:188} INFO - [2024-01-30T16:48:15.827+0100] {dag.py:3820} INFO - Setting next_dagrun for example_trigger_target_dag to None, run_after=None
[2024-01-30T16:48:15.892+0100] {processor.py:183} INFO - Processing /home/ubuntu/.local/lib/python3.10/site-packages/airflow/example_dags/example_trigger_target_dag.py took 0.599 seconds
[2024-01-30T16:50:48.072+0100] {processor.py:161} INFO - Started process (PID=5321) to work on /home/ubuntu/.local/lib/python3.10/site-packages/airflow/example_dags/example_trigger_target_dag.py
[2024-01-30T16:50:48.080+0100] {processor.py:830} INFO - Processing file /home/ubuntu/.local/lib/python3.10/site-packages/airflow/example_dags/example_trigger_target_dag.py for tasks to queue
[2024-01-30T16:50:48.082+0100] {logging_mixin.py:188} INFO - [2024-01-30T16:50:48.081+0100] {dagbag.py:538} INFO - Filling up the DagBag from /home/ubuntu/.local/lib/python3.10/site-packages/airflow/example_dags/example_trigger_target_dag.py
[2024-01-30T16:50:48.099+0100] {processor.py:840} INFO - DAG(s) 'example_trigger_target_dag' retrieved from /home/ubuntu/.local/lib/python3.10/site-packages/airflow/example_dags/example_trigger_target_dag.py
[2024-01-30T16:50:48.140+0100] {logging_mixin.py:188} INFO - [2024-01-30T16:50:48.139+0100] {dag.py:3033} INFO - Sync 1 DAGs
[2024-01-30T16:50:48.163+0100] {logging_mixin.py:188} INFO - [2024-01-30T16:50:48.162+0100] {dag.py:3820} INFO - Setting next_dagrun for example_trigger_target_dag to None, run_after=None
[2024-01-30T16:50:48.220+0100] {processor.py:183} INFO - Processing /home/ubuntu/.local/lib/python3.10/site-packages/airflow/example_dags/example_trigger_target_dag.py took 0.153 seconds
[2024-01-30T16:51:32.085+0100] {processor.py:161} INFO - Started process (PID=5361) to work on /home/ubuntu/.local/lib/python3.10/site-packages/airflow/example_dags/example_trigger_target_dag.py
[2024-01-30T16:51:32.109+0100] {processor.py:830} INFO - Processing file /home/ubuntu/.local/lib/python3.10/site-packages/airflow/example_dags/example_trigger_target_dag.py for tasks to queue
[2024-01-30T16:51:32.116+0100] {logging_mixin.py:188} INFO - [2024-01-30T16:51:32.116+0100] {dagbag.py:538} INFO - Filling up the DagBag from /home/ubuntu/.local/lib/python3.10/site-packages/airflow/example_dags/example_trigger_target_dag.py
[2024-01-30T16:51:32.130+0100] {processor.py:840} INFO - DAG(s) 'example_trigger_target_dag' retrieved from /home/ubuntu/.local/lib/python3.10/site-packages/airflow/example_dags/example_trigger_target_dag.py
[2024-01-30T16:51:32.189+0100] {logging_mixin.py:188} INFO - [2024-01-30T16:51:32.189+0100] {dag.py:3033} INFO - Sync 1 DAGs
[2024-01-30T16:51:32.234+0100] {logging_mixin.py:188} INFO - [2024-01-30T16:51:32.234+0100] {dag.py:3820} INFO - Setting next_dagrun for example_trigger_target_dag to None, run_after=None
[2024-01-30T16:51:32.309+0100] {processor.py:183} INFO - Processing /home/ubuntu/.local/lib/python3.10/site-packages/airflow/example_dags/example_trigger_target_dag.py took 0.234 seconds
[2024-01-30T16:52:50.373+0100] {processor.py:161} INFO - Started process (PID=5436) to work on /home/ubuntu/.local/lib/python3.10/site-packages/airflow/example_dags/example_trigger_target_dag.py
[2024-01-30T16:52:50.386+0100] {processor.py:830} INFO - Processing file /home/ubuntu/.local/lib/python3.10/site-packages/airflow/example_dags/example_trigger_target_dag.py for tasks to queue
[2024-01-30T16:52:50.388+0100] {logging_mixin.py:188} INFO - [2024-01-30T16:52:50.387+0100] {dagbag.py:538} INFO - Filling up the DagBag from /home/ubuntu/.local/lib/python3.10/site-packages/airflow/example_dags/example_trigger_target_dag.py
[2024-01-30T16:52:50.434+0100] {processor.py:840} INFO - DAG(s) 'example_trigger_target_dag' retrieved from /home/ubuntu/.local/lib/python3.10/site-packages/airflow/example_dags/example_trigger_target_dag.py
[2024-01-30T16:52:50.494+0100] {logging_mixin.py:188} INFO - [2024-01-30T16:52:50.494+0100] {dag.py:3033} INFO - Sync 1 DAGs
[2024-01-30T16:52:50.519+0100] {logging_mixin.py:188} INFO - [2024-01-30T16:52:50.519+0100] {dag.py:3820} INFO - Setting next_dagrun for example_trigger_target_dag to None, run_after=None
[2024-01-30T16:52:50.620+0100] {processor.py:183} INFO - Processing /home/ubuntu/.local/lib/python3.10/site-packages/airflow/example_dags/example_trigger_target_dag.py took 0.252 seconds
[2024-01-30T16:54:06.236+0100] {processor.py:161} INFO - Started process (PID=5521) to work on /home/ubuntu/.local/lib/python3.10/site-packages/airflow/example_dags/example_trigger_target_dag.py
[2024-01-30T16:54:06.240+0100] {processor.py:830} INFO - Processing file /home/ubuntu/.local/lib/python3.10/site-packages/airflow/example_dags/example_trigger_target_dag.py for tasks to queue
[2024-01-30T16:54:06.277+0100] {logging_mixin.py:188} INFO - [2024-01-30T16:54:06.268+0100] {dagbag.py:538} INFO - Filling up the DagBag from /home/ubuntu/.local/lib/python3.10/site-packages/airflow/example_dags/example_trigger_target_dag.py
[2024-01-30T16:54:06.295+0100] {processor.py:840} INFO - DAG(s) 'example_trigger_target_dag' retrieved from /home/ubuntu/.local/lib/python3.10/site-packages/airflow/example_dags/example_trigger_target_dag.py
[2024-01-30T16:54:06.330+0100] {logging_mixin.py:188} INFO - [2024-01-30T16:54:06.330+0100] {dag.py:3033} INFO - Sync 1 DAGs
[2024-01-30T16:54:06.384+0100] {logging_mixin.py:188} INFO - [2024-01-30T16:54:06.384+0100] {dag.py:3820} INFO - Setting next_dagrun for example_trigger_target_dag to None, run_after=None
[2024-01-30T16:54:06.521+0100] {processor.py:183} INFO - Processing /home/ubuntu/.local/lib/python3.10/site-packages/airflow/example_dags/example_trigger_target_dag.py took 0.292 seconds
[2024-01-30T16:55:29.333+0100] {processor.py:161} INFO - Started process (PID=5681) to work on /home/ubuntu/.local/lib/python3.10/site-packages/airflow/example_dags/example_trigger_target_dag.py
[2024-01-30T16:55:29.337+0100] {processor.py:830} INFO - Processing file /home/ubuntu/.local/lib/python3.10/site-packages/airflow/example_dags/example_trigger_target_dag.py for tasks to queue
[2024-01-30T16:55:29.357+0100] {logging_mixin.py:188} INFO - [2024-01-30T16:55:29.356+0100] {dagbag.py:538} INFO - Filling up the DagBag from /home/ubuntu/.local/lib/python3.10/site-packages/airflow/example_dags/example_trigger_target_dag.py
[2024-01-30T16:55:29.393+0100] {processor.py:840} INFO - DAG(s) 'example_trigger_target_dag' retrieved from /home/ubuntu/.local/lib/python3.10/site-packages/airflow/example_dags/example_trigger_target_dag.py
[2024-01-30T16:55:29.428+0100] {logging_mixin.py:188} INFO - [2024-01-30T16:55:29.428+0100] {dag.py:3033} INFO - Sync 1 DAGs
[2024-01-30T16:55:29.464+0100] {logging_mixin.py:188} INFO - [2024-01-30T16:55:29.463+0100] {dag.py:3820} INFO - Setting next_dagrun for example_trigger_target_dag to None, run_after=None
[2024-01-30T16:55:29.519+0100] {processor.py:183} INFO - Processing /home/ubuntu/.local/lib/python3.10/site-packages/airflow/example_dags/example_trigger_target_dag.py took 0.199 seconds
[2024-01-30T16:56:19.218+0100] {processor.py:161} INFO - Started process (PID=5722) to work on /home/ubuntu/.local/lib/python3.10/site-packages/airflow/example_dags/example_trigger_target_dag.py
[2024-01-30T16:56:19.234+0100] {processor.py:830} INFO - Processing file /home/ubuntu/.local/lib/python3.10/site-packages/airflow/example_dags/example_trigger_target_dag.py for tasks to queue
[2024-01-30T16:56:19.236+0100] {logging_mixin.py:188} INFO - [2024-01-30T16:56:19.236+0100] {dagbag.py:538} INFO - Filling up the DagBag from /home/ubuntu/.local/lib/python3.10/site-packages/airflow/example_dags/example_trigger_target_dag.py
[2024-01-30T16:56:19.247+0100] {processor.py:840} INFO - DAG(s) 'example_trigger_target_dag' retrieved from /home/ubuntu/.local/lib/python3.10/site-packages/airflow/example_dags/example_trigger_target_dag.py
[2024-01-30T16:56:19.317+0100] {logging_mixin.py:188} INFO - [2024-01-30T16:56:19.316+0100] {dag.py:3033} INFO - Sync 1 DAGs
[2024-01-30T16:56:19.363+0100] {logging_mixin.py:188} INFO - [2024-01-30T16:56:19.362+0100] {dag.py:3820} INFO - Setting next_dagrun for example_trigger_target_dag to None, run_after=None
[2024-01-30T16:56:19.566+0100] {processor.py:183} INFO - Processing /home/ubuntu/.local/lib/python3.10/site-packages/airflow/example_dags/example_trigger_target_dag.py took 0.360 seconds
[2024-01-30T16:57:00.836+0100] {processor.py:161} INFO - Started process (PID=5758) to work on /home/ubuntu/.local/lib/python3.10/site-packages/airflow/example_dags/example_trigger_target_dag.py
[2024-01-30T16:57:00.840+0100] {processor.py:830} INFO - Processing file /home/ubuntu/.local/lib/python3.10/site-packages/airflow/example_dags/example_trigger_target_dag.py for tasks to queue
[2024-01-30T16:57:00.843+0100] {logging_mixin.py:188} INFO - [2024-01-30T16:57:00.842+0100] {dagbag.py:538} INFO - Filling up the DagBag from /home/ubuntu/.local/lib/python3.10/site-packages/airflow/example_dags/example_trigger_target_dag.py
[2024-01-30T16:57:00.865+0100] {processor.py:840} INFO - DAG(s) 'example_trigger_target_dag' retrieved from /home/ubuntu/.local/lib/python3.10/site-packages/airflow/example_dags/example_trigger_target_dag.py
[2024-01-30T16:57:00.899+0100] {logging_mixin.py:188} INFO - [2024-01-30T16:57:00.899+0100] {dag.py:3033} INFO - Sync 1 DAGs
[2024-01-30T16:57:00.969+0100] {logging_mixin.py:188} INFO - [2024-01-30T16:57:00.968+0100] {dag.py:3820} INFO - Setting next_dagrun for example_trigger_target_dag to None, run_after=None
[2024-01-30T16:57:01.080+0100] {processor.py:183} INFO - Processing /home/ubuntu/.local/lib/python3.10/site-packages/airflow/example_dags/example_trigger_target_dag.py took 0.253 seconds
[2024-01-30T16:57:46.188+0100] {processor.py:161} INFO - Started process (PID=5797) to work on /home/ubuntu/.local/lib/python3.10/site-packages/airflow/example_dags/example_trigger_target_dag.py
[2024-01-30T16:57:46.208+0100] {processor.py:830} INFO - Processing file /home/ubuntu/.local/lib/python3.10/site-packages/airflow/example_dags/example_trigger_target_dag.py for tasks to queue
[2024-01-30T16:57:46.210+0100] {logging_mixin.py:188} INFO - [2024-01-30T16:57:46.209+0100] {dagbag.py:538} INFO - Filling up the DagBag from /home/ubuntu/.local/lib/python3.10/site-packages/airflow/example_dags/example_trigger_target_dag.py
[2024-01-30T16:57:46.241+0100] {processor.py:840} INFO - DAG(s) 'example_trigger_target_dag' retrieved from /home/ubuntu/.local/lib/python3.10/site-packages/airflow/example_dags/example_trigger_target_dag.py
[2024-01-30T16:57:46.322+0100] {logging_mixin.py:188} INFO - [2024-01-30T16:57:46.322+0100] {dag.py:3033} INFO - Sync 1 DAGs
[2024-01-30T16:57:46.369+0100] {logging_mixin.py:188} INFO - [2024-01-30T16:57:46.368+0100] {dag.py:3820} INFO - Setting next_dagrun for example_trigger_target_dag to None, run_after=None
[2024-01-30T16:57:46.525+0100] {processor.py:183} INFO - Processing /home/ubuntu/.local/lib/python3.10/site-packages/airflow/example_dags/example_trigger_target_dag.py took 0.375 seconds
[2024-01-30T16:58:54.537+0100] {processor.py:161} INFO - Started process (PID=5868) to work on /home/ubuntu/.local/lib/python3.10/site-packages/airflow/example_dags/example_trigger_target_dag.py
[2024-01-30T16:58:54.540+0100] {processor.py:830} INFO - Processing file /home/ubuntu/.local/lib/python3.10/site-packages/airflow/example_dags/example_trigger_target_dag.py for tasks to queue
[2024-01-30T16:58:54.543+0100] {logging_mixin.py:188} INFO - [2024-01-30T16:58:54.541+0100] {dagbag.py:538} INFO - Filling up the DagBag from /home/ubuntu/.local/lib/python3.10/site-packages/airflow/example_dags/example_trigger_target_dag.py
[2024-01-30T16:58:54.552+0100] {processor.py:840} INFO - DAG(s) 'example_trigger_target_dag' retrieved from /home/ubuntu/.local/lib/python3.10/site-packages/airflow/example_dags/example_trigger_target_dag.py
[2024-01-30T16:58:54.579+0100] {logging_mixin.py:188} INFO - [2024-01-30T16:58:54.579+0100] {dag.py:3033} INFO - Sync 1 DAGs
[2024-01-30T16:58:54.593+0100] {logging_mixin.py:188} INFO - [2024-01-30T16:58:54.593+0100] {dag.py:3820} INFO - Setting next_dagrun for example_trigger_target_dag to None, run_after=None
[2024-01-30T16:58:54.630+0100] {processor.py:183} INFO - Processing /home/ubuntu/.local/lib/python3.10/site-packages/airflow/example_dags/example_trigger_target_dag.py took 0.098 seconds
[2024-01-30T17:00:38.588+0100] {processor.py:161} INFO - Started process (PID=6067) to work on /home/ubuntu/.local/lib/python3.10/site-packages/airflow/example_dags/example_trigger_target_dag.py
[2024-01-30T17:00:38.592+0100] {processor.py:830} INFO - Processing file /home/ubuntu/.local/lib/python3.10/site-packages/airflow/example_dags/example_trigger_target_dag.py for tasks to queue
[2024-01-30T17:00:38.595+0100] {logging_mixin.py:188} INFO - [2024-01-30T17:00:38.594+0100] {dagbag.py:538} INFO - Filling up the DagBag from /home/ubuntu/.local/lib/python3.10/site-packages/airflow/example_dags/example_trigger_target_dag.py
[2024-01-30T17:00:38.607+0100] {processor.py:840} INFO - DAG(s) 'example_trigger_target_dag' retrieved from /home/ubuntu/.local/lib/python3.10/site-packages/airflow/example_dags/example_trigger_target_dag.py
[2024-01-30T17:00:38.634+0100] {logging_mixin.py:188} INFO - [2024-01-30T17:00:38.633+0100] {dag.py:3033} INFO - Sync 1 DAGs
[2024-01-30T17:00:38.650+0100] {logging_mixin.py:188} INFO - [2024-01-30T17:00:38.649+0100] {dag.py:3820} INFO - Setting next_dagrun for example_trigger_target_dag to None, run_after=None
[2024-01-30T17:00:38.684+0100] {processor.py:183} INFO - Processing /home/ubuntu/.local/lib/python3.10/site-packages/airflow/example_dags/example_trigger_target_dag.py took 0.101 seconds
[2024-01-30T17:01:44.200+0100] {processor.py:161} INFO - Started process (PID=6123) to work on /home/ubuntu/.local/lib/python3.10/site-packages/airflow/example_dags/example_trigger_target_dag.py
[2024-01-30T17:01:44.204+0100] {processor.py:830} INFO - Processing file /home/ubuntu/.local/lib/python3.10/site-packages/airflow/example_dags/example_trigger_target_dag.py for tasks to queue
[2024-01-30T17:01:44.207+0100] {logging_mixin.py:188} INFO - [2024-01-30T17:01:44.206+0100] {dagbag.py:538} INFO - Filling up the DagBag from /home/ubuntu/.local/lib/python3.10/site-packages/airflow/example_dags/example_trigger_target_dag.py
[2024-01-30T17:01:44.218+0100] {processor.py:840} INFO - DAG(s) 'example_trigger_target_dag' retrieved from /home/ubuntu/.local/lib/python3.10/site-packages/airflow/example_dags/example_trigger_target_dag.py
[2024-01-30T17:01:44.259+0100] {logging_mixin.py:188} INFO - [2024-01-30T17:01:44.259+0100] {dag.py:3033} INFO - Sync 1 DAGs
[2024-01-30T17:01:44.281+0100] {logging_mixin.py:188} INFO - [2024-01-30T17:01:44.280+0100] {dag.py:3820} INFO - Setting next_dagrun for example_trigger_target_dag to None, run_after=None
[2024-01-30T17:01:44.390+0100] {processor.py:183} INFO - Processing /home/ubuntu/.local/lib/python3.10/site-packages/airflow/example_dags/example_trigger_target_dag.py took 0.194 seconds
[2024-01-30T17:02:26.057+0100] {processor.py:161} INFO - Started process (PID=6165) to work on /home/ubuntu/.local/lib/python3.10/site-packages/airflow/example_dags/example_trigger_target_dag.py
[2024-01-30T17:02:26.069+0100] {processor.py:830} INFO - Processing file /home/ubuntu/.local/lib/python3.10/site-packages/airflow/example_dags/example_trigger_target_dag.py for tasks to queue
[2024-01-30T17:02:26.072+0100] {logging_mixin.py:188} INFO - [2024-01-30T17:02:26.071+0100] {dagbag.py:538} INFO - Filling up the DagBag from /home/ubuntu/.local/lib/python3.10/site-packages/airflow/example_dags/example_trigger_target_dag.py
[2024-01-30T17:02:26.112+0100] {processor.py:840} INFO - DAG(s) 'example_trigger_target_dag' retrieved from /home/ubuntu/.local/lib/python3.10/site-packages/airflow/example_dags/example_trigger_target_dag.py
[2024-01-30T17:02:26.149+0100] {logging_mixin.py:188} INFO - [2024-01-30T17:02:26.146+0100] {dag.py:3033} INFO - Sync 1 DAGs
[2024-01-30T17:02:26.171+0100] {logging_mixin.py:188} INFO - [2024-01-30T17:02:26.171+0100] {dag.py:3820} INFO - Setting next_dagrun for example_trigger_target_dag to None, run_after=None
[2024-01-30T17:02:26.257+0100] {processor.py:183} INFO - Processing /home/ubuntu/.local/lib/python3.10/site-packages/airflow/example_dags/example_trigger_target_dag.py took 0.204 seconds
[2024-01-30T17:03:40.104+0100] {processor.py:161} INFO - Started process (PID=6235) to work on /home/ubuntu/.local/lib/python3.10/site-packages/airflow/example_dags/example_trigger_target_dag.py
[2024-01-30T17:03:40.115+0100] {processor.py:830} INFO - Processing file /home/ubuntu/.local/lib/python3.10/site-packages/airflow/example_dags/example_trigger_target_dag.py for tasks to queue
[2024-01-30T17:03:40.120+0100] {logging_mixin.py:188} INFO - [2024-01-30T17:03:40.116+0100] {dagbag.py:538} INFO - Filling up the DagBag from /home/ubuntu/.local/lib/python3.10/site-packages/airflow/example_dags/example_trigger_target_dag.py
[2024-01-30T17:03:40.133+0100] {processor.py:840} INFO - DAG(s) 'example_trigger_target_dag' retrieved from /home/ubuntu/.local/lib/python3.10/site-packages/airflow/example_dags/example_trigger_target_dag.py
[2024-01-30T17:03:40.188+0100] {logging_mixin.py:188} INFO - [2024-01-30T17:03:40.188+0100] {dag.py:3033} INFO - Sync 1 DAGs
[2024-01-30T17:03:40.215+0100] {logging_mixin.py:188} INFO - [2024-01-30T17:03:40.214+0100] {dag.py:3820} INFO - Setting next_dagrun for example_trigger_target_dag to None, run_after=None
[2024-01-30T17:03:40.284+0100] {processor.py:183} INFO - Processing /home/ubuntu/.local/lib/python3.10/site-packages/airflow/example_dags/example_trigger_target_dag.py took 0.199 seconds
[2024-01-30T17:04:57.356+0100] {processor.py:161} INFO - Started process (PID=6303) to work on /home/ubuntu/.local/lib/python3.10/site-packages/airflow/example_dags/example_trigger_target_dag.py
[2024-01-30T17:04:57.359+0100] {processor.py:830} INFO - Processing file /home/ubuntu/.local/lib/python3.10/site-packages/airflow/example_dags/example_trigger_target_dag.py for tasks to queue
[2024-01-30T17:04:57.361+0100] {logging_mixin.py:188} INFO - [2024-01-30T17:04:57.360+0100] {dagbag.py:538} INFO - Filling up the DagBag from /home/ubuntu/.local/lib/python3.10/site-packages/airflow/example_dags/example_trigger_target_dag.py
[2024-01-30T17:04:57.382+0100] {processor.py:840} INFO - DAG(s) 'example_trigger_target_dag' retrieved from /home/ubuntu/.local/lib/python3.10/site-packages/airflow/example_dags/example_trigger_target_dag.py
[2024-01-30T17:04:57.432+0100] {logging_mixin.py:188} INFO - [2024-01-30T17:04:57.431+0100] {dag.py:3033} INFO - Sync 1 DAGs
[2024-01-30T17:04:57.463+0100] {logging_mixin.py:188} INFO - [2024-01-30T17:04:57.463+0100] {dag.py:3820} INFO - Setting next_dagrun for example_trigger_target_dag to None, run_after=None
[2024-01-30T17:04:57.512+0100] {processor.py:183} INFO - Processing /home/ubuntu/.local/lib/python3.10/site-packages/airflow/example_dags/example_trigger_target_dag.py took 0.161 seconds
[2024-01-30T17:06:18.867+0100] {processor.py:161} INFO - Started process (PID=6371) to work on /home/ubuntu/.local/lib/python3.10/site-packages/airflow/example_dags/example_trigger_target_dag.py
[2024-01-30T17:06:18.870+0100] {processor.py:830} INFO - Processing file /home/ubuntu/.local/lib/python3.10/site-packages/airflow/example_dags/example_trigger_target_dag.py for tasks to queue
[2024-01-30T17:06:18.871+0100] {logging_mixin.py:188} INFO - [2024-01-30T17:06:18.871+0100] {dagbag.py:538} INFO - Filling up the DagBag from /home/ubuntu/.local/lib/python3.10/site-packages/airflow/example_dags/example_trigger_target_dag.py
[2024-01-30T17:06:18.892+0100] {processor.py:840} INFO - DAG(s) 'example_trigger_target_dag' retrieved from /home/ubuntu/.local/lib/python3.10/site-packages/airflow/example_dags/example_trigger_target_dag.py
[2024-01-30T17:06:18.920+0100] {logging_mixin.py:188} INFO - [2024-01-30T17:06:18.920+0100] {dag.py:3033} INFO - Sync 1 DAGs
[2024-01-30T17:06:18.964+0100] {logging_mixin.py:188} INFO - [2024-01-30T17:06:18.964+0100] {dag.py:3820} INFO - Setting next_dagrun for example_trigger_target_dag to None, run_after=None
[2024-01-30T17:06:19.029+0100] {processor.py:183} INFO - Processing /home/ubuntu/.local/lib/python3.10/site-packages/airflow/example_dags/example_trigger_target_dag.py took 0.168 seconds
[2024-01-30T17:07:39.305+0100] {processor.py:161} INFO - Started process (PID=6442) to work on /home/ubuntu/.local/lib/python3.10/site-packages/airflow/example_dags/example_trigger_target_dag.py
[2024-01-30T17:07:39.309+0100] {processor.py:830} INFO - Processing file /home/ubuntu/.local/lib/python3.10/site-packages/airflow/example_dags/example_trigger_target_dag.py for tasks to queue
[2024-01-30T17:07:39.335+0100] {logging_mixin.py:188} INFO - [2024-01-30T17:07:39.327+0100] {dagbag.py:538} INFO - Filling up the DagBag from /home/ubuntu/.local/lib/python3.10/site-packages/airflow/example_dags/example_trigger_target_dag.py
[2024-01-30T17:07:39.372+0100] {processor.py:840} INFO - DAG(s) 'example_trigger_target_dag' retrieved from /home/ubuntu/.local/lib/python3.10/site-packages/airflow/example_dags/example_trigger_target_dag.py
[2024-01-30T17:07:39.413+0100] {logging_mixin.py:188} INFO - [2024-01-30T17:07:39.413+0100] {dag.py:3033} INFO - Sync 1 DAGs
[2024-01-30T17:07:39.465+0100] {logging_mixin.py:188} INFO - [2024-01-30T17:07:39.465+0100] {dag.py:3820} INFO - Setting next_dagrun for example_trigger_target_dag to None, run_after=None
[2024-01-30T17:07:39.930+0100] {processor.py:183} INFO - Processing /home/ubuntu/.local/lib/python3.10/site-packages/airflow/example_dags/example_trigger_target_dag.py took 0.640 seconds
