[2024-01-30T13:50:58.508+0100] {processor.py:161} INFO - Started process (PID=6166) to work on /home/ubuntu/.local/lib/python3.10/site-packages/airflow/example_dags/example_branch_operator.py
[2024-01-30T13:50:58.510+0100] {processor.py:830} INFO - Processing file /home/ubuntu/.local/lib/python3.10/site-packages/airflow/example_dags/example_branch_operator.py for tasks to queue
[2024-01-30T13:50:58.512+0100] {logging_mixin.py:188} INFO - [2024-01-30T13:50:58.512+0100] {dagbag.py:538} INFO - Filling up the DagBag from /home/ubuntu/.local/lib/python3.10/site-packages/airflow/example_dags/example_branch_operator.py
[2024-01-30T13:50:58.627+0100] {processor.py:840} INFO - DAG(s) 'example_branch_operator' retrieved from /home/ubuntu/.local/lib/python3.10/site-packages/airflow/example_dags/example_branch_operator.py
[2024-01-30T13:50:58.909+0100] {logging_mixin.py:188} INFO - [2024-01-30T13:50:58.909+0100] {dag.py:3033} INFO - Sync 1 DAGs
[2024-01-30T13:50:58.975+0100] {logging_mixin.py:188} INFO - [2024-01-30T13:50:58.974+0100] {dag.py:3820} INFO - Setting next_dagrun for example_branch_operator to 2024-01-29T00:00:00+00:00, run_after=2024-01-30T00:00:00+00:00
[2024-01-30T13:50:59.165+0100] {processor.py:183} INFO - Processing /home/ubuntu/.local/lib/python3.10/site-packages/airflow/example_dags/example_branch_operator.py took 0.669 seconds
[2024-01-30T13:52:18.435+0100] {processor.py:161} INFO - Started process (PID=6231) to work on /home/ubuntu/.local/lib/python3.10/site-packages/airflow/example_dags/example_branch_operator.py
[2024-01-30T13:52:18.439+0100] {processor.py:830} INFO - Processing file /home/ubuntu/.local/lib/python3.10/site-packages/airflow/example_dags/example_branch_operator.py for tasks to queue
[2024-01-30T13:52:18.440+0100] {logging_mixin.py:188} INFO - [2024-01-30T13:52:18.440+0100] {dagbag.py:538} INFO - Filling up the DagBag from /home/ubuntu/.local/lib/python3.10/site-packages/airflow/example_dags/example_branch_operator.py
[2024-01-30T13:52:18.467+0100] {processor.py:840} INFO - DAG(s) 'example_branch_operator' retrieved from /home/ubuntu/.local/lib/python3.10/site-packages/airflow/example_dags/example_branch_operator.py
[2024-01-30T13:52:18.504+0100] {logging_mixin.py:188} INFO - [2024-01-30T13:52:18.504+0100] {dag.py:3033} INFO - Sync 1 DAGs
[2024-01-30T13:52:18.530+0100] {logging_mixin.py:188} INFO - [2024-01-30T13:52:18.530+0100] {dag.py:3820} INFO - Setting next_dagrun for example_branch_operator to 2024-01-29T00:00:00+00:00, run_after=2024-01-30T00:00:00+00:00
[2024-01-30T13:52:18.567+0100] {processor.py:183} INFO - Processing /home/ubuntu/.local/lib/python3.10/site-packages/airflow/example_dags/example_branch_operator.py took 0.137 seconds
[2024-01-30T15:53:24.523+0100] {processor.py:161} INFO - Started process (PID=6371) to work on /home/ubuntu/.local/lib/python3.10/site-packages/airflow/example_dags/example_branch_operator.py
[2024-01-30T15:53:24.526+0100] {processor.py:830} INFO - Processing file /home/ubuntu/.local/lib/python3.10/site-packages/airflow/example_dags/example_branch_operator.py for tasks to queue
[2024-01-30T15:53:24.528+0100] {logging_mixin.py:188} INFO - [2024-01-30T15:53:24.527+0100] {dagbag.py:538} INFO - Filling up the DagBag from /home/ubuntu/.local/lib/python3.10/site-packages/airflow/example_dags/example_branch_operator.py
[2024-01-30T15:53:24.552+0100] {processor.py:840} INFO - DAG(s) 'example_branch_operator' retrieved from /home/ubuntu/.local/lib/python3.10/site-packages/airflow/example_dags/example_branch_operator.py
[2024-01-30T15:53:24.582+0100] {logging_mixin.py:188} INFO - [2024-01-30T15:53:24.581+0100] {dag.py:3033} INFO - Sync 1 DAGs
[2024-01-30T15:53:24.610+0100] {logging_mixin.py:188} INFO - [2024-01-30T15:53:24.610+0100] {dag.py:3820} INFO - Setting next_dagrun for example_branch_operator to 2024-01-29T00:00:00+00:00, run_after=2024-01-30T00:00:00+00:00
[2024-01-30T15:53:24.645+0100] {processor.py:183} INFO - Processing /home/ubuntu/.local/lib/python3.10/site-packages/airflow/example_dags/example_branch_operator.py took 0.127 seconds
[2024-01-30T15:54:25.071+0100] {processor.py:161} INFO - Started process (PID=6441) to work on /home/ubuntu/.local/lib/python3.10/site-packages/airflow/example_dags/example_branch_operator.py
[2024-01-30T15:54:25.101+0100] {processor.py:830} INFO - Processing file /home/ubuntu/.local/lib/python3.10/site-packages/airflow/example_dags/example_branch_operator.py for tasks to queue
[2024-01-30T15:54:25.106+0100] {logging_mixin.py:188} INFO - [2024-01-30T15:54:25.103+0100] {dagbag.py:538} INFO - Filling up the DagBag from /home/ubuntu/.local/lib/python3.10/site-packages/airflow/example_dags/example_branch_operator.py
[2024-01-30T15:54:25.221+0100] {processor.py:840} INFO - DAG(s) 'example_branch_operator' retrieved from /home/ubuntu/.local/lib/python3.10/site-packages/airflow/example_dags/example_branch_operator.py
[2024-01-30T15:54:25.298+0100] {logging_mixin.py:188} INFO - [2024-01-30T15:54:25.298+0100] {dag.py:3033} INFO - Sync 1 DAGs
[2024-01-30T15:54:25.345+0100] {logging_mixin.py:188} INFO - [2024-01-30T15:54:25.344+0100] {dag.py:3820} INFO - Setting next_dagrun for example_branch_operator to 2024-01-29T00:00:00+00:00, run_after=2024-01-30T00:00:00+00:00
[2024-01-30T15:54:25.408+0100] {processor.py:183} INFO - Processing /home/ubuntu/.local/lib/python3.10/site-packages/airflow/example_dags/example_branch_operator.py took 0.401 seconds
[2024-01-30T15:55:18.667+0100] {processor.py:161} INFO - Started process (PID=6498) to work on /home/ubuntu/.local/lib/python3.10/site-packages/airflow/example_dags/example_branch_operator.py
[2024-01-30T15:55:18.670+0100] {processor.py:830} INFO - Processing file /home/ubuntu/.local/lib/python3.10/site-packages/airflow/example_dags/example_branch_operator.py for tasks to queue
[2024-01-30T15:55:18.672+0100] {logging_mixin.py:188} INFO - [2024-01-30T15:55:18.671+0100] {dagbag.py:538} INFO - Filling up the DagBag from /home/ubuntu/.local/lib/python3.10/site-packages/airflow/example_dags/example_branch_operator.py
[2024-01-30T15:55:18.727+0100] {processor.py:840} INFO - DAG(s) 'example_branch_operator' retrieved from /home/ubuntu/.local/lib/python3.10/site-packages/airflow/example_dags/example_branch_operator.py
[2024-01-30T15:55:18.762+0100] {logging_mixin.py:188} INFO - [2024-01-30T15:55:18.762+0100] {dag.py:3033} INFO - Sync 1 DAGs
[2024-01-30T15:55:18.790+0100] {logging_mixin.py:188} INFO - [2024-01-30T15:55:18.790+0100] {dag.py:3820} INFO - Setting next_dagrun for example_branch_operator to 2024-01-29T00:00:00+00:00, run_after=2024-01-30T00:00:00+00:00
[2024-01-30T15:55:18.903+0100] {processor.py:183} INFO - Processing /home/ubuntu/.local/lib/python3.10/site-packages/airflow/example_dags/example_branch_operator.py took 0.242 seconds
[2024-01-30T15:56:20.310+0100] {processor.py:161} INFO - Started process (PID=6555) to work on /home/ubuntu/.local/lib/python3.10/site-packages/airflow/example_dags/example_branch_operator.py
[2024-01-30T15:56:20.313+0100] {processor.py:830} INFO - Processing file /home/ubuntu/.local/lib/python3.10/site-packages/airflow/example_dags/example_branch_operator.py for tasks to queue
[2024-01-30T15:56:20.315+0100] {logging_mixin.py:188} INFO - [2024-01-30T15:56:20.314+0100] {dagbag.py:538} INFO - Filling up the DagBag from /home/ubuntu/.local/lib/python3.10/site-packages/airflow/example_dags/example_branch_operator.py
[2024-01-30T15:56:20.339+0100] {processor.py:840} INFO - DAG(s) 'example_branch_operator' retrieved from /home/ubuntu/.local/lib/python3.10/site-packages/airflow/example_dags/example_branch_operator.py
[2024-01-30T15:56:20.364+0100] {logging_mixin.py:188} INFO - [2024-01-30T15:56:20.364+0100] {dag.py:3033} INFO - Sync 1 DAGs
[2024-01-30T15:56:20.394+0100] {logging_mixin.py:188} INFO - [2024-01-30T15:56:20.394+0100] {dag.py:3820} INFO - Setting next_dagrun for example_branch_operator to 2024-01-29T00:00:00+00:00, run_after=2024-01-30T00:00:00+00:00
[2024-01-30T15:56:20.430+0100] {processor.py:183} INFO - Processing /home/ubuntu/.local/lib/python3.10/site-packages/airflow/example_dags/example_branch_operator.py took 0.124 seconds
[2024-01-30T15:59:14.460+0100] {processor.py:161} INFO - Started process (PID=7802) to work on /home/ubuntu/.local/lib/python3.10/site-packages/airflow/example_dags/example_branch_operator.py
[2024-01-30T15:59:14.478+0100] {processor.py:830} INFO - Processing file /home/ubuntu/.local/lib/python3.10/site-packages/airflow/example_dags/example_branch_operator.py for tasks to queue
[2024-01-30T15:59:14.481+0100] {logging_mixin.py:188} INFO - [2024-01-30T15:59:14.479+0100] {dagbag.py:538} INFO - Filling up the DagBag from /home/ubuntu/.local/lib/python3.10/site-packages/airflow/example_dags/example_branch_operator.py
[2024-01-30T15:59:14.635+0100] {processor.py:840} INFO - DAG(s) 'example_branch_operator' retrieved from /home/ubuntu/.local/lib/python3.10/site-packages/airflow/example_dags/example_branch_operator.py
[2024-01-30T15:59:14.747+0100] {logging_mixin.py:188} INFO - [2024-01-30T15:59:14.746+0100] {dag.py:3033} INFO - Sync 1 DAGs
[2024-01-30T15:59:14.848+0100] {logging_mixin.py:188} INFO - [2024-01-30T15:59:14.847+0100] {dag.py:3820} INFO - Setting next_dagrun for example_branch_operator to 2024-01-29T00:00:00+00:00, run_after=2024-01-30T00:00:00+00:00
[2024-01-30T15:59:14.961+0100] {processor.py:183} INFO - Processing /home/ubuntu/.local/lib/python3.10/site-packages/airflow/example_dags/example_branch_operator.py took 0.527 seconds
[2024-01-30T16:01:04.636+0100] {processor.py:161} INFO - Started process (PID=8348) to work on /home/ubuntu/.local/lib/python3.10/site-packages/airflow/example_dags/example_branch_operator.py
[2024-01-30T16:01:04.645+0100] {processor.py:830} INFO - Processing file /home/ubuntu/.local/lib/python3.10/site-packages/airflow/example_dags/example_branch_operator.py for tasks to queue
[2024-01-30T16:01:04.646+0100] {logging_mixin.py:188} INFO - [2024-01-30T16:01:04.646+0100] {dagbag.py:538} INFO - Filling up the DagBag from /home/ubuntu/.local/lib/python3.10/site-packages/airflow/example_dags/example_branch_operator.py
[2024-01-30T16:01:04.844+0100] {processor.py:840} INFO - DAG(s) 'example_branch_operator' retrieved from /home/ubuntu/.local/lib/python3.10/site-packages/airflow/example_dags/example_branch_operator.py
[2024-01-30T16:01:04.907+0100] {logging_mixin.py:188} INFO - [2024-01-30T16:01:04.907+0100] {dag.py:3033} INFO - Sync 1 DAGs
[2024-01-30T16:01:04.959+0100] {logging_mixin.py:188} INFO - [2024-01-30T16:01:04.959+0100] {dag.py:3820} INFO - Setting next_dagrun for example_branch_operator to 2024-01-29T00:00:00+00:00, run_after=2024-01-30T00:00:00+00:00
[2024-01-30T16:01:05.133+0100] {processor.py:183} INFO - Processing /home/ubuntu/.local/lib/python3.10/site-packages/airflow/example_dags/example_branch_operator.py took 0.502 seconds
[2024-01-30T16:02:56.002+0100] {processor.py:161} INFO - Started process (PID=8442) to work on /home/ubuntu/.local/lib/python3.10/site-packages/airflow/example_dags/example_branch_operator.py
[2024-01-30T16:02:56.005+0100] {processor.py:830} INFO - Processing file /home/ubuntu/.local/lib/python3.10/site-packages/airflow/example_dags/example_branch_operator.py for tasks to queue
[2024-01-30T16:02:56.007+0100] {logging_mixin.py:188} INFO - [2024-01-30T16:02:56.006+0100] {dagbag.py:538} INFO - Filling up the DagBag from /home/ubuntu/.local/lib/python3.10/site-packages/airflow/example_dags/example_branch_operator.py
[2024-01-30T16:02:56.080+0100] {processor.py:840} INFO - DAG(s) 'example_branch_operator' retrieved from /home/ubuntu/.local/lib/python3.10/site-packages/airflow/example_dags/example_branch_operator.py
[2024-01-30T16:02:56.156+0100] {logging_mixin.py:188} INFO - [2024-01-30T16:02:56.156+0100] {dag.py:3033} INFO - Sync 1 DAGs
[2024-01-30T16:02:56.224+0100] {logging_mixin.py:188} INFO - [2024-01-30T16:02:56.224+0100] {dag.py:3820} INFO - Setting next_dagrun for example_branch_operator to 2024-01-29T00:00:00+00:00, run_after=2024-01-30T00:00:00+00:00
[2024-01-30T16:02:56.308+0100] {processor.py:183} INFO - Processing /home/ubuntu/.local/lib/python3.10/site-packages/airflow/example_dags/example_branch_operator.py took 0.317 seconds
[2024-01-30T16:07:41.197+0100] {processor.py:161} INFO - Started process (PID=9359) to work on /home/ubuntu/.local/lib/python3.10/site-packages/airflow/example_dags/example_branch_operator.py
[2024-01-30T16:07:41.201+0100] {processor.py:830} INFO - Processing file /home/ubuntu/.local/lib/python3.10/site-packages/airflow/example_dags/example_branch_operator.py for tasks to queue
[2024-01-30T16:07:41.204+0100] {logging_mixin.py:188} INFO - [2024-01-30T16:07:41.203+0100] {dagbag.py:538} INFO - Filling up the DagBag from /home/ubuntu/.local/lib/python3.10/site-packages/airflow/example_dags/example_branch_operator.py
[2024-01-30T16:07:41.402+0100] {processor.py:840} INFO - DAG(s) 'example_branch_operator' retrieved from /home/ubuntu/.local/lib/python3.10/site-packages/airflow/example_dags/example_branch_operator.py
[2024-01-30T16:07:41.730+0100] {logging_mixin.py:188} INFO - [2024-01-30T16:07:41.729+0100] {dag.py:3033} INFO - Sync 1 DAGs
[2024-01-30T16:07:41.962+0100] {logging_mixin.py:188} INFO - [2024-01-30T16:07:41.962+0100] {dag.py:3820} INFO - Setting next_dagrun for example_branch_operator to 2024-01-29T00:00:00+00:00, run_after=2024-01-30T00:00:00+00:00
[2024-01-30T16:07:42.511+0100] {processor.py:183} INFO - Processing /home/ubuntu/.local/lib/python3.10/site-packages/airflow/example_dags/example_branch_operator.py took 1.323 seconds
[2024-01-30T16:18:13.053+0100] {processor.py:161} INFO - Started process (PID=5651) to work on /home/ubuntu/.local/lib/python3.10/site-packages/airflow/example_dags/example_branch_operator.py
[2024-01-30T16:18:13.057+0100] {processor.py:830} INFO - Processing file /home/ubuntu/.local/lib/python3.10/site-packages/airflow/example_dags/example_branch_operator.py for tasks to queue
[2024-01-30T16:18:13.060+0100] {logging_mixin.py:188} INFO - [2024-01-30T16:18:13.059+0100] {dagbag.py:538} INFO - Filling up the DagBag from /home/ubuntu/.local/lib/python3.10/site-packages/airflow/example_dags/example_branch_operator.py
[2024-01-30T16:18:13.118+0100] {processor.py:840} INFO - DAG(s) 'example_branch_operator' retrieved from /home/ubuntu/.local/lib/python3.10/site-packages/airflow/example_dags/example_branch_operator.py
[2024-01-30T16:18:13.488+0100] {logging_mixin.py:188} INFO - [2024-01-30T16:18:13.487+0100] {dag.py:3033} INFO - Sync 1 DAGs
[2024-01-30T16:18:13.612+0100] {logging_mixin.py:188} INFO - [2024-01-30T16:18:13.611+0100] {dag.py:3820} INFO - Setting next_dagrun for example_branch_operator to 2024-01-29T00:00:00+00:00, run_after=2024-01-30T00:00:00+00:00
[2024-01-30T16:18:13.815+0100] {processor.py:183} INFO - Processing /home/ubuntu/.local/lib/python3.10/site-packages/airflow/example_dags/example_branch_operator.py took 0.769 seconds
[2024-01-30T16:19:43.167+0100] {processor.py:161} INFO - Started process (PID=5940) to work on /home/ubuntu/.local/lib/python3.10/site-packages/airflow/example_dags/example_branch_operator.py
[2024-01-30T16:19:43.170+0100] {processor.py:830} INFO - Processing file /home/ubuntu/.local/lib/python3.10/site-packages/airflow/example_dags/example_branch_operator.py for tasks to queue
[2024-01-30T16:19:43.171+0100] {logging_mixin.py:188} INFO - [2024-01-30T16:19:43.171+0100] {dagbag.py:538} INFO - Filling up the DagBag from /home/ubuntu/.local/lib/python3.10/site-packages/airflow/example_dags/example_branch_operator.py
[2024-01-30T16:19:43.268+0100] {processor.py:840} INFO - DAG(s) 'example_branch_operator' retrieved from /home/ubuntu/.local/lib/python3.10/site-packages/airflow/example_dags/example_branch_operator.py
[2024-01-30T16:19:43.338+0100] {logging_mixin.py:188} INFO - [2024-01-30T16:19:43.337+0100] {dag.py:3033} INFO - Sync 1 DAGs
[2024-01-30T16:19:43.392+0100] {logging_mixin.py:188} INFO - [2024-01-30T16:19:43.392+0100] {dag.py:3820} INFO - Setting next_dagrun for example_branch_operator to 2024-01-29T00:00:00+00:00, run_after=2024-01-30T00:00:00+00:00
[2024-01-30T16:19:43.450+0100] {processor.py:183} INFO - Processing /home/ubuntu/.local/lib/python3.10/site-packages/airflow/example_dags/example_branch_operator.py took 0.290 seconds
[2024-01-30T16:21:39.774+0100] {processor.py:161} INFO - Started process (PID=6218) to work on /home/ubuntu/.local/lib/python3.10/site-packages/airflow/example_dags/example_branch_operator.py
[2024-01-30T16:21:39.778+0100] {processor.py:830} INFO - Processing file /home/ubuntu/.local/lib/python3.10/site-packages/airflow/example_dags/example_branch_operator.py for tasks to queue
[2024-01-30T16:21:39.784+0100] {logging_mixin.py:188} INFO - [2024-01-30T16:21:39.780+0100] {dagbag.py:538} INFO - Filling up the DagBag from /home/ubuntu/.local/lib/python3.10/site-packages/airflow/example_dags/example_branch_operator.py
[2024-01-30T16:21:39.912+0100] {processor.py:840} INFO - DAG(s) 'example_branch_operator' retrieved from /home/ubuntu/.local/lib/python3.10/site-packages/airflow/example_dags/example_branch_operator.py
[2024-01-30T16:21:40.009+0100] {logging_mixin.py:188} INFO - [2024-01-30T16:21:40.009+0100] {dag.py:3033} INFO - Sync 1 DAGs
[2024-01-30T16:21:40.080+0100] {logging_mixin.py:188} INFO - [2024-01-30T16:21:40.080+0100] {dag.py:3820} INFO - Setting next_dagrun for example_branch_operator to 2024-01-29T00:00:00+00:00, run_after=2024-01-30T00:00:00+00:00
[2024-01-30T16:21:40.158+0100] {processor.py:183} INFO - Processing /home/ubuntu/.local/lib/python3.10/site-packages/airflow/example_dags/example_branch_operator.py took 0.391 seconds
[2024-01-30T16:25:10.396+0100] {processor.py:161} INFO - Started process (PID=7376) to work on /home/ubuntu/.local/lib/python3.10/site-packages/airflow/example_dags/example_branch_operator.py
[2024-01-30T16:25:10.404+0100] {processor.py:830} INFO - Processing file /home/ubuntu/.local/lib/python3.10/site-packages/airflow/example_dags/example_branch_operator.py for tasks to queue
[2024-01-30T16:25:10.409+0100] {logging_mixin.py:188} INFO - [2024-01-30T16:25:10.407+0100] {dagbag.py:538} INFO - Filling up the DagBag from /home/ubuntu/.local/lib/python3.10/site-packages/airflow/example_dags/example_branch_operator.py
[2024-01-30T16:25:11.839+0100] {processor.py:840} INFO - DAG(s) 'example_branch_operator' retrieved from /home/ubuntu/.local/lib/python3.10/site-packages/airflow/example_dags/example_branch_operator.py
[2024-01-30T16:25:12.005+0100] {logging_mixin.py:188} INFO - [2024-01-30T16:25:12.004+0100] {dag.py:3033} INFO - Sync 1 DAGs
[2024-01-30T16:25:12.327+0100] {logging_mixin.py:188} INFO - [2024-01-30T16:25:12.326+0100] {dag.py:3820} INFO - Setting next_dagrun for example_branch_operator to 2024-01-29T00:00:00+00:00, run_after=2024-01-30T00:00:00+00:00
[2024-01-30T16:25:12.556+0100] {processor.py:183} INFO - Processing /home/ubuntu/.local/lib/python3.10/site-packages/airflow/example_dags/example_branch_operator.py took 2.177 seconds
[2024-01-30T16:30:31.680+0100] {processor.py:161} INFO - Started process (PID=8388) to work on /home/ubuntu/.local/lib/python3.10/site-packages/airflow/example_dags/example_branch_operator.py
[2024-01-30T16:30:31.696+0100] {processor.py:830} INFO - Processing file /home/ubuntu/.local/lib/python3.10/site-packages/airflow/example_dags/example_branch_operator.py for tasks to queue
[2024-01-30T16:30:31.705+0100] {logging_mixin.py:188} INFO - [2024-01-30T16:30:31.698+0100] {dagbag.py:538} INFO - Filling up the DagBag from /home/ubuntu/.local/lib/python3.10/site-packages/airflow/example_dags/example_branch_operator.py
[2024-01-30T16:30:31.918+0100] {processor.py:840} INFO - DAG(s) 'example_branch_operator' retrieved from /home/ubuntu/.local/lib/python3.10/site-packages/airflow/example_dags/example_branch_operator.py
[2024-01-30T16:30:32.078+0100] {logging_mixin.py:188} INFO - [2024-01-30T16:30:32.078+0100] {dag.py:3033} INFO - Sync 1 DAGs
[2024-01-30T16:30:32.228+0100] {logging_mixin.py:188} INFO - [2024-01-30T16:30:32.225+0100] {dag.py:3820} INFO - Setting next_dagrun for example_branch_operator to 2024-01-29T00:00:00+00:00, run_after=2024-01-30T00:00:00+00:00
[2024-01-30T16:30:32.439+0100] {processor.py:183} INFO - Processing /home/ubuntu/.local/lib/python3.10/site-packages/airflow/example_dags/example_branch_operator.py took 0.768 seconds
[2024-01-30T16:32:28.997+0100] {processor.py:161} INFO - Started process (PID=8900) to work on /home/ubuntu/.local/lib/python3.10/site-packages/airflow/example_dags/example_branch_operator.py
[2024-01-30T16:32:29.002+0100] {processor.py:830} INFO - Processing file /home/ubuntu/.local/lib/python3.10/site-packages/airflow/example_dags/example_branch_operator.py for tasks to queue
[2024-01-30T16:32:29.008+0100] {logging_mixin.py:188} INFO - [2024-01-30T16:32:29.007+0100] {dagbag.py:538} INFO - Filling up the DagBag from /home/ubuntu/.local/lib/python3.10/site-packages/airflow/example_dags/example_branch_operator.py
[2024-01-30T16:32:29.111+0100] {processor.py:840} INFO - DAG(s) 'example_branch_operator' retrieved from /home/ubuntu/.local/lib/python3.10/site-packages/airflow/example_dags/example_branch_operator.py
[2024-01-30T16:32:29.180+0100] {logging_mixin.py:188} INFO - [2024-01-30T16:32:29.180+0100] {dag.py:3033} INFO - Sync 1 DAGs
[2024-01-30T16:32:29.225+0100] {logging_mixin.py:188} INFO - [2024-01-30T16:32:29.225+0100] {dag.py:3820} INFO - Setting next_dagrun for example_branch_operator to 2024-01-29T00:00:00+00:00, run_after=2024-01-30T00:00:00+00:00
[2024-01-30T16:32:29.301+0100] {processor.py:183} INFO - Processing /home/ubuntu/.local/lib/python3.10/site-packages/airflow/example_dags/example_branch_operator.py took 0.317 seconds
[2024-01-30T16:49:43.446+0100] {processor.py:161} INFO - Started process (PID=5270) to work on /home/ubuntu/.local/lib/python3.10/site-packages/airflow/example_dags/example_branch_operator.py
[2024-01-30T16:49:43.451+0100] {processor.py:830} INFO - Processing file /home/ubuntu/.local/lib/python3.10/site-packages/airflow/example_dags/example_branch_operator.py for tasks to queue
[2024-01-30T16:49:43.453+0100] {logging_mixin.py:188} INFO - [2024-01-30T16:49:43.452+0100] {dagbag.py:538} INFO - Filling up the DagBag from /home/ubuntu/.local/lib/python3.10/site-packages/airflow/example_dags/example_branch_operator.py
[2024-01-30T16:49:43.552+0100] {processor.py:840} INFO - DAG(s) 'example_branch_operator' retrieved from /home/ubuntu/.local/lib/python3.10/site-packages/airflow/example_dags/example_branch_operator.py
[2024-01-30T16:49:43.738+0100] {logging_mixin.py:188} INFO - [2024-01-30T16:49:43.738+0100] {dag.py:3033} INFO - Sync 1 DAGs
[2024-01-30T16:49:43.775+0100] {logging_mixin.py:188} INFO - [2024-01-30T16:49:43.774+0100] {dag.py:3820} INFO - Setting next_dagrun for example_branch_operator to 2024-01-29T00:00:00+00:00, run_after=2024-01-30T00:00:00+00:00
[2024-01-30T16:49:43.866+0100] {processor.py:183} INFO - Processing /home/ubuntu/.local/lib/python3.10/site-packages/airflow/example_dags/example_branch_operator.py took 0.424 seconds
[2024-01-30T16:51:01.892+0100] {processor.py:161} INFO - Started process (PID=5337) to work on /home/ubuntu/.local/lib/python3.10/site-packages/airflow/example_dags/example_branch_operator.py
[2024-01-30T16:51:01.897+0100] {processor.py:830} INFO - Processing file /home/ubuntu/.local/lib/python3.10/site-packages/airflow/example_dags/example_branch_operator.py for tasks to queue
[2024-01-30T16:51:01.899+0100] {logging_mixin.py:188} INFO - [2024-01-30T16:51:01.899+0100] {dagbag.py:538} INFO - Filling up the DagBag from /home/ubuntu/.local/lib/python3.10/site-packages/airflow/example_dags/example_branch_operator.py
[2024-01-30T16:51:01.923+0100] {processor.py:840} INFO - DAG(s) 'example_branch_operator' retrieved from /home/ubuntu/.local/lib/python3.10/site-packages/airflow/example_dags/example_branch_operator.py
[2024-01-30T16:51:01.950+0100] {logging_mixin.py:188} INFO - [2024-01-30T16:51:01.950+0100] {dag.py:3033} INFO - Sync 1 DAGs
[2024-01-30T16:51:01.974+0100] {logging_mixin.py:188} INFO - [2024-01-30T16:51:01.974+0100] {dag.py:3820} INFO - Setting next_dagrun for example_branch_operator to 2024-01-29T00:00:00+00:00, run_after=2024-01-30T00:00:00+00:00
[2024-01-30T16:51:02.009+0100] {processor.py:183} INFO - Processing /home/ubuntu/.local/lib/python3.10/site-packages/airflow/example_dags/example_branch_operator.py took 0.122 seconds
[2024-01-30T16:52:21.037+0100] {processor.py:161} INFO - Started process (PID=5404) to work on /home/ubuntu/.local/lib/python3.10/site-packages/airflow/example_dags/example_branch_operator.py
[2024-01-30T16:52:21.058+0100] {processor.py:830} INFO - Processing file /home/ubuntu/.local/lib/python3.10/site-packages/airflow/example_dags/example_branch_operator.py for tasks to queue
[2024-01-30T16:52:21.063+0100] {logging_mixin.py:188} INFO - [2024-01-30T16:52:21.059+0100] {dagbag.py:538} INFO - Filling up the DagBag from /home/ubuntu/.local/lib/python3.10/site-packages/airflow/example_dags/example_branch_operator.py
[2024-01-30T16:52:21.160+0100] {processor.py:840} INFO - DAG(s) 'example_branch_operator' retrieved from /home/ubuntu/.local/lib/python3.10/site-packages/airflow/example_dags/example_branch_operator.py
[2024-01-30T16:52:21.266+0100] {logging_mixin.py:188} INFO - [2024-01-30T16:52:21.265+0100] {dag.py:3033} INFO - Sync 1 DAGs
[2024-01-30T16:52:21.361+0100] {logging_mixin.py:188} INFO - [2024-01-30T16:52:21.361+0100] {dag.py:3820} INFO - Setting next_dagrun for example_branch_operator to 2024-01-29T00:00:00+00:00, run_after=2024-01-30T00:00:00+00:00
[2024-01-30T16:52:21.506+0100] {processor.py:183} INFO - Processing /home/ubuntu/.local/lib/python3.10/site-packages/airflow/example_dags/example_branch_operator.py took 0.480 seconds
[2024-01-30T16:53:35.521+0100] {processor.py:161} INFO - Started process (PID=5484) to work on /home/ubuntu/.local/lib/python3.10/site-packages/airflow/example_dags/example_branch_operator.py
[2024-01-30T16:53:35.544+0100] {processor.py:830} INFO - Processing file /home/ubuntu/.local/lib/python3.10/site-packages/airflow/example_dags/example_branch_operator.py for tasks to queue
[2024-01-30T16:53:35.554+0100] {logging_mixin.py:188} INFO - [2024-01-30T16:53:35.553+0100] {dagbag.py:538} INFO - Filling up the DagBag from /home/ubuntu/.local/lib/python3.10/site-packages/airflow/example_dags/example_branch_operator.py
[2024-01-30T16:53:35.614+0100] {processor.py:840} INFO - DAG(s) 'example_branch_operator' retrieved from /home/ubuntu/.local/lib/python3.10/site-packages/airflow/example_dags/example_branch_operator.py
[2024-01-30T16:53:35.686+0100] {logging_mixin.py:188} INFO - [2024-01-30T16:53:35.685+0100] {dag.py:3033} INFO - Sync 1 DAGs
[2024-01-30T16:53:35.738+0100] {logging_mixin.py:188} INFO - [2024-01-30T16:53:35.738+0100] {dag.py:3820} INFO - Setting next_dagrun for example_branch_operator to 2024-01-29T00:00:00+00:00, run_after=2024-01-30T00:00:00+00:00
[2024-01-30T16:53:35.818+0100] {processor.py:183} INFO - Processing /home/ubuntu/.local/lib/python3.10/site-packages/airflow/example_dags/example_branch_operator.py took 0.322 seconds
[2024-01-30T16:55:45.938+0100] {processor.py:161} INFO - Started process (PID=5698) to work on /home/ubuntu/.local/lib/python3.10/site-packages/airflow/example_dags/example_branch_operator.py
[2024-01-30T16:55:45.951+0100] {processor.py:830} INFO - Processing file /home/ubuntu/.local/lib/python3.10/site-packages/airflow/example_dags/example_branch_operator.py for tasks to queue
[2024-01-30T16:55:45.953+0100] {logging_mixin.py:188} INFO - [2024-01-30T16:55:45.953+0100] {dagbag.py:538} INFO - Filling up the DagBag from /home/ubuntu/.local/lib/python3.10/site-packages/airflow/example_dags/example_branch_operator.py
[2024-01-30T16:55:46.022+0100] {processor.py:840} INFO - DAG(s) 'example_branch_operator' retrieved from /home/ubuntu/.local/lib/python3.10/site-packages/airflow/example_dags/example_branch_operator.py
[2024-01-30T16:55:46.123+0100] {logging_mixin.py:188} INFO - [2024-01-30T16:55:46.122+0100] {dag.py:3033} INFO - Sync 1 DAGs
[2024-01-30T16:55:46.186+0100] {logging_mixin.py:188} INFO - [2024-01-30T16:55:46.185+0100] {dag.py:3820} INFO - Setting next_dagrun for example_branch_operator to 2024-01-29T00:00:00+00:00, run_after=2024-01-30T00:00:00+00:00
[2024-01-30T16:55:46.317+0100] {processor.py:183} INFO - Processing /home/ubuntu/.local/lib/python3.10/site-packages/airflow/example_dags/example_branch_operator.py took 0.395 seconds
[2024-01-30T16:57:13.061+0100] {processor.py:161} INFO - Started process (PID=5770) to work on /home/ubuntu/.local/lib/python3.10/site-packages/airflow/example_dags/example_branch_operator.py
[2024-01-30T16:57:13.090+0100] {processor.py:830} INFO - Processing file /home/ubuntu/.local/lib/python3.10/site-packages/airflow/example_dags/example_branch_operator.py for tasks to queue
[2024-01-30T16:57:13.100+0100] {logging_mixin.py:188} INFO - [2024-01-30T16:57:13.099+0100] {dagbag.py:538} INFO - Filling up the DagBag from /home/ubuntu/.local/lib/python3.10/site-packages/airflow/example_dags/example_branch_operator.py
[2024-01-30T16:57:13.163+0100] {processor.py:840} INFO - DAG(s) 'example_branch_operator' retrieved from /home/ubuntu/.local/lib/python3.10/site-packages/airflow/example_dags/example_branch_operator.py
[2024-01-30T16:57:13.274+0100] {logging_mixin.py:188} INFO - [2024-01-30T16:57:13.273+0100] {dag.py:3033} INFO - Sync 1 DAGs
[2024-01-30T16:57:13.306+0100] {logging_mixin.py:188} INFO - [2024-01-30T16:57:13.306+0100] {dag.py:3820} INFO - Setting next_dagrun for example_branch_operator to 2024-01-29T00:00:00+00:00, run_after=2024-01-30T00:00:00+00:00
[2024-01-30T16:57:13.405+0100] {processor.py:183} INFO - Processing /home/ubuntu/.local/lib/python3.10/site-packages/airflow/example_dags/example_branch_operator.py took 0.356 seconds
[2024-01-30T16:58:34.626+0100] {processor.py:161} INFO - Started process (PID=5846) to work on /home/ubuntu/.local/lib/python3.10/site-packages/airflow/example_dags/example_branch_operator.py
[2024-01-30T16:58:34.628+0100] {processor.py:830} INFO - Processing file /home/ubuntu/.local/lib/python3.10/site-packages/airflow/example_dags/example_branch_operator.py for tasks to queue
[2024-01-30T16:58:34.631+0100] {logging_mixin.py:188} INFO - [2024-01-30T16:58:34.630+0100] {dagbag.py:538} INFO - Filling up the DagBag from /home/ubuntu/.local/lib/python3.10/site-packages/airflow/example_dags/example_branch_operator.py
[2024-01-30T16:58:34.660+0100] {processor.py:840} INFO - DAG(s) 'example_branch_operator' retrieved from /home/ubuntu/.local/lib/python3.10/site-packages/airflow/example_dags/example_branch_operator.py
[2024-01-30T16:58:34.708+0100] {logging_mixin.py:188} INFO - [2024-01-30T16:58:34.706+0100] {dag.py:3033} INFO - Sync 1 DAGs
[2024-01-30T16:58:34.941+0100] {logging_mixin.py:188} INFO - [2024-01-30T16:58:34.941+0100] {dag.py:3820} INFO - Setting next_dagrun for example_branch_operator to 2024-01-29T00:00:00+00:00, run_after=2024-01-30T00:00:00+00:00
[2024-01-30T16:58:34.993+0100] {processor.py:183} INFO - Processing /home/ubuntu/.local/lib/python3.10/site-packages/airflow/example_dags/example_branch_operator.py took 0.374 seconds
[2024-01-30T16:59:40.488+0100] {processor.py:161} INFO - Started process (PID=5908) to work on /home/ubuntu/.local/lib/python3.10/site-packages/airflow/example_dags/example_branch_operator.py
[2024-01-30T16:59:40.492+0100] {processor.py:830} INFO - Processing file /home/ubuntu/.local/lib/python3.10/site-packages/airflow/example_dags/example_branch_operator.py for tasks to queue
[2024-01-30T16:59:40.496+0100] {logging_mixin.py:188} INFO - [2024-01-30T16:59:40.495+0100] {dagbag.py:538} INFO - Filling up the DagBag from /home/ubuntu/.local/lib/python3.10/site-packages/airflow/example_dags/example_branch_operator.py
[2024-01-30T16:59:40.541+0100] {processor.py:840} INFO - DAG(s) 'example_branch_operator' retrieved from /home/ubuntu/.local/lib/python3.10/site-packages/airflow/example_dags/example_branch_operator.py
[2024-01-30T16:59:40.608+0100] {logging_mixin.py:188} INFO - [2024-01-30T16:59:40.607+0100] {dag.py:3033} INFO - Sync 1 DAGs
[2024-01-30T16:59:40.704+0100] {logging_mixin.py:188} INFO - [2024-01-30T16:59:40.704+0100] {dag.py:3820} INFO - Setting next_dagrun for example_branch_operator to 2024-01-29T00:00:00+00:00, run_after=2024-01-30T00:00:00+00:00
[2024-01-30T16:59:40.849+0100] {processor.py:183} INFO - Processing /home/ubuntu/.local/lib/python3.10/site-packages/airflow/example_dags/example_branch_operator.py took 0.365 seconds
[2024-01-30T17:00:54.463+0100] {processor.py:161} INFO - Started process (PID=6089) to work on /home/ubuntu/.local/lib/python3.10/site-packages/airflow/example_dags/example_branch_operator.py
[2024-01-30T17:00:54.466+0100] {processor.py:830} INFO - Processing file /home/ubuntu/.local/lib/python3.10/site-packages/airflow/example_dags/example_branch_operator.py for tasks to queue
[2024-01-30T17:00:54.468+0100] {logging_mixin.py:188} INFO - [2024-01-30T17:00:54.467+0100] {dagbag.py:538} INFO - Filling up the DagBag from /home/ubuntu/.local/lib/python3.10/site-packages/airflow/example_dags/example_branch_operator.py
[2024-01-30T17:00:54.491+0100] {processor.py:840} INFO - DAG(s) 'example_branch_operator' retrieved from /home/ubuntu/.local/lib/python3.10/site-packages/airflow/example_dags/example_branch_operator.py
[2024-01-30T17:00:54.521+0100] {logging_mixin.py:188} INFO - [2024-01-30T17:00:54.521+0100] {dag.py:3033} INFO - Sync 1 DAGs
[2024-01-30T17:00:54.708+0100] {logging_mixin.py:188} INFO - [2024-01-30T17:00:54.708+0100] {dag.py:3820} INFO - Setting next_dagrun for example_branch_operator to 2024-01-29T00:00:00+00:00, run_after=2024-01-30T00:00:00+00:00
[2024-01-30T17:00:54.740+0100] {processor.py:183} INFO - Processing /home/ubuntu/.local/lib/python3.10/site-packages/airflow/example_dags/example_branch_operator.py took 0.281 seconds
[2024-01-30T17:01:59.752+0100] {processor.py:161} INFO - Started process (PID=6141) to work on /home/ubuntu/.local/lib/python3.10/site-packages/airflow/example_dags/example_branch_operator.py
[2024-01-30T17:01:59.766+0100] {processor.py:830} INFO - Processing file /home/ubuntu/.local/lib/python3.10/site-packages/airflow/example_dags/example_branch_operator.py for tasks to queue
[2024-01-30T17:01:59.768+0100] {logging_mixin.py:188} INFO - [2024-01-30T17:01:59.767+0100] {dagbag.py:538} INFO - Filling up the DagBag from /home/ubuntu/.local/lib/python3.10/site-packages/airflow/example_dags/example_branch_operator.py
[2024-01-30T17:01:59.810+0100] {processor.py:840} INFO - DAG(s) 'example_branch_operator' retrieved from /home/ubuntu/.local/lib/python3.10/site-packages/airflow/example_dags/example_branch_operator.py
[2024-01-30T17:01:59.872+0100] {logging_mixin.py:188} INFO - [2024-01-30T17:01:59.869+0100] {dag.py:3033} INFO - Sync 1 DAGs
[2024-01-30T17:01:59.918+0100] {logging_mixin.py:188} INFO - [2024-01-30T17:01:59.918+0100] {dag.py:3820} INFO - Setting next_dagrun for example_branch_operator to 2024-01-29T00:00:00+00:00, run_after=2024-01-30T00:00:00+00:00
[2024-01-30T17:02:00.043+0100] {processor.py:183} INFO - Processing /home/ubuntu/.local/lib/python3.10/site-packages/airflow/example_dags/example_branch_operator.py took 0.301 seconds
[2024-01-30T17:03:14.193+0100] {processor.py:161} INFO - Started process (PID=6214) to work on /home/ubuntu/.local/lib/python3.10/site-packages/airflow/example_dags/example_branch_operator.py
[2024-01-30T17:03:14.199+0100] {processor.py:830} INFO - Processing file /home/ubuntu/.local/lib/python3.10/site-packages/airflow/example_dags/example_branch_operator.py for tasks to queue
[2024-01-30T17:03:14.201+0100] {logging_mixin.py:188} INFO - [2024-01-30T17:03:14.200+0100] {dagbag.py:538} INFO - Filling up the DagBag from /home/ubuntu/.local/lib/python3.10/site-packages/airflow/example_dags/example_branch_operator.py
[2024-01-30T17:03:14.238+0100] {processor.py:840} INFO - DAG(s) 'example_branch_operator' retrieved from /home/ubuntu/.local/lib/python3.10/site-packages/airflow/example_dags/example_branch_operator.py
[2024-01-30T17:03:14.293+0100] {logging_mixin.py:188} INFO - [2024-01-30T17:03:14.293+0100] {dag.py:3033} INFO - Sync 1 DAGs
[2024-01-30T17:03:14.570+0100] {logging_mixin.py:188} INFO - [2024-01-30T17:03:14.569+0100] {dag.py:3820} INFO - Setting next_dagrun for example_branch_operator to 2024-01-29T00:00:00+00:00, run_after=2024-01-30T00:00:00+00:00
[2024-01-30T17:03:14.639+0100] {processor.py:183} INFO - Processing /home/ubuntu/.local/lib/python3.10/site-packages/airflow/example_dags/example_branch_operator.py took 0.468 seconds
[2024-01-30T17:04:29.383+0100] {processor.py:161} INFO - Started process (PID=6278) to work on /home/ubuntu/.local/lib/python3.10/site-packages/airflow/example_dags/example_branch_operator.py
[2024-01-30T17:04:29.385+0100] {processor.py:830} INFO - Processing file /home/ubuntu/.local/lib/python3.10/site-packages/airflow/example_dags/example_branch_operator.py for tasks to queue
[2024-01-30T17:04:29.387+0100] {logging_mixin.py:188} INFO - [2024-01-30T17:04:29.386+0100] {dagbag.py:538} INFO - Filling up the DagBag from /home/ubuntu/.local/lib/python3.10/site-packages/airflow/example_dags/example_branch_operator.py
[2024-01-30T17:04:29.459+0100] {processor.py:840} INFO - DAG(s) 'example_branch_operator' retrieved from /home/ubuntu/.local/lib/python3.10/site-packages/airflow/example_dags/example_branch_operator.py
[2024-01-30T17:04:29.533+0100] {logging_mixin.py:188} INFO - [2024-01-30T17:04:29.532+0100] {dag.py:3033} INFO - Sync 1 DAGs
[2024-01-30T17:04:29.580+0100] {logging_mixin.py:188} INFO - [2024-01-30T17:04:29.580+0100] {dag.py:3820} INFO - Setting next_dagrun for example_branch_operator to 2024-01-29T00:00:00+00:00, run_after=2024-01-30T00:00:00+00:00
[2024-01-30T17:04:29.654+0100] {processor.py:183} INFO - Processing /home/ubuntu/.local/lib/python3.10/site-packages/airflow/example_dags/example_branch_operator.py took 0.293 seconds
[2024-01-30T17:05:50.951+0100] {processor.py:161} INFO - Started process (PID=6347) to work on /home/ubuntu/.local/lib/python3.10/site-packages/airflow/example_dags/example_branch_operator.py
[2024-01-30T17:05:50.971+0100] {processor.py:830} INFO - Processing file /home/ubuntu/.local/lib/python3.10/site-packages/airflow/example_dags/example_branch_operator.py for tasks to queue
[2024-01-30T17:05:50.985+0100] {logging_mixin.py:188} INFO - [2024-01-30T17:05:50.984+0100] {dagbag.py:538} INFO - Filling up the DagBag from /home/ubuntu/.local/lib/python3.10/site-packages/airflow/example_dags/example_branch_operator.py
[2024-01-30T17:05:51.038+0100] {processor.py:840} INFO - DAG(s) 'example_branch_operator' retrieved from /home/ubuntu/.local/lib/python3.10/site-packages/airflow/example_dags/example_branch_operator.py
[2024-01-30T17:05:51.087+0100] {logging_mixin.py:188} INFO - [2024-01-30T17:05:51.087+0100] {dag.py:3033} INFO - Sync 1 DAGs
[2024-01-30T17:05:51.144+0100] {logging_mixin.py:188} INFO - [2024-01-30T17:05:51.144+0100] {dag.py:3820} INFO - Setting next_dagrun for example_branch_operator to 2024-01-29T00:00:00+00:00, run_after=2024-01-30T00:00:00+00:00
[2024-01-30T17:05:51.241+0100] {processor.py:183} INFO - Processing /home/ubuntu/.local/lib/python3.10/site-packages/airflow/example_dags/example_branch_operator.py took 0.322 seconds
[2024-01-30T17:07:05.648+0100] {processor.py:161} INFO - Started process (PID=6414) to work on /home/ubuntu/.local/lib/python3.10/site-packages/airflow/example_dags/example_branch_operator.py
[2024-01-30T17:07:05.652+0100] {processor.py:830} INFO - Processing file /home/ubuntu/.local/lib/python3.10/site-packages/airflow/example_dags/example_branch_operator.py for tasks to queue
[2024-01-30T17:07:05.654+0100] {logging_mixin.py:188} INFO - [2024-01-30T17:07:05.653+0100] {dagbag.py:538} INFO - Filling up the DagBag from /home/ubuntu/.local/lib/python3.10/site-packages/airflow/example_dags/example_branch_operator.py
[2024-01-30T17:07:05.736+0100] {processor.py:840} INFO - DAG(s) 'example_branch_operator' retrieved from /home/ubuntu/.local/lib/python3.10/site-packages/airflow/example_dags/example_branch_operator.py
[2024-01-30T17:07:05.795+0100] {logging_mixin.py:188} INFO - [2024-01-30T17:07:05.795+0100] {dag.py:3033} INFO - Sync 1 DAGs
[2024-01-30T17:07:05.851+0100] {logging_mixin.py:188} INFO - [2024-01-30T17:07:05.850+0100] {dag.py:3820} INFO - Setting next_dagrun for example_branch_operator to 2024-01-29T00:00:00+00:00, run_after=2024-01-30T00:00:00+00:00
[2024-01-30T17:07:06.177+0100] {processor.py:183} INFO - Processing /home/ubuntu/.local/lib/python3.10/site-packages/airflow/example_dags/example_branch_operator.py took 0.533 seconds
