[2024-01-30T13:51:03.388+0100] {processor.py:161} INFO - Started process (PID=6169) to work on /home/ubuntu/.local/lib/python3.10/site-packages/airflow/example_dags/example_branch_python_dop_operator_3.py
[2024-01-30T13:51:03.390+0100] {processor.py:830} INFO - Processing file /home/ubuntu/.local/lib/python3.10/site-packages/airflow/example_dags/example_branch_python_dop_operator_3.py for tasks to queue
[2024-01-30T13:51:03.392+0100] {logging_mixin.py:188} INFO - [2024-01-30T13:51:03.391+0100] {dagbag.py:538} INFO - Filling up the DagBag from /home/ubuntu/.local/lib/python3.10/site-packages/airflow/example_dags/example_branch_python_dop_operator_3.py
[2024-01-30T13:51:03.412+0100] {processor.py:840} INFO - DAG(s) 'example_branch_dop_operator_v3' retrieved from /home/ubuntu/.local/lib/python3.10/site-packages/airflow/example_dags/example_branch_python_dop_operator_3.py
[2024-01-30T13:51:03.627+0100] {logging_mixin.py:188} INFO - [2024-01-30T13:51:03.627+0100] {dag.py:3033} INFO - Sync 1 DAGs
[2024-01-30T13:51:03.679+0100] {logging_mixin.py:188} INFO - [2024-01-30T13:51:03.679+0100] {dag.py:3820} INFO - Setting next_dagrun for example_branch_dop_operator_v3 to 2024-01-30T12:50:00+00:00, run_after=2024-01-30T12:51:00+00:00
[2024-01-30T13:51:03.735+0100] {processor.py:183} INFO - Processing /home/ubuntu/.local/lib/python3.10/site-packages/airflow/example_dags/example_branch_python_dop_operator_3.py took 0.354 seconds
[2024-01-30T13:52:21.464+0100] {processor.py:161} INFO - Started process (PID=6234) to work on /home/ubuntu/.local/lib/python3.10/site-packages/airflow/example_dags/example_branch_python_dop_operator_3.py
[2024-01-30T13:52:21.466+0100] {processor.py:830} INFO - Processing file /home/ubuntu/.local/lib/python3.10/site-packages/airflow/example_dags/example_branch_python_dop_operator_3.py for tasks to queue
[2024-01-30T13:52:21.467+0100] {logging_mixin.py:188} INFO - [2024-01-30T13:52:21.467+0100] {dagbag.py:538} INFO - Filling up the DagBag from /home/ubuntu/.local/lib/python3.10/site-packages/airflow/example_dags/example_branch_python_dop_operator_3.py
[2024-01-30T13:52:21.482+0100] {processor.py:840} INFO - DAG(s) 'example_branch_dop_operator_v3' retrieved from /home/ubuntu/.local/lib/python3.10/site-packages/airflow/example_dags/example_branch_python_dop_operator_3.py
[2024-01-30T13:52:21.505+0100] {logging_mixin.py:188} INFO - [2024-01-30T13:52:21.505+0100] {dag.py:3033} INFO - Sync 1 DAGs
[2024-01-30T13:52:21.535+0100] {logging_mixin.py:188} INFO - [2024-01-30T13:52:21.535+0100] {dag.py:3820} INFO - Setting next_dagrun for example_branch_dop_operator_v3 to 2024-01-30T12:51:00+00:00, run_after=2024-01-30T12:52:00+00:00
[2024-01-30T13:52:21.578+0100] {processor.py:183} INFO - Processing /home/ubuntu/.local/lib/python3.10/site-packages/airflow/example_dags/example_branch_python_dop_operator_3.py took 0.120 seconds
[2024-01-30T15:53:28.445+0100] {processor.py:161} INFO - Started process (PID=6374) to work on /home/ubuntu/.local/lib/python3.10/site-packages/airflow/example_dags/example_branch_python_dop_operator_3.py
[2024-01-30T15:53:28.448+0100] {processor.py:830} INFO - Processing file /home/ubuntu/.local/lib/python3.10/site-packages/airflow/example_dags/example_branch_python_dop_operator_3.py for tasks to queue
[2024-01-30T15:53:28.449+0100] {logging_mixin.py:188} INFO - [2024-01-30T15:53:28.449+0100] {dagbag.py:538} INFO - Filling up the DagBag from /home/ubuntu/.local/lib/python3.10/site-packages/airflow/example_dags/example_branch_python_dop_operator_3.py
[2024-01-30T15:53:28.460+0100] {processor.py:840} INFO - DAG(s) 'example_branch_dop_operator_v3' retrieved from /home/ubuntu/.local/lib/python3.10/site-packages/airflow/example_dags/example_branch_python_dop_operator_3.py
[2024-01-30T15:53:28.480+0100] {logging_mixin.py:188} INFO - [2024-01-30T15:53:28.480+0100] {dag.py:3033} INFO - Sync 1 DAGs
[2024-01-30T15:53:28.510+0100] {logging_mixin.py:188} INFO - [2024-01-30T15:53:28.510+0100] {dag.py:3820} INFO - Setting next_dagrun for example_branch_dop_operator_v3 to 2024-01-30T14:52:00+00:00, run_after=2024-01-30T14:53:00+00:00
[2024-01-30T15:53:28.547+0100] {processor.py:183} INFO - Processing /home/ubuntu/.local/lib/python3.10/site-packages/airflow/example_dags/example_branch_python_dop_operator_3.py took 0.107 seconds
[2024-01-30T15:54:28.421+0100] {processor.py:161} INFO - Started process (PID=6445) to work on /home/ubuntu/.local/lib/python3.10/site-packages/airflow/example_dags/example_branch_python_dop_operator_3.py
[2024-01-30T15:54:28.423+0100] {processor.py:830} INFO - Processing file /home/ubuntu/.local/lib/python3.10/site-packages/airflow/example_dags/example_branch_python_dop_operator_3.py for tasks to queue
[2024-01-30T15:54:28.425+0100] {logging_mixin.py:188} INFO - [2024-01-30T15:54:28.424+0100] {dagbag.py:538} INFO - Filling up the DagBag from /home/ubuntu/.local/lib/python3.10/site-packages/airflow/example_dags/example_branch_python_dop_operator_3.py
[2024-01-30T15:54:28.441+0100] {processor.py:840} INFO - DAG(s) 'example_branch_dop_operator_v3' retrieved from /home/ubuntu/.local/lib/python3.10/site-packages/airflow/example_dags/example_branch_python_dop_operator_3.py
[2024-01-30T15:54:28.535+0100] {logging_mixin.py:188} INFO - [2024-01-30T15:54:28.535+0100] {dag.py:3033} INFO - Sync 1 DAGs
[2024-01-30T15:54:28.602+0100] {logging_mixin.py:188} INFO - [2024-01-30T15:54:28.602+0100] {dag.py:3820} INFO - Setting next_dagrun for example_branch_dop_operator_v3 to 2024-01-30T14:53:00+00:00, run_after=2024-01-30T14:54:00+00:00
[2024-01-30T15:54:28.669+0100] {processor.py:183} INFO - Processing /home/ubuntu/.local/lib/python3.10/site-packages/airflow/example_dags/example_branch_python_dop_operator_3.py took 0.253 seconds
[2024-01-30T15:55:34.812+0100] {processor.py:161} INFO - Started process (PID=6513) to work on /home/ubuntu/.local/lib/python3.10/site-packages/airflow/example_dags/example_branch_python_dop_operator_3.py
[2024-01-30T15:55:34.818+0100] {processor.py:830} INFO - Processing file /home/ubuntu/.local/lib/python3.10/site-packages/airflow/example_dags/example_branch_python_dop_operator_3.py for tasks to queue
[2024-01-30T15:55:34.823+0100] {logging_mixin.py:188} INFO - [2024-01-30T15:55:34.822+0100] {dagbag.py:538} INFO - Filling up the DagBag from /home/ubuntu/.local/lib/python3.10/site-packages/airflow/example_dags/example_branch_python_dop_operator_3.py
[2024-01-30T15:55:34.889+0100] {processor.py:840} INFO - DAG(s) 'example_branch_dop_operator_v3' retrieved from /home/ubuntu/.local/lib/python3.10/site-packages/airflow/example_dags/example_branch_python_dop_operator_3.py
[2024-01-30T15:55:34.912+0100] {logging_mixin.py:188} INFO - [2024-01-30T15:55:34.912+0100] {dag.py:3033} INFO - Sync 1 DAGs
[2024-01-30T15:55:34.952+0100] {logging_mixin.py:188} INFO - [2024-01-30T15:55:34.952+0100] {dag.py:3820} INFO - Setting next_dagrun for example_branch_dop_operator_v3 to 2024-01-30T14:54:00+00:00, run_after=2024-01-30T14:55:00+00:00
[2024-01-30T15:55:34.986+0100] {processor.py:183} INFO - Processing /home/ubuntu/.local/lib/python3.10/site-packages/airflow/example_dags/example_branch_python_dop_operator_3.py took 0.184 seconds
[2024-01-30T15:56:34.431+0100] {processor.py:161} INFO - Started process (PID=6568) to work on /home/ubuntu/.local/lib/python3.10/site-packages/airflow/example_dags/example_branch_python_dop_operator_3.py
[2024-01-30T15:56:34.433+0100] {processor.py:830} INFO - Processing file /home/ubuntu/.local/lib/python3.10/site-packages/airflow/example_dags/example_branch_python_dop_operator_3.py for tasks to queue
[2024-01-30T15:56:34.435+0100] {logging_mixin.py:188} INFO - [2024-01-30T15:56:34.434+0100] {dagbag.py:538} INFO - Filling up the DagBag from /home/ubuntu/.local/lib/python3.10/site-packages/airflow/example_dags/example_branch_python_dop_operator_3.py
[2024-01-30T15:56:34.455+0100] {processor.py:840} INFO - DAG(s) 'example_branch_dop_operator_v3' retrieved from /home/ubuntu/.local/lib/python3.10/site-packages/airflow/example_dags/example_branch_python_dop_operator_3.py
[2024-01-30T15:56:34.479+0100] {logging_mixin.py:188} INFO - [2024-01-30T15:56:34.479+0100] {dag.py:3033} INFO - Sync 1 DAGs
[2024-01-30T15:56:34.511+0100] {logging_mixin.py:188} INFO - [2024-01-30T15:56:34.511+0100] {dag.py:3820} INFO - Setting next_dagrun for example_branch_dop_operator_v3 to 2024-01-30T14:55:00+00:00, run_after=2024-01-30T14:56:00+00:00
[2024-01-30T15:56:34.550+0100] {processor.py:183} INFO - Processing /home/ubuntu/.local/lib/python3.10/site-packages/airflow/example_dags/example_branch_python_dop_operator_3.py took 0.125 seconds
[2024-01-30T15:59:19.510+0100] {processor.py:161} INFO - Started process (PID=7852) to work on /home/ubuntu/.local/lib/python3.10/site-packages/airflow/example_dags/example_branch_python_dop_operator_3.py
[2024-01-30T15:59:19.531+0100] {processor.py:830} INFO - Processing file /home/ubuntu/.local/lib/python3.10/site-packages/airflow/example_dags/example_branch_python_dop_operator_3.py for tasks to queue
[2024-01-30T15:59:19.533+0100] {logging_mixin.py:188} INFO - [2024-01-30T15:59:19.532+0100] {dagbag.py:538} INFO - Filling up the DagBag from /home/ubuntu/.local/lib/python3.10/site-packages/airflow/example_dags/example_branch_python_dop_operator_3.py
[2024-01-30T15:59:19.557+0100] {processor.py:840} INFO - DAG(s) 'example_branch_dop_operator_v3' retrieved from /home/ubuntu/.local/lib/python3.10/site-packages/airflow/example_dags/example_branch_python_dop_operator_3.py
[2024-01-30T15:59:19.629+0100] {logging_mixin.py:188} INFO - [2024-01-30T15:59:19.629+0100] {dag.py:3033} INFO - Sync 1 DAGs
[2024-01-30T15:59:19.690+0100] {logging_mixin.py:188} INFO - [2024-01-30T15:59:19.688+0100] {dag.py:3820} INFO - Setting next_dagrun for example_branch_dop_operator_v3 to 2024-01-30T14:58:00+00:00, run_after=2024-01-30T14:59:00+00:00
[2024-01-30T15:59:19.815+0100] {processor.py:183} INFO - Processing /home/ubuntu/.local/lib/python3.10/site-packages/airflow/example_dags/example_branch_python_dop_operator_3.py took 0.321 seconds
[2024-01-30T16:01:09.954+0100] {processor.py:161} INFO - Started process (PID=8351) to work on /home/ubuntu/.local/lib/python3.10/site-packages/airflow/example_dags/example_branch_python_dop_operator_3.py
[2024-01-30T16:01:09.964+0100] {processor.py:830} INFO - Processing file /home/ubuntu/.local/lib/python3.10/site-packages/airflow/example_dags/example_branch_python_dop_operator_3.py for tasks to queue
[2024-01-30T16:01:09.967+0100] {logging_mixin.py:188} INFO - [2024-01-30T16:01:09.966+0100] {dagbag.py:538} INFO - Filling up the DagBag from /home/ubuntu/.local/lib/python3.10/site-packages/airflow/example_dags/example_branch_python_dop_operator_3.py
[2024-01-30T16:01:09.994+0100] {processor.py:840} INFO - DAG(s) 'example_branch_dop_operator_v3' retrieved from /home/ubuntu/.local/lib/python3.10/site-packages/airflow/example_dags/example_branch_python_dop_operator_3.py
[2024-01-30T16:01:10.032+0100] {logging_mixin.py:188} INFO - [2024-01-30T16:01:10.032+0100] {dag.py:3033} INFO - Sync 1 DAGs
[2024-01-30T16:01:10.122+0100] {logging_mixin.py:188} INFO - [2024-01-30T16:01:10.122+0100] {dag.py:3820} INFO - Setting next_dagrun for example_branch_dop_operator_v3 to 2024-01-30T15:00:00+00:00, run_after=2024-01-30T15:01:00+00:00
[2024-01-30T16:01:10.179+0100] {processor.py:183} INFO - Processing /home/ubuntu/.local/lib/python3.10/site-packages/airflow/example_dags/example_branch_python_dop_operator_3.py took 0.243 seconds
[2024-01-30T16:03:38.166+0100] {processor.py:161} INFO - Started process (PID=8457) to work on /home/ubuntu/.local/lib/python3.10/site-packages/airflow/example_dags/example_branch_python_dop_operator_3.py
[2024-01-30T16:03:38.171+0100] {processor.py:830} INFO - Processing file /home/ubuntu/.local/lib/python3.10/site-packages/airflow/example_dags/example_branch_python_dop_operator_3.py for tasks to queue
[2024-01-30T16:03:38.219+0100] {logging_mixin.py:188} INFO - [2024-01-30T16:03:38.199+0100] {dagbag.py:538} INFO - Filling up the DagBag from /home/ubuntu/.local/lib/python3.10/site-packages/airflow/example_dags/example_branch_python_dop_operator_3.py
[2024-01-30T16:03:38.288+0100] {processor.py:840} INFO - DAG(s) 'example_branch_dop_operator_v3' retrieved from /home/ubuntu/.local/lib/python3.10/site-packages/airflow/example_dags/example_branch_python_dop_operator_3.py
[2024-01-30T16:03:38.367+0100] {logging_mixin.py:188} INFO - [2024-01-30T16:03:38.367+0100] {dag.py:3033} INFO - Sync 1 DAGs
[2024-01-30T16:03:38.534+0100] {logging_mixin.py:188} INFO - [2024-01-30T16:03:38.534+0100] {dag.py:3820} INFO - Setting next_dagrun for example_branch_dop_operator_v3 to 2024-01-30T15:02:00+00:00, run_after=2024-01-30T15:03:00+00:00
[2024-01-30T16:03:38.679+0100] {processor.py:183} INFO - Processing /home/ubuntu/.local/lib/python3.10/site-packages/airflow/example_dags/example_branch_python_dop_operator_3.py took 0.619 seconds
[2024-01-30T16:07:47.833+0100] {processor.py:161} INFO - Started process (PID=9402) to work on /home/ubuntu/.local/lib/python3.10/site-packages/airflow/example_dags/example_branch_python_dop_operator_3.py
[2024-01-30T16:07:47.837+0100] {processor.py:830} INFO - Processing file /home/ubuntu/.local/lib/python3.10/site-packages/airflow/example_dags/example_branch_python_dop_operator_3.py for tasks to queue
[2024-01-30T16:07:47.843+0100] {logging_mixin.py:188} INFO - [2024-01-30T16:07:47.839+0100] {dagbag.py:538} INFO - Filling up the DagBag from /home/ubuntu/.local/lib/python3.10/site-packages/airflow/example_dags/example_branch_python_dop_operator_3.py
[2024-01-30T16:07:47.950+0100] {processor.py:840} INFO - DAG(s) 'example_branch_dop_operator_v3' retrieved from /home/ubuntu/.local/lib/python3.10/site-packages/airflow/example_dags/example_branch_python_dop_operator_3.py
[2024-01-30T16:07:48.142+0100] {logging_mixin.py:188} INFO - [2024-01-30T16:07:48.127+0100] {dag.py:3033} INFO - Sync 1 DAGs
[2024-01-30T16:07:48.375+0100] {logging_mixin.py:188} INFO - [2024-01-30T16:07:48.374+0100] {dag.py:3820} INFO - Setting next_dagrun for example_branch_dop_operator_v3 to 2024-01-30T15:06:00+00:00, run_after=2024-01-30T15:07:00+00:00
[2024-01-30T16:07:48.570+0100] {processor.py:183} INFO - Processing /home/ubuntu/.local/lib/python3.10/site-packages/airflow/example_dags/example_branch_python_dop_operator_3.py took 0.753 seconds
[2024-01-30T16:18:18.888+0100] {processor.py:161} INFO - Started process (PID=5655) to work on /home/ubuntu/.local/lib/python3.10/site-packages/airflow/example_dags/example_branch_python_dop_operator_3.py
[2024-01-30T16:18:18.906+0100] {processor.py:830} INFO - Processing file /home/ubuntu/.local/lib/python3.10/site-packages/airflow/example_dags/example_branch_python_dop_operator_3.py for tasks to queue
[2024-01-30T16:18:18.911+0100] {logging_mixin.py:188} INFO - [2024-01-30T16:18:18.907+0100] {dagbag.py:538} INFO - Filling up the DagBag from /home/ubuntu/.local/lib/python3.10/site-packages/airflow/example_dags/example_branch_python_dop_operator_3.py
[2024-01-30T16:18:18.970+0100] {processor.py:840} INFO - DAG(s) 'example_branch_dop_operator_v3' retrieved from /home/ubuntu/.local/lib/python3.10/site-packages/airflow/example_dags/example_branch_python_dop_operator_3.py
[2024-01-30T16:18:19.286+0100] {logging_mixin.py:188} INFO - [2024-01-30T16:18:19.286+0100] {dag.py:3033} INFO - Sync 1 DAGs
[2024-01-30T16:18:19.361+0100] {logging_mixin.py:188} INFO - [2024-01-30T16:18:19.360+0100] {dag.py:3820} INFO - Setting next_dagrun for example_branch_dop_operator_v3 to 2024-01-30T15:17:00+00:00, run_after=2024-01-30T15:18:00+00:00
[2024-01-30T16:18:19.533+0100] {processor.py:183} INFO - Processing /home/ubuntu/.local/lib/python3.10/site-packages/airflow/example_dags/example_branch_python_dop_operator_3.py took 0.652 seconds
[2024-01-30T16:19:48.656+0100] {processor.py:161} INFO - Started process (PID=6025) to work on /home/ubuntu/.local/lib/python3.10/site-packages/airflow/example_dags/example_branch_python_dop_operator_3.py
[2024-01-30T16:19:48.663+0100] {processor.py:830} INFO - Processing file /home/ubuntu/.local/lib/python3.10/site-packages/airflow/example_dags/example_branch_python_dop_operator_3.py for tasks to queue
[2024-01-30T16:19:48.664+0100] {logging_mixin.py:188} INFO - [2024-01-30T16:19:48.664+0100] {dagbag.py:538} INFO - Filling up the DagBag from /home/ubuntu/.local/lib/python3.10/site-packages/airflow/example_dags/example_branch_python_dop_operator_3.py
[2024-01-30T16:19:48.733+0100] {processor.py:840} INFO - DAG(s) 'example_branch_dop_operator_v3' retrieved from /home/ubuntu/.local/lib/python3.10/site-packages/airflow/example_dags/example_branch_python_dop_operator_3.py
[2024-01-30T16:19:49.319+0100] {logging_mixin.py:188} INFO - [2024-01-30T16:19:49.319+0100] {dag.py:3033} INFO - Sync 1 DAGs
[2024-01-30T16:19:50.991+0100] {logging_mixin.py:188} INFO - [2024-01-30T16:19:50.991+0100] {dag.py:3820} INFO - Setting next_dagrun for example_branch_dop_operator_v3 to 2024-01-30T15:18:00+00:00, run_after=2024-01-30T15:19:00+00:00
[2024-01-30T16:19:51.474+0100] {processor.py:183} INFO - Processing /home/ubuntu/.local/lib/python3.10/site-packages/airflow/example_dags/example_branch_python_dop_operator_3.py took 2.829 seconds
[2024-01-30T16:21:43.897+0100] {processor.py:161} INFO - Started process (PID=6221) to work on /home/ubuntu/.local/lib/python3.10/site-packages/airflow/example_dags/example_branch_python_dop_operator_3.py
[2024-01-30T16:21:43.907+0100] {processor.py:830} INFO - Processing file /home/ubuntu/.local/lib/python3.10/site-packages/airflow/example_dags/example_branch_python_dop_operator_3.py for tasks to queue
[2024-01-30T16:21:43.915+0100] {logging_mixin.py:188} INFO - [2024-01-30T16:21:43.910+0100] {dagbag.py:538} INFO - Filling up the DagBag from /home/ubuntu/.local/lib/python3.10/site-packages/airflow/example_dags/example_branch_python_dop_operator_3.py
[2024-01-30T16:21:44.149+0100] {processor.py:840} INFO - DAG(s) 'example_branch_dop_operator_v3' retrieved from /home/ubuntu/.local/lib/python3.10/site-packages/airflow/example_dags/example_branch_python_dop_operator_3.py
[2024-01-30T16:21:44.247+0100] {logging_mixin.py:188} INFO - [2024-01-30T16:21:44.246+0100] {dag.py:3033} INFO - Sync 1 DAGs
[2024-01-30T16:21:44.327+0100] {logging_mixin.py:188} INFO - [2024-01-30T16:21:44.326+0100] {dag.py:3820} INFO - Setting next_dagrun for example_branch_dop_operator_v3 to 2024-01-30T15:20:00+00:00, run_after=2024-01-30T15:21:00+00:00
[2024-01-30T16:21:44.422+0100] {processor.py:183} INFO - Processing /home/ubuntu/.local/lib/python3.10/site-packages/airflow/example_dags/example_branch_python_dop_operator_3.py took 0.546 seconds
[2024-01-30T16:25:17.385+0100] {processor.py:161} INFO - Started process (PID=7403) to work on /home/ubuntu/.local/lib/python3.10/site-packages/airflow/example_dags/example_branch_python_dop_operator_3.py
[2024-01-30T16:25:17.389+0100] {processor.py:830} INFO - Processing file /home/ubuntu/.local/lib/python3.10/site-packages/airflow/example_dags/example_branch_python_dop_operator_3.py for tasks to queue
[2024-01-30T16:25:17.392+0100] {logging_mixin.py:188} INFO - [2024-01-30T16:25:17.391+0100] {dagbag.py:538} INFO - Filling up the DagBag from /home/ubuntu/.local/lib/python3.10/site-packages/airflow/example_dags/example_branch_python_dop_operator_3.py
[2024-01-30T16:25:17.421+0100] {processor.py:840} INFO - DAG(s) 'example_branch_dop_operator_v3' retrieved from /home/ubuntu/.local/lib/python3.10/site-packages/airflow/example_dags/example_branch_python_dop_operator_3.py
[2024-01-30T16:25:17.487+0100] {logging_mixin.py:188} INFO - [2024-01-30T16:25:17.487+0100] {dag.py:3033} INFO - Sync 1 DAGs
[2024-01-30T16:25:17.581+0100] {logging_mixin.py:188} INFO - [2024-01-30T16:25:17.581+0100] {dag.py:3820} INFO - Setting next_dagrun for example_branch_dop_operator_v3 to 2024-01-30T15:24:00+00:00, run_after=2024-01-30T15:25:00+00:00
[2024-01-30T16:25:17.681+0100] {processor.py:183} INFO - Processing /home/ubuntu/.local/lib/python3.10/site-packages/airflow/example_dags/example_branch_python_dop_operator_3.py took 0.306 seconds
[2024-01-30T16:30:39.397+0100] {processor.py:161} INFO - Started process (PID=8397) to work on /home/ubuntu/.local/lib/python3.10/site-packages/airflow/example_dags/example_branch_python_dop_operator_3.py
[2024-01-30T16:30:39.411+0100] {processor.py:830} INFO - Processing file /home/ubuntu/.local/lib/python3.10/site-packages/airflow/example_dags/example_branch_python_dop_operator_3.py for tasks to queue
[2024-01-30T16:30:39.429+0100] {logging_mixin.py:188} INFO - [2024-01-30T16:30:39.413+0100] {dagbag.py:538} INFO - Filling up the DagBag from /home/ubuntu/.local/lib/python3.10/site-packages/airflow/example_dags/example_branch_python_dop_operator_3.py
[2024-01-30T16:30:39.490+0100] {processor.py:840} INFO - DAG(s) 'example_branch_dop_operator_v3' retrieved from /home/ubuntu/.local/lib/python3.10/site-packages/airflow/example_dags/example_branch_python_dop_operator_3.py
[2024-01-30T16:30:39.619+0100] {logging_mixin.py:188} INFO - [2024-01-30T16:30:39.618+0100] {dag.py:3033} INFO - Sync 1 DAGs
[2024-01-30T16:30:39.759+0100] {logging_mixin.py:188} INFO - [2024-01-30T16:30:39.759+0100] {dag.py:3820} INFO - Setting next_dagrun for example_branch_dop_operator_v3 to 2024-01-30T15:29:00+00:00, run_after=2024-01-30T15:30:00+00:00
[2024-01-30T16:30:40.026+0100] {processor.py:183} INFO - Processing /home/ubuntu/.local/lib/python3.10/site-packages/airflow/example_dags/example_branch_python_dop_operator_3.py took 0.654 seconds
[2024-01-30T16:32:34.069+0100] {processor.py:161} INFO - Started process (PID=8953) to work on /home/ubuntu/.local/lib/python3.10/site-packages/airflow/example_dags/example_branch_python_dop_operator_3.py
[2024-01-30T16:32:34.116+0100] {processor.py:830} INFO - Processing file /home/ubuntu/.local/lib/python3.10/site-packages/airflow/example_dags/example_branch_python_dop_operator_3.py for tasks to queue
[2024-01-30T16:32:34.118+0100] {logging_mixin.py:188} INFO - [2024-01-30T16:32:34.117+0100] {dagbag.py:538} INFO - Filling up the DagBag from /home/ubuntu/.local/lib/python3.10/site-packages/airflow/example_dags/example_branch_python_dop_operator_3.py
[2024-01-30T16:32:34.147+0100] {processor.py:840} INFO - DAG(s) 'example_branch_dop_operator_v3' retrieved from /home/ubuntu/.local/lib/python3.10/site-packages/airflow/example_dags/example_branch_python_dop_operator_3.py
[2024-01-30T16:32:34.183+0100] {logging_mixin.py:188} INFO - [2024-01-30T16:32:34.183+0100] {dag.py:3033} INFO - Sync 1 DAGs
[2024-01-30T16:32:34.226+0100] {logging_mixin.py:188} INFO - [2024-01-30T16:32:34.226+0100] {dag.py:3820} INFO - Setting next_dagrun for example_branch_dop_operator_v3 to 2024-01-30T15:31:00+00:00, run_after=2024-01-30T15:32:00+00:00
[2024-01-30T16:32:34.293+0100] {processor.py:183} INFO - Processing /home/ubuntu/.local/lib/python3.10/site-packages/airflow/example_dags/example_branch_python_dop_operator_3.py took 0.243 seconds
[2024-01-30T16:49:48.675+0100] {processor.py:161} INFO - Started process (PID=5275) to work on /home/ubuntu/.local/lib/python3.10/site-packages/airflow/example_dags/example_branch_python_dop_operator_3.py
[2024-01-30T16:49:48.680+0100] {processor.py:830} INFO - Processing file /home/ubuntu/.local/lib/python3.10/site-packages/airflow/example_dags/example_branch_python_dop_operator_3.py for tasks to queue
[2024-01-30T16:49:48.681+0100] {logging_mixin.py:188} INFO - [2024-01-30T16:49:48.681+0100] {dagbag.py:538} INFO - Filling up the DagBag from /home/ubuntu/.local/lib/python3.10/site-packages/airflow/example_dags/example_branch_python_dop_operator_3.py
[2024-01-30T16:49:48.693+0100] {processor.py:840} INFO - DAG(s) 'example_branch_dop_operator_v3' retrieved from /home/ubuntu/.local/lib/python3.10/site-packages/airflow/example_dags/example_branch_python_dop_operator_3.py
[2024-01-30T16:49:49.030+0100] {logging_mixin.py:188} INFO - [2024-01-30T16:49:49.029+0100] {dag.py:3033} INFO - Sync 1 DAGs
[2024-01-30T16:49:49.077+0100] {logging_mixin.py:188} INFO - [2024-01-30T16:49:49.077+0100] {dag.py:3820} INFO - Setting next_dagrun for example_branch_dop_operator_v3 to 2024-01-30T15:48:00+00:00, run_after=2024-01-30T15:49:00+00:00
[2024-01-30T16:49:49.151+0100] {processor.py:183} INFO - Processing /home/ubuntu/.local/lib/python3.10/site-packages/airflow/example_dags/example_branch_python_dop_operator_3.py took 0.482 seconds
[2024-01-30T16:51:05.497+0100] {processor.py:161} INFO - Started process (PID=5340) to work on /home/ubuntu/.local/lib/python3.10/site-packages/airflow/example_dags/example_branch_python_dop_operator_3.py
[2024-01-30T16:51:05.500+0100] {processor.py:830} INFO - Processing file /home/ubuntu/.local/lib/python3.10/site-packages/airflow/example_dags/example_branch_python_dop_operator_3.py for tasks to queue
[2024-01-30T16:51:05.503+0100] {logging_mixin.py:188} INFO - [2024-01-30T16:51:05.502+0100] {dagbag.py:538} INFO - Filling up the DagBag from /home/ubuntu/.local/lib/python3.10/site-packages/airflow/example_dags/example_branch_python_dop_operator_3.py
[2024-01-30T16:51:05.512+0100] {processor.py:840} INFO - DAG(s) 'example_branch_dop_operator_v3' retrieved from /home/ubuntu/.local/lib/python3.10/site-packages/airflow/example_dags/example_branch_python_dop_operator_3.py
[2024-01-30T16:51:05.531+0100] {logging_mixin.py:188} INFO - [2024-01-30T16:51:05.530+0100] {dag.py:3033} INFO - Sync 1 DAGs
[2024-01-30T16:51:05.564+0100] {logging_mixin.py:188} INFO - [2024-01-30T16:51:05.564+0100] {dag.py:3820} INFO - Setting next_dagrun for example_branch_dop_operator_v3 to 2024-01-30T15:50:00+00:00, run_after=2024-01-30T15:51:00+00:00
[2024-01-30T16:51:05.598+0100] {processor.py:183} INFO - Processing /home/ubuntu/.local/lib/python3.10/site-packages/airflow/example_dags/example_branch_python_dop_operator_3.py took 0.106 seconds
[2024-01-30T16:52:25.710+0100] {processor.py:161} INFO - Started process (PID=5407) to work on /home/ubuntu/.local/lib/python3.10/site-packages/airflow/example_dags/example_branch_python_dop_operator_3.py
[2024-01-30T16:52:25.726+0100] {processor.py:830} INFO - Processing file /home/ubuntu/.local/lib/python3.10/site-packages/airflow/example_dags/example_branch_python_dop_operator_3.py for tasks to queue
[2024-01-30T16:52:25.734+0100] {logging_mixin.py:188} INFO - [2024-01-30T16:52:25.727+0100] {dagbag.py:538} INFO - Filling up the DagBag from /home/ubuntu/.local/lib/python3.10/site-packages/airflow/example_dags/example_branch_python_dop_operator_3.py
[2024-01-30T16:52:25.755+0100] {processor.py:840} INFO - DAG(s) 'example_branch_dop_operator_v3' retrieved from /home/ubuntu/.local/lib/python3.10/site-packages/airflow/example_dags/example_branch_python_dop_operator_3.py
[2024-01-30T16:52:25.794+0100] {logging_mixin.py:188} INFO - [2024-01-30T16:52:25.793+0100] {dag.py:3033} INFO - Sync 1 DAGs
[2024-01-30T16:52:25.867+0100] {logging_mixin.py:188} INFO - [2024-01-30T16:52:25.866+0100] {dag.py:3820} INFO - Setting next_dagrun for example_branch_dop_operator_v3 to 2024-01-30T15:51:00+00:00, run_after=2024-01-30T15:52:00+00:00
[2024-01-30T16:52:25.924+0100] {processor.py:183} INFO - Processing /home/ubuntu/.local/lib/python3.10/site-packages/airflow/example_dags/example_branch_python_dop_operator_3.py took 0.233 seconds
[2024-01-30T16:53:41.015+0100] {processor.py:161} INFO - Started process (PID=5491) to work on /home/ubuntu/.local/lib/python3.10/site-packages/airflow/example_dags/example_branch_python_dop_operator_3.py
[2024-01-30T16:53:41.017+0100] {processor.py:830} INFO - Processing file /home/ubuntu/.local/lib/python3.10/site-packages/airflow/example_dags/example_branch_python_dop_operator_3.py for tasks to queue
[2024-01-30T16:53:41.020+0100] {logging_mixin.py:188} INFO - [2024-01-30T16:53:41.019+0100] {dagbag.py:538} INFO - Filling up the DagBag from /home/ubuntu/.local/lib/python3.10/site-packages/airflow/example_dags/example_branch_python_dop_operator_3.py
[2024-01-30T16:53:41.050+0100] {processor.py:840} INFO - DAG(s) 'example_branch_dop_operator_v3' retrieved from /home/ubuntu/.local/lib/python3.10/site-packages/airflow/example_dags/example_branch_python_dop_operator_3.py
[2024-01-30T16:53:41.134+0100] {logging_mixin.py:188} INFO - [2024-01-30T16:53:41.133+0100] {dag.py:3033} INFO - Sync 1 DAGs
[2024-01-30T16:53:41.202+0100] {logging_mixin.py:188} INFO - [2024-01-30T16:53:41.201+0100] {dag.py:3820} INFO - Setting next_dagrun for example_branch_dop_operator_v3 to 2024-01-30T15:52:00+00:00, run_after=2024-01-30T15:53:00+00:00
[2024-01-30T16:53:41.327+0100] {processor.py:183} INFO - Processing /home/ubuntu/.local/lib/python3.10/site-packages/airflow/example_dags/example_branch_python_dop_operator_3.py took 0.318 seconds
[2024-01-30T16:55:50.754+0100] {processor.py:161} INFO - Started process (PID=5703) to work on /home/ubuntu/.local/lib/python3.10/site-packages/airflow/example_dags/example_branch_python_dop_operator_3.py
[2024-01-30T16:55:50.773+0100] {processor.py:830} INFO - Processing file /home/ubuntu/.local/lib/python3.10/site-packages/airflow/example_dags/example_branch_python_dop_operator_3.py for tasks to queue
[2024-01-30T16:55:50.776+0100] {logging_mixin.py:188} INFO - [2024-01-30T16:55:50.774+0100] {dagbag.py:538} INFO - Filling up the DagBag from /home/ubuntu/.local/lib/python3.10/site-packages/airflow/example_dags/example_branch_python_dop_operator_3.py
[2024-01-30T16:55:50.791+0100] {processor.py:840} INFO - DAG(s) 'example_branch_dop_operator_v3' retrieved from /home/ubuntu/.local/lib/python3.10/site-packages/airflow/example_dags/example_branch_python_dop_operator_3.py
[2024-01-30T16:55:50.834+0100] {logging_mixin.py:188} INFO - [2024-01-30T16:55:50.834+0100] {dag.py:3033} INFO - Sync 1 DAGs
[2024-01-30T16:55:50.876+0100] {logging_mixin.py:188} INFO - [2024-01-30T16:55:50.876+0100] {dag.py:3820} INFO - Setting next_dagrun for example_branch_dop_operator_v3 to 2024-01-30T15:54:00+00:00, run_after=2024-01-30T15:55:00+00:00
[2024-01-30T16:55:50.960+0100] {processor.py:183} INFO - Processing /home/ubuntu/.local/lib/python3.10/site-packages/airflow/example_dags/example_branch_python_dop_operator_3.py took 0.211 seconds
[2024-01-30T16:57:16.954+0100] {processor.py:161} INFO - Started process (PID=5773) to work on /home/ubuntu/.local/lib/python3.10/site-packages/airflow/example_dags/example_branch_python_dop_operator_3.py
[2024-01-30T16:57:16.959+0100] {processor.py:830} INFO - Processing file /home/ubuntu/.local/lib/python3.10/site-packages/airflow/example_dags/example_branch_python_dop_operator_3.py for tasks to queue
[2024-01-30T16:57:16.961+0100] {logging_mixin.py:188} INFO - [2024-01-30T16:57:16.961+0100] {dagbag.py:538} INFO - Filling up the DagBag from /home/ubuntu/.local/lib/python3.10/site-packages/airflow/example_dags/example_branch_python_dop_operator_3.py
[2024-01-30T16:57:17.002+0100] {processor.py:840} INFO - DAG(s) 'example_branch_dop_operator_v3' retrieved from /home/ubuntu/.local/lib/python3.10/site-packages/airflow/example_dags/example_branch_python_dop_operator_3.py
[2024-01-30T16:57:17.051+0100] {logging_mixin.py:188} INFO - [2024-01-30T16:57:17.051+0100] {dag.py:3033} INFO - Sync 1 DAGs
[2024-01-30T16:57:17.111+0100] {logging_mixin.py:188} INFO - [2024-01-30T16:57:17.111+0100] {dag.py:3820} INFO - Setting next_dagrun for example_branch_dop_operator_v3 to 2024-01-30T15:56:00+00:00, run_after=2024-01-30T15:57:00+00:00
[2024-01-30T16:57:17.293+0100] {processor.py:183} INFO - Processing /home/ubuntu/.local/lib/python3.10/site-packages/airflow/example_dags/example_branch_python_dop_operator_3.py took 0.346 seconds
[2024-01-30T16:58:38.544+0100] {processor.py:161} INFO - Started process (PID=5850) to work on /home/ubuntu/.local/lib/python3.10/site-packages/airflow/example_dags/example_branch_python_dop_operator_3.py
[2024-01-30T16:58:38.548+0100] {processor.py:830} INFO - Processing file /home/ubuntu/.local/lib/python3.10/site-packages/airflow/example_dags/example_branch_python_dop_operator_3.py for tasks to queue
[2024-01-30T16:58:38.549+0100] {logging_mixin.py:188} INFO - [2024-01-30T16:58:38.548+0100] {dagbag.py:538} INFO - Filling up the DagBag from /home/ubuntu/.local/lib/python3.10/site-packages/airflow/example_dags/example_branch_python_dop_operator_3.py
[2024-01-30T16:58:38.559+0100] {processor.py:840} INFO - DAG(s) 'example_branch_dop_operator_v3' retrieved from /home/ubuntu/.local/lib/python3.10/site-packages/airflow/example_dags/example_branch_python_dop_operator_3.py
[2024-01-30T16:58:38.621+0100] {logging_mixin.py:188} INFO - [2024-01-30T16:58:38.620+0100] {dag.py:3033} INFO - Sync 1 DAGs
[2024-01-30T16:58:38.662+0100] {logging_mixin.py:188} INFO - [2024-01-30T16:58:38.662+0100] {dag.py:3820} INFO - Setting next_dagrun for example_branch_dop_operator_v3 to 2024-01-30T15:57:00+00:00, run_after=2024-01-30T15:58:00+00:00
[2024-01-30T16:58:38.844+0100] {processor.py:183} INFO - Processing /home/ubuntu/.local/lib/python3.10/site-packages/airflow/example_dags/example_branch_python_dop_operator_3.py took 0.313 seconds
[2024-01-30T16:59:44.591+0100] {processor.py:161} INFO - Started process (PID=5911) to work on /home/ubuntu/.local/lib/python3.10/site-packages/airflow/example_dags/example_branch_python_dop_operator_3.py
[2024-01-30T16:59:44.632+0100] {processor.py:830} INFO - Processing file /home/ubuntu/.local/lib/python3.10/site-packages/airflow/example_dags/example_branch_python_dop_operator_3.py for tasks to queue
[2024-01-30T16:59:44.636+0100] {logging_mixin.py:188} INFO - [2024-01-30T16:59:44.635+0100] {dagbag.py:538} INFO - Filling up the DagBag from /home/ubuntu/.local/lib/python3.10/site-packages/airflow/example_dags/example_branch_python_dop_operator_3.py
[2024-01-30T16:59:44.671+0100] {processor.py:840} INFO - DAG(s) 'example_branch_dop_operator_v3' retrieved from /home/ubuntu/.local/lib/python3.10/site-packages/airflow/example_dags/example_branch_python_dop_operator_3.py
[2024-01-30T16:59:44.738+0100] {logging_mixin.py:188} INFO - [2024-01-30T16:59:44.737+0100] {dag.py:3033} INFO - Sync 1 DAGs
[2024-01-30T16:59:44.834+0100] {logging_mixin.py:188} INFO - [2024-01-30T16:59:44.834+0100] {dag.py:3820} INFO - Setting next_dagrun for example_branch_dop_operator_v3 to 2024-01-30T15:58:00+00:00, run_after=2024-01-30T15:59:00+00:00
[2024-01-30T16:59:44.928+0100] {processor.py:183} INFO - Processing /home/ubuntu/.local/lib/python3.10/site-packages/airflow/example_dags/example_branch_python_dop_operator_3.py took 0.344 seconds
[2024-01-30T17:00:59.033+0100] {processor.py:161} INFO - Started process (PID=6093) to work on /home/ubuntu/.local/lib/python3.10/site-packages/airflow/example_dags/example_branch_python_dop_operator_3.py
[2024-01-30T17:00:59.037+0100] {processor.py:830} INFO - Processing file /home/ubuntu/.local/lib/python3.10/site-packages/airflow/example_dags/example_branch_python_dop_operator_3.py for tasks to queue
[2024-01-30T17:00:59.039+0100] {logging_mixin.py:188} INFO - [2024-01-30T17:00:59.038+0100] {dagbag.py:538} INFO - Filling up the DagBag from /home/ubuntu/.local/lib/python3.10/site-packages/airflow/example_dags/example_branch_python_dop_operator_3.py
[2024-01-30T17:00:59.050+0100] {processor.py:840} INFO - DAG(s) 'example_branch_dop_operator_v3' retrieved from /home/ubuntu/.local/lib/python3.10/site-packages/airflow/example_dags/example_branch_python_dop_operator_3.py
[2024-01-30T17:00:59.072+0100] {logging_mixin.py:188} INFO - [2024-01-30T17:00:59.071+0100] {dag.py:3033} INFO - Sync 1 DAGs
[2024-01-30T17:00:59.122+0100] {logging_mixin.py:188} INFO - [2024-01-30T17:00:59.121+0100] {dag.py:3820} INFO - Setting next_dagrun for example_branch_dop_operator_v3 to 2024-01-30T15:59:00+00:00, run_after=2024-01-30T16:00:00+00:00
[2024-01-30T17:00:59.428+0100] {processor.py:183} INFO - Processing /home/ubuntu/.local/lib/python3.10/site-packages/airflow/example_dags/example_branch_python_dop_operator_3.py took 0.401 seconds
[2024-01-30T17:02:03.870+0100] {processor.py:161} INFO - Started process (PID=6144) to work on /home/ubuntu/.local/lib/python3.10/site-packages/airflow/example_dags/example_branch_python_dop_operator_3.py
[2024-01-30T17:02:03.873+0100] {processor.py:830} INFO - Processing file /home/ubuntu/.local/lib/python3.10/site-packages/airflow/example_dags/example_branch_python_dop_operator_3.py for tasks to queue
[2024-01-30T17:02:03.876+0100] {logging_mixin.py:188} INFO - [2024-01-30T17:02:03.875+0100] {dagbag.py:538} INFO - Filling up the DagBag from /home/ubuntu/.local/lib/python3.10/site-packages/airflow/example_dags/example_branch_python_dop_operator_3.py
[2024-01-30T17:02:03.891+0100] {processor.py:840} INFO - DAG(s) 'example_branch_dop_operator_v3' retrieved from /home/ubuntu/.local/lib/python3.10/site-packages/airflow/example_dags/example_branch_python_dop_operator_3.py
[2024-01-30T17:02:03.960+0100] {logging_mixin.py:188} INFO - [2024-01-30T17:02:03.960+0100] {dag.py:3033} INFO - Sync 1 DAGs
[2024-01-30T17:02:04.027+0100] {logging_mixin.py:188} INFO - [2024-01-30T17:02:04.027+0100] {dag.py:3820} INFO - Setting next_dagrun for example_branch_dop_operator_v3 to 2024-01-30T16:01:00+00:00, run_after=2024-01-30T16:02:00+00:00
[2024-01-30T17:02:04.124+0100] {processor.py:183} INFO - Processing /home/ubuntu/.local/lib/python3.10/site-packages/airflow/example_dags/example_branch_python_dop_operator_3.py took 0.262 seconds
[2024-01-30T17:03:18.306+0100] {processor.py:161} INFO - Started process (PID=6217) to work on /home/ubuntu/.local/lib/python3.10/site-packages/airflow/example_dags/example_branch_python_dop_operator_3.py
[2024-01-30T17:03:18.318+0100] {processor.py:830} INFO - Processing file /home/ubuntu/.local/lib/python3.10/site-packages/airflow/example_dags/example_branch_python_dop_operator_3.py for tasks to queue
[2024-01-30T17:03:18.320+0100] {logging_mixin.py:188} INFO - [2024-01-30T17:03:18.319+0100] {dagbag.py:538} INFO - Filling up the DagBag from /home/ubuntu/.local/lib/python3.10/site-packages/airflow/example_dags/example_branch_python_dop_operator_3.py
[2024-01-30T17:03:18.339+0100] {processor.py:840} INFO - DAG(s) 'example_branch_dop_operator_v3' retrieved from /home/ubuntu/.local/lib/python3.10/site-packages/airflow/example_dags/example_branch_python_dop_operator_3.py
[2024-01-30T17:03:18.377+0100] {logging_mixin.py:188} INFO - [2024-01-30T17:03:18.376+0100] {dag.py:3033} INFO - Sync 1 DAGs
[2024-01-30T17:03:18.675+0100] {logging_mixin.py:188} INFO - [2024-01-30T17:03:18.674+0100] {dag.py:3820} INFO - Setting next_dagrun for example_branch_dop_operator_v3 to 2024-01-30T16:02:00+00:00, run_after=2024-01-30T16:03:00+00:00
[2024-01-30T17:03:18.759+0100] {processor.py:183} INFO - Processing /home/ubuntu/.local/lib/python3.10/site-packages/airflow/example_dags/example_branch_python_dop_operator_3.py took 0.459 seconds
[2024-01-30T17:04:33.535+0100] {processor.py:161} INFO - Started process (PID=6281) to work on /home/ubuntu/.local/lib/python3.10/site-packages/airflow/example_dags/example_branch_python_dop_operator_3.py
[2024-01-30T17:04:33.537+0100] {processor.py:830} INFO - Processing file /home/ubuntu/.local/lib/python3.10/site-packages/airflow/example_dags/example_branch_python_dop_operator_3.py for tasks to queue
[2024-01-30T17:04:33.539+0100] {logging_mixin.py:188} INFO - [2024-01-30T17:04:33.538+0100] {dagbag.py:538} INFO - Filling up the DagBag from /home/ubuntu/.local/lib/python3.10/site-packages/airflow/example_dags/example_branch_python_dop_operator_3.py
[2024-01-30T17:04:33.559+0100] {processor.py:840} INFO - DAG(s) 'example_branch_dop_operator_v3' retrieved from /home/ubuntu/.local/lib/python3.10/site-packages/airflow/example_dags/example_branch_python_dop_operator_3.py
[2024-01-30T17:04:33.611+0100] {logging_mixin.py:188} INFO - [2024-01-30T17:04:33.610+0100] {dag.py:3033} INFO - Sync 1 DAGs
[2024-01-30T17:04:33.694+0100] {logging_mixin.py:188} INFO - [2024-01-30T17:04:33.694+0100] {dag.py:3820} INFO - Setting next_dagrun for example_branch_dop_operator_v3 to 2024-01-30T16:03:00+00:00, run_after=2024-01-30T16:04:00+00:00
[2024-01-30T17:04:33.776+0100] {processor.py:183} INFO - Processing /home/ubuntu/.local/lib/python3.10/site-packages/airflow/example_dags/example_branch_python_dop_operator_3.py took 0.278 seconds
[2024-01-30T17:05:55.132+0100] {processor.py:161} INFO - Started process (PID=6350) to work on /home/ubuntu/.local/lib/python3.10/site-packages/airflow/example_dags/example_branch_python_dop_operator_3.py
[2024-01-30T17:05:55.161+0100] {processor.py:830} INFO - Processing file /home/ubuntu/.local/lib/python3.10/site-packages/airflow/example_dags/example_branch_python_dop_operator_3.py for tasks to queue
[2024-01-30T17:05:55.165+0100] {logging_mixin.py:188} INFO - [2024-01-30T17:05:55.164+0100] {dagbag.py:538} INFO - Filling up the DagBag from /home/ubuntu/.local/lib/python3.10/site-packages/airflow/example_dags/example_branch_python_dop_operator_3.py
[2024-01-30T17:05:55.180+0100] {processor.py:840} INFO - DAG(s) 'example_branch_dop_operator_v3' retrieved from /home/ubuntu/.local/lib/python3.10/site-packages/airflow/example_dags/example_branch_python_dop_operator_3.py
[2024-01-30T17:05:55.243+0100] {logging_mixin.py:188} INFO - [2024-01-30T17:05:55.243+0100] {dag.py:3033} INFO - Sync 1 DAGs
[2024-01-30T17:05:55.305+0100] {logging_mixin.py:188} INFO - [2024-01-30T17:05:55.305+0100] {dag.py:3820} INFO - Setting next_dagrun for example_branch_dop_operator_v3 to 2024-01-30T16:04:00+00:00, run_after=2024-01-30T16:05:00+00:00
[2024-01-30T17:05:55.374+0100] {processor.py:183} INFO - Processing /home/ubuntu/.local/lib/python3.10/site-packages/airflow/example_dags/example_branch_python_dop_operator_3.py took 0.264 seconds
[2024-01-30T17:07:10.052+0100] {processor.py:161} INFO - Started process (PID=6417) to work on /home/ubuntu/.local/lib/python3.10/site-packages/airflow/example_dags/example_branch_python_dop_operator_3.py
[2024-01-30T17:07:10.056+0100] {processor.py:830} INFO - Processing file /home/ubuntu/.local/lib/python3.10/site-packages/airflow/example_dags/example_branch_python_dop_operator_3.py for tasks to queue
[2024-01-30T17:07:10.058+0100] {logging_mixin.py:188} INFO - [2024-01-30T17:07:10.057+0100] {dagbag.py:538} INFO - Filling up the DagBag from /home/ubuntu/.local/lib/python3.10/site-packages/airflow/example_dags/example_branch_python_dop_operator_3.py
[2024-01-30T17:07:10.085+0100] {processor.py:840} INFO - DAG(s) 'example_branch_dop_operator_v3' retrieved from /home/ubuntu/.local/lib/python3.10/site-packages/airflow/example_dags/example_branch_python_dop_operator_3.py
[2024-01-30T17:07:10.116+0100] {logging_mixin.py:188} INFO - [2024-01-30T17:07:10.116+0100] {dag.py:3033} INFO - Sync 1 DAGs
[2024-01-30T17:07:10.182+0100] {logging_mixin.py:188} INFO - [2024-01-30T17:07:10.182+0100] {dag.py:3820} INFO - Setting next_dagrun for example_branch_dop_operator_v3 to 2024-01-30T16:06:00+00:00, run_after=2024-01-30T16:07:00+00:00
[2024-01-30T17:07:10.281+0100] {processor.py:183} INFO - Processing /home/ubuntu/.local/lib/python3.10/site-packages/airflow/example_dags/example_branch_python_dop_operator_3.py took 0.234 seconds
