[2024-01-30T13:51:29.167+0100] {processor.py:161} INFO - Started process (PID=6187) to work on /home/ubuntu/.local/lib/python3.10/site-packages/airflow/example_dags/example_branch_datetime_operator.py
[2024-01-30T13:51:29.169+0100] {processor.py:830} INFO - Processing file /home/ubuntu/.local/lib/python3.10/site-packages/airflow/example_dags/example_branch_datetime_operator.py for tasks to queue
[2024-01-30T13:51:29.169+0100] {logging_mixin.py:188} INFO - [2024-01-30T13:51:29.169+0100] {dagbag.py:538} INFO - Filling up the DagBag from /home/ubuntu/.local/lib/python3.10/site-packages/airflow/example_dags/example_branch_datetime_operator.py
[2024-01-30T13:51:29.186+0100] {processor.py:840} INFO - DAG(s) 'example_branch_datetime_operator', 'example_branch_datetime_operator_2', 'example_branch_datetime_operator_3' retrieved from /home/ubuntu/.local/lib/python3.10/site-packages/airflow/example_dags/example_branch_datetime_operator.py
[2024-01-30T13:51:29.341+0100] {logging_mixin.py:188} INFO - [2024-01-30T13:51:29.341+0100] {dag.py:3033} INFO - Sync 3 DAGs
[2024-01-30T13:51:29.366+0100] {logging_mixin.py:188} INFO - [2024-01-30T13:51:29.365+0100] {dag.py:3820} INFO - Setting next_dagrun for example_branch_datetime_operator to 2024-01-29T00:00:00+00:00, run_after=2024-01-30T00:00:00+00:00
[2024-01-30T13:51:29.371+0100] {logging_mixin.py:188} INFO - [2024-01-30T13:51:29.371+0100] {dag.py:3820} INFO - Setting next_dagrun for example_branch_datetime_operator_2 to 2024-01-29T00:00:00+00:00, run_after=2024-01-30T00:00:00+00:00
[2024-01-30T13:51:29.374+0100] {logging_mixin.py:188} INFO - [2024-01-30T13:51:29.374+0100] {dag.py:3820} INFO - Setting next_dagrun for example_branch_datetime_operator_3 to 2024-01-29T00:00:00+00:00, run_after=2024-01-30T00:00:00+00:00
[2024-01-30T13:51:29.426+0100] {processor.py:183} INFO - Processing /home/ubuntu/.local/lib/python3.10/site-packages/airflow/example_dags/example_branch_datetime_operator.py took 0.263 seconds
[2024-01-30T13:52:54.853+0100] {processor.py:161} INFO - Started process (PID=6276) to work on /home/ubuntu/.local/lib/python3.10/site-packages/airflow/example_dags/example_branch_datetime_operator.py
[2024-01-30T13:52:54.857+0100] {processor.py:830} INFO - Processing file /home/ubuntu/.local/lib/python3.10/site-packages/airflow/example_dags/example_branch_datetime_operator.py for tasks to queue
[2024-01-30T13:52:54.859+0100] {logging_mixin.py:188} INFO - [2024-01-30T13:52:54.858+0100] {dagbag.py:538} INFO - Filling up the DagBag from /home/ubuntu/.local/lib/python3.10/site-packages/airflow/example_dags/example_branch_datetime_operator.py
[2024-01-30T13:52:54.877+0100] {processor.py:840} INFO - DAG(s) 'example_branch_datetime_operator_2', 'example_branch_datetime_operator_3', 'example_branch_datetime_operator' retrieved from /home/ubuntu/.local/lib/python3.10/site-packages/airflow/example_dags/example_branch_datetime_operator.py
[2024-01-30T13:52:54.907+0100] {logging_mixin.py:188} INFO - [2024-01-30T13:52:54.907+0100] {dag.py:3033} INFO - Sync 3 DAGs
[2024-01-30T13:52:54.935+0100] {logging_mixin.py:188} INFO - [2024-01-30T13:52:54.934+0100] {dag.py:3820} INFO - Setting next_dagrun for example_branch_datetime_operator to 2024-01-29T00:00:00+00:00, run_after=2024-01-30T00:00:00+00:00
[2024-01-30T13:52:54.940+0100] {logging_mixin.py:188} INFO - [2024-01-30T13:52:54.940+0100] {dag.py:3820} INFO - Setting next_dagrun for example_branch_datetime_operator_2 to 2024-01-29T00:00:00+00:00, run_after=2024-01-30T00:00:00+00:00
[2024-01-30T13:52:54.943+0100] {logging_mixin.py:188} INFO - [2024-01-30T13:52:54.943+0100] {dag.py:3820} INFO - Setting next_dagrun for example_branch_datetime_operator_3 to 2024-01-29T00:00:00+00:00, run_after=2024-01-30T00:00:00+00:00
[2024-01-30T13:52:54.979+0100] {processor.py:183} INFO - Processing /home/ubuntu/.local/lib/python3.10/site-packages/airflow/example_dags/example_branch_datetime_operator.py took 0.133 seconds
[2024-01-30T15:53:48.868+0100] {processor.py:161} INFO - Started process (PID=6390) to work on /home/ubuntu/.local/lib/python3.10/site-packages/airflow/example_dags/example_branch_datetime_operator.py
[2024-01-30T15:53:48.873+0100] {processor.py:830} INFO - Processing file /home/ubuntu/.local/lib/python3.10/site-packages/airflow/example_dags/example_branch_datetime_operator.py for tasks to queue
[2024-01-30T15:53:48.874+0100] {logging_mixin.py:188} INFO - [2024-01-30T15:53:48.874+0100] {dagbag.py:538} INFO - Filling up the DagBag from /home/ubuntu/.local/lib/python3.10/site-packages/airflow/example_dags/example_branch_datetime_operator.py
[2024-01-30T15:53:48.888+0100] {processor.py:840} INFO - DAG(s) 'example_branch_datetime_operator_3', 'example_branch_datetime_operator_2', 'example_branch_datetime_operator' retrieved from /home/ubuntu/.local/lib/python3.10/site-packages/airflow/example_dags/example_branch_datetime_operator.py
[2024-01-30T15:53:48.921+0100] {logging_mixin.py:188} INFO - [2024-01-30T15:53:48.920+0100] {dag.py:3033} INFO - Sync 3 DAGs
[2024-01-30T15:53:48.944+0100] {logging_mixin.py:188} INFO - [2024-01-30T15:53:48.944+0100] {dag.py:3820} INFO - Setting next_dagrun for example_branch_datetime_operator to 2024-01-29T00:00:00+00:00, run_after=2024-01-30T00:00:00+00:00
[2024-01-30T15:53:48.949+0100] {logging_mixin.py:188} INFO - [2024-01-30T15:53:48.949+0100] {dag.py:3820} INFO - Setting next_dagrun for example_branch_datetime_operator_2 to 2024-01-29T00:00:00+00:00, run_after=2024-01-30T00:00:00+00:00
[2024-01-30T15:53:48.951+0100] {logging_mixin.py:188} INFO - [2024-01-30T15:53:48.951+0100] {dag.py:3820} INFO - Setting next_dagrun for example_branch_datetime_operator_3 to 2024-01-29T00:00:00+00:00, run_after=2024-01-30T00:00:00+00:00
[2024-01-30T15:53:48.987+0100] {processor.py:183} INFO - Processing /home/ubuntu/.local/lib/python3.10/site-packages/airflow/example_dags/example_branch_datetime_operator.py took 0.123 seconds
[2024-01-30T15:54:53.153+0100] {processor.py:161} INFO - Started process (PID=6468) to work on /home/ubuntu/.local/lib/python3.10/site-packages/airflow/example_dags/example_branch_datetime_operator.py
[2024-01-30T15:54:53.157+0100] {processor.py:830} INFO - Processing file /home/ubuntu/.local/lib/python3.10/site-packages/airflow/example_dags/example_branch_datetime_operator.py for tasks to queue
[2024-01-30T15:54:53.159+0100] {logging_mixin.py:188} INFO - [2024-01-30T15:54:53.158+0100] {dagbag.py:538} INFO - Filling up the DagBag from /home/ubuntu/.local/lib/python3.10/site-packages/airflow/example_dags/example_branch_datetime_operator.py
[2024-01-30T15:54:53.174+0100] {processor.py:840} INFO - DAG(s) 'example_branch_datetime_operator_3', 'example_branch_datetime_operator_2', 'example_branch_datetime_operator' retrieved from /home/ubuntu/.local/lib/python3.10/site-packages/airflow/example_dags/example_branch_datetime_operator.py
[2024-01-30T15:54:53.204+0100] {logging_mixin.py:188} INFO - [2024-01-30T15:54:53.204+0100] {dag.py:3033} INFO - Sync 3 DAGs
[2024-01-30T15:54:53.232+0100] {logging_mixin.py:188} INFO - [2024-01-30T15:54:53.231+0100] {dag.py:3820} INFO - Setting next_dagrun for example_branch_datetime_operator to 2024-01-29T00:00:00+00:00, run_after=2024-01-30T00:00:00+00:00
[2024-01-30T15:54:53.238+0100] {logging_mixin.py:188} INFO - [2024-01-30T15:54:53.237+0100] {dag.py:3820} INFO - Setting next_dagrun for example_branch_datetime_operator_2 to 2024-01-29T00:00:00+00:00, run_after=2024-01-30T00:00:00+00:00
[2024-01-30T15:54:53.241+0100] {logging_mixin.py:188} INFO - [2024-01-30T15:54:53.240+0100] {dag.py:3820} INFO - Setting next_dagrun for example_branch_datetime_operator_3 to 2024-01-29T00:00:00+00:00, run_after=2024-01-30T00:00:00+00:00
[2024-01-30T15:54:53.282+0100] {processor.py:183} INFO - Processing /home/ubuntu/.local/lib/python3.10/site-packages/airflow/example_dags/example_branch_datetime_operator.py took 0.135 seconds
[2024-01-30T15:55:53.457+0100] {processor.py:161} INFO - Started process (PID=6529) to work on /home/ubuntu/.local/lib/python3.10/site-packages/airflow/example_dags/example_branch_datetime_operator.py
[2024-01-30T15:55:53.459+0100] {processor.py:830} INFO - Processing file /home/ubuntu/.local/lib/python3.10/site-packages/airflow/example_dags/example_branch_datetime_operator.py for tasks to queue
[2024-01-30T15:55:53.461+0100] {logging_mixin.py:188} INFO - [2024-01-30T15:55:53.460+0100] {dagbag.py:538} INFO - Filling up the DagBag from /home/ubuntu/.local/lib/python3.10/site-packages/airflow/example_dags/example_branch_datetime_operator.py
[2024-01-30T15:55:53.475+0100] {processor.py:840} INFO - DAG(s) 'example_branch_datetime_operator', 'example_branch_datetime_operator_3', 'example_branch_datetime_operator_2' retrieved from /home/ubuntu/.local/lib/python3.10/site-packages/airflow/example_dags/example_branch_datetime_operator.py
[2024-01-30T15:55:53.509+0100] {logging_mixin.py:188} INFO - [2024-01-30T15:55:53.509+0100] {dag.py:3033} INFO - Sync 3 DAGs
[2024-01-30T15:55:53.542+0100] {logging_mixin.py:188} INFO - [2024-01-30T15:55:53.542+0100] {dag.py:3820} INFO - Setting next_dagrun for example_branch_datetime_operator to 2024-01-29T00:00:00+00:00, run_after=2024-01-30T00:00:00+00:00
[2024-01-30T15:55:53.548+0100] {logging_mixin.py:188} INFO - [2024-01-30T15:55:53.548+0100] {dag.py:3820} INFO - Setting next_dagrun for example_branch_datetime_operator_2 to 2024-01-29T00:00:00+00:00, run_after=2024-01-30T00:00:00+00:00
[2024-01-30T15:55:53.551+0100] {logging_mixin.py:188} INFO - [2024-01-30T15:55:53.550+0100] {dag.py:3820} INFO - Setting next_dagrun for example_branch_datetime_operator_3 to 2024-01-29T00:00:00+00:00, run_after=2024-01-30T00:00:00+00:00
[2024-01-30T15:55:53.601+0100] {processor.py:183} INFO - Processing /home/ubuntu/.local/lib/python3.10/site-packages/airflow/example_dags/example_branch_datetime_operator.py took 0.149 seconds
[2024-01-30T15:56:55.836+0100] {processor.py:161} INFO - Started process (PID=6595) to work on /home/ubuntu/.local/lib/python3.10/site-packages/airflow/example_dags/example_branch_datetime_operator.py
[2024-01-30T15:56:55.841+0100] {processor.py:830} INFO - Processing file /home/ubuntu/.local/lib/python3.10/site-packages/airflow/example_dags/example_branch_datetime_operator.py for tasks to queue
[2024-01-30T15:56:55.844+0100] {logging_mixin.py:188} INFO - [2024-01-30T15:56:55.843+0100] {dagbag.py:538} INFO - Filling up the DagBag from /home/ubuntu/.local/lib/python3.10/site-packages/airflow/example_dags/example_branch_datetime_operator.py
[2024-01-30T15:56:55.895+0100] {processor.py:840} INFO - DAG(s) 'example_branch_datetime_operator', 'example_branch_datetime_operator_2', 'example_branch_datetime_operator_3' retrieved from /home/ubuntu/.local/lib/python3.10/site-packages/airflow/example_dags/example_branch_datetime_operator.py
[2024-01-30T15:56:55.959+0100] {logging_mixin.py:188} INFO - [2024-01-30T15:56:55.959+0100] {dag.py:3033} INFO - Sync 3 DAGs
[2024-01-30T15:56:56.034+0100] {logging_mixin.py:188} INFO - [2024-01-30T15:56:56.034+0100] {dag.py:3820} INFO - Setting next_dagrun for example_branch_datetime_operator to 2024-01-29T00:00:00+00:00, run_after=2024-01-30T00:00:00+00:00
[2024-01-30T15:56:56.042+0100] {logging_mixin.py:188} INFO - [2024-01-30T15:56:56.042+0100] {dag.py:3820} INFO - Setting next_dagrun for example_branch_datetime_operator_2 to 2024-01-29T00:00:00+00:00, run_after=2024-01-30T00:00:00+00:00
[2024-01-30T15:56:56.046+0100] {logging_mixin.py:188} INFO - [2024-01-30T15:56:56.046+0100] {dag.py:3820} INFO - Setting next_dagrun for example_branch_datetime_operator_3 to 2024-01-29T00:00:00+00:00, run_after=2024-01-30T00:00:00+00:00
[2024-01-30T15:56:56.178+0100] {processor.py:183} INFO - Processing /home/ubuntu/.local/lib/python3.10/site-packages/airflow/example_dags/example_branch_datetime_operator.py took 0.346 seconds
[2024-01-30T15:59:55.150+0100] {processor.py:161} INFO - Started process (PID=8203) to work on /home/ubuntu/.local/lib/python3.10/site-packages/airflow/example_dags/example_branch_datetime_operator.py
[2024-01-30T15:59:55.161+0100] {processor.py:830} INFO - Processing file /home/ubuntu/.local/lib/python3.10/site-packages/airflow/example_dags/example_branch_datetime_operator.py for tasks to queue
[2024-01-30T15:59:55.187+0100] {logging_mixin.py:188} INFO - [2024-01-30T15:59:55.162+0100] {dagbag.py:538} INFO - Filling up the DagBag from /home/ubuntu/.local/lib/python3.10/site-packages/airflow/example_dags/example_branch_datetime_operator.py
[2024-01-30T15:59:55.330+0100] {processor.py:840} INFO - DAG(s) 'example_branch_datetime_operator_3', 'example_branch_datetime_operator_2', 'example_branch_datetime_operator' retrieved from /home/ubuntu/.local/lib/python3.10/site-packages/airflow/example_dags/example_branch_datetime_operator.py
[2024-01-30T15:59:55.438+0100] {logging_mixin.py:188} INFO - [2024-01-30T15:59:55.437+0100] {dag.py:3033} INFO - Sync 3 DAGs
[2024-01-30T15:59:55.528+0100] {logging_mixin.py:188} INFO - [2024-01-30T15:59:55.526+0100] {dag.py:3820} INFO - Setting next_dagrun for example_branch_datetime_operator to 2024-01-29T00:00:00+00:00, run_after=2024-01-30T00:00:00+00:00
[2024-01-30T15:59:55.555+0100] {logging_mixin.py:188} INFO - [2024-01-30T15:59:55.555+0100] {dag.py:3820} INFO - Setting next_dagrun for example_branch_datetime_operator_2 to 2024-01-29T00:00:00+00:00, run_after=2024-01-30T00:00:00+00:00
[2024-01-30T15:59:55.568+0100] {logging_mixin.py:188} INFO - [2024-01-30T15:59:55.568+0100] {dag.py:3820} INFO - Setting next_dagrun for example_branch_datetime_operator_3 to 2024-01-29T00:00:00+00:00, run_after=2024-01-30T00:00:00+00:00
[2024-01-30T15:59:55.744+0100] {processor.py:183} INFO - Processing /home/ubuntu/.local/lib/python3.10/site-packages/airflow/example_dags/example_branch_datetime_operator.py took 0.612 seconds
[2024-01-30T16:02:10.119+0100] {processor.py:161} INFO - Started process (PID=8412) to work on /home/ubuntu/.local/lib/python3.10/site-packages/airflow/example_dags/example_branch_datetime_operator.py
[2024-01-30T16:02:10.125+0100] {processor.py:830} INFO - Processing file /home/ubuntu/.local/lib/python3.10/site-packages/airflow/example_dags/example_branch_datetime_operator.py for tasks to queue
[2024-01-30T16:02:10.126+0100] {logging_mixin.py:188} INFO - [2024-01-30T16:02:10.125+0100] {dagbag.py:538} INFO - Filling up the DagBag from /home/ubuntu/.local/lib/python3.10/site-packages/airflow/example_dags/example_branch_datetime_operator.py
[2024-01-30T16:02:10.144+0100] {processor.py:840} INFO - DAG(s) 'example_branch_datetime_operator_2', 'example_branch_datetime_operator_3', 'example_branch_datetime_operator' retrieved from /home/ubuntu/.local/lib/python3.10/site-packages/airflow/example_dags/example_branch_datetime_operator.py
[2024-01-30T16:02:10.175+0100] {logging_mixin.py:188} INFO - [2024-01-30T16:02:10.175+0100] {dag.py:3033} INFO - Sync 3 DAGs
[2024-01-30T16:02:10.196+0100] {logging_mixin.py:188} INFO - [2024-01-30T16:02:10.196+0100] {dag.py:3820} INFO - Setting next_dagrun for example_branch_datetime_operator to 2024-01-29T00:00:00+00:00, run_after=2024-01-30T00:00:00+00:00
[2024-01-30T16:02:10.200+0100] {logging_mixin.py:188} INFO - [2024-01-30T16:02:10.200+0100] {dag.py:3820} INFO - Setting next_dagrun for example_branch_datetime_operator_2 to 2024-01-29T00:00:00+00:00, run_after=2024-01-30T00:00:00+00:00
[2024-01-30T16:02:10.203+0100] {logging_mixin.py:188} INFO - [2024-01-30T16:02:10.203+0100] {dag.py:3820} INFO - Setting next_dagrun for example_branch_datetime_operator_3 to 2024-01-29T00:00:00+00:00, run_after=2024-01-30T00:00:00+00:00
[2024-01-30T16:02:10.292+0100] {processor.py:183} INFO - Processing /home/ubuntu/.local/lib/python3.10/site-packages/airflow/example_dags/example_branch_datetime_operator.py took 0.177 seconds
[2024-01-30T16:08:22.276+0100] {processor.py:161} INFO - Started process (PID=9449) to work on /home/ubuntu/.local/lib/python3.10/site-packages/airflow/example_dags/example_branch_datetime_operator.py
[2024-01-30T16:08:22.292+0100] {processor.py:830} INFO - Processing file /home/ubuntu/.local/lib/python3.10/site-packages/airflow/example_dags/example_branch_datetime_operator.py for tasks to queue
[2024-01-30T16:08:22.313+0100] {logging_mixin.py:188} INFO - [2024-01-30T16:08:22.297+0100] {dagbag.py:538} INFO - Filling up the DagBag from /home/ubuntu/.local/lib/python3.10/site-packages/airflow/example_dags/example_branch_datetime_operator.py
[2024-01-30T16:08:22.399+0100] {processor.py:840} INFO - DAG(s) 'example_branch_datetime_operator_2', 'example_branch_datetime_operator', 'example_branch_datetime_operator_3' retrieved from /home/ubuntu/.local/lib/python3.10/site-packages/airflow/example_dags/example_branch_datetime_operator.py
[2024-01-30T16:08:22.485+0100] {logging_mixin.py:188} INFO - [2024-01-30T16:08:22.485+0100] {dag.py:3033} INFO - Sync 3 DAGs
[2024-01-30T16:08:22.549+0100] {logging_mixin.py:188} INFO - [2024-01-30T16:08:22.548+0100] {dag.py:3820} INFO - Setting next_dagrun for example_branch_datetime_operator to 2024-01-29T00:00:00+00:00, run_after=2024-01-30T00:00:00+00:00
[2024-01-30T16:08:22.561+0100] {logging_mixin.py:188} INFO - [2024-01-30T16:08:22.561+0100] {dag.py:3820} INFO - Setting next_dagrun for example_branch_datetime_operator_2 to 2024-01-29T00:00:00+00:00, run_after=2024-01-30T00:00:00+00:00
[2024-01-30T16:08:22.568+0100] {logging_mixin.py:188} INFO - [2024-01-30T16:08:22.567+0100] {dag.py:3820} INFO - Setting next_dagrun for example_branch_datetime_operator_3 to 2024-01-29T00:00:00+00:00, run_after=2024-01-30T00:00:00+00:00
[2024-01-30T16:08:22.637+0100] {processor.py:183} INFO - Processing /home/ubuntu/.local/lib/python3.10/site-packages/airflow/example_dags/example_branch_datetime_operator.py took 0.375 seconds
[2024-01-30T16:18:48.635+0100] {processor.py:161} INFO - Started process (PID=5671) to work on /home/ubuntu/.local/lib/python3.10/site-packages/airflow/example_dags/example_branch_datetime_operator.py
[2024-01-30T16:18:48.646+0100] {processor.py:830} INFO - Processing file /home/ubuntu/.local/lib/python3.10/site-packages/airflow/example_dags/example_branch_datetime_operator.py for tasks to queue
[2024-01-30T16:18:48.648+0100] {logging_mixin.py:188} INFO - [2024-01-30T16:18:48.647+0100] {dagbag.py:538} INFO - Filling up the DagBag from /home/ubuntu/.local/lib/python3.10/site-packages/airflow/example_dags/example_branch_datetime_operator.py
[2024-01-30T16:18:48.700+0100] {processor.py:840} INFO - DAG(s) 'example_branch_datetime_operator', 'example_branch_datetime_operator_2', 'example_branch_datetime_operator_3' retrieved from /home/ubuntu/.local/lib/python3.10/site-packages/airflow/example_dags/example_branch_datetime_operator.py
[2024-01-30T16:18:49.185+0100] {logging_mixin.py:188} INFO - [2024-01-30T16:18:49.185+0100] {dag.py:3033} INFO - Sync 3 DAGs
[2024-01-30T16:18:49.245+0100] {logging_mixin.py:188} INFO - [2024-01-30T16:18:49.244+0100] {dag.py:3820} INFO - Setting next_dagrun for example_branch_datetime_operator to 2024-01-29T00:00:00+00:00, run_after=2024-01-30T00:00:00+00:00
[2024-01-30T16:18:49.251+0100] {logging_mixin.py:188} INFO - [2024-01-30T16:18:49.251+0100] {dag.py:3820} INFO - Setting next_dagrun for example_branch_datetime_operator_2 to 2024-01-29T00:00:00+00:00, run_after=2024-01-30T00:00:00+00:00
[2024-01-30T16:18:49.257+0100] {logging_mixin.py:188} INFO - [2024-01-30T16:18:49.256+0100] {dag.py:3820} INFO - Setting next_dagrun for example_branch_datetime_operator_3 to 2024-01-29T00:00:00+00:00, run_after=2024-01-30T00:00:00+00:00
[2024-01-30T16:18:49.436+0100] {processor.py:183} INFO - Processing /home/ubuntu/.local/lib/python3.10/site-packages/airflow/example_dags/example_branch_datetime_operator.py took 0.808 seconds
[2024-01-30T16:21:57.675+0100] {processor.py:161} INFO - Started process (PID=6230) to work on /home/ubuntu/.local/lib/python3.10/site-packages/airflow/example_dags/example_branch_datetime_operator.py
[2024-01-30T16:21:57.679+0100] {processor.py:830} INFO - Processing file /home/ubuntu/.local/lib/python3.10/site-packages/airflow/example_dags/example_branch_datetime_operator.py for tasks to queue
[2024-01-30T16:21:57.680+0100] {logging_mixin.py:188} INFO - [2024-01-30T16:21:57.680+0100] {dagbag.py:538} INFO - Filling up the DagBag from /home/ubuntu/.local/lib/python3.10/site-packages/airflow/example_dags/example_branch_datetime_operator.py
[2024-01-30T16:21:57.698+0100] {processor.py:840} INFO - DAG(s) 'example_branch_datetime_operator', 'example_branch_datetime_operator_3', 'example_branch_datetime_operator_2' retrieved from /home/ubuntu/.local/lib/python3.10/site-packages/airflow/example_dags/example_branch_datetime_operator.py
[2024-01-30T16:21:57.733+0100] {logging_mixin.py:188} INFO - [2024-01-30T16:21:57.732+0100] {dag.py:3033} INFO - Sync 3 DAGs
[2024-01-30T16:21:57.773+0100] {logging_mixin.py:188} INFO - [2024-01-30T16:21:57.773+0100] {dag.py:3820} INFO - Setting next_dagrun for example_branch_datetime_operator to 2024-01-29T00:00:00+00:00, run_after=2024-01-30T00:00:00+00:00
[2024-01-30T16:21:57.778+0100] {logging_mixin.py:188} INFO - [2024-01-30T16:21:57.778+0100] {dag.py:3820} INFO - Setting next_dagrun for example_branch_datetime_operator_2 to 2024-01-29T00:00:00+00:00, run_after=2024-01-30T00:00:00+00:00
[2024-01-30T16:21:57.780+0100] {logging_mixin.py:188} INFO - [2024-01-30T16:21:57.780+0100] {dag.py:3820} INFO - Setting next_dagrun for example_branch_datetime_operator_3 to 2024-01-29T00:00:00+00:00, run_after=2024-01-30T00:00:00+00:00
[2024-01-30T16:21:57.832+0100] {processor.py:183} INFO - Processing /home/ubuntu/.local/lib/python3.10/site-packages/airflow/example_dags/example_branch_datetime_operator.py took 0.163 seconds
[2024-01-30T16:25:43.389+0100] {processor.py:161} INFO - Started process (PID=7449) to work on /home/ubuntu/.local/lib/python3.10/site-packages/airflow/example_dags/example_branch_datetime_operator.py
[2024-01-30T16:25:43.397+0100] {processor.py:830} INFO - Processing file /home/ubuntu/.local/lib/python3.10/site-packages/airflow/example_dags/example_branch_datetime_operator.py for tasks to queue
[2024-01-30T16:25:43.399+0100] {logging_mixin.py:188} INFO - [2024-01-30T16:25:43.398+0100] {dagbag.py:538} INFO - Filling up the DagBag from /home/ubuntu/.local/lib/python3.10/site-packages/airflow/example_dags/example_branch_datetime_operator.py
[2024-01-30T16:25:43.426+0100] {processor.py:840} INFO - DAG(s) 'example_branch_datetime_operator', 'example_branch_datetime_operator_2', 'example_branch_datetime_operator_3' retrieved from /home/ubuntu/.local/lib/python3.10/site-packages/airflow/example_dags/example_branch_datetime_operator.py
[2024-01-30T16:25:43.492+0100] {logging_mixin.py:188} INFO - [2024-01-30T16:25:43.492+0100] {dag.py:3033} INFO - Sync 3 DAGs
[2024-01-30T16:25:43.530+0100] {logging_mixin.py:188} INFO - [2024-01-30T16:25:43.530+0100] {dag.py:3820} INFO - Setting next_dagrun for example_branch_datetime_operator to 2024-01-29T00:00:00+00:00, run_after=2024-01-30T00:00:00+00:00
[2024-01-30T16:25:43.535+0100] {logging_mixin.py:188} INFO - [2024-01-30T16:25:43.535+0100] {dag.py:3820} INFO - Setting next_dagrun for example_branch_datetime_operator_2 to 2024-01-29T00:00:00+00:00, run_after=2024-01-30T00:00:00+00:00
[2024-01-30T16:25:43.543+0100] {logging_mixin.py:188} INFO - [2024-01-30T16:25:43.542+0100] {dag.py:3820} INFO - Setting next_dagrun for example_branch_datetime_operator_3 to 2024-01-29T00:00:00+00:00, run_after=2024-01-30T00:00:00+00:00
[2024-01-30T16:25:43.666+0100] {processor.py:183} INFO - Processing /home/ubuntu/.local/lib/python3.10/site-packages/airflow/example_dags/example_branch_datetime_operator.py took 0.299 seconds
[2024-01-30T16:31:11.280+0100] {processor.py:161} INFO - Started process (PID=8568) to work on /home/ubuntu/.local/lib/python3.10/site-packages/airflow/example_dags/example_branch_datetime_operator.py
[2024-01-30T16:31:11.290+0100] {processor.py:830} INFO - Processing file /home/ubuntu/.local/lib/python3.10/site-packages/airflow/example_dags/example_branch_datetime_operator.py for tasks to queue
[2024-01-30T16:31:11.292+0100] {logging_mixin.py:188} INFO - [2024-01-30T16:31:11.291+0100] {dagbag.py:538} INFO - Filling up the DagBag from /home/ubuntu/.local/lib/python3.10/site-packages/airflow/example_dags/example_branch_datetime_operator.py
[2024-01-30T16:31:11.330+0100] {processor.py:840} INFO - DAG(s) 'example_branch_datetime_operator_3', 'example_branch_datetime_operator', 'example_branch_datetime_operator_2' retrieved from /home/ubuntu/.local/lib/python3.10/site-packages/airflow/example_dags/example_branch_datetime_operator.py
[2024-01-30T16:31:11.503+0100] {logging_mixin.py:188} INFO - [2024-01-30T16:31:11.503+0100] {dag.py:3033} INFO - Sync 3 DAGs
[2024-01-30T16:31:11.548+0100] {logging_mixin.py:188} INFO - [2024-01-30T16:31:11.548+0100] {dag.py:3820} INFO - Setting next_dagrun for example_branch_datetime_operator to 2024-01-29T00:00:00+00:00, run_after=2024-01-30T00:00:00+00:00
[2024-01-30T16:31:11.556+0100] {logging_mixin.py:188} INFO - [2024-01-30T16:31:11.555+0100] {dag.py:3820} INFO - Setting next_dagrun for example_branch_datetime_operator_2 to 2024-01-29T00:00:00+00:00, run_after=2024-01-30T00:00:00+00:00
[2024-01-30T16:31:11.560+0100] {logging_mixin.py:188} INFO - [2024-01-30T16:31:11.560+0100] {dag.py:3820} INFO - Setting next_dagrun for example_branch_datetime_operator_3 to 2024-01-29T00:00:00+00:00, run_after=2024-01-30T00:00:00+00:00
[2024-01-30T16:31:11.698+0100] {processor.py:183} INFO - Processing /home/ubuntu/.local/lib/python3.10/site-packages/airflow/example_dags/example_branch_datetime_operator.py took 0.459 seconds
[2024-01-30T16:32:55.070+0100] {processor.py:161} INFO - Started process (PID=9353) to work on /home/ubuntu/.local/lib/python3.10/site-packages/airflow/example_dags/example_branch_datetime_operator.py
[2024-01-30T16:32:55.074+0100] {processor.py:830} INFO - Processing file /home/ubuntu/.local/lib/python3.10/site-packages/airflow/example_dags/example_branch_datetime_operator.py for tasks to queue
[2024-01-30T16:32:55.075+0100] {logging_mixin.py:188} INFO - [2024-01-30T16:32:55.075+0100] {dagbag.py:538} INFO - Filling up the DagBag from /home/ubuntu/.local/lib/python3.10/site-packages/airflow/example_dags/example_branch_datetime_operator.py
[2024-01-30T16:32:55.092+0100] {processor.py:840} INFO - DAG(s) 'example_branch_datetime_operator_3', 'example_branch_datetime_operator', 'example_branch_datetime_operator_2' retrieved from /home/ubuntu/.local/lib/python3.10/site-packages/airflow/example_dags/example_branch_datetime_operator.py
[2024-01-30T16:32:55.128+0100] {logging_mixin.py:188} INFO - [2024-01-30T16:32:55.127+0100] {dag.py:3033} INFO - Sync 3 DAGs
[2024-01-30T16:32:55.154+0100] {logging_mixin.py:188} INFO - [2024-01-30T16:32:55.154+0100] {dag.py:3820} INFO - Setting next_dagrun for example_branch_datetime_operator to 2024-01-29T00:00:00+00:00, run_after=2024-01-30T00:00:00+00:00
[2024-01-30T16:32:55.160+0100] {logging_mixin.py:188} INFO - [2024-01-30T16:32:55.160+0100] {dag.py:3820} INFO - Setting next_dagrun for example_branch_datetime_operator_2 to 2024-01-29T00:00:00+00:00, run_after=2024-01-30T00:00:00+00:00
[2024-01-30T16:32:55.164+0100] {logging_mixin.py:188} INFO - [2024-01-30T16:32:55.164+0100] {dag.py:3820} INFO - Setting next_dagrun for example_branch_datetime_operator_3 to 2024-01-29T00:00:00+00:00, run_after=2024-01-30T00:00:00+00:00
[2024-01-30T16:32:55.202+0100] {processor.py:183} INFO - Processing /home/ubuntu/.local/lib/python3.10/site-packages/airflow/example_dags/example_branch_datetime_operator.py took 0.137 seconds
[2024-01-30T16:50:16.949+0100] {processor.py:161} INFO - Started process (PID=5296) to work on /home/ubuntu/.local/lib/python3.10/site-packages/airflow/example_dags/example_branch_datetime_operator.py
[2024-01-30T16:50:16.954+0100] {processor.py:830} INFO - Processing file /home/ubuntu/.local/lib/python3.10/site-packages/airflow/example_dags/example_branch_datetime_operator.py for tasks to queue
[2024-01-30T16:50:16.957+0100] {logging_mixin.py:188} INFO - [2024-01-30T16:50:16.956+0100] {dagbag.py:538} INFO - Filling up the DagBag from /home/ubuntu/.local/lib/python3.10/site-packages/airflow/example_dags/example_branch_datetime_operator.py
[2024-01-30T16:50:16.986+0100] {processor.py:840} INFO - DAG(s) 'example_branch_datetime_operator_2', 'example_branch_datetime_operator_3', 'example_branch_datetime_operator' retrieved from /home/ubuntu/.local/lib/python3.10/site-packages/airflow/example_dags/example_branch_datetime_operator.py
[2024-01-30T16:50:17.360+0100] {logging_mixin.py:188} INFO - [2024-01-30T16:50:17.360+0100] {dag.py:3033} INFO - Sync 3 DAGs
[2024-01-30T16:50:17.399+0100] {logging_mixin.py:188} INFO - [2024-01-30T16:50:17.399+0100] {dag.py:3820} INFO - Setting next_dagrun for example_branch_datetime_operator to 2024-01-29T00:00:00+00:00, run_after=2024-01-30T00:00:00+00:00
[2024-01-30T16:50:17.412+0100] {logging_mixin.py:188} INFO - [2024-01-30T16:50:17.412+0100] {dag.py:3820} INFO - Setting next_dagrun for example_branch_datetime_operator_2 to 2024-01-29T00:00:00+00:00, run_after=2024-01-30T00:00:00+00:00
[2024-01-30T16:50:17.418+0100] {logging_mixin.py:188} INFO - [2024-01-30T16:50:17.418+0100] {dag.py:3820} INFO - Setting next_dagrun for example_branch_datetime_operator_3 to 2024-01-29T00:00:00+00:00, run_after=2024-01-30T00:00:00+00:00
[2024-01-30T16:50:17.468+0100] {processor.py:183} INFO - Processing /home/ubuntu/.local/lib/python3.10/site-packages/airflow/example_dags/example_branch_datetime_operator.py took 0.535 seconds
[2024-01-30T16:51:41.212+0100] {processor.py:161} INFO - Started process (PID=5368) to work on /home/ubuntu/.local/lib/python3.10/site-packages/airflow/example_dags/example_branch_datetime_operator.py
[2024-01-30T16:51:41.257+0100] {processor.py:830} INFO - Processing file /home/ubuntu/.local/lib/python3.10/site-packages/airflow/example_dags/example_branch_datetime_operator.py for tasks to queue
[2024-01-30T16:51:41.266+0100] {logging_mixin.py:188} INFO - [2024-01-30T16:51:41.265+0100] {dagbag.py:538} INFO - Filling up the DagBag from /home/ubuntu/.local/lib/python3.10/site-packages/airflow/example_dags/example_branch_datetime_operator.py
[2024-01-30T16:51:41.319+0100] {processor.py:840} INFO - DAG(s) 'example_branch_datetime_operator', 'example_branch_datetime_operator_2', 'example_branch_datetime_operator_3' retrieved from /home/ubuntu/.local/lib/python3.10/site-packages/airflow/example_dags/example_branch_datetime_operator.py
[2024-01-30T16:51:41.397+0100] {logging_mixin.py:188} INFO - [2024-01-30T16:51:41.397+0100] {dag.py:3033} INFO - Sync 3 DAGs
[2024-01-30T16:51:41.446+0100] {logging_mixin.py:188} INFO - [2024-01-30T16:51:41.446+0100] {dag.py:3820} INFO - Setting next_dagrun for example_branch_datetime_operator to 2024-01-29T00:00:00+00:00, run_after=2024-01-30T00:00:00+00:00
[2024-01-30T16:51:41.456+0100] {logging_mixin.py:188} INFO - [2024-01-30T16:51:41.455+0100] {dag.py:3820} INFO - Setting next_dagrun for example_branch_datetime_operator_2 to 2024-01-29T00:00:00+00:00, run_after=2024-01-30T00:00:00+00:00
[2024-01-30T16:51:41.472+0100] {logging_mixin.py:188} INFO - [2024-01-30T16:51:41.465+0100] {dag.py:3820} INFO - Setting next_dagrun for example_branch_datetime_operator_3 to 2024-01-29T00:00:00+00:00, run_after=2024-01-30T00:00:00+00:00
[2024-01-30T16:51:41.563+0100] {processor.py:183} INFO - Processing /home/ubuntu/.local/lib/python3.10/site-packages/airflow/example_dags/example_branch_datetime_operator.py took 0.366 seconds
[2024-01-30T16:53:01.555+0100] {processor.py:161} INFO - Started process (PID=5449) to work on /home/ubuntu/.local/lib/python3.10/site-packages/airflow/example_dags/example_branch_datetime_operator.py
[2024-01-30T16:53:01.559+0100] {processor.py:830} INFO - Processing file /home/ubuntu/.local/lib/python3.10/site-packages/airflow/example_dags/example_branch_datetime_operator.py for tasks to queue
[2024-01-30T16:53:01.561+0100] {logging_mixin.py:188} INFO - [2024-01-30T16:53:01.560+0100] {dagbag.py:538} INFO - Filling up the DagBag from /home/ubuntu/.local/lib/python3.10/site-packages/airflow/example_dags/example_branch_datetime_operator.py
[2024-01-30T16:53:01.574+0100] {processor.py:840} INFO - DAG(s) 'example_branch_datetime_operator_2', 'example_branch_datetime_operator', 'example_branch_datetime_operator_3' retrieved from /home/ubuntu/.local/lib/python3.10/site-packages/airflow/example_dags/example_branch_datetime_operator.py
[2024-01-30T16:53:01.599+0100] {logging_mixin.py:188} INFO - [2024-01-30T16:53:01.599+0100] {dag.py:3033} INFO - Sync 3 DAGs
[2024-01-30T16:53:01.620+0100] {logging_mixin.py:188} INFO - [2024-01-30T16:53:01.619+0100] {dag.py:3820} INFO - Setting next_dagrun for example_branch_datetime_operator to 2024-01-29T00:00:00+00:00, run_after=2024-01-30T00:00:00+00:00
[2024-01-30T16:53:01.626+0100] {logging_mixin.py:188} INFO - [2024-01-30T16:53:01.626+0100] {dag.py:3820} INFO - Setting next_dagrun for example_branch_datetime_operator_2 to 2024-01-29T00:00:00+00:00, run_after=2024-01-30T00:00:00+00:00
[2024-01-30T16:53:01.633+0100] {logging_mixin.py:188} INFO - [2024-01-30T16:53:01.632+0100] {dag.py:3820} INFO - Setting next_dagrun for example_branch_datetime_operator_3 to 2024-01-29T00:00:00+00:00, run_after=2024-01-30T00:00:00+00:00
[2024-01-30T16:53:01.671+0100] {processor.py:183} INFO - Processing /home/ubuntu/.local/lib/python3.10/site-packages/airflow/example_dags/example_branch_datetime_operator.py took 0.120 seconds
[2024-01-30T16:55:00.822+0100] {processor.py:161} INFO - Started process (PID=5661) to work on /home/ubuntu/.local/lib/python3.10/site-packages/airflow/example_dags/example_branch_datetime_operator.py
[2024-01-30T16:55:00.831+0100] {processor.py:830} INFO - Processing file /home/ubuntu/.local/lib/python3.10/site-packages/airflow/example_dags/example_branch_datetime_operator.py for tasks to queue
[2024-01-30T16:55:00.833+0100] {logging_mixin.py:188} INFO - [2024-01-30T16:55:00.832+0100] {dagbag.py:538} INFO - Filling up the DagBag from /home/ubuntu/.local/lib/python3.10/site-packages/airflow/example_dags/example_branch_datetime_operator.py
[2024-01-30T16:55:00.892+0100] {processor.py:840} INFO - DAG(s) 'example_branch_datetime_operator', 'example_branch_datetime_operator_2', 'example_branch_datetime_operator_3' retrieved from /home/ubuntu/.local/lib/python3.10/site-packages/airflow/example_dags/example_branch_datetime_operator.py
[2024-01-30T16:55:00.944+0100] {logging_mixin.py:188} INFO - [2024-01-30T16:55:00.944+0100] {dag.py:3033} INFO - Sync 3 DAGs
[2024-01-30T16:55:00.983+0100] {logging_mixin.py:188} INFO - [2024-01-30T16:55:00.982+0100] {dag.py:3820} INFO - Setting next_dagrun for example_branch_datetime_operator to 2024-01-29T00:00:00+00:00, run_after=2024-01-30T00:00:00+00:00
[2024-01-30T16:55:00.993+0100] {logging_mixin.py:188} INFO - [2024-01-30T16:55:00.991+0100] {dag.py:3820} INFO - Setting next_dagrun for example_branch_datetime_operator_2 to 2024-01-29T00:00:00+00:00, run_after=2024-01-30T00:00:00+00:00
[2024-01-30T16:55:00.997+0100] {logging_mixin.py:188} INFO - [2024-01-30T16:55:00.997+0100] {dag.py:3820} INFO - Setting next_dagrun for example_branch_datetime_operator_3 to 2024-01-29T00:00:00+00:00, run_after=2024-01-30T00:00:00+00:00
[2024-01-30T16:55:01.045+0100] {processor.py:183} INFO - Processing /home/ubuntu/.local/lib/python3.10/site-packages/airflow/example_dags/example_branch_datetime_operator.py took 0.237 seconds
[2024-01-30T16:56:35.196+0100] {processor.py:161} INFO - Started process (PID=5736) to work on /home/ubuntu/.local/lib/python3.10/site-packages/airflow/example_dags/example_branch_datetime_operator.py
[2024-01-30T16:56:35.200+0100] {processor.py:830} INFO - Processing file /home/ubuntu/.local/lib/python3.10/site-packages/airflow/example_dags/example_branch_datetime_operator.py for tasks to queue
[2024-01-30T16:56:35.202+0100] {logging_mixin.py:188} INFO - [2024-01-30T16:56:35.201+0100] {dagbag.py:538} INFO - Filling up the DagBag from /home/ubuntu/.local/lib/python3.10/site-packages/airflow/example_dags/example_branch_datetime_operator.py
[2024-01-30T16:56:35.216+0100] {processor.py:840} INFO - DAG(s) 'example_branch_datetime_operator_3', 'example_branch_datetime_operator_2', 'example_branch_datetime_operator' retrieved from /home/ubuntu/.local/lib/python3.10/site-packages/airflow/example_dags/example_branch_datetime_operator.py
[2024-01-30T16:56:35.279+0100] {logging_mixin.py:188} INFO - [2024-01-30T16:56:35.279+0100] {dag.py:3033} INFO - Sync 3 DAGs
[2024-01-30T16:56:35.320+0100] {logging_mixin.py:188} INFO - [2024-01-30T16:56:35.319+0100] {dag.py:3820} INFO - Setting next_dagrun for example_branch_datetime_operator to 2024-01-29T00:00:00+00:00, run_after=2024-01-30T00:00:00+00:00
[2024-01-30T16:56:35.328+0100] {logging_mixin.py:188} INFO - [2024-01-30T16:56:35.328+0100] {dag.py:3820} INFO - Setting next_dagrun for example_branch_datetime_operator_2 to 2024-01-29T00:00:00+00:00, run_after=2024-01-30T00:00:00+00:00
[2024-01-30T16:56:35.333+0100] {logging_mixin.py:188} INFO - [2024-01-30T16:56:35.332+0100] {dag.py:3820} INFO - Setting next_dagrun for example_branch_datetime_operator_3 to 2024-01-29T00:00:00+00:00, run_after=2024-01-30T00:00:00+00:00
[2024-01-30T16:56:35.423+0100] {processor.py:183} INFO - Processing /home/ubuntu/.local/lib/python3.10/site-packages/airflow/example_dags/example_branch_datetime_operator.py took 0.261 seconds
[2024-01-30T16:58:03.025+0100] {processor.py:161} INFO - Started process (PID=5814) to work on /home/ubuntu/.local/lib/python3.10/site-packages/airflow/example_dags/example_branch_datetime_operator.py
[2024-01-30T16:58:03.034+0100] {processor.py:830} INFO - Processing file /home/ubuntu/.local/lib/python3.10/site-packages/airflow/example_dags/example_branch_datetime_operator.py for tasks to queue
[2024-01-30T16:58:03.036+0100] {logging_mixin.py:188} INFO - [2024-01-30T16:58:03.035+0100] {dagbag.py:538} INFO - Filling up the DagBag from /home/ubuntu/.local/lib/python3.10/site-packages/airflow/example_dags/example_branch_datetime_operator.py
[2024-01-30T16:58:03.073+0100] {processor.py:840} INFO - DAG(s) 'example_branch_datetime_operator_2', 'example_branch_datetime_operator_3', 'example_branch_datetime_operator' retrieved from /home/ubuntu/.local/lib/python3.10/site-packages/airflow/example_dags/example_branch_datetime_operator.py
[2024-01-30T16:58:03.104+0100] {logging_mixin.py:188} INFO - [2024-01-30T16:58:03.104+0100] {dag.py:3033} INFO - Sync 3 DAGs
[2024-01-30T16:58:03.132+0100] {logging_mixin.py:188} INFO - [2024-01-30T16:58:03.132+0100] {dag.py:3820} INFO - Setting next_dagrun for example_branch_datetime_operator to 2024-01-29T00:00:00+00:00, run_after=2024-01-30T00:00:00+00:00
[2024-01-30T16:58:03.139+0100] {logging_mixin.py:188} INFO - [2024-01-30T16:58:03.139+0100] {dag.py:3820} INFO - Setting next_dagrun for example_branch_datetime_operator_2 to 2024-01-29T00:00:00+00:00, run_after=2024-01-30T00:00:00+00:00
[2024-01-30T16:58:03.142+0100] {logging_mixin.py:188} INFO - [2024-01-30T16:58:03.142+0100] {dag.py:3820} INFO - Setting next_dagrun for example_branch_datetime_operator_3 to 2024-01-29T00:00:00+00:00, run_after=2024-01-30T00:00:00+00:00
[2024-01-30T16:58:03.181+0100] {processor.py:183} INFO - Processing /home/ubuntu/.local/lib/python3.10/site-packages/airflow/example_dags/example_branch_datetime_operator.py took 0.163 seconds
[2024-01-30T16:59:09.007+0100] {processor.py:161} INFO - Started process (PID=5880) to work on /home/ubuntu/.local/lib/python3.10/site-packages/airflow/example_dags/example_branch_datetime_operator.py
[2024-01-30T16:59:09.011+0100] {processor.py:830} INFO - Processing file /home/ubuntu/.local/lib/python3.10/site-packages/airflow/example_dags/example_branch_datetime_operator.py for tasks to queue
[2024-01-30T16:59:09.013+0100] {logging_mixin.py:188} INFO - [2024-01-30T16:59:09.011+0100] {dagbag.py:538} INFO - Filling up the DagBag from /home/ubuntu/.local/lib/python3.10/site-packages/airflow/example_dags/example_branch_datetime_operator.py
[2024-01-30T16:59:09.031+0100] {processor.py:840} INFO - DAG(s) 'example_branch_datetime_operator_3', 'example_branch_datetime_operator_2', 'example_branch_datetime_operator' retrieved from /home/ubuntu/.local/lib/python3.10/site-packages/airflow/example_dags/example_branch_datetime_operator.py
[2024-01-30T16:59:09.067+0100] {logging_mixin.py:188} INFO - [2024-01-30T16:59:09.066+0100] {dag.py:3033} INFO - Sync 3 DAGs
[2024-01-30T16:59:09.092+0100] {logging_mixin.py:188} INFO - [2024-01-30T16:59:09.092+0100] {dag.py:3820} INFO - Setting next_dagrun for example_branch_datetime_operator to 2024-01-29T00:00:00+00:00, run_after=2024-01-30T00:00:00+00:00
[2024-01-30T16:59:09.101+0100] {logging_mixin.py:188} INFO - [2024-01-30T16:59:09.101+0100] {dag.py:3820} INFO - Setting next_dagrun for example_branch_datetime_operator_2 to 2024-01-29T00:00:00+00:00, run_after=2024-01-30T00:00:00+00:00
[2024-01-30T16:59:09.105+0100] {logging_mixin.py:188} INFO - [2024-01-30T16:59:09.104+0100] {dag.py:3820} INFO - Setting next_dagrun for example_branch_datetime_operator_3 to 2024-01-29T00:00:00+00:00, run_after=2024-01-30T00:00:00+00:00
[2024-01-30T16:59:09.141+0100] {processor.py:183} INFO - Processing /home/ubuntu/.local/lib/python3.10/site-packages/airflow/example_dags/example_branch_datetime_operator.py took 0.141 seconds
[2024-01-30T17:01:15.185+0100] {processor.py:161} INFO - Started process (PID=6104) to work on /home/ubuntu/.local/lib/python3.10/site-packages/airflow/example_dags/example_branch_datetime_operator.py
[2024-01-30T17:01:15.198+0100] {processor.py:830} INFO - Processing file /home/ubuntu/.local/lib/python3.10/site-packages/airflow/example_dags/example_branch_datetime_operator.py for tasks to queue
[2024-01-30T17:01:15.201+0100] {logging_mixin.py:188} INFO - [2024-01-30T17:01:15.200+0100] {dagbag.py:538} INFO - Filling up the DagBag from /home/ubuntu/.local/lib/python3.10/site-packages/airflow/example_dags/example_branch_datetime_operator.py
[2024-01-30T17:01:15.224+0100] {processor.py:840} INFO - DAG(s) 'example_branch_datetime_operator', 'example_branch_datetime_operator_3', 'example_branch_datetime_operator_2' retrieved from /home/ubuntu/.local/lib/python3.10/site-packages/airflow/example_dags/example_branch_datetime_operator.py
[2024-01-30T17:01:15.289+0100] {logging_mixin.py:188} INFO - [2024-01-30T17:01:15.289+0100] {dag.py:3033} INFO - Sync 3 DAGs
[2024-01-30T17:01:15.629+0100] {logging_mixin.py:188} INFO - [2024-01-30T17:01:15.629+0100] {dag.py:3820} INFO - Setting next_dagrun for example_branch_datetime_operator to 2024-01-29T00:00:00+00:00, run_after=2024-01-30T00:00:00+00:00
[2024-01-30T17:01:15.639+0100] {logging_mixin.py:188} INFO - [2024-01-30T17:01:15.638+0100] {dag.py:3820} INFO - Setting next_dagrun for example_branch_datetime_operator_2 to 2024-01-29T00:00:00+00:00, run_after=2024-01-30T00:00:00+00:00
[2024-01-30T17:01:15.644+0100] {logging_mixin.py:188} INFO - [2024-01-30T17:01:15.644+0100] {dag.py:3820} INFO - Setting next_dagrun for example_branch_datetime_operator_3 to 2024-01-29T00:00:00+00:00, run_after=2024-01-30T00:00:00+00:00
[2024-01-30T17:01:15.776+0100] {processor.py:183} INFO - Processing /home/ubuntu/.local/lib/python3.10/site-packages/airflow/example_dags/example_branch_datetime_operator.py took 0.609 seconds
[2024-01-30T17:02:38.015+0100] {processor.py:161} INFO - Started process (PID=6178) to work on /home/ubuntu/.local/lib/python3.10/site-packages/airflow/example_dags/example_branch_datetime_operator.py
[2024-01-30T17:02:38.020+0100] {processor.py:830} INFO - Processing file /home/ubuntu/.local/lib/python3.10/site-packages/airflow/example_dags/example_branch_datetime_operator.py for tasks to queue
[2024-01-30T17:02:38.023+0100] {logging_mixin.py:188} INFO - [2024-01-30T17:02:38.022+0100] {dagbag.py:538} INFO - Filling up the DagBag from /home/ubuntu/.local/lib/python3.10/site-packages/airflow/example_dags/example_branch_datetime_operator.py
[2024-01-30T17:02:38.053+0100] {processor.py:840} INFO - DAG(s) 'example_branch_datetime_operator_2', 'example_branch_datetime_operator', 'example_branch_datetime_operator_3' retrieved from /home/ubuntu/.local/lib/python3.10/site-packages/airflow/example_dags/example_branch_datetime_operator.py
[2024-01-30T17:02:38.129+0100] {logging_mixin.py:188} INFO - [2024-01-30T17:02:38.128+0100] {dag.py:3033} INFO - Sync 3 DAGs
[2024-01-30T17:02:38.213+0100] {logging_mixin.py:188} INFO - [2024-01-30T17:02:38.213+0100] {dag.py:3820} INFO - Setting next_dagrun for example_branch_datetime_operator to 2024-01-29T00:00:00+00:00, run_after=2024-01-30T00:00:00+00:00
[2024-01-30T17:02:38.220+0100] {logging_mixin.py:188} INFO - [2024-01-30T17:02:38.220+0100] {dag.py:3820} INFO - Setting next_dagrun for example_branch_datetime_operator_2 to 2024-01-29T00:00:00+00:00, run_after=2024-01-30T00:00:00+00:00
[2024-01-30T17:02:38.226+0100] {logging_mixin.py:188} INFO - [2024-01-30T17:02:38.226+0100] {dag.py:3820} INFO - Setting next_dagrun for example_branch_datetime_operator_3 to 2024-01-29T00:00:00+00:00, run_after=2024-01-30T00:00:00+00:00
[2024-01-30T17:02:38.310+0100] {processor.py:183} INFO - Processing /home/ubuntu/.local/lib/python3.10/site-packages/airflow/example_dags/example_branch_datetime_operator.py took 0.304 seconds
[2024-01-30T17:03:51.990+0100] {processor.py:161} INFO - Started process (PID=6247) to work on /home/ubuntu/.local/lib/python3.10/site-packages/airflow/example_dags/example_branch_datetime_operator.py
[2024-01-30T17:03:51.999+0100] {processor.py:830} INFO - Processing file /home/ubuntu/.local/lib/python3.10/site-packages/airflow/example_dags/example_branch_datetime_operator.py for tasks to queue
[2024-01-30T17:03:52.001+0100] {logging_mixin.py:188} INFO - [2024-01-30T17:03:52.000+0100] {dagbag.py:538} INFO - Filling up the DagBag from /home/ubuntu/.local/lib/python3.10/site-packages/airflow/example_dags/example_branch_datetime_operator.py
[2024-01-30T17:03:52.025+0100] {processor.py:840} INFO - DAG(s) 'example_branch_datetime_operator_3', 'example_branch_datetime_operator_2', 'example_branch_datetime_operator' retrieved from /home/ubuntu/.local/lib/python3.10/site-packages/airflow/example_dags/example_branch_datetime_operator.py
[2024-01-30T17:03:52.103+0100] {logging_mixin.py:188} INFO - [2024-01-30T17:03:52.103+0100] {dag.py:3033} INFO - Sync 3 DAGs
[2024-01-30T17:03:52.145+0100] {logging_mixin.py:188} INFO - [2024-01-30T17:03:52.144+0100] {dag.py:3820} INFO - Setting next_dagrun for example_branch_datetime_operator to 2024-01-29T00:00:00+00:00, run_after=2024-01-30T00:00:00+00:00
[2024-01-30T17:03:52.157+0100] {logging_mixin.py:188} INFO - [2024-01-30T17:03:52.157+0100] {dag.py:3820} INFO - Setting next_dagrun for example_branch_datetime_operator_2 to 2024-01-29T00:00:00+00:00, run_after=2024-01-30T00:00:00+00:00
[2024-01-30T17:03:52.174+0100] {logging_mixin.py:188} INFO - [2024-01-30T17:03:52.174+0100] {dag.py:3820} INFO - Setting next_dagrun for example_branch_datetime_operator_3 to 2024-01-29T00:00:00+00:00, run_after=2024-01-30T00:00:00+00:00
[2024-01-30T17:03:52.225+0100] {processor.py:183} INFO - Processing /home/ubuntu/.local/lib/python3.10/site-packages/airflow/example_dags/example_branch_datetime_operator.py took 0.260 seconds
[2024-01-30T17:05:09.967+0100] {processor.py:161} INFO - Started process (PID=6313) to work on /home/ubuntu/.local/lib/python3.10/site-packages/airflow/example_dags/example_branch_datetime_operator.py
[2024-01-30T17:05:09.971+0100] {processor.py:830} INFO - Processing file /home/ubuntu/.local/lib/python3.10/site-packages/airflow/example_dags/example_branch_datetime_operator.py for tasks to queue
[2024-01-30T17:05:09.980+0100] {logging_mixin.py:188} INFO - [2024-01-30T17:05:09.972+0100] {dagbag.py:538} INFO - Filling up the DagBag from /home/ubuntu/.local/lib/python3.10/site-packages/airflow/example_dags/example_branch_datetime_operator.py
[2024-01-30T17:05:10.000+0100] {processor.py:840} INFO - DAG(s) 'example_branch_datetime_operator_3', 'example_branch_datetime_operator', 'example_branch_datetime_operator_2' retrieved from /home/ubuntu/.local/lib/python3.10/site-packages/airflow/example_dags/example_branch_datetime_operator.py
[2024-01-30T17:05:10.039+0100] {logging_mixin.py:188} INFO - [2024-01-30T17:05:10.038+0100] {dag.py:3033} INFO - Sync 3 DAGs
[2024-01-30T17:05:10.076+0100] {logging_mixin.py:188} INFO - [2024-01-30T17:05:10.076+0100] {dag.py:3820} INFO - Setting next_dagrun for example_branch_datetime_operator to 2024-01-29T00:00:00+00:00, run_after=2024-01-30T00:00:00+00:00
[2024-01-30T17:05:10.090+0100] {logging_mixin.py:188} INFO - [2024-01-30T17:05:10.089+0100] {dag.py:3820} INFO - Setting next_dagrun for example_branch_datetime_operator_2 to 2024-01-29T00:00:00+00:00, run_after=2024-01-30T00:00:00+00:00
[2024-01-30T17:05:10.105+0100] {logging_mixin.py:188} INFO - [2024-01-30T17:05:10.104+0100] {dag.py:3820} INFO - Setting next_dagrun for example_branch_datetime_operator_3 to 2024-01-29T00:00:00+00:00, run_after=2024-01-30T00:00:00+00:00
[2024-01-30T17:05:10.389+0100] {processor.py:183} INFO - Processing /home/ubuntu/.local/lib/python3.10/site-packages/airflow/example_dags/example_branch_datetime_operator.py took 0.429 seconds
[2024-01-30T17:06:31.256+0100] {processor.py:161} INFO - Started process (PID=6381) to work on /home/ubuntu/.local/lib/python3.10/site-packages/airflow/example_dags/example_branch_datetime_operator.py
[2024-01-30T17:06:31.266+0100] {processor.py:830} INFO - Processing file /home/ubuntu/.local/lib/python3.10/site-packages/airflow/example_dags/example_branch_datetime_operator.py for tasks to queue
[2024-01-30T17:06:31.270+0100] {logging_mixin.py:188} INFO - [2024-01-30T17:06:31.269+0100] {dagbag.py:538} INFO - Filling up the DagBag from /home/ubuntu/.local/lib/python3.10/site-packages/airflow/example_dags/example_branch_datetime_operator.py
[2024-01-30T17:06:31.306+0100] {processor.py:840} INFO - DAG(s) 'example_branch_datetime_operator', 'example_branch_datetime_operator_3', 'example_branch_datetime_operator_2' retrieved from /home/ubuntu/.local/lib/python3.10/site-packages/airflow/example_dags/example_branch_datetime_operator.py
[2024-01-30T17:06:31.358+0100] {logging_mixin.py:188} INFO - [2024-01-30T17:06:31.357+0100] {dag.py:3033} INFO - Sync 3 DAGs
[2024-01-30T17:06:31.417+0100] {logging_mixin.py:188} INFO - [2024-01-30T17:06:31.416+0100] {dag.py:3820} INFO - Setting next_dagrun for example_branch_datetime_operator to 2024-01-29T00:00:00+00:00, run_after=2024-01-30T00:00:00+00:00
[2024-01-30T17:06:31.426+0100] {logging_mixin.py:188} INFO - [2024-01-30T17:06:31.426+0100] {dag.py:3820} INFO - Setting next_dagrun for example_branch_datetime_operator_2 to 2024-01-29T00:00:00+00:00, run_after=2024-01-30T00:00:00+00:00
[2024-01-30T17:06:31.437+0100] {logging_mixin.py:188} INFO - [2024-01-30T17:06:31.437+0100] {dag.py:3820} INFO - Setting next_dagrun for example_branch_datetime_operator_3 to 2024-01-29T00:00:00+00:00, run_after=2024-01-30T00:00:00+00:00
[2024-01-30T17:06:31.510+0100] {processor.py:183} INFO - Processing /home/ubuntu/.local/lib/python3.10/site-packages/airflow/example_dags/example_branch_datetime_operator.py took 0.260 seconds
[2024-01-30T20:35:36.254+0100] {processor.py:161} INFO - Started process (PID=6539) to work on /home/ubuntu/.local/lib/python3.10/site-packages/airflow/example_dags/example_branch_datetime_operator.py
[2024-01-30T20:35:36.295+0100] {processor.py:830} INFO - Processing file /home/ubuntu/.local/lib/python3.10/site-packages/airflow/example_dags/example_branch_datetime_operator.py for tasks to queue
[2024-01-30T20:35:36.299+0100] {logging_mixin.py:188} INFO - [2024-01-30T20:35:36.297+0100] {dagbag.py:538} INFO - Filling up the DagBag from /home/ubuntu/.local/lib/python3.10/site-packages/airflow/example_dags/example_branch_datetime_operator.py
[2024-01-30T20:35:36.326+0100] {processor.py:840} INFO - DAG(s) 'example_branch_datetime_operator_2', 'example_branch_datetime_operator', 'example_branch_datetime_operator_3' retrieved from /home/ubuntu/.local/lib/python3.10/site-packages/airflow/example_dags/example_branch_datetime_operator.py
[2024-01-30T20:35:36.407+0100] {logging_mixin.py:188} INFO - [2024-01-30T20:35:36.407+0100] {dag.py:3033} INFO - Sync 3 DAGs
[2024-01-30T20:35:36.851+0100] {logging_mixin.py:188} INFO - [2024-01-30T20:35:36.851+0100] {dag.py:3820} INFO - Setting next_dagrun for example_branch_datetime_operator to 2024-01-29T00:00:00+00:00, run_after=2024-01-30T00:00:00+00:00
[2024-01-30T20:35:36.862+0100] {logging_mixin.py:188} INFO - [2024-01-30T20:35:36.862+0100] {dag.py:3820} INFO - Setting next_dagrun for example_branch_datetime_operator_2 to 2024-01-29T00:00:00+00:00, run_after=2024-01-30T00:00:00+00:00
[2024-01-30T20:35:36.869+0100] {logging_mixin.py:188} INFO - [2024-01-30T20:35:36.868+0100] {dag.py:3820} INFO - Setting next_dagrun for example_branch_datetime_operator_3 to 2024-01-29T00:00:00+00:00, run_after=2024-01-30T00:00:00+00:00
[2024-01-30T20:35:37.116+0100] {processor.py:183} INFO - Processing /home/ubuntu/.local/lib/python3.10/site-packages/airflow/example_dags/example_branch_datetime_operator.py took 0.899 seconds
