[2024-01-30T13:51:04.998+0100] {processor.py:161} INFO - Started process (PID=6170) to work on /home/ubuntu/.local/lib/python3.10/site-packages/airflow/example_dags/example_external_task_marker_dag.py
[2024-01-30T13:51:05.000+0100] {processor.py:830} INFO - Processing file /home/ubuntu/.local/lib/python3.10/site-packages/airflow/example_dags/example_external_task_marker_dag.py for tasks to queue
[2024-01-30T13:51:05.002+0100] {logging_mixin.py:188} INFO - [2024-01-30T13:51:05.001+0100] {dagbag.py:538} INFO - Filling up the DagBag from /home/ubuntu/.local/lib/python3.10/site-packages/airflow/example_dags/example_external_task_marker_dag.py
[2024-01-30T13:51:05.017+0100] {processor.py:840} INFO - DAG(s) 'example_external_task_marker_child', 'example_external_task_marker_parent' retrieved from /home/ubuntu/.local/lib/python3.10/site-packages/airflow/example_dags/example_external_task_marker_dag.py
[2024-01-30T13:51:05.233+0100] {logging_mixin.py:188} INFO - [2024-01-30T13:51:05.233+0100] {dag.py:3033} INFO - Sync 2 DAGs
[2024-01-30T13:51:05.253+0100] {logging_mixin.py:188} INFO - [2024-01-30T13:51:05.253+0100] {dag.py:3820} INFO - Setting next_dagrun for example_external_task_marker_child to None, run_after=None
[2024-01-30T13:51:05.259+0100] {logging_mixin.py:188} INFO - [2024-01-30T13:51:05.259+0100] {dag.py:3820} INFO - Setting next_dagrun for example_external_task_marker_parent to None, run_after=None
[2024-01-30T13:51:05.321+0100] {processor.py:183} INFO - Processing /home/ubuntu/.local/lib/python3.10/site-packages/airflow/example_dags/example_external_task_marker_dag.py took 0.332 seconds
[2024-01-30T13:52:22.743+0100] {processor.py:161} INFO - Started process (PID=6235) to work on /home/ubuntu/.local/lib/python3.10/site-packages/airflow/example_dags/example_external_task_marker_dag.py
[2024-01-30T13:52:22.753+0100] {processor.py:830} INFO - Processing file /home/ubuntu/.local/lib/python3.10/site-packages/airflow/example_dags/example_external_task_marker_dag.py for tasks to queue
[2024-01-30T13:52:22.754+0100] {logging_mixin.py:188} INFO - [2024-01-30T13:52:22.754+0100] {dagbag.py:538} INFO - Filling up the DagBag from /home/ubuntu/.local/lib/python3.10/site-packages/airflow/example_dags/example_external_task_marker_dag.py
[2024-01-30T13:52:22.773+0100] {processor.py:840} INFO - DAG(s) 'example_external_task_marker_child', 'example_external_task_marker_parent' retrieved from /home/ubuntu/.local/lib/python3.10/site-packages/airflow/example_dags/example_external_task_marker_dag.py
[2024-01-30T13:52:22.805+0100] {logging_mixin.py:188} INFO - [2024-01-30T13:52:22.805+0100] {dag.py:3033} INFO - Sync 2 DAGs
[2024-01-30T13:52:22.819+0100] {logging_mixin.py:188} INFO - [2024-01-30T13:52:22.819+0100] {dag.py:3820} INFO - Setting next_dagrun for example_external_task_marker_child to None, run_after=None
[2024-01-30T13:52:22.823+0100] {logging_mixin.py:188} INFO - [2024-01-30T13:52:22.823+0100] {dag.py:3820} INFO - Setting next_dagrun for example_external_task_marker_parent to None, run_after=None
[2024-01-30T13:52:22.865+0100] {processor.py:183} INFO - Processing /home/ubuntu/.local/lib/python3.10/site-packages/airflow/example_dags/example_external_task_marker_dag.py took 0.128 seconds
[2024-01-30T15:53:29.737+0100] {processor.py:161} INFO - Started process (PID=6375) to work on /home/ubuntu/.local/lib/python3.10/site-packages/airflow/example_dags/example_external_task_marker_dag.py
[2024-01-30T15:53:29.743+0100] {processor.py:830} INFO - Processing file /home/ubuntu/.local/lib/python3.10/site-packages/airflow/example_dags/example_external_task_marker_dag.py for tasks to queue
[2024-01-30T15:53:29.746+0100] {logging_mixin.py:188} INFO - [2024-01-30T15:53:29.745+0100] {dagbag.py:538} INFO - Filling up the DagBag from /home/ubuntu/.local/lib/python3.10/site-packages/airflow/example_dags/example_external_task_marker_dag.py
[2024-01-30T15:53:29.798+0100] {processor.py:840} INFO - DAG(s) 'example_external_task_marker_child', 'example_external_task_marker_parent' retrieved from /home/ubuntu/.local/lib/python3.10/site-packages/airflow/example_dags/example_external_task_marker_dag.py
[2024-01-30T15:53:29.828+0100] {logging_mixin.py:188} INFO - [2024-01-30T15:53:29.828+0100] {dag.py:3033} INFO - Sync 2 DAGs
[2024-01-30T15:53:29.848+0100] {logging_mixin.py:188} INFO - [2024-01-30T15:53:29.848+0100] {dag.py:3820} INFO - Setting next_dagrun for example_external_task_marker_child to None, run_after=None
[2024-01-30T15:53:29.853+0100] {logging_mixin.py:188} INFO - [2024-01-30T15:53:29.852+0100] {dag.py:3820} INFO - Setting next_dagrun for example_external_task_marker_parent to None, run_after=None
[2024-01-30T15:53:29.896+0100] {processor.py:183} INFO - Processing /home/ubuntu/.local/lib/python3.10/site-packages/airflow/example_dags/example_external_task_marker_dag.py took 0.164 seconds
[2024-01-30T15:54:29.844+0100] {processor.py:161} INFO - Started process (PID=6450) to work on /home/ubuntu/.local/lib/python3.10/site-packages/airflow/example_dags/example_external_task_marker_dag.py
[2024-01-30T15:54:29.848+0100] {processor.py:830} INFO - Processing file /home/ubuntu/.local/lib/python3.10/site-packages/airflow/example_dags/example_external_task_marker_dag.py for tasks to queue
[2024-01-30T15:54:29.849+0100] {logging_mixin.py:188} INFO - [2024-01-30T15:54:29.849+0100] {dagbag.py:538} INFO - Filling up the DagBag from /home/ubuntu/.local/lib/python3.10/site-packages/airflow/example_dags/example_external_task_marker_dag.py
[2024-01-30T15:54:29.859+0100] {processor.py:840} INFO - DAG(s) 'example_external_task_marker_child', 'example_external_task_marker_parent' retrieved from /home/ubuntu/.local/lib/python3.10/site-packages/airflow/example_dags/example_external_task_marker_dag.py
[2024-01-30T15:54:29.887+0100] {logging_mixin.py:188} INFO - [2024-01-30T15:54:29.887+0100] {dag.py:3033} INFO - Sync 2 DAGs
[2024-01-30T15:54:29.903+0100] {logging_mixin.py:188} INFO - [2024-01-30T15:54:29.903+0100] {dag.py:3820} INFO - Setting next_dagrun for example_external_task_marker_child to None, run_after=None
[2024-01-30T15:54:29.908+0100] {logging_mixin.py:188} INFO - [2024-01-30T15:54:29.908+0100] {dag.py:3820} INFO - Setting next_dagrun for example_external_task_marker_parent to None, run_after=None
[2024-01-30T15:54:29.946+0100] {processor.py:183} INFO - Processing /home/ubuntu/.local/lib/python3.10/site-packages/airflow/example_dags/example_external_task_marker_dag.py took 0.107 seconds
[2024-01-30T15:55:36.073+0100] {processor.py:161} INFO - Started process (PID=6514) to work on /home/ubuntu/.local/lib/python3.10/site-packages/airflow/example_dags/example_external_task_marker_dag.py
[2024-01-30T15:55:36.078+0100] {processor.py:830} INFO - Processing file /home/ubuntu/.local/lib/python3.10/site-packages/airflow/example_dags/example_external_task_marker_dag.py for tasks to queue
[2024-01-30T15:55:36.079+0100] {logging_mixin.py:188} INFO - [2024-01-30T15:55:36.078+0100] {dagbag.py:538} INFO - Filling up the DagBag from /home/ubuntu/.local/lib/python3.10/site-packages/airflow/example_dags/example_external_task_marker_dag.py
[2024-01-30T15:55:36.094+0100] {processor.py:840} INFO - DAG(s) 'example_external_task_marker_parent', 'example_external_task_marker_child' retrieved from /home/ubuntu/.local/lib/python3.10/site-packages/airflow/example_dags/example_external_task_marker_dag.py
[2024-01-30T15:55:36.135+0100] {logging_mixin.py:188} INFO - [2024-01-30T15:55:36.135+0100] {dag.py:3033} INFO - Sync 2 DAGs
[2024-01-30T15:55:36.157+0100] {logging_mixin.py:188} INFO - [2024-01-30T15:55:36.156+0100] {dag.py:3820} INFO - Setting next_dagrun for example_external_task_marker_child to None, run_after=None
[2024-01-30T15:55:36.165+0100] {logging_mixin.py:188} INFO - [2024-01-30T15:55:36.164+0100] {dag.py:3820} INFO - Setting next_dagrun for example_external_task_marker_parent to None, run_after=None
[2024-01-30T15:55:36.216+0100] {processor.py:183} INFO - Processing /home/ubuntu/.local/lib/python3.10/site-packages/airflow/example_dags/example_external_task_marker_dag.py took 0.148 seconds
[2024-01-30T15:56:35.736+0100] {processor.py:161} INFO - Started process (PID=6569) to work on /home/ubuntu/.local/lib/python3.10/site-packages/airflow/example_dags/example_external_task_marker_dag.py
[2024-01-30T15:56:35.739+0100] {processor.py:830} INFO - Processing file /home/ubuntu/.local/lib/python3.10/site-packages/airflow/example_dags/example_external_task_marker_dag.py for tasks to queue
[2024-01-30T15:56:35.741+0100] {logging_mixin.py:188} INFO - [2024-01-30T15:56:35.740+0100] {dagbag.py:538} INFO - Filling up the DagBag from /home/ubuntu/.local/lib/python3.10/site-packages/airflow/example_dags/example_external_task_marker_dag.py
[2024-01-30T15:56:35.757+0100] {processor.py:840} INFO - DAG(s) 'example_external_task_marker_child', 'example_external_task_marker_parent' retrieved from /home/ubuntu/.local/lib/python3.10/site-packages/airflow/example_dags/example_external_task_marker_dag.py
[2024-01-30T15:56:35.797+0100] {logging_mixin.py:188} INFO - [2024-01-30T15:56:35.797+0100] {dag.py:3033} INFO - Sync 2 DAGs
[2024-01-30T15:56:35.819+0100] {logging_mixin.py:188} INFO - [2024-01-30T15:56:35.818+0100] {dag.py:3820} INFO - Setting next_dagrun for example_external_task_marker_child to None, run_after=None
[2024-01-30T15:56:35.826+0100] {logging_mixin.py:188} INFO - [2024-01-30T15:56:35.825+0100] {dag.py:3820} INFO - Setting next_dagrun for example_external_task_marker_parent to None, run_after=None
[2024-01-30T15:56:35.884+0100] {processor.py:183} INFO - Processing /home/ubuntu/.local/lib/python3.10/site-packages/airflow/example_dags/example_external_task_marker_dag.py took 0.156 seconds
[2024-01-30T15:59:20.706+0100] {processor.py:161} INFO - Started process (PID=7855) to work on /home/ubuntu/.local/lib/python3.10/site-packages/airflow/example_dags/example_external_task_marker_dag.py
[2024-01-30T15:59:20.710+0100] {processor.py:830} INFO - Processing file /home/ubuntu/.local/lib/python3.10/site-packages/airflow/example_dags/example_external_task_marker_dag.py for tasks to queue
[2024-01-30T15:59:20.713+0100] {logging_mixin.py:188} INFO - [2024-01-30T15:59:20.712+0100] {dagbag.py:538} INFO - Filling up the DagBag from /home/ubuntu/.local/lib/python3.10/site-packages/airflow/example_dags/example_external_task_marker_dag.py
[2024-01-30T15:59:20.755+0100] {processor.py:840} INFO - DAG(s) 'example_external_task_marker_parent', 'example_external_task_marker_child' retrieved from /home/ubuntu/.local/lib/python3.10/site-packages/airflow/example_dags/example_external_task_marker_dag.py
[2024-01-30T15:59:20.876+0100] {logging_mixin.py:188} INFO - [2024-01-30T15:59:20.875+0100] {dag.py:3033} INFO - Sync 2 DAGs
[2024-01-30T15:59:20.894+0100] {logging_mixin.py:188} INFO - [2024-01-30T15:59:20.894+0100] {dag.py:3820} INFO - Setting next_dagrun for example_external_task_marker_child to None, run_after=None
[2024-01-30T15:59:20.919+0100] {logging_mixin.py:188} INFO - [2024-01-30T15:59:20.919+0100] {dag.py:3820} INFO - Setting next_dagrun for example_external_task_marker_parent to None, run_after=None
[2024-01-30T15:59:21.016+0100] {processor.py:183} INFO - Processing /home/ubuntu/.local/lib/python3.10/site-packages/airflow/example_dags/example_external_task_marker_dag.py took 0.320 seconds
[2024-01-30T16:01:10.524+0100] {processor.py:161} INFO - Started process (PID=8352) to work on /home/ubuntu/.local/lib/python3.10/site-packages/airflow/example_dags/example_external_task_marker_dag.py
[2024-01-30T16:01:10.548+0100] {processor.py:830} INFO - Processing file /home/ubuntu/.local/lib/python3.10/site-packages/airflow/example_dags/example_external_task_marker_dag.py for tasks to queue
[2024-01-30T16:01:10.565+0100] {logging_mixin.py:188} INFO - [2024-01-30T16:01:10.564+0100] {dagbag.py:538} INFO - Filling up the DagBag from /home/ubuntu/.local/lib/python3.10/site-packages/airflow/example_dags/example_external_task_marker_dag.py
[2024-01-30T16:01:10.576+0100] {processor.py:840} INFO - DAG(s) 'example_external_task_marker_parent', 'example_external_task_marker_child' retrieved from /home/ubuntu/.local/lib/python3.10/site-packages/airflow/example_dags/example_external_task_marker_dag.py
[2024-01-30T16:01:10.633+0100] {logging_mixin.py:188} INFO - [2024-01-30T16:01:10.633+0100] {dag.py:3033} INFO - Sync 2 DAGs
[2024-01-30T16:01:10.663+0100] {logging_mixin.py:188} INFO - [2024-01-30T16:01:10.663+0100] {dag.py:3820} INFO - Setting next_dagrun for example_external_task_marker_child to None, run_after=None
[2024-01-30T16:01:10.680+0100] {logging_mixin.py:188} INFO - [2024-01-30T16:01:10.679+0100] {dag.py:3820} INFO - Setting next_dagrun for example_external_task_marker_parent to None, run_after=None
[2024-01-30T16:01:10.787+0100] {processor.py:183} INFO - Processing /home/ubuntu/.local/lib/python3.10/site-packages/airflow/example_dags/example_external_task_marker_dag.py took 0.291 seconds
[2024-01-30T16:07:50.154+0100] {processor.py:161} INFO - Started process (PID=9403) to work on /home/ubuntu/.local/lib/python3.10/site-packages/airflow/example_dags/example_external_task_marker_dag.py
[2024-01-30T16:07:50.166+0100] {processor.py:830} INFO - Processing file /home/ubuntu/.local/lib/python3.10/site-packages/airflow/example_dags/example_external_task_marker_dag.py for tasks to queue
[2024-01-30T16:07:50.176+0100] {logging_mixin.py:188} INFO - [2024-01-30T16:07:50.174+0100] {dagbag.py:538} INFO - Filling up the DagBag from /home/ubuntu/.local/lib/python3.10/site-packages/airflow/example_dags/example_external_task_marker_dag.py
[2024-01-30T16:07:50.231+0100] {processor.py:840} INFO - DAG(s) 'example_external_task_marker_parent', 'example_external_task_marker_child' retrieved from /home/ubuntu/.local/lib/python3.10/site-packages/airflow/example_dags/example_external_task_marker_dag.py
[2024-01-30T16:07:50.312+0100] {logging_mixin.py:188} INFO - [2024-01-30T16:07:50.312+0100] {dag.py:3033} INFO - Sync 2 DAGs
[2024-01-30T16:07:50.692+0100] {logging_mixin.py:188} INFO - [2024-01-30T16:07:50.691+0100] {dag.py:3820} INFO - Setting next_dagrun for example_external_task_marker_child to None, run_after=None
[2024-01-30T16:07:50.716+0100] {logging_mixin.py:188} INFO - [2024-01-30T16:07:50.714+0100] {dag.py:3820} INFO - Setting next_dagrun for example_external_task_marker_parent to None, run_after=None
[2024-01-30T16:07:51.243+0100] {processor.py:183} INFO - Processing /home/ubuntu/.local/lib/python3.10/site-packages/airflow/example_dags/example_external_task_marker_dag.py took 1.099 seconds
[2024-01-30T16:18:20.950+0100] {processor.py:161} INFO - Started process (PID=5656) to work on /home/ubuntu/.local/lib/python3.10/site-packages/airflow/example_dags/example_external_task_marker_dag.py
[2024-01-30T16:18:20.956+0100] {processor.py:830} INFO - Processing file /home/ubuntu/.local/lib/python3.10/site-packages/airflow/example_dags/example_external_task_marker_dag.py for tasks to queue
[2024-01-30T16:18:20.958+0100] {logging_mixin.py:188} INFO - [2024-01-30T16:18:20.957+0100] {dagbag.py:538} INFO - Filling up the DagBag from /home/ubuntu/.local/lib/python3.10/site-packages/airflow/example_dags/example_external_task_marker_dag.py
[2024-01-30T16:18:20.981+0100] {processor.py:840} INFO - DAG(s) 'example_external_task_marker_parent', 'example_external_task_marker_child' retrieved from /home/ubuntu/.local/lib/python3.10/site-packages/airflow/example_dags/example_external_task_marker_dag.py
[2024-01-30T16:18:21.320+0100] {logging_mixin.py:188} INFO - [2024-01-30T16:18:21.320+0100] {dag.py:3033} INFO - Sync 2 DAGs
[2024-01-30T16:18:21.343+0100] {logging_mixin.py:188} INFO - [2024-01-30T16:18:21.342+0100] {dag.py:3820} INFO - Setting next_dagrun for example_external_task_marker_child to None, run_after=None
[2024-01-30T16:18:21.354+0100] {logging_mixin.py:188} INFO - [2024-01-30T16:18:21.352+0100] {dag.py:3820} INFO - Setting next_dagrun for example_external_task_marker_parent to None, run_after=None
[2024-01-30T16:18:21.467+0100] {processor.py:183} INFO - Processing /home/ubuntu/.local/lib/python3.10/site-packages/airflow/example_dags/example_external_task_marker_dag.py took 0.524 seconds
[2024-01-30T16:19:53.194+0100] {processor.py:161} INFO - Started process (PID=6030) to work on /home/ubuntu/.local/lib/python3.10/site-packages/airflow/example_dags/example_external_task_marker_dag.py
[2024-01-30T16:19:53.207+0100] {processor.py:830} INFO - Processing file /home/ubuntu/.local/lib/python3.10/site-packages/airflow/example_dags/example_external_task_marker_dag.py for tasks to queue
[2024-01-30T16:19:53.209+0100] {logging_mixin.py:188} INFO - [2024-01-30T16:19:53.208+0100] {dagbag.py:538} INFO - Filling up the DagBag from /home/ubuntu/.local/lib/python3.10/site-packages/airflow/example_dags/example_external_task_marker_dag.py
[2024-01-30T16:19:53.235+0100] {processor.py:840} INFO - DAG(s) 'example_external_task_marker_parent', 'example_external_task_marker_child' retrieved from /home/ubuntu/.local/lib/python3.10/site-packages/airflow/example_dags/example_external_task_marker_dag.py
[2024-01-30T16:19:53.336+0100] {logging_mixin.py:188} INFO - [2024-01-30T16:19:53.335+0100] {dag.py:3033} INFO - Sync 2 DAGs
[2024-01-30T16:19:53.549+0100] {logging_mixin.py:188} INFO - [2024-01-30T16:19:53.548+0100] {dag.py:3820} INFO - Setting next_dagrun for example_external_task_marker_child to None, run_after=None
[2024-01-30T16:19:53.601+0100] {logging_mixin.py:188} INFO - [2024-01-30T16:19:53.601+0100] {dag.py:3820} INFO - Setting next_dagrun for example_external_task_marker_parent to None, run_after=None
[2024-01-30T16:19:53.749+0100] {processor.py:183} INFO - Processing /home/ubuntu/.local/lib/python3.10/site-packages/airflow/example_dags/example_external_task_marker_dag.py took 0.571 seconds
[2024-01-30T16:21:45.676+0100] {processor.py:161} INFO - Started process (PID=6222) to work on /home/ubuntu/.local/lib/python3.10/site-packages/airflow/example_dags/example_external_task_marker_dag.py
[2024-01-30T16:21:45.684+0100] {processor.py:830} INFO - Processing file /home/ubuntu/.local/lib/python3.10/site-packages/airflow/example_dags/example_external_task_marker_dag.py for tasks to queue
[2024-01-30T16:21:45.686+0100] {logging_mixin.py:188} INFO - [2024-01-30T16:21:45.685+0100] {dagbag.py:538} INFO - Filling up the DagBag from /home/ubuntu/.local/lib/python3.10/site-packages/airflow/example_dags/example_external_task_marker_dag.py
[2024-01-30T16:21:45.705+0100] {processor.py:840} INFO - DAG(s) 'example_external_task_marker_child', 'example_external_task_marker_parent' retrieved from /home/ubuntu/.local/lib/python3.10/site-packages/airflow/example_dags/example_external_task_marker_dag.py
[2024-01-30T16:21:45.753+0100] {logging_mixin.py:188} INFO - [2024-01-30T16:21:45.753+0100] {dag.py:3033} INFO - Sync 2 DAGs
[2024-01-30T16:21:45.780+0100] {logging_mixin.py:188} INFO - [2024-01-30T16:21:45.779+0100] {dag.py:3820} INFO - Setting next_dagrun for example_external_task_marker_child to None, run_after=None
[2024-01-30T16:21:45.788+0100] {logging_mixin.py:188} INFO - [2024-01-30T16:21:45.788+0100] {dag.py:3820} INFO - Setting next_dagrun for example_external_task_marker_parent to None, run_after=None
[2024-01-30T16:21:45.870+0100] {processor.py:183} INFO - Processing /home/ubuntu/.local/lib/python3.10/site-packages/airflow/example_dags/example_external_task_marker_dag.py took 0.201 seconds
[2024-01-30T16:25:18.956+0100] {processor.py:161} INFO - Started process (PID=7411) to work on /home/ubuntu/.local/lib/python3.10/site-packages/airflow/example_dags/example_external_task_marker_dag.py
[2024-01-30T16:25:18.961+0100] {processor.py:830} INFO - Processing file /home/ubuntu/.local/lib/python3.10/site-packages/airflow/example_dags/example_external_task_marker_dag.py for tasks to queue
[2024-01-30T16:25:18.966+0100] {logging_mixin.py:188} INFO - [2024-01-30T16:25:18.962+0100] {dagbag.py:538} INFO - Filling up the DagBag from /home/ubuntu/.local/lib/python3.10/site-packages/airflow/example_dags/example_external_task_marker_dag.py
[2024-01-30T16:25:18.985+0100] {processor.py:840} INFO - DAG(s) 'example_external_task_marker_parent', 'example_external_task_marker_child' retrieved from /home/ubuntu/.local/lib/python3.10/site-packages/airflow/example_dags/example_external_task_marker_dag.py
[2024-01-30T16:25:19.014+0100] {logging_mixin.py:188} INFO - [2024-01-30T16:25:19.014+0100] {dag.py:3033} INFO - Sync 2 DAGs
[2024-01-30T16:25:19.033+0100] {logging_mixin.py:188} INFO - [2024-01-30T16:25:19.033+0100] {dag.py:3820} INFO - Setting next_dagrun for example_external_task_marker_child to None, run_after=None
[2024-01-30T16:25:19.046+0100] {logging_mixin.py:188} INFO - [2024-01-30T16:25:19.045+0100] {dag.py:3820} INFO - Setting next_dagrun for example_external_task_marker_parent to None, run_after=None
[2024-01-30T16:25:19.096+0100] {processor.py:183} INFO - Processing /home/ubuntu/.local/lib/python3.10/site-packages/airflow/example_dags/example_external_task_marker_dag.py took 0.146 seconds
[2024-01-30T16:30:41.536+0100] {processor.py:161} INFO - Started process (PID=8398) to work on /home/ubuntu/.local/lib/python3.10/site-packages/airflow/example_dags/example_external_task_marker_dag.py
[2024-01-30T16:30:41.597+0100] {processor.py:830} INFO - Processing file /home/ubuntu/.local/lib/python3.10/site-packages/airflow/example_dags/example_external_task_marker_dag.py for tasks to queue
[2024-01-30T16:30:41.633+0100] {logging_mixin.py:188} INFO - [2024-01-30T16:30:41.604+0100] {dagbag.py:538} INFO - Filling up the DagBag from /home/ubuntu/.local/lib/python3.10/site-packages/airflow/example_dags/example_external_task_marker_dag.py
[2024-01-30T16:30:41.704+0100] {processor.py:840} INFO - DAG(s) 'example_external_task_marker_parent', 'example_external_task_marker_child' retrieved from /home/ubuntu/.local/lib/python3.10/site-packages/airflow/example_dags/example_external_task_marker_dag.py
[2024-01-30T16:30:42.048+0100] {logging_mixin.py:188} INFO - [2024-01-30T16:30:42.047+0100] {dag.py:3033} INFO - Sync 2 DAGs
[2024-01-30T16:30:42.450+0100] {logging_mixin.py:188} INFO - [2024-01-30T16:30:42.450+0100] {dag.py:3820} INFO - Setting next_dagrun for example_external_task_marker_child to None, run_after=None
[2024-01-30T16:30:42.560+0100] {logging_mixin.py:188} INFO - [2024-01-30T16:30:42.554+0100] {dag.py:3820} INFO - Setting next_dagrun for example_external_task_marker_parent to None, run_after=None
[2024-01-30T16:30:43.169+0100] {processor.py:183} INFO - Processing /home/ubuntu/.local/lib/python3.10/site-packages/airflow/example_dags/example_external_task_marker_dag.py took 1.666 seconds
[2024-01-30T16:32:34.526+0100] {processor.py:161} INFO - Started process (PID=8955) to work on /home/ubuntu/.local/lib/python3.10/site-packages/airflow/example_dags/example_external_task_marker_dag.py
[2024-01-30T16:32:34.533+0100] {processor.py:830} INFO - Processing file /home/ubuntu/.local/lib/python3.10/site-packages/airflow/example_dags/example_external_task_marker_dag.py for tasks to queue
[2024-01-30T16:32:34.536+0100] {logging_mixin.py:188} INFO - [2024-01-30T16:32:34.535+0100] {dagbag.py:538} INFO - Filling up the DagBag from /home/ubuntu/.local/lib/python3.10/site-packages/airflow/example_dags/example_external_task_marker_dag.py
[2024-01-30T16:32:34.553+0100] {processor.py:840} INFO - DAG(s) 'example_external_task_marker_child', 'example_external_task_marker_parent' retrieved from /home/ubuntu/.local/lib/python3.10/site-packages/airflow/example_dags/example_external_task_marker_dag.py
[2024-01-30T16:32:34.599+0100] {logging_mixin.py:188} INFO - [2024-01-30T16:32:34.599+0100] {dag.py:3033} INFO - Sync 2 DAGs
[2024-01-30T16:32:34.644+0100] {logging_mixin.py:188} INFO - [2024-01-30T16:32:34.644+0100] {dag.py:3820} INFO - Setting next_dagrun for example_external_task_marker_child to None, run_after=None
[2024-01-30T16:32:34.654+0100] {logging_mixin.py:188} INFO - [2024-01-30T16:32:34.653+0100] {dag.py:3820} INFO - Setting next_dagrun for example_external_task_marker_parent to None, run_after=None
[2024-01-30T16:32:34.732+0100] {processor.py:183} INFO - Processing /home/ubuntu/.local/lib/python3.10/site-packages/airflow/example_dags/example_external_task_marker_dag.py took 0.215 seconds
[2024-01-30T16:49:50.401+0100] {processor.py:161} INFO - Started process (PID=5276) to work on /home/ubuntu/.local/lib/python3.10/site-packages/airflow/example_dags/example_external_task_marker_dag.py
[2024-01-30T16:49:50.410+0100] {processor.py:830} INFO - Processing file /home/ubuntu/.local/lib/python3.10/site-packages/airflow/example_dags/example_external_task_marker_dag.py for tasks to queue
[2024-01-30T16:49:50.412+0100] {logging_mixin.py:188} INFO - [2024-01-30T16:49:50.411+0100] {dagbag.py:538} INFO - Filling up the DagBag from /home/ubuntu/.local/lib/python3.10/site-packages/airflow/example_dags/example_external_task_marker_dag.py
[2024-01-30T16:49:50.430+0100] {processor.py:840} INFO - DAG(s) 'example_external_task_marker_child', 'example_external_task_marker_parent' retrieved from /home/ubuntu/.local/lib/python3.10/site-packages/airflow/example_dags/example_external_task_marker_dag.py
[2024-01-30T16:49:50.815+0100] {logging_mixin.py:188} INFO - [2024-01-30T16:49:50.814+0100] {dag.py:3033} INFO - Sync 2 DAGs
[2024-01-30T16:49:50.837+0100] {logging_mixin.py:188} INFO - [2024-01-30T16:49:50.837+0100] {dag.py:3820} INFO - Setting next_dagrun for example_external_task_marker_child to None, run_after=None
[2024-01-30T16:49:50.905+0100] {logging_mixin.py:188} INFO - [2024-01-30T16:49:50.905+0100] {dag.py:3820} INFO - Setting next_dagrun for example_external_task_marker_parent to None, run_after=None
[2024-01-30T16:49:51.002+0100] {processor.py:183} INFO - Processing /home/ubuntu/.local/lib/python3.10/site-packages/airflow/example_dags/example_external_task_marker_dag.py took 0.614 seconds
[2024-01-30T16:51:06.805+0100] {processor.py:161} INFO - Started process (PID=5341) to work on /home/ubuntu/.local/lib/python3.10/site-packages/airflow/example_dags/example_external_task_marker_dag.py
[2024-01-30T16:51:06.808+0100] {processor.py:830} INFO - Processing file /home/ubuntu/.local/lib/python3.10/site-packages/airflow/example_dags/example_external_task_marker_dag.py for tasks to queue
[2024-01-30T16:51:06.811+0100] {logging_mixin.py:188} INFO - [2024-01-30T16:51:06.810+0100] {dagbag.py:538} INFO - Filling up the DagBag from /home/ubuntu/.local/lib/python3.10/site-packages/airflow/example_dags/example_external_task_marker_dag.py
[2024-01-30T16:51:06.820+0100] {processor.py:840} INFO - DAG(s) 'example_external_task_marker_parent', 'example_external_task_marker_child' retrieved from /home/ubuntu/.local/lib/python3.10/site-packages/airflow/example_dags/example_external_task_marker_dag.py
[2024-01-30T16:51:06.845+0100] {logging_mixin.py:188} INFO - [2024-01-30T16:51:06.844+0100] {dag.py:3033} INFO - Sync 2 DAGs
[2024-01-30T16:51:06.861+0100] {logging_mixin.py:188} INFO - [2024-01-30T16:51:06.860+0100] {dag.py:3820} INFO - Setting next_dagrun for example_external_task_marker_child to None, run_after=None
[2024-01-30T16:51:06.864+0100] {logging_mixin.py:188} INFO - [2024-01-30T16:51:06.864+0100] {dag.py:3820} INFO - Setting next_dagrun for example_external_task_marker_parent to None, run_after=None
[2024-01-30T16:51:06.904+0100] {processor.py:183} INFO - Processing /home/ubuntu/.local/lib/python3.10/site-packages/airflow/example_dags/example_external_task_marker_dag.py took 0.103 seconds
[2024-01-30T16:52:27.211+0100] {processor.py:161} INFO - Started process (PID=5408) to work on /home/ubuntu/.local/lib/python3.10/site-packages/airflow/example_dags/example_external_task_marker_dag.py
[2024-01-30T16:52:27.215+0100] {processor.py:830} INFO - Processing file /home/ubuntu/.local/lib/python3.10/site-packages/airflow/example_dags/example_external_task_marker_dag.py for tasks to queue
[2024-01-30T16:52:27.216+0100] {logging_mixin.py:188} INFO - [2024-01-30T16:52:27.216+0100] {dagbag.py:538} INFO - Filling up the DagBag from /home/ubuntu/.local/lib/python3.10/site-packages/airflow/example_dags/example_external_task_marker_dag.py
[2024-01-30T16:52:27.227+0100] {processor.py:840} INFO - DAG(s) 'example_external_task_marker_parent', 'example_external_task_marker_child' retrieved from /home/ubuntu/.local/lib/python3.10/site-packages/airflow/example_dags/example_external_task_marker_dag.py
[2024-01-30T16:52:27.266+0100] {logging_mixin.py:188} INFO - [2024-01-30T16:52:27.265+0100] {dag.py:3033} INFO - Sync 2 DAGs
[2024-01-30T16:52:27.291+0100] {logging_mixin.py:188} INFO - [2024-01-30T16:52:27.290+0100] {dag.py:3820} INFO - Setting next_dagrun for example_external_task_marker_child to None, run_after=None
[2024-01-30T16:52:27.296+0100] {logging_mixin.py:188} INFO - [2024-01-30T16:52:27.295+0100] {dag.py:3820} INFO - Setting next_dagrun for example_external_task_marker_parent to None, run_after=None
[2024-01-30T16:52:27.359+0100] {processor.py:183} INFO - Processing /home/ubuntu/.local/lib/python3.10/site-packages/airflow/example_dags/example_external_task_marker_dag.py took 0.157 seconds
[2024-01-30T16:53:42.659+0100] {processor.py:161} INFO - Started process (PID=5492) to work on /home/ubuntu/.local/lib/python3.10/site-packages/airflow/example_dags/example_external_task_marker_dag.py
[2024-01-30T16:53:42.666+0100] {processor.py:830} INFO - Processing file /home/ubuntu/.local/lib/python3.10/site-packages/airflow/example_dags/example_external_task_marker_dag.py for tasks to queue
[2024-01-30T16:53:42.669+0100] {logging_mixin.py:188} INFO - [2024-01-30T16:53:42.668+0100] {dagbag.py:538} INFO - Filling up the DagBag from /home/ubuntu/.local/lib/python3.10/site-packages/airflow/example_dags/example_external_task_marker_dag.py
[2024-01-30T16:53:42.687+0100] {processor.py:840} INFO - DAG(s) 'example_external_task_marker_parent', 'example_external_task_marker_child' retrieved from /home/ubuntu/.local/lib/python3.10/site-packages/airflow/example_dags/example_external_task_marker_dag.py
[2024-01-30T16:53:42.733+0100] {logging_mixin.py:188} INFO - [2024-01-30T16:53:42.733+0100] {dag.py:3033} INFO - Sync 2 DAGs
[2024-01-30T16:53:42.756+0100] {logging_mixin.py:188} INFO - [2024-01-30T16:53:42.756+0100] {dag.py:3820} INFO - Setting next_dagrun for example_external_task_marker_child to None, run_after=None
[2024-01-30T16:53:42.765+0100] {logging_mixin.py:188} INFO - [2024-01-30T16:53:42.764+0100] {dag.py:3820} INFO - Setting next_dagrun for example_external_task_marker_parent to None, run_after=None
[2024-01-30T16:53:42.841+0100] {processor.py:183} INFO - Processing /home/ubuntu/.local/lib/python3.10/site-packages/airflow/example_dags/example_external_task_marker_dag.py took 0.208 seconds
[2024-01-30T16:55:51.587+0100] {processor.py:161} INFO - Started process (PID=5704) to work on /home/ubuntu/.local/lib/python3.10/site-packages/airflow/example_dags/example_external_task_marker_dag.py
[2024-01-30T16:55:51.591+0100] {processor.py:830} INFO - Processing file /home/ubuntu/.local/lib/python3.10/site-packages/airflow/example_dags/example_external_task_marker_dag.py for tasks to queue
[2024-01-30T16:55:51.592+0100] {logging_mixin.py:188} INFO - [2024-01-30T16:55:51.592+0100] {dagbag.py:538} INFO - Filling up the DagBag from /home/ubuntu/.local/lib/python3.10/site-packages/airflow/example_dags/example_external_task_marker_dag.py
[2024-01-30T16:55:51.604+0100] {processor.py:840} INFO - DAG(s) 'example_external_task_marker_parent', 'example_external_task_marker_child' retrieved from /home/ubuntu/.local/lib/python3.10/site-packages/airflow/example_dags/example_external_task_marker_dag.py
[2024-01-30T16:55:51.651+0100] {logging_mixin.py:188} INFO - [2024-01-30T16:55:51.651+0100] {dag.py:3033} INFO - Sync 2 DAGs
[2024-01-30T16:55:51.683+0100] {logging_mixin.py:188} INFO - [2024-01-30T16:55:51.682+0100] {dag.py:3820} INFO - Setting next_dagrun for example_external_task_marker_child to None, run_after=None
[2024-01-30T16:55:51.690+0100] {logging_mixin.py:188} INFO - [2024-01-30T16:55:51.690+0100] {dag.py:3820} INFO - Setting next_dagrun for example_external_task_marker_parent to None, run_after=None
[2024-01-30T16:55:51.824+0100] {processor.py:183} INFO - Processing /home/ubuntu/.local/lib/python3.10/site-packages/airflow/example_dags/example_external_task_marker_dag.py took 0.242 seconds
[2024-01-30T16:57:17.602+0100] {processor.py:161} INFO - Started process (PID=5774) to work on /home/ubuntu/.local/lib/python3.10/site-packages/airflow/example_dags/example_external_task_marker_dag.py
[2024-01-30T16:57:17.606+0100] {processor.py:830} INFO - Processing file /home/ubuntu/.local/lib/python3.10/site-packages/airflow/example_dags/example_external_task_marker_dag.py for tasks to queue
[2024-01-30T16:57:17.626+0100] {logging_mixin.py:188} INFO - [2024-01-30T16:57:17.618+0100] {dagbag.py:538} INFO - Filling up the DagBag from /home/ubuntu/.local/lib/python3.10/site-packages/airflow/example_dags/example_external_task_marker_dag.py
[2024-01-30T16:57:17.646+0100] {processor.py:840} INFO - DAG(s) 'example_external_task_marker_parent', 'example_external_task_marker_child' retrieved from /home/ubuntu/.local/lib/python3.10/site-packages/airflow/example_dags/example_external_task_marker_dag.py
[2024-01-30T16:57:17.685+0100] {logging_mixin.py:188} INFO - [2024-01-30T16:57:17.685+0100] {dag.py:3033} INFO - Sync 2 DAGs
[2024-01-30T16:57:17.723+0100] {logging_mixin.py:188} INFO - [2024-01-30T16:57:17.723+0100] {dag.py:3820} INFO - Setting next_dagrun for example_external_task_marker_child to None, run_after=None
[2024-01-30T16:57:17.728+0100] {logging_mixin.py:188} INFO - [2024-01-30T16:57:17.727+0100] {dag.py:3820} INFO - Setting next_dagrun for example_external_task_marker_parent to None, run_after=None
[2024-01-30T16:57:17.836+0100] {processor.py:183} INFO - Processing /home/ubuntu/.local/lib/python3.10/site-packages/airflow/example_dags/example_external_task_marker_dag.py took 0.242 seconds
[2024-01-30T16:58:40.054+0100] {processor.py:161} INFO - Started process (PID=5851) to work on /home/ubuntu/.local/lib/python3.10/site-packages/airflow/example_dags/example_external_task_marker_dag.py
[2024-01-30T16:58:40.057+0100] {processor.py:830} INFO - Processing file /home/ubuntu/.local/lib/python3.10/site-packages/airflow/example_dags/example_external_task_marker_dag.py for tasks to queue
[2024-01-30T16:58:40.058+0100] {logging_mixin.py:188} INFO - [2024-01-30T16:58:40.058+0100] {dagbag.py:538} INFO - Filling up the DagBag from /home/ubuntu/.local/lib/python3.10/site-packages/airflow/example_dags/example_external_task_marker_dag.py
[2024-01-30T16:58:40.066+0100] {processor.py:840} INFO - DAG(s) 'example_external_task_marker_child', 'example_external_task_marker_parent' retrieved from /home/ubuntu/.local/lib/python3.10/site-packages/airflow/example_dags/example_external_task_marker_dag.py
[2024-01-30T16:58:40.093+0100] {logging_mixin.py:188} INFO - [2024-01-30T16:58:40.093+0100] {dag.py:3033} INFO - Sync 2 DAGs
[2024-01-30T16:58:40.106+0100] {logging_mixin.py:188} INFO - [2024-01-30T16:58:40.105+0100] {dag.py:3820} INFO - Setting next_dagrun for example_external_task_marker_child to None, run_after=None
[2024-01-30T16:58:40.109+0100] {logging_mixin.py:188} INFO - [2024-01-30T16:58:40.109+0100] {dag.py:3820} INFO - Setting next_dagrun for example_external_task_marker_parent to None, run_after=None
[2024-01-30T16:58:40.143+0100] {processor.py:183} INFO - Processing /home/ubuntu/.local/lib/python3.10/site-packages/airflow/example_dags/example_external_task_marker_dag.py took 0.095 seconds
[2024-01-30T16:59:45.358+0100] {processor.py:161} INFO - Started process (PID=5912) to work on /home/ubuntu/.local/lib/python3.10/site-packages/airflow/example_dags/example_external_task_marker_dag.py
[2024-01-30T16:59:45.371+0100] {processor.py:830} INFO - Processing file /home/ubuntu/.local/lib/python3.10/site-packages/airflow/example_dags/example_external_task_marker_dag.py for tasks to queue
[2024-01-30T16:59:45.377+0100] {logging_mixin.py:188} INFO - [2024-01-30T16:59:45.377+0100] {dagbag.py:538} INFO - Filling up the DagBag from /home/ubuntu/.local/lib/python3.10/site-packages/airflow/example_dags/example_external_task_marker_dag.py
[2024-01-30T16:59:45.406+0100] {processor.py:840} INFO - DAG(s) 'example_external_task_marker_parent', 'example_external_task_marker_child' retrieved from /home/ubuntu/.local/lib/python3.10/site-packages/airflow/example_dags/example_external_task_marker_dag.py
[2024-01-30T16:59:45.486+0100] {logging_mixin.py:188} INFO - [2024-01-30T16:59:45.485+0100] {dag.py:3033} INFO - Sync 2 DAGs
[2024-01-30T16:59:45.526+0100] {logging_mixin.py:188} INFO - [2024-01-30T16:59:45.522+0100] {dag.py:3820} INFO - Setting next_dagrun for example_external_task_marker_child to None, run_after=None
[2024-01-30T16:59:45.548+0100] {logging_mixin.py:188} INFO - [2024-01-30T16:59:45.548+0100] {dag.py:3820} INFO - Setting next_dagrun for example_external_task_marker_parent to None, run_after=None
[2024-01-30T16:59:45.612+0100] {processor.py:183} INFO - Processing /home/ubuntu/.local/lib/python3.10/site-packages/airflow/example_dags/example_external_task_marker_dag.py took 0.263 seconds
[2024-01-30T17:00:59.785+0100] {processor.py:161} INFO - Started process (PID=6094) to work on /home/ubuntu/.local/lib/python3.10/site-packages/airflow/example_dags/example_external_task_marker_dag.py
[2024-01-30T17:00:59.805+0100] {processor.py:830} INFO - Processing file /home/ubuntu/.local/lib/python3.10/site-packages/airflow/example_dags/example_external_task_marker_dag.py for tasks to queue
[2024-01-30T17:00:59.811+0100] {logging_mixin.py:188} INFO - [2024-01-30T17:00:59.807+0100] {dagbag.py:538} INFO - Filling up the DagBag from /home/ubuntu/.local/lib/python3.10/site-packages/airflow/example_dags/example_external_task_marker_dag.py
[2024-01-30T17:00:59.835+0100] {processor.py:840} INFO - DAG(s) 'example_external_task_marker_child', 'example_external_task_marker_parent' retrieved from /home/ubuntu/.local/lib/python3.10/site-packages/airflow/example_dags/example_external_task_marker_dag.py
[2024-01-30T17:00:59.876+0100] {logging_mixin.py:188} INFO - [2024-01-30T17:00:59.876+0100] {dag.py:3033} INFO - Sync 2 DAGs
[2024-01-30T17:00:59.892+0100] {logging_mixin.py:188} INFO - [2024-01-30T17:00:59.892+0100] {dag.py:3820} INFO - Setting next_dagrun for example_external_task_marker_child to None, run_after=None
[2024-01-30T17:00:59.896+0100] {logging_mixin.py:188} INFO - [2024-01-30T17:00:59.896+0100] {dag.py:3820} INFO - Setting next_dagrun for example_external_task_marker_parent to None, run_after=None
[2024-01-30T17:00:59.933+0100] {processor.py:183} INFO - Processing /home/ubuntu/.local/lib/python3.10/site-packages/airflow/example_dags/example_external_task_marker_dag.py took 0.157 seconds
[2024-01-30T17:02:05.196+0100] {processor.py:161} INFO - Started process (PID=6145) to work on /home/ubuntu/.local/lib/python3.10/site-packages/airflow/example_dags/example_external_task_marker_dag.py
[2024-01-30T17:02:05.215+0100] {processor.py:830} INFO - Processing file /home/ubuntu/.local/lib/python3.10/site-packages/airflow/example_dags/example_external_task_marker_dag.py for tasks to queue
[2024-01-30T17:02:05.219+0100] {logging_mixin.py:188} INFO - [2024-01-30T17:02:05.216+0100] {dagbag.py:538} INFO - Filling up the DagBag from /home/ubuntu/.local/lib/python3.10/site-packages/airflow/example_dags/example_external_task_marker_dag.py
[2024-01-30T17:02:05.239+0100] {processor.py:840} INFO - DAG(s) 'example_external_task_marker_child', 'example_external_task_marker_parent' retrieved from /home/ubuntu/.local/lib/python3.10/site-packages/airflow/example_dags/example_external_task_marker_dag.py
[2024-01-30T17:02:05.289+0100] {logging_mixin.py:188} INFO - [2024-01-30T17:02:05.288+0100] {dag.py:3033} INFO - Sync 2 DAGs
[2024-01-30T17:02:05.310+0100] {logging_mixin.py:188} INFO - [2024-01-30T17:02:05.310+0100] {dag.py:3820} INFO - Setting next_dagrun for example_external_task_marker_child to None, run_after=None
[2024-01-30T17:02:05.320+0100] {logging_mixin.py:188} INFO - [2024-01-30T17:02:05.320+0100] {dag.py:3820} INFO - Setting next_dagrun for example_external_task_marker_parent to None, run_after=None
[2024-01-30T17:02:05.443+0100] {processor.py:183} INFO - Processing /home/ubuntu/.local/lib/python3.10/site-packages/airflow/example_dags/example_external_task_marker_dag.py took 0.258 seconds
[2024-01-30T17:03:19.032+0100] {processor.py:161} INFO - Started process (PID=6218) to work on /home/ubuntu/.local/lib/python3.10/site-packages/airflow/example_dags/example_external_task_marker_dag.py
[2024-01-30T17:03:19.035+0100] {processor.py:830} INFO - Processing file /home/ubuntu/.local/lib/python3.10/site-packages/airflow/example_dags/example_external_task_marker_dag.py for tasks to queue
[2024-01-30T17:03:19.039+0100] {logging_mixin.py:188} INFO - [2024-01-30T17:03:19.038+0100] {dagbag.py:538} INFO - Filling up the DagBag from /home/ubuntu/.local/lib/python3.10/site-packages/airflow/example_dags/example_external_task_marker_dag.py
[2024-01-30T17:03:19.053+0100] {processor.py:840} INFO - DAG(s) 'example_external_task_marker_parent', 'example_external_task_marker_child' retrieved from /home/ubuntu/.local/lib/python3.10/site-packages/airflow/example_dags/example_external_task_marker_dag.py
[2024-01-30T17:03:19.091+0100] {logging_mixin.py:188} INFO - [2024-01-30T17:03:19.091+0100] {dag.py:3033} INFO - Sync 2 DAGs
[2024-01-30T17:03:19.340+0100] {logging_mixin.py:188} INFO - [2024-01-30T17:03:19.340+0100] {dag.py:3820} INFO - Setting next_dagrun for example_external_task_marker_child to None, run_after=None
[2024-01-30T17:03:19.345+0100] {logging_mixin.py:188} INFO - [2024-01-30T17:03:19.345+0100] {dag.py:3820} INFO - Setting next_dagrun for example_external_task_marker_parent to None, run_after=None
[2024-01-30T17:03:19.473+0100] {processor.py:183} INFO - Processing /home/ubuntu/.local/lib/python3.10/site-packages/airflow/example_dags/example_external_task_marker_dag.py took 0.446 seconds
[2024-01-30T17:04:34.912+0100] {processor.py:161} INFO - Started process (PID=6282) to work on /home/ubuntu/.local/lib/python3.10/site-packages/airflow/example_dags/example_external_task_marker_dag.py
[2024-01-30T17:04:34.932+0100] {processor.py:830} INFO - Processing file /home/ubuntu/.local/lib/python3.10/site-packages/airflow/example_dags/example_external_task_marker_dag.py for tasks to queue
[2024-01-30T17:04:34.935+0100] {logging_mixin.py:188} INFO - [2024-01-30T17:04:34.934+0100] {dagbag.py:538} INFO - Filling up the DagBag from /home/ubuntu/.local/lib/python3.10/site-packages/airflow/example_dags/example_external_task_marker_dag.py
[2024-01-30T17:04:34.949+0100] {processor.py:840} INFO - DAG(s) 'example_external_task_marker_parent', 'example_external_task_marker_child' retrieved from /home/ubuntu/.local/lib/python3.10/site-packages/airflow/example_dags/example_external_task_marker_dag.py
[2024-01-30T17:04:35.006+0100] {logging_mixin.py:188} INFO - [2024-01-30T17:04:35.006+0100] {dag.py:3033} INFO - Sync 2 DAGs
[2024-01-30T17:04:35.054+0100] {logging_mixin.py:188} INFO - [2024-01-30T17:04:35.054+0100] {dag.py:3820} INFO - Setting next_dagrun for example_external_task_marker_child to None, run_after=None
[2024-01-30T17:04:35.058+0100] {logging_mixin.py:188} INFO - [2024-01-30T17:04:35.058+0100] {dag.py:3820} INFO - Setting next_dagrun for example_external_task_marker_parent to None, run_after=None
[2024-01-30T17:04:35.168+0100] {processor.py:183} INFO - Processing /home/ubuntu/.local/lib/python3.10/site-packages/airflow/example_dags/example_external_task_marker_dag.py took 0.302 seconds
[2024-01-30T17:05:56.599+0100] {processor.py:161} INFO - Started process (PID=6354) to work on /home/ubuntu/.local/lib/python3.10/site-packages/airflow/example_dags/example_external_task_marker_dag.py
[2024-01-30T17:05:56.603+0100] {processor.py:830} INFO - Processing file /home/ubuntu/.local/lib/python3.10/site-packages/airflow/example_dags/example_external_task_marker_dag.py for tasks to queue
[2024-01-30T17:05:56.607+0100] {logging_mixin.py:188} INFO - [2024-01-30T17:05:56.605+0100] {dagbag.py:538} INFO - Filling up the DagBag from /home/ubuntu/.local/lib/python3.10/site-packages/airflow/example_dags/example_external_task_marker_dag.py
[2024-01-30T17:05:56.616+0100] {processor.py:840} INFO - DAG(s) 'example_external_task_marker_child', 'example_external_task_marker_parent' retrieved from /home/ubuntu/.local/lib/python3.10/site-packages/airflow/example_dags/example_external_task_marker_dag.py
[2024-01-30T17:05:56.673+0100] {logging_mixin.py:188} INFO - [2024-01-30T17:05:56.673+0100] {dag.py:3033} INFO - Sync 2 DAGs
[2024-01-30T17:05:56.720+0100] {logging_mixin.py:188} INFO - [2024-01-30T17:05:56.719+0100] {dag.py:3820} INFO - Setting next_dagrun for example_external_task_marker_child to None, run_after=None
[2024-01-30T17:05:56.727+0100] {logging_mixin.py:188} INFO - [2024-01-30T17:05:56.727+0100] {dag.py:3820} INFO - Setting next_dagrun for example_external_task_marker_parent to None, run_after=None
[2024-01-30T17:05:56.859+0100] {processor.py:183} INFO - Processing /home/ubuntu/.local/lib/python3.10/site-packages/airflow/example_dags/example_external_task_marker_dag.py took 0.268 seconds
[2024-01-30T17:07:11.452+0100] {processor.py:161} INFO - Started process (PID=6418) to work on /home/ubuntu/.local/lib/python3.10/site-packages/airflow/example_dags/example_external_task_marker_dag.py
[2024-01-30T17:07:11.465+0100] {processor.py:830} INFO - Processing file /home/ubuntu/.local/lib/python3.10/site-packages/airflow/example_dags/example_external_task_marker_dag.py for tasks to queue
[2024-01-30T17:07:11.467+0100] {logging_mixin.py:188} INFO - [2024-01-30T17:07:11.466+0100] {dagbag.py:538} INFO - Filling up the DagBag from /home/ubuntu/.local/lib/python3.10/site-packages/airflow/example_dags/example_external_task_marker_dag.py
[2024-01-30T17:07:11.482+0100] {processor.py:840} INFO - DAG(s) 'example_external_task_marker_child', 'example_external_task_marker_parent' retrieved from /home/ubuntu/.local/lib/python3.10/site-packages/airflow/example_dags/example_external_task_marker_dag.py
[2024-01-30T17:07:11.536+0100] {logging_mixin.py:188} INFO - [2024-01-30T17:07:11.536+0100] {dag.py:3033} INFO - Sync 2 DAGs
[2024-01-30T17:07:11.555+0100] {logging_mixin.py:188} INFO - [2024-01-30T17:07:11.555+0100] {dag.py:3820} INFO - Setting next_dagrun for example_external_task_marker_child to None, run_after=None
[2024-01-30T17:07:11.562+0100] {logging_mixin.py:188} INFO - [2024-01-30T17:07:11.562+0100] {dag.py:3820} INFO - Setting next_dagrun for example_external_task_marker_parent to None, run_after=None
[2024-01-30T17:07:11.631+0100] {processor.py:183} INFO - Processing /home/ubuntu/.local/lib/python3.10/site-packages/airflow/example_dags/example_external_task_marker_dag.py took 0.194 seconds
