[2024-01-30T13:50:35.178+0100] {processor.py:161} INFO - Started process (PID=6140) to work on /home/ubuntu/.local/lib/python3.10/site-packages/airflow/example_dags/example_xcom.py
[2024-01-30T13:50:35.180+0100] {processor.py:830} INFO - Processing file /home/ubuntu/.local/lib/python3.10/site-packages/airflow/example_dags/example_xcom.py for tasks to queue
[2024-01-30T13:50:35.182+0100] {logging_mixin.py:188} INFO - [2024-01-30T13:50:35.181+0100] {dagbag.py:538} INFO - Filling up the DagBag from /home/ubuntu/.local/lib/python3.10/site-packages/airflow/example_dags/example_xcom.py
[2024-01-30T13:50:35.319+0100] {processor.py:840} INFO - DAG(s) 'example_xcom' retrieved from /home/ubuntu/.local/lib/python3.10/site-packages/airflow/example_dags/example_xcom.py
[2024-01-30T13:50:36.075+0100] {logging_mixin.py:188} INFO - [2024-01-30T13:50:36.072+0100] {dag.py:3033} INFO - Sync 1 DAGs
[2024-01-30T13:50:36.293+0100] {logging_mixin.py:188} INFO - [2024-01-30T13:50:36.289+0100] {dag.py:3820} INFO - Setting next_dagrun for example_xcom to 2021-01-01T00:00:00+00:00, run_after=2021-01-01T00:00:00+00:00
[2024-01-30T13:50:36.426+0100] {processor.py:183} INFO - Processing /home/ubuntu/.local/lib/python3.10/site-packages/airflow/example_dags/example_xcom.py took 1.283 seconds
[2024-01-30T13:52:01.559+0100] {processor.py:161} INFO - Started process (PID=6212) to work on /home/ubuntu/.local/lib/python3.10/site-packages/airflow/example_dags/example_xcom.py
[2024-01-30T13:52:01.570+0100] {processor.py:830} INFO - Processing file /home/ubuntu/.local/lib/python3.10/site-packages/airflow/example_dags/example_xcom.py for tasks to queue
[2024-01-30T13:52:01.576+0100] {logging_mixin.py:188} INFO - [2024-01-30T13:52:01.575+0100] {dagbag.py:538} INFO - Filling up the DagBag from /home/ubuntu/.local/lib/python3.10/site-packages/airflow/example_dags/example_xcom.py
[2024-01-30T13:52:01.619+0100] {processor.py:840} INFO - DAG(s) 'example_xcom' retrieved from /home/ubuntu/.local/lib/python3.10/site-packages/airflow/example_dags/example_xcom.py
[2024-01-30T13:52:01.696+0100] {logging_mixin.py:188} INFO - [2024-01-30T13:52:01.696+0100] {dag.py:3033} INFO - Sync 1 DAGs
[2024-01-30T13:52:01.759+0100] {logging_mixin.py:188} INFO - [2024-01-30T13:52:01.759+0100] {dag.py:3820} INFO - Setting next_dagrun for example_xcom to 2021-01-01T00:00:00+00:00, run_after=2021-01-01T00:00:00+00:00
[2024-01-30T13:52:01.805+0100] {processor.py:183} INFO - Processing /home/ubuntu/.local/lib/python3.10/site-packages/airflow/example_dags/example_xcom.py took 0.254 seconds
[2024-01-30T13:52:44.240+0100] {processor.py:161} INFO - Started process (PID=6257) to work on /home/ubuntu/.local/lib/python3.10/site-packages/airflow/example_dags/example_xcom.py
[2024-01-30T13:52:44.242+0100] {processor.py:830} INFO - Processing file /home/ubuntu/.local/lib/python3.10/site-packages/airflow/example_dags/example_xcom.py for tasks to queue
[2024-01-30T13:52:44.243+0100] {logging_mixin.py:188} INFO - [2024-01-30T13:52:44.243+0100] {dagbag.py:538} INFO - Filling up the DagBag from /home/ubuntu/.local/lib/python3.10/site-packages/airflow/example_dags/example_xcom.py
[2024-01-30T13:52:44.254+0100] {processor.py:840} INFO - DAG(s) 'example_xcom' retrieved from /home/ubuntu/.local/lib/python3.10/site-packages/airflow/example_dags/example_xcom.py
[2024-01-30T13:52:44.277+0100] {logging_mixin.py:188} INFO - [2024-01-30T13:52:44.277+0100] {dag.py:3033} INFO - Sync 1 DAGs
[2024-01-30T13:52:44.302+0100] {logging_mixin.py:188} INFO - [2024-01-30T13:52:44.302+0100] {dag.py:3820} INFO - Setting next_dagrun for example_xcom to 2021-01-01T00:00:00+00:00, run_after=2021-01-01T00:00:00+00:00
[2024-01-30T13:52:44.337+0100] {processor.py:183} INFO - Processing /home/ubuntu/.local/lib/python3.10/site-packages/airflow/example_dags/example_xcom.py took 0.103 seconds
[2024-01-30T15:53:11.769+0100] {processor.py:161} INFO - Started process (PID=6356) to work on /home/ubuntu/.local/lib/python3.10/site-packages/airflow/example_dags/example_xcom.py
[2024-01-30T15:53:11.771+0100] {processor.py:830} INFO - Processing file /home/ubuntu/.local/lib/python3.10/site-packages/airflow/example_dags/example_xcom.py for tasks to queue
[2024-01-30T15:53:11.772+0100] {logging_mixin.py:188} INFO - [2024-01-30T15:53:11.772+0100] {dagbag.py:538} INFO - Filling up the DagBag from /home/ubuntu/.local/lib/python3.10/site-packages/airflow/example_dags/example_xcom.py
[2024-01-30T15:53:11.782+0100] {processor.py:840} INFO - DAG(s) 'example_xcom' retrieved from /home/ubuntu/.local/lib/python3.10/site-packages/airflow/example_dags/example_xcom.py
[2024-01-30T15:53:11.804+0100] {logging_mixin.py:188} INFO - [2024-01-30T15:53:11.804+0100] {dag.py:3033} INFO - Sync 1 DAGs
[2024-01-30T15:53:11.832+0100] {logging_mixin.py:188} INFO - [2024-01-30T15:53:11.832+0100] {dag.py:3820} INFO - Setting next_dagrun for example_xcom to 2021-01-01T00:00:00+00:00, run_after=2021-01-01T00:00:00+00:00
[2024-01-30T15:53:11.868+0100] {processor.py:183} INFO - Processing /home/ubuntu/.local/lib/python3.10/site-packages/airflow/example_dags/example_xcom.py took 0.104 seconds
[2024-01-30T15:54:03.943+0100] {processor.py:161} INFO - Started process (PID=6404) to work on /home/ubuntu/.local/lib/python3.10/site-packages/airflow/example_dags/example_xcom.py
[2024-01-30T15:54:03.947+0100] {processor.py:830} INFO - Processing file /home/ubuntu/.local/lib/python3.10/site-packages/airflow/example_dags/example_xcom.py for tasks to queue
[2024-01-30T15:54:03.949+0100] {logging_mixin.py:188} INFO - [2024-01-30T15:54:03.949+0100] {dagbag.py:538} INFO - Filling up the DagBag from /home/ubuntu/.local/lib/python3.10/site-packages/airflow/example_dags/example_xcom.py
[2024-01-30T15:54:03.964+0100] {processor.py:840} INFO - DAG(s) 'example_xcom' retrieved from /home/ubuntu/.local/lib/python3.10/site-packages/airflow/example_dags/example_xcom.py
[2024-01-30T15:54:03.987+0100] {logging_mixin.py:188} INFO - [2024-01-30T15:54:03.987+0100] {dag.py:3033} INFO - Sync 1 DAGs
[2024-01-30T15:54:04.014+0100] {logging_mixin.py:188} INFO - [2024-01-30T15:54:04.014+0100] {dag.py:3820} INFO - Setting next_dagrun for example_xcom to 2021-01-01T00:00:00+00:00, run_after=2021-01-01T00:00:00+00:00
[2024-01-30T15:54:04.053+0100] {processor.py:183} INFO - Processing /home/ubuntu/.local/lib/python3.10/site-packages/airflow/example_dags/example_xcom.py took 0.132 seconds
[2024-01-30T15:55:06.444+0100] {processor.py:161} INFO - Started process (PID=6483) to work on /home/ubuntu/.local/lib/python3.10/site-packages/airflow/example_dags/example_xcom.py
[2024-01-30T15:55:06.448+0100] {processor.py:830} INFO - Processing file /home/ubuntu/.local/lib/python3.10/site-packages/airflow/example_dags/example_xcom.py for tasks to queue
[2024-01-30T15:55:06.449+0100] {logging_mixin.py:188} INFO - [2024-01-30T15:55:06.449+0100] {dagbag.py:538} INFO - Filling up the DagBag from /home/ubuntu/.local/lib/python3.10/site-packages/airflow/example_dags/example_xcom.py
[2024-01-30T15:55:06.460+0100] {processor.py:840} INFO - DAG(s) 'example_xcom' retrieved from /home/ubuntu/.local/lib/python3.10/site-packages/airflow/example_dags/example_xcom.py
[2024-01-30T15:55:06.481+0100] {logging_mixin.py:188} INFO - [2024-01-30T15:55:06.481+0100] {dag.py:3033} INFO - Sync 1 DAGs
[2024-01-30T15:55:06.511+0100] {logging_mixin.py:188} INFO - [2024-01-30T15:55:06.511+0100] {dag.py:3820} INFO - Setting next_dagrun for example_xcom to 2021-01-01T00:00:00+00:00, run_after=2021-01-01T00:00:00+00:00
[2024-01-30T15:55:06.550+0100] {processor.py:183} INFO - Processing /home/ubuntu/.local/lib/python3.10/site-packages/airflow/example_dags/example_xcom.py took 0.111 seconds
[2024-01-30T15:56:06.278+0100] {processor.py:161} INFO - Started process (PID=6540) to work on /home/ubuntu/.local/lib/python3.10/site-packages/airflow/example_dags/example_xcom.py
[2024-01-30T15:56:06.281+0100] {processor.py:830} INFO - Processing file /home/ubuntu/.local/lib/python3.10/site-packages/airflow/example_dags/example_xcom.py for tasks to queue
[2024-01-30T15:56:06.282+0100] {logging_mixin.py:188} INFO - [2024-01-30T15:56:06.281+0100] {dagbag.py:538} INFO - Filling up the DagBag from /home/ubuntu/.local/lib/python3.10/site-packages/airflow/example_dags/example_xcom.py
[2024-01-30T15:56:06.294+0100] {processor.py:840} INFO - DAG(s) 'example_xcom' retrieved from /home/ubuntu/.local/lib/python3.10/site-packages/airflow/example_dags/example_xcom.py
[2024-01-30T15:56:06.318+0100] {logging_mixin.py:188} INFO - [2024-01-30T15:56:06.318+0100] {dag.py:3033} INFO - Sync 1 DAGs
[2024-01-30T15:56:06.346+0100] {logging_mixin.py:188} INFO - [2024-01-30T15:56:06.345+0100] {dag.py:3820} INFO - Setting next_dagrun for example_xcom to 2021-01-01T00:00:00+00:00, run_after=2021-01-01T00:00:00+00:00
[2024-01-30T15:56:06.383+0100] {processor.py:183} INFO - Processing /home/ubuntu/.local/lib/python3.10/site-packages/airflow/example_dags/example_xcom.py took 0.109 seconds
[2024-01-30T15:58:53.856+0100] {processor.py:161} INFO - Started process (PID=7540) to work on /home/ubuntu/.local/lib/python3.10/site-packages/airflow/example_dags/example_xcom.py
[2024-01-30T15:58:53.877+0100] {processor.py:830} INFO - Processing file /home/ubuntu/.local/lib/python3.10/site-packages/airflow/example_dags/example_xcom.py for tasks to queue
[2024-01-30T15:58:53.878+0100] {logging_mixin.py:188} INFO - [2024-01-30T15:58:53.877+0100] {dagbag.py:538} INFO - Filling up the DagBag from /home/ubuntu/.local/lib/python3.10/site-packages/airflow/example_dags/example_xcom.py
[2024-01-30T15:58:53.968+0100] {processor.py:840} INFO - DAG(s) 'example_xcom' retrieved from /home/ubuntu/.local/lib/python3.10/site-packages/airflow/example_dags/example_xcom.py
[2024-01-30T15:58:54.115+0100] {logging_mixin.py:188} INFO - [2024-01-30T15:58:54.115+0100] {dag.py:3033} INFO - Sync 1 DAGs
[2024-01-30T15:58:54.188+0100] {logging_mixin.py:188} INFO - [2024-01-30T15:58:54.187+0100] {dag.py:3820} INFO - Setting next_dagrun for example_xcom to 2021-01-01T00:00:00+00:00, run_after=2021-01-01T00:00:00+00:00
[2024-01-30T15:58:54.300+0100] {processor.py:183} INFO - Processing /home/ubuntu/.local/lib/python3.10/site-packages/airflow/example_dags/example_xcom.py took 0.450 seconds
[2024-01-30T16:00:41.125+0100] {processor.py:161} INFO - Started process (PID=8331) to work on /home/ubuntu/.local/lib/python3.10/site-packages/airflow/example_dags/example_xcom.py
[2024-01-30T16:00:41.151+0100] {processor.py:830} INFO - Processing file /home/ubuntu/.local/lib/python3.10/site-packages/airflow/example_dags/example_xcom.py for tasks to queue
[2024-01-30T16:00:41.153+0100] {logging_mixin.py:188} INFO - [2024-01-30T16:00:41.152+0100] {dagbag.py:538} INFO - Filling up the DagBag from /home/ubuntu/.local/lib/python3.10/site-packages/airflow/example_dags/example_xcom.py
[2024-01-30T16:00:41.233+0100] {processor.py:840} INFO - DAG(s) 'example_xcom' retrieved from /home/ubuntu/.local/lib/python3.10/site-packages/airflow/example_dags/example_xcom.py
[2024-01-30T16:00:41.285+0100] {logging_mixin.py:188} INFO - [2024-01-30T16:00:41.285+0100] {dag.py:3033} INFO - Sync 1 DAGs
[2024-01-30T16:00:41.329+0100] {logging_mixin.py:188} INFO - [2024-01-30T16:00:41.329+0100] {dag.py:3820} INFO - Setting next_dagrun for example_xcom to 2021-01-01T00:00:00+00:00, run_after=2021-01-01T00:00:00+00:00
[2024-01-30T16:00:41.490+0100] {processor.py:183} INFO - Processing /home/ubuntu/.local/lib/python3.10/site-packages/airflow/example_dags/example_xcom.py took 0.371 seconds
[2024-01-30T16:01:49.327+0100] {processor.py:161} INFO - Started process (PID=8391) to work on /home/ubuntu/.local/lib/python3.10/site-packages/airflow/example_dags/example_xcom.py
[2024-01-30T16:01:49.346+0100] {processor.py:830} INFO - Processing file /home/ubuntu/.local/lib/python3.10/site-packages/airflow/example_dags/example_xcom.py for tasks to queue
[2024-01-30T16:01:49.351+0100] {logging_mixin.py:188} INFO - [2024-01-30T16:01:49.347+0100] {dagbag.py:538} INFO - Filling up the DagBag from /home/ubuntu/.local/lib/python3.10/site-packages/airflow/example_dags/example_xcom.py
[2024-01-30T16:01:49.463+0100] {processor.py:840} INFO - DAG(s) 'example_xcom' retrieved from /home/ubuntu/.local/lib/python3.10/site-packages/airflow/example_dags/example_xcom.py
[2024-01-30T16:01:49.621+0100] {logging_mixin.py:188} INFO - [2024-01-30T16:01:49.621+0100] {dag.py:3033} INFO - Sync 1 DAGs
[2024-01-30T16:01:49.922+0100] {logging_mixin.py:188} INFO - [2024-01-30T16:01:49.922+0100] {dag.py:3820} INFO - Setting next_dagrun for example_xcom to 2021-01-01T00:00:00+00:00, run_after=2021-01-01T00:00:00+00:00
[2024-01-30T16:01:50.175+0100] {processor.py:183} INFO - Processing /home/ubuntu/.local/lib/python3.10/site-packages/airflow/example_dags/example_xcom.py took 0.891 seconds
[2024-01-30T16:02:45.706+0100] {processor.py:161} INFO - Started process (PID=8435) to work on /home/ubuntu/.local/lib/python3.10/site-packages/airflow/example_dags/example_xcom.py
[2024-01-30T16:02:45.715+0100] {processor.py:830} INFO - Processing file /home/ubuntu/.local/lib/python3.10/site-packages/airflow/example_dags/example_xcom.py for tasks to queue
[2024-01-30T16:02:45.718+0100] {logging_mixin.py:188} INFO - [2024-01-30T16:02:45.717+0100] {dagbag.py:538} INFO - Filling up the DagBag from /home/ubuntu/.local/lib/python3.10/site-packages/airflow/example_dags/example_xcom.py
[2024-01-30T16:02:45.799+0100] {processor.py:840} INFO - DAG(s) 'example_xcom' retrieved from /home/ubuntu/.local/lib/python3.10/site-packages/airflow/example_dags/example_xcom.py
[2024-01-30T16:02:45.906+0100] {logging_mixin.py:188} INFO - [2024-01-30T16:02:45.906+0100] {dag.py:3033} INFO - Sync 1 DAGs
[2024-01-30T16:02:45.962+0100] {logging_mixin.py:188} INFO - [2024-01-30T16:02:45.962+0100] {dag.py:3820} INFO - Setting next_dagrun for example_xcom to 2021-01-01T00:00:00+00:00, run_after=2021-01-01T00:00:00+00:00
[2024-01-30T16:02:46.029+0100] {processor.py:183} INFO - Processing /home/ubuntu/.local/lib/python3.10/site-packages/airflow/example_dags/example_xcom.py took 0.331 seconds
[2024-01-30T16:07:20.348+0100] {processor.py:161} INFO - Started process (PID=9242) to work on /home/ubuntu/.local/lib/python3.10/site-packages/airflow/example_dags/example_xcom.py
[2024-01-30T16:07:20.351+0100] {processor.py:830} INFO - Processing file /home/ubuntu/.local/lib/python3.10/site-packages/airflow/example_dags/example_xcom.py for tasks to queue
[2024-01-30T16:07:20.352+0100] {logging_mixin.py:188} INFO - [2024-01-30T16:07:20.352+0100] {dagbag.py:538} INFO - Filling up the DagBag from /home/ubuntu/.local/lib/python3.10/site-packages/airflow/example_dags/example_xcom.py
[2024-01-30T16:07:20.418+0100] {processor.py:840} INFO - DAG(s) 'example_xcom' retrieved from /home/ubuntu/.local/lib/python3.10/site-packages/airflow/example_dags/example_xcom.py
[2024-01-30T16:07:20.494+0100] {logging_mixin.py:188} INFO - [2024-01-30T16:07:20.494+0100] {dag.py:3033} INFO - Sync 1 DAGs
[2024-01-30T16:07:20.579+0100] {logging_mixin.py:188} INFO - [2024-01-30T16:07:20.578+0100] {dag.py:3820} INFO - Setting next_dagrun for example_xcom to 2021-01-01T00:00:00+00:00, run_after=2021-01-01T00:00:00+00:00
[2024-01-30T16:07:20.638+0100] {processor.py:183} INFO - Processing /home/ubuntu/.local/lib/python3.10/site-packages/airflow/example_dags/example_xcom.py took 0.306 seconds
[2024-01-30T16:15:20.789+0100] {processor.py:161} INFO - Started process (PID=5456) to work on /home/ubuntu/.local/lib/python3.10/site-packages/airflow/example_dags/example_xcom.py
[2024-01-30T16:15:20.793+0100] {processor.py:830} INFO - Processing file /home/ubuntu/.local/lib/python3.10/site-packages/airflow/example_dags/example_xcom.py for tasks to queue
[2024-01-30T16:15:20.795+0100] {logging_mixin.py:188} INFO - [2024-01-30T16:15:20.794+0100] {dagbag.py:538} INFO - Filling up the DagBag from /home/ubuntu/.local/lib/python3.10/site-packages/airflow/example_dags/example_xcom.py
[2024-01-30T16:15:20.862+0100] {processor.py:840} INFO - DAG(s) 'example_xcom' retrieved from /home/ubuntu/.local/lib/python3.10/site-packages/airflow/example_dags/example_xcom.py
[2024-01-30T16:15:22.090+0100] {logging_mixin.py:188} INFO - [2024-01-30T16:15:22.090+0100] {dag.py:3033} INFO - Sync 1 DAGs
[2024-01-30T16:15:22.345+0100] {logging_mixin.py:188} INFO - [2024-01-30T16:15:22.340+0100] {dag.py:3820} INFO - Setting next_dagrun for example_xcom to 2021-01-01T00:00:00+00:00, run_after=2021-01-01T00:00:00+00:00
[2024-01-30T16:15:22.532+0100] {processor.py:183} INFO - Processing /home/ubuntu/.local/lib/python3.10/site-packages/airflow/example_dags/example_xcom.py took 1.748 seconds
[2024-01-30T16:17:53.660+0100] {processor.py:161} INFO - Started process (PID=5633) to work on /home/ubuntu/.local/lib/python3.10/site-packages/airflow/example_dags/example_xcom.py
[2024-01-30T16:17:53.679+0100] {processor.py:830} INFO - Processing file /home/ubuntu/.local/lib/python3.10/site-packages/airflow/example_dags/example_xcom.py for tasks to queue
[2024-01-30T16:17:53.685+0100] {logging_mixin.py:188} INFO - [2024-01-30T16:17:53.681+0100] {dagbag.py:538} INFO - Filling up the DagBag from /home/ubuntu/.local/lib/python3.10/site-packages/airflow/example_dags/example_xcom.py
[2024-01-30T16:17:53.710+0100] {processor.py:840} INFO - DAG(s) 'example_xcom' retrieved from /home/ubuntu/.local/lib/python3.10/site-packages/airflow/example_dags/example_xcom.py
[2024-01-30T16:17:53.759+0100] {logging_mixin.py:188} INFO - [2024-01-30T16:17:53.759+0100] {dag.py:3033} INFO - Sync 1 DAGs
[2024-01-30T16:17:53.830+0100] {logging_mixin.py:188} INFO - [2024-01-30T16:17:53.827+0100] {dag.py:3820} INFO - Setting next_dagrun for example_xcom to 2021-01-01T00:00:00+00:00, run_after=2021-01-01T00:00:00+00:00
[2024-01-30T16:17:53.989+0100] {processor.py:183} INFO - Processing /home/ubuntu/.local/lib/python3.10/site-packages/airflow/example_dags/example_xcom.py took 0.334 seconds
[2024-01-30T16:19:23.674+0100] {processor.py:161} INFO - Started process (PID=5762) to work on /home/ubuntu/.local/lib/python3.10/site-packages/airflow/example_dags/example_xcom.py
[2024-01-30T16:19:23.677+0100] {processor.py:830} INFO - Processing file /home/ubuntu/.local/lib/python3.10/site-packages/airflow/example_dags/example_xcom.py for tasks to queue
[2024-01-30T16:19:23.678+0100] {logging_mixin.py:188} INFO - [2024-01-30T16:19:23.678+0100] {dagbag.py:538} INFO - Filling up the DagBag from /home/ubuntu/.local/lib/python3.10/site-packages/airflow/example_dags/example_xcom.py
[2024-01-30T16:19:23.691+0100] {processor.py:840} INFO - DAG(s) 'example_xcom' retrieved from /home/ubuntu/.local/lib/python3.10/site-packages/airflow/example_dags/example_xcom.py
[2024-01-30T16:19:23.757+0100] {logging_mixin.py:188} INFO - [2024-01-30T16:19:23.757+0100] {dag.py:3033} INFO - Sync 1 DAGs
[2024-01-30T16:19:23.805+0100] {logging_mixin.py:188} INFO - [2024-01-30T16:19:23.805+0100] {dag.py:3820} INFO - Setting next_dagrun for example_xcom to 2021-01-01T00:00:00+00:00, run_after=2021-01-01T00:00:00+00:00
[2024-01-30T16:19:23.988+0100] {processor.py:183} INFO - Processing /home/ubuntu/.local/lib/python3.10/site-packages/airflow/example_dags/example_xcom.py took 0.323 seconds
[2024-01-30T16:20:59.018+0100] {processor.py:161} INFO - Started process (PID=6199) to work on /home/ubuntu/.local/lib/python3.10/site-packages/airflow/example_dags/example_xcom.py
[2024-01-30T16:20:59.040+0100] {processor.py:830} INFO - Processing file /home/ubuntu/.local/lib/python3.10/site-packages/airflow/example_dags/example_xcom.py for tasks to queue
[2024-01-30T16:20:59.066+0100] {logging_mixin.py:188} INFO - [2024-01-30T16:20:59.041+0100] {dagbag.py:538} INFO - Filling up the DagBag from /home/ubuntu/.local/lib/python3.10/site-packages/airflow/example_dags/example_xcom.py
[2024-01-30T16:20:59.149+0100] {processor.py:840} INFO - DAG(s) 'example_xcom' retrieved from /home/ubuntu/.local/lib/python3.10/site-packages/airflow/example_dags/example_xcom.py
[2024-01-30T16:20:59.718+0100] {logging_mixin.py:188} INFO - [2024-01-30T16:20:59.717+0100] {dag.py:3033} INFO - Sync 1 DAGs
[2024-01-30T16:20:59.877+0100] {logging_mixin.py:188} INFO - [2024-01-30T16:20:59.876+0100] {dag.py:3820} INFO - Setting next_dagrun for example_xcom to 2021-01-01T00:00:00+00:00, run_after=2021-01-01T00:00:00+00:00
[2024-01-30T16:21:00.058+0100] {processor.py:183} INFO - Processing /home/ubuntu/.local/lib/python3.10/site-packages/airflow/example_dags/example_xcom.py took 1.057 seconds
[2024-01-30T16:22:25.765+0100] {processor.py:161} INFO - Started process (PID=6267) to work on /home/ubuntu/.local/lib/python3.10/site-packages/airflow/example_dags/example_xcom.py
[2024-01-30T16:22:25.768+0100] {processor.py:830} INFO - Processing file /home/ubuntu/.local/lib/python3.10/site-packages/airflow/example_dags/example_xcom.py for tasks to queue
[2024-01-30T16:22:25.770+0100] {logging_mixin.py:188} INFO - [2024-01-30T16:22:25.769+0100] {dagbag.py:538} INFO - Filling up the DagBag from /home/ubuntu/.local/lib/python3.10/site-packages/airflow/example_dags/example_xcom.py
[2024-01-30T16:22:25.782+0100] {processor.py:840} INFO - DAG(s) 'example_xcom' retrieved from /home/ubuntu/.local/lib/python3.10/site-packages/airflow/example_dags/example_xcom.py
[2024-01-30T16:22:25.813+0100] {logging_mixin.py:188} INFO - [2024-01-30T16:22:25.812+0100] {dag.py:3033} INFO - Sync 1 DAGs
[2024-01-30T16:22:25.839+0100] {logging_mixin.py:188} INFO - [2024-01-30T16:22:25.838+0100] {dag.py:3820} INFO - Setting next_dagrun for example_xcom to 2021-01-01T00:00:00+00:00, run_after=2021-01-01T00:00:00+00:00
[2024-01-30T16:22:25.877+0100] {processor.py:183} INFO - Processing /home/ubuntu/.local/lib/python3.10/site-packages/airflow/example_dags/example_xcom.py took 0.119 seconds
[2024-01-30T16:24:52.522+0100] {processor.py:161} INFO - Started process (PID=7340) to work on /home/ubuntu/.local/lib/python3.10/site-packages/airflow/example_dags/example_xcom.py
[2024-01-30T16:24:52.528+0100] {processor.py:830} INFO - Processing file /home/ubuntu/.local/lib/python3.10/site-packages/airflow/example_dags/example_xcom.py for tasks to queue
[2024-01-30T16:24:52.530+0100] {logging_mixin.py:188} INFO - [2024-01-30T16:24:52.529+0100] {dagbag.py:538} INFO - Filling up the DagBag from /home/ubuntu/.local/lib/python3.10/site-packages/airflow/example_dags/example_xcom.py
[2024-01-30T16:24:52.543+0100] {processor.py:840} INFO - DAG(s) 'example_xcom' retrieved from /home/ubuntu/.local/lib/python3.10/site-packages/airflow/example_dags/example_xcom.py
[2024-01-30T16:24:52.788+0100] {logging_mixin.py:188} INFO - [2024-01-30T16:24:52.787+0100] {dag.py:3033} INFO - Sync 1 DAGs
[2024-01-30T16:24:52.813+0100] {logging_mixin.py:188} INFO - [2024-01-30T16:24:52.813+0100] {dag.py:3820} INFO - Setting next_dagrun for example_xcom to 2021-01-01T00:00:00+00:00, run_after=2021-01-01T00:00:00+00:00
[2024-01-30T16:24:52.849+0100] {processor.py:183} INFO - Processing /home/ubuntu/.local/lib/python3.10/site-packages/airflow/example_dags/example_xcom.py took 0.331 seconds
[2024-01-30T16:29:59.301+0100] {processor.py:161} INFO - Started process (PID=8327) to work on /home/ubuntu/.local/lib/python3.10/site-packages/airflow/example_dags/example_xcom.py
[2024-01-30T16:29:59.314+0100] {processor.py:830} INFO - Processing file /home/ubuntu/.local/lib/python3.10/site-packages/airflow/example_dags/example_xcom.py for tasks to queue
[2024-01-30T16:29:59.317+0100] {logging_mixin.py:188} INFO - [2024-01-30T16:29:59.316+0100] {dagbag.py:538} INFO - Filling up the DagBag from /home/ubuntu/.local/lib/python3.10/site-packages/airflow/example_dags/example_xcom.py
[2024-01-30T16:29:59.343+0100] {processor.py:840} INFO - DAG(s) 'example_xcom' retrieved from /home/ubuntu/.local/lib/python3.10/site-packages/airflow/example_dags/example_xcom.py
[2024-01-30T16:29:59.452+0100] {logging_mixin.py:188} INFO - [2024-01-30T16:29:59.452+0100] {dag.py:3033} INFO - Sync 1 DAGs
[2024-01-30T16:29:59.565+0100] {logging_mixin.py:188} INFO - [2024-01-30T16:29:59.565+0100] {dag.py:3820} INFO - Setting next_dagrun for example_xcom to 2021-01-01T00:00:00+00:00, run_after=2021-01-01T00:00:00+00:00
[2024-01-30T16:29:59.662+0100] {processor.py:183} INFO - Processing /home/ubuntu/.local/lib/python3.10/site-packages/airflow/example_dags/example_xcom.py took 0.380 seconds
[2024-01-30T16:32:00.924+0100] {processor.py:161} INFO - Started process (PID=8732) to work on /home/ubuntu/.local/lib/python3.10/site-packages/airflow/example_dags/example_xcom.py
[2024-01-30T16:32:00.971+0100] {processor.py:830} INFO - Processing file /home/ubuntu/.local/lib/python3.10/site-packages/airflow/example_dags/example_xcom.py for tasks to queue
[2024-01-30T16:32:01.010+0100] {logging_mixin.py:188} INFO - [2024-01-30T16:32:00.977+0100] {dagbag.py:538} INFO - Filling up the DagBag from /home/ubuntu/.local/lib/python3.10/site-packages/airflow/example_dags/example_xcom.py
[2024-01-30T16:32:01.077+0100] {processor.py:840} INFO - DAG(s) 'example_xcom' retrieved from /home/ubuntu/.local/lib/python3.10/site-packages/airflow/example_dags/example_xcom.py
[2024-01-30T16:32:01.230+0100] {logging_mixin.py:188} INFO - [2024-01-30T16:32:01.230+0100] {dag.py:3033} INFO - Sync 1 DAGs
[2024-01-30T16:32:01.320+0100] {logging_mixin.py:188} INFO - [2024-01-30T16:32:01.319+0100] {dag.py:3820} INFO - Setting next_dagrun for example_xcom to 2021-01-01T00:00:00+00:00, run_after=2021-01-01T00:00:00+00:00
[2024-01-30T16:32:01.447+0100] {processor.py:183} INFO - Processing /home/ubuntu/.local/lib/python3.10/site-packages/airflow/example_dags/example_xcom.py took 0.582 seconds
[2024-01-30T16:33:10.689+0100] {processor.py:161} INFO - Started process (PID=9405) to work on /home/ubuntu/.local/lib/python3.10/site-packages/airflow/example_dags/example_xcom.py
[2024-01-30T16:33:10.696+0100] {processor.py:830} INFO - Processing file /home/ubuntu/.local/lib/python3.10/site-packages/airflow/example_dags/example_xcom.py for tasks to queue
[2024-01-30T16:33:10.698+0100] {logging_mixin.py:188} INFO - [2024-01-30T16:33:10.697+0100] {dagbag.py:538} INFO - Filling up the DagBag from /home/ubuntu/.local/lib/python3.10/site-packages/airflow/example_dags/example_xcom.py
[2024-01-30T16:33:10.714+0100] {processor.py:840} INFO - DAG(s) 'example_xcom' retrieved from /home/ubuntu/.local/lib/python3.10/site-packages/airflow/example_dags/example_xcom.py
[2024-01-30T16:33:10.756+0100] {logging_mixin.py:188} INFO - [2024-01-30T16:33:10.755+0100] {dag.py:3033} INFO - Sync 1 DAGs
[2024-01-30T16:33:10.816+0100] {logging_mixin.py:188} INFO - [2024-01-30T16:33:10.815+0100] {dag.py:3820} INFO - Setting next_dagrun for example_xcom to 2021-01-01T00:00:00+00:00, run_after=2021-01-01T00:00:00+00:00
[2024-01-30T16:33:10.909+0100] {processor.py:183} INFO - Processing /home/ubuntu/.local/lib/python3.10/site-packages/airflow/example_dags/example_xcom.py took 0.227 seconds
[2024-01-30T16:48:17.116+0100] {processor.py:161} INFO - Started process (PID=5113) to work on /home/ubuntu/.local/lib/python3.10/site-packages/airflow/example_dags/example_xcom.py
[2024-01-30T16:48:17.120+0100] {processor.py:830} INFO - Processing file /home/ubuntu/.local/lib/python3.10/site-packages/airflow/example_dags/example_xcom.py for tasks to queue
[2024-01-30T16:48:17.121+0100] {logging_mixin.py:188} INFO - [2024-01-30T16:48:17.121+0100] {dagbag.py:538} INFO - Filling up the DagBag from /home/ubuntu/.local/lib/python3.10/site-packages/airflow/example_dags/example_xcom.py
[2024-01-30T16:48:17.139+0100] {processor.py:840} INFO - DAG(s) 'example_xcom' retrieved from /home/ubuntu/.local/lib/python3.10/site-packages/airflow/example_dags/example_xcom.py
[2024-01-30T16:48:17.648+0100] {logging_mixin.py:188} INFO - [2024-01-30T16:48:17.647+0100] {dag.py:3033} INFO - Sync 1 DAGs
[2024-01-30T16:48:17.682+0100] {logging_mixin.py:188} INFO - [2024-01-30T16:48:17.682+0100] {dag.py:3820} INFO - Setting next_dagrun for example_xcom to 2021-01-01T00:00:00+00:00, run_after=2021-01-01T00:00:00+00:00
[2024-01-30T16:48:17.742+0100] {processor.py:183} INFO - Processing /home/ubuntu/.local/lib/python3.10/site-packages/airflow/example_dags/example_xcom.py took 0.637 seconds
[2024-01-30T16:50:49.223+0100] {processor.py:161} INFO - Started process (PID=5322) to work on /home/ubuntu/.local/lib/python3.10/site-packages/airflow/example_dags/example_xcom.py
[2024-01-30T16:50:49.227+0100] {processor.py:830} INFO - Processing file /home/ubuntu/.local/lib/python3.10/site-packages/airflow/example_dags/example_xcom.py for tasks to queue
[2024-01-30T16:50:49.228+0100] {logging_mixin.py:188} INFO - [2024-01-30T16:50:49.228+0100] {dagbag.py:538} INFO - Filling up the DagBag from /home/ubuntu/.local/lib/python3.10/site-packages/airflow/example_dags/example_xcom.py
[2024-01-30T16:50:49.241+0100] {processor.py:840} INFO - DAG(s) 'example_xcom' retrieved from /home/ubuntu/.local/lib/python3.10/site-packages/airflow/example_dags/example_xcom.py
[2024-01-30T16:50:49.271+0100] {logging_mixin.py:188} INFO - [2024-01-30T16:50:49.271+0100] {dag.py:3033} INFO - Sync 1 DAGs
[2024-01-30T16:50:49.303+0100] {logging_mixin.py:188} INFO - [2024-01-30T16:50:49.302+0100] {dag.py:3820} INFO - Setting next_dagrun for example_xcom to 2021-01-01T00:00:00+00:00, run_after=2021-01-01T00:00:00+00:00
[2024-01-30T16:50:49.351+0100] {processor.py:183} INFO - Processing /home/ubuntu/.local/lib/python3.10/site-packages/airflow/example_dags/example_xcom.py took 0.136 seconds
[2024-01-30T16:52:05.462+0100] {processor.py:161} INFO - Started process (PID=5387) to work on /home/ubuntu/.local/lib/python3.10/site-packages/airflow/example_dags/example_xcom.py
[2024-01-30T16:52:05.466+0100] {processor.py:830} INFO - Processing file /home/ubuntu/.local/lib/python3.10/site-packages/airflow/example_dags/example_xcom.py for tasks to queue
[2024-01-30T16:52:05.468+0100] {logging_mixin.py:188} INFO - [2024-01-30T16:52:05.467+0100] {dagbag.py:538} INFO - Filling up the DagBag from /home/ubuntu/.local/lib/python3.10/site-packages/airflow/example_dags/example_xcom.py
[2024-01-30T16:52:05.509+0100] {processor.py:840} INFO - DAG(s) 'example_xcom' retrieved from /home/ubuntu/.local/lib/python3.10/site-packages/airflow/example_dags/example_xcom.py
[2024-01-30T16:52:05.552+0100] {logging_mixin.py:188} INFO - [2024-01-30T16:52:05.552+0100] {dag.py:3033} INFO - Sync 1 DAGs
[2024-01-30T16:52:05.624+0100] {logging_mixin.py:188} INFO - [2024-01-30T16:52:05.623+0100] {dag.py:3820} INFO - Setting next_dagrun for example_xcom to 2021-01-01T00:00:00+00:00, run_after=2021-01-01T00:00:00+00:00
[2024-01-30T16:52:05.727+0100] {processor.py:183} INFO - Processing /home/ubuntu/.local/lib/python3.10/site-packages/airflow/example_dags/example_xcom.py took 0.271 seconds
[2024-01-30T16:52:51.911+0100] {processor.py:161} INFO - Started process (PID=5440) to work on /home/ubuntu/.local/lib/python3.10/site-packages/airflow/example_dags/example_xcom.py
[2024-01-30T16:52:51.914+0100] {processor.py:830} INFO - Processing file /home/ubuntu/.local/lib/python3.10/site-packages/airflow/example_dags/example_xcom.py for tasks to queue
[2024-01-30T16:52:51.916+0100] {logging_mixin.py:188} INFO - [2024-01-30T16:52:51.915+0100] {dagbag.py:538} INFO - Filling up the DagBag from /home/ubuntu/.local/lib/python3.10/site-packages/airflow/example_dags/example_xcom.py
[2024-01-30T16:52:51.934+0100] {processor.py:840} INFO - DAG(s) 'example_xcom' retrieved from /home/ubuntu/.local/lib/python3.10/site-packages/airflow/example_dags/example_xcom.py
[2024-01-30T16:52:51.978+0100] {logging_mixin.py:188} INFO - [2024-01-30T16:52:51.978+0100] {dag.py:3033} INFO - Sync 1 DAGs
[2024-01-30T16:52:52.027+0100] {logging_mixin.py:188} INFO - [2024-01-30T16:52:52.026+0100] {dag.py:3820} INFO - Setting next_dagrun for example_xcom to 2021-01-01T00:00:00+00:00, run_after=2021-01-01T00:00:00+00:00
[2024-01-30T16:52:52.112+0100] {processor.py:183} INFO - Processing /home/ubuntu/.local/lib/python3.10/site-packages/airflow/example_dags/example_xcom.py took 0.217 seconds
[2024-01-30T16:54:07.311+0100] {processor.py:161} INFO - Started process (PID=5522) to work on /home/ubuntu/.local/lib/python3.10/site-packages/airflow/example_dags/example_xcom.py
[2024-01-30T16:54:07.316+0100] {processor.py:830} INFO - Processing file /home/ubuntu/.local/lib/python3.10/site-packages/airflow/example_dags/example_xcom.py for tasks to queue
[2024-01-30T16:54:07.318+0100] {logging_mixin.py:188} INFO - [2024-01-30T16:54:07.317+0100] {dagbag.py:538} INFO - Filling up the DagBag from /home/ubuntu/.local/lib/python3.10/site-packages/airflow/example_dags/example_xcom.py
[2024-01-30T16:54:07.337+0100] {processor.py:840} INFO - DAG(s) 'example_xcom' retrieved from /home/ubuntu/.local/lib/python3.10/site-packages/airflow/example_dags/example_xcom.py
[2024-01-30T16:54:07.400+0100] {logging_mixin.py:188} INFO - [2024-01-30T16:54:07.399+0100] {dag.py:3033} INFO - Sync 1 DAGs
[2024-01-30T16:54:07.452+0100] {logging_mixin.py:188} INFO - [2024-01-30T16:54:07.452+0100] {dag.py:3820} INFO - Setting next_dagrun for example_xcom to 2021-01-01T00:00:00+00:00, run_after=2021-01-01T00:00:00+00:00
[2024-01-30T16:54:07.509+0100] {processor.py:183} INFO - Processing /home/ubuntu/.local/lib/python3.10/site-packages/airflow/example_dags/example_xcom.py took 0.205 seconds
[2024-01-30T16:55:31.022+0100] {processor.py:161} INFO - Started process (PID=5682) to work on /home/ubuntu/.local/lib/python3.10/site-packages/airflow/example_dags/example_xcom.py
[2024-01-30T16:55:31.025+0100] {processor.py:830} INFO - Processing file /home/ubuntu/.local/lib/python3.10/site-packages/airflow/example_dags/example_xcom.py for tasks to queue
[2024-01-30T16:55:31.028+0100] {logging_mixin.py:188} INFO - [2024-01-30T16:55:31.026+0100] {dagbag.py:538} INFO - Filling up the DagBag from /home/ubuntu/.local/lib/python3.10/site-packages/airflow/example_dags/example_xcom.py
[2024-01-30T16:55:31.052+0100] {processor.py:840} INFO - DAG(s) 'example_xcom' retrieved from /home/ubuntu/.local/lib/python3.10/site-packages/airflow/example_dags/example_xcom.py
[2024-01-30T16:55:31.105+0100] {logging_mixin.py:188} INFO - [2024-01-30T16:55:31.105+0100] {dag.py:3033} INFO - Sync 1 DAGs
[2024-01-30T16:55:31.175+0100] {logging_mixin.py:188} INFO - [2024-01-30T16:55:31.175+0100] {dag.py:3820} INFO - Setting next_dagrun for example_xcom to 2021-01-01T00:00:00+00:00, run_after=2021-01-01T00:00:00+00:00
[2024-01-30T16:55:31.271+0100] {processor.py:183} INFO - Processing /home/ubuntu/.local/lib/python3.10/site-packages/airflow/example_dags/example_xcom.py took 0.255 seconds
[2024-01-30T16:56:20.909+0100] {processor.py:161} INFO - Started process (PID=5723) to work on /home/ubuntu/.local/lib/python3.10/site-packages/airflow/example_dags/example_xcom.py
[2024-01-30T16:56:20.913+0100] {processor.py:830} INFO - Processing file /home/ubuntu/.local/lib/python3.10/site-packages/airflow/example_dags/example_xcom.py for tasks to queue
[2024-01-30T16:56:20.915+0100] {logging_mixin.py:188} INFO - [2024-01-30T16:56:20.914+0100] {dagbag.py:538} INFO - Filling up the DagBag from /home/ubuntu/.local/lib/python3.10/site-packages/airflow/example_dags/example_xcom.py
[2024-01-30T16:56:20.938+0100] {processor.py:840} INFO - DAG(s) 'example_xcom' retrieved from /home/ubuntu/.local/lib/python3.10/site-packages/airflow/example_dags/example_xcom.py
[2024-01-30T16:56:20.987+0100] {logging_mixin.py:188} INFO - [2024-01-30T16:56:20.986+0100] {dag.py:3033} INFO - Sync 1 DAGs
[2024-01-30T16:56:21.077+0100] {logging_mixin.py:188} INFO - [2024-01-30T16:56:21.077+0100] {dag.py:3820} INFO - Setting next_dagrun for example_xcom to 2021-01-01T00:00:00+00:00, run_after=2021-01-01T00:00:00+00:00
[2024-01-30T16:56:21.158+0100] {processor.py:183} INFO - Processing /home/ubuntu/.local/lib/python3.10/site-packages/airflow/example_dags/example_xcom.py took 0.258 seconds
[2024-01-30T16:57:47.816+0100] {processor.py:161} INFO - Started process (PID=5798) to work on /home/ubuntu/.local/lib/python3.10/site-packages/airflow/example_dags/example_xcom.py
[2024-01-30T16:57:47.823+0100] {processor.py:830} INFO - Processing file /home/ubuntu/.local/lib/python3.10/site-packages/airflow/example_dags/example_xcom.py for tasks to queue
[2024-01-30T16:57:47.825+0100] {logging_mixin.py:188} INFO - [2024-01-30T16:57:47.824+0100] {dagbag.py:538} INFO - Filling up the DagBag from /home/ubuntu/.local/lib/python3.10/site-packages/airflow/example_dags/example_xcom.py
[2024-01-30T16:57:47.850+0100] {processor.py:840} INFO - DAG(s) 'example_xcom' retrieved from /home/ubuntu/.local/lib/python3.10/site-packages/airflow/example_dags/example_xcom.py
[2024-01-30T16:57:47.908+0100] {logging_mixin.py:188} INFO - [2024-01-30T16:57:47.908+0100] {dag.py:3033} INFO - Sync 1 DAGs
[2024-01-30T16:57:47.958+0100] {logging_mixin.py:188} INFO - [2024-01-30T16:57:47.957+0100] {dag.py:3820} INFO - Setting next_dagrun for example_xcom to 2021-01-01T00:00:00+00:00, run_after=2021-01-01T00:00:00+00:00
[2024-01-30T16:57:48.051+0100] {processor.py:183} INFO - Processing /home/ubuntu/.local/lib/python3.10/site-packages/airflow/example_dags/example_xcom.py took 0.243 seconds
[2024-01-30T16:58:55.748+0100] {processor.py:161} INFO - Started process (PID=5869) to work on /home/ubuntu/.local/lib/python3.10/site-packages/airflow/example_dags/example_xcom.py
[2024-01-30T16:58:55.751+0100] {processor.py:830} INFO - Processing file /home/ubuntu/.local/lib/python3.10/site-packages/airflow/example_dags/example_xcom.py for tasks to queue
[2024-01-30T16:58:55.754+0100] {logging_mixin.py:188} INFO - [2024-01-30T16:58:55.753+0100] {dagbag.py:538} INFO - Filling up the DagBag from /home/ubuntu/.local/lib/python3.10/site-packages/airflow/example_dags/example_xcom.py
[2024-01-30T16:58:55.767+0100] {processor.py:840} INFO - DAG(s) 'example_xcom' retrieved from /home/ubuntu/.local/lib/python3.10/site-packages/airflow/example_dags/example_xcom.py
[2024-01-30T16:58:55.794+0100] {logging_mixin.py:188} INFO - [2024-01-30T16:58:55.794+0100] {dag.py:3033} INFO - Sync 1 DAGs
[2024-01-30T16:58:55.819+0100] {logging_mixin.py:188} INFO - [2024-01-30T16:58:55.818+0100] {dag.py:3820} INFO - Setting next_dagrun for example_xcom to 2021-01-01T00:00:00+00:00, run_after=2021-01-01T00:00:00+00:00
[2024-01-30T16:58:55.876+0100] {processor.py:183} INFO - Processing /home/ubuntu/.local/lib/python3.10/site-packages/airflow/example_dags/example_xcom.py took 0.135 seconds
[2024-01-30T17:00:39.953+0100] {processor.py:161} INFO - Started process (PID=6071) to work on /home/ubuntu/.local/lib/python3.10/site-packages/airflow/example_dags/example_xcom.py
[2024-01-30T17:00:39.966+0100] {processor.py:830} INFO - Processing file /home/ubuntu/.local/lib/python3.10/site-packages/airflow/example_dags/example_xcom.py for tasks to queue
[2024-01-30T17:00:39.968+0100] {logging_mixin.py:188} INFO - [2024-01-30T17:00:39.967+0100] {dagbag.py:538} INFO - Filling up the DagBag from /home/ubuntu/.local/lib/python3.10/site-packages/airflow/example_dags/example_xcom.py
[2024-01-30T17:00:40.009+0100] {processor.py:840} INFO - DAG(s) 'example_xcom' retrieved from /home/ubuntu/.local/lib/python3.10/site-packages/airflow/example_dags/example_xcom.py
[2024-01-30T17:00:40.039+0100] {logging_mixin.py:188} INFO - [2024-01-30T17:00:40.038+0100] {dag.py:3033} INFO - Sync 1 DAGs
[2024-01-30T17:00:40.082+0100] {logging_mixin.py:188} INFO - [2024-01-30T17:00:40.082+0100] {dag.py:3820} INFO - Setting next_dagrun for example_xcom to 2021-01-01T00:00:00+00:00, run_after=2021-01-01T00:00:00+00:00
[2024-01-30T17:00:40.179+0100] {processor.py:183} INFO - Processing /home/ubuntu/.local/lib/python3.10/site-packages/airflow/example_dags/example_xcom.py took 0.250 seconds
[2024-01-30T17:01:44.727+0100] {processor.py:161} INFO - Started process (PID=6124) to work on /home/ubuntu/.local/lib/python3.10/site-packages/airflow/example_dags/example_xcom.py
[2024-01-30T17:01:44.730+0100] {processor.py:830} INFO - Processing file /home/ubuntu/.local/lib/python3.10/site-packages/airflow/example_dags/example_xcom.py for tasks to queue
[2024-01-30T17:01:44.733+0100] {logging_mixin.py:188} INFO - [2024-01-30T17:01:44.732+0100] {dagbag.py:538} INFO - Filling up the DagBag from /home/ubuntu/.local/lib/python3.10/site-packages/airflow/example_dags/example_xcom.py
[2024-01-30T17:01:44.767+0100] {processor.py:840} INFO - DAG(s) 'example_xcom' retrieved from /home/ubuntu/.local/lib/python3.10/site-packages/airflow/example_dags/example_xcom.py
[2024-01-30T17:01:44.803+0100] {logging_mixin.py:188} INFO - [2024-01-30T17:01:44.802+0100] {dag.py:3033} INFO - Sync 1 DAGs
[2024-01-30T17:01:44.858+0100] {logging_mixin.py:188} INFO - [2024-01-30T17:01:44.857+0100] {dag.py:3820} INFO - Setting next_dagrun for example_xcom to 2021-01-01T00:00:00+00:00, run_after=2021-01-01T00:00:00+00:00
[2024-01-30T17:01:44.986+0100] {processor.py:183} INFO - Processing /home/ubuntu/.local/lib/python3.10/site-packages/airflow/example_dags/example_xcom.py took 0.264 seconds
[2024-01-30T17:02:27.468+0100] {processor.py:161} INFO - Started process (PID=6166) to work on /home/ubuntu/.local/lib/python3.10/site-packages/airflow/example_dags/example_xcom.py
[2024-01-30T17:02:27.488+0100] {processor.py:830} INFO - Processing file /home/ubuntu/.local/lib/python3.10/site-packages/airflow/example_dags/example_xcom.py for tasks to queue
[2024-01-30T17:02:27.496+0100] {logging_mixin.py:188} INFO - [2024-01-30T17:02:27.495+0100] {dagbag.py:538} INFO - Filling up the DagBag from /home/ubuntu/.local/lib/python3.10/site-packages/airflow/example_dags/example_xcom.py
[2024-01-30T17:02:27.508+0100] {processor.py:840} INFO - DAG(s) 'example_xcom' retrieved from /home/ubuntu/.local/lib/python3.10/site-packages/airflow/example_dags/example_xcom.py
[2024-01-30T17:02:27.547+0100] {logging_mixin.py:188} INFO - [2024-01-30T17:02:27.547+0100] {dag.py:3033} INFO - Sync 1 DAGs
[2024-01-30T17:02:27.639+0100] {logging_mixin.py:188} INFO - [2024-01-30T17:02:27.638+0100] {dag.py:3820} INFO - Setting next_dagrun for example_xcom to 2021-01-01T00:00:00+00:00, run_after=2021-01-01T00:00:00+00:00
[2024-01-30T17:02:27.762+0100] {processor.py:183} INFO - Processing /home/ubuntu/.local/lib/python3.10/site-packages/airflow/example_dags/example_xcom.py took 0.299 seconds
[2024-01-30T17:03:41.498+0100] {processor.py:161} INFO - Started process (PID=6236) to work on /home/ubuntu/.local/lib/python3.10/site-packages/airflow/example_dags/example_xcom.py
[2024-01-30T17:03:41.509+0100] {processor.py:830} INFO - Processing file /home/ubuntu/.local/lib/python3.10/site-packages/airflow/example_dags/example_xcom.py for tasks to queue
[2024-01-30T17:03:41.511+0100] {logging_mixin.py:188} INFO - [2024-01-30T17:03:41.510+0100] {dagbag.py:538} INFO - Filling up the DagBag from /home/ubuntu/.local/lib/python3.10/site-packages/airflow/example_dags/example_xcom.py
[2024-01-30T17:03:41.528+0100] {processor.py:840} INFO - DAG(s) 'example_xcom' retrieved from /home/ubuntu/.local/lib/python3.10/site-packages/airflow/example_dags/example_xcom.py
[2024-01-30T17:03:41.576+0100] {logging_mixin.py:188} INFO - [2024-01-30T17:03:41.575+0100] {dag.py:3033} INFO - Sync 1 DAGs
[2024-01-30T17:03:41.610+0100] {logging_mixin.py:188} INFO - [2024-01-30T17:03:41.609+0100] {dag.py:3820} INFO - Setting next_dagrun for example_xcom to 2021-01-01T00:00:00+00:00, run_after=2021-01-01T00:00:00+00:00
[2024-01-30T17:03:41.734+0100] {processor.py:183} INFO - Processing /home/ubuntu/.local/lib/python3.10/site-packages/airflow/example_dags/example_xcom.py took 0.265 seconds
[2024-01-30T17:04:58.814+0100] {processor.py:161} INFO - Started process (PID=6304) to work on /home/ubuntu/.local/lib/python3.10/site-packages/airflow/example_dags/example_xcom.py
[2024-01-30T17:04:58.828+0100] {processor.py:830} INFO - Processing file /home/ubuntu/.local/lib/python3.10/site-packages/airflow/example_dags/example_xcom.py for tasks to queue
[2024-01-30T17:04:58.832+0100] {logging_mixin.py:188} INFO - [2024-01-30T17:04:58.831+0100] {dagbag.py:538} INFO - Filling up the DagBag from /home/ubuntu/.local/lib/python3.10/site-packages/airflow/example_dags/example_xcom.py
[2024-01-30T17:04:58.869+0100] {processor.py:840} INFO - DAG(s) 'example_xcom' retrieved from /home/ubuntu/.local/lib/python3.10/site-packages/airflow/example_dags/example_xcom.py
[2024-01-30T17:04:58.897+0100] {logging_mixin.py:188} INFO - [2024-01-30T17:04:58.896+0100] {dag.py:3033} INFO - Sync 1 DAGs
[2024-01-30T17:04:58.984+0100] {logging_mixin.py:188} INFO - [2024-01-30T17:04:58.976+0100] {dag.py:3820} INFO - Setting next_dagrun for example_xcom to 2021-01-01T00:00:00+00:00, run_after=2021-01-01T00:00:00+00:00
[2024-01-30T17:04:59.312+0100] {processor.py:183} INFO - Processing /home/ubuntu/.local/lib/python3.10/site-packages/airflow/example_dags/example_xcom.py took 0.511 seconds
[2024-01-30T17:06:20.219+0100] {processor.py:161} INFO - Started process (PID=6372) to work on /home/ubuntu/.local/lib/python3.10/site-packages/airflow/example_dags/example_xcom.py
[2024-01-30T17:06:20.222+0100] {processor.py:830} INFO - Processing file /home/ubuntu/.local/lib/python3.10/site-packages/airflow/example_dags/example_xcom.py for tasks to queue
[2024-01-30T17:06:20.223+0100] {logging_mixin.py:188} INFO - [2024-01-30T17:06:20.223+0100] {dagbag.py:538} INFO - Filling up the DagBag from /home/ubuntu/.local/lib/python3.10/site-packages/airflow/example_dags/example_xcom.py
[2024-01-30T17:06:20.240+0100] {processor.py:840} INFO - DAG(s) 'example_xcom' retrieved from /home/ubuntu/.local/lib/python3.10/site-packages/airflow/example_dags/example_xcom.py
[2024-01-30T17:06:20.300+0100] {logging_mixin.py:188} INFO - [2024-01-30T17:06:20.299+0100] {dag.py:3033} INFO - Sync 1 DAGs
[2024-01-30T17:06:20.333+0100] {logging_mixin.py:188} INFO - [2024-01-30T17:06:20.333+0100] {dag.py:3820} INFO - Setting next_dagrun for example_xcom to 2021-01-01T00:00:00+00:00, run_after=2021-01-01T00:00:00+00:00
[2024-01-30T17:06:20.481+0100] {processor.py:183} INFO - Processing /home/ubuntu/.local/lib/python3.10/site-packages/airflow/example_dags/example_xcom.py took 0.272 seconds
[2024-01-30T17:07:40.277+0100] {processor.py:161} INFO - Started process (PID=6443) to work on /home/ubuntu/.local/lib/python3.10/site-packages/airflow/example_dags/example_xcom.py
[2024-01-30T17:07:40.280+0100] {processor.py:830} INFO - Processing file /home/ubuntu/.local/lib/python3.10/site-packages/airflow/example_dags/example_xcom.py for tasks to queue
[2024-01-30T17:07:40.314+0100] {logging_mixin.py:188} INFO - [2024-01-30T17:07:40.308+0100] {dagbag.py:538} INFO - Filling up the DagBag from /home/ubuntu/.local/lib/python3.10/site-packages/airflow/example_dags/example_xcom.py
[2024-01-30T17:07:40.356+0100] {processor.py:840} INFO - DAG(s) 'example_xcom' retrieved from /home/ubuntu/.local/lib/python3.10/site-packages/airflow/example_dags/example_xcom.py
[2024-01-30T17:07:40.406+0100] {logging_mixin.py:188} INFO - [2024-01-30T17:07:40.406+0100] {dag.py:3033} INFO - Sync 1 DAGs
[2024-01-30T17:07:40.864+0100] {logging_mixin.py:188} INFO - [2024-01-30T17:07:40.864+0100] {dag.py:3820} INFO - Setting next_dagrun for example_xcom to 2021-01-01T00:00:00+00:00, run_after=2021-01-01T00:00:00+00:00
[2024-01-30T17:07:41.043+0100] {processor.py:183} INFO - Processing /home/ubuntu/.local/lib/python3.10/site-packages/airflow/example_dags/example_xcom.py took 0.777 seconds
