[2024-01-30T13:51:29.827+0100] {processor.py:161} INFO - Started process (PID=6188) to work on /home/ubuntu/.local/lib/python3.10/site-packages/airflow/example_dags/example_latest_only_with_trigger.py
[2024-01-30T13:51:29.829+0100] {processor.py:830} INFO - Processing file /home/ubuntu/.local/lib/python3.10/site-packages/airflow/example_dags/example_latest_only_with_trigger.py for tasks to queue
[2024-01-30T13:51:29.830+0100] {logging_mixin.py:188} INFO - [2024-01-30T13:51:29.829+0100] {dagbag.py:538} INFO - Filling up the DagBag from /home/ubuntu/.local/lib/python3.10/site-packages/airflow/example_dags/example_latest_only_with_trigger.py
[2024-01-30T13:51:29.840+0100] {processor.py:840} INFO - DAG(s) 'latest_only_with_trigger' retrieved from /home/ubuntu/.local/lib/python3.10/site-packages/airflow/example_dags/example_latest_only_with_trigger.py
[2024-01-30T13:51:29.957+0100] {logging_mixin.py:188} INFO - [2024-01-30T13:51:29.956+0100] {dag.py:3033} INFO - Sync 1 DAGs
[2024-01-30T13:51:29.977+0100] {logging_mixin.py:188} INFO - [2024-01-30T13:51:29.977+0100] {dag.py:3820} INFO - Setting next_dagrun for latest_only_with_trigger to 2024-01-30T08:00:00+00:00, run_after=2024-01-30T12:00:00+00:00
[2024-01-30T13:51:30.043+0100] {processor.py:183} INFO - Processing /home/ubuntu/.local/lib/python3.10/site-packages/airflow/example_dags/example_latest_only_with_trigger.py took 0.221 seconds
[2024-01-30T13:52:56.168+0100] {processor.py:161} INFO - Started process (PID=6277) to work on /home/ubuntu/.local/lib/python3.10/site-packages/airflow/example_dags/example_latest_only_with_trigger.py
[2024-01-30T13:52:56.173+0100] {processor.py:830} INFO - Processing file /home/ubuntu/.local/lib/python3.10/site-packages/airflow/example_dags/example_latest_only_with_trigger.py for tasks to queue
[2024-01-30T13:52:56.175+0100] {logging_mixin.py:188} INFO - [2024-01-30T13:52:56.174+0100] {dagbag.py:538} INFO - Filling up the DagBag from /home/ubuntu/.local/lib/python3.10/site-packages/airflow/example_dags/example_latest_only_with_trigger.py
[2024-01-30T13:52:56.186+0100] {processor.py:840} INFO - DAG(s) 'latest_only_with_trigger' retrieved from /home/ubuntu/.local/lib/python3.10/site-packages/airflow/example_dags/example_latest_only_with_trigger.py
[2024-01-30T13:52:56.209+0100] {logging_mixin.py:188} INFO - [2024-01-30T13:52:56.209+0100] {dag.py:3033} INFO - Sync 1 DAGs
[2024-01-30T13:52:56.231+0100] {logging_mixin.py:188} INFO - [2024-01-30T13:52:56.231+0100] {dag.py:3820} INFO - Setting next_dagrun for latest_only_with_trigger to 2024-01-30T08:00:00+00:00, run_after=2024-01-30T12:00:00+00:00
[2024-01-30T13:52:56.275+0100] {processor.py:183} INFO - Processing /home/ubuntu/.local/lib/python3.10/site-packages/airflow/example_dags/example_latest_only_with_trigger.py took 0.111 seconds
[2024-01-30T15:53:50.150+0100] {processor.py:161} INFO - Started process (PID=6391) to work on /home/ubuntu/.local/lib/python3.10/site-packages/airflow/example_dags/example_latest_only_with_trigger.py
[2024-01-30T15:53:50.153+0100] {processor.py:830} INFO - Processing file /home/ubuntu/.local/lib/python3.10/site-packages/airflow/example_dags/example_latest_only_with_trigger.py for tasks to queue
[2024-01-30T15:53:50.156+0100] {logging_mixin.py:188} INFO - [2024-01-30T15:53:50.155+0100] {dagbag.py:538} INFO - Filling up the DagBag from /home/ubuntu/.local/lib/python3.10/site-packages/airflow/example_dags/example_latest_only_with_trigger.py
[2024-01-30T15:53:50.191+0100] {processor.py:840} INFO - DAG(s) 'latest_only_with_trigger' retrieved from /home/ubuntu/.local/lib/python3.10/site-packages/airflow/example_dags/example_latest_only_with_trigger.py
[2024-01-30T15:53:50.214+0100] {logging_mixin.py:188} INFO - [2024-01-30T15:53:50.214+0100] {dag.py:3033} INFO - Sync 1 DAGs
[2024-01-30T15:53:50.242+0100] {logging_mixin.py:188} INFO - [2024-01-30T15:53:50.242+0100] {dag.py:3820} INFO - Setting next_dagrun for latest_only_with_trigger to 2024-01-30T08:00:00+00:00, run_after=2024-01-30T12:00:00+00:00
[2024-01-30T15:53:50.277+0100] {processor.py:183} INFO - Processing /home/ubuntu/.local/lib/python3.10/site-packages/airflow/example_dags/example_latest_only_with_trigger.py took 0.134 seconds
[2024-01-30T15:54:54.014+0100] {processor.py:161} INFO - Started process (PID=6469) to work on /home/ubuntu/.local/lib/python3.10/site-packages/airflow/example_dags/example_latest_only_with_trigger.py
[2024-01-30T15:54:54.017+0100] {processor.py:830} INFO - Processing file /home/ubuntu/.local/lib/python3.10/site-packages/airflow/example_dags/example_latest_only_with_trigger.py for tasks to queue
[2024-01-30T15:54:54.019+0100] {logging_mixin.py:188} INFO - [2024-01-30T15:54:54.018+0100] {dagbag.py:538} INFO - Filling up the DagBag from /home/ubuntu/.local/lib/python3.10/site-packages/airflow/example_dags/example_latest_only_with_trigger.py
[2024-01-30T15:54:54.032+0100] {processor.py:840} INFO - DAG(s) 'latest_only_with_trigger' retrieved from /home/ubuntu/.local/lib/python3.10/site-packages/airflow/example_dags/example_latest_only_with_trigger.py
[2024-01-30T15:54:54.053+0100] {logging_mixin.py:188} INFO - [2024-01-30T15:54:54.053+0100] {dag.py:3033} INFO - Sync 1 DAGs
[2024-01-30T15:54:54.086+0100] {logging_mixin.py:188} INFO - [2024-01-30T15:54:54.085+0100] {dag.py:3820} INFO - Setting next_dagrun for latest_only_with_trigger to 2024-01-30T08:00:00+00:00, run_after=2024-01-30T12:00:00+00:00
[2024-01-30T15:54:54.127+0100] {processor.py:183} INFO - Processing /home/ubuntu/.local/lib/python3.10/site-packages/airflow/example_dags/example_latest_only_with_trigger.py took 0.118 seconds
[2024-01-30T15:55:54.374+0100] {processor.py:161} INFO - Started process (PID=6530) to work on /home/ubuntu/.local/lib/python3.10/site-packages/airflow/example_dags/example_latest_only_with_trigger.py
[2024-01-30T15:55:54.376+0100] {processor.py:830} INFO - Processing file /home/ubuntu/.local/lib/python3.10/site-packages/airflow/example_dags/example_latest_only_with_trigger.py for tasks to queue
[2024-01-30T15:55:54.378+0100] {logging_mixin.py:188} INFO - [2024-01-30T15:55:54.377+0100] {dagbag.py:538} INFO - Filling up the DagBag from /home/ubuntu/.local/lib/python3.10/site-packages/airflow/example_dags/example_latest_only_with_trigger.py
[2024-01-30T15:55:54.389+0100] {processor.py:840} INFO - DAG(s) 'latest_only_with_trigger' retrieved from /home/ubuntu/.local/lib/python3.10/site-packages/airflow/example_dags/example_latest_only_with_trigger.py
[2024-01-30T15:55:54.414+0100] {logging_mixin.py:188} INFO - [2024-01-30T15:55:54.414+0100] {dag.py:3033} INFO - Sync 1 DAGs
[2024-01-30T15:55:54.441+0100] {logging_mixin.py:188} INFO - [2024-01-30T15:55:54.440+0100] {dag.py:3820} INFO - Setting next_dagrun for latest_only_with_trigger to 2024-01-30T08:00:00+00:00, run_after=2024-01-30T12:00:00+00:00
[2024-01-30T15:55:54.480+0100] {processor.py:183} INFO - Processing /home/ubuntu/.local/lib/python3.10/site-packages/airflow/example_dags/example_latest_only_with_trigger.py took 0.111 seconds
[2024-01-30T15:56:56.462+0100] {processor.py:161} INFO - Started process (PID=6596) to work on /home/ubuntu/.local/lib/python3.10/site-packages/airflow/example_dags/example_latest_only_with_trigger.py
[2024-01-30T15:56:56.468+0100] {processor.py:830} INFO - Processing file /home/ubuntu/.local/lib/python3.10/site-packages/airflow/example_dags/example_latest_only_with_trigger.py for tasks to queue
[2024-01-30T15:56:56.470+0100] {logging_mixin.py:188} INFO - [2024-01-30T15:56:56.469+0100] {dagbag.py:538} INFO - Filling up the DagBag from /home/ubuntu/.local/lib/python3.10/site-packages/airflow/example_dags/example_latest_only_with_trigger.py
[2024-01-30T15:56:56.493+0100] {processor.py:840} INFO - DAG(s) 'latest_only_with_trigger' retrieved from /home/ubuntu/.local/lib/python3.10/site-packages/airflow/example_dags/example_latest_only_with_trigger.py
[2024-01-30T15:56:56.537+0100] {logging_mixin.py:188} INFO - [2024-01-30T15:56:56.537+0100] {dag.py:3033} INFO - Sync 1 DAGs
[2024-01-30T15:56:56.599+0100] {logging_mixin.py:188} INFO - [2024-01-30T15:56:56.599+0100] {dag.py:3820} INFO - Setting next_dagrun for latest_only_with_trigger to 2024-01-30T08:00:00+00:00, run_after=2024-01-30T12:00:00+00:00
[2024-01-30T15:56:56.701+0100] {processor.py:183} INFO - Processing /home/ubuntu/.local/lib/python3.10/site-packages/airflow/example_dags/example_latest_only_with_trigger.py took 0.244 seconds
[2024-01-30T15:59:57.279+0100] {processor.py:161} INFO - Started process (PID=8213) to work on /home/ubuntu/.local/lib/python3.10/site-packages/airflow/example_dags/example_latest_only_with_trigger.py
[2024-01-30T15:59:57.283+0100] {processor.py:830} INFO - Processing file /home/ubuntu/.local/lib/python3.10/site-packages/airflow/example_dags/example_latest_only_with_trigger.py for tasks to queue
[2024-01-30T15:59:57.296+0100] {logging_mixin.py:188} INFO - [2024-01-30T15:59:57.285+0100] {dagbag.py:538} INFO - Filling up the DagBag from /home/ubuntu/.local/lib/python3.10/site-packages/airflow/example_dags/example_latest_only_with_trigger.py
[2024-01-30T15:59:57.389+0100] {processor.py:840} INFO - DAG(s) 'latest_only_with_trigger' retrieved from /home/ubuntu/.local/lib/python3.10/site-packages/airflow/example_dags/example_latest_only_with_trigger.py
[2024-01-30T15:59:57.478+0100] {logging_mixin.py:188} INFO - [2024-01-30T15:59:57.477+0100] {dag.py:3033} INFO - Sync 1 DAGs
[2024-01-30T15:59:57.580+0100] {logging_mixin.py:188} INFO - [2024-01-30T15:59:57.580+0100] {dag.py:3820} INFO - Setting next_dagrun for latest_only_with_trigger to 2024-01-30T08:00:00+00:00, run_after=2024-01-30T12:00:00+00:00
[2024-01-30T15:59:57.789+0100] {processor.py:183} INFO - Processing /home/ubuntu/.local/lib/python3.10/site-packages/airflow/example_dags/example_latest_only_with_trigger.py took 0.532 seconds
[2024-01-30T16:02:11.447+0100] {processor.py:161} INFO - Started process (PID=8413) to work on /home/ubuntu/.local/lib/python3.10/site-packages/airflow/example_dags/example_latest_only_with_trigger.py
[2024-01-30T16:02:11.451+0100] {processor.py:830} INFO - Processing file /home/ubuntu/.local/lib/python3.10/site-packages/airflow/example_dags/example_latest_only_with_trigger.py for tasks to queue
[2024-01-30T16:02:11.452+0100] {logging_mixin.py:188} INFO - [2024-01-30T16:02:11.452+0100] {dagbag.py:538} INFO - Filling up the DagBag from /home/ubuntu/.local/lib/python3.10/site-packages/airflow/example_dags/example_latest_only_with_trigger.py
[2024-01-30T16:02:11.482+0100] {processor.py:840} INFO - DAG(s) 'latest_only_with_trigger' retrieved from /home/ubuntu/.local/lib/python3.10/site-packages/airflow/example_dags/example_latest_only_with_trigger.py
[2024-01-30T16:02:11.509+0100] {logging_mixin.py:188} INFO - [2024-01-30T16:02:11.509+0100] {dag.py:3033} INFO - Sync 1 DAGs
[2024-01-30T16:02:11.535+0100] {logging_mixin.py:188} INFO - [2024-01-30T16:02:11.535+0100] {dag.py:3820} INFO - Setting next_dagrun for latest_only_with_trigger to 2024-01-30T08:00:00+00:00, run_after=2024-01-30T12:00:00+00:00
[2024-01-30T16:02:11.578+0100] {processor.py:183} INFO - Processing /home/ubuntu/.local/lib/python3.10/site-packages/airflow/example_dags/example_latest_only_with_trigger.py took 0.137 seconds
[2024-01-30T16:08:23.570+0100] {processor.py:161} INFO - Started process (PID=9450) to work on /home/ubuntu/.local/lib/python3.10/site-packages/airflow/example_dags/example_latest_only_with_trigger.py
[2024-01-30T16:08:23.573+0100] {processor.py:830} INFO - Processing file /home/ubuntu/.local/lib/python3.10/site-packages/airflow/example_dags/example_latest_only_with_trigger.py for tasks to queue
[2024-01-30T16:08:23.575+0100] {logging_mixin.py:188} INFO - [2024-01-30T16:08:23.574+0100] {dagbag.py:538} INFO - Filling up the DagBag from /home/ubuntu/.local/lib/python3.10/site-packages/airflow/example_dags/example_latest_only_with_trigger.py
[2024-01-30T16:08:23.597+0100] {processor.py:840} INFO - DAG(s) 'latest_only_with_trigger' retrieved from /home/ubuntu/.local/lib/python3.10/site-packages/airflow/example_dags/example_latest_only_with_trigger.py
[2024-01-30T16:08:23.658+0100] {logging_mixin.py:188} INFO - [2024-01-30T16:08:23.657+0100] {dag.py:3033} INFO - Sync 1 DAGs
[2024-01-30T16:08:23.725+0100] {logging_mixin.py:188} INFO - [2024-01-30T16:08:23.725+0100] {dag.py:3820} INFO - Setting next_dagrun for latest_only_with_trigger to 2024-01-30T08:00:00+00:00, run_after=2024-01-30T12:00:00+00:00
[2024-01-30T16:08:23.858+0100] {processor.py:183} INFO - Processing /home/ubuntu/.local/lib/python3.10/site-packages/airflow/example_dags/example_latest_only_with_trigger.py took 0.297 seconds
[2024-01-30T16:18:50.750+0100] {processor.py:161} INFO - Started process (PID=5672) to work on /home/ubuntu/.local/lib/python3.10/site-packages/airflow/example_dags/example_latest_only_with_trigger.py
[2024-01-30T16:18:50.760+0100] {processor.py:830} INFO - Processing file /home/ubuntu/.local/lib/python3.10/site-packages/airflow/example_dags/example_latest_only_with_trigger.py for tasks to queue
[2024-01-30T16:18:50.781+0100] {logging_mixin.py:188} INFO - [2024-01-30T16:18:50.772+0100] {dagbag.py:538} INFO - Filling up the DagBag from /home/ubuntu/.local/lib/python3.10/site-packages/airflow/example_dags/example_latest_only_with_trigger.py
[2024-01-30T16:18:50.810+0100] {processor.py:840} INFO - DAG(s) 'latest_only_with_trigger' retrieved from /home/ubuntu/.local/lib/python3.10/site-packages/airflow/example_dags/example_latest_only_with_trigger.py
[2024-01-30T16:18:51.223+0100] {logging_mixin.py:188} INFO - [2024-01-30T16:18:51.223+0100] {dag.py:3033} INFO - Sync 1 DAGs
[2024-01-30T16:18:51.257+0100] {logging_mixin.py:188} INFO - [2024-01-30T16:18:51.257+0100] {dag.py:3820} INFO - Setting next_dagrun for latest_only_with_trigger to 2024-01-30T08:00:00+00:00, run_after=2024-01-30T12:00:00+00:00
[2024-01-30T16:18:51.339+0100] {processor.py:183} INFO - Processing /home/ubuntu/.local/lib/python3.10/site-packages/airflow/example_dags/example_latest_only_with_trigger.py took 0.600 seconds
[2024-01-30T16:21:58.964+0100] {processor.py:161} INFO - Started process (PID=6231) to work on /home/ubuntu/.local/lib/python3.10/site-packages/airflow/example_dags/example_latest_only_with_trigger.py
[2024-01-30T16:21:58.967+0100] {processor.py:830} INFO - Processing file /home/ubuntu/.local/lib/python3.10/site-packages/airflow/example_dags/example_latest_only_with_trigger.py for tasks to queue
[2024-01-30T16:21:58.968+0100] {logging_mixin.py:188} INFO - [2024-01-30T16:21:58.968+0100] {dagbag.py:538} INFO - Filling up the DagBag from /home/ubuntu/.local/lib/python3.10/site-packages/airflow/example_dags/example_latest_only_with_trigger.py
[2024-01-30T16:21:58.980+0100] {processor.py:840} INFO - DAG(s) 'latest_only_with_trigger' retrieved from /home/ubuntu/.local/lib/python3.10/site-packages/airflow/example_dags/example_latest_only_with_trigger.py
[2024-01-30T16:21:59.002+0100] {logging_mixin.py:188} INFO - [2024-01-30T16:21:59.002+0100] {dag.py:3033} INFO - Sync 1 DAGs
[2024-01-30T16:21:59.025+0100] {logging_mixin.py:188} INFO - [2024-01-30T16:21:59.025+0100] {dag.py:3820} INFO - Setting next_dagrun for latest_only_with_trigger to 2024-01-30T08:00:00+00:00, run_after=2024-01-30T12:00:00+00:00
[2024-01-30T16:21:59.065+0100] {processor.py:183} INFO - Processing /home/ubuntu/.local/lib/python3.10/site-packages/airflow/example_dags/example_latest_only_with_trigger.py took 0.106 seconds
[2024-01-30T16:25:45.063+0100] {processor.py:161} INFO - Started process (PID=7450) to work on /home/ubuntu/.local/lib/python3.10/site-packages/airflow/example_dags/example_latest_only_with_trigger.py
[2024-01-30T16:25:45.069+0100] {processor.py:830} INFO - Processing file /home/ubuntu/.local/lib/python3.10/site-packages/airflow/example_dags/example_latest_only_with_trigger.py for tasks to queue
[2024-01-30T16:25:45.072+0100] {logging_mixin.py:188} INFO - [2024-01-30T16:25:45.071+0100] {dagbag.py:538} INFO - Filling up the DagBag from /home/ubuntu/.local/lib/python3.10/site-packages/airflow/example_dags/example_latest_only_with_trigger.py
[2024-01-30T16:25:45.098+0100] {processor.py:840} INFO - DAG(s) 'latest_only_with_trigger' retrieved from /home/ubuntu/.local/lib/python3.10/site-packages/airflow/example_dags/example_latest_only_with_trigger.py
[2024-01-30T16:25:45.170+0100] {logging_mixin.py:188} INFO - [2024-01-30T16:25:45.170+0100] {dag.py:3033} INFO - Sync 1 DAGs
[2024-01-30T16:25:45.276+0100] {logging_mixin.py:188} INFO - [2024-01-30T16:25:45.276+0100] {dag.py:3820} INFO - Setting next_dagrun for latest_only_with_trigger to 2024-01-30T08:00:00+00:00, run_after=2024-01-30T12:00:00+00:00
[2024-01-30T16:25:45.390+0100] {processor.py:183} INFO - Processing /home/ubuntu/.local/lib/python3.10/site-packages/airflow/example_dags/example_latest_only_with_trigger.py took 0.334 seconds
[2024-01-30T16:31:12.407+0100] {processor.py:161} INFO - Started process (PID=8574) to work on /home/ubuntu/.local/lib/python3.10/site-packages/airflow/example_dags/example_latest_only_with_trigger.py
[2024-01-30T16:31:12.420+0100] {processor.py:830} INFO - Processing file /home/ubuntu/.local/lib/python3.10/site-packages/airflow/example_dags/example_latest_only_with_trigger.py for tasks to queue
[2024-01-30T16:31:12.422+0100] {logging_mixin.py:188} INFO - [2024-01-30T16:31:12.421+0100] {dagbag.py:538} INFO - Filling up the DagBag from /home/ubuntu/.local/lib/python3.10/site-packages/airflow/example_dags/example_latest_only_with_trigger.py
[2024-01-30T16:31:12.453+0100] {processor.py:840} INFO - DAG(s) 'latest_only_with_trigger' retrieved from /home/ubuntu/.local/lib/python3.10/site-packages/airflow/example_dags/example_latest_only_with_trigger.py
[2024-01-30T16:31:12.570+0100] {logging_mixin.py:188} INFO - [2024-01-30T16:31:12.568+0100] {dag.py:3033} INFO - Sync 1 DAGs
[2024-01-30T16:31:12.937+0100] {logging_mixin.py:188} INFO - [2024-01-30T16:31:12.931+0100] {dag.py:3820} INFO - Setting next_dagrun for latest_only_with_trigger to 2024-01-30T08:00:00+00:00, run_after=2024-01-30T12:00:00+00:00
[2024-01-30T16:31:13.147+0100] {processor.py:183} INFO - Processing /home/ubuntu/.local/lib/python3.10/site-packages/airflow/example_dags/example_latest_only_with_trigger.py took 0.750 seconds
[2024-01-30T16:33:30.222+0100] {processor.py:161} INFO - Started process (PID=9424) to work on /home/ubuntu/.local/lib/python3.10/site-packages/airflow/example_dags/example_latest_only_with_trigger.py
[2024-01-30T16:33:30.227+0100] {processor.py:830} INFO - Processing file /home/ubuntu/.local/lib/python3.10/site-packages/airflow/example_dags/example_latest_only_with_trigger.py for tasks to queue
[2024-01-30T16:33:30.229+0100] {logging_mixin.py:188} INFO - [2024-01-30T16:33:30.228+0100] {dagbag.py:538} INFO - Filling up the DagBag from /home/ubuntu/.local/lib/python3.10/site-packages/airflow/example_dags/example_latest_only_with_trigger.py
[2024-01-30T16:33:30.255+0100] {processor.py:840} INFO - DAG(s) 'latest_only_with_trigger' retrieved from /home/ubuntu/.local/lib/python3.10/site-packages/airflow/example_dags/example_latest_only_with_trigger.py
[2024-01-30T16:33:30.337+0100] {logging_mixin.py:188} INFO - [2024-01-30T16:33:30.336+0100] {dag.py:3033} INFO - Sync 1 DAGs
[2024-01-30T16:33:30.474+0100] {logging_mixin.py:188} INFO - [2024-01-30T16:33:30.465+0100] {dag.py:3820} INFO - Setting next_dagrun for latest_only_with_trigger to 2024-01-30T08:00:00+00:00, run_after=2024-01-30T12:00:00+00:00
[2024-01-30T16:33:30.622+0100] {processor.py:183} INFO - Processing /home/ubuntu/.local/lib/python3.10/site-packages/airflow/example_dags/example_latest_only_with_trigger.py took 0.405 seconds
[2024-01-30T16:50:18.765+0100] {processor.py:161} INFO - Started process (PID=5298) to work on /home/ubuntu/.local/lib/python3.10/site-packages/airflow/example_dags/example_latest_only_with_trigger.py
[2024-01-30T16:50:18.802+0100] {processor.py:830} INFO - Processing file /home/ubuntu/.local/lib/python3.10/site-packages/airflow/example_dags/example_latest_only_with_trigger.py for tasks to queue
[2024-01-30T16:50:18.817+0100] {logging_mixin.py:188} INFO - [2024-01-30T16:50:18.814+0100] {dagbag.py:538} INFO - Filling up the DagBag from /home/ubuntu/.local/lib/python3.10/site-packages/airflow/example_dags/example_latest_only_with_trigger.py
[2024-01-30T16:50:18.867+0100] {processor.py:840} INFO - DAG(s) 'latest_only_with_trigger' retrieved from /home/ubuntu/.local/lib/python3.10/site-packages/airflow/example_dags/example_latest_only_with_trigger.py
[2024-01-30T16:50:19.170+0100] {logging_mixin.py:188} INFO - [2024-01-30T16:50:19.169+0100] {dag.py:3033} INFO - Sync 1 DAGs
[2024-01-30T16:50:19.204+0100] {logging_mixin.py:188} INFO - [2024-01-30T16:50:19.203+0100] {dag.py:3820} INFO - Setting next_dagrun for latest_only_with_trigger to 2024-01-30T08:00:00+00:00, run_after=2024-01-30T12:00:00+00:00
[2024-01-30T16:50:19.295+0100] {processor.py:183} INFO - Processing /home/ubuntu/.local/lib/python3.10/site-packages/airflow/example_dags/example_latest_only_with_trigger.py took 0.538 seconds
[2024-01-30T16:51:42.918+0100] {processor.py:161} INFO - Started process (PID=5369) to work on /home/ubuntu/.local/lib/python3.10/site-packages/airflow/example_dags/example_latest_only_with_trigger.py
[2024-01-30T16:51:42.923+0100] {processor.py:830} INFO - Processing file /home/ubuntu/.local/lib/python3.10/site-packages/airflow/example_dags/example_latest_only_with_trigger.py for tasks to queue
[2024-01-30T16:51:42.925+0100] {logging_mixin.py:188} INFO - [2024-01-30T16:51:42.924+0100] {dagbag.py:538} INFO - Filling up the DagBag from /home/ubuntu/.local/lib/python3.10/site-packages/airflow/example_dags/example_latest_only_with_trigger.py
[2024-01-30T16:51:42.946+0100] {processor.py:840} INFO - DAG(s) 'latest_only_with_trigger' retrieved from /home/ubuntu/.local/lib/python3.10/site-packages/airflow/example_dags/example_latest_only_with_trigger.py
[2024-01-30T16:51:43.002+0100] {logging_mixin.py:188} INFO - [2024-01-30T16:51:43.001+0100] {dag.py:3033} INFO - Sync 1 DAGs
[2024-01-30T16:51:43.101+0100] {logging_mixin.py:188} INFO - [2024-01-30T16:51:43.100+0100] {dag.py:3820} INFO - Setting next_dagrun for latest_only_with_trigger to 2024-01-30T08:00:00+00:00, run_after=2024-01-30T12:00:00+00:00
[2024-01-30T16:51:43.165+0100] {processor.py:183} INFO - Processing /home/ubuntu/.local/lib/python3.10/site-packages/airflow/example_dags/example_latest_only_with_trigger.py took 0.276 seconds
[2024-01-30T16:53:02.934+0100] {processor.py:161} INFO - Started process (PID=5450) to work on /home/ubuntu/.local/lib/python3.10/site-packages/airflow/example_dags/example_latest_only_with_trigger.py
[2024-01-30T16:53:02.936+0100] {processor.py:830} INFO - Processing file /home/ubuntu/.local/lib/python3.10/site-packages/airflow/example_dags/example_latest_only_with_trigger.py for tasks to queue
[2024-01-30T16:53:02.938+0100] {logging_mixin.py:188} INFO - [2024-01-30T16:53:02.937+0100] {dagbag.py:538} INFO - Filling up the DagBag from /home/ubuntu/.local/lib/python3.10/site-packages/airflow/example_dags/example_latest_only_with_trigger.py
[2024-01-30T16:53:02.948+0100] {processor.py:840} INFO - DAG(s) 'latest_only_with_trigger' retrieved from /home/ubuntu/.local/lib/python3.10/site-packages/airflow/example_dags/example_latest_only_with_trigger.py
[2024-01-30T16:53:02.968+0100] {logging_mixin.py:188} INFO - [2024-01-30T16:53:02.967+0100] {dag.py:3033} INFO - Sync 1 DAGs
[2024-01-30T16:53:02.993+0100] {logging_mixin.py:188} INFO - [2024-01-30T16:53:02.993+0100] {dag.py:3820} INFO - Setting next_dagrun for latest_only_with_trigger to 2024-01-30T08:00:00+00:00, run_after=2024-01-30T12:00:00+00:00
[2024-01-30T16:53:03.032+0100] {processor.py:183} INFO - Processing /home/ubuntu/.local/lib/python3.10/site-packages/airflow/example_dags/example_latest_only_with_trigger.py took 0.103 seconds
[2024-01-30T16:55:01.639+0100] {processor.py:161} INFO - Started process (PID=5662) to work on /home/ubuntu/.local/lib/python3.10/site-packages/airflow/example_dags/example_latest_only_with_trigger.py
[2024-01-30T16:55:01.649+0100] {processor.py:830} INFO - Processing file /home/ubuntu/.local/lib/python3.10/site-packages/airflow/example_dags/example_latest_only_with_trigger.py for tasks to queue
[2024-01-30T16:55:01.661+0100] {logging_mixin.py:188} INFO - [2024-01-30T16:55:01.660+0100] {dagbag.py:538} INFO - Filling up the DagBag from /home/ubuntu/.local/lib/python3.10/site-packages/airflow/example_dags/example_latest_only_with_trigger.py
[2024-01-30T16:55:01.711+0100] {processor.py:840} INFO - DAG(s) 'latest_only_with_trigger' retrieved from /home/ubuntu/.local/lib/python3.10/site-packages/airflow/example_dags/example_latest_only_with_trigger.py
[2024-01-30T16:55:01.739+0100] {logging_mixin.py:188} INFO - [2024-01-30T16:55:01.739+0100] {dag.py:3033} INFO - Sync 1 DAGs
[2024-01-30T16:55:01.772+0100] {logging_mixin.py:188} INFO - [2024-01-30T16:55:01.772+0100] {dag.py:3820} INFO - Setting next_dagrun for latest_only_with_trigger to 2024-01-30T08:00:00+00:00, run_after=2024-01-30T12:00:00+00:00
[2024-01-30T16:55:01.848+0100] {processor.py:183} INFO - Processing /home/ubuntu/.local/lib/python3.10/site-packages/airflow/example_dags/example_latest_only_with_trigger.py took 0.218 seconds
[2024-01-30T16:56:36.067+0100] {processor.py:161} INFO - Started process (PID=5737) to work on /home/ubuntu/.local/lib/python3.10/site-packages/airflow/example_dags/example_latest_only_with_trigger.py
[2024-01-30T16:56:36.073+0100] {processor.py:830} INFO - Processing file /home/ubuntu/.local/lib/python3.10/site-packages/airflow/example_dags/example_latest_only_with_trigger.py for tasks to queue
[2024-01-30T16:56:36.077+0100] {logging_mixin.py:188} INFO - [2024-01-30T16:56:36.076+0100] {dagbag.py:538} INFO - Filling up the DagBag from /home/ubuntu/.local/lib/python3.10/site-packages/airflow/example_dags/example_latest_only_with_trigger.py
[2024-01-30T16:56:36.105+0100] {processor.py:840} INFO - DAG(s) 'latest_only_with_trigger' retrieved from /home/ubuntu/.local/lib/python3.10/site-packages/airflow/example_dags/example_latest_only_with_trigger.py
[2024-01-30T16:56:36.139+0100] {logging_mixin.py:188} INFO - [2024-01-30T16:56:36.139+0100] {dag.py:3033} INFO - Sync 1 DAGs
[2024-01-30T16:56:36.192+0100] {logging_mixin.py:188} INFO - [2024-01-30T16:56:36.192+0100] {dag.py:3820} INFO - Setting next_dagrun for latest_only_with_trigger to 2024-01-30T08:00:00+00:00, run_after=2024-01-30T12:00:00+00:00
[2024-01-30T16:56:36.268+0100] {processor.py:183} INFO - Processing /home/ubuntu/.local/lib/python3.10/site-packages/airflow/example_dags/example_latest_only_with_trigger.py took 0.208 seconds
[2024-01-30T16:58:04.371+0100] {processor.py:161} INFO - Started process (PID=5817) to work on /home/ubuntu/.local/lib/python3.10/site-packages/airflow/example_dags/example_latest_only_with_trigger.py
[2024-01-30T16:58:04.376+0100] {processor.py:830} INFO - Processing file /home/ubuntu/.local/lib/python3.10/site-packages/airflow/example_dags/example_latest_only_with_trigger.py for tasks to queue
[2024-01-30T16:58:04.380+0100] {logging_mixin.py:188} INFO - [2024-01-30T16:58:04.378+0100] {dagbag.py:538} INFO - Filling up the DagBag from /home/ubuntu/.local/lib/python3.10/site-packages/airflow/example_dags/example_latest_only_with_trigger.py
[2024-01-30T16:58:04.415+0100] {processor.py:840} INFO - DAG(s) 'latest_only_with_trigger' retrieved from /home/ubuntu/.local/lib/python3.10/site-packages/airflow/example_dags/example_latest_only_with_trigger.py
[2024-01-30T16:58:04.480+0100] {logging_mixin.py:188} INFO - [2024-01-30T16:58:04.479+0100] {dag.py:3033} INFO - Sync 1 DAGs
[2024-01-30T16:58:04.570+0100] {logging_mixin.py:188} INFO - [2024-01-30T16:58:04.570+0100] {dag.py:3820} INFO - Setting next_dagrun for latest_only_with_trigger to 2024-01-30T08:00:00+00:00, run_after=2024-01-30T12:00:00+00:00
[2024-01-30T16:58:04.701+0100] {processor.py:183} INFO - Processing /home/ubuntu/.local/lib/python3.10/site-packages/airflow/example_dags/example_latest_only_with_trigger.py took 0.335 seconds
[2024-01-30T16:59:10.410+0100] {processor.py:161} INFO - Started process (PID=5881) to work on /home/ubuntu/.local/lib/python3.10/site-packages/airflow/example_dags/example_latest_only_with_trigger.py
[2024-01-30T16:59:10.417+0100] {processor.py:830} INFO - Processing file /home/ubuntu/.local/lib/python3.10/site-packages/airflow/example_dags/example_latest_only_with_trigger.py for tasks to queue
[2024-01-30T16:59:10.420+0100] {logging_mixin.py:188} INFO - [2024-01-30T16:59:10.419+0100] {dagbag.py:538} INFO - Filling up the DagBag from /home/ubuntu/.local/lib/python3.10/site-packages/airflow/example_dags/example_latest_only_with_trigger.py
[2024-01-30T16:59:10.433+0100] {processor.py:840} INFO - DAG(s) 'latest_only_with_trigger' retrieved from /home/ubuntu/.local/lib/python3.10/site-packages/airflow/example_dags/example_latest_only_with_trigger.py
[2024-01-30T16:59:10.464+0100] {logging_mixin.py:188} INFO - [2024-01-30T16:59:10.463+0100] {dag.py:3033} INFO - Sync 1 DAGs
[2024-01-30T16:59:10.486+0100] {logging_mixin.py:188} INFO - [2024-01-30T16:59:10.486+0100] {dag.py:3820} INFO - Setting next_dagrun for latest_only_with_trigger to 2024-01-30T08:00:00+00:00, run_after=2024-01-30T12:00:00+00:00
[2024-01-30T16:59:10.525+0100] {processor.py:183} INFO - Processing /home/ubuntu/.local/lib/python3.10/site-packages/airflow/example_dags/example_latest_only_with_trigger.py took 0.121 seconds
[2024-01-30T17:01:17.034+0100] {processor.py:161} INFO - Started process (PID=6105) to work on /home/ubuntu/.local/lib/python3.10/site-packages/airflow/example_dags/example_latest_only_with_trigger.py
[2024-01-30T17:01:17.053+0100] {processor.py:830} INFO - Processing file /home/ubuntu/.local/lib/python3.10/site-packages/airflow/example_dags/example_latest_only_with_trigger.py for tasks to queue
[2024-01-30T17:01:17.056+0100] {logging_mixin.py:188} INFO - [2024-01-30T17:01:17.055+0100] {dagbag.py:538} INFO - Filling up the DagBag from /home/ubuntu/.local/lib/python3.10/site-packages/airflow/example_dags/example_latest_only_with_trigger.py
[2024-01-30T17:01:17.080+0100] {processor.py:840} INFO - DAG(s) 'latest_only_with_trigger' retrieved from /home/ubuntu/.local/lib/python3.10/site-packages/airflow/example_dags/example_latest_only_with_trigger.py
[2024-01-30T17:01:17.110+0100] {logging_mixin.py:188} INFO - [2024-01-30T17:01:17.110+0100] {dag.py:3033} INFO - Sync 1 DAGs
[2024-01-30T17:01:17.257+0100] {logging_mixin.py:188} INFO - [2024-01-30T17:01:17.257+0100] {dag.py:3820} INFO - Setting next_dagrun for latest_only_with_trigger to 2024-01-30T12:00:00+00:00, run_after=2024-01-30T16:00:00+00:00
[2024-01-30T17:01:17.321+0100] {processor.py:183} INFO - Processing /home/ubuntu/.local/lib/python3.10/site-packages/airflow/example_dags/example_latest_only_with_trigger.py took 0.292 seconds
[2024-01-30T17:02:39.495+0100] {processor.py:161} INFO - Started process (PID=6179) to work on /home/ubuntu/.local/lib/python3.10/site-packages/airflow/example_dags/example_latest_only_with_trigger.py
[2024-01-30T17:02:39.500+0100] {processor.py:830} INFO - Processing file /home/ubuntu/.local/lib/python3.10/site-packages/airflow/example_dags/example_latest_only_with_trigger.py for tasks to queue
[2024-01-30T17:02:39.502+0100] {logging_mixin.py:188} INFO - [2024-01-30T17:02:39.502+0100] {dagbag.py:538} INFO - Filling up the DagBag from /home/ubuntu/.local/lib/python3.10/site-packages/airflow/example_dags/example_latest_only_with_trigger.py
[2024-01-30T17:02:39.517+0100] {processor.py:840} INFO - DAG(s) 'latest_only_with_trigger' retrieved from /home/ubuntu/.local/lib/python3.10/site-packages/airflow/example_dags/example_latest_only_with_trigger.py
[2024-01-30T17:02:39.555+0100] {logging_mixin.py:188} INFO - [2024-01-30T17:02:39.554+0100] {dag.py:3033} INFO - Sync 1 DAGs
[2024-01-30T17:02:39.601+0100] {logging_mixin.py:188} INFO - [2024-01-30T17:02:39.601+0100] {dag.py:3820} INFO - Setting next_dagrun for latest_only_with_trigger to 2024-01-30T12:00:00+00:00, run_after=2024-01-30T16:00:00+00:00
[2024-01-30T17:02:39.653+0100] {processor.py:183} INFO - Processing /home/ubuntu/.local/lib/python3.10/site-packages/airflow/example_dags/example_latest_only_with_trigger.py took 0.162 seconds
[2024-01-30T17:03:53.407+0100] {processor.py:161} INFO - Started process (PID=6248) to work on /home/ubuntu/.local/lib/python3.10/site-packages/airflow/example_dags/example_latest_only_with_trigger.py
[2024-01-30T17:03:53.410+0100] {processor.py:830} INFO - Processing file /home/ubuntu/.local/lib/python3.10/site-packages/airflow/example_dags/example_latest_only_with_trigger.py for tasks to queue
[2024-01-30T17:03:53.412+0100] {logging_mixin.py:188} INFO - [2024-01-30T17:03:53.411+0100] {dagbag.py:538} INFO - Filling up the DagBag from /home/ubuntu/.local/lib/python3.10/site-packages/airflow/example_dags/example_latest_only_with_trigger.py
[2024-01-30T17:03:53.442+0100] {processor.py:840} INFO - DAG(s) 'latest_only_with_trigger' retrieved from /home/ubuntu/.local/lib/python3.10/site-packages/airflow/example_dags/example_latest_only_with_trigger.py
[2024-01-30T17:03:53.478+0100] {logging_mixin.py:188} INFO - [2024-01-30T17:03:53.478+0100] {dag.py:3033} INFO - Sync 1 DAGs
[2024-01-30T17:03:53.515+0100] {logging_mixin.py:188} INFO - [2024-01-30T17:03:53.515+0100] {dag.py:3820} INFO - Setting next_dagrun for latest_only_with_trigger to 2024-01-30T12:00:00+00:00, run_after=2024-01-30T16:00:00+00:00
[2024-01-30T17:03:53.576+0100] {processor.py:183} INFO - Processing /home/ubuntu/.local/lib/python3.10/site-packages/airflow/example_dags/example_latest_only_with_trigger.py took 0.177 seconds
[2024-01-30T17:05:11.357+0100] {processor.py:161} INFO - Started process (PID=6314) to work on /home/ubuntu/.local/lib/python3.10/site-packages/airflow/example_dags/example_latest_only_with_trigger.py
[2024-01-30T17:05:11.361+0100] {processor.py:830} INFO - Processing file /home/ubuntu/.local/lib/python3.10/site-packages/airflow/example_dags/example_latest_only_with_trigger.py for tasks to queue
[2024-01-30T17:05:11.363+0100] {logging_mixin.py:188} INFO - [2024-01-30T17:05:11.362+0100] {dagbag.py:538} INFO - Filling up the DagBag from /home/ubuntu/.local/lib/python3.10/site-packages/airflow/example_dags/example_latest_only_with_trigger.py
[2024-01-30T17:05:11.416+0100] {processor.py:840} INFO - DAG(s) 'latest_only_with_trigger' retrieved from /home/ubuntu/.local/lib/python3.10/site-packages/airflow/example_dags/example_latest_only_with_trigger.py
[2024-01-30T17:05:11.477+0100] {logging_mixin.py:188} INFO - [2024-01-30T17:05:11.477+0100] {dag.py:3033} INFO - Sync 1 DAGs
[2024-01-30T17:05:11.511+0100] {logging_mixin.py:188} INFO - [2024-01-30T17:05:11.510+0100] {dag.py:3820} INFO - Setting next_dagrun for latest_only_with_trigger to 2024-01-30T12:00:00+00:00, run_after=2024-01-30T16:00:00+00:00
[2024-01-30T17:05:11.798+0100] {processor.py:183} INFO - Processing /home/ubuntu/.local/lib/python3.10/site-packages/airflow/example_dags/example_latest_only_with_trigger.py took 0.452 seconds
[2024-01-30T17:06:32.666+0100] {processor.py:161} INFO - Started process (PID=6382) to work on /home/ubuntu/.local/lib/python3.10/site-packages/airflow/example_dags/example_latest_only_with_trigger.py
[2024-01-30T17:06:32.669+0100] {processor.py:830} INFO - Processing file /home/ubuntu/.local/lib/python3.10/site-packages/airflow/example_dags/example_latest_only_with_trigger.py for tasks to queue
[2024-01-30T17:06:32.672+0100] {logging_mixin.py:188} INFO - [2024-01-30T17:06:32.671+0100] {dagbag.py:538} INFO - Filling up the DagBag from /home/ubuntu/.local/lib/python3.10/site-packages/airflow/example_dags/example_latest_only_with_trigger.py
[2024-01-30T17:06:32.694+0100] {processor.py:840} INFO - DAG(s) 'latest_only_with_trigger' retrieved from /home/ubuntu/.local/lib/python3.10/site-packages/airflow/example_dags/example_latest_only_with_trigger.py
[2024-01-30T17:06:32.724+0100] {logging_mixin.py:188} INFO - [2024-01-30T17:06:32.724+0100] {dag.py:3033} INFO - Sync 1 DAGs
[2024-01-30T17:06:32.793+0100] {logging_mixin.py:188} INFO - [2024-01-30T17:06:32.792+0100] {dag.py:3820} INFO - Setting next_dagrun for latest_only_with_trigger to 2024-01-30T12:00:00+00:00, run_after=2024-01-30T16:00:00+00:00
[2024-01-30T17:06:32.863+0100] {processor.py:183} INFO - Processing /home/ubuntu/.local/lib/python3.10/site-packages/airflow/example_dags/example_latest_only_with_trigger.py took 0.207 seconds
[2024-01-30T20:35:37.686+0100] {processor.py:161} INFO - Started process (PID=6540) to work on /home/ubuntu/.local/lib/python3.10/site-packages/airflow/example_dags/example_latest_only_with_trigger.py
[2024-01-30T20:35:37.691+0100] {processor.py:830} INFO - Processing file /home/ubuntu/.local/lib/python3.10/site-packages/airflow/example_dags/example_latest_only_with_trigger.py for tasks to queue
[2024-01-30T20:35:37.694+0100] {logging_mixin.py:188} INFO - [2024-01-30T20:35:37.693+0100] {dagbag.py:538} INFO - Filling up the DagBag from /home/ubuntu/.local/lib/python3.10/site-packages/airflow/example_dags/example_latest_only_with_trigger.py
[2024-01-30T20:35:37.734+0100] {processor.py:840} INFO - DAG(s) 'latest_only_with_trigger' retrieved from /home/ubuntu/.local/lib/python3.10/site-packages/airflow/example_dags/example_latest_only_with_trigger.py
[2024-01-30T20:35:37.816+0100] {logging_mixin.py:188} INFO - [2024-01-30T20:35:37.815+0100] {dag.py:3033} INFO - Sync 1 DAGs
[2024-01-30T20:35:38.238+0100] {logging_mixin.py:188} INFO - [2024-01-30T20:35:38.238+0100] {dag.py:3820} INFO - Setting next_dagrun for latest_only_with_trigger to 2024-01-30T12:00:00+00:00, run_after=2024-01-30T16:00:00+00:00
[2024-01-30T20:35:38.433+0100] {processor.py:183} INFO - Processing /home/ubuntu/.local/lib/python3.10/site-packages/airflow/example_dags/example_latest_only_with_trigger.py took 0.766 seconds
