[2024-01-30T13:51:31.237+0100] {processor.py:161} INFO - Started process (PID=6189) to work on /home/ubuntu/.local/lib/python3.10/site-packages/airflow/example_dags/example_dynamic_task_mapping_with_no_taskflow_operators.py
[2024-01-30T13:51:31.239+0100] {processor.py:830} INFO - Processing file /home/ubuntu/.local/lib/python3.10/site-packages/airflow/example_dags/example_dynamic_task_mapping_with_no_taskflow_operators.py for tasks to queue
[2024-01-30T13:51:31.240+0100] {logging_mixin.py:188} INFO - [2024-01-30T13:51:31.239+0100] {dagbag.py:538} INFO - Filling up the DagBag from /home/ubuntu/.local/lib/python3.10/site-packages/airflow/example_dags/example_dynamic_task_mapping_with_no_taskflow_operators.py
[2024-01-30T13:51:31.265+0100] {processor.py:840} INFO - DAG(s) 'example_dynamic_task_mapping_with_no_taskflow_operators' retrieved from /home/ubuntu/.local/lib/python3.10/site-packages/airflow/example_dags/example_dynamic_task_mapping_with_no_taskflow_operators.py
[2024-01-30T13:51:31.568+0100] {logging_mixin.py:188} INFO - [2024-01-30T13:51:31.568+0100] {dag.py:3033} INFO - Sync 1 DAGs
[2024-01-30T13:51:31.641+0100] {logging_mixin.py:188} INFO - [2024-01-30T13:51:31.641+0100] {dag.py:3820} INFO - Setting next_dagrun for example_dynamic_task_mapping_with_no_taskflow_operators to 2024-01-29T00:00:00+00:00, run_after=2024-01-30T00:00:00+00:00
[2024-01-30T13:51:31.739+0100] {processor.py:183} INFO - Processing /home/ubuntu/.local/lib/python3.10/site-packages/airflow/example_dags/example_dynamic_task_mapping_with_no_taskflow_operators.py took 0.508 seconds
[2024-01-30T13:52:57.432+0100] {processor.py:161} INFO - Started process (PID=6278) to work on /home/ubuntu/.local/lib/python3.10/site-packages/airflow/example_dags/example_dynamic_task_mapping_with_no_taskflow_operators.py
[2024-01-30T13:52:57.435+0100] {processor.py:830} INFO - Processing file /home/ubuntu/.local/lib/python3.10/site-packages/airflow/example_dags/example_dynamic_task_mapping_with_no_taskflow_operators.py for tasks to queue
[2024-01-30T13:52:57.437+0100] {logging_mixin.py:188} INFO - [2024-01-30T13:52:57.436+0100] {dagbag.py:538} INFO - Filling up the DagBag from /home/ubuntu/.local/lib/python3.10/site-packages/airflow/example_dags/example_dynamic_task_mapping_with_no_taskflow_operators.py
[2024-01-30T13:52:57.458+0100] {processor.py:840} INFO - DAG(s) 'example_dynamic_task_mapping_with_no_taskflow_operators' retrieved from /home/ubuntu/.local/lib/python3.10/site-packages/airflow/example_dags/example_dynamic_task_mapping_with_no_taskflow_operators.py
[2024-01-30T13:52:57.482+0100] {logging_mixin.py:188} INFO - [2024-01-30T13:52:57.481+0100] {dag.py:3033} INFO - Sync 1 DAGs
[2024-01-30T13:52:57.509+0100] {logging_mixin.py:188} INFO - [2024-01-30T13:52:57.508+0100] {dag.py:3820} INFO - Setting next_dagrun for example_dynamic_task_mapping_with_no_taskflow_operators to 2024-01-29T00:00:00+00:00, run_after=2024-01-30T00:00:00+00:00
[2024-01-30T13:52:57.550+0100] {processor.py:183} INFO - Processing /home/ubuntu/.local/lib/python3.10/site-packages/airflow/example_dags/example_dynamic_task_mapping_with_no_taskflow_operators.py took 0.125 seconds
[2024-01-30T15:53:51.019+0100] {processor.py:161} INFO - Started process (PID=6392) to work on /home/ubuntu/.local/lib/python3.10/site-packages/airflow/example_dags/example_dynamic_task_mapping_with_no_taskflow_operators.py
[2024-01-30T15:53:51.022+0100] {processor.py:830} INFO - Processing file /home/ubuntu/.local/lib/python3.10/site-packages/airflow/example_dags/example_dynamic_task_mapping_with_no_taskflow_operators.py for tasks to queue
[2024-01-30T15:53:51.024+0100] {logging_mixin.py:188} INFO - [2024-01-30T15:53:51.023+0100] {dagbag.py:538} INFO - Filling up the DagBag from /home/ubuntu/.local/lib/python3.10/site-packages/airflow/example_dags/example_dynamic_task_mapping_with_no_taskflow_operators.py
[2024-01-30T15:53:51.043+0100] {processor.py:840} INFO - DAG(s) 'example_dynamic_task_mapping_with_no_taskflow_operators' retrieved from /home/ubuntu/.local/lib/python3.10/site-packages/airflow/example_dags/example_dynamic_task_mapping_with_no_taskflow_operators.py
[2024-01-30T15:53:51.071+0100] {logging_mixin.py:188} INFO - [2024-01-30T15:53:51.071+0100] {dag.py:3033} INFO - Sync 1 DAGs
[2024-01-30T15:53:51.098+0100] {logging_mixin.py:188} INFO - [2024-01-30T15:53:51.098+0100] {dag.py:3820} INFO - Setting next_dagrun for example_dynamic_task_mapping_with_no_taskflow_operators to 2024-01-29T00:00:00+00:00, run_after=2024-01-30T00:00:00+00:00
[2024-01-30T15:53:51.133+0100] {processor.py:183} INFO - Processing /home/ubuntu/.local/lib/python3.10/site-packages/airflow/example_dags/example_dynamic_task_mapping_with_no_taskflow_operators.py took 0.122 seconds
[2024-01-30T15:54:55.293+0100] {processor.py:161} INFO - Started process (PID=6470) to work on /home/ubuntu/.local/lib/python3.10/site-packages/airflow/example_dags/example_dynamic_task_mapping_with_no_taskflow_operators.py
[2024-01-30T15:54:55.296+0100] {processor.py:830} INFO - Processing file /home/ubuntu/.local/lib/python3.10/site-packages/airflow/example_dags/example_dynamic_task_mapping_with_no_taskflow_operators.py for tasks to queue
[2024-01-30T15:54:55.298+0100] {logging_mixin.py:188} INFO - [2024-01-30T15:54:55.297+0100] {dagbag.py:538} INFO - Filling up the DagBag from /home/ubuntu/.local/lib/python3.10/site-packages/airflow/example_dags/example_dynamic_task_mapping_with_no_taskflow_operators.py
[2024-01-30T15:54:55.309+0100] {processor.py:840} INFO - DAG(s) 'example_dynamic_task_mapping_with_no_taskflow_operators' retrieved from /home/ubuntu/.local/lib/python3.10/site-packages/airflow/example_dags/example_dynamic_task_mapping_with_no_taskflow_operators.py
[2024-01-30T15:54:55.329+0100] {logging_mixin.py:188} INFO - [2024-01-30T15:54:55.329+0100] {dag.py:3033} INFO - Sync 1 DAGs
[2024-01-30T15:54:55.357+0100] {logging_mixin.py:188} INFO - [2024-01-30T15:54:55.357+0100] {dag.py:3820} INFO - Setting next_dagrun for example_dynamic_task_mapping_with_no_taskflow_operators to 2024-01-29T00:00:00+00:00, run_after=2024-01-30T00:00:00+00:00
[2024-01-30T15:54:55.392+0100] {processor.py:183} INFO - Processing /home/ubuntu/.local/lib/python3.10/site-packages/airflow/example_dags/example_dynamic_task_mapping_with_no_taskflow_operators.py took 0.103 seconds
[2024-01-30T15:55:55.665+0100] {processor.py:161} INFO - Started process (PID=6531) to work on /home/ubuntu/.local/lib/python3.10/site-packages/airflow/example_dags/example_dynamic_task_mapping_with_no_taskflow_operators.py
[2024-01-30T15:55:55.674+0100] {processor.py:830} INFO - Processing file /home/ubuntu/.local/lib/python3.10/site-packages/airflow/example_dags/example_dynamic_task_mapping_with_no_taskflow_operators.py for tasks to queue
[2024-01-30T15:55:55.675+0100] {logging_mixin.py:188} INFO - [2024-01-30T15:55:55.675+0100] {dagbag.py:538} INFO - Filling up the DagBag from /home/ubuntu/.local/lib/python3.10/site-packages/airflow/example_dags/example_dynamic_task_mapping_with_no_taskflow_operators.py
[2024-01-30T15:55:55.717+0100] {processor.py:840} INFO - DAG(s) 'example_dynamic_task_mapping_with_no_taskflow_operators' retrieved from /home/ubuntu/.local/lib/python3.10/site-packages/airflow/example_dags/example_dynamic_task_mapping_with_no_taskflow_operators.py
[2024-01-30T15:55:55.745+0100] {logging_mixin.py:188} INFO - [2024-01-30T15:55:55.744+0100] {dag.py:3033} INFO - Sync 1 DAGs
[2024-01-30T15:55:55.787+0100] {logging_mixin.py:188} INFO - [2024-01-30T15:55:55.787+0100] {dag.py:3820} INFO - Setting next_dagrun for example_dynamic_task_mapping_with_no_taskflow_operators to 2024-01-29T00:00:00+00:00, run_after=2024-01-30T00:00:00+00:00
[2024-01-30T15:55:55.822+0100] {processor.py:183} INFO - Processing /home/ubuntu/.local/lib/python3.10/site-packages/airflow/example_dags/example_dynamic_task_mapping_with_no_taskflow_operators.py took 0.162 seconds
[2024-01-30T15:56:57.882+0100] {processor.py:161} INFO - Started process (PID=6597) to work on /home/ubuntu/.local/lib/python3.10/site-packages/airflow/example_dags/example_dynamic_task_mapping_with_no_taskflow_operators.py
[2024-01-30T15:56:57.885+0100] {processor.py:830} INFO - Processing file /home/ubuntu/.local/lib/python3.10/site-packages/airflow/example_dags/example_dynamic_task_mapping_with_no_taskflow_operators.py for tasks to queue
[2024-01-30T15:56:57.887+0100] {logging_mixin.py:188} INFO - [2024-01-30T15:56:57.886+0100] {dagbag.py:538} INFO - Filling up the DagBag from /home/ubuntu/.local/lib/python3.10/site-packages/airflow/example_dags/example_dynamic_task_mapping_with_no_taskflow_operators.py
[2024-01-30T15:56:57.924+0100] {processor.py:840} INFO - DAG(s) 'example_dynamic_task_mapping_with_no_taskflow_operators' retrieved from /home/ubuntu/.local/lib/python3.10/site-packages/airflow/example_dags/example_dynamic_task_mapping_with_no_taskflow_operators.py
[2024-01-30T15:56:57.963+0100] {logging_mixin.py:188} INFO - [2024-01-30T15:56:57.962+0100] {dag.py:3033} INFO - Sync 1 DAGs
[2024-01-30T15:56:58.009+0100] {logging_mixin.py:188} INFO - [2024-01-30T15:56:58.009+0100] {dag.py:3820} INFO - Setting next_dagrun for example_dynamic_task_mapping_with_no_taskflow_operators to 2024-01-29T00:00:00+00:00, run_after=2024-01-30T00:00:00+00:00
[2024-01-30T15:56:58.075+0100] {processor.py:183} INFO - Processing /home/ubuntu/.local/lib/python3.10/site-packages/airflow/example_dags/example_dynamic_task_mapping_with_no_taskflow_operators.py took 0.197 seconds
[2024-01-30T15:59:58.904+0100] {processor.py:161} INFO - Started process (PID=8217) to work on /home/ubuntu/.local/lib/python3.10/site-packages/airflow/example_dags/example_dynamic_task_mapping_with_no_taskflow_operators.py
[2024-01-30T15:59:58.907+0100] {processor.py:830} INFO - Processing file /home/ubuntu/.local/lib/python3.10/site-packages/airflow/example_dags/example_dynamic_task_mapping_with_no_taskflow_operators.py for tasks to queue
[2024-01-30T15:59:58.909+0100] {logging_mixin.py:188} INFO - [2024-01-30T15:59:58.908+0100] {dagbag.py:538} INFO - Filling up the DagBag from /home/ubuntu/.local/lib/python3.10/site-packages/airflow/example_dags/example_dynamic_task_mapping_with_no_taskflow_operators.py
[2024-01-30T15:59:58.933+0100] {processor.py:840} INFO - DAG(s) 'example_dynamic_task_mapping_with_no_taskflow_operators' retrieved from /home/ubuntu/.local/lib/python3.10/site-packages/airflow/example_dags/example_dynamic_task_mapping_with_no_taskflow_operators.py
[2024-01-30T15:59:59.081+0100] {logging_mixin.py:188} INFO - [2024-01-30T15:59:59.081+0100] {dag.py:3033} INFO - Sync 1 DAGs
[2024-01-30T15:59:59.223+0100] {logging_mixin.py:188} INFO - [2024-01-30T15:59:59.222+0100] {dag.py:3820} INFO - Setting next_dagrun for example_dynamic_task_mapping_with_no_taskflow_operators to 2024-01-29T00:00:00+00:00, run_after=2024-01-30T00:00:00+00:00
[2024-01-30T15:59:59.429+0100] {processor.py:183} INFO - Processing /home/ubuntu/.local/lib/python3.10/site-packages/airflow/example_dags/example_dynamic_task_mapping_with_no_taskflow_operators.py took 0.532 seconds
[2024-01-30T16:02:12.842+0100] {processor.py:161} INFO - Started process (PID=8414) to work on /home/ubuntu/.local/lib/python3.10/site-packages/airflow/example_dags/example_dynamic_task_mapping_with_no_taskflow_operators.py
[2024-01-30T16:02:12.846+0100] {processor.py:830} INFO - Processing file /home/ubuntu/.local/lib/python3.10/site-packages/airflow/example_dags/example_dynamic_task_mapping_with_no_taskflow_operators.py for tasks to queue
[2024-01-30T16:02:12.848+0100] {logging_mixin.py:188} INFO - [2024-01-30T16:02:12.847+0100] {dagbag.py:538} INFO - Filling up the DagBag from /home/ubuntu/.local/lib/python3.10/site-packages/airflow/example_dags/example_dynamic_task_mapping_with_no_taskflow_operators.py
[2024-01-30T16:02:12.866+0100] {processor.py:840} INFO - DAG(s) 'example_dynamic_task_mapping_with_no_taskflow_operators' retrieved from /home/ubuntu/.local/lib/python3.10/site-packages/airflow/example_dags/example_dynamic_task_mapping_with_no_taskflow_operators.py
[2024-01-30T16:02:12.903+0100] {logging_mixin.py:188} INFO - [2024-01-30T16:02:12.902+0100] {dag.py:3033} INFO - Sync 1 DAGs
[2024-01-30T16:02:12.968+0100] {logging_mixin.py:188} INFO - [2024-01-30T16:02:12.968+0100] {dag.py:3820} INFO - Setting next_dagrun for example_dynamic_task_mapping_with_no_taskflow_operators to 2024-01-29T00:00:00+00:00, run_after=2024-01-30T00:00:00+00:00
[2024-01-30T16:02:13.025+0100] {processor.py:183} INFO - Processing /home/ubuntu/.local/lib/python3.10/site-packages/airflow/example_dags/example_dynamic_task_mapping_with_no_taskflow_operators.py took 0.193 seconds
[2024-01-30T16:08:25.309+0100] {processor.py:161} INFO - Started process (PID=9453) to work on /home/ubuntu/.local/lib/python3.10/site-packages/airflow/example_dags/example_dynamic_task_mapping_with_no_taskflow_operators.py
[2024-01-30T16:08:25.315+0100] {processor.py:830} INFO - Processing file /home/ubuntu/.local/lib/python3.10/site-packages/airflow/example_dags/example_dynamic_task_mapping_with_no_taskflow_operators.py for tasks to queue
[2024-01-30T16:08:25.332+0100] {logging_mixin.py:188} INFO - [2024-01-30T16:08:25.317+0100] {dagbag.py:538} INFO - Filling up the DagBag from /home/ubuntu/.local/lib/python3.10/site-packages/airflow/example_dags/example_dynamic_task_mapping_with_no_taskflow_operators.py
[2024-01-30T16:08:25.425+0100] {processor.py:840} INFO - DAG(s) 'example_dynamic_task_mapping_with_no_taskflow_operators' retrieved from /home/ubuntu/.local/lib/python3.10/site-packages/airflow/example_dags/example_dynamic_task_mapping_with_no_taskflow_operators.py
[2024-01-30T16:08:25.469+0100] {logging_mixin.py:188} INFO - [2024-01-30T16:08:25.469+0100] {dag.py:3033} INFO - Sync 1 DAGs
[2024-01-30T16:08:25.546+0100] {logging_mixin.py:188} INFO - [2024-01-30T16:08:25.546+0100] {dag.py:3820} INFO - Setting next_dagrun for example_dynamic_task_mapping_with_no_taskflow_operators to 2024-01-29T00:00:00+00:00, run_after=2024-01-30T00:00:00+00:00
[2024-01-30T16:08:25.775+0100] {processor.py:183} INFO - Processing /home/ubuntu/.local/lib/python3.10/site-packages/airflow/example_dags/example_dynamic_task_mapping_with_no_taskflow_operators.py took 0.476 seconds
[2024-01-30T16:18:52.601+0100] {processor.py:161} INFO - Started process (PID=5673) to work on /home/ubuntu/.local/lib/python3.10/site-packages/airflow/example_dags/example_dynamic_task_mapping_with_no_taskflow_operators.py
[2024-01-30T16:18:52.604+0100] {processor.py:830} INFO - Processing file /home/ubuntu/.local/lib/python3.10/site-packages/airflow/example_dags/example_dynamic_task_mapping_with_no_taskflow_operators.py for tasks to queue
[2024-01-30T16:18:52.606+0100] {logging_mixin.py:188} INFO - [2024-01-30T16:18:52.605+0100] {dagbag.py:538} INFO - Filling up the DagBag from /home/ubuntu/.local/lib/python3.10/site-packages/airflow/example_dags/example_dynamic_task_mapping_with_no_taskflow_operators.py
[2024-01-30T16:18:52.620+0100] {processor.py:840} INFO - DAG(s) 'example_dynamic_task_mapping_with_no_taskflow_operators' retrieved from /home/ubuntu/.local/lib/python3.10/site-packages/airflow/example_dags/example_dynamic_task_mapping_with_no_taskflow_operators.py
[2024-01-30T16:18:52.884+0100] {logging_mixin.py:188} INFO - [2024-01-30T16:18:52.884+0100] {dag.py:3033} INFO - Sync 1 DAGs
[2024-01-30T16:18:52.923+0100] {logging_mixin.py:188} INFO - [2024-01-30T16:18:52.923+0100] {dag.py:3820} INFO - Setting next_dagrun for example_dynamic_task_mapping_with_no_taskflow_operators to 2024-01-29T00:00:00+00:00, run_after=2024-01-30T00:00:00+00:00
[2024-01-30T16:18:53.039+0100] {processor.py:183} INFO - Processing /home/ubuntu/.local/lib/python3.10/site-packages/airflow/example_dags/example_dynamic_task_mapping_with_no_taskflow_operators.py took 0.437 seconds
[2024-01-30T16:22:00.179+0100] {processor.py:161} INFO - Started process (PID=6235) to work on /home/ubuntu/.local/lib/python3.10/site-packages/airflow/example_dags/example_dynamic_task_mapping_with_no_taskflow_operators.py
[2024-01-30T16:22:00.182+0100] {processor.py:830} INFO - Processing file /home/ubuntu/.local/lib/python3.10/site-packages/airflow/example_dags/example_dynamic_task_mapping_with_no_taskflow_operators.py for tasks to queue
[2024-01-30T16:22:00.184+0100] {logging_mixin.py:188} INFO - [2024-01-30T16:22:00.183+0100] {dagbag.py:538} INFO - Filling up the DagBag from /home/ubuntu/.local/lib/python3.10/site-packages/airflow/example_dags/example_dynamic_task_mapping_with_no_taskflow_operators.py
[2024-01-30T16:22:00.197+0100] {processor.py:840} INFO - DAG(s) 'example_dynamic_task_mapping_with_no_taskflow_operators' retrieved from /home/ubuntu/.local/lib/python3.10/site-packages/airflow/example_dags/example_dynamic_task_mapping_with_no_taskflow_operators.py
[2024-01-30T16:22:00.233+0100] {logging_mixin.py:188} INFO - [2024-01-30T16:22:00.232+0100] {dag.py:3033} INFO - Sync 1 DAGs
[2024-01-30T16:22:00.272+0100] {logging_mixin.py:188} INFO - [2024-01-30T16:22:00.272+0100] {dag.py:3820} INFO - Setting next_dagrun for example_dynamic_task_mapping_with_no_taskflow_operators to 2024-01-29T00:00:00+00:00, run_after=2024-01-30T00:00:00+00:00
[2024-01-30T16:22:00.316+0100] {processor.py:183} INFO - Processing /home/ubuntu/.local/lib/python3.10/site-packages/airflow/example_dags/example_dynamic_task_mapping_with_no_taskflow_operators.py took 0.143 seconds
[2024-01-30T16:25:46.586+0100] {processor.py:161} INFO - Started process (PID=7451) to work on /home/ubuntu/.local/lib/python3.10/site-packages/airflow/example_dags/example_dynamic_task_mapping_with_no_taskflow_operators.py
[2024-01-30T16:25:46.597+0100] {processor.py:830} INFO - Processing file /home/ubuntu/.local/lib/python3.10/site-packages/airflow/example_dags/example_dynamic_task_mapping_with_no_taskflow_operators.py for tasks to queue
[2024-01-30T16:25:46.599+0100] {logging_mixin.py:188} INFO - [2024-01-30T16:25:46.599+0100] {dagbag.py:538} INFO - Filling up the DagBag from /home/ubuntu/.local/lib/python3.10/site-packages/airflow/example_dags/example_dynamic_task_mapping_with_no_taskflow_operators.py
[2024-01-30T16:25:46.632+0100] {processor.py:840} INFO - DAG(s) 'example_dynamic_task_mapping_with_no_taskflow_operators' retrieved from /home/ubuntu/.local/lib/python3.10/site-packages/airflow/example_dags/example_dynamic_task_mapping_with_no_taskflow_operators.py
[2024-01-30T16:25:46.670+0100] {logging_mixin.py:188} INFO - [2024-01-30T16:25:46.670+0100] {dag.py:3033} INFO - Sync 1 DAGs
[2024-01-30T16:25:46.713+0100] {logging_mixin.py:188} INFO - [2024-01-30T16:25:46.712+0100] {dag.py:3820} INFO - Setting next_dagrun for example_dynamic_task_mapping_with_no_taskflow_operators to 2024-01-29T00:00:00+00:00, run_after=2024-01-30T00:00:00+00:00
[2024-01-30T16:25:46.823+0100] {processor.py:183} INFO - Processing /home/ubuntu/.local/lib/python3.10/site-packages/airflow/example_dags/example_dynamic_task_mapping_with_no_taskflow_operators.py took 0.243 seconds
[2024-01-30T16:31:15.101+0100] {processor.py:161} INFO - Started process (PID=8576) to work on /home/ubuntu/.local/lib/python3.10/site-packages/airflow/example_dags/example_dynamic_task_mapping_with_no_taskflow_operators.py
[2024-01-30T16:31:15.106+0100] {processor.py:830} INFO - Processing file /home/ubuntu/.local/lib/python3.10/site-packages/airflow/example_dags/example_dynamic_task_mapping_with_no_taskflow_operators.py for tasks to queue
[2024-01-30T16:31:15.109+0100] {logging_mixin.py:188} INFO - [2024-01-30T16:31:15.108+0100] {dagbag.py:538} INFO - Filling up the DagBag from /home/ubuntu/.local/lib/python3.10/site-packages/airflow/example_dags/example_dynamic_task_mapping_with_no_taskflow_operators.py
[2024-01-30T16:31:15.129+0100] {processor.py:840} INFO - DAG(s) 'example_dynamic_task_mapping_with_no_taskflow_operators' retrieved from /home/ubuntu/.local/lib/python3.10/site-packages/airflow/example_dags/example_dynamic_task_mapping_with_no_taskflow_operators.py
[2024-01-30T16:31:15.181+0100] {logging_mixin.py:188} INFO - [2024-01-30T16:31:15.180+0100] {dag.py:3033} INFO - Sync 1 DAGs
[2024-01-30T16:31:15.237+0100] {logging_mixin.py:188} INFO - [2024-01-30T16:31:15.236+0100] {dag.py:3820} INFO - Setting next_dagrun for example_dynamic_task_mapping_with_no_taskflow_operators to 2024-01-29T00:00:00+00:00, run_after=2024-01-30T00:00:00+00:00
[2024-01-30T16:31:15.361+0100] {processor.py:183} INFO - Processing /home/ubuntu/.local/lib/python3.10/site-packages/airflow/example_dags/example_dynamic_task_mapping_with_no_taskflow_operators.py took 0.274 seconds
[2024-01-30T16:33:31.952+0100] {processor.py:161} INFO - Started process (PID=9426) to work on /home/ubuntu/.local/lib/python3.10/site-packages/airflow/example_dags/example_dynamic_task_mapping_with_no_taskflow_operators.py
[2024-01-30T16:33:31.957+0100] {processor.py:830} INFO - Processing file /home/ubuntu/.local/lib/python3.10/site-packages/airflow/example_dags/example_dynamic_task_mapping_with_no_taskflow_operators.py for tasks to queue
[2024-01-30T16:33:31.960+0100] {logging_mixin.py:188} INFO - [2024-01-30T16:33:31.960+0100] {dagbag.py:538} INFO - Filling up the DagBag from /home/ubuntu/.local/lib/python3.10/site-packages/airflow/example_dags/example_dynamic_task_mapping_with_no_taskflow_operators.py
[2024-01-30T16:33:31.977+0100] {processor.py:840} INFO - DAG(s) 'example_dynamic_task_mapping_with_no_taskflow_operators' retrieved from /home/ubuntu/.local/lib/python3.10/site-packages/airflow/example_dags/example_dynamic_task_mapping_with_no_taskflow_operators.py
[2024-01-30T16:33:32.013+0100] {logging_mixin.py:188} INFO - [2024-01-30T16:33:32.013+0100] {dag.py:3033} INFO - Sync 1 DAGs
[2024-01-30T16:33:32.044+0100] {logging_mixin.py:188} INFO - [2024-01-30T16:33:32.043+0100] {dag.py:3820} INFO - Setting next_dagrun for example_dynamic_task_mapping_with_no_taskflow_operators to 2024-01-29T00:00:00+00:00, run_after=2024-01-30T00:00:00+00:00
[2024-01-30T16:33:32.090+0100] {processor.py:183} INFO - Processing /home/ubuntu/.local/lib/python3.10/site-packages/airflow/example_dags/example_dynamic_task_mapping_with_no_taskflow_operators.py took 0.146 seconds
[2024-01-30T16:50:20.118+0100] {processor.py:161} INFO - Started process (PID=5299) to work on /home/ubuntu/.local/lib/python3.10/site-packages/airflow/example_dags/example_dynamic_task_mapping_with_no_taskflow_operators.py
[2024-01-30T16:50:20.153+0100] {processor.py:830} INFO - Processing file /home/ubuntu/.local/lib/python3.10/site-packages/airflow/example_dags/example_dynamic_task_mapping_with_no_taskflow_operators.py for tasks to queue
[2024-01-30T16:50:20.157+0100] {logging_mixin.py:188} INFO - [2024-01-30T16:50:20.154+0100] {dagbag.py:538} INFO - Filling up the DagBag from /home/ubuntu/.local/lib/python3.10/site-packages/airflow/example_dags/example_dynamic_task_mapping_with_no_taskflow_operators.py
[2024-01-30T16:50:20.193+0100] {processor.py:840} INFO - DAG(s) 'example_dynamic_task_mapping_with_no_taskflow_operators' retrieved from /home/ubuntu/.local/lib/python3.10/site-packages/airflow/example_dags/example_dynamic_task_mapping_with_no_taskflow_operators.py
[2024-01-30T16:50:20.468+0100] {logging_mixin.py:188} INFO - [2024-01-30T16:50:20.468+0100] {dag.py:3033} INFO - Sync 1 DAGs
[2024-01-30T16:50:20.502+0100] {logging_mixin.py:188} INFO - [2024-01-30T16:50:20.501+0100] {dag.py:3820} INFO - Setting next_dagrun for example_dynamic_task_mapping_with_no_taskflow_operators to 2024-01-29T00:00:00+00:00, run_after=2024-01-30T00:00:00+00:00
[2024-01-30T16:50:20.674+0100] {processor.py:183} INFO - Processing /home/ubuntu/.local/lib/python3.10/site-packages/airflow/example_dags/example_dynamic_task_mapping_with_no_taskflow_operators.py took 0.594 seconds
[2024-01-30T16:51:43.698+0100] {processor.py:161} INFO - Started process (PID=5370) to work on /home/ubuntu/.local/lib/python3.10/site-packages/airflow/example_dags/example_dynamic_task_mapping_with_no_taskflow_operators.py
[2024-01-30T16:51:43.716+0100] {processor.py:830} INFO - Processing file /home/ubuntu/.local/lib/python3.10/site-packages/airflow/example_dags/example_dynamic_task_mapping_with_no_taskflow_operators.py for tasks to queue
[2024-01-30T16:51:43.717+0100] {logging_mixin.py:188} INFO - [2024-01-30T16:51:43.717+0100] {dagbag.py:538} INFO - Filling up the DagBag from /home/ubuntu/.local/lib/python3.10/site-packages/airflow/example_dags/example_dynamic_task_mapping_with_no_taskflow_operators.py
[2024-01-30T16:51:43.731+0100] {processor.py:840} INFO - DAG(s) 'example_dynamic_task_mapping_with_no_taskflow_operators' retrieved from /home/ubuntu/.local/lib/python3.10/site-packages/airflow/example_dags/example_dynamic_task_mapping_with_no_taskflow_operators.py
[2024-01-30T16:51:43.783+0100] {logging_mixin.py:188} INFO - [2024-01-30T16:51:43.783+0100] {dag.py:3033} INFO - Sync 1 DAGs
[2024-01-30T16:51:43.841+0100] {logging_mixin.py:188} INFO - [2024-01-30T16:51:43.841+0100] {dag.py:3820} INFO - Setting next_dagrun for example_dynamic_task_mapping_with_no_taskflow_operators to 2024-01-29T00:00:00+00:00, run_after=2024-01-30T00:00:00+00:00
[2024-01-30T16:51:43.952+0100] {processor.py:183} INFO - Processing /home/ubuntu/.local/lib/python3.10/site-packages/airflow/example_dags/example_dynamic_task_mapping_with_no_taskflow_operators.py took 0.266 seconds
[2024-01-30T16:53:04.210+0100] {processor.py:161} INFO - Started process (PID=5451) to work on /home/ubuntu/.local/lib/python3.10/site-packages/airflow/example_dags/example_dynamic_task_mapping_with_no_taskflow_operators.py
[2024-01-30T16:53:04.213+0100] {processor.py:830} INFO - Processing file /home/ubuntu/.local/lib/python3.10/site-packages/airflow/example_dags/example_dynamic_task_mapping_with_no_taskflow_operators.py for tasks to queue
[2024-01-30T16:53:04.215+0100] {logging_mixin.py:188} INFO - [2024-01-30T16:53:04.214+0100] {dagbag.py:538} INFO - Filling up the DagBag from /home/ubuntu/.local/lib/python3.10/site-packages/airflow/example_dags/example_dynamic_task_mapping_with_no_taskflow_operators.py
[2024-01-30T16:53:04.223+0100] {processor.py:840} INFO - DAG(s) 'example_dynamic_task_mapping_with_no_taskflow_operators' retrieved from /home/ubuntu/.local/lib/python3.10/site-packages/airflow/example_dags/example_dynamic_task_mapping_with_no_taskflow_operators.py
[2024-01-30T16:53:04.243+0100] {logging_mixin.py:188} INFO - [2024-01-30T16:53:04.243+0100] {dag.py:3033} INFO - Sync 1 DAGs
[2024-01-30T16:53:04.265+0100] {logging_mixin.py:188} INFO - [2024-01-30T16:53:04.264+0100] {dag.py:3820} INFO - Setting next_dagrun for example_dynamic_task_mapping_with_no_taskflow_operators to 2024-01-29T00:00:00+00:00, run_after=2024-01-30T00:00:00+00:00
[2024-01-30T16:53:04.374+0100] {processor.py:183} INFO - Processing /home/ubuntu/.local/lib/python3.10/site-packages/airflow/example_dags/example_dynamic_task_mapping_with_no_taskflow_operators.py took 0.169 seconds
[2024-01-30T16:55:03.122+0100] {processor.py:161} INFO - Started process (PID=5663) to work on /home/ubuntu/.local/lib/python3.10/site-packages/airflow/example_dags/example_dynamic_task_mapping_with_no_taskflow_operators.py
[2024-01-30T16:55:03.148+0100] {processor.py:830} INFO - Processing file /home/ubuntu/.local/lib/python3.10/site-packages/airflow/example_dags/example_dynamic_task_mapping_with_no_taskflow_operators.py for tasks to queue
[2024-01-30T16:55:03.150+0100] {logging_mixin.py:188} INFO - [2024-01-30T16:55:03.149+0100] {dagbag.py:538} INFO - Filling up the DagBag from /home/ubuntu/.local/lib/python3.10/site-packages/airflow/example_dags/example_dynamic_task_mapping_with_no_taskflow_operators.py
[2024-01-30T16:55:03.173+0100] {processor.py:840} INFO - DAG(s) 'example_dynamic_task_mapping_with_no_taskflow_operators' retrieved from /home/ubuntu/.local/lib/python3.10/site-packages/airflow/example_dags/example_dynamic_task_mapping_with_no_taskflow_operators.py
[2024-01-30T16:55:03.240+0100] {logging_mixin.py:188} INFO - [2024-01-30T16:55:03.240+0100] {dag.py:3033} INFO - Sync 1 DAGs
[2024-01-30T16:55:03.293+0100] {logging_mixin.py:188} INFO - [2024-01-30T16:55:03.293+0100] {dag.py:3820} INFO - Setting next_dagrun for example_dynamic_task_mapping_with_no_taskflow_operators to 2024-01-29T00:00:00+00:00, run_after=2024-01-30T00:00:00+00:00
[2024-01-30T16:55:03.389+0100] {processor.py:183} INFO - Processing /home/ubuntu/.local/lib/python3.10/site-packages/airflow/example_dags/example_dynamic_task_mapping_with_no_taskflow_operators.py took 0.290 seconds
[2024-01-30T16:56:37.731+0100] {processor.py:161} INFO - Started process (PID=5738) to work on /home/ubuntu/.local/lib/python3.10/site-packages/airflow/example_dags/example_dynamic_task_mapping_with_no_taskflow_operators.py
[2024-01-30T16:56:37.745+0100] {processor.py:830} INFO - Processing file /home/ubuntu/.local/lib/python3.10/site-packages/airflow/example_dags/example_dynamic_task_mapping_with_no_taskflow_operators.py for tasks to queue
[2024-01-30T16:56:37.748+0100] {logging_mixin.py:188} INFO - [2024-01-30T16:56:37.747+0100] {dagbag.py:538} INFO - Filling up the DagBag from /home/ubuntu/.local/lib/python3.10/site-packages/airflow/example_dags/example_dynamic_task_mapping_with_no_taskflow_operators.py
[2024-01-30T16:56:37.779+0100] {processor.py:840} INFO - DAG(s) 'example_dynamic_task_mapping_with_no_taskflow_operators' retrieved from /home/ubuntu/.local/lib/python3.10/site-packages/airflow/example_dags/example_dynamic_task_mapping_with_no_taskflow_operators.py
[2024-01-30T16:56:37.807+0100] {logging_mixin.py:188} INFO - [2024-01-30T16:56:37.807+0100] {dag.py:3033} INFO - Sync 1 DAGs
[2024-01-30T16:56:37.850+0100] {logging_mixin.py:188} INFO - [2024-01-30T16:56:37.850+0100] {dag.py:3820} INFO - Setting next_dagrun for example_dynamic_task_mapping_with_no_taskflow_operators to 2024-01-29T00:00:00+00:00, run_after=2024-01-30T00:00:00+00:00
[2024-01-30T16:56:37.900+0100] {processor.py:183} INFO - Processing /home/ubuntu/.local/lib/python3.10/site-packages/airflow/example_dags/example_dynamic_task_mapping_with_no_taskflow_operators.py took 0.189 seconds
[2024-01-30T16:58:06.063+0100] {processor.py:161} INFO - Started process (PID=5819) to work on /home/ubuntu/.local/lib/python3.10/site-packages/airflow/example_dags/example_dynamic_task_mapping_with_no_taskflow_operators.py
[2024-01-30T16:58:06.076+0100] {processor.py:830} INFO - Processing file /home/ubuntu/.local/lib/python3.10/site-packages/airflow/example_dags/example_dynamic_task_mapping_with_no_taskflow_operators.py for tasks to queue
[2024-01-30T16:58:06.078+0100] {logging_mixin.py:188} INFO - [2024-01-30T16:58:06.077+0100] {dagbag.py:538} INFO - Filling up the DagBag from /home/ubuntu/.local/lib/python3.10/site-packages/airflow/example_dags/example_dynamic_task_mapping_with_no_taskflow_operators.py
[2024-01-30T16:58:06.117+0100] {processor.py:840} INFO - DAG(s) 'example_dynamic_task_mapping_with_no_taskflow_operators' retrieved from /home/ubuntu/.local/lib/python3.10/site-packages/airflow/example_dags/example_dynamic_task_mapping_with_no_taskflow_operators.py
[2024-01-30T16:58:06.180+0100] {logging_mixin.py:188} INFO - [2024-01-30T16:58:06.179+0100] {dag.py:3033} INFO - Sync 1 DAGs
[2024-01-30T16:58:06.262+0100] {logging_mixin.py:188} INFO - [2024-01-30T16:58:06.262+0100] {dag.py:3820} INFO - Setting next_dagrun for example_dynamic_task_mapping_with_no_taskflow_operators to 2024-01-29T00:00:00+00:00, run_after=2024-01-30T00:00:00+00:00
[2024-01-30T16:58:06.324+0100] {processor.py:183} INFO - Processing /home/ubuntu/.local/lib/python3.10/site-packages/airflow/example_dags/example_dynamic_task_mapping_with_no_taskflow_operators.py took 0.268 seconds
[2024-01-30T16:59:10.941+0100] {processor.py:161} INFO - Started process (PID=5882) to work on /home/ubuntu/.local/lib/python3.10/site-packages/airflow/example_dags/example_dynamic_task_mapping_with_no_taskflow_operators.py
[2024-01-30T16:59:10.946+0100] {processor.py:830} INFO - Processing file /home/ubuntu/.local/lib/python3.10/site-packages/airflow/example_dags/example_dynamic_task_mapping_with_no_taskflow_operators.py for tasks to queue
[2024-01-30T16:59:10.949+0100] {logging_mixin.py:188} INFO - [2024-01-30T16:59:10.949+0100] {dagbag.py:538} INFO - Filling up the DagBag from /home/ubuntu/.local/lib/python3.10/site-packages/airflow/example_dags/example_dynamic_task_mapping_with_no_taskflow_operators.py
[2024-01-30T16:59:10.966+0100] {processor.py:840} INFO - DAG(s) 'example_dynamic_task_mapping_with_no_taskflow_operators' retrieved from /home/ubuntu/.local/lib/python3.10/site-packages/airflow/example_dags/example_dynamic_task_mapping_with_no_taskflow_operators.py
[2024-01-30T16:59:10.997+0100] {logging_mixin.py:188} INFO - [2024-01-30T16:59:10.996+0100] {dag.py:3033} INFO - Sync 1 DAGs
[2024-01-30T16:59:11.027+0100] {logging_mixin.py:188} INFO - [2024-01-30T16:59:11.027+0100] {dag.py:3820} INFO - Setting next_dagrun for example_dynamic_task_mapping_with_no_taskflow_operators to 2024-01-29T00:00:00+00:00, run_after=2024-01-30T00:00:00+00:00
[2024-01-30T16:59:11.072+0100] {processor.py:183} INFO - Processing /home/ubuntu/.local/lib/python3.10/site-packages/airflow/example_dags/example_dynamic_task_mapping_with_no_taskflow_operators.py took 0.137 seconds
[2024-01-30T17:01:18.194+0100] {processor.py:161} INFO - Started process (PID=6106) to work on /home/ubuntu/.local/lib/python3.10/site-packages/airflow/example_dags/example_dynamic_task_mapping_with_no_taskflow_operators.py
[2024-01-30T17:01:18.204+0100] {processor.py:830} INFO - Processing file /home/ubuntu/.local/lib/python3.10/site-packages/airflow/example_dags/example_dynamic_task_mapping_with_no_taskflow_operators.py for tasks to queue
[2024-01-30T17:01:18.207+0100] {logging_mixin.py:188} INFO - [2024-01-30T17:01:18.206+0100] {dagbag.py:538} INFO - Filling up the DagBag from /home/ubuntu/.local/lib/python3.10/site-packages/airflow/example_dags/example_dynamic_task_mapping_with_no_taskflow_operators.py
[2024-01-30T17:01:18.237+0100] {processor.py:840} INFO - DAG(s) 'example_dynamic_task_mapping_with_no_taskflow_operators' retrieved from /home/ubuntu/.local/lib/python3.10/site-packages/airflow/example_dags/example_dynamic_task_mapping_with_no_taskflow_operators.py
[2024-01-30T17:01:18.275+0100] {logging_mixin.py:188} INFO - [2024-01-30T17:01:18.274+0100] {dag.py:3033} INFO - Sync 1 DAGs
[2024-01-30T17:01:18.576+0100] {logging_mixin.py:188} INFO - [2024-01-30T17:01:18.576+0100] {dag.py:3820} INFO - Setting next_dagrun for example_dynamic_task_mapping_with_no_taskflow_operators to 2024-01-29T00:00:00+00:00, run_after=2024-01-30T00:00:00+00:00
[2024-01-30T17:01:18.690+0100] {processor.py:183} INFO - Processing /home/ubuntu/.local/lib/python3.10/site-packages/airflow/example_dags/example_dynamic_task_mapping_with_no_taskflow_operators.py took 0.500 seconds
[2024-01-30T17:02:40.827+0100] {processor.py:161} INFO - Started process (PID=6182) to work on /home/ubuntu/.local/lib/python3.10/site-packages/airflow/example_dags/example_dynamic_task_mapping_with_no_taskflow_operators.py
[2024-01-30T17:02:40.832+0100] {processor.py:830} INFO - Processing file /home/ubuntu/.local/lib/python3.10/site-packages/airflow/example_dags/example_dynamic_task_mapping_with_no_taskflow_operators.py for tasks to queue
[2024-01-30T17:02:40.834+0100] {logging_mixin.py:188} INFO - [2024-01-30T17:02:40.833+0100] {dagbag.py:538} INFO - Filling up the DagBag from /home/ubuntu/.local/lib/python3.10/site-packages/airflow/example_dags/example_dynamic_task_mapping_with_no_taskflow_operators.py
[2024-01-30T17:02:40.846+0100] {processor.py:840} INFO - DAG(s) 'example_dynamic_task_mapping_with_no_taskflow_operators' retrieved from /home/ubuntu/.local/lib/python3.10/site-packages/airflow/example_dags/example_dynamic_task_mapping_with_no_taskflow_operators.py
[2024-01-30T17:02:40.873+0100] {logging_mixin.py:188} INFO - [2024-01-30T17:02:40.872+0100] {dag.py:3033} INFO - Sync 1 DAGs
[2024-01-30T17:02:40.940+0100] {logging_mixin.py:188} INFO - [2024-01-30T17:02:40.939+0100] {dag.py:3820} INFO - Setting next_dagrun for example_dynamic_task_mapping_with_no_taskflow_operators to 2024-01-29T00:00:00+00:00, run_after=2024-01-30T00:00:00+00:00
[2024-01-30T17:02:40.983+0100] {processor.py:183} INFO - Processing /home/ubuntu/.local/lib/python3.10/site-packages/airflow/example_dags/example_dynamic_task_mapping_with_no_taskflow_operators.py took 0.162 seconds
[2024-01-30T17:03:54.737+0100] {processor.py:161} INFO - Started process (PID=6249) to work on /home/ubuntu/.local/lib/python3.10/site-packages/airflow/example_dags/example_dynamic_task_mapping_with_no_taskflow_operators.py
[2024-01-30T17:03:54.762+0100] {processor.py:830} INFO - Processing file /home/ubuntu/.local/lib/python3.10/site-packages/airflow/example_dags/example_dynamic_task_mapping_with_no_taskflow_operators.py for tasks to queue
[2024-01-30T17:03:54.767+0100] {logging_mixin.py:188} INFO - [2024-01-30T17:03:54.766+0100] {dagbag.py:538} INFO - Filling up the DagBag from /home/ubuntu/.local/lib/python3.10/site-packages/airflow/example_dags/example_dynamic_task_mapping_with_no_taskflow_operators.py
[2024-01-30T17:03:54.783+0100] {processor.py:840} INFO - DAG(s) 'example_dynamic_task_mapping_with_no_taskflow_operators' retrieved from /home/ubuntu/.local/lib/python3.10/site-packages/airflow/example_dags/example_dynamic_task_mapping_with_no_taskflow_operators.py
[2024-01-30T17:03:54.812+0100] {logging_mixin.py:188} INFO - [2024-01-30T17:03:54.812+0100] {dag.py:3033} INFO - Sync 1 DAGs
[2024-01-30T17:03:54.871+0100] {logging_mixin.py:188} INFO - [2024-01-30T17:03:54.871+0100] {dag.py:3820} INFO - Setting next_dagrun for example_dynamic_task_mapping_with_no_taskflow_operators to 2024-01-29T00:00:00+00:00, run_after=2024-01-30T00:00:00+00:00
[2024-01-30T17:03:54.977+0100] {processor.py:183} INFO - Processing /home/ubuntu/.local/lib/python3.10/site-packages/airflow/example_dags/example_dynamic_task_mapping_with_no_taskflow_operators.py took 0.250 seconds
[2024-01-30T17:05:12.955+0100] {processor.py:161} INFO - Started process (PID=6315) to work on /home/ubuntu/.local/lib/python3.10/site-packages/airflow/example_dags/example_dynamic_task_mapping_with_no_taskflow_operators.py
[2024-01-30T17:05:12.958+0100] {processor.py:830} INFO - Processing file /home/ubuntu/.local/lib/python3.10/site-packages/airflow/example_dags/example_dynamic_task_mapping_with_no_taskflow_operators.py for tasks to queue
[2024-01-30T17:05:12.960+0100] {logging_mixin.py:188} INFO - [2024-01-30T17:05:12.959+0100] {dagbag.py:538} INFO - Filling up the DagBag from /home/ubuntu/.local/lib/python3.10/site-packages/airflow/example_dags/example_dynamic_task_mapping_with_no_taskflow_operators.py
[2024-01-30T17:05:12.985+0100] {processor.py:840} INFO - DAG(s) 'example_dynamic_task_mapping_with_no_taskflow_operators' retrieved from /home/ubuntu/.local/lib/python3.10/site-packages/airflow/example_dags/example_dynamic_task_mapping_with_no_taskflow_operators.py
[2024-01-30T17:05:13.013+0100] {logging_mixin.py:188} INFO - [2024-01-30T17:05:13.013+0100] {dag.py:3033} INFO - Sync 1 DAGs
[2024-01-30T17:05:13.075+0100] {logging_mixin.py:188} INFO - [2024-01-30T17:05:13.075+0100] {dag.py:3820} INFO - Setting next_dagrun for example_dynamic_task_mapping_with_no_taskflow_operators to 2024-01-29T00:00:00+00:00, run_after=2024-01-30T00:00:00+00:00
[2024-01-30T17:05:13.364+0100] {processor.py:183} INFO - Processing /home/ubuntu/.local/lib/python3.10/site-packages/airflow/example_dags/example_dynamic_task_mapping_with_no_taskflow_operators.py took 0.416 seconds
[2024-01-30T17:06:34.088+0100] {processor.py:161} INFO - Started process (PID=6383) to work on /home/ubuntu/.local/lib/python3.10/site-packages/airflow/example_dags/example_dynamic_task_mapping_with_no_taskflow_operators.py
[2024-01-30T17:06:34.092+0100] {processor.py:830} INFO - Processing file /home/ubuntu/.local/lib/python3.10/site-packages/airflow/example_dags/example_dynamic_task_mapping_with_no_taskflow_operators.py for tasks to queue
[2024-01-30T17:06:34.100+0100] {logging_mixin.py:188} INFO - [2024-01-30T17:06:34.096+0100] {dagbag.py:538} INFO - Filling up the DagBag from /home/ubuntu/.local/lib/python3.10/site-packages/airflow/example_dags/example_dynamic_task_mapping_with_no_taskflow_operators.py
[2024-01-30T17:06:34.137+0100] {processor.py:840} INFO - DAG(s) 'example_dynamic_task_mapping_with_no_taskflow_operators' retrieved from /home/ubuntu/.local/lib/python3.10/site-packages/airflow/example_dags/example_dynamic_task_mapping_with_no_taskflow_operators.py
[2024-01-30T17:06:34.180+0100] {logging_mixin.py:188} INFO - [2024-01-30T17:06:34.179+0100] {dag.py:3033} INFO - Sync 1 DAGs
[2024-01-30T17:06:34.211+0100] {logging_mixin.py:188} INFO - [2024-01-30T17:06:34.211+0100] {dag.py:3820} INFO - Setting next_dagrun for example_dynamic_task_mapping_with_no_taskflow_operators to 2024-01-29T00:00:00+00:00, run_after=2024-01-30T00:00:00+00:00
[2024-01-30T17:06:34.274+0100] {processor.py:183} INFO - Processing /home/ubuntu/.local/lib/python3.10/site-packages/airflow/example_dags/example_dynamic_task_mapping_with_no_taskflow_operators.py took 0.197 seconds
[2024-01-30T20:35:39.873+0100] {processor.py:161} INFO - Started process (PID=6541) to work on /home/ubuntu/.local/lib/python3.10/site-packages/airflow/example_dags/example_dynamic_task_mapping_with_no_taskflow_operators.py
[2024-01-30T20:35:39.883+0100] {processor.py:830} INFO - Processing file /home/ubuntu/.local/lib/python3.10/site-packages/airflow/example_dags/example_dynamic_task_mapping_with_no_taskflow_operators.py for tasks to queue
[2024-01-30T20:35:39.885+0100] {logging_mixin.py:188} INFO - [2024-01-30T20:35:39.884+0100] {dagbag.py:538} INFO - Filling up the DagBag from /home/ubuntu/.local/lib/python3.10/site-packages/airflow/example_dags/example_dynamic_task_mapping_with_no_taskflow_operators.py
[2024-01-30T20:35:39.899+0100] {processor.py:840} INFO - DAG(s) 'example_dynamic_task_mapping_with_no_taskflow_operators' retrieved from /home/ubuntu/.local/lib/python3.10/site-packages/airflow/example_dags/example_dynamic_task_mapping_with_no_taskflow_operators.py
[2024-01-30T20:35:39.943+0100] {logging_mixin.py:188} INFO - [2024-01-30T20:35:39.936+0100] {dag.py:3033} INFO - Sync 1 DAGs
[2024-01-30T20:35:40.424+0100] {logging_mixin.py:188} INFO - [2024-01-30T20:35:40.423+0100] {dag.py:3820} INFO - Setting next_dagrun for example_dynamic_task_mapping_with_no_taskflow_operators to 2024-01-29T00:00:00+00:00, run_after=2024-01-30T00:00:00+00:00
[2024-01-30T20:35:40.524+0100] {processor.py:183} INFO - Processing /home/ubuntu/.local/lib/python3.10/site-packages/airflow/example_dags/example_dynamic_task_mapping_with_no_taskflow_operators.py took 0.678 seconds
