[2024-01-30T13:51:18.587+0100] {processor.py:161} INFO - Started process (PID=6179) to work on /home/ubuntu/.local/lib/python3.10/site-packages/airflow/example_dags/example_skip_dag.py
[2024-01-30T13:51:18.589+0100] {processor.py:830} INFO - Processing file /home/ubuntu/.local/lib/python3.10/site-packages/airflow/example_dags/example_skip_dag.py for tasks to queue
[2024-01-30T13:51:18.591+0100] {logging_mixin.py:188} INFO - [2024-01-30T13:51:18.590+0100] {dagbag.py:538} INFO - Filling up the DagBag from /home/ubuntu/.local/lib/python3.10/site-packages/airflow/example_dags/example_skip_dag.py
[2024-01-30T13:51:18.671+0100] {processor.py:840} INFO - DAG(s) 'example_skip_dag' retrieved from /home/ubuntu/.local/lib/python3.10/site-packages/airflow/example_dags/example_skip_dag.py
[2024-01-30T13:51:18.975+0100] {logging_mixin.py:188} INFO - [2024-01-30T13:51:18.972+0100] {dag.py:3033} INFO - Sync 1 DAGs
[2024-01-30T13:51:19.046+0100] {logging_mixin.py:188} INFO - [2024-01-30T13:51:19.045+0100] {dag.py:3820} INFO - Setting next_dagrun for example_skip_dag to 2024-01-29T00:00:00+00:00, run_after=2024-01-30T00:00:00+00:00
[2024-01-30T13:51:19.160+0100] {processor.py:183} INFO - Processing /home/ubuntu/.local/lib/python3.10/site-packages/airflow/example_dags/example_skip_dag.py took 0.579 seconds
[2024-01-30T13:52:46.830+0100] {processor.py:161} INFO - Started process (PID=6266) to work on /home/ubuntu/.local/lib/python3.10/site-packages/airflow/example_dags/example_skip_dag.py
[2024-01-30T13:52:46.839+0100] {processor.py:830} INFO - Processing file /home/ubuntu/.local/lib/python3.10/site-packages/airflow/example_dags/example_skip_dag.py for tasks to queue
[2024-01-30T13:52:46.842+0100] {logging_mixin.py:188} INFO - [2024-01-30T13:52:46.840+0100] {dagbag.py:538} INFO - Filling up the DagBag from /home/ubuntu/.local/lib/python3.10/site-packages/airflow/example_dags/example_skip_dag.py
[2024-01-30T13:52:46.884+0100] {processor.py:840} INFO - DAG(s) 'example_skip_dag' retrieved from /home/ubuntu/.local/lib/python3.10/site-packages/airflow/example_dags/example_skip_dag.py
[2024-01-30T13:52:46.912+0100] {logging_mixin.py:188} INFO - [2024-01-30T13:52:46.912+0100] {dag.py:3033} INFO - Sync 1 DAGs
[2024-01-30T13:52:46.941+0100] {logging_mixin.py:188} INFO - [2024-01-30T13:52:46.941+0100] {dag.py:3820} INFO - Setting next_dagrun for example_skip_dag to 2024-01-29T00:00:00+00:00, run_after=2024-01-30T00:00:00+00:00
[2024-01-30T13:52:46.977+0100] {processor.py:183} INFO - Processing /home/ubuntu/.local/lib/python3.10/site-packages/airflow/example_dags/example_skip_dag.py took 0.152 seconds
[2024-01-30T15:53:41.897+0100] {processor.py:161} INFO - Started process (PID=6384) to work on /home/ubuntu/.local/lib/python3.10/site-packages/airflow/example_dags/example_skip_dag.py
[2024-01-30T15:53:41.905+0100] {processor.py:830} INFO - Processing file /home/ubuntu/.local/lib/python3.10/site-packages/airflow/example_dags/example_skip_dag.py for tasks to queue
[2024-01-30T15:53:41.907+0100] {logging_mixin.py:188} INFO - [2024-01-30T15:53:41.906+0100] {dagbag.py:538} INFO - Filling up the DagBag from /home/ubuntu/.local/lib/python3.10/site-packages/airflow/example_dags/example_skip_dag.py
[2024-01-30T15:53:41.957+0100] {processor.py:840} INFO - DAG(s) 'example_skip_dag' retrieved from /home/ubuntu/.local/lib/python3.10/site-packages/airflow/example_dags/example_skip_dag.py
[2024-01-30T15:53:42.001+0100] {logging_mixin.py:188} INFO - [2024-01-30T15:53:42.001+0100] {dag.py:3033} INFO - Sync 1 DAGs
[2024-01-30T15:53:42.063+0100] {logging_mixin.py:188} INFO - [2024-01-30T15:53:42.062+0100] {dag.py:3820} INFO - Setting next_dagrun for example_skip_dag to 2024-01-29T00:00:00+00:00, run_after=2024-01-30T00:00:00+00:00
[2024-01-30T15:53:42.195+0100] {processor.py:183} INFO - Processing /home/ubuntu/.local/lib/python3.10/site-packages/airflow/example_dags/example_skip_dag.py took 0.303 seconds
[2024-01-30T15:54:44.946+0100] {processor.py:161} INFO - Started process (PID=6461) to work on /home/ubuntu/.local/lib/python3.10/site-packages/airflow/example_dags/example_skip_dag.py
[2024-01-30T15:54:44.951+0100] {processor.py:830} INFO - Processing file /home/ubuntu/.local/lib/python3.10/site-packages/airflow/example_dags/example_skip_dag.py for tasks to queue
[2024-01-30T15:54:44.954+0100] {logging_mixin.py:188} INFO - [2024-01-30T15:54:44.953+0100] {dagbag.py:538} INFO - Filling up the DagBag from /home/ubuntu/.local/lib/python3.10/site-packages/airflow/example_dags/example_skip_dag.py
[2024-01-30T15:54:44.971+0100] {processor.py:840} INFO - DAG(s) 'example_skip_dag' retrieved from /home/ubuntu/.local/lib/python3.10/site-packages/airflow/example_dags/example_skip_dag.py
[2024-01-30T15:54:45.012+0100] {logging_mixin.py:188} INFO - [2024-01-30T15:54:45.012+0100] {dag.py:3033} INFO - Sync 1 DAGs
[2024-01-30T15:54:45.058+0100] {logging_mixin.py:188} INFO - [2024-01-30T15:54:45.057+0100] {dag.py:3820} INFO - Setting next_dagrun for example_skip_dag to 2024-01-29T00:00:00+00:00, run_after=2024-01-30T00:00:00+00:00
[2024-01-30T15:54:45.129+0100] {processor.py:183} INFO - Processing /home/ubuntu/.local/lib/python3.10/site-packages/airflow/example_dags/example_skip_dag.py took 0.205 seconds
[2024-01-30T15:55:46.448+0100] {processor.py:161} INFO - Started process (PID=6523) to work on /home/ubuntu/.local/lib/python3.10/site-packages/airflow/example_dags/example_skip_dag.py
[2024-01-30T15:55:46.451+0100] {processor.py:830} INFO - Processing file /home/ubuntu/.local/lib/python3.10/site-packages/airflow/example_dags/example_skip_dag.py for tasks to queue
[2024-01-30T15:55:46.453+0100] {logging_mixin.py:188} INFO - [2024-01-30T15:55:46.452+0100] {dagbag.py:538} INFO - Filling up the DagBag from /home/ubuntu/.local/lib/python3.10/site-packages/airflow/example_dags/example_skip_dag.py
[2024-01-30T15:55:46.463+0100] {processor.py:840} INFO - DAG(s) 'example_skip_dag' retrieved from /home/ubuntu/.local/lib/python3.10/site-packages/airflow/example_dags/example_skip_dag.py
[2024-01-30T15:55:46.487+0100] {logging_mixin.py:188} INFO - [2024-01-30T15:55:46.487+0100] {dag.py:3033} INFO - Sync 1 DAGs
[2024-01-30T15:55:46.521+0100] {logging_mixin.py:188} INFO - [2024-01-30T15:55:46.521+0100] {dag.py:3820} INFO - Setting next_dagrun for example_skip_dag to 2024-01-29T00:00:00+00:00, run_after=2024-01-30T00:00:00+00:00
[2024-01-30T15:55:46.568+0100] {processor.py:183} INFO - Processing /home/ubuntu/.local/lib/python3.10/site-packages/airflow/example_dags/example_skip_dag.py took 0.125 seconds
[2024-01-30T15:56:47.152+0100] {processor.py:161} INFO - Started process (PID=6580) to work on /home/ubuntu/.local/lib/python3.10/site-packages/airflow/example_dags/example_skip_dag.py
[2024-01-30T15:56:47.155+0100] {processor.py:830} INFO - Processing file /home/ubuntu/.local/lib/python3.10/site-packages/airflow/example_dags/example_skip_dag.py for tasks to queue
[2024-01-30T15:56:47.157+0100] {logging_mixin.py:188} INFO - [2024-01-30T15:56:47.156+0100] {dagbag.py:538} INFO - Filling up the DagBag from /home/ubuntu/.local/lib/python3.10/site-packages/airflow/example_dags/example_skip_dag.py
[2024-01-30T15:56:47.177+0100] {processor.py:840} INFO - DAG(s) 'example_skip_dag' retrieved from /home/ubuntu/.local/lib/python3.10/site-packages/airflow/example_dags/example_skip_dag.py
[2024-01-30T15:56:47.252+0100] {logging_mixin.py:188} INFO - [2024-01-30T15:56:47.252+0100] {dag.py:3033} INFO - Sync 1 DAGs
[2024-01-30T15:56:47.298+0100] {logging_mixin.py:188} INFO - [2024-01-30T15:56:47.298+0100] {dag.py:3820} INFO - Setting next_dagrun for example_skip_dag to 2024-01-29T00:00:00+00:00, run_after=2024-01-30T00:00:00+00:00
[2024-01-30T15:56:48.133+0100] {processor.py:183} INFO - Processing /home/ubuntu/.local/lib/python3.10/site-packages/airflow/example_dags/example_skip_dag.py took 0.989 seconds
[2024-01-30T15:59:39.366+0100] {processor.py:161} INFO - Started process (PID=7965) to work on /home/ubuntu/.local/lib/python3.10/site-packages/airflow/example_dags/example_skip_dag.py
[2024-01-30T15:59:39.385+0100] {processor.py:830} INFO - Processing file /home/ubuntu/.local/lib/python3.10/site-packages/airflow/example_dags/example_skip_dag.py for tasks to queue
[2024-01-30T15:59:39.387+0100] {logging_mixin.py:188} INFO - [2024-01-30T15:59:39.386+0100] {dagbag.py:538} INFO - Filling up the DagBag from /home/ubuntu/.local/lib/python3.10/site-packages/airflow/example_dags/example_skip_dag.py
[2024-01-30T15:59:39.401+0100] {processor.py:840} INFO - DAG(s) 'example_skip_dag' retrieved from /home/ubuntu/.local/lib/python3.10/site-packages/airflow/example_dags/example_skip_dag.py
[2024-01-30T15:59:39.570+0100] {logging_mixin.py:188} INFO - [2024-01-30T15:59:39.570+0100] {dag.py:3033} INFO - Sync 1 DAGs
[2024-01-30T15:59:39.702+0100] {logging_mixin.py:188} INFO - [2024-01-30T15:59:39.701+0100] {dag.py:3820} INFO - Setting next_dagrun for example_skip_dag to 2024-01-29T00:00:00+00:00, run_after=2024-01-30T00:00:00+00:00
[2024-01-30T15:59:39.825+0100] {processor.py:183} INFO - Processing /home/ubuntu/.local/lib/python3.10/site-packages/airflow/example_dags/example_skip_dag.py took 0.468 seconds
[2024-01-30T16:01:25.569+0100] {processor.py:161} INFO - Started process (PID=8361) to work on /home/ubuntu/.local/lib/python3.10/site-packages/airflow/example_dags/example_skip_dag.py
[2024-01-30T16:01:25.579+0100] {processor.py:830} INFO - Processing file /home/ubuntu/.local/lib/python3.10/site-packages/airflow/example_dags/example_skip_dag.py for tasks to queue
[2024-01-30T16:01:25.580+0100] {logging_mixin.py:188} INFO - [2024-01-30T16:01:25.580+0100] {dagbag.py:538} INFO - Filling up the DagBag from /home/ubuntu/.local/lib/python3.10/site-packages/airflow/example_dags/example_skip_dag.py
[2024-01-30T16:01:25.600+0100] {processor.py:840} INFO - DAG(s) 'example_skip_dag' retrieved from /home/ubuntu/.local/lib/python3.10/site-packages/airflow/example_dags/example_skip_dag.py
[2024-01-30T16:01:25.660+0100] {logging_mixin.py:188} INFO - [2024-01-30T16:01:25.659+0100] {dag.py:3033} INFO - Sync 1 DAGs
[2024-01-30T16:01:25.704+0100] {logging_mixin.py:188} INFO - [2024-01-30T16:01:25.704+0100] {dag.py:3820} INFO - Setting next_dagrun for example_skip_dag to 2024-01-29T00:00:00+00:00, run_after=2024-01-30T00:00:00+00:00
[2024-01-30T16:01:25.787+0100] {processor.py:183} INFO - Processing /home/ubuntu/.local/lib/python3.10/site-packages/airflow/example_dags/example_skip_dag.py took 0.227 seconds
[2024-01-30T16:08:11.353+0100] {processor.py:161} INFO - Started process (PID=9437) to work on /home/ubuntu/.local/lib/python3.10/site-packages/airflow/example_dags/example_skip_dag.py
[2024-01-30T16:08:11.361+0100] {processor.py:830} INFO - Processing file /home/ubuntu/.local/lib/python3.10/site-packages/airflow/example_dags/example_skip_dag.py for tasks to queue
[2024-01-30T16:08:11.427+0100] {logging_mixin.py:188} INFO - [2024-01-30T16:08:11.362+0100] {dagbag.py:538} INFO - Filling up the DagBag from /home/ubuntu/.local/lib/python3.10/site-packages/airflow/example_dags/example_skip_dag.py
[2024-01-30T16:08:11.486+0100] {processor.py:840} INFO - DAG(s) 'example_skip_dag' retrieved from /home/ubuntu/.local/lib/python3.10/site-packages/airflow/example_dags/example_skip_dag.py
[2024-01-30T16:08:11.592+0100] {logging_mixin.py:188} INFO - [2024-01-30T16:08:11.592+0100] {dag.py:3033} INFO - Sync 1 DAGs
[2024-01-30T16:08:11.635+0100] {logging_mixin.py:188} INFO - [2024-01-30T16:08:11.635+0100] {dag.py:3820} INFO - Setting next_dagrun for example_skip_dag to 2024-01-29T00:00:00+00:00, run_after=2024-01-30T00:00:00+00:00
[2024-01-30T16:08:11.698+0100] {processor.py:183} INFO - Processing /home/ubuntu/.local/lib/python3.10/site-packages/airflow/example_dags/example_skip_dag.py took 0.378 seconds
[2024-01-30T16:18:38.261+0100] {processor.py:161} INFO - Started process (PID=5665) to work on /home/ubuntu/.local/lib/python3.10/site-packages/airflow/example_dags/example_skip_dag.py
[2024-01-30T16:18:38.266+0100] {processor.py:830} INFO - Processing file /home/ubuntu/.local/lib/python3.10/site-packages/airflow/example_dags/example_skip_dag.py for tasks to queue
[2024-01-30T16:18:38.269+0100] {logging_mixin.py:188} INFO - [2024-01-30T16:18:38.268+0100] {dagbag.py:538} INFO - Filling up the DagBag from /home/ubuntu/.local/lib/python3.10/site-packages/airflow/example_dags/example_skip_dag.py
[2024-01-30T16:18:38.284+0100] {processor.py:840} INFO - DAG(s) 'example_skip_dag' retrieved from /home/ubuntu/.local/lib/python3.10/site-packages/airflow/example_dags/example_skip_dag.py
[2024-01-30T16:18:38.735+0100] {logging_mixin.py:188} INFO - [2024-01-30T16:18:38.735+0100] {dag.py:3033} INFO - Sync 1 DAGs
[2024-01-30T16:18:38.781+0100] {logging_mixin.py:188} INFO - [2024-01-30T16:18:38.781+0100] {dag.py:3820} INFO - Setting next_dagrun for example_skip_dag to 2024-01-29T00:00:00+00:00, run_after=2024-01-30T00:00:00+00:00
[2024-01-30T16:18:38.860+0100] {processor.py:183} INFO - Processing /home/ubuntu/.local/lib/python3.10/site-packages/airflow/example_dags/example_skip_dag.py took 0.607 seconds
[2024-01-30T16:20:35.109+0100] {processor.py:161} INFO - Started process (PID=6168) to work on /home/ubuntu/.local/lib/python3.10/site-packages/airflow/example_dags/example_skip_dag.py
[2024-01-30T16:20:35.147+0100] {processor.py:830} INFO - Processing file /home/ubuntu/.local/lib/python3.10/site-packages/airflow/example_dags/example_skip_dag.py for tasks to queue
[2024-01-30T16:20:35.149+0100] {logging_mixin.py:188} INFO - [2024-01-30T16:20:35.148+0100] {dagbag.py:538} INFO - Filling up the DagBag from /home/ubuntu/.local/lib/python3.10/site-packages/airflow/example_dags/example_skip_dag.py
[2024-01-30T16:20:35.239+0100] {processor.py:840} INFO - DAG(s) 'example_skip_dag' retrieved from /home/ubuntu/.local/lib/python3.10/site-packages/airflow/example_dags/example_skip_dag.py
[2024-01-30T16:20:35.315+0100] {logging_mixin.py:188} INFO - [2024-01-30T16:20:35.315+0100] {dag.py:3033} INFO - Sync 1 DAGs
[2024-01-30T16:20:35.391+0100] {logging_mixin.py:188} INFO - [2024-01-30T16:20:35.390+0100] {dag.py:3820} INFO - Setting next_dagrun for example_skip_dag to 2024-01-29T00:00:00+00:00, run_after=2024-01-30T00:00:00+00:00
[2024-01-30T16:20:35.473+0100] {processor.py:183} INFO - Processing /home/ubuntu/.local/lib/python3.10/site-packages/airflow/example_dags/example_skip_dag.py took 0.413 seconds
[2024-01-30T16:25:33.283+0100] {processor.py:161} INFO - Started process (PID=7428) to work on /home/ubuntu/.local/lib/python3.10/site-packages/airflow/example_dags/example_skip_dag.py
[2024-01-30T16:25:33.291+0100] {processor.py:830} INFO - Processing file /home/ubuntu/.local/lib/python3.10/site-packages/airflow/example_dags/example_skip_dag.py for tasks to queue
[2024-01-30T16:25:33.308+0100] {logging_mixin.py:188} INFO - [2024-01-30T16:25:33.293+0100] {dagbag.py:538} INFO - Filling up the DagBag from /home/ubuntu/.local/lib/python3.10/site-packages/airflow/example_dags/example_skip_dag.py
[2024-01-30T16:25:33.483+0100] {processor.py:840} INFO - DAG(s) 'example_skip_dag' retrieved from /home/ubuntu/.local/lib/python3.10/site-packages/airflow/example_dags/example_skip_dag.py
[2024-01-30T16:25:34.192+0100] {logging_mixin.py:188} INFO - [2024-01-30T16:25:34.191+0100] {dag.py:3033} INFO - Sync 1 DAGs
[2024-01-30T16:25:34.350+0100] {logging_mixin.py:188} INFO - [2024-01-30T16:25:34.350+0100] {dag.py:3820} INFO - Setting next_dagrun for example_skip_dag to 2024-01-29T00:00:00+00:00, run_after=2024-01-30T00:00:00+00:00
[2024-01-30T16:25:34.804+0100] {processor.py:183} INFO - Processing /home/ubuntu/.local/lib/python3.10/site-packages/airflow/example_dags/example_skip_dag.py took 1.549 seconds
[2024-01-30T16:31:00.959+0100] {processor.py:161} INFO - Started process (PID=8503) to work on /home/ubuntu/.local/lib/python3.10/site-packages/airflow/example_dags/example_skip_dag.py
[2024-01-30T16:31:00.970+0100] {processor.py:830} INFO - Processing file /home/ubuntu/.local/lib/python3.10/site-packages/airflow/example_dags/example_skip_dag.py for tasks to queue
[2024-01-30T16:31:00.973+0100] {logging_mixin.py:188} INFO - [2024-01-30T16:31:00.972+0100] {dagbag.py:538} INFO - Filling up the DagBag from /home/ubuntu/.local/lib/python3.10/site-packages/airflow/example_dags/example_skip_dag.py
[2024-01-30T16:31:01.032+0100] {processor.py:840} INFO - DAG(s) 'example_skip_dag' retrieved from /home/ubuntu/.local/lib/python3.10/site-packages/airflow/example_dags/example_skip_dag.py
[2024-01-30T16:31:01.195+0100] {logging_mixin.py:188} INFO - [2024-01-30T16:31:01.194+0100] {dag.py:3033} INFO - Sync 1 DAGs
[2024-01-30T16:31:01.369+0100] {logging_mixin.py:188} INFO - [2024-01-30T16:31:01.369+0100] {dag.py:3820} INFO - Setting next_dagrun for example_skip_dag to 2024-01-29T00:00:00+00:00, run_after=2024-01-30T00:00:00+00:00
[2024-01-30T16:31:01.834+0100] {processor.py:183} INFO - Processing /home/ubuntu/.local/lib/python3.10/site-packages/airflow/example_dags/example_skip_dag.py took 0.889 seconds
[2024-01-30T16:32:48.743+0100] {processor.py:161} INFO - Started process (PID=9323) to work on /home/ubuntu/.local/lib/python3.10/site-packages/airflow/example_dags/example_skip_dag.py
[2024-01-30T16:32:48.751+0100] {processor.py:830} INFO - Processing file /home/ubuntu/.local/lib/python3.10/site-packages/airflow/example_dags/example_skip_dag.py for tasks to queue
[2024-01-30T16:32:48.754+0100] {logging_mixin.py:188} INFO - [2024-01-30T16:32:48.753+0100] {dagbag.py:538} INFO - Filling up the DagBag from /home/ubuntu/.local/lib/python3.10/site-packages/airflow/example_dags/example_skip_dag.py
[2024-01-30T16:32:48.769+0100] {processor.py:840} INFO - DAG(s) 'example_skip_dag' retrieved from /home/ubuntu/.local/lib/python3.10/site-packages/airflow/example_dags/example_skip_dag.py
[2024-01-30T16:32:48.800+0100] {logging_mixin.py:188} INFO - [2024-01-30T16:32:48.800+0100] {dag.py:3033} INFO - Sync 1 DAGs
[2024-01-30T16:32:48.866+0100] {logging_mixin.py:188} INFO - [2024-01-30T16:32:48.865+0100] {dag.py:3820} INFO - Setting next_dagrun for example_skip_dag to 2024-01-29T00:00:00+00:00, run_after=2024-01-30T00:00:00+00:00
[2024-01-30T16:32:48.911+0100] {processor.py:183} INFO - Processing /home/ubuntu/.local/lib/python3.10/site-packages/airflow/example_dags/example_skip_dag.py took 0.175 seconds
[2024-01-30T16:50:05.753+0100] {processor.py:161} INFO - Started process (PID=5289) to work on /home/ubuntu/.local/lib/python3.10/site-packages/airflow/example_dags/example_skip_dag.py
[2024-01-30T16:50:05.759+0100] {processor.py:830} INFO - Processing file /home/ubuntu/.local/lib/python3.10/site-packages/airflow/example_dags/example_skip_dag.py for tasks to queue
[2024-01-30T16:50:05.762+0100] {logging_mixin.py:188} INFO - [2024-01-30T16:50:05.761+0100] {dagbag.py:538} INFO - Filling up the DagBag from /home/ubuntu/.local/lib/python3.10/site-packages/airflow/example_dags/example_skip_dag.py
[2024-01-30T16:50:05.772+0100] {processor.py:840} INFO - DAG(s) 'example_skip_dag' retrieved from /home/ubuntu/.local/lib/python3.10/site-packages/airflow/example_dags/example_skip_dag.py
[2024-01-30T16:50:06.051+0100] {logging_mixin.py:188} INFO - [2024-01-30T16:50:06.050+0100] {dag.py:3033} INFO - Sync 1 DAGs
[2024-01-30T16:50:06.110+0100] {logging_mixin.py:188} INFO - [2024-01-30T16:50:06.109+0100] {dag.py:3820} INFO - Setting next_dagrun for example_skip_dag to 2024-01-29T00:00:00+00:00, run_after=2024-01-30T00:00:00+00:00
[2024-01-30T16:50:06.183+0100] {processor.py:183} INFO - Processing /home/ubuntu/.local/lib/python3.10/site-packages/airflow/example_dags/example_skip_dag.py took 0.439 seconds
[2024-01-30T16:51:32.744+0100] {processor.py:161} INFO - Started process (PID=5362) to work on /home/ubuntu/.local/lib/python3.10/site-packages/airflow/example_dags/example_skip_dag.py
[2024-01-30T16:51:32.753+0100] {processor.py:830} INFO - Processing file /home/ubuntu/.local/lib/python3.10/site-packages/airflow/example_dags/example_skip_dag.py for tasks to queue
[2024-01-30T16:51:32.756+0100] {logging_mixin.py:188} INFO - [2024-01-30T16:51:32.755+0100] {dagbag.py:538} INFO - Filling up the DagBag from /home/ubuntu/.local/lib/python3.10/site-packages/airflow/example_dags/example_skip_dag.py
[2024-01-30T16:51:32.775+0100] {processor.py:840} INFO - DAG(s) 'example_skip_dag' retrieved from /home/ubuntu/.local/lib/python3.10/site-packages/airflow/example_dags/example_skip_dag.py
[2024-01-30T16:51:32.819+0100] {logging_mixin.py:188} INFO - [2024-01-30T16:51:32.819+0100] {dag.py:3033} INFO - Sync 1 DAGs
[2024-01-30T16:51:32.885+0100] {logging_mixin.py:188} INFO - [2024-01-30T16:51:32.884+0100] {dag.py:3820} INFO - Setting next_dagrun for example_skip_dag to 2024-01-29T00:00:00+00:00, run_after=2024-01-30T00:00:00+00:00
[2024-01-30T16:51:32.939+0100] {processor.py:183} INFO - Processing /home/ubuntu/.local/lib/python3.10/site-packages/airflow/example_dags/example_skip_dag.py took 0.209 seconds
[2024-01-30T16:52:53.390+0100] {processor.py:161} INFO - Started process (PID=5443) to work on /home/ubuntu/.local/lib/python3.10/site-packages/airflow/example_dags/example_skip_dag.py
[2024-01-30T16:52:53.395+0100] {processor.py:830} INFO - Processing file /home/ubuntu/.local/lib/python3.10/site-packages/airflow/example_dags/example_skip_dag.py for tasks to queue
[2024-01-30T16:52:53.403+0100] {logging_mixin.py:188} INFO - [2024-01-30T16:52:53.397+0100] {dagbag.py:538} INFO - Filling up the DagBag from /home/ubuntu/.local/lib/python3.10/site-packages/airflow/example_dags/example_skip_dag.py
[2024-01-30T16:52:53.415+0100] {processor.py:840} INFO - DAG(s) 'example_skip_dag' retrieved from /home/ubuntu/.local/lib/python3.10/site-packages/airflow/example_dags/example_skip_dag.py
[2024-01-30T16:52:53.475+0100] {logging_mixin.py:188} INFO - [2024-01-30T16:52:53.474+0100] {dag.py:3033} INFO - Sync 1 DAGs
[2024-01-30T16:52:53.535+0100] {logging_mixin.py:188} INFO - [2024-01-30T16:52:53.535+0100] {dag.py:3820} INFO - Setting next_dagrun for example_skip_dag to 2024-01-29T00:00:00+00:00, run_after=2024-01-30T00:00:00+00:00
[2024-01-30T16:52:53.584+0100] {processor.py:183} INFO - Processing /home/ubuntu/.local/lib/python3.10/site-packages/airflow/example_dags/example_skip_dag.py took 0.199 seconds
[2024-01-30T16:54:50.997+0100] {processor.py:161} INFO - Started process (PID=5654) to work on /home/ubuntu/.local/lib/python3.10/site-packages/airflow/example_dags/example_skip_dag.py
[2024-01-30T16:54:51.031+0100] {processor.py:830} INFO - Processing file /home/ubuntu/.local/lib/python3.10/site-packages/airflow/example_dags/example_skip_dag.py for tasks to queue
[2024-01-30T16:54:51.033+0100] {logging_mixin.py:188} INFO - [2024-01-30T16:54:51.032+0100] {dagbag.py:538} INFO - Filling up the DagBag from /home/ubuntu/.local/lib/python3.10/site-packages/airflow/example_dags/example_skip_dag.py
[2024-01-30T16:54:51.107+0100] {processor.py:840} INFO - DAG(s) 'example_skip_dag' retrieved from /home/ubuntu/.local/lib/python3.10/site-packages/airflow/example_dags/example_skip_dag.py
[2024-01-30T16:54:51.322+0100] {logging_mixin.py:188} INFO - [2024-01-30T16:54:51.322+0100] {dag.py:3033} INFO - Sync 1 DAGs
[2024-01-30T16:54:51.397+0100] {logging_mixin.py:188} INFO - [2024-01-30T16:54:51.396+0100] {dag.py:3820} INFO - Setting next_dagrun for example_skip_dag to 2024-01-29T00:00:00+00:00, run_after=2024-01-30T00:00:00+00:00
[2024-01-30T16:54:51.509+0100] {processor.py:183} INFO - Processing /home/ubuntu/.local/lib/python3.10/site-packages/airflow/example_dags/example_skip_dag.py took 0.537 seconds
[2024-01-30T16:56:26.392+0100] {processor.py:161} INFO - Started process (PID=5727) to work on /home/ubuntu/.local/lib/python3.10/site-packages/airflow/example_dags/example_skip_dag.py
[2024-01-30T16:56:26.397+0100] {processor.py:830} INFO - Processing file /home/ubuntu/.local/lib/python3.10/site-packages/airflow/example_dags/example_skip_dag.py for tasks to queue
[2024-01-30T16:56:26.398+0100] {logging_mixin.py:188} INFO - [2024-01-30T16:56:26.398+0100] {dagbag.py:538} INFO - Filling up the DagBag from /home/ubuntu/.local/lib/python3.10/site-packages/airflow/example_dags/example_skip_dag.py
[2024-01-30T16:56:26.430+0100] {processor.py:840} INFO - DAG(s) 'example_skip_dag' retrieved from /home/ubuntu/.local/lib/python3.10/site-packages/airflow/example_dags/example_skip_dag.py
[2024-01-30T16:56:26.518+0100] {logging_mixin.py:188} INFO - [2024-01-30T16:56:26.517+0100] {dag.py:3033} INFO - Sync 1 DAGs
[2024-01-30T16:56:26.594+0100] {logging_mixin.py:188} INFO - [2024-01-30T16:56:26.593+0100] {dag.py:3820} INFO - Setting next_dagrun for example_skip_dag to 2024-01-29T00:00:00+00:00, run_after=2024-01-30T00:00:00+00:00
[2024-01-30T16:56:26.746+0100] {processor.py:183} INFO - Processing /home/ubuntu/.local/lib/python3.10/site-packages/airflow/example_dags/example_skip_dag.py took 0.359 seconds
[2024-01-30T16:57:54.140+0100] {processor.py:161} INFO - Started process (PID=5805) to work on /home/ubuntu/.local/lib/python3.10/site-packages/airflow/example_dags/example_skip_dag.py
[2024-01-30T16:57:54.150+0100] {processor.py:830} INFO - Processing file /home/ubuntu/.local/lib/python3.10/site-packages/airflow/example_dags/example_skip_dag.py for tasks to queue
[2024-01-30T16:57:54.153+0100] {logging_mixin.py:188} INFO - [2024-01-30T16:57:54.152+0100] {dagbag.py:538} INFO - Filling up the DagBag from /home/ubuntu/.local/lib/python3.10/site-packages/airflow/example_dags/example_skip_dag.py
[2024-01-30T16:57:54.172+0100] {processor.py:840} INFO - DAG(s) 'example_skip_dag' retrieved from /home/ubuntu/.local/lib/python3.10/site-packages/airflow/example_dags/example_skip_dag.py
[2024-01-30T16:57:54.240+0100] {logging_mixin.py:188} INFO - [2024-01-30T16:57:54.239+0100] {dag.py:3033} INFO - Sync 1 DAGs
[2024-01-30T16:57:54.289+0100] {logging_mixin.py:188} INFO - [2024-01-30T16:57:54.289+0100] {dag.py:3820} INFO - Setting next_dagrun for example_skip_dag to 2024-01-29T00:00:00+00:00, run_after=2024-01-30T00:00:00+00:00
[2024-01-30T16:57:54.404+0100] {processor.py:183} INFO - Processing /home/ubuntu/.local/lib/python3.10/site-packages/airflow/example_dags/example_skip_dag.py took 0.270 seconds
[2024-01-30T16:59:01.980+0100] {processor.py:161} INFO - Started process (PID=5874) to work on /home/ubuntu/.local/lib/python3.10/site-packages/airflow/example_dags/example_skip_dag.py
[2024-01-30T16:59:01.983+0100] {processor.py:830} INFO - Processing file /home/ubuntu/.local/lib/python3.10/site-packages/airflow/example_dags/example_skip_dag.py for tasks to queue
[2024-01-30T16:59:01.986+0100] {logging_mixin.py:188} INFO - [2024-01-30T16:59:01.985+0100] {dagbag.py:538} INFO - Filling up the DagBag from /home/ubuntu/.local/lib/python3.10/site-packages/airflow/example_dags/example_skip_dag.py
[2024-01-30T16:59:02.010+0100] {processor.py:840} INFO - DAG(s) 'example_skip_dag' retrieved from /home/ubuntu/.local/lib/python3.10/site-packages/airflow/example_dags/example_skip_dag.py
[2024-01-30T16:59:02.045+0100] {logging_mixin.py:188} INFO - [2024-01-30T16:59:02.044+0100] {dag.py:3033} INFO - Sync 1 DAGs
[2024-01-30T16:59:02.079+0100] {logging_mixin.py:188} INFO - [2024-01-30T16:59:02.079+0100] {dag.py:3820} INFO - Setting next_dagrun for example_skip_dag to 2024-01-29T00:00:00+00:00, run_after=2024-01-30T00:00:00+00:00
[2024-01-30T16:59:02.125+0100] {processor.py:183} INFO - Processing /home/ubuntu/.local/lib/python3.10/site-packages/airflow/example_dags/example_skip_dag.py took 0.154 seconds
[2024-01-30T17:01:04.551+0100] {processor.py:161} INFO - Started process (PID=6098) to work on /home/ubuntu/.local/lib/python3.10/site-packages/airflow/example_dags/example_skip_dag.py
[2024-01-30T17:01:04.563+0100] {processor.py:830} INFO - Processing file /home/ubuntu/.local/lib/python3.10/site-packages/airflow/example_dags/example_skip_dag.py for tasks to queue
[2024-01-30T17:01:04.564+0100] {logging_mixin.py:188} INFO - [2024-01-30T17:01:04.564+0100] {dagbag.py:538} INFO - Filling up the DagBag from /home/ubuntu/.local/lib/python3.10/site-packages/airflow/example_dags/example_skip_dag.py
[2024-01-30T17:01:04.609+0100] {processor.py:840} INFO - DAG(s) 'example_skip_dag' retrieved from /home/ubuntu/.local/lib/python3.10/site-packages/airflow/example_dags/example_skip_dag.py
[2024-01-30T17:01:04.660+0100] {logging_mixin.py:188} INFO - [2024-01-30T17:01:04.659+0100] {dag.py:3033} INFO - Sync 1 DAGs
[2024-01-30T17:01:04.972+0100] {logging_mixin.py:188} INFO - [2024-01-30T17:01:04.972+0100] {dag.py:3820} INFO - Setting next_dagrun for example_skip_dag to 2024-01-29T00:00:00+00:00, run_after=2024-01-30T00:00:00+00:00
[2024-01-30T17:01:05.065+0100] {processor.py:183} INFO - Processing /home/ubuntu/.local/lib/python3.10/site-packages/airflow/example_dags/example_skip_dag.py took 0.519 seconds
[2024-01-30T17:02:30.508+0100] {processor.py:161} INFO - Started process (PID=6170) to work on /home/ubuntu/.local/lib/python3.10/site-packages/airflow/example_dags/example_skip_dag.py
[2024-01-30T17:02:30.514+0100] {processor.py:830} INFO - Processing file /home/ubuntu/.local/lib/python3.10/site-packages/airflow/example_dags/example_skip_dag.py for tasks to queue
[2024-01-30T17:02:30.517+0100] {logging_mixin.py:188} INFO - [2024-01-30T17:02:30.516+0100] {dagbag.py:538} INFO - Filling up the DagBag from /home/ubuntu/.local/lib/python3.10/site-packages/airflow/example_dags/example_skip_dag.py
[2024-01-30T17:02:30.541+0100] {processor.py:840} INFO - DAG(s) 'example_skip_dag' retrieved from /home/ubuntu/.local/lib/python3.10/site-packages/airflow/example_dags/example_skip_dag.py
[2024-01-30T17:02:30.578+0100] {logging_mixin.py:188} INFO - [2024-01-30T17:02:30.573+0100] {dag.py:3033} INFO - Sync 1 DAGs
[2024-01-30T17:02:30.628+0100] {logging_mixin.py:188} INFO - [2024-01-30T17:02:30.627+0100] {dag.py:3820} INFO - Setting next_dagrun for example_skip_dag to 2024-01-29T00:00:00+00:00, run_after=2024-01-30T00:00:00+00:00
[2024-01-30T17:02:30.711+0100] {processor.py:183} INFO - Processing /home/ubuntu/.local/lib/python3.10/site-packages/airflow/example_dags/example_skip_dag.py took 0.208 seconds
[2024-01-30T17:03:44.003+0100] {processor.py:161} INFO - Started process (PID=6238) to work on /home/ubuntu/.local/lib/python3.10/site-packages/airflow/example_dags/example_skip_dag.py
[2024-01-30T17:03:44.007+0100] {processor.py:830} INFO - Processing file /home/ubuntu/.local/lib/python3.10/site-packages/airflow/example_dags/example_skip_dag.py for tasks to queue
[2024-01-30T17:03:44.009+0100] {logging_mixin.py:188} INFO - [2024-01-30T17:03:44.008+0100] {dagbag.py:538} INFO - Filling up the DagBag from /home/ubuntu/.local/lib/python3.10/site-packages/airflow/example_dags/example_skip_dag.py
[2024-01-30T17:03:44.020+0100] {processor.py:840} INFO - DAG(s) 'example_skip_dag' retrieved from /home/ubuntu/.local/lib/python3.10/site-packages/airflow/example_dags/example_skip_dag.py
[2024-01-30T17:03:44.087+0100] {logging_mixin.py:188} INFO - [2024-01-30T17:03:44.086+0100] {dag.py:3033} INFO - Sync 1 DAGs
[2024-01-30T17:03:44.168+0100] {logging_mixin.py:188} INFO - [2024-01-30T17:03:44.168+0100] {dag.py:3820} INFO - Setting next_dagrun for example_skip_dag to 2024-01-29T00:00:00+00:00, run_after=2024-01-30T00:00:00+00:00
[2024-01-30T17:03:44.323+0100] {processor.py:183} INFO - Processing /home/ubuntu/.local/lib/python3.10/site-packages/airflow/example_dags/example_skip_dag.py took 0.325 seconds
[2024-01-30T17:05:02.031+0100] {processor.py:161} INFO - Started process (PID=6306) to work on /home/ubuntu/.local/lib/python3.10/site-packages/airflow/example_dags/example_skip_dag.py
[2024-01-30T17:05:02.037+0100] {processor.py:830} INFO - Processing file /home/ubuntu/.local/lib/python3.10/site-packages/airflow/example_dags/example_skip_dag.py for tasks to queue
[2024-01-30T17:05:02.042+0100] {logging_mixin.py:188} INFO - [2024-01-30T17:05:02.041+0100] {dagbag.py:538} INFO - Filling up the DagBag from /home/ubuntu/.local/lib/python3.10/site-packages/airflow/example_dags/example_skip_dag.py
[2024-01-30T17:05:02.068+0100] {processor.py:840} INFO - DAG(s) 'example_skip_dag' retrieved from /home/ubuntu/.local/lib/python3.10/site-packages/airflow/example_dags/example_skip_dag.py
[2024-01-30T17:05:02.118+0100] {logging_mixin.py:188} INFO - [2024-01-30T17:05:02.118+0100] {dag.py:3033} INFO - Sync 1 DAGs
[2024-01-30T17:05:02.165+0100] {logging_mixin.py:188} INFO - [2024-01-30T17:05:02.165+0100] {dag.py:3820} INFO - Setting next_dagrun for example_skip_dag to 2024-01-29T00:00:00+00:00, run_after=2024-01-30T00:00:00+00:00
[2024-01-30T17:05:02.495+0100] {processor.py:183} INFO - Processing /home/ubuntu/.local/lib/python3.10/site-packages/airflow/example_dags/example_skip_dag.py took 0.481 seconds
[2024-01-30T17:06:24.192+0100] {processor.py:161} INFO - Started process (PID=6375) to work on /home/ubuntu/.local/lib/python3.10/site-packages/airflow/example_dags/example_skip_dag.py
[2024-01-30T17:06:24.207+0100] {processor.py:830} INFO - Processing file /home/ubuntu/.local/lib/python3.10/site-packages/airflow/example_dags/example_skip_dag.py for tasks to queue
[2024-01-30T17:06:24.208+0100] {logging_mixin.py:188} INFO - [2024-01-30T17:06:24.208+0100] {dagbag.py:538} INFO - Filling up the DagBag from /home/ubuntu/.local/lib/python3.10/site-packages/airflow/example_dags/example_skip_dag.py
[2024-01-30T17:06:24.260+0100] {processor.py:840} INFO - DAG(s) 'example_skip_dag' retrieved from /home/ubuntu/.local/lib/python3.10/site-packages/airflow/example_dags/example_skip_dag.py
[2024-01-30T17:06:24.284+0100] {logging_mixin.py:188} INFO - [2024-01-30T17:06:24.283+0100] {dag.py:3033} INFO - Sync 1 DAGs
[2024-01-30T17:06:24.336+0100] {logging_mixin.py:188} INFO - [2024-01-30T17:06:24.336+0100] {dag.py:3820} INFO - Setting next_dagrun for example_skip_dag to 2024-01-29T00:00:00+00:00, run_after=2024-01-30T00:00:00+00:00
[2024-01-30T17:06:24.407+0100] {processor.py:183} INFO - Processing /home/ubuntu/.local/lib/python3.10/site-packages/airflow/example_dags/example_skip_dag.py took 0.220 seconds
[2024-01-30T17:07:47.442+0100] {processor.py:161} INFO - Started process (PID=6448) to work on /home/ubuntu/.local/lib/python3.10/site-packages/airflow/example_dags/example_skip_dag.py
[2024-01-30T17:07:47.456+0100] {processor.py:830} INFO - Processing file /home/ubuntu/.local/lib/python3.10/site-packages/airflow/example_dags/example_skip_dag.py for tasks to queue
[2024-01-30T17:07:47.461+0100] {logging_mixin.py:188} INFO - [2024-01-30T17:07:47.460+0100] {dagbag.py:538} INFO - Filling up the DagBag from /home/ubuntu/.local/lib/python3.10/site-packages/airflow/example_dags/example_skip_dag.py
[2024-01-30T17:07:47.473+0100] {processor.py:840} INFO - DAG(s) 'example_skip_dag' retrieved from /home/ubuntu/.local/lib/python3.10/site-packages/airflow/example_dags/example_skip_dag.py
[2024-01-30T17:07:47.542+0100] {logging_mixin.py:188} INFO - [2024-01-30T17:07:47.542+0100] {dag.py:3033} INFO - Sync 1 DAGs
[2024-01-30T17:07:47.924+0100] {logging_mixin.py:188} INFO - [2024-01-30T17:07:47.924+0100] {dag.py:3820} INFO - Setting next_dagrun for example_skip_dag to 2024-01-29T00:00:00+00:00, run_after=2024-01-30T00:00:00+00:00
[2024-01-30T17:07:47.994+0100] {processor.py:183} INFO - Processing /home/ubuntu/.local/lib/python3.10/site-packages/airflow/example_dags/example_skip_dag.py took 0.581 seconds
