[2024-01-30T13:50:39.609+0100] {processor.py:161} INFO - Started process (PID=6152) to work on /home/ubuntu/.local/lib/python3.10/site-packages/airflow/example_dags/tutorial_dag.py
[2024-01-30T13:50:39.610+0100] {processor.py:830} INFO - Processing file /home/ubuntu/.local/lib/python3.10/site-packages/airflow/example_dags/tutorial_dag.py for tasks to queue
[2024-01-30T13:50:39.612+0100] {logging_mixin.py:188} INFO - [2024-01-30T13:50:39.611+0100] {dagbag.py:538} INFO - Filling up the DagBag from /home/ubuntu/.local/lib/python3.10/site-packages/airflow/example_dags/tutorial_dag.py
[2024-01-30T13:50:39.673+0100] {processor.py:840} INFO - DAG(s) 'tutorial_dag' retrieved from /home/ubuntu/.local/lib/python3.10/site-packages/airflow/example_dags/tutorial_dag.py
[2024-01-30T13:50:40.224+0100] {logging_mixin.py:188} INFO - [2024-01-30T13:50:40.224+0100] {dag.py:3033} INFO - Sync 1 DAGs
[2024-01-30T13:50:40.347+0100] {logging_mixin.py:188} INFO - [2024-01-30T13:50:40.346+0100] {dag.py:3820} INFO - Setting next_dagrun for tutorial_dag to None, run_after=None
[2024-01-30T13:50:41.021+0100] {processor.py:183} INFO - Processing /home/ubuntu/.local/lib/python3.10/site-packages/airflow/example_dags/tutorial_dag.py took 1.417 seconds
[2024-01-30T13:52:04.093+0100] {processor.py:161} INFO - Started process (PID=6214) to work on /home/ubuntu/.local/lib/python3.10/site-packages/airflow/example_dags/tutorial_dag.py
[2024-01-30T13:52:04.096+0100] {processor.py:830} INFO - Processing file /home/ubuntu/.local/lib/python3.10/site-packages/airflow/example_dags/tutorial_dag.py for tasks to queue
[2024-01-30T13:52:04.098+0100] {logging_mixin.py:188} INFO - [2024-01-30T13:52:04.097+0100] {dagbag.py:538} INFO - Filling up the DagBag from /home/ubuntu/.local/lib/python3.10/site-packages/airflow/example_dags/tutorial_dag.py
[2024-01-30T13:52:04.110+0100] {processor.py:840} INFO - DAG(s) 'tutorial_dag' retrieved from /home/ubuntu/.local/lib/python3.10/site-packages/airflow/example_dags/tutorial_dag.py
[2024-01-30T13:52:04.171+0100] {logging_mixin.py:188} INFO - [2024-01-30T13:52:04.171+0100] {dag.py:3033} INFO - Sync 1 DAGs
[2024-01-30T13:52:04.198+0100] {logging_mixin.py:188} INFO - [2024-01-30T13:52:04.198+0100] {dag.py:3820} INFO - Setting next_dagrun for tutorial_dag to None, run_after=None
[2024-01-30T13:52:04.316+0100] {processor.py:183} INFO - Processing /home/ubuntu/.local/lib/python3.10/site-packages/airflow/example_dags/tutorial_dag.py took 0.229 seconds
[2024-01-30T15:53:14.318+0100] {processor.py:161} INFO - Started process (PID=6358) to work on /home/ubuntu/.local/lib/python3.10/site-packages/airflow/example_dags/tutorial_dag.py
[2024-01-30T15:53:14.321+0100] {processor.py:830} INFO - Processing file /home/ubuntu/.local/lib/python3.10/site-packages/airflow/example_dags/tutorial_dag.py for tasks to queue
[2024-01-30T15:53:14.322+0100] {logging_mixin.py:188} INFO - [2024-01-30T15:53:14.322+0100] {dagbag.py:538} INFO - Filling up the DagBag from /home/ubuntu/.local/lib/python3.10/site-packages/airflow/example_dags/tutorial_dag.py
[2024-01-30T15:53:14.330+0100] {processor.py:840} INFO - DAG(s) 'tutorial_dag' retrieved from /home/ubuntu/.local/lib/python3.10/site-packages/airflow/example_dags/tutorial_dag.py
[2024-01-30T15:53:14.352+0100] {logging_mixin.py:188} INFO - [2024-01-30T15:53:14.351+0100] {dag.py:3033} INFO - Sync 1 DAGs
[2024-01-30T15:53:14.368+0100] {logging_mixin.py:188} INFO - [2024-01-30T15:53:14.367+0100] {dag.py:3820} INFO - Setting next_dagrun for tutorial_dag to None, run_after=None
[2024-01-30T15:53:14.403+0100] {processor.py:183} INFO - Processing /home/ubuntu/.local/lib/python3.10/site-packages/airflow/example_dags/tutorial_dag.py took 0.091 seconds
[2024-01-30T15:54:06.287+0100] {processor.py:161} INFO - Started process (PID=6406) to work on /home/ubuntu/.local/lib/python3.10/site-packages/airflow/example_dags/tutorial_dag.py
[2024-01-30T15:54:06.290+0100] {processor.py:830} INFO - Processing file /home/ubuntu/.local/lib/python3.10/site-packages/airflow/example_dags/tutorial_dag.py for tasks to queue
[2024-01-30T15:54:06.291+0100] {logging_mixin.py:188} INFO - [2024-01-30T15:54:06.291+0100] {dagbag.py:538} INFO - Filling up the DagBag from /home/ubuntu/.local/lib/python3.10/site-packages/airflow/example_dags/tutorial_dag.py
[2024-01-30T15:54:06.302+0100] {processor.py:840} INFO - DAG(s) 'tutorial_dag' retrieved from /home/ubuntu/.local/lib/python3.10/site-packages/airflow/example_dags/tutorial_dag.py
[2024-01-30T15:54:06.334+0100] {logging_mixin.py:188} INFO - [2024-01-30T15:54:06.334+0100] {dag.py:3033} INFO - Sync 1 DAGs
[2024-01-30T15:54:06.378+0100] {logging_mixin.py:188} INFO - [2024-01-30T15:54:06.378+0100] {dag.py:3820} INFO - Setting next_dagrun for tutorial_dag to None, run_after=None
[2024-01-30T15:54:06.465+0100] {processor.py:183} INFO - Processing /home/ubuntu/.local/lib/python3.10/site-packages/airflow/example_dags/tutorial_dag.py took 0.183 seconds
[2024-01-30T15:55:08.327+0100] {processor.py:161} INFO - Started process (PID=6485) to work on /home/ubuntu/.local/lib/python3.10/site-packages/airflow/example_dags/tutorial_dag.py
[2024-01-30T15:55:08.330+0100] {processor.py:830} INFO - Processing file /home/ubuntu/.local/lib/python3.10/site-packages/airflow/example_dags/tutorial_dag.py for tasks to queue
[2024-01-30T15:55:08.331+0100] {logging_mixin.py:188} INFO - [2024-01-30T15:55:08.330+0100] {dagbag.py:538} INFO - Filling up the DagBag from /home/ubuntu/.local/lib/python3.10/site-packages/airflow/example_dags/tutorial_dag.py
[2024-01-30T15:55:08.339+0100] {processor.py:840} INFO - DAG(s) 'tutorial_dag' retrieved from /home/ubuntu/.local/lib/python3.10/site-packages/airflow/example_dags/tutorial_dag.py
[2024-01-30T15:55:08.363+0100] {logging_mixin.py:188} INFO - [2024-01-30T15:55:08.363+0100] {dag.py:3033} INFO - Sync 1 DAGs
[2024-01-30T15:55:08.379+0100] {logging_mixin.py:188} INFO - [2024-01-30T15:55:08.378+0100] {dag.py:3820} INFO - Setting next_dagrun for tutorial_dag to None, run_after=None
[2024-01-30T15:55:08.420+0100] {processor.py:183} INFO - Processing /home/ubuntu/.local/lib/python3.10/site-packages/airflow/example_dags/tutorial_dag.py took 0.099 seconds
[2024-01-30T15:56:08.934+0100] {processor.py:161} INFO - Started process (PID=6542) to work on /home/ubuntu/.local/lib/python3.10/site-packages/airflow/example_dags/tutorial_dag.py
[2024-01-30T15:56:08.936+0100] {processor.py:830} INFO - Processing file /home/ubuntu/.local/lib/python3.10/site-packages/airflow/example_dags/tutorial_dag.py for tasks to queue
[2024-01-30T15:56:08.938+0100] {logging_mixin.py:188} INFO - [2024-01-30T15:56:08.937+0100] {dagbag.py:538} INFO - Filling up the DagBag from /home/ubuntu/.local/lib/python3.10/site-packages/airflow/example_dags/tutorial_dag.py
[2024-01-30T15:56:08.949+0100] {processor.py:840} INFO - DAG(s) 'tutorial_dag' retrieved from /home/ubuntu/.local/lib/python3.10/site-packages/airflow/example_dags/tutorial_dag.py
[2024-01-30T15:56:08.973+0100] {logging_mixin.py:188} INFO - [2024-01-30T15:56:08.973+0100] {dag.py:3033} INFO - Sync 1 DAGs
[2024-01-30T15:56:08.988+0100] {logging_mixin.py:188} INFO - [2024-01-30T15:56:08.988+0100] {dag.py:3820} INFO - Setting next_dagrun for tutorial_dag to None, run_after=None
[2024-01-30T15:56:09.046+0100] {processor.py:183} INFO - Processing /home/ubuntu/.local/lib/python3.10/site-packages/airflow/example_dags/tutorial_dag.py took 0.118 seconds
[2024-01-30T15:58:56.082+0100] {processor.py:161} INFO - Started process (PID=7553) to work on /home/ubuntu/.local/lib/python3.10/site-packages/airflow/example_dags/tutorial_dag.py
[2024-01-30T15:58:56.091+0100] {processor.py:830} INFO - Processing file /home/ubuntu/.local/lib/python3.10/site-packages/airflow/example_dags/tutorial_dag.py for tasks to queue
[2024-01-30T15:58:56.094+0100] {logging_mixin.py:188} INFO - [2024-01-30T15:58:56.092+0100] {dagbag.py:538} INFO - Filling up the DagBag from /home/ubuntu/.local/lib/python3.10/site-packages/airflow/example_dags/tutorial_dag.py
[2024-01-30T15:58:56.115+0100] {processor.py:840} INFO - DAG(s) 'tutorial_dag' retrieved from /home/ubuntu/.local/lib/python3.10/site-packages/airflow/example_dags/tutorial_dag.py
[2024-01-30T15:58:56.307+0100] {logging_mixin.py:188} INFO - [2024-01-30T15:58:56.307+0100] {dag.py:3033} INFO - Sync 1 DAGs
[2024-01-30T15:58:56.338+0100] {logging_mixin.py:188} INFO - [2024-01-30T15:58:56.338+0100] {dag.py:3820} INFO - Setting next_dagrun for tutorial_dag to None, run_after=None
[2024-01-30T15:58:56.516+0100] {processor.py:183} INFO - Processing /home/ubuntu/.local/lib/python3.10/site-packages/airflow/example_dags/tutorial_dag.py took 0.465 seconds
[2024-01-30T16:00:44.673+0100] {processor.py:161} INFO - Started process (PID=8333) to work on /home/ubuntu/.local/lib/python3.10/site-packages/airflow/example_dags/tutorial_dag.py
[2024-01-30T16:00:44.678+0100] {processor.py:830} INFO - Processing file /home/ubuntu/.local/lib/python3.10/site-packages/airflow/example_dags/tutorial_dag.py for tasks to queue
[2024-01-30T16:00:44.681+0100] {logging_mixin.py:188} INFO - [2024-01-30T16:00:44.679+0100] {dagbag.py:538} INFO - Filling up the DagBag from /home/ubuntu/.local/lib/python3.10/site-packages/airflow/example_dags/tutorial_dag.py
[2024-01-30T16:00:44.696+0100] {processor.py:840} INFO - DAG(s) 'tutorial_dag' retrieved from /home/ubuntu/.local/lib/python3.10/site-packages/airflow/example_dags/tutorial_dag.py
[2024-01-30T16:00:44.850+0100] {logging_mixin.py:188} INFO - [2024-01-30T16:00:44.849+0100] {dag.py:3033} INFO - Sync 1 DAGs
[2024-01-30T16:00:44.922+0100] {logging_mixin.py:188} INFO - [2024-01-30T16:00:44.922+0100] {dag.py:3820} INFO - Setting next_dagrun for tutorial_dag to None, run_after=None
[2024-01-30T16:00:45.035+0100] {processor.py:183} INFO - Processing /home/ubuntu/.local/lib/python3.10/site-packages/airflow/example_dags/tutorial_dag.py took 0.382 seconds
[2024-01-30T16:01:53.229+0100] {processor.py:161} INFO - Started process (PID=8395) to work on /home/ubuntu/.local/lib/python3.10/site-packages/airflow/example_dags/tutorial_dag.py
[2024-01-30T16:01:53.232+0100] {processor.py:830} INFO - Processing file /home/ubuntu/.local/lib/python3.10/site-packages/airflow/example_dags/tutorial_dag.py for tasks to queue
[2024-01-30T16:01:53.235+0100] {logging_mixin.py:188} INFO - [2024-01-30T16:01:53.234+0100] {dagbag.py:538} INFO - Filling up the DagBag from /home/ubuntu/.local/lib/python3.10/site-packages/airflow/example_dags/tutorial_dag.py
[2024-01-30T16:01:53.262+0100] {processor.py:840} INFO - DAG(s) 'tutorial_dag' retrieved from /home/ubuntu/.local/lib/python3.10/site-packages/airflow/example_dags/tutorial_dag.py
[2024-01-30T16:01:53.297+0100] {logging_mixin.py:188} INFO - [2024-01-30T16:01:53.293+0100] {dag.py:3033} INFO - Sync 1 DAGs
[2024-01-30T16:01:53.408+0100] {logging_mixin.py:188} INFO - [2024-01-30T16:01:53.407+0100] {dag.py:3820} INFO - Setting next_dagrun for tutorial_dag to None, run_after=None
[2024-01-30T16:01:53.515+0100] {processor.py:183} INFO - Processing /home/ubuntu/.local/lib/python3.10/site-packages/airflow/example_dags/tutorial_dag.py took 0.302 seconds
[2024-01-30T16:02:48.993+0100] {processor.py:161} INFO - Started process (PID=8437) to work on /home/ubuntu/.local/lib/python3.10/site-packages/airflow/example_dags/tutorial_dag.py
[2024-01-30T16:02:49.016+0100] {processor.py:830} INFO - Processing file /home/ubuntu/.local/lib/python3.10/site-packages/airflow/example_dags/tutorial_dag.py for tasks to queue
[2024-01-30T16:02:49.026+0100] {logging_mixin.py:188} INFO - [2024-01-30T16:02:49.017+0100] {dagbag.py:538} INFO - Filling up the DagBag from /home/ubuntu/.local/lib/python3.10/site-packages/airflow/example_dags/tutorial_dag.py
[2024-01-30T16:02:49.057+0100] {processor.py:840} INFO - DAG(s) 'tutorial_dag' retrieved from /home/ubuntu/.local/lib/python3.10/site-packages/airflow/example_dags/tutorial_dag.py
[2024-01-30T16:02:49.121+0100] {logging_mixin.py:188} INFO - [2024-01-30T16:02:49.121+0100] {dag.py:3033} INFO - Sync 1 DAGs
[2024-01-30T16:02:49.142+0100] {logging_mixin.py:188} INFO - [2024-01-30T16:02:49.142+0100] {dag.py:3820} INFO - Setting next_dagrun for tutorial_dag to None, run_after=None
[2024-01-30T16:02:49.191+0100] {processor.py:183} INFO - Processing /home/ubuntu/.local/lib/python3.10/site-packages/airflow/example_dags/tutorial_dag.py took 0.215 seconds
[2024-01-30T16:07:23.839+0100] {processor.py:161} INFO - Started process (PID=9252) to work on /home/ubuntu/.local/lib/python3.10/site-packages/airflow/example_dags/tutorial_dag.py
[2024-01-30T16:07:23.845+0100] {processor.py:830} INFO - Processing file /home/ubuntu/.local/lib/python3.10/site-packages/airflow/example_dags/tutorial_dag.py for tasks to queue
[2024-01-30T16:07:23.846+0100] {logging_mixin.py:188} INFO - [2024-01-30T16:07:23.845+0100] {dagbag.py:538} INFO - Filling up the DagBag from /home/ubuntu/.local/lib/python3.10/site-packages/airflow/example_dags/tutorial_dag.py
[2024-01-30T16:07:23.859+0100] {processor.py:840} INFO - DAG(s) 'tutorial_dag' retrieved from /home/ubuntu/.local/lib/python3.10/site-packages/airflow/example_dags/tutorial_dag.py
[2024-01-30T16:07:24.005+0100] {logging_mixin.py:188} INFO - [2024-01-30T16:07:24.002+0100] {dag.py:3033} INFO - Sync 1 DAGs
[2024-01-30T16:07:24.030+0100] {logging_mixin.py:188} INFO - [2024-01-30T16:07:24.029+0100] {dag.py:3820} INFO - Setting next_dagrun for tutorial_dag to None, run_after=None
[2024-01-30T16:07:24.120+0100] {processor.py:183} INFO - Processing /home/ubuntu/.local/lib/python3.10/site-packages/airflow/example_dags/tutorial_dag.py took 0.287 seconds
[2024-01-30T16:15:25.255+0100] {processor.py:161} INFO - Started process (PID=5459) to work on /home/ubuntu/.local/lib/python3.10/site-packages/airflow/example_dags/tutorial_dag.py
[2024-01-30T16:15:25.260+0100] {processor.py:830} INFO - Processing file /home/ubuntu/.local/lib/python3.10/site-packages/airflow/example_dags/tutorial_dag.py for tasks to queue
[2024-01-30T16:15:25.274+0100] {logging_mixin.py:188} INFO - [2024-01-30T16:15:25.273+0100] {dagbag.py:538} INFO - Filling up the DagBag from /home/ubuntu/.local/lib/python3.10/site-packages/airflow/example_dags/tutorial_dag.py
[2024-01-30T16:15:25.324+0100] {processor.py:840} INFO - DAG(s) 'tutorial_dag' retrieved from /home/ubuntu/.local/lib/python3.10/site-packages/airflow/example_dags/tutorial_dag.py
[2024-01-30T16:15:25.630+0100] {logging_mixin.py:188} INFO - [2024-01-30T16:15:25.630+0100] {dag.py:3033} INFO - Sync 1 DAGs
[2024-01-30T16:15:25.695+0100] {logging_mixin.py:188} INFO - [2024-01-30T16:15:25.673+0100] {dag.py:3820} INFO - Setting next_dagrun for tutorial_dag to None, run_after=None
[2024-01-30T16:15:25.782+0100] {processor.py:183} INFO - Processing /home/ubuntu/.local/lib/python3.10/site-packages/airflow/example_dags/tutorial_dag.py took 0.531 seconds
[2024-01-30T16:17:56.857+0100] {processor.py:161} INFO - Started process (PID=5637) to work on /home/ubuntu/.local/lib/python3.10/site-packages/airflow/example_dags/tutorial_dag.py
[2024-01-30T16:17:56.887+0100] {processor.py:830} INFO - Processing file /home/ubuntu/.local/lib/python3.10/site-packages/airflow/example_dags/tutorial_dag.py for tasks to queue
[2024-01-30T16:17:56.897+0100] {logging_mixin.py:188} INFO - [2024-01-30T16:17:56.896+0100] {dagbag.py:538} INFO - Filling up the DagBag from /home/ubuntu/.local/lib/python3.10/site-packages/airflow/example_dags/tutorial_dag.py
[2024-01-30T16:17:56.919+0100] {processor.py:840} INFO - DAG(s) 'tutorial_dag' retrieved from /home/ubuntu/.local/lib/python3.10/site-packages/airflow/example_dags/tutorial_dag.py
[2024-01-30T16:17:56.973+0100] {logging_mixin.py:188} INFO - [2024-01-30T16:17:56.972+0100] {dag.py:3033} INFO - Sync 1 DAGs
[2024-01-30T16:17:57.016+0100] {logging_mixin.py:188} INFO - [2024-01-30T16:17:57.016+0100] {dag.py:3820} INFO - Setting next_dagrun for tutorial_dag to None, run_after=None
[2024-01-30T16:17:57.120+0100] {processor.py:183} INFO - Processing /home/ubuntu/.local/lib/python3.10/site-packages/airflow/example_dags/tutorial_dag.py took 0.274 seconds
[2024-01-30T16:19:27.258+0100] {processor.py:161} INFO - Started process (PID=5770) to work on /home/ubuntu/.local/lib/python3.10/site-packages/airflow/example_dags/tutorial_dag.py
[2024-01-30T16:19:27.263+0100] {processor.py:830} INFO - Processing file /home/ubuntu/.local/lib/python3.10/site-packages/airflow/example_dags/tutorial_dag.py for tasks to queue
[2024-01-30T16:19:27.269+0100] {logging_mixin.py:188} INFO - [2024-01-30T16:19:27.268+0100] {dagbag.py:538} INFO - Filling up the DagBag from /home/ubuntu/.local/lib/python3.10/site-packages/airflow/example_dags/tutorial_dag.py
[2024-01-30T16:19:27.338+0100] {processor.py:840} INFO - DAG(s) 'tutorial_dag' retrieved from /home/ubuntu/.local/lib/python3.10/site-packages/airflow/example_dags/tutorial_dag.py
[2024-01-30T16:19:27.441+0100] {logging_mixin.py:188} INFO - [2024-01-30T16:19:27.440+0100] {dag.py:3033} INFO - Sync 1 DAGs
[2024-01-30T16:19:27.533+0100] {logging_mixin.py:188} INFO - [2024-01-30T16:19:27.532+0100] {dag.py:3820} INFO - Setting next_dagrun for tutorial_dag to None, run_after=None
[2024-01-30T16:19:27.583+0100] {processor.py:183} INFO - Processing /home/ubuntu/.local/lib/python3.10/site-packages/airflow/example_dags/tutorial_dag.py took 0.332 seconds
[2024-01-30T16:21:05.037+0100] {processor.py:161} INFO - Started process (PID=6204) to work on /home/ubuntu/.local/lib/python3.10/site-packages/airflow/example_dags/tutorial_dag.py
[2024-01-30T16:21:05.048+0100] {processor.py:830} INFO - Processing file /home/ubuntu/.local/lib/python3.10/site-packages/airflow/example_dags/tutorial_dag.py for tasks to queue
[2024-01-30T16:21:05.069+0100] {logging_mixin.py:188} INFO - [2024-01-30T16:21:05.049+0100] {dagbag.py:538} INFO - Filling up the DagBag from /home/ubuntu/.local/lib/python3.10/site-packages/airflow/example_dags/tutorial_dag.py
[2024-01-30T16:21:05.166+0100] {processor.py:840} INFO - DAG(s) 'tutorial_dag' retrieved from /home/ubuntu/.local/lib/python3.10/site-packages/airflow/example_dags/tutorial_dag.py
[2024-01-30T16:21:05.479+0100] {logging_mixin.py:188} INFO - [2024-01-30T16:21:05.479+0100] {dag.py:3033} INFO - Sync 1 DAGs
[2024-01-30T16:21:05.547+0100] {logging_mixin.py:188} INFO - [2024-01-30T16:21:05.547+0100] {dag.py:3820} INFO - Setting next_dagrun for tutorial_dag to None, run_after=None
[2024-01-30T16:21:05.698+0100] {processor.py:183} INFO - Processing /home/ubuntu/.local/lib/python3.10/site-packages/airflow/example_dags/tutorial_dag.py took 0.681 seconds
[2024-01-30T16:22:28.412+0100] {processor.py:161} INFO - Started process (PID=6269) to work on /home/ubuntu/.local/lib/python3.10/site-packages/airflow/example_dags/tutorial_dag.py
[2024-01-30T16:22:28.416+0100] {processor.py:830} INFO - Processing file /home/ubuntu/.local/lib/python3.10/site-packages/airflow/example_dags/tutorial_dag.py for tasks to queue
[2024-01-30T16:22:28.420+0100] {logging_mixin.py:188} INFO - [2024-01-30T16:22:28.419+0100] {dagbag.py:538} INFO - Filling up the DagBag from /home/ubuntu/.local/lib/python3.10/site-packages/airflow/example_dags/tutorial_dag.py
[2024-01-30T16:22:28.430+0100] {processor.py:840} INFO - DAG(s) 'tutorial_dag' retrieved from /home/ubuntu/.local/lib/python3.10/site-packages/airflow/example_dags/tutorial_dag.py
[2024-01-30T16:22:28.460+0100] {logging_mixin.py:188} INFO - [2024-01-30T16:22:28.460+0100] {dag.py:3033} INFO - Sync 1 DAGs
[2024-01-30T16:22:28.477+0100] {logging_mixin.py:188} INFO - [2024-01-30T16:22:28.476+0100] {dag.py:3820} INFO - Setting next_dagrun for tutorial_dag to None, run_after=None
[2024-01-30T16:22:28.517+0100] {processor.py:183} INFO - Processing /home/ubuntu/.local/lib/python3.10/site-packages/airflow/example_dags/tutorial_dag.py took 0.111 seconds
[2024-01-30T16:24:55.437+0100] {processor.py:161} INFO - Started process (PID=7359) to work on /home/ubuntu/.local/lib/python3.10/site-packages/airflow/example_dags/tutorial_dag.py
[2024-01-30T16:24:55.443+0100] {processor.py:830} INFO - Processing file /home/ubuntu/.local/lib/python3.10/site-packages/airflow/example_dags/tutorial_dag.py for tasks to queue
[2024-01-30T16:24:55.445+0100] {logging_mixin.py:188} INFO - [2024-01-30T16:24:55.444+0100] {dagbag.py:538} INFO - Filling up the DagBag from /home/ubuntu/.local/lib/python3.10/site-packages/airflow/example_dags/tutorial_dag.py
[2024-01-30T16:24:55.453+0100] {processor.py:840} INFO - DAG(s) 'tutorial_dag' retrieved from /home/ubuntu/.local/lib/python3.10/site-packages/airflow/example_dags/tutorial_dag.py
[2024-01-30T16:24:55.654+0100] {logging_mixin.py:188} INFO - [2024-01-30T16:24:55.654+0100] {dag.py:3033} INFO - Sync 1 DAGs
[2024-01-30T16:24:55.664+0100] {logging_mixin.py:188} INFO - [2024-01-30T16:24:55.664+0100] {dag.py:3820} INFO - Setting next_dagrun for tutorial_dag to None, run_after=None
[2024-01-30T16:24:55.699+0100] {processor.py:183} INFO - Processing /home/ubuntu/.local/lib/python3.10/site-packages/airflow/example_dags/tutorial_dag.py took 0.267 seconds
[2024-01-30T16:30:02.445+0100] {processor.py:161} INFO - Started process (PID=8345) to work on /home/ubuntu/.local/lib/python3.10/site-packages/airflow/example_dags/tutorial_dag.py
[2024-01-30T16:30:02.460+0100] {processor.py:830} INFO - Processing file /home/ubuntu/.local/lib/python3.10/site-packages/airflow/example_dags/tutorial_dag.py for tasks to queue
[2024-01-30T16:30:02.466+0100] {logging_mixin.py:188} INFO - [2024-01-30T16:30:02.462+0100] {dagbag.py:538} INFO - Filling up the DagBag from /home/ubuntu/.local/lib/python3.10/site-packages/airflow/example_dags/tutorial_dag.py
[2024-01-30T16:30:02.501+0100] {processor.py:840} INFO - DAG(s) 'tutorial_dag' retrieved from /home/ubuntu/.local/lib/python3.10/site-packages/airflow/example_dags/tutorial_dag.py
[2024-01-30T16:30:02.713+0100] {logging_mixin.py:188} INFO - [2024-01-30T16:30:02.712+0100] {dag.py:3033} INFO - Sync 1 DAGs
[2024-01-30T16:30:02.777+0100] {logging_mixin.py:188} INFO - [2024-01-30T16:30:02.776+0100] {dag.py:3820} INFO - Setting next_dagrun for tutorial_dag to None, run_after=None
[2024-01-30T16:30:02.923+0100] {processor.py:183} INFO - Processing /home/ubuntu/.local/lib/python3.10/site-packages/airflow/example_dags/tutorial_dag.py took 0.512 seconds
[2024-01-30T16:32:06.569+0100] {processor.py:161} INFO - Started process (PID=8741) to work on /home/ubuntu/.local/lib/python3.10/site-packages/airflow/example_dags/tutorial_dag.py
[2024-01-30T16:32:06.580+0100] {processor.py:830} INFO - Processing file /home/ubuntu/.local/lib/python3.10/site-packages/airflow/example_dags/tutorial_dag.py for tasks to queue
[2024-01-30T16:32:06.582+0100] {logging_mixin.py:188} INFO - [2024-01-30T16:32:06.581+0100] {dagbag.py:538} INFO - Filling up the DagBag from /home/ubuntu/.local/lib/python3.10/site-packages/airflow/example_dags/tutorial_dag.py
[2024-01-30T16:32:06.604+0100] {processor.py:840} INFO - DAG(s) 'tutorial_dag' retrieved from /home/ubuntu/.local/lib/python3.10/site-packages/airflow/example_dags/tutorial_dag.py
[2024-01-30T16:32:06.649+0100] {logging_mixin.py:188} INFO - [2024-01-30T16:32:06.648+0100] {dag.py:3033} INFO - Sync 1 DAGs
[2024-01-30T16:32:06.687+0100] {logging_mixin.py:188} INFO - [2024-01-30T16:32:06.687+0100] {dag.py:3820} INFO - Setting next_dagrun for tutorial_dag to None, run_after=None
[2024-01-30T16:32:06.786+0100] {processor.py:183} INFO - Processing /home/ubuntu/.local/lib/python3.10/site-packages/airflow/example_dags/tutorial_dag.py took 0.225 seconds
[2024-01-30T16:33:13.850+0100] {processor.py:161} INFO - Started process (PID=9408) to work on /home/ubuntu/.local/lib/python3.10/site-packages/airflow/example_dags/tutorial_dag.py
[2024-01-30T16:33:13.860+0100] {processor.py:830} INFO - Processing file /home/ubuntu/.local/lib/python3.10/site-packages/airflow/example_dags/tutorial_dag.py for tasks to queue
[2024-01-30T16:33:13.863+0100] {logging_mixin.py:188} INFO - [2024-01-30T16:33:13.862+0100] {dagbag.py:538} INFO - Filling up the DagBag from /home/ubuntu/.local/lib/python3.10/site-packages/airflow/example_dags/tutorial_dag.py
[2024-01-30T16:33:13.876+0100] {processor.py:840} INFO - DAG(s) 'tutorial_dag' retrieved from /home/ubuntu/.local/lib/python3.10/site-packages/airflow/example_dags/tutorial_dag.py
[2024-01-30T16:33:13.939+0100] {logging_mixin.py:188} INFO - [2024-01-30T16:33:13.939+0100] {dag.py:3033} INFO - Sync 1 DAGs
[2024-01-30T16:33:13.973+0100] {logging_mixin.py:188} INFO - [2024-01-30T16:33:13.973+0100] {dag.py:3820} INFO - Setting next_dagrun for tutorial_dag to None, run_after=None
[2024-01-30T16:33:14.082+0100] {processor.py:183} INFO - Processing /home/ubuntu/.local/lib/python3.10/site-packages/airflow/example_dags/tutorial_dag.py took 0.239 seconds
[2024-01-30T16:48:20.458+0100] {processor.py:161} INFO - Started process (PID=5117) to work on /home/ubuntu/.local/lib/python3.10/site-packages/airflow/example_dags/tutorial_dag.py
[2024-01-30T16:48:20.463+0100] {processor.py:830} INFO - Processing file /home/ubuntu/.local/lib/python3.10/site-packages/airflow/example_dags/tutorial_dag.py for tasks to queue
[2024-01-30T16:48:20.466+0100] {logging_mixin.py:188} INFO - [2024-01-30T16:48:20.465+0100] {dagbag.py:538} INFO - Filling up the DagBag from /home/ubuntu/.local/lib/python3.10/site-packages/airflow/example_dags/tutorial_dag.py
[2024-01-30T16:48:20.476+0100] {processor.py:840} INFO - DAG(s) 'tutorial_dag' retrieved from /home/ubuntu/.local/lib/python3.10/site-packages/airflow/example_dags/tutorial_dag.py
[2024-01-30T16:48:20.803+0100] {logging_mixin.py:188} INFO - [2024-01-30T16:48:20.803+0100] {dag.py:3033} INFO - Sync 1 DAGs
[2024-01-30T16:48:20.823+0100] {logging_mixin.py:188} INFO - [2024-01-30T16:48:20.822+0100] {dag.py:3820} INFO - Setting next_dagrun for tutorial_dag to None, run_after=None
[2024-01-30T16:48:20.951+0100] {processor.py:183} INFO - Processing /home/ubuntu/.local/lib/python3.10/site-packages/airflow/example_dags/tutorial_dag.py took 0.505 seconds
[2024-01-30T16:50:51.689+0100] {processor.py:161} INFO - Started process (PID=5324) to work on /home/ubuntu/.local/lib/python3.10/site-packages/airflow/example_dags/tutorial_dag.py
[2024-01-30T16:50:51.693+0100] {processor.py:830} INFO - Processing file /home/ubuntu/.local/lib/python3.10/site-packages/airflow/example_dags/tutorial_dag.py for tasks to queue
[2024-01-30T16:50:51.695+0100] {logging_mixin.py:188} INFO - [2024-01-30T16:50:51.695+0100] {dagbag.py:538} INFO - Filling up the DagBag from /home/ubuntu/.local/lib/python3.10/site-packages/airflow/example_dags/tutorial_dag.py
[2024-01-30T16:50:51.703+0100] {processor.py:840} INFO - DAG(s) 'tutorial_dag' retrieved from /home/ubuntu/.local/lib/python3.10/site-packages/airflow/example_dags/tutorial_dag.py
[2024-01-30T16:50:51.724+0100] {logging_mixin.py:188} INFO - [2024-01-30T16:50:51.724+0100] {dag.py:3033} INFO - Sync 1 DAGs
[2024-01-30T16:50:51.738+0100] {logging_mixin.py:188} INFO - [2024-01-30T16:50:51.738+0100] {dag.py:3820} INFO - Setting next_dagrun for tutorial_dag to None, run_after=None
[2024-01-30T16:50:51.775+0100] {processor.py:183} INFO - Processing /home/ubuntu/.local/lib/python3.10/site-packages/airflow/example_dags/tutorial_dag.py took 0.091 seconds
[2024-01-30T16:52:08.538+0100] {processor.py:161} INFO - Started process (PID=5389) to work on /home/ubuntu/.local/lib/python3.10/site-packages/airflow/example_dags/tutorial_dag.py
[2024-01-30T16:52:08.548+0100] {processor.py:830} INFO - Processing file /home/ubuntu/.local/lib/python3.10/site-packages/airflow/example_dags/tutorial_dag.py for tasks to queue
[2024-01-30T16:52:08.550+0100] {logging_mixin.py:188} INFO - [2024-01-30T16:52:08.549+0100] {dagbag.py:538} INFO - Filling up the DagBag from /home/ubuntu/.local/lib/python3.10/site-packages/airflow/example_dags/tutorial_dag.py
[2024-01-30T16:52:08.561+0100] {processor.py:840} INFO - DAG(s) 'tutorial_dag' retrieved from /home/ubuntu/.local/lib/python3.10/site-packages/airflow/example_dags/tutorial_dag.py
[2024-01-30T16:52:08.608+0100] {logging_mixin.py:188} INFO - [2024-01-30T16:52:08.608+0100] {dag.py:3033} INFO - Sync 1 DAGs
[2024-01-30T16:52:08.635+0100] {logging_mixin.py:188} INFO - [2024-01-30T16:52:08.635+0100] {dag.py:3820} INFO - Setting next_dagrun for tutorial_dag to None, run_after=None
[2024-01-30T16:52:08.705+0100] {processor.py:183} INFO - Processing /home/ubuntu/.local/lib/python3.10/site-packages/airflow/example_dags/tutorial_dag.py took 0.180 seconds
[2024-01-30T16:53:24.694+0100] {processor.py:161} INFO - Started process (PID=5470) to work on /home/ubuntu/.local/lib/python3.10/site-packages/airflow/example_dags/tutorial_dag.py
[2024-01-30T16:53:24.699+0100] {processor.py:830} INFO - Processing file /home/ubuntu/.local/lib/python3.10/site-packages/airflow/example_dags/tutorial_dag.py for tasks to queue
[2024-01-30T16:53:24.700+0100] {logging_mixin.py:188} INFO - [2024-01-30T16:53:24.700+0100] {dagbag.py:538} INFO - Filling up the DagBag from /home/ubuntu/.local/lib/python3.10/site-packages/airflow/example_dags/tutorial_dag.py
[2024-01-30T16:53:24.707+0100] {processor.py:840} INFO - DAG(s) 'tutorial_dag' retrieved from /home/ubuntu/.local/lib/python3.10/site-packages/airflow/example_dags/tutorial_dag.py
[2024-01-30T16:53:24.728+0100] {logging_mixin.py:188} INFO - [2024-01-30T16:53:24.728+0100] {dag.py:3033} INFO - Sync 1 DAGs
[2024-01-30T16:53:24.743+0100] {logging_mixin.py:188} INFO - [2024-01-30T16:53:24.742+0100] {dag.py:3820} INFO - Setting next_dagrun for tutorial_dag to None, run_after=None
[2024-01-30T16:53:24.774+0100] {processor.py:183} INFO - Processing /home/ubuntu/.local/lib/python3.10/site-packages/airflow/example_dags/tutorial_dag.py took 0.086 seconds
[2024-01-30T16:54:19.929+0100] {processor.py:161} INFO - Started process (PID=5533) to work on /home/ubuntu/.local/lib/python3.10/site-packages/airflow/example_dags/tutorial_dag.py
[2024-01-30T16:54:19.960+0100] {processor.py:830} INFO - Processing file /home/ubuntu/.local/lib/python3.10/site-packages/airflow/example_dags/tutorial_dag.py for tasks to queue
[2024-01-30T16:54:19.970+0100] {logging_mixin.py:188} INFO - [2024-01-30T16:54:19.970+0100] {dagbag.py:538} INFO - Filling up the DagBag from /home/ubuntu/.local/lib/python3.10/site-packages/airflow/example_dags/tutorial_dag.py
[2024-01-30T16:54:19.988+0100] {processor.py:840} INFO - DAG(s) 'tutorial_dag' retrieved from /home/ubuntu/.local/lib/python3.10/site-packages/airflow/example_dags/tutorial_dag.py
[2024-01-30T16:54:20.022+0100] {logging_mixin.py:188} INFO - [2024-01-30T16:54:20.021+0100] {dag.py:3033} INFO - Sync 1 DAGs
[2024-01-30T16:54:20.047+0100] {logging_mixin.py:188} INFO - [2024-01-30T16:54:20.046+0100] {dag.py:3820} INFO - Setting next_dagrun for tutorial_dag to None, run_after=None
[2024-01-30T16:54:20.106+0100] {processor.py:183} INFO - Processing /home/ubuntu/.local/lib/python3.10/site-packages/airflow/example_dags/tutorial_dag.py took 0.184 seconds
[2024-01-30T16:55:34.189+0100] {processor.py:161} INFO - Started process (PID=5684) to work on /home/ubuntu/.local/lib/python3.10/site-packages/airflow/example_dags/tutorial_dag.py
[2024-01-30T16:55:34.195+0100] {processor.py:830} INFO - Processing file /home/ubuntu/.local/lib/python3.10/site-packages/airflow/example_dags/tutorial_dag.py for tasks to queue
[2024-01-30T16:55:34.203+0100] {logging_mixin.py:188} INFO - [2024-01-30T16:55:34.199+0100] {dagbag.py:538} INFO - Filling up the DagBag from /home/ubuntu/.local/lib/python3.10/site-packages/airflow/example_dags/tutorial_dag.py
[2024-01-30T16:55:34.215+0100] {processor.py:840} INFO - DAG(s) 'tutorial_dag' retrieved from /home/ubuntu/.local/lib/python3.10/site-packages/airflow/example_dags/tutorial_dag.py
[2024-01-30T16:55:34.274+0100] {logging_mixin.py:188} INFO - [2024-01-30T16:55:34.274+0100] {dag.py:3033} INFO - Sync 1 DAGs
[2024-01-30T16:55:34.305+0100] {logging_mixin.py:188} INFO - [2024-01-30T16:55:34.305+0100] {dag.py:3820} INFO - Setting next_dagrun for tutorial_dag to None, run_after=None
[2024-01-30T16:55:34.392+0100] {processor.py:183} INFO - Processing /home/ubuntu/.local/lib/python3.10/site-packages/airflow/example_dags/tutorial_dag.py took 0.209 seconds
[2024-01-30T16:56:24.025+0100] {processor.py:161} INFO - Started process (PID=5725) to work on /home/ubuntu/.local/lib/python3.10/site-packages/airflow/example_dags/tutorial_dag.py
[2024-01-30T16:56:24.061+0100] {processor.py:830} INFO - Processing file /home/ubuntu/.local/lib/python3.10/site-packages/airflow/example_dags/tutorial_dag.py for tasks to queue
[2024-01-30T16:56:24.079+0100] {logging_mixin.py:188} INFO - [2024-01-30T16:56:24.062+0100] {dagbag.py:538} INFO - Filling up the DagBag from /home/ubuntu/.local/lib/python3.10/site-packages/airflow/example_dags/tutorial_dag.py
[2024-01-30T16:56:24.108+0100] {processor.py:840} INFO - DAG(s) 'tutorial_dag' retrieved from /home/ubuntu/.local/lib/python3.10/site-packages/airflow/example_dags/tutorial_dag.py
[2024-01-30T16:56:24.173+0100] {logging_mixin.py:188} INFO - [2024-01-30T16:56:24.173+0100] {dag.py:3033} INFO - Sync 1 DAGs
[2024-01-30T16:56:24.255+0100] {logging_mixin.py:188} INFO - [2024-01-30T16:56:24.254+0100] {dag.py:3820} INFO - Setting next_dagrun for tutorial_dag to None, run_after=None
[2024-01-30T16:56:24.449+0100] {processor.py:183} INFO - Processing /home/ubuntu/.local/lib/python3.10/site-packages/airflow/example_dags/tutorial_dag.py took 0.429 seconds
[2024-01-30T16:57:50.209+0100] {processor.py:161} INFO - Started process (PID=5802) to work on /home/ubuntu/.local/lib/python3.10/site-packages/airflow/example_dags/tutorial_dag.py
[2024-01-30T16:57:50.229+0100] {processor.py:830} INFO - Processing file /home/ubuntu/.local/lib/python3.10/site-packages/airflow/example_dags/tutorial_dag.py for tasks to queue
[2024-01-30T16:57:50.231+0100] {logging_mixin.py:188} INFO - [2024-01-30T16:57:50.230+0100] {dagbag.py:538} INFO - Filling up the DagBag from /home/ubuntu/.local/lib/python3.10/site-packages/airflow/example_dags/tutorial_dag.py
[2024-01-30T16:57:50.241+0100] {processor.py:840} INFO - DAG(s) 'tutorial_dag' retrieved from /home/ubuntu/.local/lib/python3.10/site-packages/airflow/example_dags/tutorial_dag.py
[2024-01-30T16:57:50.326+0100] {logging_mixin.py:188} INFO - [2024-01-30T16:57:50.325+0100] {dag.py:3033} INFO - Sync 1 DAGs
[2024-01-30T16:57:50.392+0100] {logging_mixin.py:188} INFO - [2024-01-30T16:57:50.392+0100] {dag.py:3820} INFO - Setting next_dagrun for tutorial_dag to None, run_after=None
[2024-01-30T16:57:50.499+0100] {processor.py:183} INFO - Processing /home/ubuntu/.local/lib/python3.10/site-packages/airflow/example_dags/tutorial_dag.py took 0.325 seconds
[2024-01-30T16:58:58.370+0100] {processor.py:161} INFO - Started process (PID=5871) to work on /home/ubuntu/.local/lib/python3.10/site-packages/airflow/example_dags/tutorial_dag.py
[2024-01-30T16:58:58.377+0100] {processor.py:830} INFO - Processing file /home/ubuntu/.local/lib/python3.10/site-packages/airflow/example_dags/tutorial_dag.py for tasks to queue
[2024-01-30T16:58:58.380+0100] {logging_mixin.py:188} INFO - [2024-01-30T16:58:58.379+0100] {dagbag.py:538} INFO - Filling up the DagBag from /home/ubuntu/.local/lib/python3.10/site-packages/airflow/example_dags/tutorial_dag.py
[2024-01-30T16:58:58.395+0100] {processor.py:840} INFO - DAG(s) 'tutorial_dag' retrieved from /home/ubuntu/.local/lib/python3.10/site-packages/airflow/example_dags/tutorial_dag.py
[2024-01-30T16:58:58.424+0100] {logging_mixin.py:188} INFO - [2024-01-30T16:58:58.423+0100] {dag.py:3033} INFO - Sync 1 DAGs
[2024-01-30T16:58:58.444+0100] {logging_mixin.py:188} INFO - [2024-01-30T16:58:58.444+0100] {dag.py:3820} INFO - Setting next_dagrun for tutorial_dag to None, run_after=None
[2024-01-30T16:58:58.487+0100] {processor.py:183} INFO - Processing /home/ubuntu/.local/lib/python3.10/site-packages/airflow/example_dags/tutorial_dag.py took 0.127 seconds
[2024-01-30T17:00:42.649+0100] {processor.py:161} INFO - Started process (PID=6074) to work on /home/ubuntu/.local/lib/python3.10/site-packages/airflow/example_dags/tutorial_dag.py
[2024-01-30T17:00:42.665+0100] {processor.py:830} INFO - Processing file /home/ubuntu/.local/lib/python3.10/site-packages/airflow/example_dags/tutorial_dag.py for tasks to queue
[2024-01-30T17:00:42.667+0100] {logging_mixin.py:188} INFO - [2024-01-30T17:00:42.666+0100] {dagbag.py:538} INFO - Filling up the DagBag from /home/ubuntu/.local/lib/python3.10/site-packages/airflow/example_dags/tutorial_dag.py
[2024-01-30T17:00:42.676+0100] {processor.py:840} INFO - DAG(s) 'tutorial_dag' retrieved from /home/ubuntu/.local/lib/python3.10/site-packages/airflow/example_dags/tutorial_dag.py
[2024-01-30T17:00:42.698+0100] {logging_mixin.py:188} INFO - [2024-01-30T17:00:42.698+0100] {dag.py:3033} INFO - Sync 1 DAGs
[2024-01-30T17:00:42.712+0100] {logging_mixin.py:188} INFO - [2024-01-30T17:00:42.712+0100] {dag.py:3820} INFO - Setting next_dagrun for tutorial_dag to None, run_after=None
[2024-01-30T17:00:42.746+0100] {processor.py:183} INFO - Processing /home/ubuntu/.local/lib/python3.10/site-packages/airflow/example_dags/tutorial_dag.py took 0.117 seconds
[2024-01-30T17:01:47.675+0100] {processor.py:161} INFO - Started process (PID=6126) to work on /home/ubuntu/.local/lib/python3.10/site-packages/airflow/example_dags/tutorial_dag.py
[2024-01-30T17:01:47.680+0100] {processor.py:830} INFO - Processing file /home/ubuntu/.local/lib/python3.10/site-packages/airflow/example_dags/tutorial_dag.py for tasks to queue
[2024-01-30T17:01:47.682+0100] {logging_mixin.py:188} INFO - [2024-01-30T17:01:47.681+0100] {dagbag.py:538} INFO - Filling up the DagBag from /home/ubuntu/.local/lib/python3.10/site-packages/airflow/example_dags/tutorial_dag.py
[2024-01-30T17:01:47.717+0100] {processor.py:840} INFO - DAG(s) 'tutorial_dag' retrieved from /home/ubuntu/.local/lib/python3.10/site-packages/airflow/example_dags/tutorial_dag.py
[2024-01-30T17:01:47.751+0100] {logging_mixin.py:188} INFO - [2024-01-30T17:01:47.751+0100] {dag.py:3033} INFO - Sync 1 DAGs
[2024-01-30T17:01:47.818+0100] {logging_mixin.py:188} INFO - [2024-01-30T17:01:47.818+0100] {dag.py:3820} INFO - Setting next_dagrun for tutorial_dag to None, run_after=None
[2024-01-30T17:01:47.891+0100] {processor.py:183} INFO - Processing /home/ubuntu/.local/lib/python3.10/site-packages/airflow/example_dags/tutorial_dag.py took 0.221 seconds
[2024-01-30T17:03:02.134+0100] {processor.py:161} INFO - Started process (PID=6201) to work on /home/ubuntu/.local/lib/python3.10/site-packages/airflow/example_dags/tutorial_dag.py
[2024-01-30T17:03:02.137+0100] {processor.py:830} INFO - Processing file /home/ubuntu/.local/lib/python3.10/site-packages/airflow/example_dags/tutorial_dag.py for tasks to queue
[2024-01-30T17:03:02.139+0100] {logging_mixin.py:188} INFO - [2024-01-30T17:03:02.138+0100] {dagbag.py:538} INFO - Filling up the DagBag from /home/ubuntu/.local/lib/python3.10/site-packages/airflow/example_dags/tutorial_dag.py
[2024-01-30T17:03:02.147+0100] {processor.py:840} INFO - DAG(s) 'tutorial_dag' retrieved from /home/ubuntu/.local/lib/python3.10/site-packages/airflow/example_dags/tutorial_dag.py
[2024-01-30T17:03:02.178+0100] {logging_mixin.py:188} INFO - [2024-01-30T17:03:02.178+0100] {dag.py:3033} INFO - Sync 1 DAGs
[2024-01-30T17:03:02.200+0100] {logging_mixin.py:188} INFO - [2024-01-30T17:03:02.200+0100] {dag.py:3820} INFO - Setting next_dagrun for tutorial_dag to None, run_after=None
[2024-01-30T17:03:02.278+0100] {processor.py:183} INFO - Processing /home/ubuntu/.local/lib/python3.10/site-packages/airflow/example_dags/tutorial_dag.py took 0.156 seconds
[2024-01-30T17:04:17.447+0100] {processor.py:161} INFO - Started process (PID=6265) to work on /home/ubuntu/.local/lib/python3.10/site-packages/airflow/example_dags/tutorial_dag.py
[2024-01-30T17:04:17.480+0100] {processor.py:830} INFO - Processing file /home/ubuntu/.local/lib/python3.10/site-packages/airflow/example_dags/tutorial_dag.py for tasks to queue
[2024-01-30T17:04:17.489+0100] {logging_mixin.py:188} INFO - [2024-01-30T17:04:17.485+0100] {dagbag.py:538} INFO - Filling up the DagBag from /home/ubuntu/.local/lib/python3.10/site-packages/airflow/example_dags/tutorial_dag.py
[2024-01-30T17:04:17.499+0100] {processor.py:840} INFO - DAG(s) 'tutorial_dag' retrieved from /home/ubuntu/.local/lib/python3.10/site-packages/airflow/example_dags/tutorial_dag.py
[2024-01-30T17:04:17.549+0100] {logging_mixin.py:188} INFO - [2024-01-30T17:04:17.549+0100] {dag.py:3033} INFO - Sync 1 DAGs
[2024-01-30T17:04:17.573+0100] {logging_mixin.py:188} INFO - [2024-01-30T17:04:17.573+0100] {dag.py:3820} INFO - Setting next_dagrun for tutorial_dag to None, run_after=None
[2024-01-30T17:04:17.673+0100] {processor.py:183} INFO - Processing /home/ubuntu/.local/lib/python3.10/site-packages/airflow/example_dags/tutorial_dag.py took 0.238 seconds
[2024-01-30T17:05:37.893+0100] {processor.py:161} INFO - Started process (PID=6331) to work on /home/ubuntu/.local/lib/python3.10/site-packages/airflow/example_dags/tutorial_dag.py
[2024-01-30T17:05:37.897+0100] {processor.py:830} INFO - Processing file /home/ubuntu/.local/lib/python3.10/site-packages/airflow/example_dags/tutorial_dag.py for tasks to queue
[2024-01-30T17:05:37.899+0100] {logging_mixin.py:188} INFO - [2024-01-30T17:05:37.898+0100] {dagbag.py:538} INFO - Filling up the DagBag from /home/ubuntu/.local/lib/python3.10/site-packages/airflow/example_dags/tutorial_dag.py
[2024-01-30T17:05:37.944+0100] {processor.py:840} INFO - DAG(s) 'tutorial_dag' retrieved from /home/ubuntu/.local/lib/python3.10/site-packages/airflow/example_dags/tutorial_dag.py
[2024-01-30T17:05:37.978+0100] {logging_mixin.py:188} INFO - [2024-01-30T17:05:37.978+0100] {dag.py:3033} INFO - Sync 1 DAGs
[2024-01-30T17:05:38.260+0100] {logging_mixin.py:188} INFO - [2024-01-30T17:05:38.259+0100] {dag.py:3820} INFO - Setting next_dagrun for tutorial_dag to None, run_after=None
[2024-01-30T17:05:38.310+0100] {processor.py:183} INFO - Processing /home/ubuntu/.local/lib/python3.10/site-packages/airflow/example_dags/tutorial_dag.py took 0.427 seconds
[2024-01-30T17:06:53.887+0100] {processor.py:161} INFO - Started process (PID=6401) to work on /home/ubuntu/.local/lib/python3.10/site-packages/airflow/example_dags/tutorial_dag.py
[2024-01-30T17:06:53.909+0100] {processor.py:830} INFO - Processing file /home/ubuntu/.local/lib/python3.10/site-packages/airflow/example_dags/tutorial_dag.py for tasks to queue
[2024-01-30T17:06:53.913+0100] {logging_mixin.py:188} INFO - [2024-01-30T17:06:53.913+0100] {dagbag.py:538} INFO - Filling up the DagBag from /home/ubuntu/.local/lib/python3.10/site-packages/airflow/example_dags/tutorial_dag.py
[2024-01-30T17:06:53.929+0100] {processor.py:840} INFO - DAG(s) 'tutorial_dag' retrieved from /home/ubuntu/.local/lib/python3.10/site-packages/airflow/example_dags/tutorial_dag.py
[2024-01-30T17:06:53.995+0100] {logging_mixin.py:188} INFO - [2024-01-30T17:06:53.995+0100] {dag.py:3033} INFO - Sync 1 DAGs
[2024-01-30T17:06:54.015+0100] {logging_mixin.py:188} INFO - [2024-01-30T17:06:54.015+0100] {dag.py:3820} INFO - Setting next_dagrun for tutorial_dag to None, run_after=None
[2024-01-30T17:06:54.124+0100] {processor.py:183} INFO - Processing /home/ubuntu/.local/lib/python3.10/site-packages/airflow/example_dags/tutorial_dag.py took 0.246 seconds
[2024-01-30T17:07:44.357+0100] {processor.py:161} INFO - Started process (PID=6446) to work on /home/ubuntu/.local/lib/python3.10/site-packages/airflow/example_dags/tutorial_dag.py
[2024-01-30T17:07:44.394+0100] {processor.py:830} INFO - Processing file /home/ubuntu/.local/lib/python3.10/site-packages/airflow/example_dags/tutorial_dag.py for tasks to queue
[2024-01-30T17:07:44.417+0100] {logging_mixin.py:188} INFO - [2024-01-30T17:07:44.412+0100] {dagbag.py:538} INFO - Filling up the DagBag from /home/ubuntu/.local/lib/python3.10/site-packages/airflow/example_dags/tutorial_dag.py
[2024-01-30T17:07:44.448+0100] {processor.py:840} INFO - DAG(s) 'tutorial_dag' retrieved from /home/ubuntu/.local/lib/python3.10/site-packages/airflow/example_dags/tutorial_dag.py
[2024-01-30T17:07:44.502+0100] {logging_mixin.py:188} INFO - [2024-01-30T17:07:44.502+0100] {dag.py:3033} INFO - Sync 1 DAGs
[2024-01-30T17:07:44.861+0100] {logging_mixin.py:188} INFO - [2024-01-30T17:07:44.861+0100] {dag.py:3820} INFO - Setting next_dagrun for tutorial_dag to None, run_after=None
[2024-01-30T17:07:44.984+0100] {processor.py:183} INFO - Processing /home/ubuntu/.local/lib/python3.10/site-packages/airflow/example_dags/tutorial_dag.py took 0.650 seconds
