[2024-01-30T13:50:26.997+0100] {processor.py:161} INFO - Started process (PID=6115) to work on /home/ubuntu/.local/lib/python3.10/site-packages/airflow/example_dags/tutorial_taskflow_api.py
[2024-01-30T13:50:26.999+0100] {processor.py:830} INFO - Processing file /home/ubuntu/.local/lib/python3.10/site-packages/airflow/example_dags/tutorial_taskflow_api.py for tasks to queue
[2024-01-30T13:50:27.002+0100] {logging_mixin.py:188} INFO - [2024-01-30T13:50:27.000+0100] {dagbag.py:538} INFO - Filling up the DagBag from /home/ubuntu/.local/lib/python3.10/site-packages/airflow/example_dags/tutorial_taskflow_api.py
[2024-01-30T13:50:27.033+0100] {processor.py:840} INFO - DAG(s) 'tutorial_taskflow_api' retrieved from /home/ubuntu/.local/lib/python3.10/site-packages/airflow/example_dags/tutorial_taskflow_api.py
[2024-01-30T13:50:27.587+0100] {logging_mixin.py:188} INFO - [2024-01-30T13:50:27.587+0100] {dag.py:3033} INFO - Sync 1 DAGs
[2024-01-30T13:50:27.678+0100] {logging_mixin.py:188} INFO - [2024-01-30T13:50:27.677+0100] {dag.py:3820} INFO - Setting next_dagrun for tutorial_taskflow_api to None, run_after=None
[2024-01-30T13:50:29.836+0100] {processor.py:183} INFO - Processing /home/ubuntu/.local/lib/python3.10/site-packages/airflow/example_dags/tutorial_taskflow_api.py took 2.857 seconds
[2024-01-30T13:51:58.728+0100] {processor.py:161} INFO - Started process (PID=6210) to work on /home/ubuntu/.local/lib/python3.10/site-packages/airflow/example_dags/tutorial_taskflow_api.py
[2024-01-30T13:51:58.732+0100] {processor.py:830} INFO - Processing file /home/ubuntu/.local/lib/python3.10/site-packages/airflow/example_dags/tutorial_taskflow_api.py for tasks to queue
[2024-01-30T13:51:58.733+0100] {logging_mixin.py:188} INFO - [2024-01-30T13:51:58.733+0100] {dagbag.py:538} INFO - Filling up the DagBag from /home/ubuntu/.local/lib/python3.10/site-packages/airflow/example_dags/tutorial_taskflow_api.py
[2024-01-30T13:51:58.747+0100] {processor.py:840} INFO - DAG(s) 'tutorial_taskflow_api' retrieved from /home/ubuntu/.local/lib/python3.10/site-packages/airflow/example_dags/tutorial_taskflow_api.py
[2024-01-30T13:51:58.782+0100] {logging_mixin.py:188} INFO - [2024-01-30T13:51:58.782+0100] {dag.py:3033} INFO - Sync 1 DAGs
[2024-01-30T13:51:58.814+0100] {logging_mixin.py:188} INFO - [2024-01-30T13:51:58.814+0100] {dag.py:3820} INFO - Setting next_dagrun for tutorial_taskflow_api to None, run_after=None
[2024-01-30T13:51:58.927+0100] {processor.py:183} INFO - Processing /home/ubuntu/.local/lib/python3.10/site-packages/airflow/example_dags/tutorial_taskflow_api.py took 0.206 seconds
[2024-01-30T13:52:41.627+0100] {processor.py:161} INFO - Started process (PID=6255) to work on /home/ubuntu/.local/lib/python3.10/site-packages/airflow/example_dags/tutorial_taskflow_api.py
[2024-01-30T13:52:41.629+0100] {processor.py:830} INFO - Processing file /home/ubuntu/.local/lib/python3.10/site-packages/airflow/example_dags/tutorial_taskflow_api.py for tasks to queue
[2024-01-30T13:52:41.630+0100] {logging_mixin.py:188} INFO - [2024-01-30T13:52:41.630+0100] {dagbag.py:538} INFO - Filling up the DagBag from /home/ubuntu/.local/lib/python3.10/site-packages/airflow/example_dags/tutorial_taskflow_api.py
[2024-01-30T13:52:41.641+0100] {processor.py:840} INFO - DAG(s) 'tutorial_taskflow_api' retrieved from /home/ubuntu/.local/lib/python3.10/site-packages/airflow/example_dags/tutorial_taskflow_api.py
[2024-01-30T13:52:41.668+0100] {logging_mixin.py:188} INFO - [2024-01-30T13:52:41.668+0100] {dag.py:3033} INFO - Sync 1 DAGs
[2024-01-30T13:52:41.685+0100] {logging_mixin.py:188} INFO - [2024-01-30T13:52:41.685+0100] {dag.py:3820} INFO - Setting next_dagrun for tutorial_taskflow_api to None, run_after=None
[2024-01-30T13:52:41.721+0100] {processor.py:183} INFO - Processing /home/ubuntu/.local/lib/python3.10/site-packages/airflow/example_dags/tutorial_taskflow_api.py took 0.098 seconds
[2024-01-30T15:53:09.312+0100] {processor.py:161} INFO - Started process (PID=6354) to work on /home/ubuntu/.local/lib/python3.10/site-packages/airflow/example_dags/tutorial_taskflow_api.py
[2024-01-30T15:53:09.314+0100] {processor.py:830} INFO - Processing file /home/ubuntu/.local/lib/python3.10/site-packages/airflow/example_dags/tutorial_taskflow_api.py for tasks to queue
[2024-01-30T15:53:09.315+0100] {logging_mixin.py:188} INFO - [2024-01-30T15:53:09.315+0100] {dagbag.py:538} INFO - Filling up the DagBag from /home/ubuntu/.local/lib/python3.10/site-packages/airflow/example_dags/tutorial_taskflow_api.py
[2024-01-30T15:53:09.325+0100] {processor.py:840} INFO - DAG(s) 'tutorial_taskflow_api' retrieved from /home/ubuntu/.local/lib/python3.10/site-packages/airflow/example_dags/tutorial_taskflow_api.py
[2024-01-30T15:53:09.350+0100] {logging_mixin.py:188} INFO - [2024-01-30T15:53:09.350+0100] {dag.py:3033} INFO - Sync 1 DAGs
[2024-01-30T15:53:09.365+0100] {logging_mixin.py:188} INFO - [2024-01-30T15:53:09.365+0100] {dag.py:3820} INFO - Setting next_dagrun for tutorial_taskflow_api to None, run_after=None
[2024-01-30T15:53:09.402+0100] {processor.py:183} INFO - Processing /home/ubuntu/.local/lib/python3.10/site-packages/airflow/example_dags/tutorial_taskflow_api.py took 0.095 seconds
[2024-01-30T15:54:01.460+0100] {processor.py:161} INFO - Started process (PID=6402) to work on /home/ubuntu/.local/lib/python3.10/site-packages/airflow/example_dags/tutorial_taskflow_api.py
[2024-01-30T15:54:01.462+0100] {processor.py:830} INFO - Processing file /home/ubuntu/.local/lib/python3.10/site-packages/airflow/example_dags/tutorial_taskflow_api.py for tasks to queue
[2024-01-30T15:54:01.464+0100] {logging_mixin.py:188} INFO - [2024-01-30T15:54:01.463+0100] {dagbag.py:538} INFO - Filling up the DagBag from /home/ubuntu/.local/lib/python3.10/site-packages/airflow/example_dags/tutorial_taskflow_api.py
[2024-01-30T15:54:01.472+0100] {processor.py:840} INFO - DAG(s) 'tutorial_taskflow_api' retrieved from /home/ubuntu/.local/lib/python3.10/site-packages/airflow/example_dags/tutorial_taskflow_api.py
[2024-01-30T15:54:01.491+0100] {logging_mixin.py:188} INFO - [2024-01-30T15:54:01.491+0100] {dag.py:3033} INFO - Sync 1 DAGs
[2024-01-30T15:54:01.509+0100] {logging_mixin.py:188} INFO - [2024-01-30T15:54:01.509+0100] {dag.py:3820} INFO - Setting next_dagrun for tutorial_taskflow_api to None, run_after=None
[2024-01-30T15:54:01.553+0100] {processor.py:183} INFO - Processing /home/ubuntu/.local/lib/python3.10/site-packages/airflow/example_dags/tutorial_taskflow_api.py took 0.099 seconds
[2024-01-30T15:55:04.959+0100] {processor.py:161} INFO - Started process (PID=6481) to work on /home/ubuntu/.local/lib/python3.10/site-packages/airflow/example_dags/tutorial_taskflow_api.py
[2024-01-30T15:55:04.964+0100] {processor.py:830} INFO - Processing file /home/ubuntu/.local/lib/python3.10/site-packages/airflow/example_dags/tutorial_taskflow_api.py for tasks to queue
[2024-01-30T15:55:04.966+0100] {logging_mixin.py:188} INFO - [2024-01-30T15:55:04.965+0100] {dagbag.py:538} INFO - Filling up the DagBag from /home/ubuntu/.local/lib/python3.10/site-packages/airflow/example_dags/tutorial_taskflow_api.py
[2024-01-30T15:55:04.976+0100] {processor.py:840} INFO - DAG(s) 'tutorial_taskflow_api' retrieved from /home/ubuntu/.local/lib/python3.10/site-packages/airflow/example_dags/tutorial_taskflow_api.py
[2024-01-30T15:55:04.997+0100] {logging_mixin.py:188} INFO - [2024-01-30T15:55:04.997+0100] {dag.py:3033} INFO - Sync 1 DAGs
[2024-01-30T15:55:05.014+0100] {logging_mixin.py:188} INFO - [2024-01-30T15:55:05.014+0100] {dag.py:3820} INFO - Setting next_dagrun for tutorial_taskflow_api to None, run_after=None
[2024-01-30T15:55:05.056+0100] {processor.py:183} INFO - Processing /home/ubuntu/.local/lib/python3.10/site-packages/airflow/example_dags/tutorial_taskflow_api.py took 0.102 seconds
[2024-01-30T15:56:03.881+0100] {processor.py:161} INFO - Started process (PID=6538) to work on /home/ubuntu/.local/lib/python3.10/site-packages/airflow/example_dags/tutorial_taskflow_api.py
[2024-01-30T15:56:03.883+0100] {processor.py:830} INFO - Processing file /home/ubuntu/.local/lib/python3.10/site-packages/airflow/example_dags/tutorial_taskflow_api.py for tasks to queue
[2024-01-30T15:56:03.884+0100] {logging_mixin.py:188} INFO - [2024-01-30T15:56:03.883+0100] {dagbag.py:538} INFO - Filling up the DagBag from /home/ubuntu/.local/lib/python3.10/site-packages/airflow/example_dags/tutorial_taskflow_api.py
[2024-01-30T15:56:03.894+0100] {processor.py:840} INFO - DAG(s) 'tutorial_taskflow_api' retrieved from /home/ubuntu/.local/lib/python3.10/site-packages/airflow/example_dags/tutorial_taskflow_api.py
[2024-01-30T15:56:03.915+0100] {logging_mixin.py:188} INFO - [2024-01-30T15:56:03.915+0100] {dag.py:3033} INFO - Sync 1 DAGs
[2024-01-30T15:56:03.930+0100] {logging_mixin.py:188} INFO - [2024-01-30T15:56:03.930+0100] {dag.py:3820} INFO - Setting next_dagrun for tutorial_taskflow_api to None, run_after=None
[2024-01-30T15:56:03.976+0100] {processor.py:183} INFO - Processing /home/ubuntu/.local/lib/python3.10/site-packages/airflow/example_dags/tutorial_taskflow_api.py took 0.100 seconds
[2024-01-30T15:58:50.452+0100] {processor.py:161} INFO - Started process (PID=7492) to work on /home/ubuntu/.local/lib/python3.10/site-packages/airflow/example_dags/tutorial_taskflow_api.py
[2024-01-30T15:58:50.457+0100] {processor.py:830} INFO - Processing file /home/ubuntu/.local/lib/python3.10/site-packages/airflow/example_dags/tutorial_taskflow_api.py for tasks to queue
[2024-01-30T15:58:50.460+0100] {logging_mixin.py:188} INFO - [2024-01-30T15:58:50.458+0100] {dagbag.py:538} INFO - Filling up the DagBag from /home/ubuntu/.local/lib/python3.10/site-packages/airflow/example_dags/tutorial_taskflow_api.py
[2024-01-30T15:58:50.500+0100] {processor.py:840} INFO - DAG(s) 'tutorial_taskflow_api' retrieved from /home/ubuntu/.local/lib/python3.10/site-packages/airflow/example_dags/tutorial_taskflow_api.py
[2024-01-30T15:58:50.600+0100] {logging_mixin.py:188} INFO - [2024-01-30T15:58:50.600+0100] {dag.py:3033} INFO - Sync 1 DAGs
[2024-01-30T15:58:50.629+0100] {logging_mixin.py:188} INFO - [2024-01-30T15:58:50.628+0100] {dag.py:3820} INFO - Setting next_dagrun for tutorial_taskflow_api to None, run_after=None
[2024-01-30T15:58:50.689+0100] {processor.py:183} INFO - Processing /home/ubuntu/.local/lib/python3.10/site-packages/airflow/example_dags/tutorial_taskflow_api.py took 0.249 seconds
[2024-01-30T16:00:37.463+0100] {processor.py:161} INFO - Started process (PID=8329) to work on /home/ubuntu/.local/lib/python3.10/site-packages/airflow/example_dags/tutorial_taskflow_api.py
[2024-01-30T16:00:37.473+0100] {processor.py:830} INFO - Processing file /home/ubuntu/.local/lib/python3.10/site-packages/airflow/example_dags/tutorial_taskflow_api.py for tasks to queue
[2024-01-30T16:00:37.475+0100] {logging_mixin.py:188} INFO - [2024-01-30T16:00:37.474+0100] {dagbag.py:538} INFO - Filling up the DagBag from /home/ubuntu/.local/lib/python3.10/site-packages/airflow/example_dags/tutorial_taskflow_api.py
[2024-01-30T16:00:37.492+0100] {processor.py:840} INFO - DAG(s) 'tutorial_taskflow_api' retrieved from /home/ubuntu/.local/lib/python3.10/site-packages/airflow/example_dags/tutorial_taskflow_api.py
[2024-01-30T16:00:37.547+0100] {logging_mixin.py:188} INFO - [2024-01-30T16:00:37.546+0100] {dag.py:3033} INFO - Sync 1 DAGs
[2024-01-30T16:00:37.616+0100] {logging_mixin.py:188} INFO - [2024-01-30T16:00:37.613+0100] {dag.py:3820} INFO - Setting next_dagrun for tutorial_taskflow_api to None, run_after=None
[2024-01-30T16:00:37.835+0100] {processor.py:183} INFO - Processing /home/ubuntu/.local/lib/python3.10/site-packages/airflow/example_dags/tutorial_taskflow_api.py took 0.419 seconds
[2024-01-30T16:01:46.037+0100] {processor.py:161} INFO - Started process (PID=8377) to work on /home/ubuntu/.local/lib/python3.10/site-packages/airflow/example_dags/tutorial_taskflow_api.py
[2024-01-30T16:01:46.042+0100] {processor.py:830} INFO - Processing file /home/ubuntu/.local/lib/python3.10/site-packages/airflow/example_dags/tutorial_taskflow_api.py for tasks to queue
[2024-01-30T16:01:46.051+0100] {logging_mixin.py:188} INFO - [2024-01-30T16:01:46.044+0100] {dagbag.py:538} INFO - Filling up the DagBag from /home/ubuntu/.local/lib/python3.10/site-packages/airflow/example_dags/tutorial_taskflow_api.py
[2024-01-30T16:01:46.070+0100] {processor.py:840} INFO - DAG(s) 'tutorial_taskflow_api' retrieved from /home/ubuntu/.local/lib/python3.10/site-packages/airflow/example_dags/tutorial_taskflow_api.py
[2024-01-30T16:01:46.131+0100] {logging_mixin.py:188} INFO - [2024-01-30T16:01:46.130+0100] {dag.py:3033} INFO - Sync 1 DAGs
[2024-01-30T16:01:46.154+0100] {logging_mixin.py:188} INFO - [2024-01-30T16:01:46.154+0100] {dag.py:3820} INFO - Setting next_dagrun for tutorial_taskflow_api to None, run_after=None
[2024-01-30T16:01:46.304+0100] {processor.py:183} INFO - Processing /home/ubuntu/.local/lib/python3.10/site-packages/airflow/example_dags/tutorial_taskflow_api.py took 0.286 seconds
[2024-01-30T16:02:43.076+0100] {processor.py:161} INFO - Started process (PID=8433) to work on /home/ubuntu/.local/lib/python3.10/site-packages/airflow/example_dags/tutorial_taskflow_api.py
[2024-01-30T16:02:43.104+0100] {processor.py:830} INFO - Processing file /home/ubuntu/.local/lib/python3.10/site-packages/airflow/example_dags/tutorial_taskflow_api.py for tasks to queue
[2024-01-30T16:02:43.111+0100] {logging_mixin.py:188} INFO - [2024-01-30T16:02:43.108+0100] {dagbag.py:538} INFO - Filling up the DagBag from /home/ubuntu/.local/lib/python3.10/site-packages/airflow/example_dags/tutorial_taskflow_api.py
[2024-01-30T16:02:43.135+0100] {processor.py:840} INFO - DAG(s) 'tutorial_taskflow_api' retrieved from /home/ubuntu/.local/lib/python3.10/site-packages/airflow/example_dags/tutorial_taskflow_api.py
[2024-01-30T16:02:43.178+0100] {logging_mixin.py:188} INFO - [2024-01-30T16:02:43.177+0100] {dag.py:3033} INFO - Sync 1 DAGs
[2024-01-30T16:02:43.223+0100] {logging_mixin.py:188} INFO - [2024-01-30T16:02:43.222+0100] {dag.py:3820} INFO - Setting next_dagrun for tutorial_taskflow_api to None, run_after=None
[2024-01-30T16:02:43.402+0100] {processor.py:183} INFO - Processing /home/ubuntu/.local/lib/python3.10/site-packages/airflow/example_dags/tutorial_taskflow_api.py took 0.335 seconds
[2024-01-30T16:07:16.806+0100] {processor.py:161} INFO - Started process (PID=9145) to work on /home/ubuntu/.local/lib/python3.10/site-packages/airflow/example_dags/tutorial_taskflow_api.py
[2024-01-30T16:07:16.812+0100] {processor.py:830} INFO - Processing file /home/ubuntu/.local/lib/python3.10/site-packages/airflow/example_dags/tutorial_taskflow_api.py for tasks to queue
[2024-01-30T16:07:16.828+0100] {logging_mixin.py:188} INFO - [2024-01-30T16:07:16.824+0100] {dagbag.py:538} INFO - Filling up the DagBag from /home/ubuntu/.local/lib/python3.10/site-packages/airflow/example_dags/tutorial_taskflow_api.py
[2024-01-30T16:07:16.922+0100] {processor.py:840} INFO - DAG(s) 'tutorial_taskflow_api' retrieved from /home/ubuntu/.local/lib/python3.10/site-packages/airflow/example_dags/tutorial_taskflow_api.py
[2024-01-30T16:07:17.001+0100] {logging_mixin.py:188} INFO - [2024-01-30T16:07:17.001+0100] {dag.py:3033} INFO - Sync 1 DAGs
[2024-01-30T16:07:17.059+0100] {logging_mixin.py:188} INFO - [2024-01-30T16:07:17.059+0100] {dag.py:3820} INFO - Setting next_dagrun for tutorial_taskflow_api to None, run_after=None
[2024-01-30T16:07:17.108+0100] {processor.py:183} INFO - Processing /home/ubuntu/.local/lib/python3.10/site-packages/airflow/example_dags/tutorial_taskflow_api.py took 0.317 seconds
[2024-01-30T16:15:14.206+0100] {processor.py:161} INFO - Started process (PID=5420) to work on /home/ubuntu/.local/lib/python3.10/site-packages/airflow/example_dags/tutorial_taskflow_api.py
[2024-01-30T16:15:14.211+0100] {processor.py:830} INFO - Processing file /home/ubuntu/.local/lib/python3.10/site-packages/airflow/example_dags/tutorial_taskflow_api.py for tasks to queue
[2024-01-30T16:15:14.214+0100] {logging_mixin.py:188} INFO - [2024-01-30T16:15:14.212+0100] {dagbag.py:538} INFO - Filling up the DagBag from /home/ubuntu/.local/lib/python3.10/site-packages/airflow/example_dags/tutorial_taskflow_api.py
[2024-01-30T16:15:14.317+0100] {processor.py:840} INFO - DAG(s) 'tutorial_taskflow_api' retrieved from /home/ubuntu/.local/lib/python3.10/site-packages/airflow/example_dags/tutorial_taskflow_api.py
[2024-01-30T16:15:17.534+0100] {logging_mixin.py:188} INFO - [2024-01-30T16:15:17.533+0100] {dag.py:3033} INFO - Sync 1 DAGs
[2024-01-30T16:15:17.618+0100] {logging_mixin.py:188} INFO - [2024-01-30T16:15:17.618+0100] {dag.py:3820} INFO - Setting next_dagrun for tutorial_taskflow_api to None, run_after=None
[2024-01-30T16:15:17.955+0100] {processor.py:183} INFO - Processing /home/ubuntu/.local/lib/python3.10/site-packages/airflow/example_dags/tutorial_taskflow_api.py took 3.760 seconds
[2024-01-30T16:17:50.604+0100] {processor.py:161} INFO - Started process (PID=5631) to work on /home/ubuntu/.local/lib/python3.10/site-packages/airflow/example_dags/tutorial_taskflow_api.py
[2024-01-30T16:17:50.609+0100] {processor.py:830} INFO - Processing file /home/ubuntu/.local/lib/python3.10/site-packages/airflow/example_dags/tutorial_taskflow_api.py for tasks to queue
[2024-01-30T16:17:50.611+0100] {logging_mixin.py:188} INFO - [2024-01-30T16:17:50.610+0100] {dagbag.py:538} INFO - Filling up the DagBag from /home/ubuntu/.local/lib/python3.10/site-packages/airflow/example_dags/tutorial_taskflow_api.py
[2024-01-30T16:17:50.632+0100] {processor.py:840} INFO - DAG(s) 'tutorial_taskflow_api' retrieved from /home/ubuntu/.local/lib/python3.10/site-packages/airflow/example_dags/tutorial_taskflow_api.py
[2024-01-30T16:17:50.694+0100] {logging_mixin.py:188} INFO - [2024-01-30T16:17:50.688+0100] {dag.py:3033} INFO - Sync 1 DAGs
[2024-01-30T16:17:50.735+0100] {logging_mixin.py:188} INFO - [2024-01-30T16:17:50.735+0100] {dag.py:3820} INFO - Setting next_dagrun for tutorial_taskflow_api to None, run_after=None
[2024-01-30T16:17:50.857+0100] {processor.py:183} INFO - Processing /home/ubuntu/.local/lib/python3.10/site-packages/airflow/example_dags/tutorial_taskflow_api.py took 0.267 seconds
[2024-01-30T16:19:20.610+0100] {processor.py:161} INFO - Started process (PID=5750) to work on /home/ubuntu/.local/lib/python3.10/site-packages/airflow/example_dags/tutorial_taskflow_api.py
[2024-01-30T16:19:20.624+0100] {processor.py:830} INFO - Processing file /home/ubuntu/.local/lib/python3.10/site-packages/airflow/example_dags/tutorial_taskflow_api.py for tasks to queue
[2024-01-30T16:19:20.625+0100] {logging_mixin.py:188} INFO - [2024-01-30T16:19:20.625+0100] {dagbag.py:538} INFO - Filling up the DagBag from /home/ubuntu/.local/lib/python3.10/site-packages/airflow/example_dags/tutorial_taskflow_api.py
[2024-01-30T16:19:20.642+0100] {processor.py:840} INFO - DAG(s) 'tutorial_taskflow_api' retrieved from /home/ubuntu/.local/lib/python3.10/site-packages/airflow/example_dags/tutorial_taskflow_api.py
[2024-01-30T16:19:20.666+0100] {logging_mixin.py:188} INFO - [2024-01-30T16:19:20.666+0100] {dag.py:3033} INFO - Sync 1 DAGs
[2024-01-30T16:19:20.695+0100] {logging_mixin.py:188} INFO - [2024-01-30T16:19:20.695+0100] {dag.py:3820} INFO - Setting next_dagrun for tutorial_taskflow_api to None, run_after=None
[2024-01-30T16:19:20.795+0100] {processor.py:183} INFO - Processing /home/ubuntu/.local/lib/python3.10/site-packages/airflow/example_dags/tutorial_taskflow_api.py took 0.200 seconds
[2024-01-30T16:20:53.959+0100] {processor.py:161} INFO - Started process (PID=6197) to work on /home/ubuntu/.local/lib/python3.10/site-packages/airflow/example_dags/tutorial_taskflow_api.py
[2024-01-30T16:20:53.977+0100] {processor.py:830} INFO - Processing file /home/ubuntu/.local/lib/python3.10/site-packages/airflow/example_dags/tutorial_taskflow_api.py for tasks to queue
[2024-01-30T16:20:53.993+0100] {logging_mixin.py:188} INFO - [2024-01-30T16:20:53.978+0100] {dagbag.py:538} INFO - Filling up the DagBag from /home/ubuntu/.local/lib/python3.10/site-packages/airflow/example_dags/tutorial_taskflow_api.py
[2024-01-30T16:20:54.072+0100] {processor.py:840} INFO - DAG(s) 'tutorial_taskflow_api' retrieved from /home/ubuntu/.local/lib/python3.10/site-packages/airflow/example_dags/tutorial_taskflow_api.py
[2024-01-30T16:20:54.191+0100] {logging_mixin.py:188} INFO - [2024-01-30T16:20:54.190+0100] {dag.py:3033} INFO - Sync 1 DAGs
[2024-01-30T16:20:54.249+0100] {logging_mixin.py:188} INFO - [2024-01-30T16:20:54.248+0100] {dag.py:3820} INFO - Setting next_dagrun for tutorial_taskflow_api to None, run_after=None
[2024-01-30T16:20:54.459+0100] {processor.py:183} INFO - Processing /home/ubuntu/.local/lib/python3.10/site-packages/airflow/example_dags/tutorial_taskflow_api.py took 0.512 seconds
[2024-01-30T16:22:23.638+0100] {processor.py:161} INFO - Started process (PID=6265) to work on /home/ubuntu/.local/lib/python3.10/site-packages/airflow/example_dags/tutorial_taskflow_api.py
[2024-01-30T16:22:23.649+0100] {processor.py:830} INFO - Processing file /home/ubuntu/.local/lib/python3.10/site-packages/airflow/example_dags/tutorial_taskflow_api.py for tasks to queue
[2024-01-30T16:22:23.650+0100] {logging_mixin.py:188} INFO - [2024-01-30T16:22:23.650+0100] {dagbag.py:538} INFO - Filling up the DagBag from /home/ubuntu/.local/lib/python3.10/site-packages/airflow/example_dags/tutorial_taskflow_api.py
[2024-01-30T16:22:23.661+0100] {processor.py:840} INFO - DAG(s) 'tutorial_taskflow_api' retrieved from /home/ubuntu/.local/lib/python3.10/site-packages/airflow/example_dags/tutorial_taskflow_api.py
[2024-01-30T16:22:23.684+0100] {logging_mixin.py:188} INFO - [2024-01-30T16:22:23.683+0100] {dag.py:3033} INFO - Sync 1 DAGs
[2024-01-30T16:22:23.699+0100] {logging_mixin.py:188} INFO - [2024-01-30T16:22:23.699+0100] {dag.py:3820} INFO - Setting next_dagrun for tutorial_taskflow_api to None, run_after=None
[2024-01-30T16:22:23.742+0100] {processor.py:183} INFO - Processing /home/ubuntu/.local/lib/python3.10/site-packages/airflow/example_dags/tutorial_taskflow_api.py took 0.108 seconds
[2024-01-30T16:24:50.001+0100] {processor.py:161} INFO - Started process (PID=7335) to work on /home/ubuntu/.local/lib/python3.10/site-packages/airflow/example_dags/tutorial_taskflow_api.py
[2024-01-30T16:24:50.008+0100] {processor.py:830} INFO - Processing file /home/ubuntu/.local/lib/python3.10/site-packages/airflow/example_dags/tutorial_taskflow_api.py for tasks to queue
[2024-01-30T16:24:50.010+0100] {logging_mixin.py:188} INFO - [2024-01-30T16:24:50.009+0100] {dagbag.py:538} INFO - Filling up the DagBag from /home/ubuntu/.local/lib/python3.10/site-packages/airflow/example_dags/tutorial_taskflow_api.py
[2024-01-30T16:24:50.021+0100] {processor.py:840} INFO - DAG(s) 'tutorial_taskflow_api' retrieved from /home/ubuntu/.local/lib/python3.10/site-packages/airflow/example_dags/tutorial_taskflow_api.py
[2024-01-30T16:24:50.229+0100] {logging_mixin.py:188} INFO - [2024-01-30T16:24:50.228+0100] {dag.py:3033} INFO - Sync 1 DAGs
[2024-01-30T16:24:50.240+0100] {logging_mixin.py:188} INFO - [2024-01-30T16:24:50.240+0100] {dag.py:3820} INFO - Setting next_dagrun for tutorial_taskflow_api to None, run_after=None
[2024-01-30T16:24:50.272+0100] {processor.py:183} INFO - Processing /home/ubuntu/.local/lib/python3.10/site-packages/airflow/example_dags/tutorial_taskflow_api.py took 0.279 seconds
[2024-01-30T16:29:55.845+0100] {processor.py:161} INFO - Started process (PID=8319) to work on /home/ubuntu/.local/lib/python3.10/site-packages/airflow/example_dags/tutorial_taskflow_api.py
[2024-01-30T16:29:55.859+0100] {processor.py:830} INFO - Processing file /home/ubuntu/.local/lib/python3.10/site-packages/airflow/example_dags/tutorial_taskflow_api.py for tasks to queue
[2024-01-30T16:29:55.863+0100] {logging_mixin.py:188} INFO - [2024-01-30T16:29:55.861+0100] {dagbag.py:538} INFO - Filling up the DagBag from /home/ubuntu/.local/lib/python3.10/site-packages/airflow/example_dags/tutorial_taskflow_api.py
[2024-01-30T16:29:55.892+0100] {processor.py:840} INFO - DAG(s) 'tutorial_taskflow_api' retrieved from /home/ubuntu/.local/lib/python3.10/site-packages/airflow/example_dags/tutorial_taskflow_api.py
[2024-01-30T16:29:56.115+0100] {logging_mixin.py:188} INFO - [2024-01-30T16:29:56.115+0100] {dag.py:3033} INFO - Sync 1 DAGs
[2024-01-30T16:29:56.169+0100] {logging_mixin.py:188} INFO - [2024-01-30T16:29:56.169+0100] {dag.py:3820} INFO - Setting next_dagrun for tutorial_taskflow_api to None, run_after=None
[2024-01-30T16:29:56.284+0100] {processor.py:183} INFO - Processing /home/ubuntu/.local/lib/python3.10/site-packages/airflow/example_dags/tutorial_taskflow_api.py took 0.460 seconds
[2024-01-30T16:31:55.989+0100] {processor.py:161} INFO - Started process (PID=8720) to work on /home/ubuntu/.local/lib/python3.10/site-packages/airflow/example_dags/tutorial_taskflow_api.py
[2024-01-30T16:31:56.002+0100] {processor.py:830} INFO - Processing file /home/ubuntu/.local/lib/python3.10/site-packages/airflow/example_dags/tutorial_taskflow_api.py for tasks to queue
[2024-01-30T16:31:56.012+0100] {logging_mixin.py:188} INFO - [2024-01-30T16:31:56.004+0100] {dagbag.py:538} INFO - Filling up the DagBag from /home/ubuntu/.local/lib/python3.10/site-packages/airflow/example_dags/tutorial_taskflow_api.py
[2024-01-30T16:31:56.043+0100] {processor.py:840} INFO - DAG(s) 'tutorial_taskflow_api' retrieved from /home/ubuntu/.local/lib/python3.10/site-packages/airflow/example_dags/tutorial_taskflow_api.py
[2024-01-30T16:31:56.145+0100] {logging_mixin.py:188} INFO - [2024-01-30T16:31:56.145+0100] {dag.py:3033} INFO - Sync 1 DAGs
[2024-01-30T16:31:56.206+0100] {logging_mixin.py:188} INFO - [2024-01-30T16:31:56.206+0100] {dag.py:3820} INFO - Setting next_dagrun for tutorial_taskflow_api to None, run_after=None
[2024-01-30T16:31:56.502+0100] {processor.py:183} INFO - Processing /home/ubuntu/.local/lib/python3.10/site-packages/airflow/example_dags/tutorial_taskflow_api.py took 0.526 seconds
[2024-01-30T16:33:08.169+0100] {processor.py:161} INFO - Started process (PID=9400) to work on /home/ubuntu/.local/lib/python3.10/site-packages/airflow/example_dags/tutorial_taskflow_api.py
[2024-01-30T16:33:08.174+0100] {processor.py:830} INFO - Processing file /home/ubuntu/.local/lib/python3.10/site-packages/airflow/example_dags/tutorial_taskflow_api.py for tasks to queue
[2024-01-30T16:33:08.177+0100] {logging_mixin.py:188} INFO - [2024-01-30T16:33:08.175+0100] {dagbag.py:538} INFO - Filling up the DagBag from /home/ubuntu/.local/lib/python3.10/site-packages/airflow/example_dags/tutorial_taskflow_api.py
[2024-01-30T16:33:08.203+0100] {processor.py:840} INFO - DAG(s) 'tutorial_taskflow_api' retrieved from /home/ubuntu/.local/lib/python3.10/site-packages/airflow/example_dags/tutorial_taskflow_api.py
[2024-01-30T16:33:08.238+0100] {logging_mixin.py:188} INFO - [2024-01-30T16:33:08.237+0100] {dag.py:3033} INFO - Sync 1 DAGs
[2024-01-30T16:33:08.263+0100] {logging_mixin.py:188} INFO - [2024-01-30T16:33:08.263+0100] {dag.py:3820} INFO - Setting next_dagrun for tutorial_taskflow_api to None, run_after=None
[2024-01-30T16:33:08.363+0100] {processor.py:183} INFO - Processing /home/ubuntu/.local/lib/python3.10/site-packages/airflow/example_dags/tutorial_taskflow_api.py took 0.202 seconds
[2024-01-30T16:48:13.278+0100] {processor.py:161} INFO - Started process (PID=5111) to work on /home/ubuntu/.local/lib/python3.10/site-packages/airflow/example_dags/tutorial_taskflow_api.py
[2024-01-30T16:48:13.338+0100] {processor.py:830} INFO - Processing file /home/ubuntu/.local/lib/python3.10/site-packages/airflow/example_dags/tutorial_taskflow_api.py for tasks to queue
[2024-01-30T16:48:13.340+0100] {logging_mixin.py:188} INFO - [2024-01-30T16:48:13.340+0100] {dagbag.py:538} INFO - Filling up the DagBag from /home/ubuntu/.local/lib/python3.10/site-packages/airflow/example_dags/tutorial_taskflow_api.py
[2024-01-30T16:48:13.363+0100] {processor.py:840} INFO - DAG(s) 'tutorial_taskflow_api' retrieved from /home/ubuntu/.local/lib/python3.10/site-packages/airflow/example_dags/tutorial_taskflow_api.py
[2024-01-30T16:48:14.495+0100] {logging_mixin.py:188} INFO - [2024-01-30T16:48:14.489+0100] {dag.py:3033} INFO - Sync 1 DAGs
[2024-01-30T16:48:14.577+0100] {logging_mixin.py:188} INFO - [2024-01-30T16:48:14.577+0100] {dag.py:3820} INFO - Setting next_dagrun for tutorial_taskflow_api to None, run_after=None
[2024-01-30T16:48:14.710+0100] {processor.py:183} INFO - Processing /home/ubuntu/.local/lib/python3.10/site-packages/airflow/example_dags/tutorial_taskflow_api.py took 1.450 seconds
[2024-01-30T16:50:46.549+0100] {processor.py:161} INFO - Started process (PID=5318) to work on /home/ubuntu/.local/lib/python3.10/site-packages/airflow/example_dags/tutorial_taskflow_api.py
[2024-01-30T16:50:46.564+0100] {processor.py:830} INFO - Processing file /home/ubuntu/.local/lib/python3.10/site-packages/airflow/example_dags/tutorial_taskflow_api.py for tasks to queue
[2024-01-30T16:50:46.566+0100] {logging_mixin.py:188} INFO - [2024-01-30T16:50:46.565+0100] {dagbag.py:538} INFO - Filling up the DagBag from /home/ubuntu/.local/lib/python3.10/site-packages/airflow/example_dags/tutorial_taskflow_api.py
[2024-01-30T16:50:46.608+0100] {processor.py:840} INFO - DAG(s) 'tutorial_taskflow_api' retrieved from /home/ubuntu/.local/lib/python3.10/site-packages/airflow/example_dags/tutorial_taskflow_api.py
[2024-01-30T16:50:46.648+0100] {logging_mixin.py:188} INFO - [2024-01-30T16:50:46.648+0100] {dag.py:3033} INFO - Sync 1 DAGs
[2024-01-30T16:50:46.707+0100] {logging_mixin.py:188} INFO - [2024-01-30T16:50:46.707+0100] {dag.py:3820} INFO - Setting next_dagrun for tutorial_taskflow_api to None, run_after=None
[2024-01-30T16:50:46.754+0100] {processor.py:183} INFO - Processing /home/ubuntu/.local/lib/python3.10/site-packages/airflow/example_dags/tutorial_taskflow_api.py took 0.240 seconds
[2024-01-30T16:51:30.734+0100] {processor.py:161} INFO - Started process (PID=5360) to work on /home/ubuntu/.local/lib/python3.10/site-packages/airflow/example_dags/tutorial_taskflow_api.py
[2024-01-30T16:51:30.741+0100] {processor.py:830} INFO - Processing file /home/ubuntu/.local/lib/python3.10/site-packages/airflow/example_dags/tutorial_taskflow_api.py for tasks to queue
[2024-01-30T16:51:30.745+0100] {logging_mixin.py:188} INFO - [2024-01-30T16:51:30.743+0100] {dagbag.py:538} INFO - Filling up the DagBag from /home/ubuntu/.local/lib/python3.10/site-packages/airflow/example_dags/tutorial_taskflow_api.py
[2024-01-30T16:51:30.758+0100] {processor.py:840} INFO - DAG(s) 'tutorial_taskflow_api' retrieved from /home/ubuntu/.local/lib/python3.10/site-packages/airflow/example_dags/tutorial_taskflow_api.py
[2024-01-30T16:51:30.798+0100] {logging_mixin.py:188} INFO - [2024-01-30T16:51:30.798+0100] {dag.py:3033} INFO - Sync 1 DAGs
[2024-01-30T16:51:30.831+0100] {logging_mixin.py:188} INFO - [2024-01-30T16:51:30.831+0100] {dag.py:3820} INFO - Setting next_dagrun for tutorial_taskflow_api to None, run_after=None
[2024-01-30T16:51:30.892+0100] {processor.py:183} INFO - Processing /home/ubuntu/.local/lib/python3.10/site-packages/airflow/example_dags/tutorial_taskflow_api.py took 0.171 seconds
[2024-01-30T16:52:48.827+0100] {processor.py:161} INFO - Started process (PID=5434) to work on /home/ubuntu/.local/lib/python3.10/site-packages/airflow/example_dags/tutorial_taskflow_api.py
[2024-01-30T16:52:48.830+0100] {processor.py:830} INFO - Processing file /home/ubuntu/.local/lib/python3.10/site-packages/airflow/example_dags/tutorial_taskflow_api.py for tasks to queue
[2024-01-30T16:52:48.831+0100] {logging_mixin.py:188} INFO - [2024-01-30T16:52:48.831+0100] {dagbag.py:538} INFO - Filling up the DagBag from /home/ubuntu/.local/lib/python3.10/site-packages/airflow/example_dags/tutorial_taskflow_api.py
[2024-01-30T16:52:48.840+0100] {processor.py:840} INFO - DAG(s) 'tutorial_taskflow_api' retrieved from /home/ubuntu/.local/lib/python3.10/site-packages/airflow/example_dags/tutorial_taskflow_api.py
[2024-01-30T16:52:48.863+0100] {logging_mixin.py:188} INFO - [2024-01-30T16:52:48.863+0100] {dag.py:3033} INFO - Sync 1 DAGs
[2024-01-30T16:52:48.880+0100] {logging_mixin.py:188} INFO - [2024-01-30T16:52:48.880+0100] {dag.py:3820} INFO - Setting next_dagrun for tutorial_taskflow_api to None, run_after=None
[2024-01-30T16:52:49.159+0100] {processor.py:183} INFO - Processing /home/ubuntu/.local/lib/python3.10/site-packages/airflow/example_dags/tutorial_taskflow_api.py took 0.337 seconds
[2024-01-30T16:54:04.789+0100] {processor.py:161} INFO - Started process (PID=5520) to work on /home/ubuntu/.local/lib/python3.10/site-packages/airflow/example_dags/tutorial_taskflow_api.py
[2024-01-30T16:54:04.813+0100] {processor.py:830} INFO - Processing file /home/ubuntu/.local/lib/python3.10/site-packages/airflow/example_dags/tutorial_taskflow_api.py for tasks to queue
[2024-01-30T16:54:04.814+0100] {logging_mixin.py:188} INFO - [2024-01-30T16:54:04.814+0100] {dagbag.py:538} INFO - Filling up the DagBag from /home/ubuntu/.local/lib/python3.10/site-packages/airflow/example_dags/tutorial_taskflow_api.py
[2024-01-30T16:54:04.825+0100] {processor.py:840} INFO - DAG(s) 'tutorial_taskflow_api' retrieved from /home/ubuntu/.local/lib/python3.10/site-packages/airflow/example_dags/tutorial_taskflow_api.py
[2024-01-30T16:54:04.903+0100] {logging_mixin.py:188} INFO - [2024-01-30T16:54:04.903+0100] {dag.py:3033} INFO - Sync 1 DAGs
[2024-01-30T16:54:04.930+0100] {logging_mixin.py:188} INFO - [2024-01-30T16:54:04.929+0100] {dag.py:3820} INFO - Setting next_dagrun for tutorial_taskflow_api to None, run_after=None
[2024-01-30T16:54:05.059+0100] {processor.py:183} INFO - Processing /home/ubuntu/.local/lib/python3.10/site-packages/airflow/example_dags/tutorial_taskflow_api.py took 0.291 seconds
[2024-01-30T16:55:27.605+0100] {processor.py:161} INFO - Started process (PID=5680) to work on /home/ubuntu/.local/lib/python3.10/site-packages/airflow/example_dags/tutorial_taskflow_api.py
[2024-01-30T16:55:27.612+0100] {processor.py:830} INFO - Processing file /home/ubuntu/.local/lib/python3.10/site-packages/airflow/example_dags/tutorial_taskflow_api.py for tasks to queue
[2024-01-30T16:55:27.616+0100] {logging_mixin.py:188} INFO - [2024-01-30T16:55:27.613+0100] {dagbag.py:538} INFO - Filling up the DagBag from /home/ubuntu/.local/lib/python3.10/site-packages/airflow/example_dags/tutorial_taskflow_api.py
[2024-01-30T16:55:27.653+0100] {processor.py:840} INFO - DAG(s) 'tutorial_taskflow_api' retrieved from /home/ubuntu/.local/lib/python3.10/site-packages/airflow/example_dags/tutorial_taskflow_api.py
[2024-01-30T16:55:27.744+0100] {logging_mixin.py:188} INFO - [2024-01-30T16:55:27.744+0100] {dag.py:3033} INFO - Sync 1 DAGs
[2024-01-30T16:55:27.777+0100] {logging_mixin.py:188} INFO - [2024-01-30T16:55:27.777+0100] {dag.py:3820} INFO - Setting next_dagrun for tutorial_taskflow_api to None, run_after=None
[2024-01-30T16:55:27.891+0100] {processor.py:183} INFO - Processing /home/ubuntu/.local/lib/python3.10/site-packages/airflow/example_dags/tutorial_taskflow_api.py took 0.291 seconds
[2024-01-30T16:56:17.663+0100] {processor.py:161} INFO - Started process (PID=5721) to work on /home/ubuntu/.local/lib/python3.10/site-packages/airflow/example_dags/tutorial_taskflow_api.py
[2024-01-30T16:56:17.674+0100] {processor.py:830} INFO - Processing file /home/ubuntu/.local/lib/python3.10/site-packages/airflow/example_dags/tutorial_taskflow_api.py for tasks to queue
[2024-01-30T16:56:17.677+0100] {logging_mixin.py:188} INFO - [2024-01-30T16:56:17.676+0100] {dagbag.py:538} INFO - Filling up the DagBag from /home/ubuntu/.local/lib/python3.10/site-packages/airflow/example_dags/tutorial_taskflow_api.py
[2024-01-30T16:56:17.700+0100] {processor.py:840} INFO - DAG(s) 'tutorial_taskflow_api' retrieved from /home/ubuntu/.local/lib/python3.10/site-packages/airflow/example_dags/tutorial_taskflow_api.py
[2024-01-30T16:56:17.771+0100] {logging_mixin.py:188} INFO - [2024-01-30T16:56:17.771+0100] {dag.py:3033} INFO - Sync 1 DAGs
[2024-01-30T16:56:17.793+0100] {logging_mixin.py:188} INFO - [2024-01-30T16:56:17.792+0100] {dag.py:3820} INFO - Setting next_dagrun for tutorial_taskflow_api to None, run_after=None
[2024-01-30T16:56:18.002+0100] {processor.py:183} INFO - Processing /home/ubuntu/.local/lib/python3.10/site-packages/airflow/example_dags/tutorial_taskflow_api.py took 0.352 seconds
[2024-01-30T16:56:59.467+0100] {processor.py:161} INFO - Started process (PID=5756) to work on /home/ubuntu/.local/lib/python3.10/site-packages/airflow/example_dags/tutorial_taskflow_api.py
[2024-01-30T16:56:59.471+0100] {processor.py:830} INFO - Processing file /home/ubuntu/.local/lib/python3.10/site-packages/airflow/example_dags/tutorial_taskflow_api.py for tasks to queue
[2024-01-30T16:56:59.475+0100] {logging_mixin.py:188} INFO - [2024-01-30T16:56:59.473+0100] {dagbag.py:538} INFO - Filling up the DagBag from /home/ubuntu/.local/lib/python3.10/site-packages/airflow/example_dags/tutorial_taskflow_api.py
[2024-01-30T16:56:59.492+0100] {processor.py:840} INFO - DAG(s) 'tutorial_taskflow_api' retrieved from /home/ubuntu/.local/lib/python3.10/site-packages/airflow/example_dags/tutorial_taskflow_api.py
[2024-01-30T16:56:59.517+0100] {logging_mixin.py:188} INFO - [2024-01-30T16:56:59.517+0100] {dag.py:3033} INFO - Sync 1 DAGs
[2024-01-30T16:56:59.541+0100] {logging_mixin.py:188} INFO - [2024-01-30T16:56:59.541+0100] {dag.py:3820} INFO - Setting next_dagrun for tutorial_taskflow_api to None, run_after=None
[2024-01-30T16:56:59.610+0100] {processor.py:183} INFO - Processing /home/ubuntu/.local/lib/python3.10/site-packages/airflow/example_dags/tutorial_taskflow_api.py took 0.149 seconds
[2024-01-30T16:57:44.505+0100] {processor.py:161} INFO - Started process (PID=5796) to work on /home/ubuntu/.local/lib/python3.10/site-packages/airflow/example_dags/tutorial_taskflow_api.py
[2024-01-30T16:57:44.511+0100] {processor.py:830} INFO - Processing file /home/ubuntu/.local/lib/python3.10/site-packages/airflow/example_dags/tutorial_taskflow_api.py for tasks to queue
[2024-01-30T16:57:44.514+0100] {logging_mixin.py:188} INFO - [2024-01-30T16:57:44.513+0100] {dagbag.py:538} INFO - Filling up the DagBag from /home/ubuntu/.local/lib/python3.10/site-packages/airflow/example_dags/tutorial_taskflow_api.py
[2024-01-30T16:57:44.553+0100] {processor.py:840} INFO - DAG(s) 'tutorial_taskflow_api' retrieved from /home/ubuntu/.local/lib/python3.10/site-packages/airflow/example_dags/tutorial_taskflow_api.py
[2024-01-30T16:57:44.596+0100] {logging_mixin.py:188} INFO - [2024-01-30T16:57:44.596+0100] {dag.py:3033} INFO - Sync 1 DAGs
[2024-01-30T16:57:44.634+0100] {logging_mixin.py:188} INFO - [2024-01-30T16:57:44.634+0100] {dag.py:3820} INFO - Setting next_dagrun for tutorial_taskflow_api to None, run_after=None
[2024-01-30T16:57:44.756+0100] {processor.py:183} INFO - Processing /home/ubuntu/.local/lib/python3.10/site-packages/airflow/example_dags/tutorial_taskflow_api.py took 0.256 seconds
[2024-01-30T16:58:25.283+0100] {processor.py:161} INFO - Started process (PID=5835) to work on /home/ubuntu/.local/lib/python3.10/site-packages/airflow/example_dags/tutorial_taskflow_api.py
[2024-01-30T16:58:25.287+0100] {processor.py:830} INFO - Processing file /home/ubuntu/.local/lib/python3.10/site-packages/airflow/example_dags/tutorial_taskflow_api.py for tasks to queue
[2024-01-30T16:58:25.289+0100] {logging_mixin.py:188} INFO - [2024-01-30T16:58:25.289+0100] {dagbag.py:538} INFO - Filling up the DagBag from /home/ubuntu/.local/lib/python3.10/site-packages/airflow/example_dags/tutorial_taskflow_api.py
[2024-01-30T16:58:25.299+0100] {processor.py:840} INFO - DAG(s) 'tutorial_taskflow_api' retrieved from /home/ubuntu/.local/lib/python3.10/site-packages/airflow/example_dags/tutorial_taskflow_api.py
[2024-01-30T16:58:25.319+0100] {logging_mixin.py:188} INFO - [2024-01-30T16:58:25.318+0100] {dag.py:3033} INFO - Sync 1 DAGs
[2024-01-30T16:58:25.333+0100] {logging_mixin.py:188} INFO - [2024-01-30T16:58:25.333+0100] {dag.py:3820} INFO - Setting next_dagrun for tutorial_taskflow_api to None, run_after=None
[2024-01-30T16:58:25.371+0100] {processor.py:183} INFO - Processing /home/ubuntu/.local/lib/python3.10/site-packages/airflow/example_dags/tutorial_taskflow_api.py took 0.092 seconds
[2024-01-30T16:59:30.633+0100] {processor.py:161} INFO - Started process (PID=5897) to work on /home/ubuntu/.local/lib/python3.10/site-packages/airflow/example_dags/tutorial_taskflow_api.py
[2024-01-30T16:59:30.642+0100] {processor.py:830} INFO - Processing file /home/ubuntu/.local/lib/python3.10/site-packages/airflow/example_dags/tutorial_taskflow_api.py for tasks to queue
[2024-01-30T16:59:30.645+0100] {logging_mixin.py:188} INFO - [2024-01-30T16:59:30.644+0100] {dagbag.py:538} INFO - Filling up the DagBag from /home/ubuntu/.local/lib/python3.10/site-packages/airflow/example_dags/tutorial_taskflow_api.py
[2024-01-30T16:59:30.677+0100] {processor.py:840} INFO - DAG(s) 'tutorial_taskflow_api' retrieved from /home/ubuntu/.local/lib/python3.10/site-packages/airflow/example_dags/tutorial_taskflow_api.py
[2024-01-30T16:59:30.774+0100] {logging_mixin.py:188} INFO - [2024-01-30T16:59:30.774+0100] {dag.py:3033} INFO - Sync 1 DAGs
[2024-01-30T16:59:30.821+0100] {logging_mixin.py:188} INFO - [2024-01-30T16:59:30.815+0100] {dag.py:3820} INFO - Setting next_dagrun for tutorial_taskflow_api to None, run_after=None
[2024-01-30T16:59:30.947+0100] {processor.py:183} INFO - Processing /home/ubuntu/.local/lib/python3.10/site-packages/airflow/example_dags/tutorial_taskflow_api.py took 0.323 seconds
[2024-01-30T17:00:37.417+0100] {processor.py:161} INFO - Started process (PID=6066) to work on /home/ubuntu/.local/lib/python3.10/site-packages/airflow/example_dags/tutorial_taskflow_api.py
[2024-01-30T17:00:37.455+0100] {processor.py:830} INFO - Processing file /home/ubuntu/.local/lib/python3.10/site-packages/airflow/example_dags/tutorial_taskflow_api.py for tasks to queue
[2024-01-30T17:00:37.457+0100] {logging_mixin.py:188} INFO - [2024-01-30T17:00:37.456+0100] {dagbag.py:538} INFO - Filling up the DagBag from /home/ubuntu/.local/lib/python3.10/site-packages/airflow/example_dags/tutorial_taskflow_api.py
[2024-01-30T17:00:37.477+0100] {processor.py:840} INFO - DAG(s) 'tutorial_taskflow_api' retrieved from /home/ubuntu/.local/lib/python3.10/site-packages/airflow/example_dags/tutorial_taskflow_api.py
[2024-01-30T17:00:37.555+0100] {logging_mixin.py:188} INFO - [2024-01-30T17:00:37.555+0100] {dag.py:3033} INFO - Sync 1 DAGs
[2024-01-30T17:00:37.600+0100] {logging_mixin.py:188} INFO - [2024-01-30T17:00:37.600+0100] {dag.py:3820} INFO - Setting next_dagrun for tutorial_taskflow_api to None, run_after=None
[2024-01-30T17:00:37.748+0100] {processor.py:183} INFO - Processing /home/ubuntu/.local/lib/python3.10/site-packages/airflow/example_dags/tutorial_taskflow_api.py took 0.340 seconds
[2024-01-30T17:01:43.541+0100] {processor.py:161} INFO - Started process (PID=6122) to work on /home/ubuntu/.local/lib/python3.10/site-packages/airflow/example_dags/tutorial_taskflow_api.py
[2024-01-30T17:01:43.558+0100] {processor.py:830} INFO - Processing file /home/ubuntu/.local/lib/python3.10/site-packages/airflow/example_dags/tutorial_taskflow_api.py for tasks to queue
[2024-01-30T17:01:43.559+0100] {logging_mixin.py:188} INFO - [2024-01-30T17:01:43.559+0100] {dagbag.py:538} INFO - Filling up the DagBag from /home/ubuntu/.local/lib/python3.10/site-packages/airflow/example_dags/tutorial_taskflow_api.py
[2024-01-30T17:01:43.584+0100] {processor.py:840} INFO - DAG(s) 'tutorial_taskflow_api' retrieved from /home/ubuntu/.local/lib/python3.10/site-packages/airflow/example_dags/tutorial_taskflow_api.py
[2024-01-30T17:01:43.617+0100] {logging_mixin.py:188} INFO - [2024-01-30T17:01:43.617+0100] {dag.py:3033} INFO - Sync 1 DAGs
[2024-01-30T17:01:43.668+0100] {logging_mixin.py:188} INFO - [2024-01-30T17:01:43.665+0100] {dag.py:3820} INFO - Setting next_dagrun for tutorial_taskflow_api to None, run_after=None
[2024-01-30T17:01:43.739+0100] {processor.py:183} INFO - Processing /home/ubuntu/.local/lib/python3.10/site-packages/airflow/example_dags/tutorial_taskflow_api.py took 0.221 seconds
[2024-01-30T17:02:25.290+0100] {processor.py:161} INFO - Started process (PID=6164) to work on /home/ubuntu/.local/lib/python3.10/site-packages/airflow/example_dags/tutorial_taskflow_api.py
[2024-01-30T17:02:25.295+0100] {processor.py:830} INFO - Processing file /home/ubuntu/.local/lib/python3.10/site-packages/airflow/example_dags/tutorial_taskflow_api.py for tasks to queue
[2024-01-30T17:02:25.297+0100] {logging_mixin.py:188} INFO - [2024-01-30T17:02:25.297+0100] {dagbag.py:538} INFO - Filling up the DagBag from /home/ubuntu/.local/lib/python3.10/site-packages/airflow/example_dags/tutorial_taskflow_api.py
[2024-01-30T17:02:25.330+0100] {processor.py:840} INFO - DAG(s) 'tutorial_taskflow_api' retrieved from /home/ubuntu/.local/lib/python3.10/site-packages/airflow/example_dags/tutorial_taskflow_api.py
[2024-01-30T17:02:25.372+0100] {logging_mixin.py:188} INFO - [2024-01-30T17:02:25.371+0100] {dag.py:3033} INFO - Sync 1 DAGs
[2024-01-30T17:02:25.405+0100] {logging_mixin.py:188} INFO - [2024-01-30T17:02:25.404+0100] {dag.py:3820} INFO - Setting next_dagrun for tutorial_taskflow_api to None, run_after=None
[2024-01-30T17:02:25.495+0100] {processor.py:183} INFO - Processing /home/ubuntu/.local/lib/python3.10/site-packages/airflow/example_dags/tutorial_taskflow_api.py took 0.209 seconds
[2024-01-30T17:03:39.620+0100] {processor.py:161} INFO - Started process (PID=6234) to work on /home/ubuntu/.local/lib/python3.10/site-packages/airflow/example_dags/tutorial_taskflow_api.py
[2024-01-30T17:03:39.624+0100] {processor.py:830} INFO - Processing file /home/ubuntu/.local/lib/python3.10/site-packages/airflow/example_dags/tutorial_taskflow_api.py for tasks to queue
[2024-01-30T17:03:39.628+0100] {logging_mixin.py:188} INFO - [2024-01-30T17:03:39.626+0100] {dagbag.py:538} INFO - Filling up the DagBag from /home/ubuntu/.local/lib/python3.10/site-packages/airflow/example_dags/tutorial_taskflow_api.py
[2024-01-30T17:03:39.642+0100] {processor.py:840} INFO - DAG(s) 'tutorial_taskflow_api' retrieved from /home/ubuntu/.local/lib/python3.10/site-packages/airflow/example_dags/tutorial_taskflow_api.py
[2024-01-30T17:03:39.684+0100] {logging_mixin.py:188} INFO - [2024-01-30T17:03:39.683+0100] {dag.py:3033} INFO - Sync 1 DAGs
[2024-01-30T17:03:39.705+0100] {logging_mixin.py:188} INFO - [2024-01-30T17:03:39.704+0100] {dag.py:3820} INFO - Setting next_dagrun for tutorial_taskflow_api to None, run_after=None
[2024-01-30T17:03:39.777+0100] {processor.py:183} INFO - Processing /home/ubuntu/.local/lib/python3.10/site-packages/airflow/example_dags/tutorial_taskflow_api.py took 0.162 seconds
[2024-01-30T17:04:56.016+0100] {processor.py:161} INFO - Started process (PID=6302) to work on /home/ubuntu/.local/lib/python3.10/site-packages/airflow/example_dags/tutorial_taskflow_api.py
[2024-01-30T17:04:56.018+0100] {processor.py:830} INFO - Processing file /home/ubuntu/.local/lib/python3.10/site-packages/airflow/example_dags/tutorial_taskflow_api.py for tasks to queue
[2024-01-30T17:04:56.020+0100] {logging_mixin.py:188} INFO - [2024-01-30T17:04:56.019+0100] {dagbag.py:538} INFO - Filling up the DagBag from /home/ubuntu/.local/lib/python3.10/site-packages/airflow/example_dags/tutorial_taskflow_api.py
[2024-01-30T17:04:56.033+0100] {processor.py:840} INFO - DAG(s) 'tutorial_taskflow_api' retrieved from /home/ubuntu/.local/lib/python3.10/site-packages/airflow/example_dags/tutorial_taskflow_api.py
[2024-01-30T17:04:56.074+0100] {logging_mixin.py:188} INFO - [2024-01-30T17:04:56.074+0100] {dag.py:3033} INFO - Sync 1 DAGs
[2024-01-30T17:04:56.095+0100] {logging_mixin.py:188} INFO - [2024-01-30T17:04:56.095+0100] {dag.py:3820} INFO - Setting next_dagrun for tutorial_taskflow_api to None, run_after=None
[2024-01-30T17:04:56.181+0100] {processor.py:183} INFO - Processing /home/ubuntu/.local/lib/python3.10/site-packages/airflow/example_dags/tutorial_taskflow_api.py took 0.175 seconds
[2024-01-30T17:06:17.531+0100] {processor.py:161} INFO - Started process (PID=6370) to work on /home/ubuntu/.local/lib/python3.10/site-packages/airflow/example_dags/tutorial_taskflow_api.py
[2024-01-30T17:06:17.549+0100] {processor.py:830} INFO - Processing file /home/ubuntu/.local/lib/python3.10/site-packages/airflow/example_dags/tutorial_taskflow_api.py for tasks to queue
[2024-01-30T17:06:17.554+0100] {logging_mixin.py:188} INFO - [2024-01-30T17:06:17.553+0100] {dagbag.py:538} INFO - Filling up the DagBag from /home/ubuntu/.local/lib/python3.10/site-packages/airflow/example_dags/tutorial_taskflow_api.py
[2024-01-30T17:06:17.570+0100] {processor.py:840} INFO - DAG(s) 'tutorial_taskflow_api' retrieved from /home/ubuntu/.local/lib/python3.10/site-packages/airflow/example_dags/tutorial_taskflow_api.py
[2024-01-30T17:06:17.616+0100] {logging_mixin.py:188} INFO - [2024-01-30T17:06:17.616+0100] {dag.py:3033} INFO - Sync 1 DAGs
[2024-01-30T17:06:17.636+0100] {logging_mixin.py:188} INFO - [2024-01-30T17:06:17.636+0100] {dag.py:3820} INFO - Setting next_dagrun for tutorial_taskflow_api to None, run_after=None
[2024-01-30T17:06:17.705+0100] {processor.py:183} INFO - Processing /home/ubuntu/.local/lib/python3.10/site-packages/airflow/example_dags/tutorial_taskflow_api.py took 0.189 seconds
[2024-01-30T17:07:37.133+0100] {processor.py:161} INFO - Started process (PID=6440) to work on /home/ubuntu/.local/lib/python3.10/site-packages/airflow/example_dags/tutorial_taskflow_api.py
[2024-01-30T17:07:37.154+0100] {processor.py:830} INFO - Processing file /home/ubuntu/.local/lib/python3.10/site-packages/airflow/example_dags/tutorial_taskflow_api.py for tasks to queue
[2024-01-30T17:07:37.197+0100] {logging_mixin.py:188} INFO - [2024-01-30T17:07:37.163+0100] {dagbag.py:538} INFO - Filling up the DagBag from /home/ubuntu/.local/lib/python3.10/site-packages/airflow/example_dags/tutorial_taskflow_api.py
[2024-01-30T17:07:37.257+0100] {processor.py:840} INFO - DAG(s) 'tutorial_taskflow_api' retrieved from /home/ubuntu/.local/lib/python3.10/site-packages/airflow/example_dags/tutorial_taskflow_api.py
[2024-01-30T17:07:37.347+0100] {logging_mixin.py:188} INFO - [2024-01-30T17:07:37.345+0100] {dag.py:3033} INFO - Sync 1 DAGs
[2024-01-30T17:07:37.451+0100] {logging_mixin.py:188} INFO - [2024-01-30T17:07:37.451+0100] {dag.py:3820} INFO - Setting next_dagrun for tutorial_taskflow_api to None, run_after=None
[2024-01-30T17:07:38.131+0100] {processor.py:183} INFO - Processing /home/ubuntu/.local/lib/python3.10/site-packages/airflow/example_dags/tutorial_taskflow_api.py took 1.029 seconds
