[2024-01-30T13:50:45.951+0100] {processor.py:161} INFO - Started process (PID=6156) to work on /home/ubuntu/.local/lib/python3.10/site-packages/airflow/example_dags/tutorial_objectstorage.py
[2024-01-30T13:50:45.954+0100] {processor.py:830} INFO - Processing file /home/ubuntu/.local/lib/python3.10/site-packages/airflow/example_dags/tutorial_objectstorage.py for tasks to queue
[2024-01-30T13:50:45.955+0100] {logging_mixin.py:188} INFO - [2024-01-30T13:50:45.955+0100] {dagbag.py:538} INFO - Filling up the DagBag from /home/ubuntu/.local/lib/python3.10/site-packages/airflow/example_dags/tutorial_objectstorage.py
[2024-01-30T13:50:45.973+0100] {processor.py:840} INFO - DAG(s) 'tutorial_objectstorage' retrieved from /home/ubuntu/.local/lib/python3.10/site-packages/airflow/example_dags/tutorial_objectstorage.py
[2024-01-30T13:50:46.165+0100] {logging_mixin.py:188} INFO - [2024-01-30T13:50:46.164+0100] {dag.py:3033} INFO - Sync 1 DAGs
[2024-01-30T13:50:46.193+0100] {logging_mixin.py:188} INFO - [2024-01-30T13:50:46.192+0100] {dag.py:3820} INFO - Setting next_dagrun for tutorial_objectstorage to None, run_after=None
[2024-01-30T13:50:46.260+0100] {processor.py:183} INFO - Processing /home/ubuntu/.local/lib/python3.10/site-packages/airflow/example_dags/tutorial_objectstorage.py took 0.315 seconds
[2024-01-30T13:52:08.138+0100] {processor.py:161} INFO - Started process (PID=6217) to work on /home/ubuntu/.local/lib/python3.10/site-packages/airflow/example_dags/tutorial_objectstorage.py
[2024-01-30T13:52:08.140+0100] {processor.py:830} INFO - Processing file /home/ubuntu/.local/lib/python3.10/site-packages/airflow/example_dags/tutorial_objectstorage.py for tasks to queue
[2024-01-30T13:52:08.141+0100] {logging_mixin.py:188} INFO - [2024-01-30T13:52:08.141+0100] {dagbag.py:538} INFO - Filling up the DagBag from /home/ubuntu/.local/lib/python3.10/site-packages/airflow/example_dags/tutorial_objectstorage.py
[2024-01-30T13:52:08.160+0100] {processor.py:840} INFO - DAG(s) 'tutorial_objectstorage' retrieved from /home/ubuntu/.local/lib/python3.10/site-packages/airflow/example_dags/tutorial_objectstorage.py
[2024-01-30T13:52:08.180+0100] {logging_mixin.py:188} INFO - [2024-01-30T13:52:08.180+0100] {dag.py:3033} INFO - Sync 1 DAGs
[2024-01-30T13:52:08.195+0100] {logging_mixin.py:188} INFO - [2024-01-30T13:52:08.195+0100] {dag.py:3820} INFO - Setting next_dagrun for tutorial_objectstorage to None, run_after=None
[2024-01-30T13:52:08.239+0100] {processor.py:183} INFO - Processing /home/ubuntu/.local/lib/python3.10/site-packages/airflow/example_dags/tutorial_objectstorage.py took 0.149 seconds
[2024-01-30T15:53:18.118+0100] {processor.py:161} INFO - Started process (PID=6361) to work on /home/ubuntu/.local/lib/python3.10/site-packages/airflow/example_dags/tutorial_objectstorage.py
[2024-01-30T15:53:18.121+0100] {processor.py:830} INFO - Processing file /home/ubuntu/.local/lib/python3.10/site-packages/airflow/example_dags/tutorial_objectstorage.py for tasks to queue
[2024-01-30T15:53:18.122+0100] {logging_mixin.py:188} INFO - [2024-01-30T15:53:18.122+0100] {dagbag.py:538} INFO - Filling up the DagBag from /home/ubuntu/.local/lib/python3.10/site-packages/airflow/example_dags/tutorial_objectstorage.py
[2024-01-30T15:53:18.131+0100] {processor.py:840} INFO - DAG(s) 'tutorial_objectstorage' retrieved from /home/ubuntu/.local/lib/python3.10/site-packages/airflow/example_dags/tutorial_objectstorage.py
[2024-01-30T15:53:18.151+0100] {logging_mixin.py:188} INFO - [2024-01-30T15:53:18.151+0100] {dag.py:3033} INFO - Sync 1 DAGs
[2024-01-30T15:53:18.164+0100] {logging_mixin.py:188} INFO - [2024-01-30T15:53:18.164+0100] {dag.py:3820} INFO - Setting next_dagrun for tutorial_objectstorage to None, run_after=None
[2024-01-30T15:53:18.211+0100] {processor.py:183} INFO - Processing /home/ubuntu/.local/lib/python3.10/site-packages/airflow/example_dags/tutorial_objectstorage.py took 0.098 seconds
[2024-01-30T15:54:09.354+0100] {processor.py:161} INFO - Started process (PID=6411) to work on /home/ubuntu/.local/lib/python3.10/site-packages/airflow/example_dags/tutorial_objectstorage.py
[2024-01-30T15:54:09.359+0100] {processor.py:830} INFO - Processing file /home/ubuntu/.local/lib/python3.10/site-packages/airflow/example_dags/tutorial_objectstorage.py for tasks to queue
[2024-01-30T15:54:09.362+0100] {logging_mixin.py:188} INFO - [2024-01-30T15:54:09.361+0100] {dagbag.py:538} INFO - Filling up the DagBag from /home/ubuntu/.local/lib/python3.10/site-packages/airflow/example_dags/tutorial_objectstorage.py
[2024-01-30T15:54:09.391+0100] {processor.py:840} INFO - DAG(s) 'tutorial_objectstorage' retrieved from /home/ubuntu/.local/lib/python3.10/site-packages/airflow/example_dags/tutorial_objectstorage.py
[2024-01-30T15:54:09.426+0100] {logging_mixin.py:188} INFO - [2024-01-30T15:54:09.426+0100] {dag.py:3033} INFO - Sync 1 DAGs
[2024-01-30T15:54:09.476+0100] {logging_mixin.py:188} INFO - [2024-01-30T15:54:09.475+0100] {dag.py:3820} INFO - Setting next_dagrun for tutorial_objectstorage to None, run_after=None
[2024-01-30T15:54:09.581+0100] {processor.py:183} INFO - Processing /home/ubuntu/.local/lib/python3.10/site-packages/airflow/example_dags/tutorial_objectstorage.py took 0.234 seconds
[2024-01-30T15:55:11.452+0100] {processor.py:161} INFO - Started process (PID=6488) to work on /home/ubuntu/.local/lib/python3.10/site-packages/airflow/example_dags/tutorial_objectstorage.py
[2024-01-30T15:55:11.455+0100] {processor.py:830} INFO - Processing file /home/ubuntu/.local/lib/python3.10/site-packages/airflow/example_dags/tutorial_objectstorage.py for tasks to queue
[2024-01-30T15:55:11.456+0100] {logging_mixin.py:188} INFO - [2024-01-30T15:55:11.456+0100] {dagbag.py:538} INFO - Filling up the DagBag from /home/ubuntu/.local/lib/python3.10/site-packages/airflow/example_dags/tutorial_objectstorage.py
[2024-01-30T15:55:11.467+0100] {processor.py:840} INFO - DAG(s) 'tutorial_objectstorage' retrieved from /home/ubuntu/.local/lib/python3.10/site-packages/airflow/example_dags/tutorial_objectstorage.py
[2024-01-30T15:55:11.488+0100] {logging_mixin.py:188} INFO - [2024-01-30T15:55:11.488+0100] {dag.py:3033} INFO - Sync 1 DAGs
[2024-01-30T15:55:11.505+0100] {logging_mixin.py:188} INFO - [2024-01-30T15:55:11.504+0100] {dag.py:3820} INFO - Setting next_dagrun for tutorial_objectstorage to None, run_after=None
[2024-01-30T15:55:11.544+0100] {processor.py:183} INFO - Processing /home/ubuntu/.local/lib/python3.10/site-packages/airflow/example_dags/tutorial_objectstorage.py took 0.097 seconds
[2024-01-30T15:56:12.534+0100] {processor.py:161} INFO - Started process (PID=6545) to work on /home/ubuntu/.local/lib/python3.10/site-packages/airflow/example_dags/tutorial_objectstorage.py
[2024-01-30T15:56:12.537+0100] {processor.py:830} INFO - Processing file /home/ubuntu/.local/lib/python3.10/site-packages/airflow/example_dags/tutorial_objectstorage.py for tasks to queue
[2024-01-30T15:56:12.538+0100] {logging_mixin.py:188} INFO - [2024-01-30T15:56:12.537+0100] {dagbag.py:538} INFO - Filling up the DagBag from /home/ubuntu/.local/lib/python3.10/site-packages/airflow/example_dags/tutorial_objectstorage.py
[2024-01-30T15:56:12.548+0100] {processor.py:840} INFO - DAG(s) 'tutorial_objectstorage' retrieved from /home/ubuntu/.local/lib/python3.10/site-packages/airflow/example_dags/tutorial_objectstorage.py
[2024-01-30T15:56:12.568+0100] {logging_mixin.py:188} INFO - [2024-01-30T15:56:12.568+0100] {dag.py:3033} INFO - Sync 1 DAGs
[2024-01-30T15:56:12.586+0100] {logging_mixin.py:188} INFO - [2024-01-30T15:56:12.585+0100] {dag.py:3820} INFO - Setting next_dagrun for tutorial_objectstorage to None, run_after=None
[2024-01-30T15:56:12.624+0100] {processor.py:183} INFO - Processing /home/ubuntu/.local/lib/python3.10/site-packages/airflow/example_dags/tutorial_objectstorage.py took 0.094 seconds
[2024-01-30T15:59:03.363+0100] {processor.py:161} INFO - Started process (PID=7588) to work on /home/ubuntu/.local/lib/python3.10/site-packages/airflow/example_dags/tutorial_objectstorage.py
[2024-01-30T15:59:03.369+0100] {processor.py:830} INFO - Processing file /home/ubuntu/.local/lib/python3.10/site-packages/airflow/example_dags/tutorial_objectstorage.py for tasks to queue
[2024-01-30T15:59:03.371+0100] {logging_mixin.py:188} INFO - [2024-01-30T15:59:03.370+0100] {dagbag.py:538} INFO - Filling up the DagBag from /home/ubuntu/.local/lib/python3.10/site-packages/airflow/example_dags/tutorial_objectstorage.py
[2024-01-30T15:59:03.401+0100] {processor.py:840} INFO - DAG(s) 'tutorial_objectstorage' retrieved from /home/ubuntu/.local/lib/python3.10/site-packages/airflow/example_dags/tutorial_objectstorage.py
[2024-01-30T15:59:03.442+0100] {logging_mixin.py:188} INFO - [2024-01-30T15:59:03.441+0100] {dag.py:3033} INFO - Sync 1 DAGs
[2024-01-30T15:59:03.472+0100] {logging_mixin.py:188} INFO - [2024-01-30T15:59:03.472+0100] {dag.py:3820} INFO - Setting next_dagrun for tutorial_objectstorage to None, run_after=None
[2024-01-30T15:59:03.575+0100] {processor.py:183} INFO - Processing /home/ubuntu/.local/lib/python3.10/site-packages/airflow/example_dags/tutorial_objectstorage.py took 0.218 seconds
[2024-01-30T16:00:49.635+0100] {processor.py:161} INFO - Started process (PID=8336) to work on /home/ubuntu/.local/lib/python3.10/site-packages/airflow/example_dags/tutorial_objectstorage.py
[2024-01-30T16:00:49.641+0100] {processor.py:830} INFO - Processing file /home/ubuntu/.local/lib/python3.10/site-packages/airflow/example_dags/tutorial_objectstorage.py for tasks to queue
[2024-01-30T16:00:49.643+0100] {logging_mixin.py:188} INFO - [2024-01-30T16:00:49.642+0100] {dagbag.py:538} INFO - Filling up the DagBag from /home/ubuntu/.local/lib/python3.10/site-packages/airflow/example_dags/tutorial_objectstorage.py
[2024-01-30T16:00:49.689+0100] {processor.py:840} INFO - DAG(s) 'tutorial_objectstorage' retrieved from /home/ubuntu/.local/lib/python3.10/site-packages/airflow/example_dags/tutorial_objectstorage.py
[2024-01-30T16:00:49.749+0100] {logging_mixin.py:188} INFO - [2024-01-30T16:00:49.748+0100] {dag.py:3033} INFO - Sync 1 DAGs
[2024-01-30T16:00:49.777+0100] {logging_mixin.py:188} INFO - [2024-01-30T16:00:49.777+0100] {dag.py:3820} INFO - Setting next_dagrun for tutorial_objectstorage to None, run_after=None
[2024-01-30T16:00:49.834+0100] {processor.py:183} INFO - Processing /home/ubuntu/.local/lib/python3.10/site-packages/airflow/example_dags/tutorial_objectstorage.py took 0.211 seconds
[2024-01-30T16:01:57.199+0100] {processor.py:161} INFO - Started process (PID=8398) to work on /home/ubuntu/.local/lib/python3.10/site-packages/airflow/example_dags/tutorial_objectstorage.py
[2024-01-30T16:01:57.213+0100] {processor.py:830} INFO - Processing file /home/ubuntu/.local/lib/python3.10/site-packages/airflow/example_dags/tutorial_objectstorage.py for tasks to queue
[2024-01-30T16:01:57.215+0100] {logging_mixin.py:188} INFO - [2024-01-30T16:01:57.214+0100] {dagbag.py:538} INFO - Filling up the DagBag from /home/ubuntu/.local/lib/python3.10/site-packages/airflow/example_dags/tutorial_objectstorage.py
[2024-01-30T16:01:57.278+0100] {processor.py:840} INFO - DAG(s) 'tutorial_objectstorage' retrieved from /home/ubuntu/.local/lib/python3.10/site-packages/airflow/example_dags/tutorial_objectstorage.py
[2024-01-30T16:01:57.317+0100] {logging_mixin.py:188} INFO - [2024-01-30T16:01:57.316+0100] {dag.py:3033} INFO - Sync 1 DAGs
[2024-01-30T16:01:57.391+0100] {logging_mixin.py:188} INFO - [2024-01-30T16:01:57.391+0100] {dag.py:3820} INFO - Setting next_dagrun for tutorial_objectstorage to None, run_after=None
[2024-01-30T16:01:57.442+0100] {processor.py:183} INFO - Processing /home/ubuntu/.local/lib/python3.10/site-packages/airflow/example_dags/tutorial_objectstorage.py took 0.258 seconds
[2024-01-30T16:02:53.183+0100] {processor.py:161} INFO - Started process (PID=8440) to work on /home/ubuntu/.local/lib/python3.10/site-packages/airflow/example_dags/tutorial_objectstorage.py
[2024-01-30T16:02:53.189+0100] {processor.py:830} INFO - Processing file /home/ubuntu/.local/lib/python3.10/site-packages/airflow/example_dags/tutorial_objectstorage.py for tasks to queue
[2024-01-30T16:02:53.191+0100] {logging_mixin.py:188} INFO - [2024-01-30T16:02:53.190+0100] {dagbag.py:538} INFO - Filling up the DagBag from /home/ubuntu/.local/lib/python3.10/site-packages/airflow/example_dags/tutorial_objectstorage.py
[2024-01-30T16:02:53.210+0100] {processor.py:840} INFO - DAG(s) 'tutorial_objectstorage' retrieved from /home/ubuntu/.local/lib/python3.10/site-packages/airflow/example_dags/tutorial_objectstorage.py
[2024-01-30T16:02:53.237+0100] {logging_mixin.py:188} INFO - [2024-01-30T16:02:53.236+0100] {dag.py:3033} INFO - Sync 1 DAGs
[2024-01-30T16:02:53.361+0100] {logging_mixin.py:188} INFO - [2024-01-30T16:02:53.361+0100] {dag.py:3820} INFO - Setting next_dagrun for tutorial_objectstorage to None, run_after=None
[2024-01-30T16:02:53.469+0100] {processor.py:183} INFO - Processing /home/ubuntu/.local/lib/python3.10/site-packages/airflow/example_dags/tutorial_objectstorage.py took 0.297 seconds
[2024-01-30T16:07:28.793+0100] {processor.py:161} INFO - Started process (PID=9313) to work on /home/ubuntu/.local/lib/python3.10/site-packages/airflow/example_dags/tutorial_objectstorage.py
[2024-01-30T16:07:28.798+0100] {processor.py:830} INFO - Processing file /home/ubuntu/.local/lib/python3.10/site-packages/airflow/example_dags/tutorial_objectstorage.py for tasks to queue
[2024-01-30T16:07:28.800+0100] {logging_mixin.py:188} INFO - [2024-01-30T16:07:28.799+0100] {dagbag.py:538} INFO - Filling up the DagBag from /home/ubuntu/.local/lib/python3.10/site-packages/airflow/example_dags/tutorial_objectstorage.py
[2024-01-30T16:07:28.819+0100] {processor.py:840} INFO - DAG(s) 'tutorial_objectstorage' retrieved from /home/ubuntu/.local/lib/python3.10/site-packages/airflow/example_dags/tutorial_objectstorage.py
[2024-01-30T16:07:28.883+0100] {logging_mixin.py:188} INFO - [2024-01-30T16:07:28.883+0100] {dag.py:3033} INFO - Sync 1 DAGs
[2024-01-30T16:07:28.917+0100] {logging_mixin.py:188} INFO - [2024-01-30T16:07:28.916+0100] {dag.py:3820} INFO - Setting next_dagrun for tutorial_objectstorage to None, run_after=None
[2024-01-30T16:07:29.040+0100] {processor.py:183} INFO - Processing /home/ubuntu/.local/lib/python3.10/site-packages/airflow/example_dags/tutorial_objectstorage.py took 0.254 seconds
[2024-01-30T16:15:31.962+0100] {processor.py:161} INFO - Started process (PID=5462) to work on /home/ubuntu/.local/lib/python3.10/site-packages/airflow/example_dags/tutorial_objectstorage.py
[2024-01-30T16:15:31.977+0100] {processor.py:830} INFO - Processing file /home/ubuntu/.local/lib/python3.10/site-packages/airflow/example_dags/tutorial_objectstorage.py for tasks to queue
[2024-01-30T16:15:31.979+0100] {logging_mixin.py:188} INFO - [2024-01-30T16:15:31.979+0100] {dagbag.py:538} INFO - Filling up the DagBag from /home/ubuntu/.local/lib/python3.10/site-packages/airflow/example_dags/tutorial_objectstorage.py
[2024-01-30T16:15:32.105+0100] {processor.py:840} INFO - DAG(s) 'tutorial_objectstorage' retrieved from /home/ubuntu/.local/lib/python3.10/site-packages/airflow/example_dags/tutorial_objectstorage.py
[2024-01-30T16:15:32.955+0100] {logging_mixin.py:188} INFO - [2024-01-30T16:15:32.954+0100] {dag.py:3033} INFO - Sync 1 DAGs
[2024-01-30T16:15:33.017+0100] {logging_mixin.py:188} INFO - [2024-01-30T16:15:33.017+0100] {dag.py:3820} INFO - Setting next_dagrun for tutorial_objectstorage to None, run_after=None
[2024-01-30T16:15:33.079+0100] {processor.py:183} INFO - Processing /home/ubuntu/.local/lib/python3.10/site-packages/airflow/example_dags/tutorial_objectstorage.py took 1.127 seconds
[2024-01-30T16:18:01.200+0100] {processor.py:161} INFO - Started process (PID=5641) to work on /home/ubuntu/.local/lib/python3.10/site-packages/airflow/example_dags/tutorial_objectstorage.py
[2024-01-30T16:18:01.206+0100] {processor.py:830} INFO - Processing file /home/ubuntu/.local/lib/python3.10/site-packages/airflow/example_dags/tutorial_objectstorage.py for tasks to queue
[2024-01-30T16:18:01.208+0100] {logging_mixin.py:188} INFO - [2024-01-30T16:18:01.207+0100] {dagbag.py:538} INFO - Filling up the DagBag from /home/ubuntu/.local/lib/python3.10/site-packages/airflow/example_dags/tutorial_objectstorage.py
[2024-01-30T16:18:01.233+0100] {processor.py:840} INFO - DAG(s) 'tutorial_objectstorage' retrieved from /home/ubuntu/.local/lib/python3.10/site-packages/airflow/example_dags/tutorial_objectstorage.py
[2024-01-30T16:18:01.427+0100] {logging_mixin.py:188} INFO - [2024-01-30T16:18:01.427+0100] {dag.py:3033} INFO - Sync 1 DAGs
[2024-01-30T16:18:01.493+0100] {logging_mixin.py:188} INFO - [2024-01-30T16:18:01.492+0100] {dag.py:3820} INFO - Setting next_dagrun for tutorial_objectstorage to None, run_after=None
[2024-01-30T16:18:01.594+0100] {processor.py:183} INFO - Processing /home/ubuntu/.local/lib/python3.10/site-packages/airflow/example_dags/tutorial_objectstorage.py took 0.401 seconds
[2024-01-30T16:19:31.778+0100] {processor.py:161} INFO - Started process (PID=5800) to work on /home/ubuntu/.local/lib/python3.10/site-packages/airflow/example_dags/tutorial_objectstorage.py
[2024-01-30T16:19:31.785+0100] {processor.py:830} INFO - Processing file /home/ubuntu/.local/lib/python3.10/site-packages/airflow/example_dags/tutorial_objectstorage.py for tasks to queue
[2024-01-30T16:19:31.788+0100] {logging_mixin.py:188} INFO - [2024-01-30T16:19:31.787+0100] {dagbag.py:538} INFO - Filling up the DagBag from /home/ubuntu/.local/lib/python3.10/site-packages/airflow/example_dags/tutorial_objectstorage.py
[2024-01-30T16:19:31.816+0100] {processor.py:840} INFO - DAG(s) 'tutorial_objectstorage' retrieved from /home/ubuntu/.local/lib/python3.10/site-packages/airflow/example_dags/tutorial_objectstorage.py
[2024-01-30T16:19:31.864+0100] {logging_mixin.py:188} INFO - [2024-01-30T16:19:31.864+0100] {dag.py:3033} INFO - Sync 1 DAGs
[2024-01-30T16:19:31.939+0100] {logging_mixin.py:188} INFO - [2024-01-30T16:19:31.939+0100] {dag.py:3820} INFO - Setting next_dagrun for tutorial_objectstorage to None, run_after=None
[2024-01-30T16:19:32.140+0100] {processor.py:183} INFO - Processing /home/ubuntu/.local/lib/python3.10/site-packages/airflow/example_dags/tutorial_objectstorage.py took 0.372 seconds
[2024-01-30T16:21:10.490+0100] {processor.py:161} INFO - Started process (PID=6208) to work on /home/ubuntu/.local/lib/python3.10/site-packages/airflow/example_dags/tutorial_objectstorage.py
[2024-01-30T16:21:10.510+0100] {processor.py:830} INFO - Processing file /home/ubuntu/.local/lib/python3.10/site-packages/airflow/example_dags/tutorial_objectstorage.py for tasks to queue
[2024-01-30T16:21:10.534+0100] {logging_mixin.py:188} INFO - [2024-01-30T16:21:10.514+0100] {dagbag.py:538} INFO - Filling up the DagBag from /home/ubuntu/.local/lib/python3.10/site-packages/airflow/example_dags/tutorial_objectstorage.py
[2024-01-30T16:21:10.615+0100] {processor.py:840} INFO - DAG(s) 'tutorial_objectstorage' retrieved from /home/ubuntu/.local/lib/python3.10/site-packages/airflow/example_dags/tutorial_objectstorage.py
[2024-01-30T16:21:10.824+0100] {logging_mixin.py:188} INFO - [2024-01-30T16:21:10.824+0100] {dag.py:3033} INFO - Sync 1 DAGs
[2024-01-30T16:21:11.016+0100] {logging_mixin.py:188} INFO - [2024-01-30T16:21:11.011+0100] {dag.py:3820} INFO - Setting next_dagrun for tutorial_objectstorage to None, run_after=None
[2024-01-30T16:21:11.491+0100] {processor.py:183} INFO - Processing /home/ubuntu/.local/lib/python3.10/site-packages/airflow/example_dags/tutorial_objectstorage.py took 1.009 seconds
[2024-01-30T16:25:00.249+0100] {processor.py:161} INFO - Started process (PID=7362) to work on /home/ubuntu/.local/lib/python3.10/site-packages/airflow/example_dags/tutorial_objectstorage.py
[2024-01-30T16:25:00.253+0100] {processor.py:830} INFO - Processing file /home/ubuntu/.local/lib/python3.10/site-packages/airflow/example_dags/tutorial_objectstorage.py for tasks to queue
[2024-01-30T16:25:00.255+0100] {logging_mixin.py:188} INFO - [2024-01-30T16:25:00.254+0100] {dagbag.py:538} INFO - Filling up the DagBag from /home/ubuntu/.local/lib/python3.10/site-packages/airflow/example_dags/tutorial_objectstorage.py
[2024-01-30T16:25:00.269+0100] {processor.py:840} INFO - DAG(s) 'tutorial_objectstorage' retrieved from /home/ubuntu/.local/lib/python3.10/site-packages/airflow/example_dags/tutorial_objectstorage.py
[2024-01-30T16:25:00.298+0100] {logging_mixin.py:188} INFO - [2024-01-30T16:25:00.297+0100] {dag.py:3033} INFO - Sync 1 DAGs
[2024-01-30T16:25:00.310+0100] {logging_mixin.py:188} INFO - [2024-01-30T16:25:00.310+0100] {dag.py:3820} INFO - Setting next_dagrun for tutorial_objectstorage to None, run_after=None
[2024-01-30T16:25:00.347+0100] {processor.py:183} INFO - Processing /home/ubuntu/.local/lib/python3.10/site-packages/airflow/example_dags/tutorial_objectstorage.py took 0.102 seconds
[2024-01-30T16:30:10.595+0100] {processor.py:161} INFO - Started process (PID=8352) to work on /home/ubuntu/.local/lib/python3.10/site-packages/airflow/example_dags/tutorial_objectstorage.py
[2024-01-30T16:30:10.611+0100] {processor.py:830} INFO - Processing file /home/ubuntu/.local/lib/python3.10/site-packages/airflow/example_dags/tutorial_objectstorage.py for tasks to queue
[2024-01-30T16:30:10.614+0100] {logging_mixin.py:188} INFO - [2024-01-30T16:30:10.613+0100] {dagbag.py:538} INFO - Filling up the DagBag from /home/ubuntu/.local/lib/python3.10/site-packages/airflow/example_dags/tutorial_objectstorage.py
[2024-01-30T16:30:10.658+0100] {processor.py:840} INFO - DAG(s) 'tutorial_objectstorage' retrieved from /home/ubuntu/.local/lib/python3.10/site-packages/airflow/example_dags/tutorial_objectstorage.py
[2024-01-30T16:30:10.724+0100] {logging_mixin.py:188} INFO - [2024-01-30T16:30:10.723+0100] {dag.py:3033} INFO - Sync 1 DAGs
[2024-01-30T16:30:10.755+0100] {logging_mixin.py:188} INFO - [2024-01-30T16:30:10.754+0100] {dag.py:3820} INFO - Setting next_dagrun for tutorial_objectstorage to None, run_after=None
[2024-01-30T16:30:10.883+0100] {processor.py:183} INFO - Processing /home/ubuntu/.local/lib/python3.10/site-packages/airflow/example_dags/tutorial_objectstorage.py took 0.311 seconds
[2024-01-30T16:32:11.214+0100] {processor.py:161} INFO - Started process (PID=8761) to work on /home/ubuntu/.local/lib/python3.10/site-packages/airflow/example_dags/tutorial_objectstorage.py
[2024-01-30T16:32:11.237+0100] {processor.py:830} INFO - Processing file /home/ubuntu/.local/lib/python3.10/site-packages/airflow/example_dags/tutorial_objectstorage.py for tasks to queue
[2024-01-30T16:32:11.240+0100] {logging_mixin.py:188} INFO - [2024-01-30T16:32:11.239+0100] {dagbag.py:538} INFO - Filling up the DagBag from /home/ubuntu/.local/lib/python3.10/site-packages/airflow/example_dags/tutorial_objectstorage.py
[2024-01-30T16:32:11.288+0100] {processor.py:840} INFO - DAG(s) 'tutorial_objectstorage' retrieved from /home/ubuntu/.local/lib/python3.10/site-packages/airflow/example_dags/tutorial_objectstorage.py
[2024-01-30T16:32:11.391+0100] {logging_mixin.py:188} INFO - [2024-01-30T16:32:11.391+0100] {dag.py:3033} INFO - Sync 1 DAGs
[2024-01-30T16:32:11.447+0100] {logging_mixin.py:188} INFO - [2024-01-30T16:32:11.447+0100] {dag.py:3820} INFO - Setting next_dagrun for tutorial_objectstorage to None, run_after=None
[2024-01-30T16:32:11.535+0100] {processor.py:183} INFO - Processing /home/ubuntu/.local/lib/python3.10/site-packages/airflow/example_dags/tutorial_objectstorage.py took 0.344 seconds
[2024-01-30T16:33:17.152+0100] {processor.py:161} INFO - Started process (PID=9414) to work on /home/ubuntu/.local/lib/python3.10/site-packages/airflow/example_dags/tutorial_objectstorage.py
[2024-01-30T16:33:17.166+0100] {processor.py:830} INFO - Processing file /home/ubuntu/.local/lib/python3.10/site-packages/airflow/example_dags/tutorial_objectstorage.py for tasks to queue
[2024-01-30T16:33:17.168+0100] {logging_mixin.py:188} INFO - [2024-01-30T16:33:17.168+0100] {dagbag.py:538} INFO - Filling up the DagBag from /home/ubuntu/.local/lib/python3.10/site-packages/airflow/example_dags/tutorial_objectstorage.py
[2024-01-30T16:33:17.182+0100] {processor.py:840} INFO - DAG(s) 'tutorial_objectstorage' retrieved from /home/ubuntu/.local/lib/python3.10/site-packages/airflow/example_dags/tutorial_objectstorage.py
[2024-01-30T16:33:17.206+0100] {logging_mixin.py:188} INFO - [2024-01-30T16:33:17.206+0100] {dag.py:3033} INFO - Sync 1 DAGs
[2024-01-30T16:33:17.223+0100] {logging_mixin.py:188} INFO - [2024-01-30T16:33:17.223+0100] {dag.py:3820} INFO - Setting next_dagrun for tutorial_objectstorage to None, run_after=None
[2024-01-30T16:33:17.269+0100] {processor.py:183} INFO - Processing /home/ubuntu/.local/lib/python3.10/site-packages/airflow/example_dags/tutorial_objectstorage.py took 0.124 seconds
[2024-01-30T16:48:25.954+0100] {processor.py:161} INFO - Started process (PID=5120) to work on /home/ubuntu/.local/lib/python3.10/site-packages/airflow/example_dags/tutorial_objectstorage.py
[2024-01-30T16:48:25.959+0100] {processor.py:830} INFO - Processing file /home/ubuntu/.local/lib/python3.10/site-packages/airflow/example_dags/tutorial_objectstorage.py for tasks to queue
[2024-01-30T16:48:25.962+0100] {logging_mixin.py:188} INFO - [2024-01-30T16:48:25.960+0100] {dagbag.py:538} INFO - Filling up the DagBag from /home/ubuntu/.local/lib/python3.10/site-packages/airflow/example_dags/tutorial_objectstorage.py
[2024-01-30T16:48:25.973+0100] {processor.py:840} INFO - DAG(s) 'tutorial_objectstorage' retrieved from /home/ubuntu/.local/lib/python3.10/site-packages/airflow/example_dags/tutorial_objectstorage.py
[2024-01-30T16:48:26.315+0100] {logging_mixin.py:188} INFO - [2024-01-30T16:48:26.315+0100] {dag.py:3033} INFO - Sync 1 DAGs
[2024-01-30T16:48:26.402+0100] {logging_mixin.py:188} INFO - [2024-01-30T16:48:26.401+0100] {dag.py:3820} INFO - Setting next_dagrun for tutorial_objectstorage to None, run_after=None
[2024-01-30T16:48:26.478+0100] {processor.py:183} INFO - Processing /home/ubuntu/.local/lib/python3.10/site-packages/airflow/example_dags/tutorial_objectstorage.py took 0.543 seconds
[2024-01-30T16:50:54.601+0100] {processor.py:161} INFO - Started process (PID=5327) to work on /home/ubuntu/.local/lib/python3.10/site-packages/airflow/example_dags/tutorial_objectstorage.py
[2024-01-30T16:50:54.607+0100] {processor.py:830} INFO - Processing file /home/ubuntu/.local/lib/python3.10/site-packages/airflow/example_dags/tutorial_objectstorage.py for tasks to queue
[2024-01-30T16:50:54.608+0100] {logging_mixin.py:188} INFO - [2024-01-30T16:50:54.608+0100] {dagbag.py:538} INFO - Filling up the DagBag from /home/ubuntu/.local/lib/python3.10/site-packages/airflow/example_dags/tutorial_objectstorage.py
[2024-01-30T16:50:54.620+0100] {processor.py:840} INFO - DAG(s) 'tutorial_objectstorage' retrieved from /home/ubuntu/.local/lib/python3.10/site-packages/airflow/example_dags/tutorial_objectstorage.py
[2024-01-30T16:50:54.652+0100] {logging_mixin.py:188} INFO - [2024-01-30T16:50:54.651+0100] {dag.py:3033} INFO - Sync 1 DAGs
[2024-01-30T16:50:54.675+0100] {logging_mixin.py:188} INFO - [2024-01-30T16:50:54.674+0100] {dag.py:3820} INFO - Setting next_dagrun for tutorial_objectstorage to None, run_after=None
[2024-01-30T16:50:54.730+0100] {processor.py:183} INFO - Processing /home/ubuntu/.local/lib/python3.10/site-packages/airflow/example_dags/tutorial_objectstorage.py took 0.137 seconds
[2024-01-30T16:52:12.438+0100] {processor.py:161} INFO - Started process (PID=5392) to work on /home/ubuntu/.local/lib/python3.10/site-packages/airflow/example_dags/tutorial_objectstorage.py
[2024-01-30T16:52:12.447+0100] {processor.py:830} INFO - Processing file /home/ubuntu/.local/lib/python3.10/site-packages/airflow/example_dags/tutorial_objectstorage.py for tasks to queue
[2024-01-30T16:52:12.450+0100] {logging_mixin.py:188} INFO - [2024-01-30T16:52:12.449+0100] {dagbag.py:538} INFO - Filling up the DagBag from /home/ubuntu/.local/lib/python3.10/site-packages/airflow/example_dags/tutorial_objectstorage.py
[2024-01-30T16:52:12.479+0100] {processor.py:840} INFO - DAG(s) 'tutorial_objectstorage' retrieved from /home/ubuntu/.local/lib/python3.10/site-packages/airflow/example_dags/tutorial_objectstorage.py
[2024-01-30T16:52:12.511+0100] {logging_mixin.py:188} INFO - [2024-01-30T16:52:12.510+0100] {dag.py:3033} INFO - Sync 1 DAGs
[2024-01-30T16:52:12.566+0100] {logging_mixin.py:188} INFO - [2024-01-30T16:52:12.565+0100] {dag.py:3820} INFO - Setting next_dagrun for tutorial_objectstorage to None, run_after=None
[2024-01-30T16:52:12.620+0100] {processor.py:183} INFO - Processing /home/ubuntu/.local/lib/python3.10/site-packages/airflow/example_dags/tutorial_objectstorage.py took 0.188 seconds
[2024-01-30T16:53:28.481+0100] {processor.py:161} INFO - Started process (PID=5473) to work on /home/ubuntu/.local/lib/python3.10/site-packages/airflow/example_dags/tutorial_objectstorage.py
[2024-01-30T16:53:28.484+0100] {processor.py:830} INFO - Processing file /home/ubuntu/.local/lib/python3.10/site-packages/airflow/example_dags/tutorial_objectstorage.py for tasks to queue
[2024-01-30T16:53:28.486+0100] {logging_mixin.py:188} INFO - [2024-01-30T16:53:28.486+0100] {dagbag.py:538} INFO - Filling up the DagBag from /home/ubuntu/.local/lib/python3.10/site-packages/airflow/example_dags/tutorial_objectstorage.py
[2024-01-30T16:53:28.495+0100] {processor.py:840} INFO - DAG(s) 'tutorial_objectstorage' retrieved from /home/ubuntu/.local/lib/python3.10/site-packages/airflow/example_dags/tutorial_objectstorage.py
[2024-01-30T16:53:28.554+0100] {logging_mixin.py:188} INFO - [2024-01-30T16:53:28.554+0100] {dag.py:3033} INFO - Sync 1 DAGs
[2024-01-30T16:53:28.587+0100] {logging_mixin.py:188} INFO - [2024-01-30T16:53:28.587+0100] {dag.py:3820} INFO - Setting next_dagrun for tutorial_objectstorage to None, run_after=None
[2024-01-30T16:53:28.627+0100] {processor.py:183} INFO - Processing /home/ubuntu/.local/lib/python3.10/site-packages/airflow/example_dags/tutorial_objectstorage.py took 0.150 seconds
[2024-01-30T16:55:37.746+0100] {processor.py:161} INFO - Started process (PID=5687) to work on /home/ubuntu/.local/lib/python3.10/site-packages/airflow/example_dags/tutorial_objectstorage.py
[2024-01-30T16:55:37.756+0100] {processor.py:830} INFO - Processing file /home/ubuntu/.local/lib/python3.10/site-packages/airflow/example_dags/tutorial_objectstorage.py for tasks to queue
[2024-01-30T16:55:37.760+0100] {logging_mixin.py:188} INFO - [2024-01-30T16:55:37.759+0100] {dagbag.py:538} INFO - Filling up the DagBag from /home/ubuntu/.local/lib/python3.10/site-packages/airflow/example_dags/tutorial_objectstorage.py
[2024-01-30T16:55:37.792+0100] {processor.py:840} INFO - DAG(s) 'tutorial_objectstorage' retrieved from /home/ubuntu/.local/lib/python3.10/site-packages/airflow/example_dags/tutorial_objectstorage.py
[2024-01-30T16:55:37.819+0100] {logging_mixin.py:188} INFO - [2024-01-30T16:55:37.819+0100] {dag.py:3033} INFO - Sync 1 DAGs
[2024-01-30T16:55:37.841+0100] {logging_mixin.py:188} INFO - [2024-01-30T16:55:37.841+0100] {dag.py:3820} INFO - Setting next_dagrun for tutorial_objectstorage to None, run_after=None
[2024-01-30T16:55:37.942+0100] {processor.py:183} INFO - Processing /home/ubuntu/.local/lib/python3.10/site-packages/airflow/example_dags/tutorial_objectstorage.py took 0.201 seconds
[2024-01-30T16:57:03.779+0100] {processor.py:161} INFO - Started process (PID=5760) to work on /home/ubuntu/.local/lib/python3.10/site-packages/airflow/example_dags/tutorial_objectstorage.py
[2024-01-30T16:57:03.786+0100] {processor.py:830} INFO - Processing file /home/ubuntu/.local/lib/python3.10/site-packages/airflow/example_dags/tutorial_objectstorage.py for tasks to queue
[2024-01-30T16:57:03.789+0100] {logging_mixin.py:188} INFO - [2024-01-30T16:57:03.788+0100] {dagbag.py:538} INFO - Filling up the DagBag from /home/ubuntu/.local/lib/python3.10/site-packages/airflow/example_dags/tutorial_objectstorage.py
[2024-01-30T16:57:03.806+0100] {processor.py:840} INFO - DAG(s) 'tutorial_objectstorage' retrieved from /home/ubuntu/.local/lib/python3.10/site-packages/airflow/example_dags/tutorial_objectstorage.py
[2024-01-30T16:57:03.858+0100] {logging_mixin.py:188} INFO - [2024-01-30T16:57:03.854+0100] {dag.py:3033} INFO - Sync 1 DAGs
[2024-01-30T16:57:03.880+0100] {logging_mixin.py:188} INFO - [2024-01-30T16:57:03.880+0100] {dag.py:3820} INFO - Setting next_dagrun for tutorial_objectstorage to None, run_after=None
[2024-01-30T16:57:03.973+0100] {processor.py:183} INFO - Processing /home/ubuntu/.local/lib/python3.10/site-packages/airflow/example_dags/tutorial_objectstorage.py took 0.208 seconds
[2024-01-30T16:58:26.471+0100] {processor.py:161} INFO - Started process (PID=5836) to work on /home/ubuntu/.local/lib/python3.10/site-packages/airflow/example_dags/tutorial_objectstorage.py
[2024-01-30T16:58:26.475+0100] {processor.py:830} INFO - Processing file /home/ubuntu/.local/lib/python3.10/site-packages/airflow/example_dags/tutorial_objectstorage.py for tasks to queue
[2024-01-30T16:58:26.478+0100] {logging_mixin.py:188} INFO - [2024-01-30T16:58:26.476+0100] {dagbag.py:538} INFO - Filling up the DagBag from /home/ubuntu/.local/lib/python3.10/site-packages/airflow/example_dags/tutorial_objectstorage.py
[2024-01-30T16:58:26.491+0100] {processor.py:840} INFO - DAG(s) 'tutorial_objectstorage' retrieved from /home/ubuntu/.local/lib/python3.10/site-packages/airflow/example_dags/tutorial_objectstorage.py
[2024-01-30T16:58:26.515+0100] {logging_mixin.py:188} INFO - [2024-01-30T16:58:26.514+0100] {dag.py:3033} INFO - Sync 1 DAGs
[2024-01-30T16:58:26.535+0100] {logging_mixin.py:188} INFO - [2024-01-30T16:58:26.534+0100] {dag.py:3820} INFO - Setting next_dagrun for tutorial_objectstorage to None, run_after=None
[2024-01-30T16:58:26.580+0100] {processor.py:183} INFO - Processing /home/ubuntu/.local/lib/python3.10/site-packages/airflow/example_dags/tutorial_objectstorage.py took 0.115 seconds
[2024-01-30T16:59:31.372+0100] {processor.py:161} INFO - Started process (PID=5898) to work on /home/ubuntu/.local/lib/python3.10/site-packages/airflow/example_dags/tutorial_objectstorage.py
[2024-01-30T16:59:31.378+0100] {processor.py:830} INFO - Processing file /home/ubuntu/.local/lib/python3.10/site-packages/airflow/example_dags/tutorial_objectstorage.py for tasks to queue
[2024-01-30T16:59:31.381+0100] {logging_mixin.py:188} INFO - [2024-01-30T16:59:31.380+0100] {dagbag.py:538} INFO - Filling up the DagBag from /home/ubuntu/.local/lib/python3.10/site-packages/airflow/example_dags/tutorial_objectstorage.py
[2024-01-30T16:59:31.398+0100] {processor.py:840} INFO - DAG(s) 'tutorial_objectstorage' retrieved from /home/ubuntu/.local/lib/python3.10/site-packages/airflow/example_dags/tutorial_objectstorage.py
[2024-01-30T16:59:31.481+0100] {logging_mixin.py:188} INFO - [2024-01-30T16:59:31.481+0100] {dag.py:3033} INFO - Sync 1 DAGs
[2024-01-30T16:59:31.508+0100] {logging_mixin.py:188} INFO - [2024-01-30T16:59:31.508+0100] {dag.py:3820} INFO - Setting next_dagrun for tutorial_objectstorage to None, run_after=None
[2024-01-30T16:59:31.563+0100] {processor.py:183} INFO - Processing /home/ubuntu/.local/lib/python3.10/site-packages/airflow/example_dags/tutorial_objectstorage.py took 0.197 seconds
[2024-01-30T17:00:46.325+0100] {processor.py:161} INFO - Started process (PID=6077) to work on /home/ubuntu/.local/lib/python3.10/site-packages/airflow/example_dags/tutorial_objectstorage.py
[2024-01-30T17:00:46.330+0100] {processor.py:830} INFO - Processing file /home/ubuntu/.local/lib/python3.10/site-packages/airflow/example_dags/tutorial_objectstorage.py for tasks to queue
[2024-01-30T17:00:46.332+0100] {logging_mixin.py:188} INFO - [2024-01-30T17:00:46.331+0100] {dagbag.py:538} INFO - Filling up the DagBag from /home/ubuntu/.local/lib/python3.10/site-packages/airflow/example_dags/tutorial_objectstorage.py
[2024-01-30T17:00:46.342+0100] {processor.py:840} INFO - DAG(s) 'tutorial_objectstorage' retrieved from /home/ubuntu/.local/lib/python3.10/site-packages/airflow/example_dags/tutorial_objectstorage.py
[2024-01-30T17:00:46.361+0100] {logging_mixin.py:188} INFO - [2024-01-30T17:00:46.361+0100] {dag.py:3033} INFO - Sync 1 DAGs
[2024-01-30T17:00:46.375+0100] {logging_mixin.py:188} INFO - [2024-01-30T17:00:46.374+0100] {dag.py:3820} INFO - Setting next_dagrun for tutorial_objectstorage to None, run_after=None
[2024-01-30T17:00:46.412+0100] {processor.py:183} INFO - Processing /home/ubuntu/.local/lib/python3.10/site-packages/airflow/example_dags/tutorial_objectstorage.py took 0.092 seconds
[2024-01-30T17:01:51.196+0100] {processor.py:161} INFO - Started process (PID=6131) to work on /home/ubuntu/.local/lib/python3.10/site-packages/airflow/example_dags/tutorial_objectstorage.py
[2024-01-30T17:01:51.199+0100] {processor.py:830} INFO - Processing file /home/ubuntu/.local/lib/python3.10/site-packages/airflow/example_dags/tutorial_objectstorage.py for tasks to queue
[2024-01-30T17:01:51.201+0100] {logging_mixin.py:188} INFO - [2024-01-30T17:01:51.200+0100] {dagbag.py:538} INFO - Filling up the DagBag from /home/ubuntu/.local/lib/python3.10/site-packages/airflow/example_dags/tutorial_objectstorage.py
[2024-01-30T17:01:51.226+0100] {processor.py:840} INFO - DAG(s) 'tutorial_objectstorage' retrieved from /home/ubuntu/.local/lib/python3.10/site-packages/airflow/example_dags/tutorial_objectstorage.py
[2024-01-30T17:01:51.257+0100] {logging_mixin.py:188} INFO - [2024-01-30T17:01:51.257+0100] {dag.py:3033} INFO - Sync 1 DAGs
[2024-01-30T17:01:51.289+0100] {logging_mixin.py:188} INFO - [2024-01-30T17:01:51.289+0100] {dag.py:3820} INFO - Setting next_dagrun for tutorial_objectstorage to None, run_after=None
[2024-01-30T17:01:51.349+0100] {processor.py:183} INFO - Processing /home/ubuntu/.local/lib/python3.10/site-packages/airflow/example_dags/tutorial_objectstorage.py took 0.163 seconds
[2024-01-30T17:03:05.982+0100] {processor.py:161} INFO - Started process (PID=6204) to work on /home/ubuntu/.local/lib/python3.10/site-packages/airflow/example_dags/tutorial_objectstorage.py
[2024-01-30T17:03:05.985+0100] {processor.py:830} INFO - Processing file /home/ubuntu/.local/lib/python3.10/site-packages/airflow/example_dags/tutorial_objectstorage.py for tasks to queue
[2024-01-30T17:03:05.987+0100] {logging_mixin.py:188} INFO - [2024-01-30T17:03:05.986+0100] {dagbag.py:538} INFO - Filling up the DagBag from /home/ubuntu/.local/lib/python3.10/site-packages/airflow/example_dags/tutorial_objectstorage.py
[2024-01-30T17:03:06.006+0100] {processor.py:840} INFO - DAG(s) 'tutorial_objectstorage' retrieved from /home/ubuntu/.local/lib/python3.10/site-packages/airflow/example_dags/tutorial_objectstorage.py
[2024-01-30T17:03:06.048+0100] {logging_mixin.py:188} INFO - [2024-01-30T17:03:06.048+0100] {dag.py:3033} INFO - Sync 1 DAGs
[2024-01-30T17:03:06.084+0100] {logging_mixin.py:188} INFO - [2024-01-30T17:03:06.083+0100] {dag.py:3820} INFO - Setting next_dagrun for tutorial_objectstorage to None, run_after=None
[2024-01-30T17:03:06.169+0100] {processor.py:183} INFO - Processing /home/ubuntu/.local/lib/python3.10/site-packages/airflow/example_dags/tutorial_objectstorage.py took 0.192 seconds
[2024-01-30T17:04:20.961+0100] {processor.py:161} INFO - Started process (PID=6268) to work on /home/ubuntu/.local/lib/python3.10/site-packages/airflow/example_dags/tutorial_objectstorage.py
[2024-01-30T17:04:20.985+0100] {processor.py:830} INFO - Processing file /home/ubuntu/.local/lib/python3.10/site-packages/airflow/example_dags/tutorial_objectstorage.py for tasks to queue
[2024-01-30T17:04:20.987+0100] {logging_mixin.py:188} INFO - [2024-01-30T17:04:20.987+0100] {dagbag.py:538} INFO - Filling up the DagBag from /home/ubuntu/.local/lib/python3.10/site-packages/airflow/example_dags/tutorial_objectstorage.py
[2024-01-30T17:04:21.004+0100] {processor.py:840} INFO - DAG(s) 'tutorial_objectstorage' retrieved from /home/ubuntu/.local/lib/python3.10/site-packages/airflow/example_dags/tutorial_objectstorage.py
[2024-01-30T17:04:21.043+0100] {logging_mixin.py:188} INFO - [2024-01-30T17:04:21.042+0100] {dag.py:3033} INFO - Sync 1 DAGs
[2024-01-30T17:04:21.082+0100] {logging_mixin.py:188} INFO - [2024-01-30T17:04:21.082+0100] {dag.py:3820} INFO - Setting next_dagrun for tutorial_objectstorage to None, run_after=None
[2024-01-30T17:04:21.182+0100] {processor.py:183} INFO - Processing /home/ubuntu/.local/lib/python3.10/site-packages/airflow/example_dags/tutorial_objectstorage.py took 0.227 seconds
[2024-01-30T17:05:42.206+0100] {processor.py:161} INFO - Started process (PID=6334) to work on /home/ubuntu/.local/lib/python3.10/site-packages/airflow/example_dags/tutorial_objectstorage.py
[2024-01-30T17:05:42.236+0100] {processor.py:830} INFO - Processing file /home/ubuntu/.local/lib/python3.10/site-packages/airflow/example_dags/tutorial_objectstorage.py for tasks to queue
[2024-01-30T17:05:42.239+0100] {logging_mixin.py:188} INFO - [2024-01-30T17:05:42.238+0100] {dagbag.py:538} INFO - Filling up the DagBag from /home/ubuntu/.local/lib/python3.10/site-packages/airflow/example_dags/tutorial_objectstorage.py
[2024-01-30T17:05:42.256+0100] {processor.py:840} INFO - DAG(s) 'tutorial_objectstorage' retrieved from /home/ubuntu/.local/lib/python3.10/site-packages/airflow/example_dags/tutorial_objectstorage.py
[2024-01-30T17:05:42.312+0100] {logging_mixin.py:188} INFO - [2024-01-30T17:05:42.311+0100] {dag.py:3033} INFO - Sync 1 DAGs
[2024-01-30T17:05:42.583+0100] {logging_mixin.py:188} INFO - [2024-01-30T17:05:42.583+0100] {dag.py:3820} INFO - Setting next_dagrun for tutorial_objectstorage to None, run_after=None
[2024-01-30T17:05:42.645+0100] {processor.py:183} INFO - Processing /home/ubuntu/.local/lib/python3.10/site-packages/airflow/example_dags/tutorial_objectstorage.py took 0.458 seconds
[2024-01-30T17:06:57.877+0100] {processor.py:161} INFO - Started process (PID=6404) to work on /home/ubuntu/.local/lib/python3.10/site-packages/airflow/example_dags/tutorial_objectstorage.py
[2024-01-30T17:06:57.879+0100] {processor.py:830} INFO - Processing file /home/ubuntu/.local/lib/python3.10/site-packages/airflow/example_dags/tutorial_objectstorage.py for tasks to queue
[2024-01-30T17:06:57.884+0100] {logging_mixin.py:188} INFO - [2024-01-30T17:06:57.883+0100] {dagbag.py:538} INFO - Filling up the DagBag from /home/ubuntu/.local/lib/python3.10/site-packages/airflow/example_dags/tutorial_objectstorage.py
[2024-01-30T17:06:57.915+0100] {processor.py:840} INFO - DAG(s) 'tutorial_objectstorage' retrieved from /home/ubuntu/.local/lib/python3.10/site-packages/airflow/example_dags/tutorial_objectstorage.py
[2024-01-30T17:06:57.957+0100] {logging_mixin.py:188} INFO - [2024-01-30T17:06:57.957+0100] {dag.py:3033} INFO - Sync 1 DAGs
[2024-01-30T17:06:57.990+0100] {logging_mixin.py:188} INFO - [2024-01-30T17:06:57.990+0100] {dag.py:3820} INFO - Setting next_dagrun for tutorial_objectstorage to None, run_after=None
[2024-01-30T17:06:58.076+0100] {processor.py:183} INFO - Processing /home/ubuntu/.local/lib/python3.10/site-packages/airflow/example_dags/tutorial_objectstorage.py took 0.212 seconds
