[2024-02-06T12:37:38.272+0100] {processor.py:161} INFO - Started process (PID=16341) to work on /home/ubuntu/.local/lib/python3.10/site-packages/airflow/example_dags/example_setup_teardown.py
[2024-02-06T12:37:38.273+0100] {processor.py:830} INFO - Processing file /home/ubuntu/.local/lib/python3.10/site-packages/airflow/example_dags/example_setup_teardown.py for tasks to queue
[2024-02-06T12:37:38.274+0100] {logging_mixin.py:188} INFO - [2024-02-06T12:37:38.274+0100] {dagbag.py:538} INFO - Filling up the DagBag from /home/ubuntu/.local/lib/python3.10/site-packages/airflow/example_dags/example_setup_teardown.py
[2024-02-06T12:37:38.283+0100] {processor.py:840} INFO - DAG(s) 'example_setup_teardown' retrieved from /home/ubuntu/.local/lib/python3.10/site-packages/airflow/example_dags/example_setup_teardown.py
[2024-02-06T12:37:38.301+0100] {logging_mixin.py:188} INFO - [2024-02-06T12:37:38.301+0100] {dag.py:3033} INFO - Sync 1 DAGs
[2024-02-06T12:37:38.319+0100] {logging_mixin.py:188} INFO - [2024-02-06T12:37:38.319+0100] {dag.py:3820} INFO - Setting next_dagrun for example_setup_teardown to 2024-02-05T00:00:00+00:00, run_after=2024-02-06T00:00:00+00:00
[2024-02-06T12:37:38.375+0100] {processor.py:183} INFO - Processing /home/ubuntu/.local/lib/python3.10/site-packages/airflow/example_dags/example_setup_teardown.py took 0.107 seconds
[2024-02-06T12:38:58.588+0100] {processor.py:161} INFO - Started process (PID=16597) to work on /home/ubuntu/.local/lib/python3.10/site-packages/airflow/example_dags/example_setup_teardown.py
[2024-02-06T12:38:58.591+0100] {processor.py:830} INFO - Processing file /home/ubuntu/.local/lib/python3.10/site-packages/airflow/example_dags/example_setup_teardown.py for tasks to queue
[2024-02-06T12:38:58.592+0100] {logging_mixin.py:188} INFO - [2024-02-06T12:38:58.591+0100] {dagbag.py:538} INFO - Filling up the DagBag from /home/ubuntu/.local/lib/python3.10/site-packages/airflow/example_dags/example_setup_teardown.py
[2024-02-06T12:38:58.601+0100] {processor.py:840} INFO - DAG(s) 'example_setup_teardown' retrieved from /home/ubuntu/.local/lib/python3.10/site-packages/airflow/example_dags/example_setup_teardown.py
[2024-02-06T12:38:58.624+0100] {logging_mixin.py:188} INFO - [2024-02-06T12:38:58.624+0100] {dag.py:3033} INFO - Sync 1 DAGs
[2024-02-06T12:38:58.646+0100] {logging_mixin.py:188} INFO - [2024-02-06T12:38:58.646+0100] {dag.py:3820} INFO - Setting next_dagrun for example_setup_teardown to 2024-02-05T00:00:00+00:00, run_after=2024-02-06T00:00:00+00:00
[2024-02-06T12:38:58.683+0100] {processor.py:183} INFO - Processing /home/ubuntu/.local/lib/python3.10/site-packages/airflow/example_dags/example_setup_teardown.py took 0.099 seconds
[2024-02-06T12:40:03.690+0100] {processor.py:161} INFO - Started process (PID=16751) to work on /home/ubuntu/.local/lib/python3.10/site-packages/airflow/example_dags/example_setup_teardown.py
[2024-02-06T12:40:03.693+0100] {processor.py:830} INFO - Processing file /home/ubuntu/.local/lib/python3.10/site-packages/airflow/example_dags/example_setup_teardown.py for tasks to queue
[2024-02-06T12:40:03.694+0100] {logging_mixin.py:188} INFO - [2024-02-06T12:40:03.693+0100] {dagbag.py:538} INFO - Filling up the DagBag from /home/ubuntu/.local/lib/python3.10/site-packages/airflow/example_dags/example_setup_teardown.py
[2024-02-06T12:40:03.704+0100] {processor.py:840} INFO - DAG(s) 'example_setup_teardown' retrieved from /home/ubuntu/.local/lib/python3.10/site-packages/airflow/example_dags/example_setup_teardown.py
[2024-02-06T12:40:03.727+0100] {logging_mixin.py:188} INFO - [2024-02-06T12:40:03.726+0100] {dag.py:3033} INFO - Sync 1 DAGs
[2024-02-06T12:40:03.751+0100] {logging_mixin.py:188} INFO - [2024-02-06T12:40:03.750+0100] {dag.py:3820} INFO - Setting next_dagrun for example_setup_teardown to 2024-02-05T00:00:00+00:00, run_after=2024-02-06T00:00:00+00:00
[2024-02-06T12:40:03.790+0100] {processor.py:183} INFO - Processing /home/ubuntu/.local/lib/python3.10/site-packages/airflow/example_dags/example_setup_teardown.py took 0.106 seconds
[2024-02-06T12:41:13.673+0100] {processor.py:161} INFO - Started process (PID=16989) to work on /home/ubuntu/.local/lib/python3.10/site-packages/airflow/example_dags/example_setup_teardown.py
[2024-02-06T12:41:13.677+0100] {processor.py:830} INFO - Processing file /home/ubuntu/.local/lib/python3.10/site-packages/airflow/example_dags/example_setup_teardown.py for tasks to queue
[2024-02-06T12:41:13.678+0100] {logging_mixin.py:188} INFO - [2024-02-06T12:41:13.678+0100] {dagbag.py:538} INFO - Filling up the DagBag from /home/ubuntu/.local/lib/python3.10/site-packages/airflow/example_dags/example_setup_teardown.py
[2024-02-06T12:41:13.687+0100] {processor.py:840} INFO - DAG(s) 'example_setup_teardown' retrieved from /home/ubuntu/.local/lib/python3.10/site-packages/airflow/example_dags/example_setup_teardown.py
[2024-02-06T12:41:13.711+0100] {logging_mixin.py:188} INFO - [2024-02-06T12:41:13.710+0100] {dag.py:3033} INFO - Sync 1 DAGs
[2024-02-06T12:41:13.735+0100] {logging_mixin.py:188} INFO - [2024-02-06T12:41:13.734+0100] {dag.py:3820} INFO - Setting next_dagrun for example_setup_teardown to 2024-02-05T00:00:00+00:00, run_after=2024-02-06T00:00:00+00:00
[2024-02-06T12:41:13.769+0100] {processor.py:183} INFO - Processing /home/ubuntu/.local/lib/python3.10/site-packages/airflow/example_dags/example_setup_teardown.py took 0.101 seconds
[2024-02-06T12:42:23.860+0100] {processor.py:161} INFO - Started process (PID=17150) to work on /home/ubuntu/.local/lib/python3.10/site-packages/airflow/example_dags/example_setup_teardown.py
[2024-02-06T12:42:23.863+0100] {processor.py:830} INFO - Processing file /home/ubuntu/.local/lib/python3.10/site-packages/airflow/example_dags/example_setup_teardown.py for tasks to queue
[2024-02-06T12:42:23.864+0100] {logging_mixin.py:188} INFO - [2024-02-06T12:42:23.864+0100] {dagbag.py:538} INFO - Filling up the DagBag from /home/ubuntu/.local/lib/python3.10/site-packages/airflow/example_dags/example_setup_teardown.py
[2024-02-06T12:42:23.872+0100] {processor.py:840} INFO - DAG(s) 'example_setup_teardown' retrieved from /home/ubuntu/.local/lib/python3.10/site-packages/airflow/example_dags/example_setup_teardown.py
[2024-02-06T12:42:23.890+0100] {logging_mixin.py:188} INFO - [2024-02-06T12:42:23.890+0100] {dag.py:3033} INFO - Sync 1 DAGs
[2024-02-06T12:42:23.908+0100] {logging_mixin.py:188} INFO - [2024-02-06T12:42:23.908+0100] {dag.py:3820} INFO - Setting next_dagrun for example_setup_teardown to 2024-02-05T00:00:00+00:00, run_after=2024-02-06T00:00:00+00:00
[2024-02-06T12:42:23.946+0100] {processor.py:183} INFO - Processing /home/ubuntu/.local/lib/python3.10/site-packages/airflow/example_dags/example_setup_teardown.py took 0.090 seconds
[2024-02-06T12:43:40.300+0100] {processor.py:161} INFO - Started process (PID=17352) to work on /home/ubuntu/.local/lib/python3.10/site-packages/airflow/example_dags/example_setup_teardown.py
[2024-02-06T12:43:40.302+0100] {processor.py:830} INFO - Processing file /home/ubuntu/.local/lib/python3.10/site-packages/airflow/example_dags/example_setup_teardown.py for tasks to queue
[2024-02-06T12:43:40.306+0100] {logging_mixin.py:188} INFO - [2024-02-06T12:43:40.305+0100] {dagbag.py:538} INFO - Filling up the DagBag from /home/ubuntu/.local/lib/python3.10/site-packages/airflow/example_dags/example_setup_teardown.py
[2024-02-06T12:43:40.321+0100] {processor.py:840} INFO - DAG(s) 'example_setup_teardown' retrieved from /home/ubuntu/.local/lib/python3.10/site-packages/airflow/example_dags/example_setup_teardown.py
[2024-02-06T12:43:40.354+0100] {logging_mixin.py:188} INFO - [2024-02-06T12:43:40.354+0100] {dag.py:3033} INFO - Sync 1 DAGs
[2024-02-06T12:43:40.385+0100] {logging_mixin.py:188} INFO - [2024-02-06T12:43:40.385+0100] {dag.py:3820} INFO - Setting next_dagrun for example_setup_teardown to 2024-02-05T00:00:00+00:00, run_after=2024-02-06T00:00:00+00:00
[2024-02-06T12:43:40.432+0100] {processor.py:183} INFO - Processing /home/ubuntu/.local/lib/python3.10/site-packages/airflow/example_dags/example_setup_teardown.py took 0.140 seconds
[2024-02-06T12:44:38.255+0100] {processor.py:161} INFO - Started process (PID=17470) to work on /home/ubuntu/.local/lib/python3.10/site-packages/airflow/example_dags/example_setup_teardown.py
[2024-02-06T12:44:38.257+0100] {processor.py:830} INFO - Processing file /home/ubuntu/.local/lib/python3.10/site-packages/airflow/example_dags/example_setup_teardown.py for tasks to queue
[2024-02-06T12:44:38.259+0100] {logging_mixin.py:188} INFO - [2024-02-06T12:44:38.257+0100] {dagbag.py:538} INFO - Filling up the DagBag from /home/ubuntu/.local/lib/python3.10/site-packages/airflow/example_dags/example_setup_teardown.py
[2024-02-06T12:44:38.269+0100] {processor.py:840} INFO - DAG(s) 'example_setup_teardown' retrieved from /home/ubuntu/.local/lib/python3.10/site-packages/airflow/example_dags/example_setup_teardown.py
[2024-02-06T12:44:38.308+0100] {logging_mixin.py:188} INFO - [2024-02-06T12:44:38.307+0100] {dag.py:3033} INFO - Sync 1 DAGs
[2024-02-06T12:44:38.335+0100] {logging_mixin.py:188} INFO - [2024-02-06T12:44:38.335+0100] {dag.py:3820} INFO - Setting next_dagrun for example_setup_teardown to 2024-02-05T00:00:00+00:00, run_after=2024-02-06T00:00:00+00:00
[2024-02-06T12:44:38.386+0100] {processor.py:183} INFO - Processing /home/ubuntu/.local/lib/python3.10/site-packages/airflow/example_dags/example_setup_teardown.py took 0.137 seconds
[2024-02-06T12:45:37.133+0100] {processor.py:161} INFO - Started process (PID=17668) to work on /home/ubuntu/.local/lib/python3.10/site-packages/airflow/example_dags/example_setup_teardown.py
[2024-02-06T12:45:37.136+0100] {processor.py:830} INFO - Processing file /home/ubuntu/.local/lib/python3.10/site-packages/airflow/example_dags/example_setup_teardown.py for tasks to queue
[2024-02-06T12:45:37.137+0100] {logging_mixin.py:188} INFO - [2024-02-06T12:45:37.136+0100] {dagbag.py:538} INFO - Filling up the DagBag from /home/ubuntu/.local/lib/python3.10/site-packages/airflow/example_dags/example_setup_teardown.py
[2024-02-06T12:45:37.150+0100] {processor.py:840} INFO - DAG(s) 'example_setup_teardown' retrieved from /home/ubuntu/.local/lib/python3.10/site-packages/airflow/example_dags/example_setup_teardown.py
[2024-02-06T12:45:37.182+0100] {logging_mixin.py:188} INFO - [2024-02-06T12:45:37.181+0100] {dag.py:3033} INFO - Sync 1 DAGs
[2024-02-06T12:45:37.221+0100] {logging_mixin.py:188} INFO - [2024-02-06T12:45:37.221+0100] {dag.py:3820} INFO - Setting next_dagrun for example_setup_teardown to 2024-02-05T00:00:00+00:00, run_after=2024-02-06T00:00:00+00:00
[2024-02-06T12:45:37.275+0100] {processor.py:183} INFO - Processing /home/ubuntu/.local/lib/python3.10/site-packages/airflow/example_dags/example_setup_teardown.py took 0.149 seconds
[2024-02-06T12:46:33.863+0100] {processor.py:161} INFO - Started process (PID=17813) to work on /home/ubuntu/.local/lib/python3.10/site-packages/airflow/example_dags/example_setup_teardown.py
[2024-02-06T12:46:33.865+0100] {processor.py:830} INFO - Processing file /home/ubuntu/.local/lib/python3.10/site-packages/airflow/example_dags/example_setup_teardown.py for tasks to queue
[2024-02-06T12:46:33.866+0100] {logging_mixin.py:188} INFO - [2024-02-06T12:46:33.866+0100] {dagbag.py:538} INFO - Filling up the DagBag from /home/ubuntu/.local/lib/python3.10/site-packages/airflow/example_dags/example_setup_teardown.py
[2024-02-06T12:46:33.877+0100] {processor.py:840} INFO - DAG(s) 'example_setup_teardown' retrieved from /home/ubuntu/.local/lib/python3.10/site-packages/airflow/example_dags/example_setup_teardown.py
[2024-02-06T12:46:33.900+0100] {logging_mixin.py:188} INFO - [2024-02-06T12:46:33.900+0100] {dag.py:3033} INFO - Sync 1 DAGs
[2024-02-06T12:46:33.925+0100] {logging_mixin.py:188} INFO - [2024-02-06T12:46:33.925+0100] {dag.py:3820} INFO - Setting next_dagrun for example_setup_teardown to 2024-02-05T00:00:00+00:00, run_after=2024-02-06T00:00:00+00:00
[2024-02-06T12:46:33.960+0100] {processor.py:183} INFO - Processing /home/ubuntu/.local/lib/python3.10/site-packages/airflow/example_dags/example_setup_teardown.py took 0.103 seconds
[2024-02-06T12:47:46.124+0100] {processor.py:161} INFO - Started process (PID=17980) to work on /home/ubuntu/.local/lib/python3.10/site-packages/airflow/example_dags/example_setup_teardown.py
[2024-02-06T12:47:46.126+0100] {processor.py:830} INFO - Processing file /home/ubuntu/.local/lib/python3.10/site-packages/airflow/example_dags/example_setup_teardown.py for tasks to queue
[2024-02-06T12:47:46.127+0100] {logging_mixin.py:188} INFO - [2024-02-06T12:47:46.127+0100] {dagbag.py:538} INFO - Filling up the DagBag from /home/ubuntu/.local/lib/python3.10/site-packages/airflow/example_dags/example_setup_teardown.py
[2024-02-06T12:47:46.137+0100] {processor.py:840} INFO - DAG(s) 'example_setup_teardown' retrieved from /home/ubuntu/.local/lib/python3.10/site-packages/airflow/example_dags/example_setup_teardown.py
[2024-02-06T12:47:46.158+0100] {logging_mixin.py:188} INFO - [2024-02-06T12:47:46.158+0100] {dag.py:3033} INFO - Sync 1 DAGs
[2024-02-06T12:47:46.180+0100] {logging_mixin.py:188} INFO - [2024-02-06T12:47:46.180+0100] {dag.py:3820} INFO - Setting next_dagrun for example_setup_teardown to 2024-02-05T00:00:00+00:00, run_after=2024-02-06T00:00:00+00:00
[2024-02-06T12:47:46.228+0100] {processor.py:183} INFO - Processing /home/ubuntu/.local/lib/python3.10/site-packages/airflow/example_dags/example_setup_teardown.py took 0.109 seconds
[2024-02-06T12:48:58.137+0100] {processor.py:161} INFO - Started process (PID=18150) to work on /home/ubuntu/.local/lib/python3.10/site-packages/airflow/example_dags/example_setup_teardown.py
[2024-02-06T12:48:58.142+0100] {processor.py:830} INFO - Processing file /home/ubuntu/.local/lib/python3.10/site-packages/airflow/example_dags/example_setup_teardown.py for tasks to queue
[2024-02-06T12:48:58.143+0100] {logging_mixin.py:188} INFO - [2024-02-06T12:48:58.142+0100] {dagbag.py:538} INFO - Filling up the DagBag from /home/ubuntu/.local/lib/python3.10/site-packages/airflow/example_dags/example_setup_teardown.py
[2024-02-06T12:48:58.153+0100] {processor.py:840} INFO - DAG(s) 'example_setup_teardown' retrieved from /home/ubuntu/.local/lib/python3.10/site-packages/airflow/example_dags/example_setup_teardown.py
[2024-02-06T12:48:58.176+0100] {logging_mixin.py:188} INFO - [2024-02-06T12:48:58.176+0100] {dag.py:3033} INFO - Sync 1 DAGs
[2024-02-06T12:48:58.198+0100] {logging_mixin.py:188} INFO - [2024-02-06T12:48:58.197+0100] {dag.py:3820} INFO - Setting next_dagrun for example_setup_teardown to 2024-02-05T00:00:00+00:00, run_after=2024-02-06T00:00:00+00:00
[2024-02-06T12:48:58.355+0100] {processor.py:183} INFO - Processing /home/ubuntu/.local/lib/python3.10/site-packages/airflow/example_dags/example_setup_teardown.py took 0.222 seconds
[2024-02-06T12:50:03.884+0100] {processor.py:161} INFO - Started process (PID=18301) to work on /home/ubuntu/.local/lib/python3.10/site-packages/airflow/example_dags/example_setup_teardown.py
[2024-02-06T12:50:03.886+0100] {processor.py:830} INFO - Processing file /home/ubuntu/.local/lib/python3.10/site-packages/airflow/example_dags/example_setup_teardown.py for tasks to queue
[2024-02-06T12:50:03.887+0100] {logging_mixin.py:188} INFO - [2024-02-06T12:50:03.887+0100] {dagbag.py:538} INFO - Filling up the DagBag from /home/ubuntu/.local/lib/python3.10/site-packages/airflow/example_dags/example_setup_teardown.py
[2024-02-06T12:50:03.897+0100] {processor.py:840} INFO - DAG(s) 'example_setup_teardown' retrieved from /home/ubuntu/.local/lib/python3.10/site-packages/airflow/example_dags/example_setup_teardown.py
[2024-02-06T12:50:03.920+0100] {logging_mixin.py:188} INFO - [2024-02-06T12:50:03.920+0100] {dag.py:3033} INFO - Sync 1 DAGs
[2024-02-06T12:50:03.941+0100] {logging_mixin.py:188} INFO - [2024-02-06T12:50:03.941+0100] {dag.py:3820} INFO - Setting next_dagrun for example_setup_teardown to 2024-02-05T00:00:00+00:00, run_after=2024-02-06T00:00:00+00:00
[2024-02-06T12:50:03.977+0100] {processor.py:183} INFO - Processing /home/ubuntu/.local/lib/python3.10/site-packages/airflow/example_dags/example_setup_teardown.py took 0.098 seconds
[2024-02-06T12:51:20.532+0100] {processor.py:161} INFO - Started process (PID=18504) to work on /home/ubuntu/.local/lib/python3.10/site-packages/airflow/example_dags/example_setup_teardown.py
[2024-02-06T12:51:20.535+0100] {processor.py:830} INFO - Processing file /home/ubuntu/.local/lib/python3.10/site-packages/airflow/example_dags/example_setup_teardown.py for tasks to queue
[2024-02-06T12:51:20.536+0100] {logging_mixin.py:188} INFO - [2024-02-06T12:51:20.535+0100] {dagbag.py:538} INFO - Filling up the DagBag from /home/ubuntu/.local/lib/python3.10/site-packages/airflow/example_dags/example_setup_teardown.py
[2024-02-06T12:51:20.545+0100] {processor.py:840} INFO - DAG(s) 'example_setup_teardown' retrieved from /home/ubuntu/.local/lib/python3.10/site-packages/airflow/example_dags/example_setup_teardown.py
[2024-02-06T12:51:20.563+0100] {logging_mixin.py:188} INFO - [2024-02-06T12:51:20.563+0100] {dag.py:3033} INFO - Sync 1 DAGs
[2024-02-06T12:51:20.581+0100] {logging_mixin.py:188} INFO - [2024-02-06T12:51:20.581+0100] {dag.py:3820} INFO - Setting next_dagrun for example_setup_teardown to 2024-02-05T00:00:00+00:00, run_after=2024-02-06T00:00:00+00:00
[2024-02-06T12:51:20.631+0100] {processor.py:183} INFO - Processing /home/ubuntu/.local/lib/python3.10/site-packages/airflow/example_dags/example_setup_teardown.py took 0.103 seconds
[2024-02-06T12:52:35.204+0100] {processor.py:161} INFO - Started process (PID=18672) to work on /home/ubuntu/.local/lib/python3.10/site-packages/airflow/example_dags/example_setup_teardown.py
[2024-02-06T12:52:35.207+0100] {processor.py:830} INFO - Processing file /home/ubuntu/.local/lib/python3.10/site-packages/airflow/example_dags/example_setup_teardown.py for tasks to queue
[2024-02-06T12:52:35.209+0100] {logging_mixin.py:188} INFO - [2024-02-06T12:52:35.208+0100] {dagbag.py:538} INFO - Filling up the DagBag from /home/ubuntu/.local/lib/python3.10/site-packages/airflow/example_dags/example_setup_teardown.py
[2024-02-06T12:52:35.221+0100] {processor.py:840} INFO - DAG(s) 'example_setup_teardown' retrieved from /home/ubuntu/.local/lib/python3.10/site-packages/airflow/example_dags/example_setup_teardown.py
[2024-02-06T12:52:35.251+0100] {logging_mixin.py:188} INFO - [2024-02-06T12:52:35.251+0100] {dag.py:3033} INFO - Sync 1 DAGs
[2024-02-06T12:52:35.277+0100] {logging_mixin.py:188} INFO - [2024-02-06T12:52:35.276+0100] {dag.py:3820} INFO - Setting next_dagrun for example_setup_teardown to 2024-02-05T00:00:00+00:00, run_after=2024-02-06T00:00:00+00:00
[2024-02-06T12:52:35.320+0100] {processor.py:183} INFO - Processing /home/ubuntu/.local/lib/python3.10/site-packages/airflow/example_dags/example_setup_teardown.py took 0.122 seconds
[2024-02-06T12:53:34.824+0100] {processor.py:161} INFO - Started process (PID=18893) to work on /home/ubuntu/.local/lib/python3.10/site-packages/airflow/example_dags/example_setup_teardown.py
[2024-02-06T12:53:34.826+0100] {processor.py:830} INFO - Processing file /home/ubuntu/.local/lib/python3.10/site-packages/airflow/example_dags/example_setup_teardown.py for tasks to queue
[2024-02-06T12:53:34.828+0100] {logging_mixin.py:188} INFO - [2024-02-06T12:53:34.827+0100] {dagbag.py:538} INFO - Filling up the DagBag from /home/ubuntu/.local/lib/python3.10/site-packages/airflow/example_dags/example_setup_teardown.py
[2024-02-06T12:53:34.840+0100] {processor.py:840} INFO - DAG(s) 'example_setup_teardown' retrieved from /home/ubuntu/.local/lib/python3.10/site-packages/airflow/example_dags/example_setup_teardown.py
[2024-02-06T12:53:34.861+0100] {logging_mixin.py:188} INFO - [2024-02-06T12:53:34.861+0100] {dag.py:3033} INFO - Sync 1 DAGs
[2024-02-06T12:53:34.885+0100] {logging_mixin.py:188} INFO - [2024-02-06T12:53:34.884+0100] {dag.py:3820} INFO - Setting next_dagrun for example_setup_teardown to 2024-02-05T00:00:00+00:00, run_after=2024-02-06T00:00:00+00:00
[2024-02-06T12:53:35.048+0100] {processor.py:183} INFO - Processing /home/ubuntu/.local/lib/python3.10/site-packages/airflow/example_dags/example_setup_teardown.py took 0.231 seconds
[2024-02-06T12:54:55.996+0100] {processor.py:161} INFO - Started process (PID=19076) to work on /home/ubuntu/.local/lib/python3.10/site-packages/airflow/example_dags/example_setup_teardown.py
[2024-02-06T12:54:55.998+0100] {processor.py:830} INFO - Processing file /home/ubuntu/.local/lib/python3.10/site-packages/airflow/example_dags/example_setup_teardown.py for tasks to queue
[2024-02-06T12:54:55.999+0100] {logging_mixin.py:188} INFO - [2024-02-06T12:54:55.999+0100] {dagbag.py:538} INFO - Filling up the DagBag from /home/ubuntu/.local/lib/python3.10/site-packages/airflow/example_dags/example_setup_teardown.py
[2024-02-06T12:54:56.007+0100] {processor.py:840} INFO - DAG(s) 'example_setup_teardown' retrieved from /home/ubuntu/.local/lib/python3.10/site-packages/airflow/example_dags/example_setup_teardown.py
[2024-02-06T12:54:56.029+0100] {logging_mixin.py:188} INFO - [2024-02-06T12:54:56.029+0100] {dag.py:3033} INFO - Sync 1 DAGs
[2024-02-06T12:54:56.052+0100] {logging_mixin.py:188} INFO - [2024-02-06T12:54:56.052+0100] {dag.py:3820} INFO - Setting next_dagrun for example_setup_teardown to 2024-02-05T00:00:00+00:00, run_after=2024-02-06T00:00:00+00:00
[2024-02-06T12:54:56.099+0100] {processor.py:183} INFO - Processing /home/ubuntu/.local/lib/python3.10/site-packages/airflow/example_dags/example_setup_teardown.py took 0.108 seconds
[2024-02-06T12:56:11.463+0100] {processor.py:161} INFO - Started process (PID=19252) to work on /home/ubuntu/.local/lib/python3.10/site-packages/airflow/example_dags/example_setup_teardown.py
[2024-02-06T12:56:11.466+0100] {processor.py:830} INFO - Processing file /home/ubuntu/.local/lib/python3.10/site-packages/airflow/example_dags/example_setup_teardown.py for tasks to queue
[2024-02-06T12:56:11.467+0100] {logging_mixin.py:188} INFO - [2024-02-06T12:56:11.467+0100] {dagbag.py:538} INFO - Filling up the DagBag from /home/ubuntu/.local/lib/python3.10/site-packages/airflow/example_dags/example_setup_teardown.py
[2024-02-06T12:56:11.477+0100] {processor.py:840} INFO - DAG(s) 'example_setup_teardown' retrieved from /home/ubuntu/.local/lib/python3.10/site-packages/airflow/example_dags/example_setup_teardown.py
[2024-02-06T12:56:11.498+0100] {logging_mixin.py:188} INFO - [2024-02-06T12:56:11.497+0100] {dag.py:3033} INFO - Sync 1 DAGs
[2024-02-06T12:56:11.524+0100] {logging_mixin.py:188} INFO - [2024-02-06T12:56:11.524+0100] {dag.py:3820} INFO - Setting next_dagrun for example_setup_teardown to 2024-02-05T00:00:00+00:00, run_after=2024-02-06T00:00:00+00:00
[2024-02-06T12:56:11.573+0100] {processor.py:183} INFO - Processing /home/ubuntu/.local/lib/python3.10/site-packages/airflow/example_dags/example_setup_teardown.py took 0.115 seconds
[2024-02-06T12:57:31.213+0100] {processor.py:161} INFO - Started process (PID=19439) to work on /home/ubuntu/.local/lib/python3.10/site-packages/airflow/example_dags/example_setup_teardown.py
[2024-02-06T12:57:31.217+0100] {processor.py:830} INFO - Processing file /home/ubuntu/.local/lib/python3.10/site-packages/airflow/example_dags/example_setup_teardown.py for tasks to queue
[2024-02-06T12:57:31.218+0100] {logging_mixin.py:188} INFO - [2024-02-06T12:57:31.218+0100] {dagbag.py:538} INFO - Filling up the DagBag from /home/ubuntu/.local/lib/python3.10/site-packages/airflow/example_dags/example_setup_teardown.py
[2024-02-06T12:57:31.364+0100] {processor.py:840} INFO - DAG(s) 'example_setup_teardown' retrieved from /home/ubuntu/.local/lib/python3.10/site-packages/airflow/example_dags/example_setup_teardown.py
[2024-02-06T12:57:31.378+0100] {logging_mixin.py:188} INFO - [2024-02-06T12:57:31.378+0100] {dag.py:3033} INFO - Sync 1 DAGs
[2024-02-06T12:57:31.395+0100] {logging_mixin.py:188} INFO - [2024-02-06T12:57:31.395+0100] {dag.py:3820} INFO - Setting next_dagrun for example_setup_teardown to 2024-02-05T00:00:00+00:00, run_after=2024-02-06T00:00:00+00:00
[2024-02-06T12:57:31.427+0100] {processor.py:183} INFO - Processing /home/ubuntu/.local/lib/python3.10/site-packages/airflow/example_dags/example_setup_teardown.py took 0.218 seconds
[2024-02-06T12:58:45.406+0100] {processor.py:161} INFO - Started process (PID=19610) to work on /home/ubuntu/.local/lib/python3.10/site-packages/airflow/example_dags/example_setup_teardown.py
[2024-02-06T12:58:45.409+0100] {processor.py:830} INFO - Processing file /home/ubuntu/.local/lib/python3.10/site-packages/airflow/example_dags/example_setup_teardown.py for tasks to queue
[2024-02-06T12:58:45.411+0100] {logging_mixin.py:188} INFO - [2024-02-06T12:58:45.410+0100] {dagbag.py:538} INFO - Filling up the DagBag from /home/ubuntu/.local/lib/python3.10/site-packages/airflow/example_dags/example_setup_teardown.py
[2024-02-06T12:58:45.420+0100] {processor.py:840} INFO - DAG(s) 'example_setup_teardown' retrieved from /home/ubuntu/.local/lib/python3.10/site-packages/airflow/example_dags/example_setup_teardown.py
[2024-02-06T12:58:45.443+0100] {logging_mixin.py:188} INFO - [2024-02-06T12:58:45.442+0100] {dag.py:3033} INFO - Sync 1 DAGs
[2024-02-06T12:58:45.468+0100] {logging_mixin.py:188} INFO - [2024-02-06T12:58:45.467+0100] {dag.py:3820} INFO - Setting next_dagrun for example_setup_teardown to 2024-02-05T00:00:00+00:00, run_after=2024-02-06T00:00:00+00:00
[2024-02-06T12:58:45.503+0100] {processor.py:183} INFO - Processing /home/ubuntu/.local/lib/python3.10/site-packages/airflow/example_dags/example_setup_teardown.py took 0.102 seconds
[2024-02-06T13:00:00.499+0100] {processor.py:161} INFO - Started process (PID=19894) to work on /home/ubuntu/.local/lib/python3.10/site-packages/airflow/example_dags/example_setup_teardown.py
[2024-02-06T13:00:00.502+0100] {processor.py:830} INFO - Processing file /home/ubuntu/.local/lib/python3.10/site-packages/airflow/example_dags/example_setup_teardown.py for tasks to queue
[2024-02-06T13:00:00.503+0100] {logging_mixin.py:188} INFO - [2024-02-06T13:00:00.502+0100] {dagbag.py:538} INFO - Filling up the DagBag from /home/ubuntu/.local/lib/python3.10/site-packages/airflow/example_dags/example_setup_teardown.py
[2024-02-06T13:00:00.517+0100] {processor.py:840} INFO - DAG(s) 'example_setup_teardown' retrieved from /home/ubuntu/.local/lib/python3.10/site-packages/airflow/example_dags/example_setup_teardown.py
[2024-02-06T13:00:00.543+0100] {logging_mixin.py:188} INFO - [2024-02-06T13:00:00.542+0100] {dag.py:3033} INFO - Sync 1 DAGs
[2024-02-06T13:00:00.570+0100] {logging_mixin.py:188} INFO - [2024-02-06T13:00:00.570+0100] {dag.py:3820} INFO - Setting next_dagrun for example_setup_teardown to 2024-02-05T00:00:00+00:00, run_after=2024-02-06T00:00:00+00:00
[2024-02-06T13:00:00.631+0100] {processor.py:183} INFO - Processing /home/ubuntu/.local/lib/python3.10/site-packages/airflow/example_dags/example_setup_teardown.py took 0.138 seconds
[2024-02-06T13:00:57.916+0100] {processor.py:161} INFO - Started process (PID=20077) to work on /home/ubuntu/.local/lib/python3.10/site-packages/airflow/example_dags/example_setup_teardown.py
[2024-02-06T13:00:57.920+0100] {processor.py:830} INFO - Processing file /home/ubuntu/.local/lib/python3.10/site-packages/airflow/example_dags/example_setup_teardown.py for tasks to queue
[2024-02-06T13:00:57.922+0100] {logging_mixin.py:188} INFO - [2024-02-06T13:00:57.922+0100] {dagbag.py:538} INFO - Filling up the DagBag from /home/ubuntu/.local/lib/python3.10/site-packages/airflow/example_dags/example_setup_teardown.py
[2024-02-06T13:00:57.933+0100] {processor.py:840} INFO - DAG(s) 'example_setup_teardown' retrieved from /home/ubuntu/.local/lib/python3.10/site-packages/airflow/example_dags/example_setup_teardown.py
[2024-02-06T13:00:57.955+0100] {logging_mixin.py:188} INFO - [2024-02-06T13:00:57.955+0100] {dag.py:3033} INFO - Sync 1 DAGs
[2024-02-06T13:00:57.976+0100] {logging_mixin.py:188} INFO - [2024-02-06T13:00:57.976+0100] {dag.py:3820} INFO - Setting next_dagrun for example_setup_teardown to 2024-02-05T00:00:00+00:00, run_after=2024-02-06T00:00:00+00:00
[2024-02-06T13:00:58.009+0100] {processor.py:183} INFO - Processing /home/ubuntu/.local/lib/python3.10/site-packages/airflow/example_dags/example_setup_teardown.py took 0.099 seconds
[2024-02-06T13:02:21.629+0100] {processor.py:161} INFO - Started process (PID=20330) to work on /home/ubuntu/.local/lib/python3.10/site-packages/airflow/example_dags/example_setup_teardown.py
[2024-02-06T13:02:21.639+0100] {processor.py:830} INFO - Processing file /home/ubuntu/.local/lib/python3.10/site-packages/airflow/example_dags/example_setup_teardown.py for tasks to queue
[2024-02-06T13:02:21.645+0100] {logging_mixin.py:188} INFO - [2024-02-06T13:02:21.644+0100] {dagbag.py:538} INFO - Filling up the DagBag from /home/ubuntu/.local/lib/python3.10/site-packages/airflow/example_dags/example_setup_teardown.py
[2024-02-06T13:02:21.670+0100] {processor.py:840} INFO - DAG(s) 'example_setup_teardown' retrieved from /home/ubuntu/.local/lib/python3.10/site-packages/airflow/example_dags/example_setup_teardown.py
[2024-02-06T13:02:21.692+0100] {logging_mixin.py:188} INFO - [2024-02-06T13:02:21.691+0100] {dag.py:3033} INFO - Sync 1 DAGs
[2024-02-06T13:02:21.711+0100] {logging_mixin.py:188} INFO - [2024-02-06T13:02:21.711+0100] {dag.py:3820} INFO - Setting next_dagrun for example_setup_teardown to 2024-02-05T00:00:00+00:00, run_after=2024-02-06T00:00:00+00:00
[2024-02-06T13:02:21.785+0100] {processor.py:183} INFO - Processing /home/ubuntu/.local/lib/python3.10/site-packages/airflow/example_dags/example_setup_teardown.py took 0.163 seconds
[2024-02-06T13:03:20.506+0100] {processor.py:161} INFO - Started process (PID=20509) to work on /home/ubuntu/.local/lib/python3.10/site-packages/airflow/example_dags/example_setup_teardown.py
[2024-02-06T13:03:20.509+0100] {processor.py:830} INFO - Processing file /home/ubuntu/.local/lib/python3.10/site-packages/airflow/example_dags/example_setup_teardown.py for tasks to queue
[2024-02-06T13:03:20.511+0100] {logging_mixin.py:188} INFO - [2024-02-06T13:03:20.510+0100] {dagbag.py:538} INFO - Filling up the DagBag from /home/ubuntu/.local/lib/python3.10/site-packages/airflow/example_dags/example_setup_teardown.py
[2024-02-06T13:03:20.524+0100] {processor.py:840} INFO - DAG(s) 'example_setup_teardown' retrieved from /home/ubuntu/.local/lib/python3.10/site-packages/airflow/example_dags/example_setup_teardown.py
[2024-02-06T13:03:20.547+0100] {logging_mixin.py:188} INFO - [2024-02-06T13:03:20.547+0100] {dag.py:3033} INFO - Sync 1 DAGs
[2024-02-06T13:03:20.569+0100] {logging_mixin.py:188} INFO - [2024-02-06T13:03:20.569+0100] {dag.py:3820} INFO - Setting next_dagrun for example_setup_teardown to 2024-02-05T00:00:00+00:00, run_after=2024-02-06T00:00:00+00:00
[2024-02-06T13:03:20.602+0100] {processor.py:183} INFO - Processing /home/ubuntu/.local/lib/python3.10/site-packages/airflow/example_dags/example_setup_teardown.py took 0.101 seconds
[2024-02-06T13:04:37.690+0100] {processor.py:161} INFO - Started process (PID=20740) to work on /home/ubuntu/.local/lib/python3.10/site-packages/airflow/example_dags/example_setup_teardown.py
[2024-02-06T13:04:37.692+0100] {processor.py:830} INFO - Processing file /home/ubuntu/.local/lib/python3.10/site-packages/airflow/example_dags/example_setup_teardown.py for tasks to queue
[2024-02-06T13:04:37.693+0100] {logging_mixin.py:188} INFO - [2024-02-06T13:04:37.693+0100] {dagbag.py:538} INFO - Filling up the DagBag from /home/ubuntu/.local/lib/python3.10/site-packages/airflow/example_dags/example_setup_teardown.py
[2024-02-06T13:04:37.703+0100] {processor.py:840} INFO - DAG(s) 'example_setup_teardown' retrieved from /home/ubuntu/.local/lib/python3.10/site-packages/airflow/example_dags/example_setup_teardown.py
[2024-02-06T13:04:37.725+0100] {logging_mixin.py:188} INFO - [2024-02-06T13:04:37.724+0100] {dag.py:3033} INFO - Sync 1 DAGs
[2024-02-06T13:04:37.748+0100] {logging_mixin.py:188} INFO - [2024-02-06T13:04:37.747+0100] {dag.py:3820} INFO - Setting next_dagrun for example_setup_teardown to 2024-02-05T00:00:00+00:00, run_after=2024-02-06T00:00:00+00:00
[2024-02-06T13:04:37.783+0100] {processor.py:183} INFO - Processing /home/ubuntu/.local/lib/python3.10/site-packages/airflow/example_dags/example_setup_teardown.py took 0.098 seconds
[2024-02-06T13:05:48.079+0100] {processor.py:161} INFO - Started process (PID=20945) to work on /home/ubuntu/.local/lib/python3.10/site-packages/airflow/example_dags/example_setup_teardown.py
[2024-02-06T13:05:48.081+0100] {processor.py:830} INFO - Processing file /home/ubuntu/.local/lib/python3.10/site-packages/airflow/example_dags/example_setup_teardown.py for tasks to queue
[2024-02-06T13:05:48.082+0100] {logging_mixin.py:188} INFO - [2024-02-06T13:05:48.081+0100] {dagbag.py:538} INFO - Filling up the DagBag from /home/ubuntu/.local/lib/python3.10/site-packages/airflow/example_dags/example_setup_teardown.py
[2024-02-06T13:05:48.090+0100] {processor.py:840} INFO - DAG(s) 'example_setup_teardown' retrieved from /home/ubuntu/.local/lib/python3.10/site-packages/airflow/example_dags/example_setup_teardown.py
[2024-02-06T13:05:48.112+0100] {logging_mixin.py:188} INFO - [2024-02-06T13:05:48.112+0100] {dag.py:3033} INFO - Sync 1 DAGs
[2024-02-06T13:05:48.135+0100] {logging_mixin.py:188} INFO - [2024-02-06T13:05:48.135+0100] {dag.py:3820} INFO - Setting next_dagrun for example_setup_teardown to 2024-02-05T00:00:00+00:00, run_after=2024-02-06T00:00:00+00:00
[2024-02-06T13:05:48.171+0100] {processor.py:183} INFO - Processing /home/ubuntu/.local/lib/python3.10/site-packages/airflow/example_dags/example_setup_teardown.py took 0.098 seconds
[2024-02-06T13:07:00.880+0100] {processor.py:161} INFO - Started process (PID=21153) to work on /home/ubuntu/.local/lib/python3.10/site-packages/airflow/example_dags/example_setup_teardown.py
[2024-02-06T13:07:00.884+0100] {processor.py:830} INFO - Processing file /home/ubuntu/.local/lib/python3.10/site-packages/airflow/example_dags/example_setup_teardown.py for tasks to queue
[2024-02-06T13:07:00.886+0100] {logging_mixin.py:188} INFO - [2024-02-06T13:07:00.885+0100] {dagbag.py:538} INFO - Filling up the DagBag from /home/ubuntu/.local/lib/python3.10/site-packages/airflow/example_dags/example_setup_teardown.py
[2024-02-06T13:07:00.895+0100] {processor.py:840} INFO - DAG(s) 'example_setup_teardown' retrieved from /home/ubuntu/.local/lib/python3.10/site-packages/airflow/example_dags/example_setup_teardown.py
[2024-02-06T13:07:00.917+0100] {logging_mixin.py:188} INFO - [2024-02-06T13:07:00.916+0100] {dag.py:3033} INFO - Sync 1 DAGs
[2024-02-06T13:07:00.939+0100] {logging_mixin.py:188} INFO - [2024-02-06T13:07:00.938+0100] {dag.py:3820} INFO - Setting next_dagrun for example_setup_teardown to 2024-02-05T00:00:00+00:00, run_after=2024-02-06T00:00:00+00:00
[2024-02-06T13:07:00.974+0100] {processor.py:183} INFO - Processing /home/ubuntu/.local/lib/python3.10/site-packages/airflow/example_dags/example_setup_teardown.py took 0.099 seconds
[2024-02-06T13:08:12.466+0100] {processor.py:161} INFO - Started process (PID=21369) to work on /home/ubuntu/.local/lib/python3.10/site-packages/airflow/example_dags/example_setup_teardown.py
[2024-02-06T13:08:12.469+0100] {processor.py:830} INFO - Processing file /home/ubuntu/.local/lib/python3.10/site-packages/airflow/example_dags/example_setup_teardown.py for tasks to queue
[2024-02-06T13:08:12.470+0100] {logging_mixin.py:188} INFO - [2024-02-06T13:08:12.469+0100] {dagbag.py:538} INFO - Filling up the DagBag from /home/ubuntu/.local/lib/python3.10/site-packages/airflow/example_dags/example_setup_teardown.py
[2024-02-06T13:08:12.479+0100] {processor.py:840} INFO - DAG(s) 'example_setup_teardown' retrieved from /home/ubuntu/.local/lib/python3.10/site-packages/airflow/example_dags/example_setup_teardown.py
[2024-02-06T13:08:12.501+0100] {logging_mixin.py:188} INFO - [2024-02-06T13:08:12.501+0100] {dag.py:3033} INFO - Sync 1 DAGs
[2024-02-06T13:08:12.524+0100] {logging_mixin.py:188} INFO - [2024-02-06T13:08:12.523+0100] {dag.py:3820} INFO - Setting next_dagrun for example_setup_teardown to 2024-02-05T00:00:00+00:00, run_after=2024-02-06T00:00:00+00:00
[2024-02-06T13:08:12.558+0100] {processor.py:183} INFO - Processing /home/ubuntu/.local/lib/python3.10/site-packages/airflow/example_dags/example_setup_teardown.py took 0.097 seconds
[2024-02-06T13:09:25.874+0100] {processor.py:161} INFO - Started process (PID=21583) to work on /home/ubuntu/.local/lib/python3.10/site-packages/airflow/example_dags/example_setup_teardown.py
[2024-02-06T13:09:25.877+0100] {processor.py:830} INFO - Processing file /home/ubuntu/.local/lib/python3.10/site-packages/airflow/example_dags/example_setup_teardown.py for tasks to queue
[2024-02-06T13:09:25.879+0100] {logging_mixin.py:188} INFO - [2024-02-06T13:09:25.878+0100] {dagbag.py:538} INFO - Filling up the DagBag from /home/ubuntu/.local/lib/python3.10/site-packages/airflow/example_dags/example_setup_teardown.py
[2024-02-06T13:09:25.888+0100] {processor.py:840} INFO - DAG(s) 'example_setup_teardown' retrieved from /home/ubuntu/.local/lib/python3.10/site-packages/airflow/example_dags/example_setup_teardown.py
[2024-02-06T13:09:25.920+0100] {logging_mixin.py:188} INFO - [2024-02-06T13:09:25.919+0100] {dag.py:3033} INFO - Sync 1 DAGs
[2024-02-06T13:09:25.959+0100] {logging_mixin.py:188} INFO - [2024-02-06T13:09:25.959+0100] {dag.py:3820} INFO - Setting next_dagrun for example_setup_teardown to 2024-02-05T00:00:00+00:00, run_after=2024-02-06T00:00:00+00:00
[2024-02-06T13:09:26.004+0100] {processor.py:183} INFO - Processing /home/ubuntu/.local/lib/python3.10/site-packages/airflow/example_dags/example_setup_teardown.py took 0.135 seconds
[2024-02-06T13:10:35.996+0100] {processor.py:161} INFO - Started process (PID=21798) to work on /home/ubuntu/.local/lib/python3.10/site-packages/airflow/example_dags/example_setup_teardown.py
[2024-02-06T13:10:36.000+0100] {processor.py:830} INFO - Processing file /home/ubuntu/.local/lib/python3.10/site-packages/airflow/example_dags/example_setup_teardown.py for tasks to queue
[2024-02-06T13:10:36.001+0100] {logging_mixin.py:188} INFO - [2024-02-06T13:10:36.000+0100] {dagbag.py:538} INFO - Filling up the DagBag from /home/ubuntu/.local/lib/python3.10/site-packages/airflow/example_dags/example_setup_teardown.py
[2024-02-06T13:10:36.009+0100] {processor.py:840} INFO - DAG(s) 'example_setup_teardown' retrieved from /home/ubuntu/.local/lib/python3.10/site-packages/airflow/example_dags/example_setup_teardown.py
[2024-02-06T13:10:36.030+0100] {logging_mixin.py:188} INFO - [2024-02-06T13:10:36.030+0100] {dag.py:3033} INFO - Sync 1 DAGs
[2024-02-06T13:10:36.056+0100] {logging_mixin.py:188} INFO - [2024-02-06T13:10:36.056+0100] {dag.py:3820} INFO - Setting next_dagrun for example_setup_teardown to 2024-02-05T00:00:00+00:00, run_after=2024-02-06T00:00:00+00:00
[2024-02-06T13:10:36.093+0100] {processor.py:183} INFO - Processing /home/ubuntu/.local/lib/python3.10/site-packages/airflow/example_dags/example_setup_teardown.py took 0.102 seconds
[2024-02-06T13:11:37.334+0100] {processor.py:161} INFO - Started process (PID=21993) to work on /home/ubuntu/.local/lib/python3.10/site-packages/airflow/example_dags/example_setup_teardown.py
[2024-02-06T13:11:37.337+0100] {processor.py:830} INFO - Processing file /home/ubuntu/.local/lib/python3.10/site-packages/airflow/example_dags/example_setup_teardown.py for tasks to queue
[2024-02-06T13:11:37.339+0100] {logging_mixin.py:188} INFO - [2024-02-06T13:11:37.338+0100] {dagbag.py:538} INFO - Filling up the DagBag from /home/ubuntu/.local/lib/python3.10/site-packages/airflow/example_dags/example_setup_teardown.py
[2024-02-06T13:11:37.350+0100] {processor.py:840} INFO - DAG(s) 'example_setup_teardown' retrieved from /home/ubuntu/.local/lib/python3.10/site-packages/airflow/example_dags/example_setup_teardown.py
[2024-02-06T13:11:37.368+0100] {logging_mixin.py:188} INFO - [2024-02-06T13:11:37.368+0100] {dag.py:3033} INFO - Sync 1 DAGs
[2024-02-06T13:11:37.387+0100] {logging_mixin.py:188} INFO - [2024-02-06T13:11:37.386+0100] {dag.py:3820} INFO - Setting next_dagrun for example_setup_teardown to 2024-02-05T00:00:00+00:00, run_after=2024-02-06T00:00:00+00:00
[2024-02-06T13:11:37.425+0100] {processor.py:183} INFO - Processing /home/ubuntu/.local/lib/python3.10/site-packages/airflow/example_dags/example_setup_teardown.py took 0.095 seconds
[2024-02-06T13:12:52.665+0100] {processor.py:161} INFO - Started process (PID=22218) to work on /home/ubuntu/.local/lib/python3.10/site-packages/airflow/example_dags/example_setup_teardown.py
[2024-02-06T13:12:52.669+0100] {processor.py:830} INFO - Processing file /home/ubuntu/.local/lib/python3.10/site-packages/airflow/example_dags/example_setup_teardown.py for tasks to queue
[2024-02-06T13:12:52.670+0100] {logging_mixin.py:188} INFO - [2024-02-06T13:12:52.670+0100] {dagbag.py:538} INFO - Filling up the DagBag from /home/ubuntu/.local/lib/python3.10/site-packages/airflow/example_dags/example_setup_teardown.py
[2024-02-06T13:12:52.679+0100] {processor.py:840} INFO - DAG(s) 'example_setup_teardown' retrieved from /home/ubuntu/.local/lib/python3.10/site-packages/airflow/example_dags/example_setup_teardown.py
[2024-02-06T13:12:52.701+0100] {logging_mixin.py:188} INFO - [2024-02-06T13:12:52.701+0100] {dag.py:3033} INFO - Sync 1 DAGs
[2024-02-06T13:12:52.726+0100] {logging_mixin.py:188} INFO - [2024-02-06T13:12:52.725+0100] {dag.py:3820} INFO - Setting next_dagrun for example_setup_teardown to 2024-02-05T00:00:00+00:00, run_after=2024-02-06T00:00:00+00:00
[2024-02-06T13:12:52.777+0100] {processor.py:183} INFO - Processing /home/ubuntu/.local/lib/python3.10/site-packages/airflow/example_dags/example_setup_teardown.py took 0.118 seconds
[2024-02-06T13:14:06.965+0100] {processor.py:161} INFO - Started process (PID=22465) to work on /home/ubuntu/.local/lib/python3.10/site-packages/airflow/example_dags/example_setup_teardown.py
[2024-02-06T13:14:06.970+0100] {processor.py:830} INFO - Processing file /home/ubuntu/.local/lib/python3.10/site-packages/airflow/example_dags/example_setup_teardown.py for tasks to queue
[2024-02-06T13:14:06.971+0100] {logging_mixin.py:188} INFO - [2024-02-06T13:14:06.971+0100] {dagbag.py:538} INFO - Filling up the DagBag from /home/ubuntu/.local/lib/python3.10/site-packages/airflow/example_dags/example_setup_teardown.py
[2024-02-06T13:14:06.979+0100] {processor.py:840} INFO - DAG(s) 'example_setup_teardown' retrieved from /home/ubuntu/.local/lib/python3.10/site-packages/airflow/example_dags/example_setup_teardown.py
[2024-02-06T13:14:07.002+0100] {logging_mixin.py:188} INFO - [2024-02-06T13:14:07.001+0100] {dag.py:3033} INFO - Sync 1 DAGs
[2024-02-06T13:14:07.023+0100] {logging_mixin.py:188} INFO - [2024-02-06T13:14:07.023+0100] {dag.py:3820} INFO - Setting next_dagrun for example_setup_teardown to 2024-02-05T00:00:00+00:00, run_after=2024-02-06T00:00:00+00:00
[2024-02-06T13:14:07.056+0100] {processor.py:183} INFO - Processing /home/ubuntu/.local/lib/python3.10/site-packages/airflow/example_dags/example_setup_teardown.py took 0.096 seconds
[2024-02-06T13:15:25.183+0100] {processor.py:161} INFO - Started process (PID=22689) to work on /home/ubuntu/.local/lib/python3.10/site-packages/airflow/example_dags/example_setup_teardown.py
[2024-02-06T13:15:25.187+0100] {processor.py:830} INFO - Processing file /home/ubuntu/.local/lib/python3.10/site-packages/airflow/example_dags/example_setup_teardown.py for tasks to queue
[2024-02-06T13:15:25.189+0100] {logging_mixin.py:188} INFO - [2024-02-06T13:15:25.188+0100] {dagbag.py:538} INFO - Filling up the DagBag from /home/ubuntu/.local/lib/python3.10/site-packages/airflow/example_dags/example_setup_teardown.py
[2024-02-06T13:15:25.197+0100] {processor.py:840} INFO - DAG(s) 'example_setup_teardown' retrieved from /home/ubuntu/.local/lib/python3.10/site-packages/airflow/example_dags/example_setup_teardown.py
[2024-02-06T13:15:25.223+0100] {logging_mixin.py:188} INFO - [2024-02-06T13:15:25.222+0100] {dag.py:3033} INFO - Sync 1 DAGs
[2024-02-06T13:15:25.246+0100] {logging_mixin.py:188} INFO - [2024-02-06T13:15:25.246+0100] {dag.py:3820} INFO - Setting next_dagrun for example_setup_teardown to 2024-02-05T00:00:00+00:00, run_after=2024-02-06T00:00:00+00:00
[2024-02-06T13:15:25.289+0100] {processor.py:183} INFO - Processing /home/ubuntu/.local/lib/python3.10/site-packages/airflow/example_dags/example_setup_teardown.py took 0.110 seconds
[2024-02-06T13:16:41.830+0100] {processor.py:161} INFO - Started process (PID=22910) to work on /home/ubuntu/.local/lib/python3.10/site-packages/airflow/example_dags/example_setup_teardown.py
[2024-02-06T13:16:41.832+0100] {processor.py:830} INFO - Processing file /home/ubuntu/.local/lib/python3.10/site-packages/airflow/example_dags/example_setup_teardown.py for tasks to queue
[2024-02-06T13:16:41.833+0100] {logging_mixin.py:188} INFO - [2024-02-06T13:16:41.833+0100] {dagbag.py:538} INFO - Filling up the DagBag from /home/ubuntu/.local/lib/python3.10/site-packages/airflow/example_dags/example_setup_teardown.py
[2024-02-06T13:16:41.844+0100] {processor.py:840} INFO - DAG(s) 'example_setup_teardown' retrieved from /home/ubuntu/.local/lib/python3.10/site-packages/airflow/example_dags/example_setup_teardown.py
[2024-02-06T13:16:41.866+0100] {logging_mixin.py:188} INFO - [2024-02-06T13:16:41.865+0100] {dag.py:3033} INFO - Sync 1 DAGs
[2024-02-06T13:16:41.888+0100] {logging_mixin.py:188} INFO - [2024-02-06T13:16:41.888+0100] {dag.py:3820} INFO - Setting next_dagrun for example_setup_teardown to 2024-02-05T00:00:00+00:00, run_after=2024-02-06T00:00:00+00:00
[2024-02-06T13:16:41.923+0100] {processor.py:183} INFO - Processing /home/ubuntu/.local/lib/python3.10/site-packages/airflow/example_dags/example_setup_teardown.py took 0.097 seconds
[2024-02-06T13:17:53.622+0100] {processor.py:161} INFO - Started process (PID=23132) to work on /home/ubuntu/.local/lib/python3.10/site-packages/airflow/example_dags/example_setup_teardown.py
[2024-02-06T13:17:53.625+0100] {processor.py:830} INFO - Processing file /home/ubuntu/.local/lib/python3.10/site-packages/airflow/example_dags/example_setup_teardown.py for tasks to queue
[2024-02-06T13:17:53.626+0100] {logging_mixin.py:188} INFO - [2024-02-06T13:17:53.625+0100] {dagbag.py:538} INFO - Filling up the DagBag from /home/ubuntu/.local/lib/python3.10/site-packages/airflow/example_dags/example_setup_teardown.py
[2024-02-06T13:17:53.636+0100] {processor.py:840} INFO - DAG(s) 'example_setup_teardown' retrieved from /home/ubuntu/.local/lib/python3.10/site-packages/airflow/example_dags/example_setup_teardown.py
[2024-02-06T13:17:53.659+0100] {logging_mixin.py:188} INFO - [2024-02-06T13:17:53.659+0100] {dag.py:3033} INFO - Sync 1 DAGs
[2024-02-06T13:17:53.683+0100] {logging_mixin.py:188} INFO - [2024-02-06T13:17:53.682+0100] {dag.py:3820} INFO - Setting next_dagrun for example_setup_teardown to 2024-02-05T00:00:00+00:00, run_after=2024-02-06T00:00:00+00:00
[2024-02-06T13:17:53.717+0100] {processor.py:183} INFO - Processing /home/ubuntu/.local/lib/python3.10/site-packages/airflow/example_dags/example_setup_teardown.py took 0.101 seconds
[2024-02-06T13:19:10.694+0100] {processor.py:161} INFO - Started process (PID=23368) to work on /home/ubuntu/.local/lib/python3.10/site-packages/airflow/example_dags/example_setup_teardown.py
[2024-02-06T13:19:10.696+0100] {processor.py:830} INFO - Processing file /home/ubuntu/.local/lib/python3.10/site-packages/airflow/example_dags/example_setup_teardown.py for tasks to queue
[2024-02-06T13:19:10.698+0100] {logging_mixin.py:188} INFO - [2024-02-06T13:19:10.697+0100] {dagbag.py:538} INFO - Filling up the DagBag from /home/ubuntu/.local/lib/python3.10/site-packages/airflow/example_dags/example_setup_teardown.py
[2024-02-06T13:19:10.705+0100] {processor.py:840} INFO - DAG(s) 'example_setup_teardown' retrieved from /home/ubuntu/.local/lib/python3.10/site-packages/airflow/example_dags/example_setup_teardown.py
[2024-02-06T13:19:10.723+0100] {logging_mixin.py:188} INFO - [2024-02-06T13:19:10.723+0100] {dag.py:3033} INFO - Sync 1 DAGs
[2024-02-06T13:19:10.742+0100] {logging_mixin.py:188} INFO - [2024-02-06T13:19:10.741+0100] {dag.py:3820} INFO - Setting next_dagrun for example_setup_teardown to 2024-02-05T00:00:00+00:00, run_after=2024-02-06T00:00:00+00:00
[2024-02-06T13:19:10.784+0100] {processor.py:183} INFO - Processing /home/ubuntu/.local/lib/python3.10/site-packages/airflow/example_dags/example_setup_teardown.py took 0.094 seconds
[2024-02-06T13:20:18.143+0100] {processor.py:161} INFO - Started process (PID=23553) to work on /home/ubuntu/.local/lib/python3.10/site-packages/airflow/example_dags/example_setup_teardown.py
[2024-02-06T13:20:18.146+0100] {processor.py:830} INFO - Processing file /home/ubuntu/.local/lib/python3.10/site-packages/airflow/example_dags/example_setup_teardown.py for tasks to queue
[2024-02-06T13:20:18.148+0100] {logging_mixin.py:188} INFO - [2024-02-06T13:20:18.147+0100] {dagbag.py:538} INFO - Filling up the DagBag from /home/ubuntu/.local/lib/python3.10/site-packages/airflow/example_dags/example_setup_teardown.py
[2024-02-06T13:20:18.164+0100] {processor.py:840} INFO - DAG(s) 'example_setup_teardown' retrieved from /home/ubuntu/.local/lib/python3.10/site-packages/airflow/example_dags/example_setup_teardown.py
[2024-02-06T13:20:18.187+0100] {logging_mixin.py:188} INFO - [2024-02-06T13:20:18.186+0100] {dag.py:3033} INFO - Sync 1 DAGs
[2024-02-06T13:20:18.231+0100] {logging_mixin.py:188} INFO - [2024-02-06T13:20:18.230+0100] {dag.py:3820} INFO - Setting next_dagrun for example_setup_teardown to 2024-02-05T00:00:00+00:00, run_after=2024-02-06T00:00:00+00:00
[2024-02-06T13:20:18.304+0100] {processor.py:183} INFO - Processing /home/ubuntu/.local/lib/python3.10/site-packages/airflow/example_dags/example_setup_teardown.py took 0.167 seconds
[2024-02-06T13:21:30.257+0100] {processor.py:161} INFO - Started process (PID=23786) to work on /home/ubuntu/.local/lib/python3.10/site-packages/airflow/example_dags/example_setup_teardown.py
[2024-02-06T13:21:30.260+0100] {processor.py:830} INFO - Processing file /home/ubuntu/.local/lib/python3.10/site-packages/airflow/example_dags/example_setup_teardown.py for tasks to queue
[2024-02-06T13:21:30.261+0100] {logging_mixin.py:188} INFO - [2024-02-06T13:21:30.261+0100] {dagbag.py:538} INFO - Filling up the DagBag from /home/ubuntu/.local/lib/python3.10/site-packages/airflow/example_dags/example_setup_teardown.py
[2024-02-06T13:21:30.272+0100] {processor.py:840} INFO - DAG(s) 'example_setup_teardown' retrieved from /home/ubuntu/.local/lib/python3.10/site-packages/airflow/example_dags/example_setup_teardown.py
[2024-02-06T13:21:30.297+0100] {logging_mixin.py:188} INFO - [2024-02-06T13:21:30.297+0100] {dag.py:3033} INFO - Sync 1 DAGs
[2024-02-06T13:21:30.322+0100] {logging_mixin.py:188} INFO - [2024-02-06T13:21:30.322+0100] {dag.py:3820} INFO - Setting next_dagrun for example_setup_teardown to 2024-02-05T00:00:00+00:00, run_after=2024-02-06T00:00:00+00:00
[2024-02-06T13:21:30.360+0100] {processor.py:183} INFO - Processing /home/ubuntu/.local/lib/python3.10/site-packages/airflow/example_dags/example_setup_teardown.py took 0.107 seconds
[2024-02-06T13:22:41.869+0100] {processor.py:161} INFO - Started process (PID=23996) to work on /home/ubuntu/.local/lib/python3.10/site-packages/airflow/example_dags/example_setup_teardown.py
[2024-02-06T13:22:41.871+0100] {processor.py:830} INFO - Processing file /home/ubuntu/.local/lib/python3.10/site-packages/airflow/example_dags/example_setup_teardown.py for tasks to queue
[2024-02-06T13:22:41.872+0100] {logging_mixin.py:188} INFO - [2024-02-06T13:22:41.872+0100] {dagbag.py:538} INFO - Filling up the DagBag from /home/ubuntu/.local/lib/python3.10/site-packages/airflow/example_dags/example_setup_teardown.py
[2024-02-06T13:22:41.892+0100] {processor.py:840} INFO - DAG(s) 'example_setup_teardown' retrieved from /home/ubuntu/.local/lib/python3.10/site-packages/airflow/example_dags/example_setup_teardown.py
[2024-02-06T13:22:41.924+0100] {logging_mixin.py:188} INFO - [2024-02-06T13:22:41.924+0100] {dag.py:3033} INFO - Sync 1 DAGs
[2024-02-06T13:22:41.947+0100] {logging_mixin.py:188} INFO - [2024-02-06T13:22:41.947+0100] {dag.py:3820} INFO - Setting next_dagrun for example_setup_teardown to 2024-02-05T00:00:00+00:00, run_after=2024-02-06T00:00:00+00:00
[2024-02-06T13:22:41.994+0100] {processor.py:183} INFO - Processing /home/ubuntu/.local/lib/python3.10/site-packages/airflow/example_dags/example_setup_teardown.py took 0.130 seconds
[2024-02-06T13:24:00.623+0100] {processor.py:161} INFO - Started process (PID=24232) to work on /home/ubuntu/.local/lib/python3.10/site-packages/airflow/example_dags/example_setup_teardown.py
[2024-02-06T13:24:00.625+0100] {processor.py:830} INFO - Processing file /home/ubuntu/.local/lib/python3.10/site-packages/airflow/example_dags/example_setup_teardown.py for tasks to queue
[2024-02-06T13:24:00.627+0100] {logging_mixin.py:188} INFO - [2024-02-06T13:24:00.626+0100] {dagbag.py:538} INFO - Filling up the DagBag from /home/ubuntu/.local/lib/python3.10/site-packages/airflow/example_dags/example_setup_teardown.py
[2024-02-06T13:24:00.638+0100] {processor.py:840} INFO - DAG(s) 'example_setup_teardown' retrieved from /home/ubuntu/.local/lib/python3.10/site-packages/airflow/example_dags/example_setup_teardown.py
[2024-02-06T13:24:00.664+0100] {logging_mixin.py:188} INFO - [2024-02-06T13:24:00.664+0100] {dag.py:3033} INFO - Sync 1 DAGs
[2024-02-06T13:24:00.692+0100] {logging_mixin.py:188} INFO - [2024-02-06T13:24:00.692+0100] {dag.py:3820} INFO - Setting next_dagrun for example_setup_teardown to 2024-02-05T00:00:00+00:00, run_after=2024-02-06T00:00:00+00:00
[2024-02-06T13:24:00.754+0100] {processor.py:183} INFO - Processing /home/ubuntu/.local/lib/python3.10/site-packages/airflow/example_dags/example_setup_teardown.py took 0.137 seconds
[2024-02-06T13:25:14.477+0100] {processor.py:161} INFO - Started process (PID=24447) to work on /home/ubuntu/.local/lib/python3.10/site-packages/airflow/example_dags/example_setup_teardown.py
[2024-02-06T13:25:14.480+0100] {processor.py:830} INFO - Processing file /home/ubuntu/.local/lib/python3.10/site-packages/airflow/example_dags/example_setup_teardown.py for tasks to queue
[2024-02-06T13:25:14.481+0100] {logging_mixin.py:188} INFO - [2024-02-06T13:25:14.480+0100] {dagbag.py:538} INFO - Filling up the DagBag from /home/ubuntu/.local/lib/python3.10/site-packages/airflow/example_dags/example_setup_teardown.py
[2024-02-06T13:25:14.493+0100] {processor.py:840} INFO - DAG(s) 'example_setup_teardown' retrieved from /home/ubuntu/.local/lib/python3.10/site-packages/airflow/example_dags/example_setup_teardown.py
[2024-02-06T13:25:14.559+0100] {logging_mixin.py:188} INFO - [2024-02-06T13:25:14.559+0100] {dag.py:3033} INFO - Sync 1 DAGs
[2024-02-06T13:25:14.588+0100] {logging_mixin.py:188} INFO - [2024-02-06T13:25:14.588+0100] {dag.py:3820} INFO - Setting next_dagrun for example_setup_teardown to 2024-02-05T00:00:00+00:00, run_after=2024-02-06T00:00:00+00:00
[2024-02-06T13:25:14.629+0100] {processor.py:183} INFO - Processing /home/ubuntu/.local/lib/python3.10/site-packages/airflow/example_dags/example_setup_teardown.py took 0.156 seconds
[2024-02-06T13:26:29.042+0100] {processor.py:161} INFO - Started process (PID=24666) to work on /home/ubuntu/.local/lib/python3.10/site-packages/airflow/example_dags/example_setup_teardown.py
[2024-02-06T13:26:29.047+0100] {processor.py:830} INFO - Processing file /home/ubuntu/.local/lib/python3.10/site-packages/airflow/example_dags/example_setup_teardown.py for tasks to queue
[2024-02-06T13:26:29.049+0100] {logging_mixin.py:188} INFO - [2024-02-06T13:26:29.048+0100] {dagbag.py:538} INFO - Filling up the DagBag from /home/ubuntu/.local/lib/python3.10/site-packages/airflow/example_dags/example_setup_teardown.py
[2024-02-06T13:26:29.060+0100] {processor.py:840} INFO - DAG(s) 'example_setup_teardown' retrieved from /home/ubuntu/.local/lib/python3.10/site-packages/airflow/example_dags/example_setup_teardown.py
[2024-02-06T13:26:29.082+0100] {logging_mixin.py:188} INFO - [2024-02-06T13:26:29.081+0100] {dag.py:3033} INFO - Sync 1 DAGs
[2024-02-06T13:26:29.104+0100] {logging_mixin.py:188} INFO - [2024-02-06T13:26:29.104+0100] {dag.py:3820} INFO - Setting next_dagrun for example_setup_teardown to 2024-02-05T00:00:00+00:00, run_after=2024-02-06T00:00:00+00:00
[2024-02-06T13:26:29.148+0100] {processor.py:183} INFO - Processing /home/ubuntu/.local/lib/python3.10/site-packages/airflow/example_dags/example_setup_teardown.py took 0.111 seconds
[2024-02-06T13:27:45.465+0100] {processor.py:161} INFO - Started process (PID=24896) to work on /home/ubuntu/.local/lib/python3.10/site-packages/airflow/example_dags/example_setup_teardown.py
[2024-02-06T13:27:45.469+0100] {processor.py:830} INFO - Processing file /home/ubuntu/.local/lib/python3.10/site-packages/airflow/example_dags/example_setup_teardown.py for tasks to queue
[2024-02-06T13:27:45.471+0100] {logging_mixin.py:188} INFO - [2024-02-06T13:27:45.470+0100] {dagbag.py:538} INFO - Filling up the DagBag from /home/ubuntu/.local/lib/python3.10/site-packages/airflow/example_dags/example_setup_teardown.py
[2024-02-06T13:27:45.479+0100] {processor.py:840} INFO - DAG(s) 'example_setup_teardown' retrieved from /home/ubuntu/.local/lib/python3.10/site-packages/airflow/example_dags/example_setup_teardown.py
[2024-02-06T13:27:45.504+0100] {logging_mixin.py:188} INFO - [2024-02-06T13:27:45.504+0100] {dag.py:3033} INFO - Sync 1 DAGs
[2024-02-06T13:27:45.526+0100] {logging_mixin.py:188} INFO - [2024-02-06T13:27:45.525+0100] {dag.py:3820} INFO - Setting next_dagrun for example_setup_teardown to 2024-02-05T00:00:00+00:00, run_after=2024-02-06T00:00:00+00:00
[2024-02-06T13:27:45.576+0100] {processor.py:183} INFO - Processing /home/ubuntu/.local/lib/python3.10/site-packages/airflow/example_dags/example_setup_teardown.py took 0.116 seconds
[2024-02-06T13:28:52.149+0100] {processor.py:161} INFO - Started process (PID=25097) to work on /home/ubuntu/.local/lib/python3.10/site-packages/airflow/example_dags/example_setup_teardown.py
[2024-02-06T13:28:52.151+0100] {processor.py:830} INFO - Processing file /home/ubuntu/.local/lib/python3.10/site-packages/airflow/example_dags/example_setup_teardown.py for tasks to queue
[2024-02-06T13:28:52.152+0100] {logging_mixin.py:188} INFO - [2024-02-06T13:28:52.152+0100] {dagbag.py:538} INFO - Filling up the DagBag from /home/ubuntu/.local/lib/python3.10/site-packages/airflow/example_dags/example_setup_teardown.py
[2024-02-06T13:28:52.164+0100] {processor.py:840} INFO - DAG(s) 'example_setup_teardown' retrieved from /home/ubuntu/.local/lib/python3.10/site-packages/airflow/example_dags/example_setup_teardown.py
[2024-02-06T13:28:52.187+0100] {logging_mixin.py:188} INFO - [2024-02-06T13:28:52.187+0100] {dag.py:3033} INFO - Sync 1 DAGs
[2024-02-06T13:28:52.208+0100] {logging_mixin.py:188} INFO - [2024-02-06T13:28:52.208+0100] {dag.py:3820} INFO - Setting next_dagrun for example_setup_teardown to 2024-02-05T00:00:00+00:00, run_after=2024-02-06T00:00:00+00:00
[2024-02-06T13:28:52.244+0100] {processor.py:183} INFO - Processing /home/ubuntu/.local/lib/python3.10/site-packages/airflow/example_dags/example_setup_teardown.py took 0.099 seconds
[2024-02-06T13:30:03.520+0100] {processor.py:161} INFO - Started process (PID=25300) to work on /home/ubuntu/.local/lib/python3.10/site-packages/airflow/example_dags/example_setup_teardown.py
[2024-02-06T13:30:03.522+0100] {processor.py:830} INFO - Processing file /home/ubuntu/.local/lib/python3.10/site-packages/airflow/example_dags/example_setup_teardown.py for tasks to queue
[2024-02-06T13:30:03.523+0100] {logging_mixin.py:188} INFO - [2024-02-06T13:30:03.523+0100] {dagbag.py:538} INFO - Filling up the DagBag from /home/ubuntu/.local/lib/python3.10/site-packages/airflow/example_dags/example_setup_teardown.py
[2024-02-06T13:30:03.533+0100] {processor.py:840} INFO - DAG(s) 'example_setup_teardown' retrieved from /home/ubuntu/.local/lib/python3.10/site-packages/airflow/example_dags/example_setup_teardown.py
[2024-02-06T13:30:03.559+0100] {logging_mixin.py:188} INFO - [2024-02-06T13:30:03.559+0100] {dag.py:3033} INFO - Sync 1 DAGs
[2024-02-06T13:30:03.588+0100] {logging_mixin.py:188} INFO - [2024-02-06T13:30:03.588+0100] {dag.py:3820} INFO - Setting next_dagrun for example_setup_teardown to 2024-02-05T00:00:00+00:00, run_after=2024-02-06T00:00:00+00:00
[2024-02-06T13:30:03.624+0100] {processor.py:183} INFO - Processing /home/ubuntu/.local/lib/python3.10/site-packages/airflow/example_dags/example_setup_teardown.py took 0.110 seconds
[2024-02-06T13:31:20.348+0100] {processor.py:161} INFO - Started process (PID=25522) to work on /home/ubuntu/.local/lib/python3.10/site-packages/airflow/example_dags/example_setup_teardown.py
[2024-02-06T13:31:20.351+0100] {processor.py:830} INFO - Processing file /home/ubuntu/.local/lib/python3.10/site-packages/airflow/example_dags/example_setup_teardown.py for tasks to queue
[2024-02-06T13:31:20.352+0100] {logging_mixin.py:188} INFO - [2024-02-06T13:31:20.351+0100] {dagbag.py:538} INFO - Filling up the DagBag from /home/ubuntu/.local/lib/python3.10/site-packages/airflow/example_dags/example_setup_teardown.py
[2024-02-06T13:31:20.360+0100] {processor.py:840} INFO - DAG(s) 'example_setup_teardown' retrieved from /home/ubuntu/.local/lib/python3.10/site-packages/airflow/example_dags/example_setup_teardown.py
[2024-02-06T13:31:20.384+0100] {logging_mixin.py:188} INFO - [2024-02-06T13:31:20.384+0100] {dag.py:3033} INFO - Sync 1 DAGs
[2024-02-06T13:31:20.408+0100] {logging_mixin.py:188} INFO - [2024-02-06T13:31:20.408+0100] {dag.py:3820} INFO - Setting next_dagrun for example_setup_teardown to 2024-02-05T00:00:00+00:00, run_after=2024-02-06T00:00:00+00:00
[2024-02-06T13:31:20.444+0100] {processor.py:183} INFO - Processing /home/ubuntu/.local/lib/python3.10/site-packages/airflow/example_dags/example_setup_teardown.py took 0.101 seconds
[2024-02-06T13:32:16.176+0100] {processor.py:161} INFO - Started process (PID=25672) to work on /home/ubuntu/.local/lib/python3.10/site-packages/airflow/example_dags/example_setup_teardown.py
[2024-02-06T13:32:16.182+0100] {processor.py:830} INFO - Processing file /home/ubuntu/.local/lib/python3.10/site-packages/airflow/example_dags/example_setup_teardown.py for tasks to queue
[2024-02-06T13:32:16.184+0100] {logging_mixin.py:188} INFO - [2024-02-06T13:32:16.183+0100] {dagbag.py:538} INFO - Filling up the DagBag from /home/ubuntu/.local/lib/python3.10/site-packages/airflow/example_dags/example_setup_teardown.py
[2024-02-06T13:32:16.195+0100] {processor.py:840} INFO - DAG(s) 'example_setup_teardown' retrieved from /home/ubuntu/.local/lib/python3.10/site-packages/airflow/example_dags/example_setup_teardown.py
[2024-02-06T13:32:16.220+0100] {logging_mixin.py:188} INFO - [2024-02-06T13:32:16.220+0100] {dag.py:3033} INFO - Sync 1 DAGs
[2024-02-06T13:32:16.245+0100] {logging_mixin.py:188} INFO - [2024-02-06T13:32:16.245+0100] {dag.py:3820} INFO - Setting next_dagrun for example_setup_teardown to 2024-02-05T00:00:00+00:00, run_after=2024-02-06T00:00:00+00:00
[2024-02-06T13:32:16.285+0100] {processor.py:183} INFO - Processing /home/ubuntu/.local/lib/python3.10/site-packages/airflow/example_dags/example_setup_teardown.py took 0.117 seconds
[2024-02-06T13:33:23.808+0100] {processor.py:161} INFO - Started process (PID=26560) to work on /home/ubuntu/.local/lib/python3.10/site-packages/airflow/example_dags/example_setup_teardown.py
[2024-02-06T13:33:23.811+0100] {processor.py:830} INFO - Processing file /home/ubuntu/.local/lib/python3.10/site-packages/airflow/example_dags/example_setup_teardown.py for tasks to queue
[2024-02-06T13:33:23.812+0100] {logging_mixin.py:188} INFO - [2024-02-06T13:33:23.812+0100] {dagbag.py:538} INFO - Filling up the DagBag from /home/ubuntu/.local/lib/python3.10/site-packages/airflow/example_dags/example_setup_teardown.py
[2024-02-06T13:33:23.820+0100] {processor.py:840} INFO - DAG(s) 'example_setup_teardown' retrieved from /home/ubuntu/.local/lib/python3.10/site-packages/airflow/example_dags/example_setup_teardown.py
[2024-02-06T13:33:23.839+0100] {logging_mixin.py:188} INFO - [2024-02-06T13:33:23.839+0100] {dag.py:3033} INFO - Sync 1 DAGs
[2024-02-06T13:33:23.858+0100] {logging_mixin.py:188} INFO - [2024-02-06T13:33:23.858+0100] {dag.py:3820} INFO - Setting next_dagrun for example_setup_teardown to 2024-02-05T00:00:00+00:00, run_after=2024-02-06T00:00:00+00:00
[2024-02-06T13:33:23.900+0100] {processor.py:183} INFO - Processing /home/ubuntu/.local/lib/python3.10/site-packages/airflow/example_dags/example_setup_teardown.py took 0.098 seconds
[2024-02-06T13:34:35.300+0100] {processor.py:161} INFO - Started process (PID=26754) to work on /home/ubuntu/.local/lib/python3.10/site-packages/airflow/example_dags/example_setup_teardown.py
[2024-02-06T13:34:35.304+0100] {processor.py:830} INFO - Processing file /home/ubuntu/.local/lib/python3.10/site-packages/airflow/example_dags/example_setup_teardown.py for tasks to queue
[2024-02-06T13:34:35.305+0100] {logging_mixin.py:188} INFO - [2024-02-06T13:34:35.304+0100] {dagbag.py:538} INFO - Filling up the DagBag from /home/ubuntu/.local/lib/python3.10/site-packages/airflow/example_dags/example_setup_teardown.py
[2024-02-06T13:34:35.315+0100] {processor.py:840} INFO - DAG(s) 'example_setup_teardown' retrieved from /home/ubuntu/.local/lib/python3.10/site-packages/airflow/example_dags/example_setup_teardown.py
[2024-02-06T13:34:35.337+0100] {logging_mixin.py:188} INFO - [2024-02-06T13:34:35.337+0100] {dag.py:3033} INFO - Sync 1 DAGs
[2024-02-06T13:34:35.361+0100] {logging_mixin.py:188} INFO - [2024-02-06T13:34:35.361+0100] {dag.py:3820} INFO - Setting next_dagrun for example_setup_teardown to 2024-02-05T00:00:00+00:00, run_after=2024-02-06T00:00:00+00:00
[2024-02-06T13:34:35.406+0100] {processor.py:183} INFO - Processing /home/ubuntu/.local/lib/python3.10/site-packages/airflow/example_dags/example_setup_teardown.py took 0.110 seconds
[2024-02-06T13:35:46.573+0100] {processor.py:161} INFO - Started process (PID=26966) to work on /home/ubuntu/.local/lib/python3.10/site-packages/airflow/example_dags/example_setup_teardown.py
[2024-02-06T13:35:46.575+0100] {processor.py:830} INFO - Processing file /home/ubuntu/.local/lib/python3.10/site-packages/airflow/example_dags/example_setup_teardown.py for tasks to queue
[2024-02-06T13:35:46.577+0100] {logging_mixin.py:188} INFO - [2024-02-06T13:35:46.575+0100] {dagbag.py:538} INFO - Filling up the DagBag from /home/ubuntu/.local/lib/python3.10/site-packages/airflow/example_dags/example_setup_teardown.py
[2024-02-06T13:35:46.588+0100] {processor.py:840} INFO - DAG(s) 'example_setup_teardown' retrieved from /home/ubuntu/.local/lib/python3.10/site-packages/airflow/example_dags/example_setup_teardown.py
[2024-02-06T13:35:46.615+0100] {logging_mixin.py:188} INFO - [2024-02-06T13:35:46.615+0100] {dag.py:3033} INFO - Sync 1 DAGs
[2024-02-06T13:35:46.637+0100] {logging_mixin.py:188} INFO - [2024-02-06T13:35:46.637+0100] {dag.py:3820} INFO - Setting next_dagrun for example_setup_teardown to 2024-02-05T00:00:00+00:00, run_after=2024-02-06T00:00:00+00:00
[2024-02-06T13:35:46.675+0100] {processor.py:183} INFO - Processing /home/ubuntu/.local/lib/python3.10/site-packages/airflow/example_dags/example_setup_teardown.py took 0.107 seconds
[2024-02-06T13:37:05.350+0100] {processor.py:161} INFO - Started process (PID=27231) to work on /home/ubuntu/.local/lib/python3.10/site-packages/airflow/example_dags/example_setup_teardown.py
[2024-02-06T13:37:05.353+0100] {processor.py:830} INFO - Processing file /home/ubuntu/.local/lib/python3.10/site-packages/airflow/example_dags/example_setup_teardown.py for tasks to queue
[2024-02-06T13:37:05.355+0100] {logging_mixin.py:188} INFO - [2024-02-06T13:37:05.354+0100] {dagbag.py:538} INFO - Filling up the DagBag from /home/ubuntu/.local/lib/python3.10/site-packages/airflow/example_dags/example_setup_teardown.py
[2024-02-06T13:37:05.366+0100] {processor.py:840} INFO - DAG(s) 'example_setup_teardown' retrieved from /home/ubuntu/.local/lib/python3.10/site-packages/airflow/example_dags/example_setup_teardown.py
[2024-02-06T13:37:05.385+0100] {logging_mixin.py:188} INFO - [2024-02-06T13:37:05.385+0100] {dag.py:3033} INFO - Sync 1 DAGs
[2024-02-06T13:37:05.407+0100] {logging_mixin.py:188} INFO - [2024-02-06T13:37:05.407+0100] {dag.py:3820} INFO - Setting next_dagrun for example_setup_teardown to 2024-02-05T00:00:00+00:00, run_after=2024-02-06T00:00:00+00:00
[2024-02-06T13:37:05.452+0100] {processor.py:183} INFO - Processing /home/ubuntu/.local/lib/python3.10/site-packages/airflow/example_dags/example_setup_teardown.py took 0.107 seconds
[2024-02-06T13:38:22.074+0100] {processor.py:161} INFO - Started process (PID=27397) to work on /home/ubuntu/.local/lib/python3.10/site-packages/airflow/example_dags/example_setup_teardown.py
[2024-02-06T13:38:22.079+0100] {processor.py:830} INFO - Processing file /home/ubuntu/.local/lib/python3.10/site-packages/airflow/example_dags/example_setup_teardown.py for tasks to queue
[2024-02-06T13:38:22.080+0100] {logging_mixin.py:188} INFO - [2024-02-06T13:38:22.079+0100] {dagbag.py:538} INFO - Filling up the DagBag from /home/ubuntu/.local/lib/python3.10/site-packages/airflow/example_dags/example_setup_teardown.py
[2024-02-06T13:38:22.090+0100] {processor.py:840} INFO - DAG(s) 'example_setup_teardown' retrieved from /home/ubuntu/.local/lib/python3.10/site-packages/airflow/example_dags/example_setup_teardown.py
[2024-02-06T13:38:22.113+0100] {logging_mixin.py:188} INFO - [2024-02-06T13:38:22.112+0100] {dag.py:3033} INFO - Sync 1 DAGs
[2024-02-06T13:38:22.141+0100] {logging_mixin.py:188} INFO - [2024-02-06T13:38:22.140+0100] {dag.py:3820} INFO - Setting next_dagrun for example_setup_teardown to 2024-02-05T00:00:00+00:00, run_after=2024-02-06T00:00:00+00:00
[2024-02-06T13:38:22.187+0100] {processor.py:183} INFO - Processing /home/ubuntu/.local/lib/python3.10/site-packages/airflow/example_dags/example_setup_teardown.py took 0.119 seconds
[2024-02-06T13:39:40.603+0100] {processor.py:161} INFO - Started process (PID=27644) to work on /home/ubuntu/.local/lib/python3.10/site-packages/airflow/example_dags/example_setup_teardown.py
[2024-02-06T13:39:40.611+0100] {processor.py:830} INFO - Processing file /home/ubuntu/.local/lib/python3.10/site-packages/airflow/example_dags/example_setup_teardown.py for tasks to queue
[2024-02-06T13:39:40.613+0100] {logging_mixin.py:188} INFO - [2024-02-06T13:39:40.612+0100] {dagbag.py:538} INFO - Filling up the DagBag from /home/ubuntu/.local/lib/python3.10/site-packages/airflow/example_dags/example_setup_teardown.py
[2024-02-06T13:39:40.637+0100] {processor.py:840} INFO - DAG(s) 'example_setup_teardown' retrieved from /home/ubuntu/.local/lib/python3.10/site-packages/airflow/example_dags/example_setup_teardown.py
[2024-02-06T13:39:40.699+0100] {logging_mixin.py:188} INFO - [2024-02-06T13:39:40.699+0100] {dag.py:3033} INFO - Sync 1 DAGs
[2024-02-06T13:39:40.736+0100] {logging_mixin.py:188} INFO - [2024-02-06T13:39:40.736+0100] {dag.py:3820} INFO - Setting next_dagrun for example_setup_teardown to 2024-02-05T00:00:00+00:00, run_after=2024-02-06T00:00:00+00:00
[2024-02-06T13:39:40.806+0100] {processor.py:183} INFO - Processing /home/ubuntu/.local/lib/python3.10/site-packages/airflow/example_dags/example_setup_teardown.py took 0.219 seconds
[2024-02-06T13:40:56.332+0100] {processor.py:161} INFO - Started process (PID=27878) to work on /home/ubuntu/.local/lib/python3.10/site-packages/airflow/example_dags/example_setup_teardown.py
[2024-02-06T13:40:56.337+0100] {processor.py:830} INFO - Processing file /home/ubuntu/.local/lib/python3.10/site-packages/airflow/example_dags/example_setup_teardown.py for tasks to queue
[2024-02-06T13:40:56.339+0100] {logging_mixin.py:188} INFO - [2024-02-06T13:40:56.338+0100] {dagbag.py:538} INFO - Filling up the DagBag from /home/ubuntu/.local/lib/python3.10/site-packages/airflow/example_dags/example_setup_teardown.py
[2024-02-06T13:40:56.363+0100] {processor.py:840} INFO - DAG(s) 'example_setup_teardown' retrieved from /home/ubuntu/.local/lib/python3.10/site-packages/airflow/example_dags/example_setup_teardown.py
[2024-02-06T13:40:56.391+0100] {logging_mixin.py:188} INFO - [2024-02-06T13:40:56.391+0100] {dag.py:3033} INFO - Sync 1 DAGs
[2024-02-06T13:40:56.420+0100] {logging_mixin.py:188} INFO - [2024-02-06T13:40:56.420+0100] {dag.py:3820} INFO - Setting next_dagrun for example_setup_teardown to 2024-02-05T00:00:00+00:00, run_after=2024-02-06T00:00:00+00:00
[2024-02-06T13:40:56.484+0100] {processor.py:183} INFO - Processing /home/ubuntu/.local/lib/python3.10/site-packages/airflow/example_dags/example_setup_teardown.py took 0.157 seconds
[2024-02-06T13:42:16.402+0100] {processor.py:161} INFO - Started process (PID=28076) to work on /home/ubuntu/.local/lib/python3.10/site-packages/airflow/example_dags/example_setup_teardown.py
[2024-02-06T13:42:16.407+0100] {processor.py:830} INFO - Processing file /home/ubuntu/.local/lib/python3.10/site-packages/airflow/example_dags/example_setup_teardown.py for tasks to queue
[2024-02-06T13:42:16.408+0100] {logging_mixin.py:188} INFO - [2024-02-06T13:42:16.407+0100] {dagbag.py:538} INFO - Filling up the DagBag from /home/ubuntu/.local/lib/python3.10/site-packages/airflow/example_dags/example_setup_teardown.py
[2024-02-06T13:42:16.417+0100] {processor.py:840} INFO - DAG(s) 'example_setup_teardown' retrieved from /home/ubuntu/.local/lib/python3.10/site-packages/airflow/example_dags/example_setup_teardown.py
[2024-02-06T13:42:16.441+0100] {logging_mixin.py:188} INFO - [2024-02-06T13:42:16.441+0100] {dag.py:3033} INFO - Sync 1 DAGs
[2024-02-06T13:42:16.463+0100] {logging_mixin.py:188} INFO - [2024-02-06T13:42:16.463+0100] {dag.py:3820} INFO - Setting next_dagrun for example_setup_teardown to 2024-02-05T00:00:00+00:00, run_after=2024-02-06T00:00:00+00:00
[2024-02-06T13:42:16.498+0100] {processor.py:183} INFO - Processing /home/ubuntu/.local/lib/python3.10/site-packages/airflow/example_dags/example_setup_teardown.py took 0.102 seconds
[2024-02-06T13:43:57.017+0100] {processor.py:161} INFO - Started process (PID=28492) to work on /home/ubuntu/.local/lib/python3.10/site-packages/airflow/example_dags/example_setup_teardown.py
[2024-02-06T13:43:57.023+0100] {processor.py:830} INFO - Processing file /home/ubuntu/.local/lib/python3.10/site-packages/airflow/example_dags/example_setup_teardown.py for tasks to queue
[2024-02-06T13:43:57.026+0100] {logging_mixin.py:188} INFO - [2024-02-06T13:43:57.024+0100] {dagbag.py:538} INFO - Filling up the DagBag from /home/ubuntu/.local/lib/python3.10/site-packages/airflow/example_dags/example_setup_teardown.py
[2024-02-06T13:43:57.063+0100] {processor.py:840} INFO - DAG(s) 'example_setup_teardown' retrieved from /home/ubuntu/.local/lib/python3.10/site-packages/airflow/example_dags/example_setup_teardown.py
[2024-02-06T13:43:57.083+0100] {logging_mixin.py:188} INFO - [2024-02-06T13:43:57.083+0100] {dag.py:3033} INFO - Sync 1 DAGs
[2024-02-06T13:43:57.165+0100] {logging_mixin.py:188} INFO - [2024-02-06T13:43:57.165+0100] {dag.py:3820} INFO - Setting next_dagrun for example_setup_teardown to 2024-02-05T00:00:00+00:00, run_after=2024-02-06T00:00:00+00:00
[2024-02-06T13:43:57.239+0100] {processor.py:183} INFO - Processing /home/ubuntu/.local/lib/python3.10/site-packages/airflow/example_dags/example_setup_teardown.py took 0.233 seconds
[2024-02-06T13:45:05.734+0100] {processor.py:161} INFO - Started process (PID=29197) to work on /home/ubuntu/.local/lib/python3.10/site-packages/airflow/example_dags/example_setup_teardown.py
[2024-02-06T13:45:05.736+0100] {processor.py:830} INFO - Processing file /home/ubuntu/.local/lib/python3.10/site-packages/airflow/example_dags/example_setup_teardown.py for tasks to queue
[2024-02-06T13:45:05.737+0100] {logging_mixin.py:188} INFO - [2024-02-06T13:45:05.737+0100] {dagbag.py:538} INFO - Filling up the DagBag from /home/ubuntu/.local/lib/python3.10/site-packages/airflow/example_dags/example_setup_teardown.py
[2024-02-06T13:45:05.746+0100] {processor.py:840} INFO - DAG(s) 'example_setup_teardown' retrieved from /home/ubuntu/.local/lib/python3.10/site-packages/airflow/example_dags/example_setup_teardown.py
[2024-02-06T13:45:05.769+0100] {logging_mixin.py:188} INFO - [2024-02-06T13:45:05.769+0100] {dag.py:3033} INFO - Sync 1 DAGs
[2024-02-06T13:45:05.796+0100] {logging_mixin.py:188} INFO - [2024-02-06T13:45:05.796+0100] {dag.py:3820} INFO - Setting next_dagrun for example_setup_teardown to 2024-02-05T00:00:00+00:00, run_after=2024-02-06T00:00:00+00:00
[2024-02-06T13:45:05.832+0100] {processor.py:183} INFO - Processing /home/ubuntu/.local/lib/python3.10/site-packages/airflow/example_dags/example_setup_teardown.py took 0.103 seconds
[2024-02-06T13:46:20.046+0100] {processor.py:161} INFO - Started process (PID=29370) to work on /home/ubuntu/.local/lib/python3.10/site-packages/airflow/example_dags/example_setup_teardown.py
[2024-02-06T13:46:20.051+0100] {processor.py:830} INFO - Processing file /home/ubuntu/.local/lib/python3.10/site-packages/airflow/example_dags/example_setup_teardown.py for tasks to queue
[2024-02-06T13:46:20.053+0100] {logging_mixin.py:188} INFO - [2024-02-06T13:46:20.052+0100] {dagbag.py:538} INFO - Filling up the DagBag from /home/ubuntu/.local/lib/python3.10/site-packages/airflow/example_dags/example_setup_teardown.py
[2024-02-06T13:46:20.085+0100] {processor.py:840} INFO - DAG(s) 'example_setup_teardown' retrieved from /home/ubuntu/.local/lib/python3.10/site-packages/airflow/example_dags/example_setup_teardown.py
[2024-02-06T13:46:20.130+0100] {logging_mixin.py:188} INFO - [2024-02-06T13:46:20.129+0100] {dag.py:3033} INFO - Sync 1 DAGs
[2024-02-06T13:46:20.180+0100] {logging_mixin.py:188} INFO - [2024-02-06T13:46:20.180+0100] {dag.py:3820} INFO - Setting next_dagrun for example_setup_teardown to 2024-02-05T00:00:00+00:00, run_after=2024-02-06T00:00:00+00:00
[2024-02-06T13:46:20.227+0100] {processor.py:183} INFO - Processing /home/ubuntu/.local/lib/python3.10/site-packages/airflow/example_dags/example_setup_teardown.py took 0.188 seconds
[2024-02-06T13:47:38.009+0100] {processor.py:161} INFO - Started process (PID=29546) to work on /home/ubuntu/.local/lib/python3.10/site-packages/airflow/example_dags/example_setup_teardown.py
[2024-02-06T13:47:38.014+0100] {processor.py:830} INFO - Processing file /home/ubuntu/.local/lib/python3.10/site-packages/airflow/example_dags/example_setup_teardown.py for tasks to queue
[2024-02-06T13:47:38.017+0100] {logging_mixin.py:188} INFO - [2024-02-06T13:47:38.016+0100] {dagbag.py:538} INFO - Filling up the DagBag from /home/ubuntu/.local/lib/python3.10/site-packages/airflow/example_dags/example_setup_teardown.py
[2024-02-06T13:47:38.024+0100] {processor.py:840} INFO - DAG(s) 'example_setup_teardown' retrieved from /home/ubuntu/.local/lib/python3.10/site-packages/airflow/example_dags/example_setup_teardown.py
[2024-02-06T13:47:38.042+0100] {logging_mixin.py:188} INFO - [2024-02-06T13:47:38.042+0100] {dag.py:3033} INFO - Sync 1 DAGs
[2024-02-06T13:47:38.060+0100] {logging_mixin.py:188} INFO - [2024-02-06T13:47:38.060+0100] {dag.py:3820} INFO - Setting next_dagrun for example_setup_teardown to 2024-02-05T00:00:00+00:00, run_after=2024-02-06T00:00:00+00:00
[2024-02-06T13:47:38.096+0100] {processor.py:183} INFO - Processing /home/ubuntu/.local/lib/python3.10/site-packages/airflow/example_dags/example_setup_teardown.py took 0.092 seconds
[2024-02-06T13:48:58.738+0100] {processor.py:161} INFO - Started process (PID=29723) to work on /home/ubuntu/.local/lib/python3.10/site-packages/airflow/example_dags/example_setup_teardown.py
[2024-02-06T13:48:58.741+0100] {processor.py:830} INFO - Processing file /home/ubuntu/.local/lib/python3.10/site-packages/airflow/example_dags/example_setup_teardown.py for tasks to queue
[2024-02-06T13:48:58.742+0100] {logging_mixin.py:188} INFO - [2024-02-06T13:48:58.742+0100] {dagbag.py:538} INFO - Filling up the DagBag from /home/ubuntu/.local/lib/python3.10/site-packages/airflow/example_dags/example_setup_teardown.py
[2024-02-06T13:48:58.749+0100] {processor.py:840} INFO - DAG(s) 'example_setup_teardown' retrieved from /home/ubuntu/.local/lib/python3.10/site-packages/airflow/example_dags/example_setup_teardown.py
[2024-02-06T13:48:58.768+0100] {logging_mixin.py:188} INFO - [2024-02-06T13:48:58.767+0100] {dag.py:3033} INFO - Sync 1 DAGs
[2024-02-06T13:48:58.786+0100] {logging_mixin.py:188} INFO - [2024-02-06T13:48:58.786+0100] {dag.py:3820} INFO - Setting next_dagrun for example_setup_teardown to 2024-02-05T00:00:00+00:00, run_after=2024-02-06T00:00:00+00:00
[2024-02-06T13:48:58.828+0100] {processor.py:183} INFO - Processing /home/ubuntu/.local/lib/python3.10/site-packages/airflow/example_dags/example_setup_teardown.py took 0.094 seconds
[2024-02-06T13:50:13.547+0100] {processor.py:161} INFO - Started process (PID=29911) to work on /home/ubuntu/.local/lib/python3.10/site-packages/airflow/example_dags/example_setup_teardown.py
[2024-02-06T13:50:13.553+0100] {processor.py:830} INFO - Processing file /home/ubuntu/.local/lib/python3.10/site-packages/airflow/example_dags/example_setup_teardown.py for tasks to queue
[2024-02-06T13:50:13.555+0100] {logging_mixin.py:188} INFO - [2024-02-06T13:50:13.554+0100] {dagbag.py:538} INFO - Filling up the DagBag from /home/ubuntu/.local/lib/python3.10/site-packages/airflow/example_dags/example_setup_teardown.py
[2024-02-06T13:50:13.574+0100] {processor.py:840} INFO - DAG(s) 'example_setup_teardown' retrieved from /home/ubuntu/.local/lib/python3.10/site-packages/airflow/example_dags/example_setup_teardown.py
[2024-02-06T13:50:13.605+0100] {logging_mixin.py:188} INFO - [2024-02-06T13:50:13.605+0100] {dag.py:3033} INFO - Sync 1 DAGs
[2024-02-06T13:50:13.661+0100] {logging_mixin.py:188} INFO - [2024-02-06T13:50:13.661+0100] {dag.py:3820} INFO - Setting next_dagrun for example_setup_teardown to 2024-02-05T00:00:00+00:00, run_after=2024-02-06T00:00:00+00:00
[2024-02-06T13:50:13.735+0100] {processor.py:183} INFO - Processing /home/ubuntu/.local/lib/python3.10/site-packages/airflow/example_dags/example_setup_teardown.py took 0.193 seconds
[2024-02-06T13:51:35.554+0100] {processor.py:161} INFO - Started process (PID=30117) to work on /home/ubuntu/.local/lib/python3.10/site-packages/airflow/example_dags/example_setup_teardown.py
[2024-02-06T13:51:35.556+0100] {processor.py:830} INFO - Processing file /home/ubuntu/.local/lib/python3.10/site-packages/airflow/example_dags/example_setup_teardown.py for tasks to queue
[2024-02-06T13:51:35.557+0100] {logging_mixin.py:188} INFO - [2024-02-06T13:51:35.557+0100] {dagbag.py:538} INFO - Filling up the DagBag from /home/ubuntu/.local/lib/python3.10/site-packages/airflow/example_dags/example_setup_teardown.py
[2024-02-06T13:51:35.566+0100] {processor.py:840} INFO - DAG(s) 'example_setup_teardown' retrieved from /home/ubuntu/.local/lib/python3.10/site-packages/airflow/example_dags/example_setup_teardown.py
[2024-02-06T13:51:35.609+0100] {logging_mixin.py:188} INFO - [2024-02-06T13:51:35.609+0100] {dag.py:3033} INFO - Sync 1 DAGs
[2024-02-06T13:51:35.661+0100] {logging_mixin.py:188} INFO - [2024-02-06T13:51:35.661+0100] {dag.py:3820} INFO - Setting next_dagrun for example_setup_teardown to 2024-02-05T00:00:00+00:00, run_after=2024-02-06T00:00:00+00:00
[2024-02-06T13:51:35.721+0100] {processor.py:183} INFO - Processing /home/ubuntu/.local/lib/python3.10/site-packages/airflow/example_dags/example_setup_teardown.py took 0.172 seconds
[2024-02-06T13:53:02.073+0100] {processor.py:161} INFO - Started process (PID=30403) to work on /home/ubuntu/.local/lib/python3.10/site-packages/airflow/example_dags/example_setup_teardown.py
[2024-02-06T13:53:02.076+0100] {processor.py:830} INFO - Processing file /home/ubuntu/.local/lib/python3.10/site-packages/airflow/example_dags/example_setup_teardown.py for tasks to queue
[2024-02-06T13:53:02.078+0100] {logging_mixin.py:188} INFO - [2024-02-06T13:53:02.077+0100] {dagbag.py:538} INFO - Filling up the DagBag from /home/ubuntu/.local/lib/python3.10/site-packages/airflow/example_dags/example_setup_teardown.py
[2024-02-06T13:53:02.089+0100] {processor.py:840} INFO - DAG(s) 'example_setup_teardown' retrieved from /home/ubuntu/.local/lib/python3.10/site-packages/airflow/example_dags/example_setup_teardown.py
[2024-02-06T13:53:02.115+0100] {logging_mixin.py:188} INFO - [2024-02-06T13:53:02.115+0100] {dag.py:3033} INFO - Sync 1 DAGs
[2024-02-06T13:53:02.142+0100] {logging_mixin.py:188} INFO - [2024-02-06T13:53:02.141+0100] {dag.py:3820} INFO - Setting next_dagrun for example_setup_teardown to 2024-02-05T00:00:00+00:00, run_after=2024-02-06T00:00:00+00:00
[2024-02-06T13:53:02.178+0100] {processor.py:183} INFO - Processing /home/ubuntu/.local/lib/python3.10/site-packages/airflow/example_dags/example_setup_teardown.py took 0.109 seconds
[2024-02-06T13:54:15.025+0100] {processor.py:161} INFO - Started process (PID=30571) to work on /home/ubuntu/.local/lib/python3.10/site-packages/airflow/example_dags/example_setup_teardown.py
[2024-02-06T13:54:15.029+0100] {processor.py:830} INFO - Processing file /home/ubuntu/.local/lib/python3.10/site-packages/airflow/example_dags/example_setup_teardown.py for tasks to queue
[2024-02-06T13:54:15.031+0100] {logging_mixin.py:188} INFO - [2024-02-06T13:54:15.030+0100] {dagbag.py:538} INFO - Filling up the DagBag from /home/ubuntu/.local/lib/python3.10/site-packages/airflow/example_dags/example_setup_teardown.py
[2024-02-06T13:54:15.040+0100] {processor.py:840} INFO - DAG(s) 'example_setup_teardown' retrieved from /home/ubuntu/.local/lib/python3.10/site-packages/airflow/example_dags/example_setup_teardown.py
[2024-02-06T13:54:15.064+0100] {logging_mixin.py:188} INFO - [2024-02-06T13:54:15.064+0100] {dag.py:3033} INFO - Sync 1 DAGs
[2024-02-06T13:54:15.082+0100] {logging_mixin.py:188} INFO - [2024-02-06T13:54:15.082+0100] {dag.py:3820} INFO - Setting next_dagrun for example_setup_teardown to 2024-02-05T00:00:00+00:00, run_after=2024-02-06T00:00:00+00:00
[2024-02-06T13:54:15.127+0100] {processor.py:183} INFO - Processing /home/ubuntu/.local/lib/python3.10/site-packages/airflow/example_dags/example_setup_teardown.py took 0.107 seconds
[2024-02-06T13:55:36.775+0100] {processor.py:161} INFO - Started process (PID=30812) to work on /home/ubuntu/.local/lib/python3.10/site-packages/airflow/example_dags/example_setup_teardown.py
[2024-02-06T13:55:36.779+0100] {processor.py:830} INFO - Processing file /home/ubuntu/.local/lib/python3.10/site-packages/airflow/example_dags/example_setup_teardown.py for tasks to queue
[2024-02-06T13:55:36.780+0100] {logging_mixin.py:188} INFO - [2024-02-06T13:55:36.780+0100] {dagbag.py:538} INFO - Filling up the DagBag from /home/ubuntu/.local/lib/python3.10/site-packages/airflow/example_dags/example_setup_teardown.py
[2024-02-06T13:55:36.791+0100] {processor.py:840} INFO - DAG(s) 'example_setup_teardown' retrieved from /home/ubuntu/.local/lib/python3.10/site-packages/airflow/example_dags/example_setup_teardown.py
[2024-02-06T13:55:36.813+0100] {logging_mixin.py:188} INFO - [2024-02-06T13:55:36.813+0100] {dag.py:3033} INFO - Sync 1 DAGs
[2024-02-06T13:55:36.836+0100] {logging_mixin.py:188} INFO - [2024-02-06T13:55:36.836+0100] {dag.py:3820} INFO - Setting next_dagrun for example_setup_teardown to 2024-02-05T00:00:00+00:00, run_after=2024-02-06T00:00:00+00:00
[2024-02-06T13:55:36.872+0100] {processor.py:183} INFO - Processing /home/ubuntu/.local/lib/python3.10/site-packages/airflow/example_dags/example_setup_teardown.py took 0.103 seconds
[2024-02-06T13:56:57.187+0100] {processor.py:161} INFO - Started process (PID=31041) to work on /home/ubuntu/.local/lib/python3.10/site-packages/airflow/example_dags/example_setup_teardown.py
[2024-02-06T13:56:57.190+0100] {processor.py:830} INFO - Processing file /home/ubuntu/.local/lib/python3.10/site-packages/airflow/example_dags/example_setup_teardown.py for tasks to queue
[2024-02-06T13:56:57.194+0100] {logging_mixin.py:188} INFO - [2024-02-06T13:56:57.191+0100] {dagbag.py:538} INFO - Filling up the DagBag from /home/ubuntu/.local/lib/python3.10/site-packages/airflow/example_dags/example_setup_teardown.py
[2024-02-06T13:56:57.203+0100] {processor.py:840} INFO - DAG(s) 'example_setup_teardown' retrieved from /home/ubuntu/.local/lib/python3.10/site-packages/airflow/example_dags/example_setup_teardown.py
[2024-02-06T13:56:57.226+0100] {logging_mixin.py:188} INFO - [2024-02-06T13:56:57.225+0100] {dag.py:3033} INFO - Sync 1 DAGs
[2024-02-06T13:56:57.248+0100] {logging_mixin.py:188} INFO - [2024-02-06T13:56:57.248+0100] {dag.py:3820} INFO - Setting next_dagrun for example_setup_teardown to 2024-02-05T00:00:00+00:00, run_after=2024-02-06T00:00:00+00:00
[2024-02-06T13:56:57.284+0100] {processor.py:183} INFO - Processing /home/ubuntu/.local/lib/python3.10/site-packages/airflow/example_dags/example_setup_teardown.py took 0.103 seconds
[2024-02-06T13:57:58.067+0100] {processor.py:161} INFO - Started process (PID=31223) to work on /home/ubuntu/.local/lib/python3.10/site-packages/airflow/example_dags/example_setup_teardown.py
[2024-02-06T13:57:58.069+0100] {processor.py:830} INFO - Processing file /home/ubuntu/.local/lib/python3.10/site-packages/airflow/example_dags/example_setup_teardown.py for tasks to queue
[2024-02-06T13:57:58.072+0100] {logging_mixin.py:188} INFO - [2024-02-06T13:57:58.071+0100] {dagbag.py:538} INFO - Filling up the DagBag from /home/ubuntu/.local/lib/python3.10/site-packages/airflow/example_dags/example_setup_teardown.py
[2024-02-06T13:57:58.082+0100] {processor.py:840} INFO - DAG(s) 'example_setup_teardown' retrieved from /home/ubuntu/.local/lib/python3.10/site-packages/airflow/example_dags/example_setup_teardown.py
[2024-02-06T13:57:58.109+0100] {logging_mixin.py:188} INFO - [2024-02-06T13:57:58.109+0100] {dag.py:3033} INFO - Sync 1 DAGs
[2024-02-06T13:57:58.135+0100] {logging_mixin.py:188} INFO - [2024-02-06T13:57:58.135+0100] {dag.py:3820} INFO - Setting next_dagrun for example_setup_teardown to 2024-02-05T00:00:00+00:00, run_after=2024-02-06T00:00:00+00:00
[2024-02-06T13:57:58.175+0100] {processor.py:183} INFO - Processing /home/ubuntu/.local/lib/python3.10/site-packages/airflow/example_dags/example_setup_teardown.py took 0.113 seconds
[2024-02-06T13:58:58.750+0100] {processor.py:161} INFO - Started process (PID=31402) to work on /home/ubuntu/.local/lib/python3.10/site-packages/airflow/example_dags/example_setup_teardown.py
[2024-02-06T13:58:58.754+0100] {processor.py:830} INFO - Processing file /home/ubuntu/.local/lib/python3.10/site-packages/airflow/example_dags/example_setup_teardown.py for tasks to queue
[2024-02-06T13:58:58.756+0100] {logging_mixin.py:188} INFO - [2024-02-06T13:58:58.755+0100] {dagbag.py:538} INFO - Filling up the DagBag from /home/ubuntu/.local/lib/python3.10/site-packages/airflow/example_dags/example_setup_teardown.py
[2024-02-06T13:58:58.765+0100] {processor.py:840} INFO - DAG(s) 'example_setup_teardown' retrieved from /home/ubuntu/.local/lib/python3.10/site-packages/airflow/example_dags/example_setup_teardown.py
[2024-02-06T13:58:58.798+0100] {logging_mixin.py:188} INFO - [2024-02-06T13:58:58.798+0100] {dag.py:3033} INFO - Sync 1 DAGs
[2024-02-06T13:58:58.832+0100] {logging_mixin.py:188} INFO - [2024-02-06T13:58:58.832+0100] {dag.py:3820} INFO - Setting next_dagrun for example_setup_teardown to 2024-02-05T00:00:00+00:00, run_after=2024-02-06T00:00:00+00:00
[2024-02-06T13:58:58.901+0100] {processor.py:183} INFO - Processing /home/ubuntu/.local/lib/python3.10/site-packages/airflow/example_dags/example_setup_teardown.py took 0.155 seconds
[2024-02-06T14:00:01.364+0100] {processor.py:161} INFO - Started process (PID=31587) to work on /home/ubuntu/.local/lib/python3.10/site-packages/airflow/example_dags/example_setup_teardown.py
[2024-02-06T14:00:01.367+0100] {processor.py:830} INFO - Processing file /home/ubuntu/.local/lib/python3.10/site-packages/airflow/example_dags/example_setup_teardown.py for tasks to queue
[2024-02-06T14:00:01.370+0100] {logging_mixin.py:188} INFO - [2024-02-06T14:00:01.369+0100] {dagbag.py:538} INFO - Filling up the DagBag from /home/ubuntu/.local/lib/python3.10/site-packages/airflow/example_dags/example_setup_teardown.py
[2024-02-06T14:00:01.380+0100] {processor.py:840} INFO - DAG(s) 'example_setup_teardown' retrieved from /home/ubuntu/.local/lib/python3.10/site-packages/airflow/example_dags/example_setup_teardown.py
[2024-02-06T14:00:01.400+0100] {logging_mixin.py:188} INFO - [2024-02-06T14:00:01.400+0100] {dag.py:3033} INFO - Sync 1 DAGs
[2024-02-06T14:00:01.419+0100] {logging_mixin.py:188} INFO - [2024-02-06T14:00:01.419+0100] {dag.py:3820} INFO - Setting next_dagrun for example_setup_teardown to 2024-02-05T00:00:00+00:00, run_after=2024-02-06T00:00:00+00:00
[2024-02-06T14:00:01.459+0100] {processor.py:183} INFO - Processing /home/ubuntu/.local/lib/python3.10/site-packages/airflow/example_dags/example_setup_teardown.py took 0.100 seconds
[2024-02-06T14:01:00.480+0100] {processor.py:161} INFO - Started process (PID=31759) to work on /home/ubuntu/.local/lib/python3.10/site-packages/airflow/example_dags/example_setup_teardown.py
[2024-02-06T14:01:00.481+0100] {processor.py:830} INFO - Processing file /home/ubuntu/.local/lib/python3.10/site-packages/airflow/example_dags/example_setup_teardown.py for tasks to queue
[2024-02-06T14:01:00.483+0100] {logging_mixin.py:188} INFO - [2024-02-06T14:01:00.482+0100] {dagbag.py:538} INFO - Filling up the DagBag from /home/ubuntu/.local/lib/python3.10/site-packages/airflow/example_dags/example_setup_teardown.py
[2024-02-06T14:01:00.491+0100] {processor.py:840} INFO - DAG(s) 'example_setup_teardown' retrieved from /home/ubuntu/.local/lib/python3.10/site-packages/airflow/example_dags/example_setup_teardown.py
[2024-02-06T14:01:00.509+0100] {logging_mixin.py:188} INFO - [2024-02-06T14:01:00.509+0100] {dag.py:3033} INFO - Sync 1 DAGs
[2024-02-06T14:01:00.527+0100] {logging_mixin.py:188} INFO - [2024-02-06T14:01:00.527+0100] {dag.py:3820} INFO - Setting next_dagrun for example_setup_teardown to 2024-02-05T00:00:00+00:00, run_after=2024-02-06T00:00:00+00:00
[2024-02-06T14:01:00.590+0100] {processor.py:183} INFO - Processing /home/ubuntu/.local/lib/python3.10/site-packages/airflow/example_dags/example_setup_teardown.py took 0.114 seconds
[2024-02-06T14:02:27.112+0100] {processor.py:161} INFO - Started process (PID=32014) to work on /home/ubuntu/.local/lib/python3.10/site-packages/airflow/example_dags/example_setup_teardown.py
[2024-02-06T14:02:27.115+0100] {processor.py:830} INFO - Processing file /home/ubuntu/.local/lib/python3.10/site-packages/airflow/example_dags/example_setup_teardown.py for tasks to queue
[2024-02-06T14:02:27.116+0100] {logging_mixin.py:188} INFO - [2024-02-06T14:02:27.115+0100] {dagbag.py:538} INFO - Filling up the DagBag from /home/ubuntu/.local/lib/python3.10/site-packages/airflow/example_dags/example_setup_teardown.py
[2024-02-06T14:02:27.125+0100] {processor.py:840} INFO - DAG(s) 'example_setup_teardown' retrieved from /home/ubuntu/.local/lib/python3.10/site-packages/airflow/example_dags/example_setup_teardown.py
[2024-02-06T14:02:27.150+0100] {logging_mixin.py:188} INFO - [2024-02-06T14:02:27.148+0100] {dag.py:3033} INFO - Sync 1 DAGs
[2024-02-06T14:02:27.192+0100] {logging_mixin.py:188} INFO - [2024-02-06T14:02:27.192+0100] {dag.py:3820} INFO - Setting next_dagrun for example_setup_teardown to 2024-02-05T00:00:00+00:00, run_after=2024-02-06T00:00:00+00:00
[2024-02-06T14:02:27.241+0100] {processor.py:183} INFO - Processing /home/ubuntu/.local/lib/python3.10/site-packages/airflow/example_dags/example_setup_teardown.py took 0.134 seconds
[2024-02-06T14:03:26.547+0100] {processor.py:161} INFO - Started process (PID=32209) to work on /home/ubuntu/.local/lib/python3.10/site-packages/airflow/example_dags/example_setup_teardown.py
[2024-02-06T14:03:26.553+0100] {processor.py:830} INFO - Processing file /home/ubuntu/.local/lib/python3.10/site-packages/airflow/example_dags/example_setup_teardown.py for tasks to queue
[2024-02-06T14:03:26.554+0100] {logging_mixin.py:188} INFO - [2024-02-06T14:03:26.554+0100] {dagbag.py:538} INFO - Filling up the DagBag from /home/ubuntu/.local/lib/python3.10/site-packages/airflow/example_dags/example_setup_teardown.py
[2024-02-06T14:03:26.571+0100] {processor.py:840} INFO - DAG(s) 'example_setup_teardown' retrieved from /home/ubuntu/.local/lib/python3.10/site-packages/airflow/example_dags/example_setup_teardown.py
[2024-02-06T14:03:26.604+0100] {logging_mixin.py:188} INFO - [2024-02-06T14:03:26.604+0100] {dag.py:3033} INFO - Sync 1 DAGs
[2024-02-06T14:03:26.655+0100] {logging_mixin.py:188} INFO - [2024-02-06T14:03:26.654+0100] {dag.py:3820} INFO - Setting next_dagrun for example_setup_teardown to 2024-02-05T00:00:00+00:00, run_after=2024-02-06T00:00:00+00:00
[2024-02-06T14:03:26.736+0100] {processor.py:183} INFO - Processing /home/ubuntu/.local/lib/python3.10/site-packages/airflow/example_dags/example_setup_teardown.py took 0.194 seconds
[2024-02-06T14:04:53.688+0100] {processor.py:161} INFO - Started process (PID=32405) to work on /home/ubuntu/.local/lib/python3.10/site-packages/airflow/example_dags/example_setup_teardown.py
[2024-02-06T14:04:53.691+0100] {processor.py:830} INFO - Processing file /home/ubuntu/.local/lib/python3.10/site-packages/airflow/example_dags/example_setup_teardown.py for tasks to queue
[2024-02-06T14:04:53.692+0100] {logging_mixin.py:188} INFO - [2024-02-06T14:04:53.692+0100] {dagbag.py:538} INFO - Filling up the DagBag from /home/ubuntu/.local/lib/python3.10/site-packages/airflow/example_dags/example_setup_teardown.py
[2024-02-06T14:04:53.702+0100] {processor.py:840} INFO - DAG(s) 'example_setup_teardown' retrieved from /home/ubuntu/.local/lib/python3.10/site-packages/airflow/example_dags/example_setup_teardown.py
[2024-02-06T14:04:53.725+0100] {logging_mixin.py:188} INFO - [2024-02-06T14:04:53.725+0100] {dag.py:3033} INFO - Sync 1 DAGs
[2024-02-06T14:04:53.750+0100] {logging_mixin.py:188} INFO - [2024-02-06T14:04:53.749+0100] {dag.py:3820} INFO - Setting next_dagrun for example_setup_teardown to 2024-02-05T00:00:00+00:00, run_after=2024-02-06T00:00:00+00:00
[2024-02-06T14:04:53.798+0100] {processor.py:183} INFO - Processing /home/ubuntu/.local/lib/python3.10/site-packages/airflow/example_dags/example_setup_teardown.py took 0.115 seconds
