[2024-02-06T12:37:37.024+0100] {processor.py:161} INFO - Started process (PID=16336) to work on /home/ubuntu/.local/lib/python3.10/site-packages/airflow/example_dags/example_sensors.py
[2024-02-06T12:37:37.030+0100] {processor.py:830} INFO - Processing file /home/ubuntu/.local/lib/python3.10/site-packages/airflow/example_dags/example_sensors.py for tasks to queue
[2024-02-06T12:37:37.034+0100] {logging_mixin.py:188} INFO - [2024-02-06T12:37:37.033+0100] {dagbag.py:538} INFO - Filling up the DagBag from /home/ubuntu/.local/lib/python3.10/site-packages/airflow/example_dags/example_sensors.py
[2024-02-06T12:37:37.046+0100] {processor.py:840} INFO - DAG(s) 'example_sensors' retrieved from /home/ubuntu/.local/lib/python3.10/site-packages/airflow/example_dags/example_sensors.py
[2024-02-06T12:37:37.069+0100] {logging_mixin.py:188} INFO - [2024-02-06T12:37:37.068+0100] {dag.py:3033} INFO - Sync 1 DAGs
[2024-02-06T12:37:37.081+0100] {logging_mixin.py:188} INFO - [2024-02-06T12:37:37.081+0100] {dag.py:3820} INFO - Setting next_dagrun for example_sensors to None, run_after=None
[2024-02-06T12:37:37.123+0100] {processor.py:183} INFO - Processing /home/ubuntu/.local/lib/python3.10/site-packages/airflow/example_dags/example_sensors.py took 0.104 seconds
[2024-02-06T12:38:33.600+0100] {processor.py:161} INFO - Started process (PID=16547) to work on /home/ubuntu/.local/lib/python3.10/site-packages/airflow/example_dags/example_sensors.py
[2024-02-06T12:38:33.604+0100] {processor.py:830} INFO - Processing file /home/ubuntu/.local/lib/python3.10/site-packages/airflow/example_dags/example_sensors.py for tasks to queue
[2024-02-06T12:38:33.606+0100] {logging_mixin.py:188} INFO - [2024-02-06T12:38:33.605+0100] {dagbag.py:538} INFO - Filling up the DagBag from /home/ubuntu/.local/lib/python3.10/site-packages/airflow/example_dags/example_sensors.py
[2024-02-06T12:38:33.619+0100] {processor.py:840} INFO - DAG(s) 'example_sensors' retrieved from /home/ubuntu/.local/lib/python3.10/site-packages/airflow/example_dags/example_sensors.py
[2024-02-06T12:38:33.646+0100] {logging_mixin.py:188} INFO - [2024-02-06T12:38:33.646+0100] {dag.py:3033} INFO - Sync 1 DAGs
[2024-02-06T12:38:33.660+0100] {logging_mixin.py:188} INFO - [2024-02-06T12:38:33.660+0100] {dag.py:3820} INFO - Setting next_dagrun for example_sensors to None, run_after=None
[2024-02-06T12:38:33.695+0100] {processor.py:183} INFO - Processing /home/ubuntu/.local/lib/python3.10/site-packages/airflow/example_dags/example_sensors.py took 0.100 seconds
[2024-02-06T12:39:42.515+0100] {processor.py:161} INFO - Started process (PID=16698) to work on /home/ubuntu/.local/lib/python3.10/site-packages/airflow/example_dags/example_sensors.py
[2024-02-06T12:39:42.517+0100] {processor.py:830} INFO - Processing file /home/ubuntu/.local/lib/python3.10/site-packages/airflow/example_dags/example_sensors.py for tasks to queue
[2024-02-06T12:39:42.519+0100] {logging_mixin.py:188} INFO - [2024-02-06T12:39:42.518+0100] {dagbag.py:538} INFO - Filling up the DagBag from /home/ubuntu/.local/lib/python3.10/site-packages/airflow/example_dags/example_sensors.py
[2024-02-06T12:39:42.533+0100] {processor.py:840} INFO - DAG(s) 'example_sensors' retrieved from /home/ubuntu/.local/lib/python3.10/site-packages/airflow/example_dags/example_sensors.py
[2024-02-06T12:39:42.560+0100] {logging_mixin.py:188} INFO - [2024-02-06T12:39:42.560+0100] {dag.py:3033} INFO - Sync 1 DAGs
[2024-02-06T12:39:42.574+0100] {logging_mixin.py:188} INFO - [2024-02-06T12:39:42.574+0100] {dag.py:3820} INFO - Setting next_dagrun for example_sensors to None, run_after=None
[2024-02-06T12:39:42.608+0100] {processor.py:183} INFO - Processing /home/ubuntu/.local/lib/python3.10/site-packages/airflow/example_dags/example_sensors.py took 0.098 seconds
[2024-02-06T12:40:48.761+0100] {processor.py:161} INFO - Started process (PID=16931) to work on /home/ubuntu/.local/lib/python3.10/site-packages/airflow/example_dags/example_sensors.py
[2024-02-06T12:40:48.763+0100] {processor.py:830} INFO - Processing file /home/ubuntu/.local/lib/python3.10/site-packages/airflow/example_dags/example_sensors.py for tasks to queue
[2024-02-06T12:40:48.765+0100] {logging_mixin.py:188} INFO - [2024-02-06T12:40:48.764+0100] {dagbag.py:538} INFO - Filling up the DagBag from /home/ubuntu/.local/lib/python3.10/site-packages/airflow/example_dags/example_sensors.py
[2024-02-06T12:40:48.780+0100] {processor.py:840} INFO - DAG(s) 'example_sensors' retrieved from /home/ubuntu/.local/lib/python3.10/site-packages/airflow/example_dags/example_sensors.py
[2024-02-06T12:40:48.806+0100] {logging_mixin.py:188} INFO - [2024-02-06T12:40:48.805+0100] {dag.py:3033} INFO - Sync 1 DAGs
[2024-02-06T12:40:48.820+0100] {logging_mixin.py:188} INFO - [2024-02-06T12:40:48.820+0100] {dag.py:3820} INFO - Setting next_dagrun for example_sensors to None, run_after=None
[2024-02-06T12:40:48.860+0100] {processor.py:183} INFO - Processing /home/ubuntu/.local/lib/python3.10/site-packages/airflow/example_dags/example_sensors.py took 0.104 seconds
[2024-02-06T12:41:59.664+0100] {processor.py:161} INFO - Started process (PID=17093) to work on /home/ubuntu/.local/lib/python3.10/site-packages/airflow/example_dags/example_sensors.py
[2024-02-06T12:41:59.668+0100] {processor.py:830} INFO - Processing file /home/ubuntu/.local/lib/python3.10/site-packages/airflow/example_dags/example_sensors.py for tasks to queue
[2024-02-06T12:41:59.669+0100] {logging_mixin.py:188} INFO - [2024-02-06T12:41:59.668+0100] {dagbag.py:538} INFO - Filling up the DagBag from /home/ubuntu/.local/lib/python3.10/site-packages/airflow/example_dags/example_sensors.py
[2024-02-06T12:41:59.681+0100] {processor.py:840} INFO - DAG(s) 'example_sensors' retrieved from /home/ubuntu/.local/lib/python3.10/site-packages/airflow/example_dags/example_sensors.py
[2024-02-06T12:41:59.702+0100] {logging_mixin.py:188} INFO - [2024-02-06T12:41:59.702+0100] {dag.py:3033} INFO - Sync 1 DAGs
[2024-02-06T12:41:59.713+0100] {logging_mixin.py:188} INFO - [2024-02-06T12:41:59.713+0100] {dag.py:3820} INFO - Setting next_dagrun for example_sensors to None, run_after=None
[2024-02-06T12:41:59.750+0100] {processor.py:183} INFO - Processing /home/ubuntu/.local/lib/python3.10/site-packages/airflow/example_dags/example_sensors.py took 0.090 seconds
[2024-02-06T12:43:13.375+0100] {processor.py:161} INFO - Started process (PID=17285) to work on /home/ubuntu/.local/lib/python3.10/site-packages/airflow/example_dags/example_sensors.py
[2024-02-06T12:43:13.377+0100] {processor.py:830} INFO - Processing file /home/ubuntu/.local/lib/python3.10/site-packages/airflow/example_dags/example_sensors.py for tasks to queue
[2024-02-06T12:43:13.379+0100] {logging_mixin.py:188} INFO - [2024-02-06T12:43:13.378+0100] {dagbag.py:538} INFO - Filling up the DagBag from /home/ubuntu/.local/lib/python3.10/site-packages/airflow/example_dags/example_sensors.py
[2024-02-06T12:43:13.400+0100] {processor.py:840} INFO - DAG(s) 'example_sensors' retrieved from /home/ubuntu/.local/lib/python3.10/site-packages/airflow/example_dags/example_sensors.py
[2024-02-06T12:43:13.442+0100] {logging_mixin.py:188} INFO - [2024-02-06T12:43:13.442+0100] {dag.py:3033} INFO - Sync 1 DAGs
[2024-02-06T12:43:13.464+0100] {logging_mixin.py:188} INFO - [2024-02-06T12:43:13.464+0100] {dag.py:3820} INFO - Setting next_dagrun for example_sensors to None, run_after=None
[2024-02-06T12:43:13.508+0100] {processor.py:183} INFO - Processing /home/ubuntu/.local/lib/python3.10/site-packages/airflow/example_dags/example_sensors.py took 0.138 seconds
[2024-02-06T12:44:36.981+0100] {processor.py:161} INFO - Started process (PID=17467) to work on /home/ubuntu/.local/lib/python3.10/site-packages/airflow/example_dags/example_sensors.py
[2024-02-06T12:44:36.984+0100] {processor.py:830} INFO - Processing file /home/ubuntu/.local/lib/python3.10/site-packages/airflow/example_dags/example_sensors.py for tasks to queue
[2024-02-06T12:44:36.985+0100] {logging_mixin.py:188} INFO - [2024-02-06T12:44:36.984+0100] {dagbag.py:538} INFO - Filling up the DagBag from /home/ubuntu/.local/lib/python3.10/site-packages/airflow/example_dags/example_sensors.py
[2024-02-06T12:44:37.002+0100] {processor.py:840} INFO - DAG(s) 'example_sensors' retrieved from /home/ubuntu/.local/lib/python3.10/site-packages/airflow/example_dags/example_sensors.py
[2024-02-06T12:44:37.037+0100] {logging_mixin.py:188} INFO - [2024-02-06T12:44:37.036+0100] {dag.py:3033} INFO - Sync 1 DAGs
[2024-02-06T12:44:37.056+0100] {logging_mixin.py:188} INFO - [2024-02-06T12:44:37.056+0100] {dag.py:3820} INFO - Setting next_dagrun for example_sensors to None, run_after=None
[2024-02-06T12:44:37.105+0100] {processor.py:183} INFO - Processing /home/ubuntu/.local/lib/python3.10/site-packages/airflow/example_dags/example_sensors.py took 0.129 seconds
[2024-02-06T12:45:35.746+0100] {processor.py:161} INFO - Started process (PID=17665) to work on /home/ubuntu/.local/lib/python3.10/site-packages/airflow/example_dags/example_sensors.py
[2024-02-06T12:45:35.751+0100] {processor.py:830} INFO - Processing file /home/ubuntu/.local/lib/python3.10/site-packages/airflow/example_dags/example_sensors.py for tasks to queue
[2024-02-06T12:45:35.754+0100] {logging_mixin.py:188} INFO - [2024-02-06T12:45:35.753+0100] {dagbag.py:538} INFO - Filling up the DagBag from /home/ubuntu/.local/lib/python3.10/site-packages/airflow/example_dags/example_sensors.py
[2024-02-06T12:45:35.780+0100] {processor.py:840} INFO - DAG(s) 'example_sensors' retrieved from /home/ubuntu/.local/lib/python3.10/site-packages/airflow/example_dags/example_sensors.py
[2024-02-06T12:45:35.861+0100] {logging_mixin.py:188} INFO - [2024-02-06T12:45:35.861+0100] {dag.py:3033} INFO - Sync 1 DAGs
[2024-02-06T12:45:35.906+0100] {logging_mixin.py:188} INFO - [2024-02-06T12:45:35.906+0100] {dag.py:3820} INFO - Setting next_dagrun for example_sensors to None, run_after=None
[2024-02-06T12:45:35.964+0100] {processor.py:183} INFO - Processing /home/ubuntu/.local/lib/python3.10/site-packages/airflow/example_dags/example_sensors.py took 0.222 seconds
[2024-02-06T12:46:32.615+0100] {processor.py:161} INFO - Started process (PID=17811) to work on /home/ubuntu/.local/lib/python3.10/site-packages/airflow/example_dags/example_sensors.py
[2024-02-06T12:46:32.616+0100] {processor.py:830} INFO - Processing file /home/ubuntu/.local/lib/python3.10/site-packages/airflow/example_dags/example_sensors.py for tasks to queue
[2024-02-06T12:46:32.618+0100] {logging_mixin.py:188} INFO - [2024-02-06T12:46:32.617+0100] {dagbag.py:538} INFO - Filling up the DagBag from /home/ubuntu/.local/lib/python3.10/site-packages/airflow/example_dags/example_sensors.py
[2024-02-06T12:46:32.634+0100] {processor.py:840} INFO - DAG(s) 'example_sensors' retrieved from /home/ubuntu/.local/lib/python3.10/site-packages/airflow/example_dags/example_sensors.py
[2024-02-06T12:46:32.664+0100] {logging_mixin.py:188} INFO - [2024-02-06T12:46:32.663+0100] {dag.py:3033} INFO - Sync 1 DAGs
[2024-02-06T12:46:32.680+0100] {logging_mixin.py:188} INFO - [2024-02-06T12:46:32.680+0100] {dag.py:3820} INFO - Setting next_dagrun for example_sensors to None, run_after=None
[2024-02-06T12:46:32.720+0100] {processor.py:183} INFO - Processing /home/ubuntu/.local/lib/python3.10/site-packages/airflow/example_dags/example_sensors.py took 0.111 seconds
[2024-02-06T12:47:44.868+0100] {processor.py:161} INFO - Started process (PID=17976) to work on /home/ubuntu/.local/lib/python3.10/site-packages/airflow/example_dags/example_sensors.py
[2024-02-06T12:47:44.869+0100] {processor.py:830} INFO - Processing file /home/ubuntu/.local/lib/python3.10/site-packages/airflow/example_dags/example_sensors.py for tasks to queue
[2024-02-06T12:47:44.871+0100] {logging_mixin.py:188} INFO - [2024-02-06T12:47:44.871+0100] {dagbag.py:538} INFO - Filling up the DagBag from /home/ubuntu/.local/lib/python3.10/site-packages/airflow/example_dags/example_sensors.py
[2024-02-06T12:47:44.885+0100] {processor.py:840} INFO - DAG(s) 'example_sensors' retrieved from /home/ubuntu/.local/lib/python3.10/site-packages/airflow/example_dags/example_sensors.py
[2024-02-06T12:47:44.912+0100] {logging_mixin.py:188} INFO - [2024-02-06T12:47:44.912+0100] {dag.py:3033} INFO - Sync 1 DAGs
[2024-02-06T12:47:44.927+0100] {logging_mixin.py:188} INFO - [2024-02-06T12:47:44.927+0100] {dag.py:3820} INFO - Setting next_dagrun for example_sensors to None, run_after=None
[2024-02-06T12:47:44.964+0100] {processor.py:183} INFO - Processing /home/ubuntu/.local/lib/python3.10/site-packages/airflow/example_dags/example_sensors.py took 0.102 seconds
[2024-02-06T12:48:57.381+0100] {processor.py:161} INFO - Started process (PID=18147) to work on /home/ubuntu/.local/lib/python3.10/site-packages/airflow/example_dags/example_sensors.py
[2024-02-06T12:48:57.386+0100] {processor.py:830} INFO - Processing file /home/ubuntu/.local/lib/python3.10/site-packages/airflow/example_dags/example_sensors.py for tasks to queue
[2024-02-06T12:48:57.387+0100] {logging_mixin.py:188} INFO - [2024-02-06T12:48:57.387+0100] {dagbag.py:538} INFO - Filling up the DagBag from /home/ubuntu/.local/lib/python3.10/site-packages/airflow/example_dags/example_sensors.py
[2024-02-06T12:48:57.400+0100] {processor.py:840} INFO - DAG(s) 'example_sensors' retrieved from /home/ubuntu/.local/lib/python3.10/site-packages/airflow/example_dags/example_sensors.py
[2024-02-06T12:48:57.431+0100] {logging_mixin.py:188} INFO - [2024-02-06T12:48:57.431+0100] {dag.py:3033} INFO - Sync 1 DAGs
[2024-02-06T12:48:57.443+0100] {logging_mixin.py:188} INFO - [2024-02-06T12:48:57.443+0100] {dag.py:3820} INFO - Setting next_dagrun for example_sensors to None, run_after=None
[2024-02-06T12:48:57.616+0100] {processor.py:183} INFO - Processing /home/ubuntu/.local/lib/python3.10/site-packages/airflow/example_dags/example_sensors.py took 0.239 seconds
[2024-02-06T12:50:02.551+0100] {processor.py:161} INFO - Started process (PID=18297) to work on /home/ubuntu/.local/lib/python3.10/site-packages/airflow/example_dags/example_sensors.py
[2024-02-06T12:50:02.555+0100] {processor.py:830} INFO - Processing file /home/ubuntu/.local/lib/python3.10/site-packages/airflow/example_dags/example_sensors.py for tasks to queue
[2024-02-06T12:50:02.557+0100] {logging_mixin.py:188} INFO - [2024-02-06T12:50:02.556+0100] {dagbag.py:538} INFO - Filling up the DagBag from /home/ubuntu/.local/lib/python3.10/site-packages/airflow/example_dags/example_sensors.py
[2024-02-06T12:50:02.578+0100] {processor.py:840} INFO - DAG(s) 'example_sensors' retrieved from /home/ubuntu/.local/lib/python3.10/site-packages/airflow/example_dags/example_sensors.py
[2024-02-06T12:50:02.620+0100] {logging_mixin.py:188} INFO - [2024-02-06T12:50:02.619+0100] {dag.py:3033} INFO - Sync 1 DAGs
[2024-02-06T12:50:02.633+0100] {logging_mixin.py:188} INFO - [2024-02-06T12:50:02.633+0100] {dag.py:3820} INFO - Setting next_dagrun for example_sensors to None, run_after=None
[2024-02-06T12:50:02.681+0100] {processor.py:183} INFO - Processing /home/ubuntu/.local/lib/python3.10/site-packages/airflow/example_dags/example_sensors.py took 0.135 seconds
[2024-02-06T12:51:19.259+0100] {processor.py:161} INFO - Started process (PID=18501) to work on /home/ubuntu/.local/lib/python3.10/site-packages/airflow/example_dags/example_sensors.py
[2024-02-06T12:51:19.261+0100] {processor.py:830} INFO - Processing file /home/ubuntu/.local/lib/python3.10/site-packages/airflow/example_dags/example_sensors.py for tasks to queue
[2024-02-06T12:51:19.262+0100] {logging_mixin.py:188} INFO - [2024-02-06T12:51:19.262+0100] {dagbag.py:538} INFO - Filling up the DagBag from /home/ubuntu/.local/lib/python3.10/site-packages/airflow/example_dags/example_sensors.py
[2024-02-06T12:51:19.278+0100] {processor.py:840} INFO - DAG(s) 'example_sensors' retrieved from /home/ubuntu/.local/lib/python3.10/site-packages/airflow/example_dags/example_sensors.py
[2024-02-06T12:51:19.305+0100] {logging_mixin.py:188} INFO - [2024-02-06T12:51:19.305+0100] {dag.py:3033} INFO - Sync 1 DAGs
[2024-02-06T12:51:19.320+0100] {logging_mixin.py:188} INFO - [2024-02-06T12:51:19.319+0100] {dag.py:3820} INFO - Setting next_dagrun for example_sensors to None, run_after=None
[2024-02-06T12:51:19.352+0100] {processor.py:183} INFO - Processing /home/ubuntu/.local/lib/python3.10/site-packages/airflow/example_dags/example_sensors.py took 0.099 seconds
[2024-02-06T12:52:33.948+0100] {processor.py:161} INFO - Started process (PID=18669) to work on /home/ubuntu/.local/lib/python3.10/site-packages/airflow/example_dags/example_sensors.py
[2024-02-06T12:52:33.951+0100] {processor.py:830} INFO - Processing file /home/ubuntu/.local/lib/python3.10/site-packages/airflow/example_dags/example_sensors.py for tasks to queue
[2024-02-06T12:52:33.953+0100] {logging_mixin.py:188} INFO - [2024-02-06T12:52:33.952+0100] {dagbag.py:538} INFO - Filling up the DagBag from /home/ubuntu/.local/lib/python3.10/site-packages/airflow/example_dags/example_sensors.py
[2024-02-06T12:52:33.965+0100] {processor.py:840} INFO - DAG(s) 'example_sensors' retrieved from /home/ubuntu/.local/lib/python3.10/site-packages/airflow/example_dags/example_sensors.py
[2024-02-06T12:52:33.987+0100] {logging_mixin.py:188} INFO - [2024-02-06T12:52:33.986+0100] {dag.py:3033} INFO - Sync 1 DAGs
[2024-02-06T12:52:33.998+0100] {logging_mixin.py:188} INFO - [2024-02-06T12:52:33.998+0100] {dag.py:3820} INFO - Setting next_dagrun for example_sensors to None, run_after=None
[2024-02-06T12:52:34.040+0100] {processor.py:183} INFO - Processing /home/ubuntu/.local/lib/python3.10/site-packages/airflow/example_dags/example_sensors.py took 0.097 seconds
[2024-02-06T12:53:33.426+0100] {processor.py:161} INFO - Started process (PID=18892) to work on /home/ubuntu/.local/lib/python3.10/site-packages/airflow/example_dags/example_sensors.py
[2024-02-06T12:53:33.431+0100] {processor.py:830} INFO - Processing file /home/ubuntu/.local/lib/python3.10/site-packages/airflow/example_dags/example_sensors.py for tasks to queue
[2024-02-06T12:53:33.432+0100] {logging_mixin.py:188} INFO - [2024-02-06T12:53:33.431+0100] {dagbag.py:538} INFO - Filling up the DagBag from /home/ubuntu/.local/lib/python3.10/site-packages/airflow/example_dags/example_sensors.py
[2024-02-06T12:53:33.446+0100] {processor.py:840} INFO - DAG(s) 'example_sensors' retrieved from /home/ubuntu/.local/lib/python3.10/site-packages/airflow/example_dags/example_sensors.py
[2024-02-06T12:53:33.472+0100] {logging_mixin.py:188} INFO - [2024-02-06T12:53:33.472+0100] {dag.py:3033} INFO - Sync 1 DAGs
[2024-02-06T12:53:33.486+0100] {logging_mixin.py:188} INFO - [2024-02-06T12:53:33.486+0100] {dag.py:3820} INFO - Setting next_dagrun for example_sensors to None, run_after=None
[2024-02-06T12:53:33.684+0100] {processor.py:183} INFO - Processing /home/ubuntu/.local/lib/python3.10/site-packages/airflow/example_dags/example_sensors.py took 0.263 seconds
[2024-02-06T12:54:30.414+0100] {processor.py:161} INFO - Started process (PID=19014) to work on /home/ubuntu/.local/lib/python3.10/site-packages/airflow/example_dags/example_sensors.py
[2024-02-06T12:54:30.416+0100] {processor.py:830} INFO - Processing file /home/ubuntu/.local/lib/python3.10/site-packages/airflow/example_dags/example_sensors.py for tasks to queue
[2024-02-06T12:54:30.417+0100] {logging_mixin.py:188} INFO - [2024-02-06T12:54:30.417+0100] {dagbag.py:538} INFO - Filling up the DagBag from /home/ubuntu/.local/lib/python3.10/site-packages/airflow/example_dags/example_sensors.py
[2024-02-06T12:54:30.431+0100] {processor.py:840} INFO - DAG(s) 'example_sensors' retrieved from /home/ubuntu/.local/lib/python3.10/site-packages/airflow/example_dags/example_sensors.py
[2024-02-06T12:54:30.458+0100] {logging_mixin.py:188} INFO - [2024-02-06T12:54:30.457+0100] {dag.py:3033} INFO - Sync 1 DAGs
[2024-02-06T12:54:30.473+0100] {logging_mixin.py:188} INFO - [2024-02-06T12:54:30.473+0100] {dag.py:3820} INFO - Setting next_dagrun for example_sensors to None, run_after=None
[2024-02-06T12:54:30.504+0100] {processor.py:183} INFO - Processing /home/ubuntu/.local/lib/python3.10/site-packages/airflow/example_dags/example_sensors.py took 0.095 seconds
[2024-02-06T12:55:46.808+0100] {processor.py:161} INFO - Started process (PID=19195) to work on /home/ubuntu/.local/lib/python3.10/site-packages/airflow/example_dags/example_sensors.py
[2024-02-06T12:55:46.809+0100] {processor.py:830} INFO - Processing file /home/ubuntu/.local/lib/python3.10/site-packages/airflow/example_dags/example_sensors.py for tasks to queue
[2024-02-06T12:55:46.810+0100] {logging_mixin.py:188} INFO - [2024-02-06T12:55:46.810+0100] {dagbag.py:538} INFO - Filling up the DagBag from /home/ubuntu/.local/lib/python3.10/site-packages/airflow/example_dags/example_sensors.py
[2024-02-06T12:55:46.825+0100] {processor.py:840} INFO - DAG(s) 'example_sensors' retrieved from /home/ubuntu/.local/lib/python3.10/site-packages/airflow/example_dags/example_sensors.py
[2024-02-06T12:55:46.849+0100] {logging_mixin.py:188} INFO - [2024-02-06T12:55:46.849+0100] {dag.py:3033} INFO - Sync 1 DAGs
[2024-02-06T12:55:46.864+0100] {logging_mixin.py:188} INFO - [2024-02-06T12:55:46.863+0100] {dag.py:3820} INFO - Setting next_dagrun for example_sensors to None, run_after=None
[2024-02-06T12:55:46.896+0100] {processor.py:183} INFO - Processing /home/ubuntu/.local/lib/python3.10/site-packages/airflow/example_dags/example_sensors.py took 0.093 seconds
[2024-02-06T12:57:01.616+0100] {processor.py:161} INFO - Started process (PID=19368) to work on /home/ubuntu/.local/lib/python3.10/site-packages/airflow/example_dags/example_sensors.py
[2024-02-06T12:57:01.618+0100] {processor.py:830} INFO - Processing file /home/ubuntu/.local/lib/python3.10/site-packages/airflow/example_dags/example_sensors.py for tasks to queue
[2024-02-06T12:57:01.619+0100] {logging_mixin.py:188} INFO - [2024-02-06T12:57:01.619+0100] {dagbag.py:538} INFO - Filling up the DagBag from /home/ubuntu/.local/lib/python3.10/site-packages/airflow/example_dags/example_sensors.py
[2024-02-06T12:57:01.632+0100] {processor.py:840} INFO - DAG(s) 'example_sensors' retrieved from /home/ubuntu/.local/lib/python3.10/site-packages/airflow/example_dags/example_sensors.py
[2024-02-06T12:57:01.799+0100] {logging_mixin.py:188} INFO - [2024-02-06T12:57:01.798+0100] {dag.py:3033} INFO - Sync 1 DAGs
[2024-02-06T12:57:01.811+0100] {logging_mixin.py:188} INFO - [2024-02-06T12:57:01.811+0100] {dag.py:3820} INFO - Setting next_dagrun for example_sensors to None, run_after=None
[2024-02-06T12:57:01.846+0100] {processor.py:183} INFO - Processing /home/ubuntu/.local/lib/python3.10/site-packages/airflow/example_dags/example_sensors.py took 0.234 seconds
[2024-02-06T12:57:57.779+0100] {processor.py:161} INFO - Started process (PID=19509) to work on /home/ubuntu/.local/lib/python3.10/site-packages/airflow/example_dags/example_sensors.py
[2024-02-06T12:57:57.783+0100] {processor.py:830} INFO - Processing file /home/ubuntu/.local/lib/python3.10/site-packages/airflow/example_dags/example_sensors.py for tasks to queue
[2024-02-06T12:57:57.784+0100] {logging_mixin.py:188} INFO - [2024-02-06T12:57:57.784+0100] {dagbag.py:538} INFO - Filling up the DagBag from /home/ubuntu/.local/lib/python3.10/site-packages/airflow/example_dags/example_sensors.py
[2024-02-06T12:57:57.799+0100] {processor.py:840} INFO - DAG(s) 'example_sensors' retrieved from /home/ubuntu/.local/lib/python3.10/site-packages/airflow/example_dags/example_sensors.py
[2024-02-06T12:57:57.829+0100] {logging_mixin.py:188} INFO - [2024-02-06T12:57:57.829+0100] {dag.py:3033} INFO - Sync 1 DAGs
[2024-02-06T12:57:57.845+0100] {logging_mixin.py:188} INFO - [2024-02-06T12:57:57.844+0100] {dag.py:3820} INFO - Setting next_dagrun for example_sensors to None, run_after=None
[2024-02-06T12:57:57.881+0100] {processor.py:183} INFO - Processing /home/ubuntu/.local/lib/python3.10/site-packages/airflow/example_dags/example_sensors.py took 0.108 seconds
[2024-02-06T12:59:06.946+0100] {processor.py:161} INFO - Started process (PID=19670) to work on /home/ubuntu/.local/lib/python3.10/site-packages/airflow/example_dags/example_sensors.py
[2024-02-06T12:59:06.951+0100] {processor.py:830} INFO - Processing file /home/ubuntu/.local/lib/python3.10/site-packages/airflow/example_dags/example_sensors.py for tasks to queue
[2024-02-06T12:59:06.956+0100] {logging_mixin.py:188} INFO - [2024-02-06T12:59:06.954+0100] {dagbag.py:538} INFO - Filling up the DagBag from /home/ubuntu/.local/lib/python3.10/site-packages/airflow/example_dags/example_sensors.py
[2024-02-06T12:59:06.993+0100] {processor.py:840} INFO - DAG(s) 'example_sensors' retrieved from /home/ubuntu/.local/lib/python3.10/site-packages/airflow/example_dags/example_sensors.py
[2024-02-06T12:59:07.040+0100] {logging_mixin.py:188} INFO - [2024-02-06T12:59:07.040+0100] {dag.py:3033} INFO - Sync 1 DAGs
[2024-02-06T12:59:07.062+0100] {logging_mixin.py:188} INFO - [2024-02-06T12:59:07.062+0100] {dag.py:3820} INFO - Setting next_dagrun for example_sensors to None, run_after=None
[2024-02-06T12:59:07.095+0100] {processor.py:183} INFO - Processing /home/ubuntu/.local/lib/python3.10/site-packages/airflow/example_dags/example_sensors.py took 0.165 seconds
[2024-02-06T13:00:30.538+0100] {processor.py:161} INFO - Started process (PID=19987) to work on /home/ubuntu/.local/lib/python3.10/site-packages/airflow/example_dags/example_sensors.py
[2024-02-06T13:00:30.541+0100] {processor.py:830} INFO - Processing file /home/ubuntu/.local/lib/python3.10/site-packages/airflow/example_dags/example_sensors.py for tasks to queue
[2024-02-06T13:00:30.545+0100] {logging_mixin.py:188} INFO - [2024-02-06T13:00:30.544+0100] {dagbag.py:538} INFO - Filling up the DagBag from /home/ubuntu/.local/lib/python3.10/site-packages/airflow/example_dags/example_sensors.py
[2024-02-06T13:00:30.620+0100] {processor.py:840} INFO - DAG(s) 'example_sensors' retrieved from /home/ubuntu/.local/lib/python3.10/site-packages/airflow/example_dags/example_sensors.py
[2024-02-06T13:00:30.675+0100] {logging_mixin.py:188} INFO - [2024-02-06T13:00:30.675+0100] {dag.py:3033} INFO - Sync 1 DAGs
[2024-02-06T13:00:30.731+0100] {logging_mixin.py:188} INFO - [2024-02-06T13:00:30.731+0100] {dag.py:3820} INFO - Setting next_dagrun for example_sensors to None, run_after=None
[2024-02-06T13:00:30.775+0100] {processor.py:183} INFO - Processing /home/ubuntu/.local/lib/python3.10/site-packages/airflow/example_dags/example_sensors.py took 0.282 seconds
[2024-02-06T13:01:54.508+0100] {processor.py:161} INFO - Started process (PID=20250) to work on /home/ubuntu/.local/lib/python3.10/site-packages/airflow/example_dags/example_sensors.py
[2024-02-06T13:01:54.510+0100] {processor.py:830} INFO - Processing file /home/ubuntu/.local/lib/python3.10/site-packages/airflow/example_dags/example_sensors.py for tasks to queue
[2024-02-06T13:01:54.512+0100] {logging_mixin.py:188} INFO - [2024-02-06T13:01:54.512+0100] {dagbag.py:538} INFO - Filling up the DagBag from /home/ubuntu/.local/lib/python3.10/site-packages/airflow/example_dags/example_sensors.py
[2024-02-06T13:01:54.528+0100] {processor.py:840} INFO - DAG(s) 'example_sensors' retrieved from /home/ubuntu/.local/lib/python3.10/site-packages/airflow/example_dags/example_sensors.py
[2024-02-06T13:01:54.557+0100] {logging_mixin.py:188} INFO - [2024-02-06T13:01:54.557+0100] {dag.py:3033} INFO - Sync 1 DAGs
[2024-02-06T13:01:54.576+0100] {logging_mixin.py:188} INFO - [2024-02-06T13:01:54.575+0100] {dag.py:3820} INFO - Setting next_dagrun for example_sensors to None, run_after=None
[2024-02-06T13:01:54.613+0100] {processor.py:183} INFO - Processing /home/ubuntu/.local/lib/python3.10/site-packages/airflow/example_dags/example_sensors.py took 0.113 seconds
[2024-02-06T13:03:19.238+0100] {processor.py:161} INFO - Started process (PID=20506) to work on /home/ubuntu/.local/lib/python3.10/site-packages/airflow/example_dags/example_sensors.py
[2024-02-06T13:03:19.241+0100] {processor.py:830} INFO - Processing file /home/ubuntu/.local/lib/python3.10/site-packages/airflow/example_dags/example_sensors.py for tasks to queue
[2024-02-06T13:03:19.243+0100] {logging_mixin.py:188} INFO - [2024-02-06T13:03:19.242+0100] {dagbag.py:538} INFO - Filling up the DagBag from /home/ubuntu/.local/lib/python3.10/site-packages/airflow/example_dags/example_sensors.py
[2024-02-06T13:03:19.255+0100] {processor.py:840} INFO - DAG(s) 'example_sensors' retrieved from /home/ubuntu/.local/lib/python3.10/site-packages/airflow/example_dags/example_sensors.py
[2024-02-06T13:03:19.279+0100] {logging_mixin.py:188} INFO - [2024-02-06T13:03:19.279+0100] {dag.py:3033} INFO - Sync 1 DAGs
[2024-02-06T13:03:19.291+0100] {logging_mixin.py:188} INFO - [2024-02-06T13:03:19.291+0100] {dag.py:3820} INFO - Setting next_dagrun for example_sensors to None, run_after=None
[2024-02-06T13:03:19.326+0100] {processor.py:183} INFO - Processing /home/ubuntu/.local/lib/python3.10/site-packages/airflow/example_dags/example_sensors.py took 0.093 seconds
[2024-02-06T13:04:36.544+0100] {processor.py:161} INFO - Started process (PID=20738) to work on /home/ubuntu/.local/lib/python3.10/site-packages/airflow/example_dags/example_sensors.py
[2024-02-06T13:04:36.547+0100] {processor.py:830} INFO - Processing file /home/ubuntu/.local/lib/python3.10/site-packages/airflow/example_dags/example_sensors.py for tasks to queue
[2024-02-06T13:04:36.548+0100] {logging_mixin.py:188} INFO - [2024-02-06T13:04:36.547+0100] {dagbag.py:538} INFO - Filling up the DagBag from /home/ubuntu/.local/lib/python3.10/site-packages/airflow/example_dags/example_sensors.py
[2024-02-06T13:04:36.559+0100] {processor.py:840} INFO - DAG(s) 'example_sensors' retrieved from /home/ubuntu/.local/lib/python3.10/site-packages/airflow/example_dags/example_sensors.py
[2024-02-06T13:04:36.580+0100] {logging_mixin.py:188} INFO - [2024-02-06T13:04:36.580+0100] {dag.py:3033} INFO - Sync 1 DAGs
[2024-02-06T13:04:36.592+0100] {logging_mixin.py:188} INFO - [2024-02-06T13:04:36.591+0100] {dag.py:3820} INFO - Setting next_dagrun for example_sensors to None, run_after=None
[2024-02-06T13:04:36.629+0100] {processor.py:183} INFO - Processing /home/ubuntu/.local/lib/python3.10/site-packages/airflow/example_dags/example_sensors.py took 0.089 seconds
[2024-02-06T13:05:46.921+0100] {processor.py:161} INFO - Started process (PID=20944) to work on /home/ubuntu/.local/lib/python3.10/site-packages/airflow/example_dags/example_sensors.py
[2024-02-06T13:05:46.923+0100] {processor.py:830} INFO - Processing file /home/ubuntu/.local/lib/python3.10/site-packages/airflow/example_dags/example_sensors.py for tasks to queue
[2024-02-06T13:05:46.925+0100] {logging_mixin.py:188} INFO - [2024-02-06T13:05:46.924+0100] {dagbag.py:538} INFO - Filling up the DagBag from /home/ubuntu/.local/lib/python3.10/site-packages/airflow/example_dags/example_sensors.py
[2024-02-06T13:05:46.936+0100] {processor.py:840} INFO - DAG(s) 'example_sensors' retrieved from /home/ubuntu/.local/lib/python3.10/site-packages/airflow/example_dags/example_sensors.py
[2024-02-06T13:05:46.958+0100] {logging_mixin.py:188} INFO - [2024-02-06T13:05:46.958+0100] {dag.py:3033} INFO - Sync 1 DAGs
[2024-02-06T13:05:46.969+0100] {logging_mixin.py:188} INFO - [2024-02-06T13:05:46.969+0100] {dag.py:3820} INFO - Setting next_dagrun for example_sensors to None, run_after=None
[2024-02-06T13:05:47.010+0100] {processor.py:183} INFO - Processing /home/ubuntu/.local/lib/python3.10/site-packages/airflow/example_dags/example_sensors.py took 0.093 seconds
[2024-02-06T13:06:59.582+0100] {processor.py:161} INFO - Started process (PID=21152) to work on /home/ubuntu/.local/lib/python3.10/site-packages/airflow/example_dags/example_sensors.py
[2024-02-06T13:06:59.585+0100] {processor.py:830} INFO - Processing file /home/ubuntu/.local/lib/python3.10/site-packages/airflow/example_dags/example_sensors.py for tasks to queue
[2024-02-06T13:06:59.586+0100] {logging_mixin.py:188} INFO - [2024-02-06T13:06:59.585+0100] {dagbag.py:538} INFO - Filling up the DagBag from /home/ubuntu/.local/lib/python3.10/site-packages/airflow/example_dags/example_sensors.py
[2024-02-06T13:06:59.601+0100] {processor.py:840} INFO - DAG(s) 'example_sensors' retrieved from /home/ubuntu/.local/lib/python3.10/site-packages/airflow/example_dags/example_sensors.py
[2024-02-06T13:06:59.627+0100] {logging_mixin.py:188} INFO - [2024-02-06T13:06:59.627+0100] {dag.py:3033} INFO - Sync 1 DAGs
[2024-02-06T13:06:59.646+0100] {logging_mixin.py:188} INFO - [2024-02-06T13:06:59.646+0100] {dag.py:3820} INFO - Setting next_dagrun for example_sensors to None, run_after=None
[2024-02-06T13:06:59.684+0100] {processor.py:183} INFO - Processing /home/ubuntu/.local/lib/python3.10/site-packages/airflow/example_dags/example_sensors.py took 0.106 seconds
[2024-02-06T13:08:12.054+0100] {processor.py:161} INFO - Started process (PID=21367) to work on /home/ubuntu/.local/lib/python3.10/site-packages/airflow/example_dags/example_sensors.py
[2024-02-06T13:08:12.063+0100] {processor.py:830} INFO - Processing file /home/ubuntu/.local/lib/python3.10/site-packages/airflow/example_dags/example_sensors.py for tasks to queue
[2024-02-06T13:08:12.064+0100] {logging_mixin.py:188} INFO - [2024-02-06T13:08:12.064+0100] {dagbag.py:538} INFO - Filling up the DagBag from /home/ubuntu/.local/lib/python3.10/site-packages/airflow/example_dags/example_sensors.py
[2024-02-06T13:08:12.084+0100] {processor.py:840} INFO - DAG(s) 'example_sensors' retrieved from /home/ubuntu/.local/lib/python3.10/site-packages/airflow/example_dags/example_sensors.py
[2024-02-06T13:08:12.115+0100] {logging_mixin.py:188} INFO - [2024-02-06T13:08:12.115+0100] {dag.py:3033} INFO - Sync 1 DAGs
[2024-02-06T13:08:12.129+0100] {logging_mixin.py:188} INFO - [2024-02-06T13:08:12.129+0100] {dag.py:3820} INFO - Setting next_dagrun for example_sensors to None, run_after=None
[2024-02-06T13:08:12.166+0100] {processor.py:183} INFO - Processing /home/ubuntu/.local/lib/python3.10/site-packages/airflow/example_dags/example_sensors.py took 0.118 seconds
[2024-02-06T13:09:24.614+0100] {processor.py:161} INFO - Started process (PID=21577) to work on /home/ubuntu/.local/lib/python3.10/site-packages/airflow/example_dags/example_sensors.py
[2024-02-06T13:09:24.618+0100] {processor.py:830} INFO - Processing file /home/ubuntu/.local/lib/python3.10/site-packages/airflow/example_dags/example_sensors.py for tasks to queue
[2024-02-06T13:09:24.620+0100] {logging_mixin.py:188} INFO - [2024-02-06T13:09:24.620+0100] {dagbag.py:538} INFO - Filling up the DagBag from /home/ubuntu/.local/lib/python3.10/site-packages/airflow/example_dags/example_sensors.py
[2024-02-06T13:09:24.633+0100] {processor.py:840} INFO - DAG(s) 'example_sensors' retrieved from /home/ubuntu/.local/lib/python3.10/site-packages/airflow/example_dags/example_sensors.py
[2024-02-06T13:09:24.658+0100] {logging_mixin.py:188} INFO - [2024-02-06T13:09:24.658+0100] {dag.py:3033} INFO - Sync 1 DAGs
[2024-02-06T13:09:24.675+0100] {logging_mixin.py:188} INFO - [2024-02-06T13:09:24.675+0100] {dag.py:3820} INFO - Setting next_dagrun for example_sensors to None, run_after=None
[2024-02-06T13:09:24.712+0100] {processor.py:183} INFO - Processing /home/ubuntu/.local/lib/python3.10/site-packages/airflow/example_dags/example_sensors.py took 0.104 seconds
[2024-02-06T13:10:34.816+0100] {processor.py:161} INFO - Started process (PID=21797) to work on /home/ubuntu/.local/lib/python3.10/site-packages/airflow/example_dags/example_sensors.py
[2024-02-06T13:10:34.819+0100] {processor.py:830} INFO - Processing file /home/ubuntu/.local/lib/python3.10/site-packages/airflow/example_dags/example_sensors.py for tasks to queue
[2024-02-06T13:10:34.820+0100] {logging_mixin.py:188} INFO - [2024-02-06T13:10:34.820+0100] {dagbag.py:538} INFO - Filling up the DagBag from /home/ubuntu/.local/lib/python3.10/site-packages/airflow/example_dags/example_sensors.py
[2024-02-06T13:10:34.834+0100] {processor.py:840} INFO - DAG(s) 'example_sensors' retrieved from /home/ubuntu/.local/lib/python3.10/site-packages/airflow/example_dags/example_sensors.py
[2024-02-06T13:10:34.861+0100] {logging_mixin.py:188} INFO - [2024-02-06T13:10:34.861+0100] {dag.py:3033} INFO - Sync 1 DAGs
[2024-02-06T13:10:34.875+0100] {logging_mixin.py:188} INFO - [2024-02-06T13:10:34.875+0100] {dag.py:3820} INFO - Setting next_dagrun for example_sensors to None, run_after=None
[2024-02-06T13:10:34.907+0100] {processor.py:183} INFO - Processing /home/ubuntu/.local/lib/python3.10/site-packages/airflow/example_dags/example_sensors.py took 0.095 seconds
[2024-02-06T13:11:36.494+0100] {processor.py:161} INFO - Started process (PID=21992) to work on /home/ubuntu/.local/lib/python3.10/site-packages/airflow/example_dags/example_sensors.py
[2024-02-06T13:11:36.497+0100] {processor.py:830} INFO - Processing file /home/ubuntu/.local/lib/python3.10/site-packages/airflow/example_dags/example_sensors.py for tasks to queue
[2024-02-06T13:11:36.499+0100] {logging_mixin.py:188} INFO - [2024-02-06T13:11:36.499+0100] {dagbag.py:538} INFO - Filling up the DagBag from /home/ubuntu/.local/lib/python3.10/site-packages/airflow/example_dags/example_sensors.py
[2024-02-06T13:11:36.514+0100] {processor.py:840} INFO - DAG(s) 'example_sensors' retrieved from /home/ubuntu/.local/lib/python3.10/site-packages/airflow/example_dags/example_sensors.py
[2024-02-06T13:11:36.541+0100] {logging_mixin.py:188} INFO - [2024-02-06T13:11:36.540+0100] {dag.py:3033} INFO - Sync 1 DAGs
[2024-02-06T13:11:36.555+0100] {logging_mixin.py:188} INFO - [2024-02-06T13:11:36.555+0100] {dag.py:3820} INFO - Setting next_dagrun for example_sensors to None, run_after=None
[2024-02-06T13:11:36.589+0100] {processor.py:183} INFO - Processing /home/ubuntu/.local/lib/python3.10/site-packages/airflow/example_dags/example_sensors.py took 0.102 seconds
[2024-02-06T13:12:51.405+0100] {processor.py:161} INFO - Started process (PID=22216) to work on /home/ubuntu/.local/lib/python3.10/site-packages/airflow/example_dags/example_sensors.py
[2024-02-06T13:12:51.408+0100] {processor.py:830} INFO - Processing file /home/ubuntu/.local/lib/python3.10/site-packages/airflow/example_dags/example_sensors.py for tasks to queue
[2024-02-06T13:12:51.409+0100] {logging_mixin.py:188} INFO - [2024-02-06T13:12:51.408+0100] {dagbag.py:538} INFO - Filling up the DagBag from /home/ubuntu/.local/lib/python3.10/site-packages/airflow/example_dags/example_sensors.py
[2024-02-06T13:12:51.423+0100] {processor.py:840} INFO - DAG(s) 'example_sensors' retrieved from /home/ubuntu/.local/lib/python3.10/site-packages/airflow/example_dags/example_sensors.py
[2024-02-06T13:12:51.450+0100] {logging_mixin.py:188} INFO - [2024-02-06T13:12:51.450+0100] {dag.py:3033} INFO - Sync 1 DAGs
[2024-02-06T13:12:51.467+0100] {logging_mixin.py:188} INFO - [2024-02-06T13:12:51.467+0100] {dag.py:3820} INFO - Setting next_dagrun for example_sensors to None, run_after=None
[2024-02-06T13:12:51.499+0100] {processor.py:183} INFO - Processing /home/ubuntu/.local/lib/python3.10/site-packages/airflow/example_dags/example_sensors.py took 0.100 seconds
[2024-02-06T13:14:05.665+0100] {processor.py:161} INFO - Started process (PID=22461) to work on /home/ubuntu/.local/lib/python3.10/site-packages/airflow/example_dags/example_sensors.py
[2024-02-06T13:14:05.670+0100] {processor.py:830} INFO - Processing file /home/ubuntu/.local/lib/python3.10/site-packages/airflow/example_dags/example_sensors.py for tasks to queue
[2024-02-06T13:14:05.671+0100] {logging_mixin.py:188} INFO - [2024-02-06T13:14:05.670+0100] {dagbag.py:538} INFO - Filling up the DagBag from /home/ubuntu/.local/lib/python3.10/site-packages/airflow/example_dags/example_sensors.py
[2024-02-06T13:14:05.687+0100] {processor.py:840} INFO - DAG(s) 'example_sensors' retrieved from /home/ubuntu/.local/lib/python3.10/site-packages/airflow/example_dags/example_sensors.py
[2024-02-06T13:14:05.711+0100] {logging_mixin.py:188} INFO - [2024-02-06T13:14:05.710+0100] {dag.py:3033} INFO - Sync 1 DAGs
[2024-02-06T13:14:05.722+0100] {logging_mixin.py:188} INFO - [2024-02-06T13:14:05.722+0100] {dag.py:3820} INFO - Setting next_dagrun for example_sensors to None, run_after=None
[2024-02-06T13:14:05.763+0100] {processor.py:183} INFO - Processing /home/ubuntu/.local/lib/python3.10/site-packages/airflow/example_dags/example_sensors.py took 0.103 seconds
[2024-02-06T13:15:23.943+0100] {processor.py:161} INFO - Started process (PID=22687) to work on /home/ubuntu/.local/lib/python3.10/site-packages/airflow/example_dags/example_sensors.py
[2024-02-06T13:15:23.945+0100] {processor.py:830} INFO - Processing file /home/ubuntu/.local/lib/python3.10/site-packages/airflow/example_dags/example_sensors.py for tasks to queue
[2024-02-06T13:15:23.946+0100] {logging_mixin.py:188} INFO - [2024-02-06T13:15:23.945+0100] {dagbag.py:538} INFO - Filling up the DagBag from /home/ubuntu/.local/lib/python3.10/site-packages/airflow/example_dags/example_sensors.py
[2024-02-06T13:15:23.962+0100] {processor.py:840} INFO - DAG(s) 'example_sensors' retrieved from /home/ubuntu/.local/lib/python3.10/site-packages/airflow/example_dags/example_sensors.py
[2024-02-06T13:15:23.988+0100] {logging_mixin.py:188} INFO - [2024-02-06T13:15:23.988+0100] {dag.py:3033} INFO - Sync 1 DAGs
[2024-02-06T13:15:24.002+0100] {logging_mixin.py:188} INFO - [2024-02-06T13:15:24.002+0100] {dag.py:3820} INFO - Setting next_dagrun for example_sensors to None, run_after=None
[2024-02-06T13:15:24.035+0100] {processor.py:183} INFO - Processing /home/ubuntu/.local/lib/python3.10/site-packages/airflow/example_dags/example_sensors.py took 0.101 seconds
[2024-02-06T13:16:40.580+0100] {processor.py:161} INFO - Started process (PID=22907) to work on /home/ubuntu/.local/lib/python3.10/site-packages/airflow/example_dags/example_sensors.py
[2024-02-06T13:16:40.582+0100] {processor.py:830} INFO - Processing file /home/ubuntu/.local/lib/python3.10/site-packages/airflow/example_dags/example_sensors.py for tasks to queue
[2024-02-06T13:16:40.583+0100] {logging_mixin.py:188} INFO - [2024-02-06T13:16:40.583+0100] {dagbag.py:538} INFO - Filling up the DagBag from /home/ubuntu/.local/lib/python3.10/site-packages/airflow/example_dags/example_sensors.py
[2024-02-06T13:16:40.598+0100] {processor.py:840} INFO - DAG(s) 'example_sensors' retrieved from /home/ubuntu/.local/lib/python3.10/site-packages/airflow/example_dags/example_sensors.py
[2024-02-06T13:16:40.628+0100] {logging_mixin.py:188} INFO - [2024-02-06T13:16:40.628+0100] {dag.py:3033} INFO - Sync 1 DAGs
[2024-02-06T13:16:40.643+0100] {logging_mixin.py:188} INFO - [2024-02-06T13:16:40.642+0100] {dag.py:3820} INFO - Setting next_dagrun for example_sensors to None, run_after=None
[2024-02-06T13:16:40.676+0100] {processor.py:183} INFO - Processing /home/ubuntu/.local/lib/python3.10/site-packages/airflow/example_dags/example_sensors.py took 0.101 seconds
[2024-02-06T13:17:52.643+0100] {processor.py:161} INFO - Started process (PID=23131) to work on /home/ubuntu/.local/lib/python3.10/site-packages/airflow/example_dags/example_sensors.py
[2024-02-06T13:17:52.645+0100] {processor.py:830} INFO - Processing file /home/ubuntu/.local/lib/python3.10/site-packages/airflow/example_dags/example_sensors.py for tasks to queue
[2024-02-06T13:17:52.646+0100] {logging_mixin.py:188} INFO - [2024-02-06T13:17:52.645+0100] {dagbag.py:538} INFO - Filling up the DagBag from /home/ubuntu/.local/lib/python3.10/site-packages/airflow/example_dags/example_sensors.py
[2024-02-06T13:17:52.660+0100] {processor.py:840} INFO - DAG(s) 'example_sensors' retrieved from /home/ubuntu/.local/lib/python3.10/site-packages/airflow/example_dags/example_sensors.py
[2024-02-06T13:17:52.689+0100] {logging_mixin.py:188} INFO - [2024-02-06T13:17:52.688+0100] {dag.py:3033} INFO - Sync 1 DAGs
[2024-02-06T13:17:52.702+0100] {logging_mixin.py:188} INFO - [2024-02-06T13:17:52.701+0100] {dag.py:3820} INFO - Setting next_dagrun for example_sensors to None, run_after=None
[2024-02-06T13:17:52.743+0100] {processor.py:183} INFO - Processing /home/ubuntu/.local/lib/python3.10/site-packages/airflow/example_dags/example_sensors.py took 0.106 seconds
[2024-02-06T13:19:09.543+0100] {processor.py:161} INFO - Started process (PID=23367) to work on /home/ubuntu/.local/lib/python3.10/site-packages/airflow/example_dags/example_sensors.py
[2024-02-06T13:19:09.545+0100] {processor.py:830} INFO - Processing file /home/ubuntu/.local/lib/python3.10/site-packages/airflow/example_dags/example_sensors.py for tasks to queue
[2024-02-06T13:19:09.546+0100] {logging_mixin.py:188} INFO - [2024-02-06T13:19:09.546+0100] {dagbag.py:538} INFO - Filling up the DagBag from /home/ubuntu/.local/lib/python3.10/site-packages/airflow/example_dags/example_sensors.py
[2024-02-06T13:19:09.560+0100] {processor.py:840} INFO - DAG(s) 'example_sensors' retrieved from /home/ubuntu/.local/lib/python3.10/site-packages/airflow/example_dags/example_sensors.py
[2024-02-06T13:19:09.581+0100] {logging_mixin.py:188} INFO - [2024-02-06T13:19:09.580+0100] {dag.py:3033} INFO - Sync 1 DAGs
[2024-02-06T13:19:09.593+0100] {logging_mixin.py:188} INFO - [2024-02-06T13:19:09.592+0100] {dag.py:3820} INFO - Setting next_dagrun for example_sensors to None, run_after=None
[2024-02-06T13:19:09.633+0100] {processor.py:183} INFO - Processing /home/ubuntu/.local/lib/python3.10/site-packages/airflow/example_dags/example_sensors.py took 0.094 seconds
[2024-02-06T13:20:16.863+0100] {processor.py:161} INFO - Started process (PID=23548) to work on /home/ubuntu/.local/lib/python3.10/site-packages/airflow/example_dags/example_sensors.py
[2024-02-06T13:20:16.866+0100] {processor.py:830} INFO - Processing file /home/ubuntu/.local/lib/python3.10/site-packages/airflow/example_dags/example_sensors.py for tasks to queue
[2024-02-06T13:20:16.867+0100] {logging_mixin.py:188} INFO - [2024-02-06T13:20:16.866+0100] {dagbag.py:538} INFO - Filling up the DagBag from /home/ubuntu/.local/lib/python3.10/site-packages/airflow/example_dags/example_sensors.py
[2024-02-06T13:20:16.879+0100] {processor.py:840} INFO - DAG(s) 'example_sensors' retrieved from /home/ubuntu/.local/lib/python3.10/site-packages/airflow/example_dags/example_sensors.py
[2024-02-06T13:20:16.900+0100] {logging_mixin.py:188} INFO - [2024-02-06T13:20:16.900+0100] {dag.py:3033} INFO - Sync 1 DAGs
[2024-02-06T13:20:16.911+0100] {logging_mixin.py:188} INFO - [2024-02-06T13:20:16.911+0100] {dag.py:3820} INFO - Setting next_dagrun for example_sensors to None, run_after=None
[2024-02-06T13:20:16.956+0100] {processor.py:183} INFO - Processing /home/ubuntu/.local/lib/python3.10/site-packages/airflow/example_dags/example_sensors.py took 0.098 seconds
[2024-02-06T13:21:29.068+0100] {processor.py:161} INFO - Started process (PID=23782) to work on /home/ubuntu/.local/lib/python3.10/site-packages/airflow/example_dags/example_sensors.py
[2024-02-06T13:21:29.071+0100] {processor.py:830} INFO - Processing file /home/ubuntu/.local/lib/python3.10/site-packages/airflow/example_dags/example_sensors.py for tasks to queue
[2024-02-06T13:21:29.073+0100] {logging_mixin.py:188} INFO - [2024-02-06T13:21:29.072+0100] {dagbag.py:538} INFO - Filling up the DagBag from /home/ubuntu/.local/lib/python3.10/site-packages/airflow/example_dags/example_sensors.py
[2024-02-06T13:21:29.087+0100] {processor.py:840} INFO - DAG(s) 'example_sensors' retrieved from /home/ubuntu/.local/lib/python3.10/site-packages/airflow/example_dags/example_sensors.py
[2024-02-06T13:21:29.113+0100] {logging_mixin.py:188} INFO - [2024-02-06T13:21:29.112+0100] {dag.py:3033} INFO - Sync 1 DAGs
[2024-02-06T13:21:29.128+0100] {logging_mixin.py:188} INFO - [2024-02-06T13:21:29.127+0100] {dag.py:3820} INFO - Setting next_dagrun for example_sensors to None, run_after=None
[2024-02-06T13:21:29.160+0100] {processor.py:183} INFO - Processing /home/ubuntu/.local/lib/python3.10/site-packages/airflow/example_dags/example_sensors.py took 0.096 seconds
[2024-02-06T13:22:41.552+0100] {processor.py:161} INFO - Started process (PID=23994) to work on /home/ubuntu/.local/lib/python3.10/site-packages/airflow/example_dags/example_sensors.py
[2024-02-06T13:22:41.570+0100] {processor.py:830} INFO - Processing file /home/ubuntu/.local/lib/python3.10/site-packages/airflow/example_dags/example_sensors.py for tasks to queue
[2024-02-06T13:22:41.572+0100] {logging_mixin.py:188} INFO - [2024-02-06T13:22:41.571+0100] {dagbag.py:538} INFO - Filling up the DagBag from /home/ubuntu/.local/lib/python3.10/site-packages/airflow/example_dags/example_sensors.py
[2024-02-06T13:22:41.598+0100] {processor.py:840} INFO - DAG(s) 'example_sensors' retrieved from /home/ubuntu/.local/lib/python3.10/site-packages/airflow/example_dags/example_sensors.py
[2024-02-06T13:22:41.648+0100] {logging_mixin.py:188} INFO - [2024-02-06T13:22:41.647+0100] {dag.py:3033} INFO - Sync 1 DAGs
[2024-02-06T13:22:41.662+0100] {logging_mixin.py:188} INFO - [2024-02-06T13:22:41.661+0100] {dag.py:3820} INFO - Setting next_dagrun for example_sensors to None, run_after=None
[2024-02-06T13:22:41.699+0100] {processor.py:183} INFO - Processing /home/ubuntu/.local/lib/python3.10/site-packages/airflow/example_dags/example_sensors.py took 0.154 seconds
[2024-02-06T13:23:59.359+0100] {processor.py:161} INFO - Started process (PID=24230) to work on /home/ubuntu/.local/lib/python3.10/site-packages/airflow/example_dags/example_sensors.py
[2024-02-06T13:23:59.365+0100] {processor.py:830} INFO - Processing file /home/ubuntu/.local/lib/python3.10/site-packages/airflow/example_dags/example_sensors.py for tasks to queue
[2024-02-06T13:23:59.367+0100] {logging_mixin.py:188} INFO - [2024-02-06T13:23:59.366+0100] {dagbag.py:538} INFO - Filling up the DagBag from /home/ubuntu/.local/lib/python3.10/site-packages/airflow/example_dags/example_sensors.py
[2024-02-06T13:23:59.380+0100] {processor.py:840} INFO - DAG(s) 'example_sensors' retrieved from /home/ubuntu/.local/lib/python3.10/site-packages/airflow/example_dags/example_sensors.py
[2024-02-06T13:23:59.406+0100] {logging_mixin.py:188} INFO - [2024-02-06T13:23:59.406+0100] {dag.py:3033} INFO - Sync 1 DAGs
[2024-02-06T13:23:59.421+0100] {logging_mixin.py:188} INFO - [2024-02-06T13:23:59.420+0100] {dag.py:3820} INFO - Setting next_dagrun for example_sensors to None, run_after=None
[2024-02-06T13:23:59.454+0100] {processor.py:183} INFO - Processing /home/ubuntu/.local/lib/python3.10/site-packages/airflow/example_dags/example_sensors.py took 0.100 seconds
[2024-02-06T13:25:13.580+0100] {processor.py:161} INFO - Started process (PID=24442) to work on /home/ubuntu/.local/lib/python3.10/site-packages/airflow/example_dags/example_sensors.py
[2024-02-06T13:25:13.583+0100] {processor.py:830} INFO - Processing file /home/ubuntu/.local/lib/python3.10/site-packages/airflow/example_dags/example_sensors.py for tasks to queue
[2024-02-06T13:25:13.584+0100] {logging_mixin.py:188} INFO - [2024-02-06T13:25:13.583+0100] {dagbag.py:538} INFO - Filling up the DagBag from /home/ubuntu/.local/lib/python3.10/site-packages/airflow/example_dags/example_sensors.py
[2024-02-06T13:25:13.597+0100] {processor.py:840} INFO - DAG(s) 'example_sensors' retrieved from /home/ubuntu/.local/lib/python3.10/site-packages/airflow/example_dags/example_sensors.py
[2024-02-06T13:25:13.626+0100] {logging_mixin.py:188} INFO - [2024-02-06T13:25:13.626+0100] {dag.py:3033} INFO - Sync 1 DAGs
[2024-02-06T13:25:13.641+0100] {logging_mixin.py:188} INFO - [2024-02-06T13:25:13.640+0100] {dag.py:3820} INFO - Setting next_dagrun for example_sensors to None, run_after=None
[2024-02-06T13:25:13.675+0100] {processor.py:183} INFO - Processing /home/ubuntu/.local/lib/python3.10/site-packages/airflow/example_dags/example_sensors.py took 0.101 seconds
[2024-02-06T13:26:27.784+0100] {processor.py:161} INFO - Started process (PID=24662) to work on /home/ubuntu/.local/lib/python3.10/site-packages/airflow/example_dags/example_sensors.py
[2024-02-06T13:26:27.787+0100] {processor.py:830} INFO - Processing file /home/ubuntu/.local/lib/python3.10/site-packages/airflow/example_dags/example_sensors.py for tasks to queue
[2024-02-06T13:26:27.788+0100] {logging_mixin.py:188} INFO - [2024-02-06T13:26:27.787+0100] {dagbag.py:538} INFO - Filling up the DagBag from /home/ubuntu/.local/lib/python3.10/site-packages/airflow/example_dags/example_sensors.py
[2024-02-06T13:26:27.804+0100] {processor.py:840} INFO - DAG(s) 'example_sensors' retrieved from /home/ubuntu/.local/lib/python3.10/site-packages/airflow/example_dags/example_sensors.py
[2024-02-06T13:26:27.832+0100] {logging_mixin.py:188} INFO - [2024-02-06T13:26:27.832+0100] {dag.py:3033} INFO - Sync 1 DAGs
[2024-02-06T13:26:27.848+0100] {logging_mixin.py:188} INFO - [2024-02-06T13:26:27.847+0100] {dag.py:3820} INFO - Setting next_dagrun for example_sensors to None, run_after=None
[2024-02-06T13:26:27.882+0100] {processor.py:183} INFO - Processing /home/ubuntu/.local/lib/python3.10/site-packages/airflow/example_dags/example_sensors.py took 0.102 seconds
[2024-02-06T13:27:44.196+0100] {processor.py:161} INFO - Started process (PID=24894) to work on /home/ubuntu/.local/lib/python3.10/site-packages/airflow/example_dags/example_sensors.py
[2024-02-06T13:27:44.200+0100] {processor.py:830} INFO - Processing file /home/ubuntu/.local/lib/python3.10/site-packages/airflow/example_dags/example_sensors.py for tasks to queue
[2024-02-06T13:27:44.202+0100] {logging_mixin.py:188} INFO - [2024-02-06T13:27:44.201+0100] {dagbag.py:538} INFO - Filling up the DagBag from /home/ubuntu/.local/lib/python3.10/site-packages/airflow/example_dags/example_sensors.py
[2024-02-06T13:27:44.219+0100] {processor.py:840} INFO - DAG(s) 'example_sensors' retrieved from /home/ubuntu/.local/lib/python3.10/site-packages/airflow/example_dags/example_sensors.py
[2024-02-06T13:27:44.254+0100] {logging_mixin.py:188} INFO - [2024-02-06T13:27:44.253+0100] {dag.py:3033} INFO - Sync 1 DAGs
[2024-02-06T13:27:44.277+0100] {logging_mixin.py:188} INFO - [2024-02-06T13:27:44.277+0100] {dag.py:3820} INFO - Setting next_dagrun for example_sensors to None, run_after=None
[2024-02-06T13:27:44.327+0100] {processor.py:183} INFO - Processing /home/ubuntu/.local/lib/python3.10/site-packages/airflow/example_dags/example_sensors.py took 0.138 seconds
[2024-02-06T13:28:50.872+0100] {processor.py:161} INFO - Started process (PID=25093) to work on /home/ubuntu/.local/lib/python3.10/site-packages/airflow/example_dags/example_sensors.py
[2024-02-06T13:28:50.876+0100] {processor.py:830} INFO - Processing file /home/ubuntu/.local/lib/python3.10/site-packages/airflow/example_dags/example_sensors.py for tasks to queue
[2024-02-06T13:28:50.877+0100] {logging_mixin.py:188} INFO - [2024-02-06T13:28:50.877+0100] {dagbag.py:538} INFO - Filling up the DagBag from /home/ubuntu/.local/lib/python3.10/site-packages/airflow/example_dags/example_sensors.py
[2024-02-06T13:28:50.892+0100] {processor.py:840} INFO - DAG(s) 'example_sensors' retrieved from /home/ubuntu/.local/lib/python3.10/site-packages/airflow/example_dags/example_sensors.py
[2024-02-06T13:28:50.919+0100] {logging_mixin.py:188} INFO - [2024-02-06T13:28:50.918+0100] {dag.py:3033} INFO - Sync 1 DAGs
[2024-02-06T13:28:50.932+0100] {logging_mixin.py:188} INFO - [2024-02-06T13:28:50.932+0100] {dag.py:3820} INFO - Setting next_dagrun for example_sensors to None, run_after=None
[2024-02-06T13:28:50.968+0100] {processor.py:183} INFO - Processing /home/ubuntu/.local/lib/python3.10/site-packages/airflow/example_dags/example_sensors.py took 0.100 seconds
[2024-02-06T13:30:02.269+0100] {processor.py:161} INFO - Started process (PID=25297) to work on /home/ubuntu/.local/lib/python3.10/site-packages/airflow/example_dags/example_sensors.py
[2024-02-06T13:30:02.272+0100] {processor.py:830} INFO - Processing file /home/ubuntu/.local/lib/python3.10/site-packages/airflow/example_dags/example_sensors.py for tasks to queue
[2024-02-06T13:30:02.273+0100] {logging_mixin.py:188} INFO - [2024-02-06T13:30:02.272+0100] {dagbag.py:538} INFO - Filling up the DagBag from /home/ubuntu/.local/lib/python3.10/site-packages/airflow/example_dags/example_sensors.py
[2024-02-06T13:30:02.287+0100] {processor.py:840} INFO - DAG(s) 'example_sensors' retrieved from /home/ubuntu/.local/lib/python3.10/site-packages/airflow/example_dags/example_sensors.py
[2024-02-06T13:30:02.313+0100] {logging_mixin.py:188} INFO - [2024-02-06T13:30:02.313+0100] {dag.py:3033} INFO - Sync 1 DAGs
[2024-02-06T13:30:02.328+0100] {logging_mixin.py:188} INFO - [2024-02-06T13:30:02.328+0100] {dag.py:3820} INFO - Setting next_dagrun for example_sensors to None, run_after=None
[2024-02-06T13:30:02.363+0100] {processor.py:183} INFO - Processing /home/ubuntu/.local/lib/python3.10/site-packages/airflow/example_dags/example_sensors.py took 0.098 seconds
[2024-02-06T13:31:19.096+0100] {processor.py:161} INFO - Started process (PID=25518) to work on /home/ubuntu/.local/lib/python3.10/site-packages/airflow/example_dags/example_sensors.py
[2024-02-06T13:31:19.099+0100] {processor.py:830} INFO - Processing file /home/ubuntu/.local/lib/python3.10/site-packages/airflow/example_dags/example_sensors.py for tasks to queue
[2024-02-06T13:31:19.100+0100] {logging_mixin.py:188} INFO - [2024-02-06T13:31:19.100+0100] {dagbag.py:538} INFO - Filling up the DagBag from /home/ubuntu/.local/lib/python3.10/site-packages/airflow/example_dags/example_sensors.py
[2024-02-06T13:31:19.117+0100] {processor.py:840} INFO - DAG(s) 'example_sensors' retrieved from /home/ubuntu/.local/lib/python3.10/site-packages/airflow/example_dags/example_sensors.py
[2024-02-06T13:31:19.142+0100] {logging_mixin.py:188} INFO - [2024-02-06T13:31:19.142+0100] {dag.py:3033} INFO - Sync 1 DAGs
[2024-02-06T13:31:19.157+0100] {logging_mixin.py:188} INFO - [2024-02-06T13:31:19.157+0100] {dag.py:3820} INFO - Setting next_dagrun for example_sensors to None, run_after=None
[2024-02-06T13:31:19.192+0100] {processor.py:183} INFO - Processing /home/ubuntu/.local/lib/python3.10/site-packages/airflow/example_dags/example_sensors.py took 0.101 seconds
[2024-02-06T13:32:14.904+0100] {processor.py:161} INFO - Started process (PID=25671) to work on /home/ubuntu/.local/lib/python3.10/site-packages/airflow/example_dags/example_sensors.py
[2024-02-06T13:32:14.908+0100] {processor.py:830} INFO - Processing file /home/ubuntu/.local/lib/python3.10/site-packages/airflow/example_dags/example_sensors.py for tasks to queue
[2024-02-06T13:32:14.909+0100] {logging_mixin.py:188} INFO - [2024-02-06T13:32:14.908+0100] {dagbag.py:538} INFO - Filling up the DagBag from /home/ubuntu/.local/lib/python3.10/site-packages/airflow/example_dags/example_sensors.py
[2024-02-06T13:32:14.922+0100] {processor.py:840} INFO - DAG(s) 'example_sensors' retrieved from /home/ubuntu/.local/lib/python3.10/site-packages/airflow/example_dags/example_sensors.py
[2024-02-06T13:32:14.952+0100] {logging_mixin.py:188} INFO - [2024-02-06T13:32:14.951+0100] {dag.py:3033} INFO - Sync 1 DAGs
[2024-02-06T13:32:14.968+0100] {logging_mixin.py:188} INFO - [2024-02-06T13:32:14.968+0100] {dag.py:3820} INFO - Setting next_dagrun for example_sensors to None, run_after=None
[2024-02-06T13:32:15.009+0100] {processor.py:183} INFO - Processing /home/ubuntu/.local/lib/python3.10/site-packages/airflow/example_dags/example_sensors.py took 0.110 seconds
[2024-02-06T13:33:22.545+0100] {processor.py:161} INFO - Started process (PID=26535) to work on /home/ubuntu/.local/lib/python3.10/site-packages/airflow/example_dags/example_sensors.py
[2024-02-06T13:33:22.548+0100] {processor.py:830} INFO - Processing file /home/ubuntu/.local/lib/python3.10/site-packages/airflow/example_dags/example_sensors.py for tasks to queue
[2024-02-06T13:33:22.549+0100] {logging_mixin.py:188} INFO - [2024-02-06T13:33:22.549+0100] {dagbag.py:538} INFO - Filling up the DagBag from /home/ubuntu/.local/lib/python3.10/site-packages/airflow/example_dags/example_sensors.py
[2024-02-06T13:33:22.566+0100] {processor.py:840} INFO - DAG(s) 'example_sensors' retrieved from /home/ubuntu/.local/lib/python3.10/site-packages/airflow/example_dags/example_sensors.py
[2024-02-06T13:33:22.609+0100] {logging_mixin.py:188} INFO - [2024-02-06T13:33:22.608+0100] {dag.py:3033} INFO - Sync 1 DAGs
[2024-02-06T13:33:22.630+0100] {logging_mixin.py:188} INFO - [2024-02-06T13:33:22.630+0100] {dag.py:3820} INFO - Setting next_dagrun for example_sensors to None, run_after=None
[2024-02-06T13:33:22.674+0100] {processor.py:183} INFO - Processing /home/ubuntu/.local/lib/python3.10/site-packages/airflow/example_dags/example_sensors.py took 0.137 seconds
[2024-02-06T13:34:34.050+0100] {processor.py:161} INFO - Started process (PID=26752) to work on /home/ubuntu/.local/lib/python3.10/site-packages/airflow/example_dags/example_sensors.py
[2024-02-06T13:34:34.055+0100] {processor.py:830} INFO - Processing file /home/ubuntu/.local/lib/python3.10/site-packages/airflow/example_dags/example_sensors.py for tasks to queue
[2024-02-06T13:34:34.056+0100] {logging_mixin.py:188} INFO - [2024-02-06T13:34:34.055+0100] {dagbag.py:538} INFO - Filling up the DagBag from /home/ubuntu/.local/lib/python3.10/site-packages/airflow/example_dags/example_sensors.py
[2024-02-06T13:34:34.069+0100] {processor.py:840} INFO - DAG(s) 'example_sensors' retrieved from /home/ubuntu/.local/lib/python3.10/site-packages/airflow/example_dags/example_sensors.py
[2024-02-06T13:34:34.099+0100] {logging_mixin.py:188} INFO - [2024-02-06T13:34:34.099+0100] {dag.py:3033} INFO - Sync 1 DAGs
[2024-02-06T13:34:34.113+0100] {logging_mixin.py:188} INFO - [2024-02-06T13:34:34.113+0100] {dag.py:3820} INFO - Setting next_dagrun for example_sensors to None, run_after=None
[2024-02-06T13:34:34.148+0100] {processor.py:183} INFO - Processing /home/ubuntu/.local/lib/python3.10/site-packages/airflow/example_dags/example_sensors.py took 0.103 seconds
[2024-02-06T13:35:45.417+0100] {processor.py:161} INFO - Started process (PID=26962) to work on /home/ubuntu/.local/lib/python3.10/site-packages/airflow/example_dags/example_sensors.py
[2024-02-06T13:35:45.421+0100] {processor.py:830} INFO - Processing file /home/ubuntu/.local/lib/python3.10/site-packages/airflow/example_dags/example_sensors.py for tasks to queue
[2024-02-06T13:35:45.422+0100] {logging_mixin.py:188} INFO - [2024-02-06T13:35:45.422+0100] {dagbag.py:538} INFO - Filling up the DagBag from /home/ubuntu/.local/lib/python3.10/site-packages/airflow/example_dags/example_sensors.py
[2024-02-06T13:35:45.433+0100] {processor.py:840} INFO - DAG(s) 'example_sensors' retrieved from /home/ubuntu/.local/lib/python3.10/site-packages/airflow/example_dags/example_sensors.py
[2024-02-06T13:35:45.455+0100] {logging_mixin.py:188} INFO - [2024-02-06T13:35:45.455+0100] {dag.py:3033} INFO - Sync 1 DAGs
[2024-02-06T13:35:45.466+0100] {logging_mixin.py:188} INFO - [2024-02-06T13:35:45.466+0100] {dag.py:3820} INFO - Setting next_dagrun for example_sensors to None, run_after=None
[2024-02-06T13:35:45.507+0100] {processor.py:183} INFO - Processing /home/ubuntu/.local/lib/python3.10/site-packages/airflow/example_dags/example_sensors.py took 0.094 seconds
[2024-02-06T13:37:04.105+0100] {processor.py:161} INFO - Started process (PID=27228) to work on /home/ubuntu/.local/lib/python3.10/site-packages/airflow/example_dags/example_sensors.py
[2024-02-06T13:37:04.108+0100] {processor.py:830} INFO - Processing file /home/ubuntu/.local/lib/python3.10/site-packages/airflow/example_dags/example_sensors.py for tasks to queue
[2024-02-06T13:37:04.109+0100] {logging_mixin.py:188} INFO - [2024-02-06T13:37:04.109+0100] {dagbag.py:538} INFO - Filling up the DagBag from /home/ubuntu/.local/lib/python3.10/site-packages/airflow/example_dags/example_sensors.py
[2024-02-06T13:37:04.123+0100] {processor.py:840} INFO - DAG(s) 'example_sensors' retrieved from /home/ubuntu/.local/lib/python3.10/site-packages/airflow/example_dags/example_sensors.py
[2024-02-06T13:37:04.145+0100] {logging_mixin.py:188} INFO - [2024-02-06T13:37:04.145+0100] {dag.py:3033} INFO - Sync 1 DAGs
[2024-02-06T13:37:04.158+0100] {logging_mixin.py:188} INFO - [2024-02-06T13:37:04.158+0100] {dag.py:3820} INFO - Setting next_dagrun for example_sensors to None, run_after=None
[2024-02-06T13:37:04.203+0100] {processor.py:183} INFO - Processing /home/ubuntu/.local/lib/python3.10/site-packages/airflow/example_dags/example_sensors.py took 0.103 seconds
[2024-02-06T13:38:20.923+0100] {processor.py:161} INFO - Started process (PID=27396) to work on /home/ubuntu/.local/lib/python3.10/site-packages/airflow/example_dags/example_sensors.py
[2024-02-06T13:38:20.924+0100] {processor.py:830} INFO - Processing file /home/ubuntu/.local/lib/python3.10/site-packages/airflow/example_dags/example_sensors.py for tasks to queue
[2024-02-06T13:38:20.926+0100] {logging_mixin.py:188} INFO - [2024-02-06T13:38:20.925+0100] {dagbag.py:538} INFO - Filling up the DagBag from /home/ubuntu/.local/lib/python3.10/site-packages/airflow/example_dags/example_sensors.py
[2024-02-06T13:38:20.940+0100] {processor.py:840} INFO - DAG(s) 'example_sensors' retrieved from /home/ubuntu/.local/lib/python3.10/site-packages/airflow/example_dags/example_sensors.py
[2024-02-06T13:38:20.967+0100] {logging_mixin.py:188} INFO - [2024-02-06T13:38:20.967+0100] {dag.py:3033} INFO - Sync 1 DAGs
[2024-02-06T13:38:20.981+0100] {logging_mixin.py:188} INFO - [2024-02-06T13:38:20.981+0100] {dag.py:3820} INFO - Setting next_dagrun for example_sensors to None, run_after=None
[2024-02-06T13:38:21.024+0100] {processor.py:183} INFO - Processing /home/ubuntu/.local/lib/python3.10/site-packages/airflow/example_dags/example_sensors.py took 0.106 seconds
[2024-02-06T13:39:39.313+0100] {processor.py:161} INFO - Started process (PID=27630) to work on /home/ubuntu/.local/lib/python3.10/site-packages/airflow/example_dags/example_sensors.py
[2024-02-06T13:39:39.318+0100] {processor.py:830} INFO - Processing file /home/ubuntu/.local/lib/python3.10/site-packages/airflow/example_dags/example_sensors.py for tasks to queue
[2024-02-06T13:39:39.320+0100] {logging_mixin.py:188} INFO - [2024-02-06T13:39:39.319+0100] {dagbag.py:538} INFO - Filling up the DagBag from /home/ubuntu/.local/lib/python3.10/site-packages/airflow/example_dags/example_sensors.py
[2024-02-06T13:39:39.335+0100] {processor.py:840} INFO - DAG(s) 'example_sensors' retrieved from /home/ubuntu/.local/lib/python3.10/site-packages/airflow/example_dags/example_sensors.py
[2024-02-06T13:39:39.363+0100] {logging_mixin.py:188} INFO - [2024-02-06T13:39:39.362+0100] {dag.py:3033} INFO - Sync 1 DAGs
[2024-02-06T13:39:39.378+0100] {logging_mixin.py:188} INFO - [2024-02-06T13:39:39.378+0100] {dag.py:3820} INFO - Setting next_dagrun for example_sensors to None, run_after=None
[2024-02-06T13:39:39.415+0100] {processor.py:183} INFO - Processing /home/ubuntu/.local/lib/python3.10/site-packages/airflow/example_dags/example_sensors.py took 0.113 seconds
[2024-02-06T13:40:55.244+0100] {processor.py:161} INFO - Started process (PID=27870) to work on /home/ubuntu/.local/lib/python3.10/site-packages/airflow/example_dags/example_sensors.py
[2024-02-06T13:40:55.250+0100] {processor.py:830} INFO - Processing file /home/ubuntu/.local/lib/python3.10/site-packages/airflow/example_dags/example_sensors.py for tasks to queue
[2024-02-06T13:40:55.252+0100] {logging_mixin.py:188} INFO - [2024-02-06T13:40:55.251+0100] {dagbag.py:538} INFO - Filling up the DagBag from /home/ubuntu/.local/lib/python3.10/site-packages/airflow/example_dags/example_sensors.py
[2024-02-06T13:40:55.300+0100] {processor.py:840} INFO - DAG(s) 'example_sensors' retrieved from /home/ubuntu/.local/lib/python3.10/site-packages/airflow/example_dags/example_sensors.py
[2024-02-06T13:40:55.346+0100] {logging_mixin.py:188} INFO - [2024-02-06T13:40:55.346+0100] {dag.py:3033} INFO - Sync 1 DAGs
[2024-02-06T13:40:55.367+0100] {logging_mixin.py:188} INFO - [2024-02-06T13:40:55.367+0100] {dag.py:3820} INFO - Setting next_dagrun for example_sensors to None, run_after=None
[2024-02-06T13:40:55.408+0100] {processor.py:183} INFO - Processing /home/ubuntu/.local/lib/python3.10/site-packages/airflow/example_dags/example_sensors.py took 0.169 seconds
[2024-02-06T13:42:15.128+0100] {processor.py:161} INFO - Started process (PID=28074) to work on /home/ubuntu/.local/lib/python3.10/site-packages/airflow/example_dags/example_sensors.py
[2024-02-06T13:42:15.129+0100] {processor.py:830} INFO - Processing file /home/ubuntu/.local/lib/python3.10/site-packages/airflow/example_dags/example_sensors.py for tasks to queue
[2024-02-06T13:42:15.131+0100] {logging_mixin.py:188} INFO - [2024-02-06T13:42:15.130+0100] {dagbag.py:538} INFO - Filling up the DagBag from /home/ubuntu/.local/lib/python3.10/site-packages/airflow/example_dags/example_sensors.py
[2024-02-06T13:42:15.162+0100] {processor.py:840} INFO - DAG(s) 'example_sensors' retrieved from /home/ubuntu/.local/lib/python3.10/site-packages/airflow/example_dags/example_sensors.py
[2024-02-06T13:42:15.186+0100] {logging_mixin.py:188} INFO - [2024-02-06T13:42:15.186+0100] {dag.py:3033} INFO - Sync 1 DAGs
[2024-02-06T13:42:15.199+0100] {logging_mixin.py:188} INFO - [2024-02-06T13:42:15.199+0100] {dag.py:3820} INFO - Setting next_dagrun for example_sensors to None, run_after=None
[2024-02-06T13:42:15.233+0100] {processor.py:183} INFO - Processing /home/ubuntu/.local/lib/python3.10/site-packages/airflow/example_dags/example_sensors.py took 0.110 seconds
[2024-02-06T13:43:55.699+0100] {processor.py:161} INFO - Started process (PID=28488) to work on /home/ubuntu/.local/lib/python3.10/site-packages/airflow/example_dags/example_sensors.py
[2024-02-06T13:43:55.701+0100] {processor.py:830} INFO - Processing file /home/ubuntu/.local/lib/python3.10/site-packages/airflow/example_dags/example_sensors.py for tasks to queue
[2024-02-06T13:43:55.703+0100] {logging_mixin.py:188} INFO - [2024-02-06T13:43:55.702+0100] {dagbag.py:538} INFO - Filling up the DagBag from /home/ubuntu/.local/lib/python3.10/site-packages/airflow/example_dags/example_sensors.py
[2024-02-06T13:43:55.720+0100] {processor.py:840} INFO - DAG(s) 'example_sensors' retrieved from /home/ubuntu/.local/lib/python3.10/site-packages/airflow/example_dags/example_sensors.py
[2024-02-06T13:43:55.752+0100] {logging_mixin.py:188} INFO - [2024-02-06T13:43:55.751+0100] {dag.py:3033} INFO - Sync 1 DAGs
[2024-02-06T13:43:55.769+0100] {logging_mixin.py:188} INFO - [2024-02-06T13:43:55.769+0100] {dag.py:3820} INFO - Setting next_dagrun for example_sensors to None, run_after=None
[2024-02-06T13:43:55.813+0100] {processor.py:183} INFO - Processing /home/ubuntu/.local/lib/python3.10/site-packages/airflow/example_dags/example_sensors.py took 0.118 seconds
[2024-02-06T13:45:04.478+0100] {processor.py:161} INFO - Started process (PID=29194) to work on /home/ubuntu/.local/lib/python3.10/site-packages/airflow/example_dags/example_sensors.py
[2024-02-06T13:45:04.483+0100] {processor.py:830} INFO - Processing file /home/ubuntu/.local/lib/python3.10/site-packages/airflow/example_dags/example_sensors.py for tasks to queue
[2024-02-06T13:45:04.484+0100] {logging_mixin.py:188} INFO - [2024-02-06T13:45:04.484+0100] {dagbag.py:538} INFO - Filling up the DagBag from /home/ubuntu/.local/lib/python3.10/site-packages/airflow/example_dags/example_sensors.py
[2024-02-06T13:45:04.500+0100] {processor.py:840} INFO - DAG(s) 'example_sensors' retrieved from /home/ubuntu/.local/lib/python3.10/site-packages/airflow/example_dags/example_sensors.py
[2024-02-06T13:45:04.525+0100] {logging_mixin.py:188} INFO - [2024-02-06T13:45:04.525+0100] {dag.py:3033} INFO - Sync 1 DAGs
[2024-02-06T13:45:04.547+0100] {logging_mixin.py:188} INFO - [2024-02-06T13:45:04.547+0100] {dag.py:3820} INFO - Setting next_dagrun for example_sensors to None, run_after=None
[2024-02-06T13:45:04.591+0100] {processor.py:183} INFO - Processing /home/ubuntu/.local/lib/python3.10/site-packages/airflow/example_dags/example_sensors.py took 0.118 seconds
[2024-02-06T13:46:18.751+0100] {processor.py:161} INFO - Started process (PID=29368) to work on /home/ubuntu/.local/lib/python3.10/site-packages/airflow/example_dags/example_sensors.py
[2024-02-06T13:46:18.758+0100] {processor.py:830} INFO - Processing file /home/ubuntu/.local/lib/python3.10/site-packages/airflow/example_dags/example_sensors.py for tasks to queue
[2024-02-06T13:46:18.760+0100] {logging_mixin.py:188} INFO - [2024-02-06T13:46:18.759+0100] {dagbag.py:538} INFO - Filling up the DagBag from /home/ubuntu/.local/lib/python3.10/site-packages/airflow/example_dags/example_sensors.py
[2024-02-06T13:46:18.774+0100] {processor.py:840} INFO - DAG(s) 'example_sensors' retrieved from /home/ubuntu/.local/lib/python3.10/site-packages/airflow/example_dags/example_sensors.py
[2024-02-06T13:46:18.805+0100] {logging_mixin.py:188} INFO - [2024-02-06T13:46:18.804+0100] {dag.py:3033} INFO - Sync 1 DAGs
[2024-02-06T13:46:18.819+0100] {logging_mixin.py:188} INFO - [2024-02-06T13:46:18.819+0100] {dag.py:3820} INFO - Setting next_dagrun for example_sensors to None, run_after=None
[2024-02-06T13:46:18.855+0100] {processor.py:183} INFO - Processing /home/ubuntu/.local/lib/python3.10/site-packages/airflow/example_dags/example_sensors.py took 0.119 seconds
[2024-02-06T13:47:36.678+0100] {processor.py:161} INFO - Started process (PID=29544) to work on /home/ubuntu/.local/lib/python3.10/site-packages/airflow/example_dags/example_sensors.py
[2024-02-06T13:47:36.680+0100] {processor.py:830} INFO - Processing file /home/ubuntu/.local/lib/python3.10/site-packages/airflow/example_dags/example_sensors.py for tasks to queue
[2024-02-06T13:47:36.682+0100] {logging_mixin.py:188} INFO - [2024-02-06T13:47:36.681+0100] {dagbag.py:538} INFO - Filling up the DagBag from /home/ubuntu/.local/lib/python3.10/site-packages/airflow/example_dags/example_sensors.py
[2024-02-06T13:47:36.693+0100] {processor.py:840} INFO - DAG(s) 'example_sensors' retrieved from /home/ubuntu/.local/lib/python3.10/site-packages/airflow/example_dags/example_sensors.py
[2024-02-06T13:47:36.714+0100] {logging_mixin.py:188} INFO - [2024-02-06T13:47:36.714+0100] {dag.py:3033} INFO - Sync 1 DAGs
[2024-02-06T13:47:36.726+0100] {logging_mixin.py:188} INFO - [2024-02-06T13:47:36.726+0100] {dag.py:3820} INFO - Setting next_dagrun for example_sensors to None, run_after=None
[2024-02-06T13:47:36.776+0100] {processor.py:183} INFO - Processing /home/ubuntu/.local/lib/python3.10/site-packages/airflow/example_dags/example_sensors.py took 0.102 seconds
[2024-02-06T13:48:57.579+0100] {processor.py:161} INFO - Started process (PID=29719) to work on /home/ubuntu/.local/lib/python3.10/site-packages/airflow/example_dags/example_sensors.py
[2024-02-06T13:48:57.583+0100] {processor.py:830} INFO - Processing file /home/ubuntu/.local/lib/python3.10/site-packages/airflow/example_dags/example_sensors.py for tasks to queue
[2024-02-06T13:48:57.584+0100] {logging_mixin.py:188} INFO - [2024-02-06T13:48:57.584+0100] {dagbag.py:538} INFO - Filling up the DagBag from /home/ubuntu/.local/lib/python3.10/site-packages/airflow/example_dags/example_sensors.py
[2024-02-06T13:48:57.597+0100] {processor.py:840} INFO - DAG(s) 'example_sensors' retrieved from /home/ubuntu/.local/lib/python3.10/site-packages/airflow/example_dags/example_sensors.py
[2024-02-06T13:48:57.621+0100] {logging_mixin.py:188} INFO - [2024-02-06T13:48:57.621+0100] {dag.py:3033} INFO - Sync 1 DAGs
[2024-02-06T13:48:57.633+0100] {logging_mixin.py:188} INFO - [2024-02-06T13:48:57.633+0100] {dag.py:3820} INFO - Setting next_dagrun for example_sensors to None, run_after=None
[2024-02-06T13:48:57.666+0100] {processor.py:183} INFO - Processing /home/ubuntu/.local/lib/python3.10/site-packages/airflow/example_dags/example_sensors.py took 0.093 seconds
[2024-02-06T13:50:12.100+0100] {processor.py:161} INFO - Started process (PID=29901) to work on /home/ubuntu/.local/lib/python3.10/site-packages/airflow/example_dags/example_sensors.py
[2024-02-06T13:50:12.105+0100] {processor.py:830} INFO - Processing file /home/ubuntu/.local/lib/python3.10/site-packages/airflow/example_dags/example_sensors.py for tasks to queue
[2024-02-06T13:50:12.108+0100] {logging_mixin.py:188} INFO - [2024-02-06T13:50:12.107+0100] {dagbag.py:538} INFO - Filling up the DagBag from /home/ubuntu/.local/lib/python3.10/site-packages/airflow/example_dags/example_sensors.py
[2024-02-06T13:50:12.133+0100] {processor.py:840} INFO - DAG(s) 'example_sensors' retrieved from /home/ubuntu/.local/lib/python3.10/site-packages/airflow/example_dags/example_sensors.py
[2024-02-06T13:50:12.198+0100] {logging_mixin.py:188} INFO - [2024-02-06T13:50:12.198+0100] {dag.py:3033} INFO - Sync 1 DAGs
[2024-02-06T13:50:12.257+0100] {logging_mixin.py:188} INFO - [2024-02-06T13:50:12.257+0100] {dag.py:3820} INFO - Setting next_dagrun for example_sensors to None, run_after=None
[2024-02-06T13:50:12.405+0100] {processor.py:183} INFO - Processing /home/ubuntu/.local/lib/python3.10/site-packages/airflow/example_dags/example_sensors.py took 0.315 seconds
[2024-02-06T13:51:34.279+0100] {processor.py:161} INFO - Started process (PID=30112) to work on /home/ubuntu/.local/lib/python3.10/site-packages/airflow/example_dags/example_sensors.py
[2024-02-06T13:51:34.282+0100] {processor.py:830} INFO - Processing file /home/ubuntu/.local/lib/python3.10/site-packages/airflow/example_dags/example_sensors.py for tasks to queue
[2024-02-06T13:51:34.285+0100] {logging_mixin.py:188} INFO - [2024-02-06T13:51:34.284+0100] {dagbag.py:538} INFO - Filling up the DagBag from /home/ubuntu/.local/lib/python3.10/site-packages/airflow/example_dags/example_sensors.py
[2024-02-06T13:51:34.302+0100] {processor.py:840} INFO - DAG(s) 'example_sensors' retrieved from /home/ubuntu/.local/lib/python3.10/site-packages/airflow/example_dags/example_sensors.py
[2024-02-06T13:51:34.333+0100] {logging_mixin.py:188} INFO - [2024-02-06T13:51:34.332+0100] {dag.py:3033} INFO - Sync 1 DAGs
[2024-02-06T13:51:34.350+0100] {logging_mixin.py:188} INFO - [2024-02-06T13:51:34.350+0100] {dag.py:3820} INFO - Setting next_dagrun for example_sensors to None, run_after=None
[2024-02-06T13:51:34.401+0100] {processor.py:183} INFO - Processing /home/ubuntu/.local/lib/python3.10/site-packages/airflow/example_dags/example_sensors.py took 0.128 seconds
[2024-02-06T13:53:01.753+0100] {processor.py:161} INFO - Started process (PID=30400) to work on /home/ubuntu/.local/lib/python3.10/site-packages/airflow/example_dags/example_sensors.py
[2024-02-06T13:53:01.757+0100] {processor.py:830} INFO - Processing file /home/ubuntu/.local/lib/python3.10/site-packages/airflow/example_dags/example_sensors.py for tasks to queue
[2024-02-06T13:53:01.758+0100] {logging_mixin.py:188} INFO - [2024-02-06T13:53:01.758+0100] {dagbag.py:538} INFO - Filling up the DagBag from /home/ubuntu/.local/lib/python3.10/site-packages/airflow/example_dags/example_sensors.py
[2024-02-06T13:53:01.773+0100] {processor.py:840} INFO - DAG(s) 'example_sensors' retrieved from /home/ubuntu/.local/lib/python3.10/site-packages/airflow/example_dags/example_sensors.py
[2024-02-06T13:53:01.803+0100] {logging_mixin.py:188} INFO - [2024-02-06T13:53:01.802+0100] {dag.py:3033} INFO - Sync 1 DAGs
[2024-02-06T13:53:01.816+0100] {logging_mixin.py:188} INFO - [2024-02-06T13:53:01.816+0100] {dag.py:3820} INFO - Setting next_dagrun for example_sensors to None, run_after=None
[2024-02-06T13:53:01.850+0100] {processor.py:183} INFO - Processing /home/ubuntu/.local/lib/python3.10/site-packages/airflow/example_dags/example_sensors.py took 0.103 seconds
[2024-02-06T13:54:13.760+0100] {processor.py:161} INFO - Started process (PID=30568) to work on /home/ubuntu/.local/lib/python3.10/site-packages/airflow/example_dags/example_sensors.py
[2024-02-06T13:54:13.762+0100] {processor.py:830} INFO - Processing file /home/ubuntu/.local/lib/python3.10/site-packages/airflow/example_dags/example_sensors.py for tasks to queue
[2024-02-06T13:54:13.763+0100] {logging_mixin.py:188} INFO - [2024-02-06T13:54:13.763+0100] {dagbag.py:538} INFO - Filling up the DagBag from /home/ubuntu/.local/lib/python3.10/site-packages/airflow/example_dags/example_sensors.py
[2024-02-06T13:54:13.779+0100] {processor.py:840} INFO - DAG(s) 'example_sensors' retrieved from /home/ubuntu/.local/lib/python3.10/site-packages/airflow/example_dags/example_sensors.py
[2024-02-06T13:54:13.809+0100] {logging_mixin.py:188} INFO - [2024-02-06T13:54:13.808+0100] {dag.py:3033} INFO - Sync 1 DAGs
[2024-02-06T13:54:13.824+0100] {logging_mixin.py:188} INFO - [2024-02-06T13:54:13.823+0100] {dag.py:3820} INFO - Setting next_dagrun for example_sensors to None, run_after=None
[2024-02-06T13:54:13.860+0100] {processor.py:183} INFO - Processing /home/ubuntu/.local/lib/python3.10/site-packages/airflow/example_dags/example_sensors.py took 0.105 seconds
[2024-02-06T13:55:35.612+0100] {processor.py:161} INFO - Started process (PID=30808) to work on /home/ubuntu/.local/lib/python3.10/site-packages/airflow/example_dags/example_sensors.py
[2024-02-06T13:55:35.615+0100] {processor.py:830} INFO - Processing file /home/ubuntu/.local/lib/python3.10/site-packages/airflow/example_dags/example_sensors.py for tasks to queue
[2024-02-06T13:55:35.616+0100] {logging_mixin.py:188} INFO - [2024-02-06T13:55:35.615+0100] {dagbag.py:538} INFO - Filling up the DagBag from /home/ubuntu/.local/lib/python3.10/site-packages/airflow/example_dags/example_sensors.py
[2024-02-06T13:55:35.627+0100] {processor.py:840} INFO - DAG(s) 'example_sensors' retrieved from /home/ubuntu/.local/lib/python3.10/site-packages/airflow/example_dags/example_sensors.py
[2024-02-06T13:55:35.648+0100] {logging_mixin.py:188} INFO - [2024-02-06T13:55:35.648+0100] {dag.py:3033} INFO - Sync 1 DAGs
[2024-02-06T13:55:35.659+0100] {logging_mixin.py:188} INFO - [2024-02-06T13:55:35.659+0100] {dag.py:3820} INFO - Setting next_dagrun for example_sensors to None, run_after=None
[2024-02-06T13:55:35.705+0100] {processor.py:183} INFO - Processing /home/ubuntu/.local/lib/python3.10/site-packages/airflow/example_dags/example_sensors.py took 0.096 seconds
[2024-02-06T13:56:55.920+0100] {processor.py:161} INFO - Started process (PID=31038) to work on /home/ubuntu/.local/lib/python3.10/site-packages/airflow/example_dags/example_sensors.py
[2024-02-06T13:56:55.924+0100] {processor.py:830} INFO - Processing file /home/ubuntu/.local/lib/python3.10/site-packages/airflow/example_dags/example_sensors.py for tasks to queue
[2024-02-06T13:56:55.926+0100] {logging_mixin.py:188} INFO - [2024-02-06T13:56:55.925+0100] {dagbag.py:538} INFO - Filling up the DagBag from /home/ubuntu/.local/lib/python3.10/site-packages/airflow/example_dags/example_sensors.py
[2024-02-06T13:56:55.946+0100] {processor.py:840} INFO - DAG(s) 'example_sensors' retrieved from /home/ubuntu/.local/lib/python3.10/site-packages/airflow/example_dags/example_sensors.py
[2024-02-06T13:56:55.975+0100] {logging_mixin.py:188} INFO - [2024-02-06T13:56:55.975+0100] {dag.py:3033} INFO - Sync 1 DAGs
[2024-02-06T13:56:55.990+0100] {logging_mixin.py:188} INFO - [2024-02-06T13:56:55.989+0100] {dag.py:3820} INFO - Setting next_dagrun for example_sensors to None, run_after=None
[2024-02-06T13:56:56.025+0100] {processor.py:183} INFO - Processing /home/ubuntu/.local/lib/python3.10/site-packages/airflow/example_dags/example_sensors.py took 0.111 seconds
[2024-02-06T13:57:56.761+0100] {processor.py:161} INFO - Started process (PID=31217) to work on /home/ubuntu/.local/lib/python3.10/site-packages/airflow/example_dags/example_sensors.py
[2024-02-06T13:57:56.766+0100] {processor.py:830} INFO - Processing file /home/ubuntu/.local/lib/python3.10/site-packages/airflow/example_dags/example_sensors.py for tasks to queue
[2024-02-06T13:57:56.767+0100] {logging_mixin.py:188} INFO - [2024-02-06T13:57:56.766+0100] {dagbag.py:538} INFO - Filling up the DagBag from /home/ubuntu/.local/lib/python3.10/site-packages/airflow/example_dags/example_sensors.py
[2024-02-06T13:57:56.782+0100] {processor.py:840} INFO - DAG(s) 'example_sensors' retrieved from /home/ubuntu/.local/lib/python3.10/site-packages/airflow/example_dags/example_sensors.py
[2024-02-06T13:57:56.814+0100] {logging_mixin.py:188} INFO - [2024-02-06T13:57:56.814+0100] {dag.py:3033} INFO - Sync 1 DAGs
[2024-02-06T13:57:56.832+0100] {logging_mixin.py:188} INFO - [2024-02-06T13:57:56.832+0100] {dag.py:3820} INFO - Setting next_dagrun for example_sensors to None, run_after=None
[2024-02-06T13:57:56.912+0100] {processor.py:183} INFO - Processing /home/ubuntu/.local/lib/python3.10/site-packages/airflow/example_dags/example_sensors.py took 0.156 seconds
[2024-02-06T13:58:57.451+0100] {processor.py:161} INFO - Started process (PID=31396) to work on /home/ubuntu/.local/lib/python3.10/site-packages/airflow/example_dags/example_sensors.py
[2024-02-06T13:58:57.455+0100] {processor.py:830} INFO - Processing file /home/ubuntu/.local/lib/python3.10/site-packages/airflow/example_dags/example_sensors.py for tasks to queue
[2024-02-06T13:58:57.456+0100] {logging_mixin.py:188} INFO - [2024-02-06T13:58:57.455+0100] {dagbag.py:538} INFO - Filling up the DagBag from /home/ubuntu/.local/lib/python3.10/site-packages/airflow/example_dags/example_sensors.py
[2024-02-06T13:58:57.474+0100] {processor.py:840} INFO - DAG(s) 'example_sensors' retrieved from /home/ubuntu/.local/lib/python3.10/site-packages/airflow/example_dags/example_sensors.py
[2024-02-06T13:58:57.506+0100] {logging_mixin.py:188} INFO - [2024-02-06T13:58:57.506+0100] {dag.py:3033} INFO - Sync 1 DAGs
[2024-02-06T13:58:57.522+0100] {logging_mixin.py:188} INFO - [2024-02-06T13:58:57.522+0100] {dag.py:3820} INFO - Setting next_dagrun for example_sensors to None, run_after=None
[2024-02-06T13:58:57.567+0100] {processor.py:183} INFO - Processing /home/ubuntu/.local/lib/python3.10/site-packages/airflow/example_dags/example_sensors.py took 0.125 seconds
[2024-02-06T13:59:59.882+0100] {processor.py:161} INFO - Started process (PID=31580) to work on /home/ubuntu/.local/lib/python3.10/site-packages/airflow/example_dags/example_sensors.py
[2024-02-06T13:59:59.884+0100] {processor.py:830} INFO - Processing file /home/ubuntu/.local/lib/python3.10/site-packages/airflow/example_dags/example_sensors.py for tasks to queue
[2024-02-06T13:59:59.886+0100] {logging_mixin.py:188} INFO - [2024-02-06T13:59:59.885+0100] {dagbag.py:538} INFO - Filling up the DagBag from /home/ubuntu/.local/lib/python3.10/site-packages/airflow/example_dags/example_sensors.py
[2024-02-06T13:59:59.942+0100] {processor.py:840} INFO - DAG(s) 'example_sensors' retrieved from /home/ubuntu/.local/lib/python3.10/site-packages/airflow/example_dags/example_sensors.py
[2024-02-06T14:00:00.030+0100] {logging_mixin.py:188} INFO - [2024-02-06T14:00:00.030+0100] {dag.py:3033} INFO - Sync 1 DAGs
[2024-02-06T14:00:00.059+0100] {logging_mixin.py:188} INFO - [2024-02-06T14:00:00.059+0100] {dag.py:3820} INFO - Setting next_dagrun for example_sensors to None, run_after=None
[2024-02-06T14:00:00.181+0100] {processor.py:183} INFO - Processing /home/ubuntu/.local/lib/python3.10/site-packages/airflow/example_dags/example_sensors.py took 0.304 seconds
[2024-02-06T14:00:59.224+0100] {processor.py:161} INFO - Started process (PID=31755) to work on /home/ubuntu/.local/lib/python3.10/site-packages/airflow/example_dags/example_sensors.py
[2024-02-06T14:00:59.228+0100] {processor.py:830} INFO - Processing file /home/ubuntu/.local/lib/python3.10/site-packages/airflow/example_dags/example_sensors.py for tasks to queue
[2024-02-06T14:00:59.229+0100] {logging_mixin.py:188} INFO - [2024-02-06T14:00:59.229+0100] {dagbag.py:538} INFO - Filling up the DagBag from /home/ubuntu/.local/lib/python3.10/site-packages/airflow/example_dags/example_sensors.py
[2024-02-06T14:00:59.248+0100] {processor.py:840} INFO - DAG(s) 'example_sensors' retrieved from /home/ubuntu/.local/lib/python3.10/site-packages/airflow/example_dags/example_sensors.py
[2024-02-06T14:00:59.276+0100] {logging_mixin.py:188} INFO - [2024-02-06T14:00:59.276+0100] {dag.py:3033} INFO - Sync 1 DAGs
[2024-02-06T14:00:59.292+0100] {logging_mixin.py:188} INFO - [2024-02-06T14:00:59.291+0100] {dag.py:3820} INFO - Setting next_dagrun for example_sensors to None, run_after=None
[2024-02-06T14:00:59.327+0100] {processor.py:183} INFO - Processing /home/ubuntu/.local/lib/python3.10/site-packages/airflow/example_dags/example_sensors.py took 0.108 seconds
[2024-02-06T14:02:26.228+0100] {processor.py:161} INFO - Started process (PID=32011) to work on /home/ubuntu/.local/lib/python3.10/site-packages/airflow/example_dags/example_sensors.py
[2024-02-06T14:02:26.231+0100] {processor.py:830} INFO - Processing file /home/ubuntu/.local/lib/python3.10/site-packages/airflow/example_dags/example_sensors.py for tasks to queue
[2024-02-06T14:02:26.232+0100] {logging_mixin.py:188} INFO - [2024-02-06T14:02:26.231+0100] {dagbag.py:538} INFO - Filling up the DagBag from /home/ubuntu/.local/lib/python3.10/site-packages/airflow/example_dags/example_sensors.py
[2024-02-06T14:02:26.248+0100] {processor.py:840} INFO - DAG(s) 'example_sensors' retrieved from /home/ubuntu/.local/lib/python3.10/site-packages/airflow/example_dags/example_sensors.py
[2024-02-06T14:02:26.278+0100] {logging_mixin.py:188} INFO - [2024-02-06T14:02:26.278+0100] {dag.py:3033} INFO - Sync 1 DAGs
[2024-02-06T14:02:26.294+0100] {logging_mixin.py:188} INFO - [2024-02-06T14:02:26.294+0100] {dag.py:3820} INFO - Setting next_dagrun for example_sensors to None, run_after=None
[2024-02-06T14:02:26.328+0100] {processor.py:183} INFO - Processing /home/ubuntu/.local/lib/python3.10/site-packages/airflow/example_dags/example_sensors.py took 0.110 seconds
[2024-02-06T14:03:25.129+0100] {processor.py:161} INFO - Started process (PID=32207) to work on /home/ubuntu/.local/lib/python3.10/site-packages/airflow/example_dags/example_sensors.py
[2024-02-06T14:03:25.135+0100] {processor.py:830} INFO - Processing file /home/ubuntu/.local/lib/python3.10/site-packages/airflow/example_dags/example_sensors.py for tasks to queue
[2024-02-06T14:03:25.136+0100] {logging_mixin.py:188} INFO - [2024-02-06T14:03:25.136+0100] {dagbag.py:538} INFO - Filling up the DagBag from /home/ubuntu/.local/lib/python3.10/site-packages/airflow/example_dags/example_sensors.py
[2024-02-06T14:03:25.199+0100] {processor.py:840} INFO - DAG(s) 'example_sensors' retrieved from /home/ubuntu/.local/lib/python3.10/site-packages/airflow/example_dags/example_sensors.py
[2024-02-06T14:03:25.282+0100] {logging_mixin.py:188} INFO - [2024-02-06T14:03:25.281+0100] {dag.py:3033} INFO - Sync 1 DAGs
[2024-02-06T14:03:25.300+0100] {logging_mixin.py:188} INFO - [2024-02-06T14:03:25.300+0100] {dag.py:3820} INFO - Setting next_dagrun for example_sensors to None, run_after=None
[2024-02-06T14:03:25.340+0100] {processor.py:183} INFO - Processing /home/ubuntu/.local/lib/python3.10/site-packages/airflow/example_dags/example_sensors.py took 0.217 seconds
[2024-02-06T14:04:52.406+0100] {processor.py:161} INFO - Started process (PID=32403) to work on /home/ubuntu/.local/lib/python3.10/site-packages/airflow/example_dags/example_sensors.py
[2024-02-06T14:04:52.409+0100] {processor.py:830} INFO - Processing file /home/ubuntu/.local/lib/python3.10/site-packages/airflow/example_dags/example_sensors.py for tasks to queue
[2024-02-06T14:04:52.411+0100] {logging_mixin.py:188} INFO - [2024-02-06T14:04:52.410+0100] {dagbag.py:538} INFO - Filling up the DagBag from /home/ubuntu/.local/lib/python3.10/site-packages/airflow/example_dags/example_sensors.py
[2024-02-06T14:04:52.426+0100] {processor.py:840} INFO - DAG(s) 'example_sensors' retrieved from /home/ubuntu/.local/lib/python3.10/site-packages/airflow/example_dags/example_sensors.py
[2024-02-06T14:04:52.455+0100] {logging_mixin.py:188} INFO - [2024-02-06T14:04:52.455+0100] {dag.py:3033} INFO - Sync 1 DAGs
[2024-02-06T14:04:52.488+0100] {logging_mixin.py:188} INFO - [2024-02-06T14:04:52.487+0100] {dag.py:3820} INFO - Setting next_dagrun for example_sensors to None, run_after=None
[2024-02-06T14:04:52.526+0100] {processor.py:183} INFO - Processing /home/ubuntu/.local/lib/python3.10/site-packages/airflow/example_dags/example_sensors.py took 0.126 seconds
[2024-02-06T14:05:54.170+0100] {processor.py:161} INFO - Started process (PID=32544) to work on /home/ubuntu/.local/lib/python3.10/site-packages/airflow/example_dags/example_sensors.py
[2024-02-06T14:05:54.173+0100] {processor.py:830} INFO - Processing file /home/ubuntu/.local/lib/python3.10/site-packages/airflow/example_dags/example_sensors.py for tasks to queue
[2024-02-06T14:05:54.174+0100] {logging_mixin.py:188} INFO - [2024-02-06T14:05:54.174+0100] {dagbag.py:538} INFO - Filling up the DagBag from /home/ubuntu/.local/lib/python3.10/site-packages/airflow/example_dags/example_sensors.py
[2024-02-06T14:05:54.189+0100] {processor.py:840} INFO - DAG(s) 'example_sensors' retrieved from /home/ubuntu/.local/lib/python3.10/site-packages/airflow/example_dags/example_sensors.py
[2024-02-06T14:05:54.216+0100] {logging_mixin.py:188} INFO - [2024-02-06T14:05:54.216+0100] {dag.py:3033} INFO - Sync 1 DAGs
[2024-02-06T14:05:54.232+0100] {logging_mixin.py:188} INFO - [2024-02-06T14:05:54.231+0100] {dag.py:3820} INFO - Setting next_dagrun for example_sensors to None, run_after=None
[2024-02-06T14:05:54.288+0100] {processor.py:183} INFO - Processing /home/ubuntu/.local/lib/python3.10/site-packages/airflow/example_dags/example_sensors.py took 0.123 seconds
