[2024-01-30T16:35:42.418+0100] {taskinstance.py:1957} INFO - Dependencies all met for dep_context=non-requeueable deps ti=<TaskInstance: jeniferhdfs.submit_spark_job manual__2024-01-30T15:25:46.161405+00:00 [queued]>
[2024-01-30T16:35:42.766+0100] {taskinstance.py:1957} INFO - Dependencies all met for dep_context=requeueable deps ti=<TaskInstance: jeniferhdfs.submit_spark_job manual__2024-01-30T15:25:46.161405+00:00 [queued]>
[2024-01-30T16:35:42.770+0100] {taskinstance.py:2171} INFO - Starting attempt 2 of 2
[2024-01-30T16:35:43.636+0100] {taskinstance.py:2192} INFO - Executing <Task(SparkSubmitOperator): submit_spark_job> on 2024-01-30 15:25:46.161405+00:00
[2024-01-30T16:35:43.877+0100] {standard_task_runner.py:60} INFO - Started process 9490 to run task
[2024-01-30T16:35:43.976+0100] {standard_task_runner.py:87} INFO - Running: ['airflow', 'tasks', 'run', 'jeniferhdfs', 'submit_spark_job', 'manual__2024-01-30T15:25:46.161405+00:00', '--job-id', '112', '--raw', '--subdir', 'DAGS_FOLDER/hdfsDag.py', '--cfg-path', '/tmp/tmpo3fnvqcq']
[2024-01-30T16:35:44.001+0100] {standard_task_runner.py:88} INFO - Job 112: Subtask submit_spark_job
[2024-01-30T16:35:44.287+0100] {task_command.py:423} INFO - Running <TaskInstance: jeniferhdfs.submit_spark_job manual__2024-01-30T15:25:46.161405+00:00 [running]> on host ubuntu.ubuntu.virtualbox.org
[2024-01-30T16:35:45.209+0100] {taskinstance.py:2481} INFO - Exporting env vars: AIRFLOW_CTX_DAG_OWNER='jenifer' AIRFLOW_CTX_DAG_ID='jeniferhdfs' AIRFLOW_CTX_TASK_ID='submit_spark_job' AIRFLOW_CTX_EXECUTION_DATE='2024-01-30T15:25:46.161405+00:00' AIRFLOW_CTX_TRY_NUMBER='2' AIRFLOW_CTX_DAG_RUN_ID='manual__2024-01-30T15:25:46.161405+00:00'
[2024-01-30T16:35:45.489+0100] {base.py:83} INFO - Using connection ID 'spark_default' for task execution.
[2024-01-30T16:35:45.575+0100] {spark_submit.py:401} INFO - Spark-Submit cmd: spark-submit --master local[*] --name your_spark_job --class main.scala.mnm.MnMcount --queue root.default --deploy-mode client hdfs://localhost:9000/user/project/datalake/main-scala-mnm_2.12-1.0.jar
[2024-01-30T16:36:49.742+0100] {spark_submit.py:571} INFO - 24/01/30 16:36:49 WARN Utils: Your hostname, ubuntu resolves to a loopback address: 127.0.1.1; using 10.0.2.15 instead (on interface enp0s3)
[2024-01-30T16:36:49.821+0100] {spark_submit.py:571} INFO - 24/01/30 16:36:49 WARN Utils: Set SPARK_LOCAL_IP if you need to bind to another address
[2024-01-30T16:37:03.564+0100] {spark_submit.py:571} INFO - 24/01/30 16:37:03 WARN NativeCodeLoader: Unable to load native-hadoop library for your platform... using builtin-java classes where applicable
[2024-01-30T16:37:16.437+0100] {spark_submit.py:571} INFO - 24/01/30 16:37:16 INFO SparkContext: Running Spark version 3.3.4
[2024-01-30T16:37:17.245+0100] {spark_submit.py:571} INFO - 24/01/30 16:37:17 INFO ResourceUtils: ==============================================================
[2024-01-30T16:37:17.269+0100] {spark_submit.py:571} INFO - 24/01/30 16:37:17 INFO ResourceUtils: No custom resources configured for spark.driver.
[2024-01-30T16:37:17.369+0100] {spark_submit.py:571} INFO - 24/01/30 16:37:17 INFO ResourceUtils: ==============================================================
[2024-01-30T16:37:17.370+0100] {spark_submit.py:571} INFO - 24/01/30 16:37:17 INFO SparkContext: Submitted application: MnMCount
[2024-01-30T16:37:17.566+0100] {spark_submit.py:571} INFO - 24/01/30 16:37:17 INFO ResourceProfile: Default ResourceProfile created, executor resources: Map(cores -> name: cores, amount: 1, script: , vendor: , memory -> name: memory, amount: 1024, script: , vendor: , offHeap -> name: offHeap, amount: 0, script: , vendor: ), task resources: Map(cpus -> name: cpus, amount: 1.0)
[2024-01-30T16:37:17.660+0100] {spark_submit.py:571} INFO - 24/01/30 16:37:17 INFO ResourceProfile: Limiting resource is cpu
[2024-01-30T16:37:17.681+0100] {spark_submit.py:571} INFO - 24/01/30 16:37:17 INFO ResourceProfileManager: Added ResourceProfile id: 0
[2024-01-30T16:37:18.743+0100] {spark_submit.py:571} INFO - 24/01/30 16:37:18 INFO SecurityManager: Changing view acls to: ubuntu
[2024-01-30T16:37:18.751+0100] {spark_submit.py:571} INFO - 24/01/30 16:37:18 INFO SecurityManager: Changing modify acls to: ubuntu
[2024-01-30T16:37:18.752+0100] {spark_submit.py:571} INFO - 24/01/30 16:37:18 INFO SecurityManager: Changing view acls groups to:
[2024-01-30T16:37:18.752+0100] {spark_submit.py:571} INFO - 24/01/30 16:37:18 INFO SecurityManager: Changing modify acls groups to:
[2024-01-30T16:37:18.755+0100] {spark_submit.py:571} INFO - 24/01/30 16:37:18 INFO SecurityManager: SecurityManager: authentication disabled; ui acls disabled; users  with view permissions: Set(ubuntu); groups with view permissions: Set(); users  with modify permissions: Set(ubuntu); groups with modify permissions: Set()
[2024-01-30T16:37:22.076+0100] {spark_submit.py:571} INFO - 24/01/30 16:37:22 INFO Utils: Successfully started service 'sparkDriver' on port 45617.
[2024-01-30T16:37:22.484+0100] {spark_submit.py:571} INFO - 24/01/30 16:37:22 INFO SparkEnv: Registering MapOutputTracker
[2024-01-30T16:37:22.784+0100] {spark_submit.py:571} INFO - 24/01/30 16:37:22 INFO SparkEnv: Registering BlockManagerMaster
[2024-01-30T16:37:22.876+0100] {spark_submit.py:571} INFO - 24/01/30 16:37:22 INFO BlockManagerMasterEndpoint: Using org.apache.spark.storage.DefaultTopologyMapper for getting topology information
[2024-01-30T16:37:22.878+0100] {spark_submit.py:571} INFO - 24/01/30 16:37:22 INFO BlockManagerMasterEndpoint: BlockManagerMasterEndpoint up
[2024-01-30T16:37:22.896+0100] {spark_submit.py:571} INFO - 24/01/30 16:37:22 INFO SparkEnv: Registering BlockManagerMasterHeartbeat
[2024-01-30T16:37:23.063+0100] {spark_submit.py:571} INFO - 24/01/30 16:37:23 INFO DiskBlockManager: Created local directory at /tmp/blockmgr-59bafed3-9918-4582-a01f-05ebc0d6cfb0
[2024-01-30T16:37:23.149+0100] {spark_submit.py:571} INFO - 24/01/30 16:37:23 INFO MemoryStore: MemoryStore started with capacity 434.4 MiB
[2024-01-30T16:37:23.232+0100] {spark_submit.py:571} INFO - 24/01/30 16:37:23 INFO SparkEnv: Registering OutputCommitCoordinator
[2024-01-30T16:37:26.874+0100] {spark_submit.py:571} INFO - 24/01/30 16:37:26 INFO Utils: Successfully started service 'SparkUI' on port 4040.
[2024-01-30T16:37:27.520+0100] {spark_submit.py:571} INFO - 24/01/30 16:37:27 INFO SparkContext: Added JAR hdfs://localhost:9000/user/project/datalake/main-scala-mnm_2.12-1.0.jar at hdfs://localhost:9000/user/project/datalake/main-scala-mnm_2.12-1.0.jar with timestamp 1706629036189
[2024-01-30T16:37:28.466+0100] {spark_submit.py:571} INFO - 24/01/30 16:37:28 INFO Executor: Starting executor ID driver on host 10.0.2.15
[2024-01-30T16:37:28.725+0100] {spark_submit.py:571} INFO - 24/01/30 16:37:28 INFO Executor: Starting executor with user classpath (userClassPathFirst = false): ''
[2024-01-30T16:37:28.876+0100] {spark_submit.py:571} INFO - 24/01/30 16:37:28 INFO Executor: Fetching hdfs://localhost:9000/user/project/datalake/main-scala-mnm_2.12-1.0.jar with timestamp 1706629036189
[2024-01-30T16:37:28.977+0100] {spark_submit.py:571} INFO - 24/01/30 16:37:28 INFO Utils: Fetching hdfs://localhost:9000/user/project/datalake/main-scala-mnm_2.12-1.0.jar to /tmp/spark-e1663914-076b-4f61-bd0e-4b20eb764ee4/userFiles-abe5af93-9678-4157-96a0-65bfea100812/fetchFileTemp6233719014210938550.tmp
[2024-01-30T16:37:29.386+0100] {spark_submit.py:571} INFO - 24/01/30 16:37:29 INFO Executor: Adding file:/tmp/spark-e1663914-076b-4f61-bd0e-4b20eb764ee4/userFiles-abe5af93-9678-4157-96a0-65bfea100812/main-scala-mnm_2.12-1.0.jar to class loader
[2024-01-30T16:37:29.696+0100] {spark_submit.py:571} INFO - 24/01/30 16:37:29 INFO Utils: Successfully started service 'org.apache.spark.network.netty.NettyBlockTransferService' on port 35759.
[2024-01-30T16:37:29.697+0100] {spark_submit.py:571} INFO - 24/01/30 16:37:29 INFO NettyBlockTransferService: Server created on 10.0.2.15:35759
[2024-01-30T16:37:29.794+0100] {spark_submit.py:571} INFO - 24/01/30 16:37:29 INFO BlockManager: Using org.apache.spark.storage.RandomBlockReplicationPolicy for block replication policy
[2024-01-30T16:37:30.044+0100] {spark_submit.py:571} INFO - 24/01/30 16:37:30 INFO BlockManagerMaster: Registering BlockManager BlockManagerId(driver, 10.0.2.15, 35759, None)
[2024-01-30T16:37:30.218+0100] {spark_submit.py:571} INFO - 24/01/30 16:37:30 INFO BlockManagerMasterEndpoint: Registering block manager 10.0.2.15:35759 with 434.4 MiB RAM, BlockManagerId(driver, 10.0.2.15, 35759, None)
[2024-01-30T16:37:30.261+0100] {spark_submit.py:571} INFO - 24/01/30 16:37:30 INFO BlockManagerMaster: Registered BlockManager BlockManagerId(driver, 10.0.2.15, 35759, None)
[2024-01-30T16:37:30.269+0100] {spark_submit.py:571} INFO - 24/01/30 16:37:30 INFO BlockManager: Initialized BlockManager: BlockManagerId(driver, 10.0.2.15, 35759, None)
[2024-01-30T16:37:32.563+0100] {spark_submit.py:571} INFO - Usage: MnMcount <mnm_file_dataset>24/01/30 16:37:32 INFO SparkContext: Invoking stop() from shutdown hook
[2024-01-30T16:37:32.779+0100] {spark_submit.py:571} INFO - 24/01/30 16:37:32 INFO SparkUI: Stopped Spark web UI at http://10.0.2.15:4040
[2024-01-30T16:37:33.070+0100] {spark_submit.py:571} INFO - 24/01/30 16:37:33 INFO MapOutputTrackerMasterEndpoint: MapOutputTrackerMasterEndpoint stopped!
[2024-01-30T16:37:33.254+0100] {spark_submit.py:571} INFO - 24/01/30 16:37:33 INFO MemoryStore: MemoryStore cleared
[2024-01-30T16:37:33.255+0100] {spark_submit.py:571} INFO - 24/01/30 16:37:33 INFO BlockManager: BlockManager stopped
[2024-01-30T16:37:33.334+0100] {spark_submit.py:571} INFO - 24/01/30 16:37:33 INFO BlockManagerMaster: BlockManagerMaster stopped
[2024-01-30T16:37:33.355+0100] {spark_submit.py:571} INFO - 24/01/30 16:37:33 INFO OutputCommitCoordinator$OutputCommitCoordinatorEndpoint: OutputCommitCoordinator stopped!
[2024-01-30T16:37:33.506+0100] {spark_submit.py:571} INFO - 24/01/30 16:37:33 INFO SparkContext: Successfully stopped SparkContext
[2024-01-30T16:37:33.508+0100] {spark_submit.py:571} INFO - 24/01/30 16:37:33 INFO ShutdownHookManager: Shutdown hook called
[2024-01-30T16:37:33.509+0100] {spark_submit.py:571} INFO - 24/01/30 16:37:33 INFO ShutdownHookManager: Deleting directory /tmp/spark-9e745101-5fa9-475d-a701-64c7963d9c25
[2024-01-30T16:37:33.579+0100] {spark_submit.py:571} INFO - 24/01/30 16:37:33 INFO ShutdownHookManager: Deleting directory /tmp/spark-e1663914-076b-4f61-bd0e-4b20eb764ee4
[2024-01-30T16:37:34.188+0100] {taskinstance.py:2699} ERROR - Task failed with exception
Traceback (most recent call last):
  File "/home/ubuntu/.local/lib/python3.10/site-packages/airflow/models/taskinstance.py", line 433, in _execute_task
    result = execute_callable(context=context, **execute_callable_kwargs)
  File "/home/ubuntu/.local/lib/python3.10/site-packages/airflow/providers/apache/spark/operators/spark_submit.py", line 174, in execute
    self._hook.submit(self._application)
  File "/home/ubuntu/.local/lib/python3.10/site-packages/airflow/providers/apache/spark/hooks/spark_submit.py", line 502, in submit
    raise AirflowException(
airflow.exceptions.AirflowException: Cannot execute: spark-submit --master local[*] --name your_spark_job --class main.scala.mnm.MnMcount --queue root.default --deploy-mode client hdfs://localhost:9000/user/project/datalake/main-scala-mnm_2.12-1.0.jar. Error code is: 1.
[2024-01-30T16:37:34.244+0100] {taskinstance.py:1138} INFO - Marking task as FAILED. dag_id=jeniferhdfs, task_id=submit_spark_job, execution_date=20240130T152546, start_date=20240130T153542, end_date=20240130T153734
[2024-01-30T16:37:34.412+0100] {standard_task_runner.py:107} ERROR - Failed to execute job 112 for task submit_spark_job (Cannot execute: spark-submit --master local[*] --name your_spark_job --class main.scala.mnm.MnMcount --queue root.default --deploy-mode client hdfs://localhost:9000/user/project/datalake/main-scala-mnm_2.12-1.0.jar. Error code is: 1.; 9490)
[2024-01-30T16:37:34.444+0100] {local_task_job_runner.py:234} INFO - Task exited with return code 1
[2024-01-30T16:37:34.490+0100] {taskinstance.py:3281} INFO - 0 downstream tasks scheduled from follow-on schedule check
