[2024-01-30T16:27:29.684+0100] {taskinstance.py:1957} INFO - Dependencies all met for dep_context=non-requeueable deps ti=<TaskInstance: jeniferhdfs.submit_spark_job manual__2024-01-30T15:25:46.161405+00:00 [queued]>
[2024-01-30T16:27:29.736+0100] {taskinstance.py:1957} INFO - Dependencies all met for dep_context=requeueable deps ti=<TaskInstance: jeniferhdfs.submit_spark_job manual__2024-01-30T15:25:46.161405+00:00 [queued]>
[2024-01-30T16:27:29.737+0100] {taskinstance.py:2171} INFO - Starting attempt 1 of 2
[2024-01-30T16:27:29.902+0100] {taskinstance.py:2192} INFO - Executing <Task(SparkSubmitOperator): submit_spark_job> on 2024-01-30 15:25:46.161405+00:00
[2024-01-30T16:27:29.967+0100] {standard_task_runner.py:60} INFO - Started process 7477 to run task
[2024-01-30T16:27:29.999+0100] {standard_task_runner.py:87} INFO - Running: ['airflow', 'tasks', 'run', 'jeniferhdfs', 'submit_spark_job', 'manual__2024-01-30T15:25:46.161405+00:00', '--job-id', '110', '--raw', '--subdir', 'DAGS_FOLDER/hdfsDag.py', '--cfg-path', '/tmp/tmpopmcx2xi']
[2024-01-30T16:27:30.033+0100] {standard_task_runner.py:88} INFO - Job 110: Subtask submit_spark_job
[2024-01-30T16:27:30.385+0100] {task_command.py:423} INFO - Running <TaskInstance: jeniferhdfs.submit_spark_job manual__2024-01-30T15:25:46.161405+00:00 [running]> on host ubuntu.ubuntu.virtualbox.org
[2024-01-30T16:27:30.644+0100] {taskinstance.py:2481} INFO - Exporting env vars: AIRFLOW_CTX_DAG_OWNER='jenifer' AIRFLOW_CTX_DAG_ID='jeniferhdfs' AIRFLOW_CTX_TASK_ID='submit_spark_job' AIRFLOW_CTX_EXECUTION_DATE='2024-01-30T15:25:46.161405+00:00' AIRFLOW_CTX_TRY_NUMBER='1' AIRFLOW_CTX_DAG_RUN_ID='manual__2024-01-30T15:25:46.161405+00:00'
[2024-01-30T16:27:31.194+0100] {base.py:83} INFO - Using connection ID 'spark_default' for task execution.
[2024-01-30T16:27:31.223+0100] {spark_submit.py:401} INFO - Spark-Submit cmd: spark-submit --master local[*] --name your_spark_job --class main.scala.mnm.MnMcount --queue root.default --deploy-mode client hdfs://localhost:9000/user/project/datalake/main-scala-mnm_2.12-1.0.jar
[2024-01-30T16:28:31.818+0100] {spark_submit.py:571} INFO - 24/01/30 16:28:31 WARN Utils: Your hostname, ubuntu resolves to a loopback address: 127.0.1.1; using 10.0.2.15 instead (on interface enp0s3)
[2024-01-30T16:28:31.837+0100] {spark_submit.py:571} INFO - 24/01/30 16:28:31 WARN Utils: Set SPARK_LOCAL_IP if you need to bind to another address
[2024-01-30T16:28:43.507+0100] {spark_submit.py:571} INFO - 24/01/30 16:28:43 WARN NativeCodeLoader: Unable to load native-hadoop library for your platform... using builtin-java classes where applicable
[2024-01-30T16:28:48.195+0100] {spark_submit.py:571} INFO - 24/01/30 16:28:48 INFO SparkContext: Running Spark version 3.3.4
[2024-01-30T16:28:48.432+0100] {spark_submit.py:571} INFO - 24/01/30 16:28:48 INFO ResourceUtils: ==============================================================
[2024-01-30T16:28:48.434+0100] {spark_submit.py:571} INFO - 24/01/30 16:28:48 INFO ResourceUtils: No custom resources configured for spark.driver.
[2024-01-30T16:28:48.435+0100] {spark_submit.py:571} INFO - 24/01/30 16:28:48 INFO ResourceUtils: ==============================================================
[2024-01-30T16:28:48.452+0100] {spark_submit.py:571} INFO - 24/01/30 16:28:48 INFO SparkContext: Submitted application: MnMCount
[2024-01-30T16:28:48.541+0100] {spark_submit.py:571} INFO - 24/01/30 16:28:48 INFO ResourceProfile: Default ResourceProfile created, executor resources: Map(cores -> name: cores, amount: 1, script: , vendor: , memory -> name: memory, amount: 1024, script: , vendor: , offHeap -> name: offHeap, amount: 0, script: , vendor: ), task resources: Map(cpus -> name: cpus, amount: 1.0)
[2024-01-30T16:28:48.570+0100] {spark_submit.py:571} INFO - 24/01/30 16:28:48 INFO ResourceProfile: Limiting resource is cpu
[2024-01-30T16:28:48.572+0100] {spark_submit.py:571} INFO - 24/01/30 16:28:48 INFO ResourceProfileManager: Added ResourceProfile id: 0
[2024-01-30T16:28:48.840+0100] {spark_submit.py:571} INFO - 24/01/30 16:28:48 INFO SecurityManager: Changing view acls to: ubuntu
[2024-01-30T16:28:48.843+0100] {spark_submit.py:571} INFO - 24/01/30 16:28:48 INFO SecurityManager: Changing modify acls to: ubuntu
[2024-01-30T16:28:48.854+0100] {spark_submit.py:571} INFO - 24/01/30 16:28:48 INFO SecurityManager: Changing view acls groups to:
[2024-01-30T16:28:48.861+0100] {spark_submit.py:571} INFO - 24/01/30 16:28:48 INFO SecurityManager: Changing modify acls groups to:
[2024-01-30T16:28:48.861+0100] {spark_submit.py:571} INFO - 24/01/30 16:28:48 INFO SecurityManager: SecurityManager: authentication disabled; ui acls disabled; users  with view permissions: Set(ubuntu); groups with view permissions: Set(); users  with modify permissions: Set(ubuntu); groups with modify permissions: Set()
[2024-01-30T16:28:50.047+0100] {spark_submit.py:571} INFO - 24/01/30 16:28:50 INFO Utils: Successfully started service 'sparkDriver' on port 46747.
[2024-01-30T16:28:50.230+0100] {spark_submit.py:571} INFO - 24/01/30 16:28:50 INFO SparkEnv: Registering MapOutputTracker
[2024-01-30T16:28:50.625+0100] {spark_submit.py:571} INFO - 24/01/30 16:28:50 INFO SparkEnv: Registering BlockManagerMaster
[2024-01-30T16:28:50.774+0100] {spark_submit.py:571} INFO - 24/01/30 16:28:50 INFO BlockManagerMasterEndpoint: Using org.apache.spark.storage.DefaultTopologyMapper for getting topology information
[2024-01-30T16:28:50.780+0100] {spark_submit.py:571} INFO - 24/01/30 16:28:50 INFO BlockManagerMasterEndpoint: BlockManagerMasterEndpoint up
[2024-01-30T16:28:50.804+0100] {spark_submit.py:571} INFO - 24/01/30 16:28:50 INFO SparkEnv: Registering BlockManagerMasterHeartbeat
[2024-01-30T16:28:51.131+0100] {spark_submit.py:571} INFO - 24/01/30 16:28:51 INFO DiskBlockManager: Created local directory at /tmp/blockmgr-c90c2245-a79d-4a6f-8803-e6c751bbeb23
[2024-01-30T16:28:51.365+0100] {spark_submit.py:571} INFO - 24/01/30 16:28:51 INFO MemoryStore: MemoryStore started with capacity 434.4 MiB
[2024-01-30T16:28:51.499+0100] {spark_submit.py:571} INFO - 24/01/30 16:28:51 INFO SparkEnv: Registering OutputCommitCoordinator
[2024-01-30T16:28:53.015+0100] {spark_submit.py:571} INFO - 24/01/30 16:28:53 INFO Utils: Successfully started service 'SparkUI' on port 4040.
[2024-01-30T16:28:53.429+0100] {spark_submit.py:571} INFO - 24/01/30 16:28:53 INFO SparkContext: Added JAR hdfs://localhost:9000/user/project/datalake/main-scala-mnm_2.12-1.0.jar at hdfs://localhost:9000/user/project/datalake/main-scala-mnm_2.12-1.0.jar with timestamp 1706628528142
[2024-01-30T16:28:54.164+0100] {spark_submit.py:571} INFO - 24/01/30 16:28:54 INFO Executor: Starting executor ID driver on host 10.0.2.15
[2024-01-30T16:28:54.197+0100] {spark_submit.py:571} INFO - 24/01/30 16:28:54 INFO Executor: Starting executor with user classpath (userClassPathFirst = false): ''
[2024-01-30T16:28:54.262+0100] {spark_submit.py:571} INFO - 24/01/30 16:28:54 INFO Executor: Fetching hdfs://localhost:9000/user/project/datalake/main-scala-mnm_2.12-1.0.jar with timestamp 1706628528142
[2024-01-30T16:28:54.386+0100] {spark_submit.py:571} INFO - 24/01/30 16:28:54 INFO Utils: Fetching hdfs://localhost:9000/user/project/datalake/main-scala-mnm_2.12-1.0.jar to /tmp/spark-81bc20ca-541f-4f42-8bf2-434f6243203d/userFiles-85c63ee9-f195-4df8-881b-36f7247d9141/fetchFileTemp11781148504781865662.tmp
[2024-01-30T16:28:54.453+0100] {spark_submit.py:571} INFO - 24/01/30 16:28:54 INFO Executor: Adding file:/tmp/spark-81bc20ca-541f-4f42-8bf2-434f6243203d/userFiles-85c63ee9-f195-4df8-881b-36f7247d9141/main-scala-mnm_2.12-1.0.jar to class loader
[2024-01-30T16:28:54.560+0100] {spark_submit.py:571} INFO - 24/01/30 16:28:54 INFO Utils: Successfully started service 'org.apache.spark.network.netty.NettyBlockTransferService' on port 46693.
[2024-01-30T16:28:54.561+0100] {spark_submit.py:571} INFO - 24/01/30 16:28:54 INFO NettyBlockTransferService: Server created on 10.0.2.15:46693
[2024-01-30T16:28:54.566+0100] {spark_submit.py:571} INFO - 24/01/30 16:28:54 INFO BlockManager: Using org.apache.spark.storage.RandomBlockReplicationPolicy for block replication policy
[2024-01-30T16:28:54.627+0100] {spark_submit.py:571} INFO - 24/01/30 16:28:54 INFO BlockManagerMaster: Registering BlockManager BlockManagerId(driver, 10.0.2.15, 46693, None)
[2024-01-30T16:28:54.668+0100] {spark_submit.py:571} INFO - 24/01/30 16:28:54 INFO BlockManagerMasterEndpoint: Registering block manager 10.0.2.15:46693 with 434.4 MiB RAM, BlockManagerId(driver, 10.0.2.15, 46693, None)
[2024-01-30T16:28:54.776+0100] {spark_submit.py:571} INFO - 24/01/30 16:28:54 INFO BlockManagerMaster: Registered BlockManager BlockManagerId(driver, 10.0.2.15, 46693, None)
[2024-01-30T16:28:54.779+0100] {spark_submit.py:571} INFO - 24/01/30 16:28:54 INFO BlockManager: Initialized BlockManager: BlockManagerId(driver, 10.0.2.15, 46693, None)
[2024-01-30T16:28:57.652+0100] {spark_submit.py:571} INFO - Usage: MnMcount <mnm_file_dataset>24/01/30 16:28:57 INFO SparkContext: Invoking stop() from shutdown hook
[2024-01-30T16:28:57.752+0100] {spark_submit.py:571} INFO - 24/01/30 16:28:57 INFO SparkUI: Stopped Spark web UI at http://10.0.2.15:4040
[2024-01-30T16:28:57.851+0100] {spark_submit.py:571} INFO - 24/01/30 16:28:57 INFO MapOutputTrackerMasterEndpoint: MapOutputTrackerMasterEndpoint stopped!
[2024-01-30T16:28:57.977+0100] {spark_submit.py:571} INFO - 24/01/30 16:28:57 INFO MemoryStore: MemoryStore cleared
[2024-01-30T16:28:57.978+0100] {spark_submit.py:571} INFO - 24/01/30 16:28:57 INFO BlockManager: BlockManager stopped
[2024-01-30T16:28:58.014+0100] {spark_submit.py:571} INFO - 24/01/30 16:28:58 INFO BlockManagerMaster: BlockManagerMaster stopped
[2024-01-30T16:28:58.023+0100] {spark_submit.py:571} INFO - 24/01/30 16:28:58 INFO OutputCommitCoordinator$OutputCommitCoordinatorEndpoint: OutputCommitCoordinator stopped!
[2024-01-30T16:28:58.289+0100] {spark_submit.py:571} INFO - 24/01/30 16:28:58 INFO SparkContext: Successfully stopped SparkContext
[2024-01-30T16:28:58.291+0100] {spark_submit.py:571} INFO - 24/01/30 16:28:58 INFO ShutdownHookManager: Shutdown hook called
[2024-01-30T16:28:58.316+0100] {spark_submit.py:571} INFO - 24/01/30 16:28:58 INFO ShutdownHookManager: Deleting directory /tmp/spark-3aeb1876-3195-4219-8243-a6d2d16a8d64
[2024-01-30T16:28:58.335+0100] {spark_submit.py:571} INFO - 24/01/30 16:28:58 INFO ShutdownHookManager: Deleting directory /tmp/spark-81bc20ca-541f-4f42-8bf2-434f6243203d
[2024-01-30T16:28:58.644+0100] {taskinstance.py:2699} ERROR - Task failed with exception
Traceback (most recent call last):
  File "/home/ubuntu/.local/lib/python3.10/site-packages/airflow/models/taskinstance.py", line 433, in _execute_task
    result = execute_callable(context=context, **execute_callable_kwargs)
  File "/home/ubuntu/.local/lib/python3.10/site-packages/airflow/providers/apache/spark/operators/spark_submit.py", line 174, in execute
    self._hook.submit(self._application)
  File "/home/ubuntu/.local/lib/python3.10/site-packages/airflow/providers/apache/spark/hooks/spark_submit.py", line 502, in submit
    raise AirflowException(
airflow.exceptions.AirflowException: Cannot execute: spark-submit --master local[*] --name your_spark_job --class main.scala.mnm.MnMcount --queue root.default --deploy-mode client hdfs://localhost:9000/user/project/datalake/main-scala-mnm_2.12-1.0.jar. Error code is: 1.
[2024-01-30T16:28:58.684+0100] {taskinstance.py:1138} INFO - Marking task as UP_FOR_RETRY. dag_id=jeniferhdfs, task_id=submit_spark_job, execution_date=20240130T152546, start_date=20240130T152729, end_date=20240130T152858
[2024-01-30T16:28:58.825+0100] {standard_task_runner.py:107} ERROR - Failed to execute job 110 for task submit_spark_job (Cannot execute: spark-submit --master local[*] --name your_spark_job --class main.scala.mnm.MnMcount --queue root.default --deploy-mode client hdfs://localhost:9000/user/project/datalake/main-scala-mnm_2.12-1.0.jar. Error code is: 1.; 7477)
[2024-01-30T16:28:58.886+0100] {local_task_job_runner.py:234} INFO - Task exited with return code 1
[2024-01-30T16:28:58.920+0100] {taskinstance.py:3281} INFO - 0 downstream tasks scheduled from follow-on schedule check
