[2024-01-30T16:48:57.719+0100] {taskinstance.py:1957} INFO - Dependencies all met for dep_context=non-requeueable deps ti=<TaskInstance: jeniferhdfs.submit_spark_job manual__2024-01-30T15:48:25.343016+00:00 [queued]>
[2024-01-30T16:48:57.729+0100] {taskinstance.py:1957} INFO - Dependencies all met for dep_context=requeueable deps ti=<TaskInstance: jeniferhdfs.submit_spark_job manual__2024-01-30T15:48:25.343016+00:00 [queued]>
[2024-01-30T16:48:57.729+0100] {taskinstance.py:2171} INFO - Starting attempt 1 of 2
[2024-01-30T16:48:57.837+0100] {taskinstance.py:2192} INFO - Executing <Task(SparkSubmitOperator): submit_spark_job> on 2024-01-30 15:48:25.343016+00:00
[2024-01-30T16:48:57.859+0100] {standard_task_runner.py:60} INFO - Started process 5143 to run task
[2024-01-30T16:48:57.868+0100] {standard_task_runner.py:87} INFO - Running: ['airflow', 'tasks', 'run', 'jeniferhdfs', 'submit_spark_job', 'manual__2024-01-30T15:48:25.343016+00:00', '--job-id', '118', '--raw', '--subdir', 'DAGS_FOLDER/hdfsDag.py', '--cfg-path', '/tmp/tmp9_5lbpnj']
[2024-01-30T16:48:57.873+0100] {standard_task_runner.py:88} INFO - Job 118: Subtask submit_spark_job
[2024-01-30T16:48:58.057+0100] {task_command.py:423} INFO - Running <TaskInstance: jeniferhdfs.submit_spark_job manual__2024-01-30T15:48:25.343016+00:00 [running]> on host ubuntu.ubuntu.virtualbox.org
[2024-01-30T16:48:58.224+0100] {taskinstance.py:2481} INFO - Exporting env vars: AIRFLOW_CTX_DAG_OWNER='jenifer' AIRFLOW_CTX_DAG_ID='jeniferhdfs' AIRFLOW_CTX_TASK_ID='submit_spark_job' AIRFLOW_CTX_EXECUTION_DATE='2024-01-30T15:48:25.343016+00:00' AIRFLOW_CTX_TRY_NUMBER='1' AIRFLOW_CTX_DAG_RUN_ID='manual__2024-01-30T15:48:25.343016+00:00'
[2024-01-30T16:48:58.248+0100] {base.py:83} INFO - Using connection ID 'spark_default' for task execution.
[2024-01-30T16:48:58.251+0100] {spark_submit.py:401} INFO - Spark-Submit cmd: spark-submit --master local[*] --name your_spark_job --class main.scala.mnm.MnMcount --queue root.default --deploy-mode client hdfs://localhost:9000/user/project/datalake/main-scala-mnm_2.12-1.0.jar
[2024-01-30T16:49:15.176+0100] {spark_submit.py:571} INFO - 24/01/30 16:49:15 WARN Utils: Your hostname, ubuntu resolves to a loopback address: 127.0.1.1; using 10.0.2.15 instead (on interface enp0s3)
[2024-01-30T16:49:15.181+0100] {spark_submit.py:571} INFO - 24/01/30 16:49:15 WARN Utils: Set SPARK_LOCAL_IP if you need to bind to another address
[2024-01-30T16:49:19.056+0100] {spark_submit.py:571} INFO - 24/01/30 16:49:19 WARN NativeCodeLoader: Unable to load native-hadoop library for your platform... using builtin-java classes where applicable
[2024-01-30T16:49:23.915+0100] {spark_submit.py:571} INFO - 24/01/30 16:49:23 INFO SparkContext: Running Spark version 3.3.4
[2024-01-30T16:49:24.118+0100] {spark_submit.py:571} INFO - 24/01/30 16:49:24 INFO ResourceUtils: ==============================================================
[2024-01-30T16:49:24.118+0100] {spark_submit.py:571} INFO - 24/01/30 16:49:24 INFO ResourceUtils: No custom resources configured for spark.driver.
[2024-01-30T16:49:24.119+0100] {spark_submit.py:571} INFO - 24/01/30 16:49:24 INFO ResourceUtils: ==============================================================
[2024-01-30T16:49:24.119+0100] {spark_submit.py:571} INFO - 24/01/30 16:49:24 INFO SparkContext: Submitted application: MnMCount
[2024-01-30T16:49:24.498+0100] {spark_submit.py:571} INFO - 24/01/30 16:49:24 INFO ResourceProfile: Default ResourceProfile created, executor resources: Map(cores -> name: cores, amount: 1, script: , vendor: , memory -> name: memory, amount: 1024, script: , vendor: , offHeap -> name: offHeap, amount: 0, script: , vendor: ), task resources: Map(cpus -> name: cpus, amount: 1.0)
[2024-01-30T16:49:24.499+0100] {spark_submit.py:571} INFO - 24/01/30 16:49:24 INFO ResourceProfile: Limiting resource is cpu
[2024-01-30T16:49:24.500+0100] {spark_submit.py:571} INFO - 24/01/30 16:49:24 INFO ResourceProfileManager: Added ResourceProfile id: 0
[2024-01-30T16:49:24.981+0100] {spark_submit.py:571} INFO - 24/01/30 16:49:24 INFO SecurityManager: Changing view acls to: ubuntu
[2024-01-30T16:49:24.988+0100] {spark_submit.py:571} INFO - 24/01/30 16:49:24 INFO SecurityManager: Changing modify acls to: ubuntu
[2024-01-30T16:49:25.007+0100] {spark_submit.py:571} INFO - 24/01/30 16:49:25 INFO SecurityManager: Changing view acls groups to:
[2024-01-30T16:49:25.008+0100] {spark_submit.py:571} INFO - 24/01/30 16:49:25 INFO SecurityManager: Changing modify acls groups to:
[2024-01-30T16:49:25.010+0100] {spark_submit.py:571} INFO - 24/01/30 16:49:25 INFO SecurityManager: SecurityManager: authentication disabled; ui acls disabled; users  with view permissions: Set(ubuntu); groups with view permissions: Set(); users  with modify permissions: Set(ubuntu); groups with modify permissions: Set()
[2024-01-30T16:49:26.996+0100] {spark_submit.py:571} INFO - 24/01/30 16:49:26 INFO Utils: Successfully started service 'sparkDriver' on port 37187.
[2024-01-30T16:49:27.590+0100] {spark_submit.py:571} INFO - 24/01/30 16:49:27 INFO SparkEnv: Registering MapOutputTracker
[2024-01-30T16:49:27.878+0100] {spark_submit.py:571} INFO - 24/01/30 16:49:27 INFO SparkEnv: Registering BlockManagerMaster
[2024-01-30T16:49:28.061+0100] {spark_submit.py:571} INFO - 24/01/30 16:49:28 INFO BlockManagerMasterEndpoint: Using org.apache.spark.storage.DefaultTopologyMapper for getting topology information
[2024-01-30T16:49:28.103+0100] {spark_submit.py:571} INFO - 24/01/30 16:49:28 INFO BlockManagerMasterEndpoint: BlockManagerMasterEndpoint up
[2024-01-30T16:49:28.119+0100] {spark_submit.py:571} INFO - 24/01/30 16:49:28 INFO SparkEnv: Registering BlockManagerMasterHeartbeat
[2024-01-30T16:49:28.443+0100] {spark_submit.py:571} INFO - 24/01/30 16:49:28 INFO DiskBlockManager: Created local directory at /tmp/blockmgr-96062c8c-4808-4472-9937-d837be8862e8
[2024-01-30T16:49:28.538+0100] {spark_submit.py:571} INFO - 24/01/30 16:49:28 INFO MemoryStore: MemoryStore started with capacity 434.4 MiB
[2024-01-30T16:49:28.652+0100] {spark_submit.py:571} INFO - 24/01/30 16:49:28 INFO SparkEnv: Registering OutputCommitCoordinator
[2024-01-30T16:49:30.241+0100] {spark_submit.py:571} INFO - 24/01/30 16:49:30 INFO Utils: Successfully started service 'SparkUI' on port 4040.
[2024-01-30T16:49:30.415+0100] {spark_submit.py:571} INFO - 24/01/30 16:49:30 INFO SparkContext: Added JAR hdfs://localhost:9000/user/project/datalake/main-scala-mnm_2.12-1.0.jar at hdfs://localhost:9000/user/project/datalake/main-scala-mnm_2.12-1.0.jar with timestamp 1706629763891
[2024-01-30T16:49:30.874+0100] {spark_submit.py:571} INFO - 24/01/30 16:49:30 INFO Executor: Starting executor ID driver on host 10.0.2.15
[2024-01-30T16:49:30.907+0100] {spark_submit.py:571} INFO - 24/01/30 16:49:30 INFO Executor: Starting executor with user classpath (userClassPathFirst = false): ''
[2024-01-30T16:49:30.991+0100] {spark_submit.py:571} INFO - 24/01/30 16:49:30 INFO Executor: Fetching hdfs://localhost:9000/user/project/datalake/main-scala-mnm_2.12-1.0.jar with timestamp 1706629763891
[2024-01-30T16:49:31.082+0100] {spark_submit.py:571} INFO - 24/01/30 16:49:31 INFO Utils: Fetching hdfs://localhost:9000/user/project/datalake/main-scala-mnm_2.12-1.0.jar to /tmp/spark-b74fa9f4-c0ad-46fa-9a08-90fd1767acbc/userFiles-1f04df04-3902-409d-a5ca-40138b6d6add/fetchFileTemp15422065500269069435.tmp
[2024-01-30T16:49:31.120+0100] {spark_submit.py:571} INFO - 24/01/30 16:49:31 INFO Executor: Adding file:/tmp/spark-b74fa9f4-c0ad-46fa-9a08-90fd1767acbc/userFiles-1f04df04-3902-409d-a5ca-40138b6d6add/main-scala-mnm_2.12-1.0.jar to class loader
[2024-01-30T16:49:31.386+0100] {spark_submit.py:571} INFO - 24/01/30 16:49:31 INFO Utils: Successfully started service 'org.apache.spark.network.netty.NettyBlockTransferService' on port 36413.
[2024-01-30T16:49:31.387+0100] {spark_submit.py:571} INFO - 24/01/30 16:49:31 INFO NettyBlockTransferService: Server created on 10.0.2.15:36413
[2024-01-30T16:49:31.403+0100] {spark_submit.py:571} INFO - 24/01/30 16:49:31 INFO BlockManager: Using org.apache.spark.storage.RandomBlockReplicationPolicy for block replication policy
[2024-01-30T16:49:31.669+0100] {spark_submit.py:571} INFO - 24/01/30 16:49:31 INFO BlockManagerMaster: Registering BlockManager BlockManagerId(driver, 10.0.2.15, 36413, None)
[2024-01-30T16:49:31.721+0100] {spark_submit.py:571} INFO - 24/01/30 16:49:31 INFO BlockManagerMasterEndpoint: Registering block manager 10.0.2.15:36413 with 434.4 MiB RAM, BlockManagerId(driver, 10.0.2.15, 36413, None)
[2024-01-30T16:49:31.756+0100] {spark_submit.py:571} INFO - 24/01/30 16:49:31 INFO BlockManagerMaster: Registered BlockManager BlockManagerId(driver, 10.0.2.15, 36413, None)
[2024-01-30T16:49:31.763+0100] {spark_submit.py:571} INFO - 24/01/30 16:49:31 INFO BlockManager: Initialized BlockManager: BlockManagerId(driver, 10.0.2.15, 36413, None)
[2024-01-30T16:49:33.489+0100] {spark_submit.py:571} INFO - Usage: MnMcount <mnm_file_dataset>24/01/30 16:49:33 INFO SparkContext: Invoking stop() from shutdown hook
[2024-01-30T16:49:33.654+0100] {spark_submit.py:571} INFO - 24/01/30 16:49:33 INFO SparkUI: Stopped Spark web UI at http://10.0.2.15:4040
[2024-01-30T16:49:33.806+0100] {spark_submit.py:571} INFO - 24/01/30 16:49:33 INFO MapOutputTrackerMasterEndpoint: MapOutputTrackerMasterEndpoint stopped!
[2024-01-30T16:49:34.121+0100] {spark_submit.py:571} INFO - 24/01/30 16:49:34 INFO MemoryStore: MemoryStore cleared
[2024-01-30T16:49:34.123+0100] {spark_submit.py:571} INFO - 24/01/30 16:49:34 INFO BlockManager: BlockManager stopped
[2024-01-30T16:49:34.148+0100] {spark_submit.py:571} INFO - 24/01/30 16:49:34 INFO BlockManagerMaster: BlockManagerMaster stopped
[2024-01-30T16:49:34.233+0100] {spark_submit.py:571} INFO - 24/01/30 16:49:34 INFO OutputCommitCoordinator$OutputCommitCoordinatorEndpoint: OutputCommitCoordinator stopped!
[2024-01-30T16:49:34.327+0100] {spark_submit.py:571} INFO - 24/01/30 16:49:34 INFO SparkContext: Successfully stopped SparkContext
[2024-01-30T16:49:34.328+0100] {spark_submit.py:571} INFO - 24/01/30 16:49:34 INFO ShutdownHookManager: Shutdown hook called
[2024-01-30T16:49:34.331+0100] {spark_submit.py:571} INFO - 24/01/30 16:49:34 INFO ShutdownHookManager: Deleting directory /tmp/spark-beebed71-ac6c-4675-a565-21fa91311859
[2024-01-30T16:49:34.382+0100] {spark_submit.py:571} INFO - 24/01/30 16:49:34 INFO ShutdownHookManager: Deleting directory /tmp/spark-b74fa9f4-c0ad-46fa-9a08-90fd1767acbc
[2024-01-30T16:49:34.748+0100] {taskinstance.py:2699} ERROR - Task failed with exception
Traceback (most recent call last):
  File "/home/ubuntu/.local/lib/python3.10/site-packages/airflow/models/taskinstance.py", line 433, in _execute_task
    result = execute_callable(context=context, **execute_callable_kwargs)
  File "/home/ubuntu/.local/lib/python3.10/site-packages/airflow/providers/apache/spark/operators/spark_submit.py", line 174, in execute
    self._hook.submit(self._application)
  File "/home/ubuntu/.local/lib/python3.10/site-packages/airflow/providers/apache/spark/hooks/spark_submit.py", line 502, in submit
    raise AirflowException(
airflow.exceptions.AirflowException: Cannot execute: spark-submit --master local[*] --name your_spark_job --class main.scala.mnm.MnMcount --queue root.default --deploy-mode client hdfs://localhost:9000/user/project/datalake/main-scala-mnm_2.12-1.0.jar. Error code is: 1.
[2024-01-30T16:49:34.751+0100] {taskinstance.py:1138} INFO - Marking task as UP_FOR_RETRY. dag_id=jeniferhdfs, task_id=submit_spark_job, execution_date=20240130T154825, start_date=20240130T154857, end_date=20240130T154934
[2024-01-30T16:49:34.823+0100] {standard_task_runner.py:107} ERROR - Failed to execute job 118 for task submit_spark_job (Cannot execute: spark-submit --master local[*] --name your_spark_job --class main.scala.mnm.MnMcount --queue root.default --deploy-mode client hdfs://localhost:9000/user/project/datalake/main-scala-mnm_2.12-1.0.jar. Error code is: 1.; 5143)
[2024-01-30T16:49:34.847+0100] {local_task_job_runner.py:234} INFO - Task exited with return code 1
[2024-01-30T16:49:34.863+0100] {taskinstance.py:3281} INFO - 0 downstream tasks scheduled from follow-on schedule check
