[2024-02-01T22:59:25.989+0100] {taskinstance.py:1957} INFO - Dependencies all met for dep_context=non-requeueable deps ti=<TaskInstance: jeniferhdfs.submit_spark_job manual__2024-02-01T21:52:59.171843+00:00 [queued]>
[2024-02-01T22:59:26.000+0100] {taskinstance.py:1957} INFO - Dependencies all met for dep_context=requeueable deps ti=<TaskInstance: jeniferhdfs.submit_spark_job manual__2024-02-01T21:52:59.171843+00:00 [queued]>
[2024-02-01T22:59:26.001+0100] {taskinstance.py:2171} INFO - Starting attempt 2 of 2
[2024-02-01T22:59:26.104+0100] {taskinstance.py:2192} INFO - Executing <Task(SparkSubmitOperator): submit_spark_job> on 2024-02-01 21:52:59.171843+00:00
[2024-02-01T22:59:26.127+0100] {standard_task_runner.py:60} INFO - Started process 15204 to run task
[2024-02-01T22:59:26.137+0100] {standard_task_runner.py:87} INFO - Running: ['airflow', 'tasks', 'run', 'jeniferhdfs', 'submit_spark_job', 'manual__2024-02-01T21:52:59.171843+00:00', '--job-id', '128', '--raw', '--subdir', 'DAGS_FOLDER/hdfsDag.py', '--cfg-path', '/tmp/tmptd1ujd0v']
[2024-02-01T22:59:26.157+0100] {standard_task_runner.py:88} INFO - Job 128: Subtask submit_spark_job
[2024-02-01T22:59:26.345+0100] {task_command.py:423} INFO - Running <TaskInstance: jeniferhdfs.submit_spark_job manual__2024-02-01T21:52:59.171843+00:00 [running]> on host ubuntu.ubuntu.virtualbox.org
[2024-02-01T22:59:26.472+0100] {taskinstance.py:2481} INFO - Exporting env vars: AIRFLOW_CTX_DAG_OWNER='jenifer' AIRFLOW_CTX_DAG_ID='jeniferhdfs' AIRFLOW_CTX_TASK_ID='submit_spark_job' AIRFLOW_CTX_EXECUTION_DATE='2024-02-01T21:52:59.171843+00:00' AIRFLOW_CTX_TRY_NUMBER='2' AIRFLOW_CTX_DAG_RUN_ID='manual__2024-02-01T21:52:59.171843+00:00'
[2024-02-01T22:59:26.480+0100] {base.py:83} INFO - Using connection ID 'spark_default' for task execution.
[2024-02-01T22:59:26.485+0100] {spark_submit.py:401} INFO - Spark-Submit cmd: spark-submit --master local[*] --name arrow-spark --class main.scala.mnm.MnMcount --queue root.default --deploy-mode client /home/ubuntu/airflow/mnmcount/target/scala-2.12/mnmcount_2.12-0.1.0-SNAPSHOT.jar
[2024-02-01T22:59:40.520+0100] {spark_submit.py:571} INFO - 24/02/01 22:59:40 WARN Utils: Your hostname, ubuntu resolves to a loopback address: 127.0.1.1; using 10.0.2.15 instead (on interface enp0s3)
[2024-02-01T22:59:40.543+0100] {spark_submit.py:571} INFO - 24/02/01 22:59:40 WARN Utils: Set SPARK_LOCAL_IP if you need to bind to another address
[2024-02-01T22:59:44.671+0100] {spark_submit.py:571} INFO - Error: Failed to load class main.scala.mnm.MnMcount.
[2024-02-01T22:59:45.316+0100] {spark_submit.py:571} INFO - 24/02/01 22:59:45 INFO ShutdownHookManager: Shutdown hook called
[2024-02-01T22:59:45.352+0100] {spark_submit.py:571} INFO - 24/02/01 22:59:45 INFO ShutdownHookManager: Deleting directory /tmp/spark-786a3c62-616b-43a9-97e5-ed11e38fef83
[2024-02-01T22:59:45.878+0100] {taskinstance.py:2699} ERROR - Task failed with exception
Traceback (most recent call last):
  File "/home/ubuntu/.local/lib/python3.10/site-packages/airflow/models/taskinstance.py", line 433, in _execute_task
    result = execute_callable(context=context, **execute_callable_kwargs)
  File "/home/ubuntu/.local/lib/python3.10/site-packages/airflow/providers/apache/spark/operators/spark_submit.py", line 174, in execute
    self._hook.submit(self._application)
  File "/home/ubuntu/.local/lib/python3.10/site-packages/airflow/providers/apache/spark/hooks/spark_submit.py", line 502, in submit
    raise AirflowException(
airflow.exceptions.AirflowException: Cannot execute: spark-submit --master local[*] --name arrow-spark --class main.scala.mnm.MnMcount --queue root.default --deploy-mode client /home/ubuntu/airflow/mnmcount/target/scala-2.12/mnmcount_2.12-0.1.0-SNAPSHOT.jar. Error code is: 101.
[2024-02-01T22:59:46.030+0100] {taskinstance.py:1138} INFO - Marking task as FAILED. dag_id=jeniferhdfs, task_id=submit_spark_job, execution_date=20240201T215259, start_date=20240201T215925, end_date=20240201T215946
[2024-02-01T22:59:46.183+0100] {standard_task_runner.py:107} ERROR - Failed to execute job 128 for task submit_spark_job (Cannot execute: spark-submit --master local[*] --name arrow-spark --class main.scala.mnm.MnMcount --queue root.default --deploy-mode client /home/ubuntu/airflow/mnmcount/target/scala-2.12/mnmcount_2.12-0.1.0-SNAPSHOT.jar. Error code is: 101.; 15204)
[2024-02-01T22:59:46.211+0100] {local_task_job_runner.py:234} INFO - Task exited with return code 1
[2024-02-01T22:59:46.253+0100] {taskinstance.py:3281} INFO - 0 downstream tasks scheduled from follow-on schedule check
