[2024-01-30T16:16:43.908+0100] {taskinstance.py:1957} INFO - Dependencies all met for dep_context=non-requeueable deps ti=<TaskInstance: jeniferhdfs.submit_spark_job manual__2024-01-30T15:15:40.333938+00:00 [queued]>
[2024-01-30T16:16:43.924+0100] {taskinstance.py:1957} INFO - Dependencies all met for dep_context=requeueable deps ti=<TaskInstance: jeniferhdfs.submit_spark_job manual__2024-01-30T15:15:40.333938+00:00 [queued]>
[2024-01-30T16:16:43.924+0100] {taskinstance.py:2171} INFO - Starting attempt 1 of 2
[2024-01-30T16:16:43.961+0100] {taskinstance.py:2192} INFO - Executing <Task(SparkSubmitOperator): submit_spark_job> on 2024-01-30 15:15:40.333938+00:00
[2024-01-30T16:16:43.979+0100] {standard_task_runner.py:60} INFO - Started process 5490 to run task
[2024-01-30T16:16:44.009+0100] {standard_task_runner.py:87} INFO - Running: ['airflow', 'tasks', 'run', 'jeniferhdfs', 'submit_spark_job', 'manual__2024-01-30T15:15:40.333938+00:00', '--job-id', '107', '--raw', '--subdir', 'DAGS_FOLDER/hdfsDag.py', '--cfg-path', '/tmp/tmp4u4gin4l']
[2024-01-30T16:16:44.019+0100] {standard_task_runner.py:88} INFO - Job 107: Subtask submit_spark_job
[2024-01-30T16:16:44.253+0100] {task_command.py:423} INFO - Running <TaskInstance: jeniferhdfs.submit_spark_job manual__2024-01-30T15:15:40.333938+00:00 [running]> on host ubuntu.ubuntu.virtualbox.org
[2024-01-30T16:16:44.491+0100] {taskinstance.py:2481} INFO - Exporting env vars: AIRFLOW_CTX_DAG_OWNER='jenifer' AIRFLOW_CTX_DAG_ID='jeniferhdfs' AIRFLOW_CTX_TASK_ID='submit_spark_job' AIRFLOW_CTX_EXECUTION_DATE='2024-01-30T15:15:40.333938+00:00' AIRFLOW_CTX_TRY_NUMBER='1' AIRFLOW_CTX_DAG_RUN_ID='manual__2024-01-30T15:15:40.333938+00:00'
[2024-01-30T16:16:44.510+0100] {base.py:83} INFO - Using connection ID 'spark_default' for task execution.
[2024-01-30T16:16:44.526+0100] {spark_submit.py:401} INFO - Spark-Submit cmd: spark-submit --master local[*] --conf spark.master=local[*] --conf spark.yarn.conf.dir=/usr/local/hadoop/etc/hadoop --name your_spark_job --class main.scala.mnm.MnMcount --queue root.default --deploy-mode client hdfs://localhost:9000/user/project/datalake/main-scala-mnm_2.12-1.0.jar
[2024-01-30T16:17:03.533+0100] {spark_submit.py:571} INFO - 24/01/30 16:17:03 WARN Utils: Your hostname, ubuntu resolves to a loopback address: 127.0.1.1; using 10.0.2.15 instead (on interface enp0s3)
[2024-01-30T16:17:03.575+0100] {spark_submit.py:571} INFO - 24/01/30 16:17:03 WARN Utils: Set SPARK_LOCAL_IP if you need to bind to another address
[2024-01-30T16:17:07.267+0100] {spark_submit.py:571} INFO - 24/01/30 16:17:07 WARN NativeCodeLoader: Unable to load native-hadoop library for your platform... using builtin-java classes where applicable
[2024-01-30T16:17:14.593+0100] {spark_submit.py:571} INFO - 24/01/30 16:17:14 INFO SparkContext: Running Spark version 3.3.4
[2024-01-30T16:17:14.793+0100] {spark_submit.py:571} INFO - 24/01/30 16:17:14 INFO ResourceUtils: ==============================================================
[2024-01-30T16:17:14.798+0100] {spark_submit.py:571} INFO - 24/01/30 16:17:14 INFO ResourceUtils: No custom resources configured for spark.driver.
[2024-01-30T16:17:14.810+0100] {spark_submit.py:571} INFO - 24/01/30 16:17:14 INFO ResourceUtils: ==============================================================
[2024-01-30T16:17:14.816+0100] {spark_submit.py:571} INFO - 24/01/30 16:17:14 INFO SparkContext: Submitted application: MnMCount
[2024-01-30T16:17:15.182+0100] {spark_submit.py:571} INFO - 24/01/30 16:17:15 INFO ResourceProfile: Default ResourceProfile created, executor resources: Map(cores -> name: cores, amount: 1, script: , vendor: , memory -> name: memory, amount: 1024, script: , vendor: , offHeap -> name: offHeap, amount: 0, script: , vendor: ), task resources: Map(cpus -> name: cpus, amount: 1.0)
[2024-01-30T16:17:15.228+0100] {spark_submit.py:571} INFO - 24/01/30 16:17:15 INFO ResourceProfile: Limiting resource is cpu
[2024-01-30T16:17:15.229+0100] {spark_submit.py:571} INFO - 24/01/30 16:17:15 INFO ResourceProfileManager: Added ResourceProfile id: 0
[2024-01-30T16:17:15.954+0100] {spark_submit.py:571} INFO - 24/01/30 16:17:15 INFO SecurityManager: Changing view acls to: ubuntu
[2024-01-30T16:17:15.957+0100] {spark_submit.py:571} INFO - 24/01/30 16:17:15 INFO SecurityManager: Changing modify acls to: ubuntu
[2024-01-30T16:17:16.001+0100] {spark_submit.py:571} INFO - 24/01/30 16:17:15 INFO SecurityManager: Changing view acls groups to:
[2024-01-30T16:17:16.001+0100] {spark_submit.py:571} INFO - 24/01/30 16:17:15 INFO SecurityManager: Changing modify acls groups to:
[2024-01-30T16:17:16.002+0100] {spark_submit.py:571} INFO - 24/01/30 16:17:15 INFO SecurityManager: SecurityManager: authentication disabled; ui acls disabled; users  with view permissions: Set(ubuntu); groups with view permissions: Set(); users  with modify permissions: Set(ubuntu); groups with modify permissions: Set()
[2024-01-30T16:17:17.576+0100] {spark_submit.py:571} INFO - 24/01/30 16:17:17 INFO Utils: Successfully started service 'sparkDriver' on port 36839.
[2024-01-30T16:17:18.277+0100] {spark_submit.py:571} INFO - 24/01/30 16:17:18 INFO SparkEnv: Registering MapOutputTracker
[2024-01-30T16:17:18.740+0100] {spark_submit.py:571} INFO - 24/01/30 16:17:18 INFO SparkEnv: Registering BlockManagerMaster
[2024-01-30T16:17:18.880+0100] {spark_submit.py:571} INFO - 24/01/30 16:17:18 INFO BlockManagerMasterEndpoint: Using org.apache.spark.storage.DefaultTopologyMapper for getting topology information
[2024-01-30T16:17:18.881+0100] {spark_submit.py:571} INFO - 24/01/30 16:17:18 INFO BlockManagerMasterEndpoint: BlockManagerMasterEndpoint up
[2024-01-30T16:17:18.936+0100] {spark_submit.py:571} INFO - 24/01/30 16:17:18 INFO SparkEnv: Registering BlockManagerMasterHeartbeat
[2024-01-30T16:17:19.154+0100] {spark_submit.py:571} INFO - 24/01/30 16:17:19 INFO DiskBlockManager: Created local directory at /tmp/blockmgr-4679dec2-bb4b-44c8-b7c9-dd751fc66c93
[2024-01-30T16:17:19.295+0100] {spark_submit.py:571} INFO - 24/01/30 16:17:19 INFO MemoryStore: MemoryStore started with capacity 434.4 MiB
[2024-01-30T16:17:19.518+0100] {spark_submit.py:571} INFO - 24/01/30 16:17:19 INFO SparkEnv: Registering OutputCommitCoordinator
[2024-01-30T16:17:21.619+0100] {spark_submit.py:571} INFO - 24/01/30 16:17:21 INFO Utils: Successfully started service 'SparkUI' on port 4040.
[2024-01-30T16:17:22.002+0100] {spark_submit.py:571} INFO - 24/01/30 16:17:21 INFO SparkContext: Added JAR hdfs://localhost:9000/user/project/datalake/main-scala-mnm_2.12-1.0.jar at hdfs://localhost:9000/user/project/datalake/main-scala-mnm_2.12-1.0.jar with timestamp 1706627834515
[2024-01-30T16:17:22.946+0100] {spark_submit.py:571} INFO - 24/01/30 16:17:22 INFO Executor: Starting executor ID driver on host 10.0.2.15
[2024-01-30T16:17:22.972+0100] {spark_submit.py:571} INFO - 24/01/30 16:17:22 INFO Executor: Starting executor with user classpath (userClassPathFirst = false): ''
[2024-01-30T16:17:23.098+0100] {spark_submit.py:571} INFO - 24/01/30 16:17:23 INFO Executor: Fetching hdfs://localhost:9000/user/project/datalake/main-scala-mnm_2.12-1.0.jar with timestamp 1706627834515
[2024-01-30T16:17:23.205+0100] {spark_submit.py:571} INFO - 24/01/30 16:17:23 INFO Utils: Fetching hdfs://localhost:9000/user/project/datalake/main-scala-mnm_2.12-1.0.jar to /tmp/spark-e3c7f63b-de49-41e0-a358-f1e7cec41e99/userFiles-fd4686f0-a075-49ac-9f6a-69b166d9a2b0/fetchFileTemp11098828846124636826.tmp
[2024-01-30T16:17:23.560+0100] {spark_submit.py:571} INFO - 24/01/30 16:17:23 INFO Executor: Adding file:/tmp/spark-e3c7f63b-de49-41e0-a358-f1e7cec41e99/userFiles-fd4686f0-a075-49ac-9f6a-69b166d9a2b0/main-scala-mnm_2.12-1.0.jar to class loader
[2024-01-30T16:17:23.958+0100] {spark_submit.py:571} INFO - 24/01/30 16:17:23 INFO Utils: Successfully started service 'org.apache.spark.network.netty.NettyBlockTransferService' on port 42341.
[2024-01-30T16:17:23.959+0100] {spark_submit.py:571} INFO - 24/01/30 16:17:23 INFO NettyBlockTransferService: Server created on 10.0.2.15:42341
[2024-01-30T16:17:23.993+0100] {spark_submit.py:571} INFO - 24/01/30 16:17:23 INFO BlockManager: Using org.apache.spark.storage.RandomBlockReplicationPolicy for block replication policy
[2024-01-30T16:17:24.155+0100] {spark_submit.py:571} INFO - 24/01/30 16:17:24 INFO BlockManagerMaster: Registering BlockManager BlockManagerId(driver, 10.0.2.15, 42341, None)
[2024-01-30T16:17:24.242+0100] {spark_submit.py:571} INFO - 24/01/30 16:17:24 INFO BlockManagerMasterEndpoint: Registering block manager 10.0.2.15:42341 with 434.4 MiB RAM, BlockManagerId(driver, 10.0.2.15, 42341, None)
[2024-01-30T16:17:24.332+0100] {spark_submit.py:571} INFO - 24/01/30 16:17:24 INFO BlockManagerMaster: Registered BlockManager BlockManagerId(driver, 10.0.2.15, 42341, None)
[2024-01-30T16:17:24.344+0100] {spark_submit.py:571} INFO - 24/01/30 16:17:24 INFO BlockManager: Initialized BlockManager: BlockManagerId(driver, 10.0.2.15, 42341, None)
[2024-01-30T16:17:26.503+0100] {spark_submit.py:571} INFO - Usage: MnMcount <mnm_file_dataset>24/01/30 16:17:26 INFO SparkContext: Invoking stop() from shutdown hook
[2024-01-30T16:17:26.614+0100] {spark_submit.py:571} INFO - 24/01/30 16:17:26 INFO SparkUI: Stopped Spark web UI at http://10.0.2.15:4040
[2024-01-30T16:17:26.834+0100] {spark_submit.py:571} INFO - 24/01/30 16:17:26 INFO MapOutputTrackerMasterEndpoint: MapOutputTrackerMasterEndpoint stopped!
[2024-01-30T16:17:26.996+0100] {spark_submit.py:571} INFO - 24/01/30 16:17:26 INFO MemoryStore: MemoryStore cleared
[2024-01-30T16:17:27.000+0100] {spark_submit.py:571} INFO - 24/01/30 16:17:26 INFO BlockManager: BlockManager stopped
[2024-01-30T16:17:27.092+0100] {spark_submit.py:571} INFO - 24/01/30 16:17:27 INFO BlockManagerMaster: BlockManagerMaster stopped
[2024-01-30T16:17:27.100+0100] {spark_submit.py:571} INFO - 24/01/30 16:17:27 INFO OutputCommitCoordinator$OutputCommitCoordinatorEndpoint: OutputCommitCoordinator stopped!
[2024-01-30T16:17:27.249+0100] {spark_submit.py:571} INFO - 24/01/30 16:17:27 INFO SparkContext: Successfully stopped SparkContext
[2024-01-30T16:17:27.265+0100] {spark_submit.py:571} INFO - 24/01/30 16:17:27 INFO ShutdownHookManager: Shutdown hook called
[2024-01-30T16:17:27.285+0100] {spark_submit.py:571} INFO - 24/01/30 16:17:27 INFO ShutdownHookManager: Deleting directory /tmp/spark-1112bb34-6a7c-4e76-8802-979216ed4b49
[2024-01-30T16:17:27.317+0100] {spark_submit.py:571} INFO - 24/01/30 16:17:27 INFO ShutdownHookManager: Deleting directory /tmp/spark-e3c7f63b-de49-41e0-a358-f1e7cec41e99
[2024-01-30T16:17:27.534+0100] {taskinstance.py:2699} ERROR - Task failed with exception
Traceback (most recent call last):
  File "/home/ubuntu/.local/lib/python3.10/site-packages/airflow/models/taskinstance.py", line 433, in _execute_task
    result = execute_callable(context=context, **execute_callable_kwargs)
  File "/home/ubuntu/.local/lib/python3.10/site-packages/airflow/providers/apache/spark/operators/spark_submit.py", line 174, in execute
    self._hook.submit(self._application)
  File "/home/ubuntu/.local/lib/python3.10/site-packages/airflow/providers/apache/spark/hooks/spark_submit.py", line 502, in submit
    raise AirflowException(
airflow.exceptions.AirflowException: Cannot execute: spark-submit --master local[*] --conf spark.master=local[*] --conf spark.yarn.conf.dir=/usr/local/hadoop/etc/hadoop --name your_spark_job --class main.scala.mnm.MnMcount --queue root.default --deploy-mode client hdfs://localhost:9000/user/project/datalake/main-scala-mnm_2.12-1.0.jar. Error code is: 1.
[2024-01-30T16:17:27.607+0100] {taskinstance.py:1138} INFO - Marking task as UP_FOR_RETRY. dag_id=jeniferhdfs, task_id=submit_spark_job, execution_date=20240130T151540, start_date=20240130T151643, end_date=20240130T151727
[2024-01-30T16:17:27.850+0100] {standard_task_runner.py:107} ERROR - Failed to execute job 107 for task submit_spark_job (Cannot execute: spark-submit --master local[*] --conf spark.master=local[*] --conf spark.yarn.conf.dir=/usr/local/hadoop/etc/hadoop --name your_spark_job --class main.scala.mnm.MnMcount --queue root.default --deploy-mode client hdfs://localhost:9000/user/project/datalake/main-scala-mnm_2.12-1.0.jar. Error code is: 1.; 5490)
[2024-01-30T16:17:27.907+0100] {local_task_job_runner.py:234} INFO - Task exited with return code 1
[2024-01-30T16:17:27.983+0100] {taskinstance.py:3281} INFO - 0 downstream tasks scheduled from follow-on schedule check
