[2024-01-21T12:14:21.555+0100] {processor.py:161} INFO - Started process (PID=4717) to work on /home/ubuntu/.local/lib/python3.10/site-packages/airflow/example_dags/example_sensor_decorator.py
[2024-01-21T12:14:21.558+0100] {processor.py:830} INFO - Processing file /home/ubuntu/.local/lib/python3.10/site-packages/airflow/example_dags/example_sensor_decorator.py for tasks to queue
[2024-01-21T12:14:21.559+0100] {logging_mixin.py:188} INFO - [2024-01-21T12:14:21.559+0100] {dagbag.py:538} INFO - Filling up the DagBag from /home/ubuntu/.local/lib/python3.10/site-packages/airflow/example_dags/example_sensor_decorator.py
[2024-01-21T12:14:21.577+0100] {processor.py:840} INFO - DAG(s) 'example_sensor_decorator' retrieved from /home/ubuntu/.local/lib/python3.10/site-packages/airflow/example_dags/example_sensor_decorator.py
[2024-01-21T12:14:21.812+0100] {logging_mixin.py:188} INFO - [2024-01-21T12:14:21.811+0100] {dag.py:3033} INFO - Sync 1 DAGs
[2024-01-21T12:14:21.828+0100] {logging_mixin.py:188} INFO - [2024-01-21T12:14:21.828+0100] {dag.py:3820} INFO - Setting next_dagrun for example_sensor_decorator to None, run_after=None
[2024-01-21T12:14:21.906+0100] {processor.py:183} INFO - Processing /home/ubuntu/.local/lib/python3.10/site-packages/airflow/example_dags/example_sensor_decorator.py took 0.359 seconds
[2024-01-21T12:16:44.538+0100] {processor.py:161} INFO - Started process (PID=4789) to work on /home/ubuntu/.local/lib/python3.10/site-packages/airflow/example_dags/example_sensor_decorator.py
[2024-01-21T12:16:44.546+0100] {processor.py:830} INFO - Processing file /home/ubuntu/.local/lib/python3.10/site-packages/airflow/example_dags/example_sensor_decorator.py for tasks to queue
[2024-01-21T12:16:44.547+0100] {logging_mixin.py:188} INFO - [2024-01-21T12:16:44.547+0100] {dagbag.py:538} INFO - Filling up the DagBag from /home/ubuntu/.local/lib/python3.10/site-packages/airflow/example_dags/example_sensor_decorator.py
[2024-01-21T12:16:44.560+0100] {processor.py:840} INFO - DAG(s) 'example_sensor_decorator' retrieved from /home/ubuntu/.local/lib/python3.10/site-packages/airflow/example_dags/example_sensor_decorator.py
[2024-01-21T12:16:44.589+0100] {logging_mixin.py:188} INFO - [2024-01-21T12:16:44.588+0100] {dag.py:3033} INFO - Sync 1 DAGs
[2024-01-21T12:16:44.605+0100] {logging_mixin.py:188} INFO - [2024-01-21T12:16:44.605+0100] {dag.py:3820} INFO - Setting next_dagrun for example_sensor_decorator to None, run_after=None
[2024-01-21T12:16:44.673+0100] {processor.py:183} INFO - Processing /home/ubuntu/.local/lib/python3.10/site-packages/airflow/example_dags/example_sensor_decorator.py took 0.142 seconds
[2024-01-21T12:18:49.097+0100] {processor.py:161} INFO - Started process (PID=4861) to work on /home/ubuntu/.local/lib/python3.10/site-packages/airflow/example_dags/example_sensor_decorator.py
[2024-01-21T12:18:49.100+0100] {processor.py:830} INFO - Processing file /home/ubuntu/.local/lib/python3.10/site-packages/airflow/example_dags/example_sensor_decorator.py for tasks to queue
[2024-01-21T12:18:49.102+0100] {logging_mixin.py:188} INFO - [2024-01-21T12:18:49.101+0100] {dagbag.py:538} INFO - Filling up the DagBag from /home/ubuntu/.local/lib/python3.10/site-packages/airflow/example_dags/example_sensor_decorator.py
[2024-01-21T12:18:49.112+0100] {processor.py:840} INFO - DAG(s) 'example_sensor_decorator' retrieved from /home/ubuntu/.local/lib/python3.10/site-packages/airflow/example_dags/example_sensor_decorator.py
[2024-01-21T12:18:49.139+0100] {logging_mixin.py:188} INFO - [2024-01-21T12:18:49.139+0100] {dag.py:3033} INFO - Sync 1 DAGs
[2024-01-21T12:18:49.162+0100] {logging_mixin.py:188} INFO - [2024-01-21T12:18:49.162+0100] {dag.py:3820} INFO - Setting next_dagrun for example_sensor_decorator to None, run_after=None
[2024-01-21T12:18:49.207+0100] {processor.py:183} INFO - Processing /home/ubuntu/.local/lib/python3.10/site-packages/airflow/example_dags/example_sensor_decorator.py took 0.121 seconds
[2024-01-21T12:20:38.441+0100] {processor.py:161} INFO - Started process (PID=4923) to work on /home/ubuntu/.local/lib/python3.10/site-packages/airflow/example_dags/example_sensor_decorator.py
[2024-01-21T12:20:38.444+0100] {processor.py:830} INFO - Processing file /home/ubuntu/.local/lib/python3.10/site-packages/airflow/example_dags/example_sensor_decorator.py for tasks to queue
[2024-01-21T12:20:38.451+0100] {logging_mixin.py:188} INFO - [2024-01-21T12:20:38.446+0100] {dagbag.py:538} INFO - Filling up the DagBag from /home/ubuntu/.local/lib/python3.10/site-packages/airflow/example_dags/example_sensor_decorator.py
[2024-01-21T12:20:38.505+0100] {processor.py:840} INFO - DAG(s) 'example_sensor_decorator' retrieved from /home/ubuntu/.local/lib/python3.10/site-packages/airflow/example_dags/example_sensor_decorator.py
[2024-01-21T12:20:38.549+0100] {logging_mixin.py:188} INFO - [2024-01-21T12:20:38.548+0100] {dag.py:3033} INFO - Sync 1 DAGs
[2024-01-21T12:20:38.571+0100] {logging_mixin.py:188} INFO - [2024-01-21T12:20:38.571+0100] {dag.py:3820} INFO - Setting next_dagrun for example_sensor_decorator to None, run_after=None
[2024-01-21T12:20:38.616+0100] {processor.py:183} INFO - Processing /home/ubuntu/.local/lib/python3.10/site-packages/airflow/example_dags/example_sensor_decorator.py took 0.183 seconds
[2024-01-21T12:22:26.482+0100] {processor.py:161} INFO - Started process (PID=5000) to work on /home/ubuntu/.local/lib/python3.10/site-packages/airflow/example_dags/example_sensor_decorator.py
[2024-01-21T12:22:26.485+0100] {processor.py:830} INFO - Processing file /home/ubuntu/.local/lib/python3.10/site-packages/airflow/example_dags/example_sensor_decorator.py for tasks to queue
[2024-01-21T12:22:26.488+0100] {logging_mixin.py:188} INFO - [2024-01-21T12:22:26.487+0100] {dagbag.py:538} INFO - Filling up the DagBag from /home/ubuntu/.local/lib/python3.10/site-packages/airflow/example_dags/example_sensor_decorator.py
[2024-01-21T12:22:26.509+0100] {processor.py:840} INFO - DAG(s) 'example_sensor_decorator' retrieved from /home/ubuntu/.local/lib/python3.10/site-packages/airflow/example_dags/example_sensor_decorator.py
[2024-01-21T12:22:26.558+0100] {logging_mixin.py:188} INFO - [2024-01-21T12:22:26.557+0100] {dag.py:3033} INFO - Sync 1 DAGs
[2024-01-21T12:22:26.597+0100] {logging_mixin.py:188} INFO - [2024-01-21T12:22:26.597+0100] {dag.py:3820} INFO - Setting next_dagrun for example_sensor_decorator to None, run_after=None
[2024-01-21T12:22:26.652+0100] {processor.py:183} INFO - Processing /home/ubuntu/.local/lib/python3.10/site-packages/airflow/example_dags/example_sensor_decorator.py took 0.185 seconds
[2024-01-21T12:24:11.863+0100] {processor.py:161} INFO - Started process (PID=5073) to work on /home/ubuntu/.local/lib/python3.10/site-packages/airflow/example_dags/example_sensor_decorator.py
[2024-01-21T12:24:11.868+0100] {processor.py:830} INFO - Processing file /home/ubuntu/.local/lib/python3.10/site-packages/airflow/example_dags/example_sensor_decorator.py for tasks to queue
[2024-01-21T12:24:11.870+0100] {logging_mixin.py:188} INFO - [2024-01-21T12:24:11.869+0100] {dagbag.py:538} INFO - Filling up the DagBag from /home/ubuntu/.local/lib/python3.10/site-packages/airflow/example_dags/example_sensor_decorator.py
[2024-01-21T12:24:11.881+0100] {processor.py:840} INFO - DAG(s) 'example_sensor_decorator' retrieved from /home/ubuntu/.local/lib/python3.10/site-packages/airflow/example_dags/example_sensor_decorator.py
[2024-01-21T12:24:11.908+0100] {logging_mixin.py:188} INFO - [2024-01-21T12:24:11.907+0100] {dag.py:3033} INFO - Sync 1 DAGs
[2024-01-21T12:24:11.928+0100] {logging_mixin.py:188} INFO - [2024-01-21T12:24:11.928+0100] {dag.py:3820} INFO - Setting next_dagrun for example_sensor_decorator to None, run_after=None
[2024-01-21T12:24:11.978+0100] {processor.py:183} INFO - Processing /home/ubuntu/.local/lib/python3.10/site-packages/airflow/example_dags/example_sensor_decorator.py took 0.120 seconds
[2024-01-21T12:25:57.577+0100] {processor.py:161} INFO - Started process (PID=5181) to work on /home/ubuntu/.local/lib/python3.10/site-packages/airflow/example_dags/example_sensor_decorator.py
[2024-01-21T12:25:57.587+0100] {processor.py:830} INFO - Processing file /home/ubuntu/.local/lib/python3.10/site-packages/airflow/example_dags/example_sensor_decorator.py for tasks to queue
[2024-01-21T12:25:57.594+0100] {logging_mixin.py:188} INFO - [2024-01-21T12:25:57.591+0100] {dagbag.py:538} INFO - Filling up the DagBag from /home/ubuntu/.local/lib/python3.10/site-packages/airflow/example_dags/example_sensor_decorator.py
[2024-01-21T12:25:57.924+0100] {processor.py:840} INFO - DAG(s) 'example_sensor_decorator' retrieved from /home/ubuntu/.local/lib/python3.10/site-packages/airflow/example_dags/example_sensor_decorator.py
[2024-01-21T12:25:58.247+0100] {logging_mixin.py:188} INFO - [2024-01-21T12:25:58.247+0100] {dag.py:3033} INFO - Sync 1 DAGs
[2024-01-21T12:25:58.406+0100] {logging_mixin.py:188} INFO - [2024-01-21T12:25:58.406+0100] {dag.py:3820} INFO - Setting next_dagrun for example_sensor_decorator to None, run_after=None
[2024-01-21T12:25:58.633+0100] {processor.py:183} INFO - Processing /home/ubuntu/.local/lib/python3.10/site-packages/airflow/example_dags/example_sensor_decorator.py took 1.163 seconds
[2024-01-21T12:27:39.126+0100] {processor.py:161} INFO - Started process (PID=5287) to work on /home/ubuntu/.local/lib/python3.10/site-packages/airflow/example_dags/example_sensor_decorator.py
[2024-01-21T12:27:39.131+0100] {processor.py:830} INFO - Processing file /home/ubuntu/.local/lib/python3.10/site-packages/airflow/example_dags/example_sensor_decorator.py for tasks to queue
[2024-01-21T12:27:39.133+0100] {logging_mixin.py:188} INFO - [2024-01-21T12:27:39.132+0100] {dagbag.py:538} INFO - Filling up the DagBag from /home/ubuntu/.local/lib/python3.10/site-packages/airflow/example_dags/example_sensor_decorator.py
[2024-01-21T12:27:39.178+0100] {processor.py:840} INFO - DAG(s) 'example_sensor_decorator' retrieved from /home/ubuntu/.local/lib/python3.10/site-packages/airflow/example_dags/example_sensor_decorator.py
[2024-01-21T12:27:39.243+0100] {logging_mixin.py:188} INFO - [2024-01-21T12:27:39.243+0100] {dag.py:3033} INFO - Sync 1 DAGs
[2024-01-21T12:27:39.278+0100] {logging_mixin.py:188} INFO - [2024-01-21T12:27:39.278+0100] {dag.py:3820} INFO - Setting next_dagrun for example_sensor_decorator to None, run_after=None
[2024-01-21T12:27:39.366+0100] {processor.py:183} INFO - Processing /home/ubuntu/.local/lib/python3.10/site-packages/airflow/example_dags/example_sensor_decorator.py took 0.247 seconds
[2024-01-21T12:29:40.001+0100] {processor.py:161} INFO - Started process (PID=5405) to work on /home/ubuntu/.local/lib/python3.10/site-packages/airflow/example_dags/example_sensor_decorator.py
[2024-01-21T12:29:40.006+0100] {processor.py:830} INFO - Processing file /home/ubuntu/.local/lib/python3.10/site-packages/airflow/example_dags/example_sensor_decorator.py for tasks to queue
[2024-01-21T12:29:40.009+0100] {logging_mixin.py:188} INFO - [2024-01-21T12:29:40.008+0100] {dagbag.py:538} INFO - Filling up the DagBag from /home/ubuntu/.local/lib/python3.10/site-packages/airflow/example_dags/example_sensor_decorator.py
[2024-01-21T12:29:40.023+0100] {processor.py:840} INFO - DAG(s) 'example_sensor_decorator' retrieved from /home/ubuntu/.local/lib/python3.10/site-packages/airflow/example_dags/example_sensor_decorator.py
[2024-01-21T12:29:40.055+0100] {logging_mixin.py:188} INFO - [2024-01-21T12:29:40.055+0100] {dag.py:3033} INFO - Sync 1 DAGs
[2024-01-21T12:29:40.080+0100] {logging_mixin.py:188} INFO - [2024-01-21T12:29:40.080+0100] {dag.py:3820} INFO - Setting next_dagrun for example_sensor_decorator to None, run_after=None
[2024-01-21T12:29:40.144+0100] {processor.py:183} INFO - Processing /home/ubuntu/.local/lib/python3.10/site-packages/airflow/example_dags/example_sensor_decorator.py took 0.149 seconds
[2024-01-21T12:31:49.370+0100] {processor.py:161} INFO - Started process (PID=5498) to work on /home/ubuntu/.local/lib/python3.10/site-packages/airflow/example_dags/example_sensor_decorator.py
[2024-01-21T12:31:49.373+0100] {processor.py:830} INFO - Processing file /home/ubuntu/.local/lib/python3.10/site-packages/airflow/example_dags/example_sensor_decorator.py for tasks to queue
[2024-01-21T12:31:49.375+0100] {logging_mixin.py:188} INFO - [2024-01-21T12:31:49.374+0100] {dagbag.py:538} INFO - Filling up the DagBag from /home/ubuntu/.local/lib/python3.10/site-packages/airflow/example_dags/example_sensor_decorator.py
[2024-01-21T12:31:49.401+0100] {processor.py:840} INFO - DAG(s) 'example_sensor_decorator' retrieved from /home/ubuntu/.local/lib/python3.10/site-packages/airflow/example_dags/example_sensor_decorator.py
[2024-01-21T12:31:49.461+0100] {logging_mixin.py:188} INFO - [2024-01-21T12:31:49.461+0100] {dag.py:3033} INFO - Sync 1 DAGs
[2024-01-21T12:31:49.497+0100] {logging_mixin.py:188} INFO - [2024-01-21T12:31:49.497+0100] {dag.py:3820} INFO - Setting next_dagrun for example_sensor_decorator to None, run_after=None
[2024-01-21T12:31:49.670+0100] {processor.py:183} INFO - Processing /home/ubuntu/.local/lib/python3.10/site-packages/airflow/example_dags/example_sensor_decorator.py took 0.306 seconds
[2024-01-21T12:34:19.715+0100] {processor.py:161} INFO - Started process (PID=5591) to work on /home/ubuntu/.local/lib/python3.10/site-packages/airflow/example_dags/example_sensor_decorator.py
[2024-01-21T12:34:19.719+0100] {processor.py:830} INFO - Processing file /home/ubuntu/.local/lib/python3.10/site-packages/airflow/example_dags/example_sensor_decorator.py for tasks to queue
[2024-01-21T12:34:19.720+0100] {logging_mixin.py:188} INFO - [2024-01-21T12:34:19.720+0100] {dagbag.py:538} INFO - Filling up the DagBag from /home/ubuntu/.local/lib/python3.10/site-packages/airflow/example_dags/example_sensor_decorator.py
[2024-01-21T12:34:19.737+0100] {processor.py:840} INFO - DAG(s) 'example_sensor_decorator' retrieved from /home/ubuntu/.local/lib/python3.10/site-packages/airflow/example_dags/example_sensor_decorator.py
[2024-01-21T12:34:19.782+0100] {logging_mixin.py:188} INFO - [2024-01-21T12:34:19.781+0100] {dag.py:3033} INFO - Sync 1 DAGs
[2024-01-21T12:34:19.803+0100] {logging_mixin.py:188} INFO - [2024-01-21T12:34:19.803+0100] {dag.py:3820} INFO - Setting next_dagrun for example_sensor_decorator to None, run_after=None
[2024-01-21T12:34:19.902+0100] {processor.py:183} INFO - Processing /home/ubuntu/.local/lib/python3.10/site-packages/airflow/example_dags/example_sensor_decorator.py took 0.195 seconds
[2024-01-21T12:36:49.279+0100] {processor.py:161} INFO - Started process (PID=5684) to work on /home/ubuntu/.local/lib/python3.10/site-packages/airflow/example_dags/example_sensor_decorator.py
[2024-01-21T12:36:49.286+0100] {processor.py:830} INFO - Processing file /home/ubuntu/.local/lib/python3.10/site-packages/airflow/example_dags/example_sensor_decorator.py for tasks to queue
[2024-01-21T12:36:49.288+0100] {logging_mixin.py:188} INFO - [2024-01-21T12:36:49.287+0100] {dagbag.py:538} INFO - Filling up the DagBag from /home/ubuntu/.local/lib/python3.10/site-packages/airflow/example_dags/example_sensor_decorator.py
[2024-01-21T12:36:49.309+0100] {processor.py:840} INFO - DAG(s) 'example_sensor_decorator' retrieved from /home/ubuntu/.local/lib/python3.10/site-packages/airflow/example_dags/example_sensor_decorator.py
[2024-01-21T12:36:49.365+0100] {logging_mixin.py:188} INFO - [2024-01-21T12:36:49.365+0100] {dag.py:3033} INFO - Sync 1 DAGs
[2024-01-21T12:36:49.392+0100] {logging_mixin.py:188} INFO - [2024-01-21T12:36:49.391+0100] {dag.py:3820} INFO - Setting next_dagrun for example_sensor_decorator to None, run_after=None
[2024-01-21T12:36:49.509+0100] {processor.py:183} INFO - Processing /home/ubuntu/.local/lib/python3.10/site-packages/airflow/example_dags/example_sensor_decorator.py took 0.236 seconds
[2024-01-21T12:39:13.405+0100] {processor.py:161} INFO - Started process (PID=5762) to work on /home/ubuntu/.local/lib/python3.10/site-packages/airflow/example_dags/example_sensor_decorator.py
[2024-01-21T12:39:13.409+0100] {processor.py:830} INFO - Processing file /home/ubuntu/.local/lib/python3.10/site-packages/airflow/example_dags/example_sensor_decorator.py for tasks to queue
[2024-01-21T12:39:13.411+0100] {logging_mixin.py:188} INFO - [2024-01-21T12:39:13.410+0100] {dagbag.py:538} INFO - Filling up the DagBag from /home/ubuntu/.local/lib/python3.10/site-packages/airflow/example_dags/example_sensor_decorator.py
[2024-01-21T12:39:13.425+0100] {processor.py:840} INFO - DAG(s) 'example_sensor_decorator' retrieved from /home/ubuntu/.local/lib/python3.10/site-packages/airflow/example_dags/example_sensor_decorator.py
[2024-01-21T12:39:13.448+0100] {logging_mixin.py:188} INFO - [2024-01-21T12:39:13.447+0100] {dag.py:3033} INFO - Sync 1 DAGs
[2024-01-21T12:39:13.462+0100] {logging_mixin.py:188} INFO - [2024-01-21T12:39:13.462+0100] {dag.py:3820} INFO - Setting next_dagrun for example_sensor_decorator to None, run_after=None
[2024-01-21T12:39:13.498+0100] {processor.py:183} INFO - Processing /home/ubuntu/.local/lib/python3.10/site-packages/airflow/example_dags/example_sensor_decorator.py took 0.097 seconds
[2024-01-21T12:41:20.027+0100] {processor.py:161} INFO - Started process (PID=5831) to work on /home/ubuntu/.local/lib/python3.10/site-packages/airflow/example_dags/example_sensor_decorator.py
[2024-01-21T12:41:20.030+0100] {processor.py:830} INFO - Processing file /home/ubuntu/.local/lib/python3.10/site-packages/airflow/example_dags/example_sensor_decorator.py for tasks to queue
[2024-01-21T12:41:20.032+0100] {logging_mixin.py:188} INFO - [2024-01-21T12:41:20.031+0100] {dagbag.py:538} INFO - Filling up the DagBag from /home/ubuntu/.local/lib/python3.10/site-packages/airflow/example_dags/example_sensor_decorator.py
[2024-01-21T12:41:20.041+0100] {processor.py:840} INFO - DAG(s) 'example_sensor_decorator' retrieved from /home/ubuntu/.local/lib/python3.10/site-packages/airflow/example_dags/example_sensor_decorator.py
[2024-01-21T12:41:20.063+0100] {logging_mixin.py:188} INFO - [2024-01-21T12:41:20.062+0100] {dag.py:3033} INFO - Sync 1 DAGs
[2024-01-21T12:41:20.078+0100] {logging_mixin.py:188} INFO - [2024-01-21T12:41:20.077+0100] {dag.py:3820} INFO - Setting next_dagrun for example_sensor_decorator to None, run_after=None
[2024-01-21T12:41:20.113+0100] {processor.py:183} INFO - Processing /home/ubuntu/.local/lib/python3.10/site-packages/airflow/example_dags/example_sensor_decorator.py took 0.091 seconds
