[2024-01-21T12:14:23.110+0100] {processor.py:161} INFO - Started process (PID=4718) to work on /home/ubuntu/.local/lib/python3.10/site-packages/airflow/example_dags/example_short_circuit_decorator.py
[2024-01-21T12:14:23.112+0100] {processor.py:830} INFO - Processing file /home/ubuntu/.local/lib/python3.10/site-packages/airflow/example_dags/example_short_circuit_decorator.py for tasks to queue
[2024-01-21T12:14:23.114+0100] {logging_mixin.py:188} INFO - [2024-01-21T12:14:23.113+0100] {dagbag.py:538} INFO - Filling up the DagBag from /home/ubuntu/.local/lib/python3.10/site-packages/airflow/example_dags/example_short_circuit_decorator.py
[2024-01-21T12:14:23.134+0100] {processor.py:840} INFO - DAG(s) 'example_short_circuit_decorator' retrieved from /home/ubuntu/.local/lib/python3.10/site-packages/airflow/example_dags/example_short_circuit_decorator.py
[2024-01-21T12:14:23.306+0100] {logging_mixin.py:188} INFO - [2024-01-21T12:14:23.306+0100] {dag.py:3033} INFO - Sync 1 DAGs
[2024-01-21T12:14:23.338+0100] {logging_mixin.py:188} INFO - [2024-01-21T12:14:23.337+0100] {dag.py:3820} INFO - Setting next_dagrun for example_short_circuit_decorator to 2024-01-20T00:00:00+00:00, run_after=2024-01-21T00:00:00+00:00
[2024-01-21T12:14:23.528+0100] {processor.py:183} INFO - Processing /home/ubuntu/.local/lib/python3.10/site-packages/airflow/example_dags/example_short_circuit_decorator.py took 0.429 seconds
[2024-01-21T12:16:45.840+0100] {processor.py:161} INFO - Started process (PID=4790) to work on /home/ubuntu/.local/lib/python3.10/site-packages/airflow/example_dags/example_short_circuit_decorator.py
[2024-01-21T12:16:45.857+0100] {processor.py:830} INFO - Processing file /home/ubuntu/.local/lib/python3.10/site-packages/airflow/example_dags/example_short_circuit_decorator.py for tasks to queue
[2024-01-21T12:16:45.861+0100] {logging_mixin.py:188} INFO - [2024-01-21T12:16:45.859+0100] {dagbag.py:538} INFO - Filling up the DagBag from /home/ubuntu/.local/lib/python3.10/site-packages/airflow/example_dags/example_short_circuit_decorator.py
[2024-01-21T12:16:45.908+0100] {processor.py:840} INFO - DAG(s) 'example_short_circuit_decorator' retrieved from /home/ubuntu/.local/lib/python3.10/site-packages/airflow/example_dags/example_short_circuit_decorator.py
[2024-01-21T12:16:45.943+0100] {logging_mixin.py:188} INFO - [2024-01-21T12:16:45.943+0100] {dag.py:3033} INFO - Sync 1 DAGs
[2024-01-21T12:16:45.984+0100] {logging_mixin.py:188} INFO - [2024-01-21T12:16:45.984+0100] {dag.py:3820} INFO - Setting next_dagrun for example_short_circuit_decorator to 2024-01-20T00:00:00+00:00, run_after=2024-01-21T00:00:00+00:00
[2024-01-21T12:16:46.027+0100] {processor.py:183} INFO - Processing /home/ubuntu/.local/lib/python3.10/site-packages/airflow/example_dags/example_short_circuit_decorator.py took 0.195 seconds
[2024-01-21T12:18:50.508+0100] {processor.py:161} INFO - Started process (PID=4862) to work on /home/ubuntu/.local/lib/python3.10/site-packages/airflow/example_dags/example_short_circuit_decorator.py
[2024-01-21T12:18:50.515+0100] {processor.py:830} INFO - Processing file /home/ubuntu/.local/lib/python3.10/site-packages/airflow/example_dags/example_short_circuit_decorator.py for tasks to queue
[2024-01-21T12:18:50.540+0100] {logging_mixin.py:188} INFO - [2024-01-21T12:18:50.539+0100] {dagbag.py:538} INFO - Filling up the DagBag from /home/ubuntu/.local/lib/python3.10/site-packages/airflow/example_dags/example_short_circuit_decorator.py
[2024-01-21T12:18:50.582+0100] {processor.py:840} INFO - DAG(s) 'example_short_circuit_decorator' retrieved from /home/ubuntu/.local/lib/python3.10/site-packages/airflow/example_dags/example_short_circuit_decorator.py
[2024-01-21T12:18:50.615+0100] {logging_mixin.py:188} INFO - [2024-01-21T12:18:50.615+0100] {dag.py:3033} INFO - Sync 1 DAGs
[2024-01-21T12:18:50.645+0100] {logging_mixin.py:188} INFO - [2024-01-21T12:18:50.645+0100] {dag.py:3820} INFO - Setting next_dagrun for example_short_circuit_decorator to 2024-01-20T00:00:00+00:00, run_after=2024-01-21T00:00:00+00:00
[2024-01-21T12:18:50.696+0100] {processor.py:183} INFO - Processing /home/ubuntu/.local/lib/python3.10/site-packages/airflow/example_dags/example_short_circuit_decorator.py took 0.205 seconds
[2024-01-21T12:20:39.909+0100] {processor.py:161} INFO - Started process (PID=4924) to work on /home/ubuntu/.local/lib/python3.10/site-packages/airflow/example_dags/example_short_circuit_decorator.py
[2024-01-21T12:20:39.913+0100] {processor.py:830} INFO - Processing file /home/ubuntu/.local/lib/python3.10/site-packages/airflow/example_dags/example_short_circuit_decorator.py for tasks to queue
[2024-01-21T12:20:39.914+0100] {logging_mixin.py:188} INFO - [2024-01-21T12:20:39.913+0100] {dagbag.py:538} INFO - Filling up the DagBag from /home/ubuntu/.local/lib/python3.10/site-packages/airflow/example_dags/example_short_circuit_decorator.py
[2024-01-21T12:20:39.974+0100] {processor.py:840} INFO - DAG(s) 'example_short_circuit_decorator' retrieved from /home/ubuntu/.local/lib/python3.10/site-packages/airflow/example_dags/example_short_circuit_decorator.py
[2024-01-21T12:20:40.011+0100] {logging_mixin.py:188} INFO - [2024-01-21T12:20:40.011+0100] {dag.py:3033} INFO - Sync 1 DAGs
[2024-01-21T12:20:40.046+0100] {logging_mixin.py:188} INFO - [2024-01-21T12:20:40.045+0100] {dag.py:3820} INFO - Setting next_dagrun for example_short_circuit_decorator to 2024-01-20T00:00:00+00:00, run_after=2024-01-21T00:00:00+00:00
[2024-01-21T12:20:40.084+0100] {processor.py:183} INFO - Processing /home/ubuntu/.local/lib/python3.10/site-packages/airflow/example_dags/example_short_circuit_decorator.py took 0.182 seconds
[2024-01-21T12:22:27.753+0100] {processor.py:161} INFO - Started process (PID=5001) to work on /home/ubuntu/.local/lib/python3.10/site-packages/airflow/example_dags/example_short_circuit_decorator.py
[2024-01-21T12:22:27.756+0100] {processor.py:830} INFO - Processing file /home/ubuntu/.local/lib/python3.10/site-packages/airflow/example_dags/example_short_circuit_decorator.py for tasks to queue
[2024-01-21T12:22:27.758+0100] {logging_mixin.py:188} INFO - [2024-01-21T12:22:27.757+0100] {dagbag.py:538} INFO - Filling up the DagBag from /home/ubuntu/.local/lib/python3.10/site-packages/airflow/example_dags/example_short_circuit_decorator.py
[2024-01-21T12:22:27.785+0100] {processor.py:840} INFO - DAG(s) 'example_short_circuit_decorator' retrieved from /home/ubuntu/.local/lib/python3.10/site-packages/airflow/example_dags/example_short_circuit_decorator.py
[2024-01-21T12:22:27.840+0100] {logging_mixin.py:188} INFO - [2024-01-21T12:22:27.840+0100] {dag.py:3033} INFO - Sync 1 DAGs
[2024-01-21T12:22:27.890+0100] {logging_mixin.py:188} INFO - [2024-01-21T12:22:27.889+0100] {dag.py:3820} INFO - Setting next_dagrun for example_short_circuit_decorator to 2024-01-20T00:00:00+00:00, run_after=2024-01-21T00:00:00+00:00
[2024-01-21T12:22:27.958+0100] {processor.py:183} INFO - Processing /home/ubuntu/.local/lib/python3.10/site-packages/airflow/example_dags/example_short_circuit_decorator.py took 0.213 seconds
[2024-01-21T12:24:13.247+0100] {processor.py:161} INFO - Started process (PID=5074) to work on /home/ubuntu/.local/lib/python3.10/site-packages/airflow/example_dags/example_short_circuit_decorator.py
[2024-01-21T12:24:13.250+0100] {processor.py:830} INFO - Processing file /home/ubuntu/.local/lib/python3.10/site-packages/airflow/example_dags/example_short_circuit_decorator.py for tasks to queue
[2024-01-21T12:24:13.251+0100] {logging_mixin.py:188} INFO - [2024-01-21T12:24:13.251+0100] {dagbag.py:538} INFO - Filling up the DagBag from /home/ubuntu/.local/lib/python3.10/site-packages/airflow/example_dags/example_short_circuit_decorator.py
[2024-01-21T12:24:13.272+0100] {processor.py:840} INFO - DAG(s) 'example_short_circuit_decorator' retrieved from /home/ubuntu/.local/lib/python3.10/site-packages/airflow/example_dags/example_short_circuit_decorator.py
[2024-01-21T12:24:13.354+0100] {logging_mixin.py:188} INFO - [2024-01-21T12:24:13.354+0100] {dag.py:3033} INFO - Sync 1 DAGs
[2024-01-21T12:24:13.398+0100] {logging_mixin.py:188} INFO - [2024-01-21T12:24:13.398+0100] {dag.py:3820} INFO - Setting next_dagrun for example_short_circuit_decorator to 2024-01-20T00:00:00+00:00, run_after=2024-01-21T00:00:00+00:00
[2024-01-21T12:24:13.445+0100] {processor.py:183} INFO - Processing /home/ubuntu/.local/lib/python3.10/site-packages/airflow/example_dags/example_short_circuit_decorator.py took 0.204 seconds
[2024-01-21T12:25:59.707+0100] {processor.py:161} INFO - Started process (PID=5189) to work on /home/ubuntu/.local/lib/python3.10/site-packages/airflow/example_dags/example_short_circuit_decorator.py
[2024-01-21T12:25:59.711+0100] {processor.py:830} INFO - Processing file /home/ubuntu/.local/lib/python3.10/site-packages/airflow/example_dags/example_short_circuit_decorator.py for tasks to queue
[2024-01-21T12:25:59.713+0100] {logging_mixin.py:188} INFO - [2024-01-21T12:25:59.712+0100] {dagbag.py:538} INFO - Filling up the DagBag from /home/ubuntu/.local/lib/python3.10/site-packages/airflow/example_dags/example_short_circuit_decorator.py
[2024-01-21T12:25:59.746+0100] {processor.py:840} INFO - DAG(s) 'example_short_circuit_decorator' retrieved from /home/ubuntu/.local/lib/python3.10/site-packages/airflow/example_dags/example_short_circuit_decorator.py
[2024-01-21T12:25:59.945+0100] {logging_mixin.py:188} INFO - [2024-01-21T12:25:59.944+0100] {dag.py:3033} INFO - Sync 1 DAGs
[2024-01-21T12:26:00.235+0100] {logging_mixin.py:188} INFO - [2024-01-21T12:26:00.234+0100] {dag.py:3820} INFO - Setting next_dagrun for example_short_circuit_decorator to 2024-01-20T00:00:00+00:00, run_after=2024-01-21T00:00:00+00:00
[2024-01-21T12:26:00.448+0100] {processor.py:183} INFO - Processing /home/ubuntu/.local/lib/python3.10/site-packages/airflow/example_dags/example_short_circuit_decorator.py took 0.750 seconds
[2024-01-21T12:27:40.558+0100] {processor.py:161} INFO - Started process (PID=5288) to work on /home/ubuntu/.local/lib/python3.10/site-packages/airflow/example_dags/example_short_circuit_decorator.py
[2024-01-21T12:27:40.562+0100] {processor.py:830} INFO - Processing file /home/ubuntu/.local/lib/python3.10/site-packages/airflow/example_dags/example_short_circuit_decorator.py for tasks to queue
[2024-01-21T12:27:40.563+0100] {logging_mixin.py:188} INFO - [2024-01-21T12:27:40.563+0100] {dagbag.py:538} INFO - Filling up the DagBag from /home/ubuntu/.local/lib/python3.10/site-packages/airflow/example_dags/example_short_circuit_decorator.py
[2024-01-21T12:27:40.580+0100] {processor.py:840} INFO - DAG(s) 'example_short_circuit_decorator' retrieved from /home/ubuntu/.local/lib/python3.10/site-packages/airflow/example_dags/example_short_circuit_decorator.py
[2024-01-21T12:27:40.611+0100] {logging_mixin.py:188} INFO - [2024-01-21T12:27:40.610+0100] {dag.py:3033} INFO - Sync 1 DAGs
[2024-01-21T12:27:40.645+0100] {logging_mixin.py:188} INFO - [2024-01-21T12:27:40.645+0100] {dag.py:3820} INFO - Setting next_dagrun for example_short_circuit_decorator to 2024-01-20T00:00:00+00:00, run_after=2024-01-21T00:00:00+00:00
[2024-01-21T12:27:40.696+0100] {processor.py:183} INFO - Processing /home/ubuntu/.local/lib/python3.10/site-packages/airflow/example_dags/example_short_circuit_decorator.py took 0.144 seconds
[2024-01-21T12:29:41.364+0100] {processor.py:161} INFO - Started process (PID=5406) to work on /home/ubuntu/.local/lib/python3.10/site-packages/airflow/example_dags/example_short_circuit_decorator.py
[2024-01-21T12:29:41.368+0100] {processor.py:830} INFO - Processing file /home/ubuntu/.local/lib/python3.10/site-packages/airflow/example_dags/example_short_circuit_decorator.py for tasks to queue
[2024-01-21T12:29:41.370+0100] {logging_mixin.py:188} INFO - [2024-01-21T12:29:41.370+0100] {dagbag.py:538} INFO - Filling up the DagBag from /home/ubuntu/.local/lib/python3.10/site-packages/airflow/example_dags/example_short_circuit_decorator.py
[2024-01-21T12:29:41.395+0100] {processor.py:840} INFO - DAG(s) 'example_short_circuit_decorator' retrieved from /home/ubuntu/.local/lib/python3.10/site-packages/airflow/example_dags/example_short_circuit_decorator.py
[2024-01-21T12:29:41.439+0100] {logging_mixin.py:188} INFO - [2024-01-21T12:29:41.438+0100] {dag.py:3033} INFO - Sync 1 DAGs
[2024-01-21T12:29:41.478+0100] {logging_mixin.py:188} INFO - [2024-01-21T12:29:41.478+0100] {dag.py:3820} INFO - Setting next_dagrun for example_short_circuit_decorator to 2024-01-20T00:00:00+00:00, run_after=2024-01-21T00:00:00+00:00
[2024-01-21T12:29:41.538+0100] {processor.py:183} INFO - Processing /home/ubuntu/.local/lib/python3.10/site-packages/airflow/example_dags/example_short_circuit_decorator.py took 0.182 seconds
[2024-01-21T12:31:51.052+0100] {processor.py:161} INFO - Started process (PID=5501) to work on /home/ubuntu/.local/lib/python3.10/site-packages/airflow/example_dags/example_short_circuit_decorator.py
[2024-01-21T12:31:51.056+0100] {processor.py:830} INFO - Processing file /home/ubuntu/.local/lib/python3.10/site-packages/airflow/example_dags/example_short_circuit_decorator.py for tasks to queue
[2024-01-21T12:31:51.060+0100] {logging_mixin.py:188} INFO - [2024-01-21T12:31:51.059+0100] {dagbag.py:538} INFO - Filling up the DagBag from /home/ubuntu/.local/lib/python3.10/site-packages/airflow/example_dags/example_short_circuit_decorator.py
[2024-01-21T12:31:51.101+0100] {processor.py:840} INFO - DAG(s) 'example_short_circuit_decorator' retrieved from /home/ubuntu/.local/lib/python3.10/site-packages/airflow/example_dags/example_short_circuit_decorator.py
[2024-01-21T12:31:51.396+0100] {logging_mixin.py:188} INFO - [2024-01-21T12:31:51.396+0100] {dag.py:3033} INFO - Sync 1 DAGs
[2024-01-21T12:31:51.610+0100] {logging_mixin.py:188} INFO - [2024-01-21T12:31:51.609+0100] {dag.py:3820} INFO - Setting next_dagrun for example_short_circuit_decorator to 2024-01-20T00:00:00+00:00, run_after=2024-01-21T00:00:00+00:00
[2024-01-21T12:31:51.841+0100] {processor.py:183} INFO - Processing /home/ubuntu/.local/lib/python3.10/site-packages/airflow/example_dags/example_short_circuit_decorator.py took 0.851 seconds
[2024-01-21T12:34:21.006+0100] {processor.py:161} INFO - Started process (PID=5592) to work on /home/ubuntu/.local/lib/python3.10/site-packages/airflow/example_dags/example_short_circuit_decorator.py
[2024-01-21T12:34:21.009+0100] {processor.py:830} INFO - Processing file /home/ubuntu/.local/lib/python3.10/site-packages/airflow/example_dags/example_short_circuit_decorator.py for tasks to queue
[2024-01-21T12:34:21.011+0100] {logging_mixin.py:188} INFO - [2024-01-21T12:34:21.010+0100] {dagbag.py:538} INFO - Filling up the DagBag from /home/ubuntu/.local/lib/python3.10/site-packages/airflow/example_dags/example_short_circuit_decorator.py
[2024-01-21T12:34:21.033+0100] {processor.py:840} INFO - DAG(s) 'example_short_circuit_decorator' retrieved from /home/ubuntu/.local/lib/python3.10/site-packages/airflow/example_dags/example_short_circuit_decorator.py
[2024-01-21T12:34:21.073+0100] {logging_mixin.py:188} INFO - [2024-01-21T12:34:21.072+0100] {dag.py:3033} INFO - Sync 1 DAGs
[2024-01-21T12:34:21.111+0100] {logging_mixin.py:188} INFO - [2024-01-21T12:34:21.111+0100] {dag.py:3820} INFO - Setting next_dagrun for example_short_circuit_decorator to 2024-01-20T00:00:00+00:00, run_after=2024-01-21T00:00:00+00:00
[2024-01-21T12:34:21.169+0100] {processor.py:183} INFO - Processing /home/ubuntu/.local/lib/python3.10/site-packages/airflow/example_dags/example_short_circuit_decorator.py took 0.170 seconds
[2024-01-21T12:36:50.645+0100] {processor.py:161} INFO - Started process (PID=5685) to work on /home/ubuntu/.local/lib/python3.10/site-packages/airflow/example_dags/example_short_circuit_decorator.py
[2024-01-21T12:36:50.648+0100] {processor.py:830} INFO - Processing file /home/ubuntu/.local/lib/python3.10/site-packages/airflow/example_dags/example_short_circuit_decorator.py for tasks to queue
[2024-01-21T12:36:50.650+0100] {logging_mixin.py:188} INFO - [2024-01-21T12:36:50.649+0100] {dagbag.py:538} INFO - Filling up the DagBag from /home/ubuntu/.local/lib/python3.10/site-packages/airflow/example_dags/example_short_circuit_decorator.py
[2024-01-21T12:36:50.674+0100] {processor.py:840} INFO - DAG(s) 'example_short_circuit_decorator' retrieved from /home/ubuntu/.local/lib/python3.10/site-packages/airflow/example_dags/example_short_circuit_decorator.py
[2024-01-21T12:36:50.718+0100] {logging_mixin.py:188} INFO - [2024-01-21T12:36:50.718+0100] {dag.py:3033} INFO - Sync 1 DAGs
[2024-01-21T12:36:50.763+0100] {logging_mixin.py:188} INFO - [2024-01-21T12:36:50.762+0100] {dag.py:3820} INFO - Setting next_dagrun for example_short_circuit_decorator to 2024-01-20T00:00:00+00:00, run_after=2024-01-21T00:00:00+00:00
[2024-01-21T12:36:50.812+0100] {processor.py:183} INFO - Processing /home/ubuntu/.local/lib/python3.10/site-packages/airflow/example_dags/example_short_circuit_decorator.py took 0.175 seconds
[2024-01-21T12:39:14.707+0100] {processor.py:161} INFO - Started process (PID=5763) to work on /home/ubuntu/.local/lib/python3.10/site-packages/airflow/example_dags/example_short_circuit_decorator.py
[2024-01-21T12:39:14.710+0100] {processor.py:830} INFO - Processing file /home/ubuntu/.local/lib/python3.10/site-packages/airflow/example_dags/example_short_circuit_decorator.py for tasks to queue
[2024-01-21T12:39:14.712+0100] {logging_mixin.py:188} INFO - [2024-01-21T12:39:14.711+0100] {dagbag.py:538} INFO - Filling up the DagBag from /home/ubuntu/.local/lib/python3.10/site-packages/airflow/example_dags/example_short_circuit_decorator.py
[2024-01-21T12:39:14.731+0100] {processor.py:840} INFO - DAG(s) 'example_short_circuit_decorator' retrieved from /home/ubuntu/.local/lib/python3.10/site-packages/airflow/example_dags/example_short_circuit_decorator.py
[2024-01-21T12:39:14.765+0100] {logging_mixin.py:188} INFO - [2024-01-21T12:39:14.765+0100] {dag.py:3033} INFO - Sync 1 DAGs
[2024-01-21T12:39:14.800+0100] {logging_mixin.py:188} INFO - [2024-01-21T12:39:14.800+0100] {dag.py:3820} INFO - Setting next_dagrun for example_short_circuit_decorator to 2024-01-20T00:00:00+00:00, run_after=2024-01-21T00:00:00+00:00
[2024-01-21T12:39:14.835+0100] {processor.py:183} INFO - Processing /home/ubuntu/.local/lib/python3.10/site-packages/airflow/example_dags/example_short_circuit_decorator.py took 0.134 seconds
[2024-01-21T12:41:20.473+0100] {processor.py:161} INFO - Started process (PID=5832) to work on /home/ubuntu/.local/lib/python3.10/site-packages/airflow/example_dags/example_short_circuit_decorator.py
[2024-01-21T12:41:20.477+0100] {processor.py:830} INFO - Processing file /home/ubuntu/.local/lib/python3.10/site-packages/airflow/example_dags/example_short_circuit_decorator.py for tasks to queue
[2024-01-21T12:41:20.478+0100] {logging_mixin.py:188} INFO - [2024-01-21T12:41:20.477+0100] {dagbag.py:538} INFO - Filling up the DagBag from /home/ubuntu/.local/lib/python3.10/site-packages/airflow/example_dags/example_short_circuit_decorator.py
[2024-01-21T12:41:20.496+0100] {processor.py:840} INFO - DAG(s) 'example_short_circuit_decorator' retrieved from /home/ubuntu/.local/lib/python3.10/site-packages/airflow/example_dags/example_short_circuit_decorator.py
[2024-01-21T12:41:20.521+0100] {logging_mixin.py:188} INFO - [2024-01-21T12:41:20.521+0100] {dag.py:3033} INFO - Sync 1 DAGs
[2024-01-21T12:41:20.554+0100] {logging_mixin.py:188} INFO - [2024-01-21T12:41:20.553+0100] {dag.py:3820} INFO - Setting next_dagrun for example_short_circuit_decorator to 2024-01-20T00:00:00+00:00, run_after=2024-01-21T00:00:00+00:00
[2024-01-21T12:41:20.597+0100] {processor.py:183} INFO - Processing /home/ubuntu/.local/lib/python3.10/site-packages/airflow/example_dags/example_short_circuit_decorator.py took 0.144 seconds
