[2024-01-21T12:13:43.974+0100] {processor.py:161} INFO - Started process (PID=4692) to work on /home/ubuntu/.local/lib/python3.10/site-packages/airflow/example_dags/example_trigger_controller_dag.py
[2024-01-21T12:13:43.976+0100] {processor.py:830} INFO - Processing file /home/ubuntu/.local/lib/python3.10/site-packages/airflow/example_dags/example_trigger_controller_dag.py for tasks to queue
[2024-01-21T12:13:43.977+0100] {logging_mixin.py:188} INFO - [2024-01-21T12:13:43.977+0100] {dagbag.py:538} INFO - Filling up the DagBag from /home/ubuntu/.local/lib/python3.10/site-packages/airflow/example_dags/example_trigger_controller_dag.py
[2024-01-21T12:13:43.988+0100] {processor.py:840} INFO - DAG(s) 'example_trigger_controller_dag' retrieved from /home/ubuntu/.local/lib/python3.10/site-packages/airflow/example_dags/example_trigger_controller_dag.py
[2024-01-21T12:13:44.332+0100] {logging_mixin.py:188} INFO - [2024-01-21T12:13:44.331+0100] {dag.py:3033} INFO - Sync 1 DAGs
[2024-01-21T12:13:44.403+0100] {logging_mixin.py:188} INFO - [2024-01-21T12:13:44.403+0100] {dag.py:3820} INFO - Setting next_dagrun for example_trigger_controller_dag to 2021-01-01T00:00:00+00:00, run_after=2021-01-01T00:00:00+00:00
[2024-01-21T12:13:44.468+0100] {processor.py:183} INFO - Processing /home/ubuntu/.local/lib/python3.10/site-packages/airflow/example_dags/example_trigger_controller_dag.py took 0.500 seconds
[2024-01-21T12:15:34.657+0100] {processor.py:161} INFO - Started process (PID=4751) to work on /home/ubuntu/.local/lib/python3.10/site-packages/airflow/example_dags/example_trigger_controller_dag.py
[2024-01-21T12:15:34.661+0100] {processor.py:830} INFO - Processing file /home/ubuntu/.local/lib/python3.10/site-packages/airflow/example_dags/example_trigger_controller_dag.py for tasks to queue
[2024-01-21T12:15:34.665+0100] {logging_mixin.py:188} INFO - [2024-01-21T12:15:34.662+0100] {dagbag.py:538} INFO - Filling up the DagBag from /home/ubuntu/.local/lib/python3.10/site-packages/airflow/example_dags/example_trigger_controller_dag.py
[2024-01-21T12:15:34.683+0100] {processor.py:840} INFO - DAG(s) 'example_trigger_controller_dag' retrieved from /home/ubuntu/.local/lib/python3.10/site-packages/airflow/example_dags/example_trigger_controller_dag.py
[2024-01-21T12:15:34.746+0100] {logging_mixin.py:188} INFO - [2024-01-21T12:15:34.745+0100] {dag.py:3033} INFO - Sync 1 DAGs
[2024-01-21T12:15:34.817+0100] {logging_mixin.py:188} INFO - [2024-01-21T12:15:34.816+0100] {dag.py:3820} INFO - Setting next_dagrun for example_trigger_controller_dag to 2021-01-01T00:00:00+00:00, run_after=2021-01-01T00:00:00+00:00
[2024-01-21T12:15:34.935+0100] {processor.py:183} INFO - Processing /home/ubuntu/.local/lib/python3.10/site-packages/airflow/example_dags/example_trigger_controller_dag.py took 0.288 seconds
[2024-01-21T12:17:45.949+0100] {processor.py:161} INFO - Started process (PID=4821) to work on /home/ubuntu/.local/lib/python3.10/site-packages/airflow/example_dags/example_trigger_controller_dag.py
[2024-01-21T12:17:45.985+0100] {processor.py:830} INFO - Processing file /home/ubuntu/.local/lib/python3.10/site-packages/airflow/example_dags/example_trigger_controller_dag.py for tasks to queue
[2024-01-21T12:17:46.010+0100] {logging_mixin.py:188} INFO - [2024-01-21T12:17:46.009+0100] {dagbag.py:538} INFO - Filling up the DagBag from /home/ubuntu/.local/lib/python3.10/site-packages/airflow/example_dags/example_trigger_controller_dag.py
[2024-01-21T12:17:46.021+0100] {processor.py:840} INFO - DAG(s) 'example_trigger_controller_dag' retrieved from /home/ubuntu/.local/lib/python3.10/site-packages/airflow/example_dags/example_trigger_controller_dag.py
[2024-01-21T12:17:46.049+0100] {logging_mixin.py:188} INFO - [2024-01-21T12:17:46.049+0100] {dag.py:3033} INFO - Sync 1 DAGs
[2024-01-21T12:17:46.085+0100] {logging_mixin.py:188} INFO - [2024-01-21T12:17:46.085+0100] {dag.py:3820} INFO - Setting next_dagrun for example_trigger_controller_dag to 2021-01-01T00:00:00+00:00, run_after=2021-01-01T00:00:00+00:00
[2024-01-21T12:17:46.129+0100] {processor.py:183} INFO - Processing /home/ubuntu/.local/lib/python3.10/site-packages/airflow/example_dags/example_trigger_controller_dag.py took 0.202 seconds
[2024-01-21T12:19:41.109+0100] {processor.py:161} INFO - Started process (PID=4885) to work on /home/ubuntu/.local/lib/python3.10/site-packages/airflow/example_dags/example_trigger_controller_dag.py
[2024-01-21T12:19:41.113+0100] {processor.py:830} INFO - Processing file /home/ubuntu/.local/lib/python3.10/site-packages/airflow/example_dags/example_trigger_controller_dag.py for tasks to queue
[2024-01-21T12:19:41.116+0100] {logging_mixin.py:188} INFO - [2024-01-21T12:19:41.115+0100] {dagbag.py:538} INFO - Filling up the DagBag from /home/ubuntu/.local/lib/python3.10/site-packages/airflow/example_dags/example_trigger_controller_dag.py
[2024-01-21T12:19:41.128+0100] {processor.py:840} INFO - DAG(s) 'example_trigger_controller_dag' retrieved from /home/ubuntu/.local/lib/python3.10/site-packages/airflow/example_dags/example_trigger_controller_dag.py
[2024-01-21T12:19:41.159+0100] {logging_mixin.py:188} INFO - [2024-01-21T12:19:41.159+0100] {dag.py:3033} INFO - Sync 1 DAGs
[2024-01-21T12:19:41.193+0100] {logging_mixin.py:188} INFO - [2024-01-21T12:19:41.192+0100] {dag.py:3820} INFO - Setting next_dagrun for example_trigger_controller_dag to 2021-01-01T00:00:00+00:00, run_after=2021-01-01T00:00:00+00:00
[2024-01-21T12:19:41.235+0100] {processor.py:183} INFO - Processing /home/ubuntu/.local/lib/python3.10/site-packages/airflow/example_dags/example_trigger_controller_dag.py took 0.140 seconds
[2024-01-21T12:21:26.782+0100] {processor.py:161} INFO - Started process (PID=4947) to work on /home/ubuntu/.local/lib/python3.10/site-packages/airflow/example_dags/example_trigger_controller_dag.py
[2024-01-21T12:21:26.785+0100] {processor.py:830} INFO - Processing file /home/ubuntu/.local/lib/python3.10/site-packages/airflow/example_dags/example_trigger_controller_dag.py for tasks to queue
[2024-01-21T12:21:26.787+0100] {logging_mixin.py:188} INFO - [2024-01-21T12:21:26.786+0100] {dagbag.py:538} INFO - Filling up the DagBag from /home/ubuntu/.local/lib/python3.10/site-packages/airflow/example_dags/example_trigger_controller_dag.py
[2024-01-21T12:21:26.795+0100] {processor.py:840} INFO - DAG(s) 'example_trigger_controller_dag' retrieved from /home/ubuntu/.local/lib/python3.10/site-packages/airflow/example_dags/example_trigger_controller_dag.py
[2024-01-21T12:21:26.826+0100] {logging_mixin.py:188} INFO - [2024-01-21T12:21:26.825+0100] {dag.py:3033} INFO - Sync 1 DAGs
[2024-01-21T12:21:26.857+0100] {logging_mixin.py:188} INFO - [2024-01-21T12:21:26.856+0100] {dag.py:3820} INFO - Setting next_dagrun for example_trigger_controller_dag to 2021-01-01T00:00:00+00:00, run_after=2021-01-01T00:00:00+00:00
[2024-01-21T12:21:26.903+0100] {processor.py:183} INFO - Processing /home/ubuntu/.local/lib/python3.10/site-packages/airflow/example_dags/example_trigger_controller_dag.py took 0.126 seconds
[2024-01-21T12:23:16.409+0100] {processor.py:161} INFO - Started process (PID=5034) to work on /home/ubuntu/.local/lib/python3.10/site-packages/airflow/example_dags/example_trigger_controller_dag.py
[2024-01-21T12:23:16.411+0100] {processor.py:830} INFO - Processing file /home/ubuntu/.local/lib/python3.10/site-packages/airflow/example_dags/example_trigger_controller_dag.py for tasks to queue
[2024-01-21T12:23:16.413+0100] {logging_mixin.py:188} INFO - [2024-01-21T12:23:16.412+0100] {dagbag.py:538} INFO - Filling up the DagBag from /home/ubuntu/.local/lib/python3.10/site-packages/airflow/example_dags/example_trigger_controller_dag.py
[2024-01-21T12:23:16.427+0100] {processor.py:840} INFO - DAG(s) 'example_trigger_controller_dag' retrieved from /home/ubuntu/.local/lib/python3.10/site-packages/airflow/example_dags/example_trigger_controller_dag.py
[2024-01-21T12:23:16.472+0100] {logging_mixin.py:188} INFO - [2024-01-21T12:23:16.471+0100] {dag.py:3033} INFO - Sync 1 DAGs
[2024-01-21T12:23:16.518+0100] {logging_mixin.py:188} INFO - [2024-01-21T12:23:16.518+0100] {dag.py:3820} INFO - Setting next_dagrun for example_trigger_controller_dag to 2021-01-01T00:00:00+00:00, run_after=2021-01-01T00:00:00+00:00
[2024-01-21T12:23:16.582+0100] {processor.py:183} INFO - Processing /home/ubuntu/.local/lib/python3.10/site-packages/airflow/example_dags/example_trigger_controller_dag.py took 0.180 seconds
[2024-01-21T12:24:58.806+0100] {processor.py:161} INFO - Started process (PID=5095) to work on /home/ubuntu/.local/lib/python3.10/site-packages/airflow/example_dags/example_trigger_controller_dag.py
[2024-01-21T12:24:58.809+0100] {processor.py:830} INFO - Processing file /home/ubuntu/.local/lib/python3.10/site-packages/airflow/example_dags/example_trigger_controller_dag.py for tasks to queue
[2024-01-21T12:24:58.810+0100] {logging_mixin.py:188} INFO - [2024-01-21T12:24:58.810+0100] {dagbag.py:538} INFO - Filling up the DagBag from /home/ubuntu/.local/lib/python3.10/site-packages/airflow/example_dags/example_trigger_controller_dag.py
[2024-01-21T12:24:58.821+0100] {processor.py:840} INFO - DAG(s) 'example_trigger_controller_dag' retrieved from /home/ubuntu/.local/lib/python3.10/site-packages/airflow/example_dags/example_trigger_controller_dag.py
[2024-01-21T12:24:58.843+0100] {logging_mixin.py:188} INFO - [2024-01-21T12:24:58.843+0100] {dag.py:3033} INFO - Sync 1 DAGs
[2024-01-21T12:24:58.869+0100] {logging_mixin.py:188} INFO - [2024-01-21T12:24:58.869+0100] {dag.py:3820} INFO - Setting next_dagrun for example_trigger_controller_dag to 2021-01-01T00:00:00+00:00, run_after=2021-01-01T00:00:00+00:00
[2024-01-21T12:24:58.918+0100] {processor.py:183} INFO - Processing /home/ubuntu/.local/lib/python3.10/site-packages/airflow/example_dags/example_trigger_controller_dag.py took 0.120 seconds
[2024-01-21T12:27:07.355+0100] {processor.py:161} INFO - Started process (PID=5262) to work on /home/ubuntu/.local/lib/python3.10/site-packages/airflow/example_dags/example_trigger_controller_dag.py
[2024-01-21T12:27:07.357+0100] {processor.py:830} INFO - Processing file /home/ubuntu/.local/lib/python3.10/site-packages/airflow/example_dags/example_trigger_controller_dag.py for tasks to queue
[2024-01-21T12:27:07.359+0100] {logging_mixin.py:188} INFO - [2024-01-21T12:27:07.358+0100] {dagbag.py:538} INFO - Filling up the DagBag from /home/ubuntu/.local/lib/python3.10/site-packages/airflow/example_dags/example_trigger_controller_dag.py
[2024-01-21T12:27:07.369+0100] {processor.py:840} INFO - DAG(s) 'example_trigger_controller_dag' retrieved from /home/ubuntu/.local/lib/python3.10/site-packages/airflow/example_dags/example_trigger_controller_dag.py
[2024-01-21T12:27:07.404+0100] {logging_mixin.py:188} INFO - [2024-01-21T12:27:07.403+0100] {dag.py:3033} INFO - Sync 1 DAGs
[2024-01-21T12:27:07.440+0100] {logging_mixin.py:188} INFO - [2024-01-21T12:27:07.440+0100] {dag.py:3820} INFO - Setting next_dagrun for example_trigger_controller_dag to 2021-01-01T00:00:00+00:00, run_after=2021-01-01T00:00:00+00:00
[2024-01-21T12:27:07.490+0100] {processor.py:183} INFO - Processing /home/ubuntu/.local/lib/python3.10/site-packages/airflow/example_dags/example_trigger_controller_dag.py took 0.141 seconds
[2024-01-21T12:28:17.800+0100] {processor.py:161} INFO - Started process (PID=5302) to work on /home/ubuntu/.local/lib/python3.10/site-packages/airflow/example_dags/example_trigger_controller_dag.py
[2024-01-21T12:28:17.805+0100] {processor.py:830} INFO - Processing file /home/ubuntu/.local/lib/python3.10/site-packages/airflow/example_dags/example_trigger_controller_dag.py for tasks to queue
[2024-01-21T12:28:17.806+0100] {logging_mixin.py:188} INFO - [2024-01-21T12:28:17.806+0100] {dagbag.py:538} INFO - Filling up the DagBag from /home/ubuntu/.local/lib/python3.10/site-packages/airflow/example_dags/example_trigger_controller_dag.py
[2024-01-21T12:28:17.850+0100] {processor.py:840} INFO - DAG(s) 'example_trigger_controller_dag' retrieved from /home/ubuntu/.local/lib/python3.10/site-packages/airflow/example_dags/example_trigger_controller_dag.py
[2024-01-21T12:28:17.902+0100] {logging_mixin.py:188} INFO - [2024-01-21T12:28:17.901+0100] {dag.py:3033} INFO - Sync 1 DAGs
[2024-01-21T12:28:17.949+0100] {logging_mixin.py:188} INFO - [2024-01-21T12:28:17.948+0100] {dag.py:3820} INFO - Setting next_dagrun for example_trigger_controller_dag to 2021-01-01T00:00:00+00:00, run_after=2021-01-01T00:00:00+00:00
[2024-01-21T12:28:18.012+0100] {processor.py:183} INFO - Processing /home/ubuntu/.local/lib/python3.10/site-packages/airflow/example_dags/example_trigger_controller_dag.py took 0.219 seconds
[2024-01-21T12:30:17.901+0100] {processor.py:161} INFO - Started process (PID=5428) to work on /home/ubuntu/.local/lib/python3.10/site-packages/airflow/example_dags/example_trigger_controller_dag.py
[2024-01-21T12:30:17.904+0100] {processor.py:830} INFO - Processing file /home/ubuntu/.local/lib/python3.10/site-packages/airflow/example_dags/example_trigger_controller_dag.py for tasks to queue
[2024-01-21T12:30:17.905+0100] {logging_mixin.py:188} INFO - [2024-01-21T12:30:17.905+0100] {dagbag.py:538} INFO - Filling up the DagBag from /home/ubuntu/.local/lib/python3.10/site-packages/airflow/example_dags/example_trigger_controller_dag.py
[2024-01-21T12:30:17.914+0100] {processor.py:840} INFO - DAG(s) 'example_trigger_controller_dag' retrieved from /home/ubuntu/.local/lib/python3.10/site-packages/airflow/example_dags/example_trigger_controller_dag.py
[2024-01-21T12:30:17.945+0100] {logging_mixin.py:188} INFO - [2024-01-21T12:30:17.945+0100] {dag.py:3033} INFO - Sync 1 DAGs
[2024-01-21T12:30:17.980+0100] {logging_mixin.py:188} INFO - [2024-01-21T12:30:17.980+0100] {dag.py:3820} INFO - Setting next_dagrun for example_trigger_controller_dag to 2021-01-01T00:00:00+00:00, run_after=2021-01-01T00:00:00+00:00
[2024-01-21T12:30:18.027+0100] {processor.py:183} INFO - Processing /home/ubuntu/.local/lib/python3.10/site-packages/airflow/example_dags/example_trigger_controller_dag.py took 0.132 seconds
[2024-01-21T12:32:41.443+0100] {processor.py:161} INFO - Started process (PID=5527) to work on /home/ubuntu/.local/lib/python3.10/site-packages/airflow/example_dags/example_trigger_controller_dag.py
[2024-01-21T12:32:41.446+0100] {processor.py:830} INFO - Processing file /home/ubuntu/.local/lib/python3.10/site-packages/airflow/example_dags/example_trigger_controller_dag.py for tasks to queue
[2024-01-21T12:32:41.450+0100] {logging_mixin.py:188} INFO - [2024-01-21T12:32:41.448+0100] {dagbag.py:538} INFO - Filling up the DagBag from /home/ubuntu/.local/lib/python3.10/site-packages/airflow/example_dags/example_trigger_controller_dag.py
[2024-01-21T12:32:41.466+0100] {processor.py:840} INFO - DAG(s) 'example_trigger_controller_dag' retrieved from /home/ubuntu/.local/lib/python3.10/site-packages/airflow/example_dags/example_trigger_controller_dag.py
[2024-01-21T12:32:41.524+0100] {logging_mixin.py:188} INFO - [2024-01-21T12:32:41.523+0100] {dag.py:3033} INFO - Sync 1 DAGs
[2024-01-21T12:32:41.593+0100] {logging_mixin.py:188} INFO - [2024-01-21T12:32:41.593+0100] {dag.py:3820} INFO - Setting next_dagrun for example_trigger_controller_dag to 2021-01-01T00:00:00+00:00, run_after=2021-01-01T00:00:00+00:00
[2024-01-21T12:32:41.661+0100] {processor.py:183} INFO - Processing /home/ubuntu/.local/lib/python3.10/site-packages/airflow/example_dags/example_trigger_controller_dag.py took 0.225 seconds
[2024-01-21T12:35:09.986+0100] {processor.py:161} INFO - Started process (PID=5609) to work on /home/ubuntu/.local/lib/python3.10/site-packages/airflow/example_dags/example_trigger_controller_dag.py
[2024-01-21T12:35:09.991+0100] {processor.py:830} INFO - Processing file /home/ubuntu/.local/lib/python3.10/site-packages/airflow/example_dags/example_trigger_controller_dag.py for tasks to queue
[2024-01-21T12:35:09.993+0100] {logging_mixin.py:188} INFO - [2024-01-21T12:35:09.992+0100] {dagbag.py:538} INFO - Filling up the DagBag from /home/ubuntu/.local/lib/python3.10/site-packages/airflow/example_dags/example_trigger_controller_dag.py
[2024-01-21T12:35:10.005+0100] {processor.py:840} INFO - DAG(s) 'example_trigger_controller_dag' retrieved from /home/ubuntu/.local/lib/python3.10/site-packages/airflow/example_dags/example_trigger_controller_dag.py
[2024-01-21T12:35:10.037+0100] {logging_mixin.py:188} INFO - [2024-01-21T12:35:10.036+0100] {dag.py:3033} INFO - Sync 1 DAGs
[2024-01-21T12:35:10.083+0100] {logging_mixin.py:188} INFO - [2024-01-21T12:35:10.083+0100] {dag.py:3820} INFO - Setting next_dagrun for example_trigger_controller_dag to 2021-01-01T00:00:00+00:00, run_after=2021-01-01T00:00:00+00:00
[2024-01-21T12:35:10.161+0100] {processor.py:183} INFO - Processing /home/ubuntu/.local/lib/python3.10/site-packages/airflow/example_dags/example_trigger_controller_dag.py took 0.184 seconds
[2024-01-21T12:37:36.786+0100] {processor.py:161} INFO - Started process (PID=5703) to work on /home/ubuntu/.local/lib/python3.10/site-packages/airflow/example_dags/example_trigger_controller_dag.py
[2024-01-21T12:37:36.793+0100] {processor.py:830} INFO - Processing file /home/ubuntu/.local/lib/python3.10/site-packages/airflow/example_dags/example_trigger_controller_dag.py for tasks to queue
[2024-01-21T12:37:36.796+0100] {logging_mixin.py:188} INFO - [2024-01-21T12:37:36.794+0100] {dagbag.py:538} INFO - Filling up the DagBag from /home/ubuntu/.local/lib/python3.10/site-packages/airflow/example_dags/example_trigger_controller_dag.py
[2024-01-21T12:37:36.807+0100] {processor.py:840} INFO - DAG(s) 'example_trigger_controller_dag' retrieved from /home/ubuntu/.local/lib/python3.10/site-packages/airflow/example_dags/example_trigger_controller_dag.py
[2024-01-21T12:37:36.836+0100] {logging_mixin.py:188} INFO - [2024-01-21T12:37:36.836+0100] {dag.py:3033} INFO - Sync 1 DAGs
[2024-01-21T12:37:36.885+0100] {logging_mixin.py:188} INFO - [2024-01-21T12:37:36.885+0100] {dag.py:3820} INFO - Setting next_dagrun for example_trigger_controller_dag to 2021-01-01T00:00:00+00:00, run_after=2021-01-01T00:00:00+00:00
[2024-01-21T12:37:36.960+0100] {processor.py:183} INFO - Processing /home/ubuntu/.local/lib/python3.10/site-packages/airflow/example_dags/example_trigger_controller_dag.py took 0.181 seconds
[2024-01-21T12:38:52.468+0100] {processor.py:161} INFO - Started process (PID=5740) to work on /home/ubuntu/.local/lib/python3.10/site-packages/airflow/example_dags/example_trigger_controller_dag.py
[2024-01-21T12:38:52.471+0100] {processor.py:830} INFO - Processing file /home/ubuntu/.local/lib/python3.10/site-packages/airflow/example_dags/example_trigger_controller_dag.py for tasks to queue
[2024-01-21T12:38:52.472+0100] {logging_mixin.py:188} INFO - [2024-01-21T12:38:52.471+0100] {dagbag.py:538} INFO - Filling up the DagBag from /home/ubuntu/.local/lib/python3.10/site-packages/airflow/example_dags/example_trigger_controller_dag.py
[2024-01-21T12:38:52.481+0100] {processor.py:840} INFO - DAG(s) 'example_trigger_controller_dag' retrieved from /home/ubuntu/.local/lib/python3.10/site-packages/airflow/example_dags/example_trigger_controller_dag.py
[2024-01-21T12:38:52.505+0100] {logging_mixin.py:188} INFO - [2024-01-21T12:38:52.504+0100] {dag.py:3033} INFO - Sync 1 DAGs
[2024-01-21T12:38:52.535+0100] {logging_mixin.py:188} INFO - [2024-01-21T12:38:52.535+0100] {dag.py:3820} INFO - Setting next_dagrun for example_trigger_controller_dag to 2021-01-01T00:00:00+00:00, run_after=2021-01-01T00:00:00+00:00
[2024-01-21T12:38:52.571+0100] {processor.py:183} INFO - Processing /home/ubuntu/.local/lib/python3.10/site-packages/airflow/example_dags/example_trigger_controller_dag.py took 0.109 seconds
[2024-01-21T12:40:59.835+0100] {processor.py:161} INFO - Started process (PID=5813) to work on /home/ubuntu/.local/lib/python3.10/site-packages/airflow/example_dags/example_trigger_controller_dag.py
[2024-01-21T12:40:59.838+0100] {processor.py:830} INFO - Processing file /home/ubuntu/.local/lib/python3.10/site-packages/airflow/example_dags/example_trigger_controller_dag.py for tasks to queue
[2024-01-21T12:40:59.839+0100] {logging_mixin.py:188} INFO - [2024-01-21T12:40:59.838+0100] {dagbag.py:538} INFO - Filling up the DagBag from /home/ubuntu/.local/lib/python3.10/site-packages/airflow/example_dags/example_trigger_controller_dag.py
[2024-01-21T12:40:59.847+0100] {processor.py:840} INFO - DAG(s) 'example_trigger_controller_dag' retrieved from /home/ubuntu/.local/lib/python3.10/site-packages/airflow/example_dags/example_trigger_controller_dag.py
[2024-01-21T12:40:59.869+0100] {logging_mixin.py:188} INFO - [2024-01-21T12:40:59.869+0100] {dag.py:3033} INFO - Sync 1 DAGs
[2024-01-21T12:40:59.922+0100] {logging_mixin.py:188} INFO - [2024-01-21T12:40:59.922+0100] {dag.py:3820} INFO - Setting next_dagrun for example_trigger_controller_dag to 2021-01-01T00:00:00+00:00, run_after=2021-01-01T00:00:00+00:00
[2024-01-21T12:40:59.969+0100] {processor.py:183} INFO - Processing /home/ubuntu/.local/lib/python3.10/site-packages/airflow/example_dags/example_trigger_controller_dag.py took 0.141 seconds
