[2024-01-21T12:14:42.194+0100] {processor.py:161} INFO - Started process (PID=4729) to work on /home/ubuntu/.local/lib/python3.10/site-packages/airflow/example_dags/example_complex.py
[2024-01-21T12:14:42.199+0100] {processor.py:830} INFO - Processing file /home/ubuntu/.local/lib/python3.10/site-packages/airflow/example_dags/example_complex.py for tasks to queue
[2024-01-21T12:14:42.202+0100] {logging_mixin.py:188} INFO - [2024-01-21T12:14:42.201+0100] {dagbag.py:538} INFO - Filling up the DagBag from /home/ubuntu/.local/lib/python3.10/site-packages/airflow/example_dags/example_complex.py
[2024-01-21T12:14:42.240+0100] {processor.py:840} INFO - DAG(s) 'example_complex' retrieved from /home/ubuntu/.local/lib/python3.10/site-packages/airflow/example_dags/example_complex.py
[2024-01-21T12:14:42.575+0100] {logging_mixin.py:188} INFO - [2024-01-21T12:14:42.575+0100] {dag.py:3033} INFO - Sync 1 DAGs
[2024-01-21T12:14:42.598+0100] {logging_mixin.py:188} INFO - [2024-01-21T12:14:42.598+0100] {dag.py:3820} INFO - Setting next_dagrun for example_complex to None, run_after=None
[2024-01-21T12:14:42.650+0100] {processor.py:183} INFO - Processing /home/ubuntu/.local/lib/python3.10/site-packages/airflow/example_dags/example_complex.py took 0.475 seconds
[2024-01-21T12:17:00.273+0100] {processor.py:161} INFO - Started process (PID=4802) to work on /home/ubuntu/.local/lib/python3.10/site-packages/airflow/example_dags/example_complex.py
[2024-01-21T12:17:00.283+0100] {processor.py:830} INFO - Processing file /home/ubuntu/.local/lib/python3.10/site-packages/airflow/example_dags/example_complex.py for tasks to queue
[2024-01-21T12:17:00.286+0100] {logging_mixin.py:188} INFO - [2024-01-21T12:17:00.285+0100] {dagbag.py:538} INFO - Filling up the DagBag from /home/ubuntu/.local/lib/python3.10/site-packages/airflow/example_dags/example_complex.py
[2024-01-21T12:17:00.341+0100] {processor.py:840} INFO - DAG(s) 'example_complex' retrieved from /home/ubuntu/.local/lib/python3.10/site-packages/airflow/example_dags/example_complex.py
[2024-01-21T12:17:00.421+0100] {logging_mixin.py:188} INFO - [2024-01-21T12:17:00.421+0100] {dag.py:3033} INFO - Sync 1 DAGs
[2024-01-21T12:17:00.452+0100] {logging_mixin.py:188} INFO - [2024-01-21T12:17:00.452+0100] {dag.py:3820} INFO - Setting next_dagrun for example_complex to None, run_after=None
[2024-01-21T12:17:00.541+0100] {processor.py:183} INFO - Processing /home/ubuntu/.local/lib/python3.10/site-packages/airflow/example_dags/example_complex.py took 0.275 seconds
[2024-01-21T12:19:04.973+0100] {processor.py:161} INFO - Started process (PID=4872) to work on /home/ubuntu/.local/lib/python3.10/site-packages/airflow/example_dags/example_complex.py
[2024-01-21T12:19:04.983+0100] {processor.py:830} INFO - Processing file /home/ubuntu/.local/lib/python3.10/site-packages/airflow/example_dags/example_complex.py for tasks to queue
[2024-01-21T12:19:04.987+0100] {logging_mixin.py:188} INFO - [2024-01-21T12:19:04.986+0100] {dagbag.py:538} INFO - Filling up the DagBag from /home/ubuntu/.local/lib/python3.10/site-packages/airflow/example_dags/example_complex.py
[2024-01-21T12:19:05.021+0100] {processor.py:840} INFO - DAG(s) 'example_complex' retrieved from /home/ubuntu/.local/lib/python3.10/site-packages/airflow/example_dags/example_complex.py
[2024-01-21T12:19:05.120+0100] {logging_mixin.py:188} INFO - [2024-01-21T12:19:05.119+0100] {dag.py:3033} INFO - Sync 1 DAGs
[2024-01-21T12:19:05.222+0100] {logging_mixin.py:188} INFO - [2024-01-21T12:19:05.222+0100] {dag.py:3820} INFO - Setting next_dagrun for example_complex to None, run_after=None
[2024-01-21T12:19:05.274+0100] {processor.py:183} INFO - Processing /home/ubuntu/.local/lib/python3.10/site-packages/airflow/example_dags/example_complex.py took 0.311 seconds
[2024-01-21T12:20:54.447+0100] {processor.py:161} INFO - Started process (PID=4935) to work on /home/ubuntu/.local/lib/python3.10/site-packages/airflow/example_dags/example_complex.py
[2024-01-21T12:20:54.455+0100] {processor.py:830} INFO - Processing file /home/ubuntu/.local/lib/python3.10/site-packages/airflow/example_dags/example_complex.py for tasks to queue
[2024-01-21T12:20:54.458+0100] {logging_mixin.py:188} INFO - [2024-01-21T12:20:54.457+0100] {dagbag.py:538} INFO - Filling up the DagBag from /home/ubuntu/.local/lib/python3.10/site-packages/airflow/example_dags/example_complex.py
[2024-01-21T12:20:54.521+0100] {processor.py:840} INFO - DAG(s) 'example_complex' retrieved from /home/ubuntu/.local/lib/python3.10/site-packages/airflow/example_dags/example_complex.py
[2024-01-21T12:20:54.572+0100] {logging_mixin.py:188} INFO - [2024-01-21T12:20:54.571+0100] {dag.py:3033} INFO - Sync 1 DAGs
[2024-01-21T12:20:54.593+0100] {logging_mixin.py:188} INFO - [2024-01-21T12:20:54.592+0100] {dag.py:3820} INFO - Setting next_dagrun for example_complex to None, run_after=None
[2024-01-21T12:20:54.640+0100] {processor.py:183} INFO - Processing /home/ubuntu/.local/lib/python3.10/site-packages/airflow/example_dags/example_complex.py took 0.202 seconds
[2024-01-21T12:22:41.285+0100] {processor.py:161} INFO - Started process (PID=5017) to work on /home/ubuntu/.local/lib/python3.10/site-packages/airflow/example_dags/example_complex.py
[2024-01-21T12:22:41.289+0100] {processor.py:830} INFO - Processing file /home/ubuntu/.local/lib/python3.10/site-packages/airflow/example_dags/example_complex.py for tasks to queue
[2024-01-21T12:22:41.290+0100] {logging_mixin.py:188} INFO - [2024-01-21T12:22:41.289+0100] {dagbag.py:538} INFO - Filling up the DagBag from /home/ubuntu/.local/lib/python3.10/site-packages/airflow/example_dags/example_complex.py
[2024-01-21T12:22:41.312+0100] {processor.py:840} INFO - DAG(s) 'example_complex' retrieved from /home/ubuntu/.local/lib/python3.10/site-packages/airflow/example_dags/example_complex.py
[2024-01-21T12:22:41.360+0100] {logging_mixin.py:188} INFO - [2024-01-21T12:22:41.360+0100] {dag.py:3033} INFO - Sync 1 DAGs
[2024-01-21T12:22:41.383+0100] {logging_mixin.py:188} INFO - [2024-01-21T12:22:41.383+0100] {dag.py:3820} INFO - Setting next_dagrun for example_complex to None, run_after=None
[2024-01-21T12:22:41.429+0100] {processor.py:183} INFO - Processing /home/ubuntu/.local/lib/python3.10/site-packages/airflow/example_dags/example_complex.py took 0.155 seconds
[2024-01-21T12:24:26.202+0100] {processor.py:161} INFO - Started process (PID=5085) to work on /home/ubuntu/.local/lib/python3.10/site-packages/airflow/example_dags/example_complex.py
[2024-01-21T12:24:26.205+0100] {processor.py:830} INFO - Processing file /home/ubuntu/.local/lib/python3.10/site-packages/airflow/example_dags/example_complex.py for tasks to queue
[2024-01-21T12:24:26.207+0100] {logging_mixin.py:188} INFO - [2024-01-21T12:24:26.206+0100] {dagbag.py:538} INFO - Filling up the DagBag from /home/ubuntu/.local/lib/python3.10/site-packages/airflow/example_dags/example_complex.py
[2024-01-21T12:24:26.233+0100] {processor.py:840} INFO - DAG(s) 'example_complex' retrieved from /home/ubuntu/.local/lib/python3.10/site-packages/airflow/example_dags/example_complex.py
[2024-01-21T12:24:26.283+0100] {logging_mixin.py:188} INFO - [2024-01-21T12:24:26.283+0100] {dag.py:3033} INFO - Sync 1 DAGs
[2024-01-21T12:24:26.306+0100] {logging_mixin.py:188} INFO - [2024-01-21T12:24:26.306+0100] {dag.py:3820} INFO - Setting next_dagrun for example_complex to None, run_after=None
[2024-01-21T12:24:26.361+0100] {processor.py:183} INFO - Processing /home/ubuntu/.local/lib/python3.10/site-packages/airflow/example_dags/example_complex.py took 0.164 seconds
[2024-01-21T12:26:25.486+0100] {processor.py:161} INFO - Started process (PID=5239) to work on /home/ubuntu/.local/lib/python3.10/site-packages/airflow/example_dags/example_complex.py
[2024-01-21T12:26:25.490+0100] {processor.py:830} INFO - Processing file /home/ubuntu/.local/lib/python3.10/site-packages/airflow/example_dags/example_complex.py for tasks to queue
[2024-01-21T12:26:25.492+0100] {logging_mixin.py:188} INFO - [2024-01-21T12:26:25.491+0100] {dagbag.py:538} INFO - Filling up the DagBag from /home/ubuntu/.local/lib/python3.10/site-packages/airflow/example_dags/example_complex.py
[2024-01-21T12:26:25.534+0100] {processor.py:840} INFO - DAG(s) 'example_complex' retrieved from /home/ubuntu/.local/lib/python3.10/site-packages/airflow/example_dags/example_complex.py
[2024-01-21T12:26:25.693+0100] {logging_mixin.py:188} INFO - [2024-01-21T12:26:25.693+0100] {dag.py:3033} INFO - Sync 1 DAGs
[2024-01-21T12:26:25.722+0100] {logging_mixin.py:188} INFO - [2024-01-21T12:26:25.721+0100] {dag.py:3820} INFO - Setting next_dagrun for example_complex to None, run_after=None
[2024-01-21T12:26:25.869+0100] {processor.py:183} INFO - Processing /home/ubuntu/.local/lib/python3.10/site-packages/airflow/example_dags/example_complex.py took 0.391 seconds
[2024-01-21T12:28:37.611+0100] {processor.py:161} INFO - Started process (PID=5314) to work on /home/ubuntu/.local/lib/python3.10/site-packages/airflow/example_dags/example_complex.py
[2024-01-21T12:28:37.616+0100] {processor.py:830} INFO - Processing file /home/ubuntu/.local/lib/python3.10/site-packages/airflow/example_dags/example_complex.py for tasks to queue
[2024-01-21T12:28:37.617+0100] {logging_mixin.py:188} INFO - [2024-01-21T12:28:37.617+0100] {dagbag.py:538} INFO - Filling up the DagBag from /home/ubuntu/.local/lib/python3.10/site-packages/airflow/example_dags/example_complex.py
[2024-01-21T12:28:37.654+0100] {processor.py:840} INFO - DAG(s) 'example_complex' retrieved from /home/ubuntu/.local/lib/python3.10/site-packages/airflow/example_dags/example_complex.py
[2024-01-21T12:28:37.745+0100] {logging_mixin.py:188} INFO - [2024-01-21T12:28:37.744+0100] {dag.py:3033} INFO - Sync 1 DAGs
[2024-01-21T12:28:37.770+0100] {logging_mixin.py:188} INFO - [2024-01-21T12:28:37.769+0100] {dag.py:3820} INFO - Setting next_dagrun for example_complex to None, run_after=None
[2024-01-21T12:28:37.840+0100] {processor.py:183} INFO - Processing /home/ubuntu/.local/lib/python3.10/site-packages/airflow/example_dags/example_complex.py took 0.238 seconds
[2024-01-21T12:30:36.831+0100] {processor.py:161} INFO - Started process (PID=5446) to work on /home/ubuntu/.local/lib/python3.10/site-packages/airflow/example_dags/example_complex.py
[2024-01-21T12:30:36.836+0100] {processor.py:830} INFO - Processing file /home/ubuntu/.local/lib/python3.10/site-packages/airflow/example_dags/example_complex.py for tasks to queue
[2024-01-21T12:30:36.838+0100] {logging_mixin.py:188} INFO - [2024-01-21T12:30:36.837+0100] {dagbag.py:538} INFO - Filling up the DagBag from /home/ubuntu/.local/lib/python3.10/site-packages/airflow/example_dags/example_complex.py
[2024-01-21T12:30:36.862+0100] {processor.py:840} INFO - DAG(s) 'example_complex' retrieved from /home/ubuntu/.local/lib/python3.10/site-packages/airflow/example_dags/example_complex.py
[2024-01-21T12:30:36.925+0100] {logging_mixin.py:188} INFO - [2024-01-21T12:30:36.925+0100] {dag.py:3033} INFO - Sync 1 DAGs
[2024-01-21T12:30:36.946+0100] {logging_mixin.py:188} INFO - [2024-01-21T12:30:36.945+0100] {dag.py:3820} INFO - Setting next_dagrun for example_complex to None, run_after=None
[2024-01-21T12:30:36.990+0100] {processor.py:183} INFO - Processing /home/ubuntu/.local/lib/python3.10/site-packages/airflow/example_dags/example_complex.py took 0.196 seconds
[2024-01-21T12:32:59.530+0100] {processor.py:161} INFO - Started process (PID=5541) to work on /home/ubuntu/.local/lib/python3.10/site-packages/airflow/example_dags/example_complex.py
[2024-01-21T12:32:59.547+0100] {processor.py:830} INFO - Processing file /home/ubuntu/.local/lib/python3.10/site-packages/airflow/example_dags/example_complex.py for tasks to queue
[2024-01-21T12:32:59.563+0100] {logging_mixin.py:188} INFO - [2024-01-21T12:32:59.561+0100] {dagbag.py:538} INFO - Filling up the DagBag from /home/ubuntu/.local/lib/python3.10/site-packages/airflow/example_dags/example_complex.py
[2024-01-21T12:32:59.613+0100] {processor.py:840} INFO - DAG(s) 'example_complex' retrieved from /home/ubuntu/.local/lib/python3.10/site-packages/airflow/example_dags/example_complex.py
[2024-01-21T12:32:59.750+0100] {logging_mixin.py:188} INFO - [2024-01-21T12:32:59.750+0100] {dag.py:3033} INFO - Sync 1 DAGs
[2024-01-21T12:32:59.775+0100] {logging_mixin.py:188} INFO - [2024-01-21T12:32:59.774+0100] {dag.py:3820} INFO - Setting next_dagrun for example_complex to None, run_after=None
[2024-01-21T12:32:59.928+0100] {processor.py:183} INFO - Processing /home/ubuntu/.local/lib/python3.10/site-packages/airflow/example_dags/example_complex.py took 0.404 seconds
[2024-01-21T12:35:31.035+0100] {processor.py:161} INFO - Started process (PID=5635) to work on /home/ubuntu/.local/lib/python3.10/site-packages/airflow/example_dags/example_complex.py
[2024-01-21T12:35:31.040+0100] {processor.py:830} INFO - Processing file /home/ubuntu/.local/lib/python3.10/site-packages/airflow/example_dags/example_complex.py for tasks to queue
[2024-01-21T12:35:31.042+0100] {logging_mixin.py:188} INFO - [2024-01-21T12:35:31.041+0100] {dagbag.py:538} INFO - Filling up the DagBag from /home/ubuntu/.local/lib/python3.10/site-packages/airflow/example_dags/example_complex.py
[2024-01-21T12:35:31.084+0100] {processor.py:840} INFO - DAG(s) 'example_complex' retrieved from /home/ubuntu/.local/lib/python3.10/site-packages/airflow/example_dags/example_complex.py
[2024-01-21T12:35:31.132+0100] {logging_mixin.py:188} INFO - [2024-01-21T12:35:31.132+0100] {dag.py:3033} INFO - Sync 1 DAGs
[2024-01-21T12:35:31.154+0100] {logging_mixin.py:188} INFO - [2024-01-21T12:35:31.153+0100] {dag.py:3820} INFO - Setting next_dagrun for example_complex to None, run_after=None
[2024-01-21T12:35:31.214+0100] {processor.py:183} INFO - Processing /home/ubuntu/.local/lib/python3.10/site-packages/airflow/example_dags/example_complex.py took 0.187 seconds
[2024-01-21T12:38:01.953+0100] {processor.py:161} INFO - Started process (PID=5721) to work on /home/ubuntu/.local/lib/python3.10/site-packages/airflow/example_dags/example_complex.py
[2024-01-21T12:38:01.956+0100] {processor.py:830} INFO - Processing file /home/ubuntu/.local/lib/python3.10/site-packages/airflow/example_dags/example_complex.py for tasks to queue
[2024-01-21T12:38:01.958+0100] {logging_mixin.py:188} INFO - [2024-01-21T12:38:01.957+0100] {dagbag.py:538} INFO - Filling up the DagBag from /home/ubuntu/.local/lib/python3.10/site-packages/airflow/example_dags/example_complex.py
[2024-01-21T12:38:01.982+0100] {processor.py:840} INFO - DAG(s) 'example_complex' retrieved from /home/ubuntu/.local/lib/python3.10/site-packages/airflow/example_dags/example_complex.py
[2024-01-21T12:38:02.022+0100] {logging_mixin.py:188} INFO - [2024-01-21T12:38:02.022+0100] {dag.py:3033} INFO - Sync 1 DAGs
[2024-01-21T12:38:02.042+0100] {logging_mixin.py:188} INFO - [2024-01-21T12:38:02.041+0100] {dag.py:3820} INFO - Setting next_dagrun for example_complex to None, run_after=None
[2024-01-21T12:38:02.090+0100] {processor.py:183} INFO - Processing /home/ubuntu/.local/lib/python3.10/site-packages/airflow/example_dags/example_complex.py took 0.145 seconds
[2024-01-21T12:40:14.240+0100] {processor.py:161} INFO - Started process (PID=5787) to work on /home/ubuntu/.local/lib/python3.10/site-packages/airflow/example_dags/example_complex.py
[2024-01-21T12:40:14.243+0100] {processor.py:830} INFO - Processing file /home/ubuntu/.local/lib/python3.10/site-packages/airflow/example_dags/example_complex.py for tasks to queue
[2024-01-21T12:40:14.245+0100] {logging_mixin.py:188} INFO - [2024-01-21T12:40:14.245+0100] {dagbag.py:538} INFO - Filling up the DagBag from /home/ubuntu/.local/lib/python3.10/site-packages/airflow/example_dags/example_complex.py
[2024-01-21T12:40:14.266+0100] {processor.py:840} INFO - DAG(s) 'example_complex' retrieved from /home/ubuntu/.local/lib/python3.10/site-packages/airflow/example_dags/example_complex.py
[2024-01-21T12:40:14.315+0100] {logging_mixin.py:188} INFO - [2024-01-21T12:40:14.315+0100] {dag.py:3033} INFO - Sync 1 DAGs
[2024-01-21T12:40:14.335+0100] {logging_mixin.py:188} INFO - [2024-01-21T12:40:14.335+0100] {dag.py:3820} INFO - Setting next_dagrun for example_complex to None, run_after=None
[2024-01-21T12:40:14.378+0100] {processor.py:183} INFO - Processing /home/ubuntu/.local/lib/python3.10/site-packages/airflow/example_dags/example_complex.py took 0.145 seconds
