[2024-01-21T12:14:15.770+0100] {processor.py:161} INFO - Started process (PID=4713) to work on /home/ubuntu/.local/lib/python3.10/site-packages/airflow/example_dags/example_branch_operator_decorator.py
[2024-01-21T12:14:15.772+0100] {processor.py:830} INFO - Processing file /home/ubuntu/.local/lib/python3.10/site-packages/airflow/example_dags/example_branch_operator_decorator.py for tasks to queue
[2024-01-21T12:14:15.776+0100] {logging_mixin.py:188} INFO - [2024-01-21T12:14:15.774+0100] {dagbag.py:538} INFO - Filling up the DagBag from /home/ubuntu/.local/lib/python3.10/site-packages/airflow/example_dags/example_branch_operator_decorator.py
[2024-01-21T12:14:15.820+0100] {processor.py:840} INFO - DAG(s) 'example_branch_python_operator_decorator' retrieved from /home/ubuntu/.local/lib/python3.10/site-packages/airflow/example_dags/example_branch_operator_decorator.py
[2024-01-21T12:14:16.126+0100] {logging_mixin.py:188} INFO - [2024-01-21T12:14:16.126+0100] {dag.py:3033} INFO - Sync 1 DAGs
[2024-01-21T12:14:16.165+0100] {logging_mixin.py:188} INFO - [2024-01-21T12:14:16.165+0100] {dag.py:3820} INFO - Setting next_dagrun for example_branch_python_operator_decorator to 2024-01-20T00:00:00+00:00, run_after=2024-01-21T00:00:00+00:00
[2024-01-21T12:14:16.215+0100] {processor.py:183} INFO - Processing /home/ubuntu/.local/lib/python3.10/site-packages/airflow/example_dags/example_branch_operator_decorator.py took 0.456 seconds
[2024-01-21T12:15:58.206+0100] {processor.py:161} INFO - Started process (PID=4776) to work on /home/ubuntu/.local/lib/python3.10/site-packages/airflow/example_dags/example_branch_operator_decorator.py
[2024-01-21T12:15:58.214+0100] {processor.py:830} INFO - Processing file /home/ubuntu/.local/lib/python3.10/site-packages/airflow/example_dags/example_branch_operator_decorator.py for tasks to queue
[2024-01-21T12:15:58.220+0100] {logging_mixin.py:188} INFO - [2024-01-21T12:15:58.218+0100] {dagbag.py:538} INFO - Filling up the DagBag from /home/ubuntu/.local/lib/python3.10/site-packages/airflow/example_dags/example_branch_operator_decorator.py
[2024-01-21T12:15:58.264+0100] {processor.py:840} INFO - DAG(s) 'example_branch_python_operator_decorator' retrieved from /home/ubuntu/.local/lib/python3.10/site-packages/airflow/example_dags/example_branch_operator_decorator.py
[2024-01-21T12:15:58.302+0100] {logging_mixin.py:188} INFO - [2024-01-21T12:15:58.302+0100] {dag.py:3033} INFO - Sync 1 DAGs
[2024-01-21T12:15:58.337+0100] {logging_mixin.py:188} INFO - [2024-01-21T12:15:58.337+0100] {dag.py:3820} INFO - Setting next_dagrun for example_branch_python_operator_decorator to 2024-01-20T00:00:00+00:00, run_after=2024-01-21T00:00:00+00:00
[2024-01-21T12:15:58.381+0100] {processor.py:183} INFO - Processing /home/ubuntu/.local/lib/python3.10/site-packages/airflow/example_dags/example_branch_operator_decorator.py took 0.187 seconds
[2024-01-21T12:18:09.776+0100] {processor.py:161} INFO - Started process (PID=4844) to work on /home/ubuntu/.local/lib/python3.10/site-packages/airflow/example_dags/example_branch_operator_decorator.py
[2024-01-21T12:18:09.784+0100] {processor.py:830} INFO - Processing file /home/ubuntu/.local/lib/python3.10/site-packages/airflow/example_dags/example_branch_operator_decorator.py for tasks to queue
[2024-01-21T12:18:09.787+0100] {logging_mixin.py:188} INFO - [2024-01-21T12:18:09.786+0100] {dagbag.py:538} INFO - Filling up the DagBag from /home/ubuntu/.local/lib/python3.10/site-packages/airflow/example_dags/example_branch_operator_decorator.py
[2024-01-21T12:18:09.842+0100] {processor.py:840} INFO - DAG(s) 'example_branch_python_operator_decorator' retrieved from /home/ubuntu/.local/lib/python3.10/site-packages/airflow/example_dags/example_branch_operator_decorator.py
[2024-01-21T12:18:09.897+0100] {logging_mixin.py:188} INFO - [2024-01-21T12:18:09.897+0100] {dag.py:3033} INFO - Sync 1 DAGs
[2024-01-21T12:18:09.989+0100] {logging_mixin.py:188} INFO - [2024-01-21T12:18:09.988+0100] {dag.py:3820} INFO - Setting next_dagrun for example_branch_python_operator_decorator to 2024-01-20T00:00:00+00:00, run_after=2024-01-21T00:00:00+00:00
[2024-01-21T12:18:10.078+0100] {processor.py:183} INFO - Processing /home/ubuntu/.local/lib/python3.10/site-packages/airflow/example_dags/example_branch_operator_decorator.py took 0.312 seconds
[2024-01-21T12:20:03.060+0100] {processor.py:161} INFO - Started process (PID=4906) to work on /home/ubuntu/.local/lib/python3.10/site-packages/airflow/example_dags/example_branch_operator_decorator.py
[2024-01-21T12:20:03.070+0100] {processor.py:830} INFO - Processing file /home/ubuntu/.local/lib/python3.10/site-packages/airflow/example_dags/example_branch_operator_decorator.py for tasks to queue
[2024-01-21T12:20:03.071+0100] {logging_mixin.py:188} INFO - [2024-01-21T12:20:03.070+0100] {dagbag.py:538} INFO - Filling up the DagBag from /home/ubuntu/.local/lib/python3.10/site-packages/airflow/example_dags/example_branch_operator_decorator.py
[2024-01-21T12:20:03.115+0100] {processor.py:840} INFO - DAG(s) 'example_branch_python_operator_decorator' retrieved from /home/ubuntu/.local/lib/python3.10/site-packages/airflow/example_dags/example_branch_operator_decorator.py
[2024-01-21T12:20:03.164+0100] {logging_mixin.py:188} INFO - [2024-01-21T12:20:03.163+0100] {dag.py:3033} INFO - Sync 1 DAGs
[2024-01-21T12:20:03.209+0100] {logging_mixin.py:188} INFO - [2024-01-21T12:20:03.208+0100] {dag.py:3820} INFO - Setting next_dagrun for example_branch_python_operator_decorator to 2024-01-20T00:00:00+00:00, run_after=2024-01-21T00:00:00+00:00
[2024-01-21T12:20:03.268+0100] {processor.py:183} INFO - Processing /home/ubuntu/.local/lib/python3.10/site-packages/airflow/example_dags/example_branch_operator_decorator.py took 0.218 seconds
[2024-01-21T12:21:47.787+0100] {processor.py:161} INFO - Started process (PID=4968) to work on /home/ubuntu/.local/lib/python3.10/site-packages/airflow/example_dags/example_branch_operator_decorator.py
[2024-01-21T12:21:47.790+0100] {processor.py:830} INFO - Processing file /home/ubuntu/.local/lib/python3.10/site-packages/airflow/example_dags/example_branch_operator_decorator.py for tasks to queue
[2024-01-21T12:21:47.793+0100] {logging_mixin.py:188} INFO - [2024-01-21T12:21:47.792+0100] {dagbag.py:538} INFO - Filling up the DagBag from /home/ubuntu/.local/lib/python3.10/site-packages/airflow/example_dags/example_branch_operator_decorator.py
[2024-01-21T12:21:47.833+0100] {processor.py:840} INFO - DAG(s) 'example_branch_python_operator_decorator' retrieved from /home/ubuntu/.local/lib/python3.10/site-packages/airflow/example_dags/example_branch_operator_decorator.py
[2024-01-21T12:21:47.872+0100] {logging_mixin.py:188} INFO - [2024-01-21T12:21:47.872+0100] {dag.py:3033} INFO - Sync 1 DAGs
[2024-01-21T12:21:47.909+0100] {logging_mixin.py:188} INFO - [2024-01-21T12:21:47.909+0100] {dag.py:3820} INFO - Setting next_dagrun for example_branch_python_operator_decorator to 2024-01-20T00:00:00+00:00, run_after=2024-01-21T00:00:00+00:00
[2024-01-21T12:21:48.002+0100] {processor.py:183} INFO - Processing /home/ubuntu/.local/lib/python3.10/site-packages/airflow/example_dags/example_branch_operator_decorator.py took 0.223 seconds
[2024-01-21T12:23:36.666+0100] {processor.py:161} INFO - Started process (PID=5056) to work on /home/ubuntu/.local/lib/python3.10/site-packages/airflow/example_dags/example_branch_operator_decorator.py
[2024-01-21T12:23:36.681+0100] {processor.py:830} INFO - Processing file /home/ubuntu/.local/lib/python3.10/site-packages/airflow/example_dags/example_branch_operator_decorator.py for tasks to queue
[2024-01-21T12:23:36.684+0100] {logging_mixin.py:188} INFO - [2024-01-21T12:23:36.683+0100] {dagbag.py:538} INFO - Filling up the DagBag from /home/ubuntu/.local/lib/python3.10/site-packages/airflow/example_dags/example_branch_operator_decorator.py
[2024-01-21T12:23:36.723+0100] {processor.py:840} INFO - DAG(s) 'example_branch_python_operator_decorator' retrieved from /home/ubuntu/.local/lib/python3.10/site-packages/airflow/example_dags/example_branch_operator_decorator.py
[2024-01-21T12:23:36.759+0100] {logging_mixin.py:188} INFO - [2024-01-21T12:23:36.759+0100] {dag.py:3033} INFO - Sync 1 DAGs
[2024-01-21T12:23:36.803+0100] {logging_mixin.py:188} INFO - [2024-01-21T12:23:36.802+0100] {dag.py:3820} INFO - Setting next_dagrun for example_branch_python_operator_decorator to 2024-01-20T00:00:00+00:00, run_after=2024-01-21T00:00:00+00:00
[2024-01-21T12:23:36.851+0100] {processor.py:183} INFO - Processing /home/ubuntu/.local/lib/python3.10/site-packages/airflow/example_dags/example_branch_operator_decorator.py took 0.196 seconds
[2024-01-21T12:25:21.126+0100] {processor.py:161} INFO - Started process (PID=5119) to work on /home/ubuntu/.local/lib/python3.10/site-packages/airflow/example_dags/example_branch_operator_decorator.py
[2024-01-21T12:25:21.134+0100] {processor.py:830} INFO - Processing file /home/ubuntu/.local/lib/python3.10/site-packages/airflow/example_dags/example_branch_operator_decorator.py for tasks to queue
[2024-01-21T12:25:21.137+0100] {logging_mixin.py:188} INFO - [2024-01-21T12:25:21.135+0100] {dagbag.py:538} INFO - Filling up the DagBag from /home/ubuntu/.local/lib/python3.10/site-packages/airflow/example_dags/example_branch_operator_decorator.py
[2024-01-21T12:25:21.201+0100] {processor.py:840} INFO - DAG(s) 'example_branch_python_operator_decorator' retrieved from /home/ubuntu/.local/lib/python3.10/site-packages/airflow/example_dags/example_branch_operator_decorator.py
[2024-01-21T12:25:21.251+0100] {logging_mixin.py:188} INFO - [2024-01-21T12:25:21.251+0100] {dag.py:3033} INFO - Sync 1 DAGs
[2024-01-21T12:25:21.281+0100] {logging_mixin.py:188} INFO - [2024-01-21T12:25:21.281+0100] {dag.py:3820} INFO - Setting next_dagrun for example_branch_python_operator_decorator to 2024-01-20T00:00:00+00:00, run_after=2024-01-21T00:00:00+00:00
[2024-01-21T12:25:21.332+0100] {processor.py:183} INFO - Processing /home/ubuntu/.local/lib/python3.10/site-packages/airflow/example_dags/example_branch_operator_decorator.py took 0.215 seconds
[2024-01-21T12:27:33.547+0100] {processor.py:161} INFO - Started process (PID=5283) to work on /home/ubuntu/.local/lib/python3.10/site-packages/airflow/example_dags/example_branch_operator_decorator.py
[2024-01-21T12:27:33.551+0100] {processor.py:830} INFO - Processing file /home/ubuntu/.local/lib/python3.10/site-packages/airflow/example_dags/example_branch_operator_decorator.py for tasks to queue
[2024-01-21T12:27:33.554+0100] {logging_mixin.py:188} INFO - [2024-01-21T12:27:33.554+0100] {dagbag.py:538} INFO - Filling up the DagBag from /home/ubuntu/.local/lib/python3.10/site-packages/airflow/example_dags/example_branch_operator_decorator.py
[2024-01-21T12:27:33.598+0100] {processor.py:840} INFO - DAG(s) 'example_branch_python_operator_decorator' retrieved from /home/ubuntu/.local/lib/python3.10/site-packages/airflow/example_dags/example_branch_operator_decorator.py
[2024-01-21T12:27:33.649+0100] {logging_mixin.py:188} INFO - [2024-01-21T12:27:33.649+0100] {dag.py:3033} INFO - Sync 1 DAGs
[2024-01-21T12:27:33.690+0100] {logging_mixin.py:188} INFO - [2024-01-21T12:27:33.689+0100] {dag.py:3820} INFO - Setting next_dagrun for example_branch_python_operator_decorator to 2024-01-20T00:00:00+00:00, run_after=2024-01-21T00:00:00+00:00
[2024-01-21T12:27:33.738+0100] {processor.py:183} INFO - Processing /home/ubuntu/.local/lib/python3.10/site-packages/airflow/example_dags/example_branch_operator_decorator.py took 0.198 seconds
[2024-01-21T12:29:34.762+0100] {processor.py:161} INFO - Started process (PID=5373) to work on /home/ubuntu/.local/lib/python3.10/site-packages/airflow/example_dags/example_branch_operator_decorator.py
[2024-01-21T12:29:34.766+0100] {processor.py:830} INFO - Processing file /home/ubuntu/.local/lib/python3.10/site-packages/airflow/example_dags/example_branch_operator_decorator.py for tasks to queue
[2024-01-21T12:29:34.768+0100] {logging_mixin.py:188} INFO - [2024-01-21T12:29:34.767+0100] {dagbag.py:538} INFO - Filling up the DagBag from /home/ubuntu/.local/lib/python3.10/site-packages/airflow/example_dags/example_branch_operator_decorator.py
[2024-01-21T12:29:34.805+0100] {processor.py:840} INFO - DAG(s) 'example_branch_python_operator_decorator' retrieved from /home/ubuntu/.local/lib/python3.10/site-packages/airflow/example_dags/example_branch_operator_decorator.py
[2024-01-21T12:29:34.845+0100] {logging_mixin.py:188} INFO - [2024-01-21T12:29:34.844+0100] {dag.py:3033} INFO - Sync 1 DAGs
[2024-01-21T12:29:34.890+0100] {logging_mixin.py:188} INFO - [2024-01-21T12:29:34.889+0100] {dag.py:3820} INFO - Setting next_dagrun for example_branch_python_operator_decorator to 2024-01-20T00:00:00+00:00, run_after=2024-01-21T00:00:00+00:00
[2024-01-21T12:29:34.931+0100] {processor.py:183} INFO - Processing /home/ubuntu/.local/lib/python3.10/site-packages/airflow/example_dags/example_branch_operator_decorator.py took 0.176 seconds
[2024-01-21T12:31:43.797+0100] {processor.py:161} INFO - Started process (PID=5487) to work on /home/ubuntu/.local/lib/python3.10/site-packages/airflow/example_dags/example_branch_operator_decorator.py
[2024-01-21T12:31:43.806+0100] {processor.py:830} INFO - Processing file /home/ubuntu/.local/lib/python3.10/site-packages/airflow/example_dags/example_branch_operator_decorator.py for tasks to queue
[2024-01-21T12:31:43.809+0100] {logging_mixin.py:188} INFO - [2024-01-21T12:31:43.808+0100] {dagbag.py:538} INFO - Filling up the DagBag from /home/ubuntu/.local/lib/python3.10/site-packages/airflow/example_dags/example_branch_operator_decorator.py
[2024-01-21T12:31:43.881+0100] {processor.py:840} INFO - DAG(s) 'example_branch_python_operator_decorator' retrieved from /home/ubuntu/.local/lib/python3.10/site-packages/airflow/example_dags/example_branch_operator_decorator.py
[2024-01-21T12:31:43.979+0100] {logging_mixin.py:188} INFO - [2024-01-21T12:31:43.979+0100] {dag.py:3033} INFO - Sync 1 DAGs
[2024-01-21T12:31:44.045+0100] {logging_mixin.py:188} INFO - [2024-01-21T12:31:44.044+0100] {dag.py:3820} INFO - Setting next_dagrun for example_branch_python_operator_decorator to 2024-01-20T00:00:00+00:00, run_after=2024-01-21T00:00:00+00:00
[2024-01-21T12:31:44.115+0100] {processor.py:183} INFO - Processing /home/ubuntu/.local/lib/python3.10/site-packages/airflow/example_dags/example_branch_operator_decorator.py took 0.328 seconds
[2024-01-21T12:34:13.669+0100] {processor.py:161} INFO - Started process (PID=5585) to work on /home/ubuntu/.local/lib/python3.10/site-packages/airflow/example_dags/example_branch_operator_decorator.py
[2024-01-21T12:34:13.681+0100] {processor.py:830} INFO - Processing file /home/ubuntu/.local/lib/python3.10/site-packages/airflow/example_dags/example_branch_operator_decorator.py for tasks to queue
[2024-01-21T12:34:13.684+0100] {logging_mixin.py:188} INFO - [2024-01-21T12:34:13.682+0100] {dagbag.py:538} INFO - Filling up the DagBag from /home/ubuntu/.local/lib/python3.10/site-packages/airflow/example_dags/example_branch_operator_decorator.py
[2024-01-21T12:34:13.822+0100] {processor.py:840} INFO - DAG(s) 'example_branch_python_operator_decorator' retrieved from /home/ubuntu/.local/lib/python3.10/site-packages/airflow/example_dags/example_branch_operator_decorator.py
[2024-01-21T12:34:13.935+0100] {logging_mixin.py:188} INFO - [2024-01-21T12:34:13.934+0100] {dag.py:3033} INFO - Sync 1 DAGs
[2024-01-21T12:34:14.033+0100] {logging_mixin.py:188} INFO - [2024-01-21T12:34:14.032+0100] {dag.py:3820} INFO - Setting next_dagrun for example_branch_python_operator_decorator to 2024-01-20T00:00:00+00:00, run_after=2024-01-21T00:00:00+00:00
[2024-01-21T12:34:14.146+0100] {processor.py:183} INFO - Processing /home/ubuntu/.local/lib/python3.10/site-packages/airflow/example_dags/example_branch_operator_decorator.py took 0.495 seconds
[2024-01-21T12:36:44.011+0100] {processor.py:161} INFO - Started process (PID=5680) to work on /home/ubuntu/.local/lib/python3.10/site-packages/airflow/example_dags/example_branch_operator_decorator.py
[2024-01-21T12:36:44.018+0100] {processor.py:830} INFO - Processing file /home/ubuntu/.local/lib/python3.10/site-packages/airflow/example_dags/example_branch_operator_decorator.py for tasks to queue
[2024-01-21T12:36:44.022+0100] {logging_mixin.py:188} INFO - [2024-01-21T12:36:44.020+0100] {dagbag.py:538} INFO - Filling up the DagBag from /home/ubuntu/.local/lib/python3.10/site-packages/airflow/example_dags/example_branch_operator_decorator.py
[2024-01-21T12:36:44.093+0100] {processor.py:840} INFO - DAG(s) 'example_branch_python_operator_decorator' retrieved from /home/ubuntu/.local/lib/python3.10/site-packages/airflow/example_dags/example_branch_operator_decorator.py
[2024-01-21T12:36:44.178+0100] {logging_mixin.py:188} INFO - [2024-01-21T12:36:44.177+0100] {dag.py:3033} INFO - Sync 1 DAGs
[2024-01-21T12:36:44.235+0100] {logging_mixin.py:188} INFO - [2024-01-21T12:36:44.235+0100] {dag.py:3820} INFO - Setting next_dagrun for example_branch_python_operator_decorator to 2024-01-20T00:00:00+00:00, run_after=2024-01-21T00:00:00+00:00
[2024-01-21T12:36:44.346+0100] {processor.py:183} INFO - Processing /home/ubuntu/.local/lib/python3.10/site-packages/airflow/example_dags/example_branch_operator_decorator.py took 0.346 seconds
[2024-01-21T12:39:08.378+0100] {processor.py:161} INFO - Started process (PID=5758) to work on /home/ubuntu/.local/lib/python3.10/site-packages/airflow/example_dags/example_branch_operator_decorator.py
[2024-01-21T12:39:08.380+0100] {processor.py:830} INFO - Processing file /home/ubuntu/.local/lib/python3.10/site-packages/airflow/example_dags/example_branch_operator_decorator.py for tasks to queue
[2024-01-21T12:39:08.381+0100] {logging_mixin.py:188} INFO - [2024-01-21T12:39:08.381+0100] {dagbag.py:538} INFO - Filling up the DagBag from /home/ubuntu/.local/lib/python3.10/site-packages/airflow/example_dags/example_branch_operator_decorator.py
[2024-01-21T12:39:08.429+0100] {processor.py:840} INFO - DAG(s) 'example_branch_python_operator_decorator' retrieved from /home/ubuntu/.local/lib/python3.10/site-packages/airflow/example_dags/example_branch_operator_decorator.py
[2024-01-21T12:39:08.464+0100] {logging_mixin.py:188} INFO - [2024-01-21T12:39:08.464+0100] {dag.py:3033} INFO - Sync 1 DAGs
[2024-01-21T12:39:08.493+0100] {logging_mixin.py:188} INFO - [2024-01-21T12:39:08.493+0100] {dag.py:3820} INFO - Setting next_dagrun for example_branch_python_operator_decorator to 2024-01-20T00:00:00+00:00, run_after=2024-01-21T00:00:00+00:00
[2024-01-21T12:39:08.554+0100] {processor.py:183} INFO - Processing /home/ubuntu/.local/lib/python3.10/site-packages/airflow/example_dags/example_branch_operator_decorator.py took 0.181 seconds
[2024-01-21T12:41:14.963+0100] {processor.py:161} INFO - Started process (PID=5827) to work on /home/ubuntu/.local/lib/python3.10/site-packages/airflow/example_dags/example_branch_operator_decorator.py
[2024-01-21T12:41:14.968+0100] {processor.py:830} INFO - Processing file /home/ubuntu/.local/lib/python3.10/site-packages/airflow/example_dags/example_branch_operator_decorator.py for tasks to queue
[2024-01-21T12:41:14.970+0100] {logging_mixin.py:188} INFO - [2024-01-21T12:41:14.969+0100] {dagbag.py:538} INFO - Filling up the DagBag from /home/ubuntu/.local/lib/python3.10/site-packages/airflow/example_dags/example_branch_operator_decorator.py
[2024-01-21T12:41:14.995+0100] {processor.py:840} INFO - DAG(s) 'example_branch_python_operator_decorator' retrieved from /home/ubuntu/.local/lib/python3.10/site-packages/airflow/example_dags/example_branch_operator_decorator.py
[2024-01-21T12:41:15.024+0100] {logging_mixin.py:188} INFO - [2024-01-21T12:41:15.023+0100] {dag.py:3033} INFO - Sync 1 DAGs
[2024-01-21T12:41:15.047+0100] {logging_mixin.py:188} INFO - [2024-01-21T12:41:15.047+0100] {dag.py:3820} INFO - Setting next_dagrun for example_branch_python_operator_decorator to 2024-01-20T00:00:00+00:00, run_after=2024-01-21T00:00:00+00:00
[2024-01-21T12:41:15.089+0100] {processor.py:183} INFO - Processing /home/ubuntu/.local/lib/python3.10/site-packages/airflow/example_dags/example_branch_operator_decorator.py took 0.131 seconds
