[2024-01-21T12:14:05.379+0100] {processor.py:161} INFO - Started process (PID=4707) to work on /home/ubuntu/.local/lib/python3.10/site-packages/airflow/example_dags/example_external_task_marker_dag.py
[2024-01-21T12:14:05.381+0100] {processor.py:830} INFO - Processing file /home/ubuntu/.local/lib/python3.10/site-packages/airflow/example_dags/example_external_task_marker_dag.py for tasks to queue
[2024-01-21T12:14:05.382+0100] {logging_mixin.py:188} INFO - [2024-01-21T12:14:05.382+0100] {dagbag.py:538} INFO - Filling up the DagBag from /home/ubuntu/.local/lib/python3.10/site-packages/airflow/example_dags/example_external_task_marker_dag.py
[2024-01-21T12:14:05.396+0100] {processor.py:840} INFO - DAG(s) 'example_external_task_marker_child', 'example_external_task_marker_parent' retrieved from /home/ubuntu/.local/lib/python3.10/site-packages/airflow/example_dags/example_external_task_marker_dag.py
[2024-01-21T12:14:05.753+0100] {logging_mixin.py:188} INFO - [2024-01-21T12:14:05.753+0100] {dag.py:3033} INFO - Sync 2 DAGs
[2024-01-21T12:14:05.783+0100] {logging_mixin.py:188} INFO - [2024-01-21T12:14:05.783+0100] {dag.py:3820} INFO - Setting next_dagrun for example_external_task_marker_child to None, run_after=None
[2024-01-21T12:14:05.790+0100] {logging_mixin.py:188} INFO - [2024-01-21T12:14:05.790+0100] {dag.py:3820} INFO - Setting next_dagrun for example_external_task_marker_parent to None, run_after=None
[2024-01-21T12:14:05.854+0100] {processor.py:183} INFO - Processing /home/ubuntu/.local/lib/python3.10/site-packages/airflow/example_dags/example_external_task_marker_dag.py took 0.482 seconds
[2024-01-21T12:15:50.775+0100] {processor.py:161} INFO - Started process (PID=4770) to work on /home/ubuntu/.local/lib/python3.10/site-packages/airflow/example_dags/example_external_task_marker_dag.py
[2024-01-21T12:15:50.780+0100] {processor.py:830} INFO - Processing file /home/ubuntu/.local/lib/python3.10/site-packages/airflow/example_dags/example_external_task_marker_dag.py for tasks to queue
[2024-01-21T12:15:50.781+0100] {logging_mixin.py:188} INFO - [2024-01-21T12:15:50.781+0100] {dagbag.py:538} INFO - Filling up the DagBag from /home/ubuntu/.local/lib/python3.10/site-packages/airflow/example_dags/example_external_task_marker_dag.py
[2024-01-21T12:15:50.794+0100] {processor.py:840} INFO - DAG(s) 'example_external_task_marker_parent', 'example_external_task_marker_child' retrieved from /home/ubuntu/.local/lib/python3.10/site-packages/airflow/example_dags/example_external_task_marker_dag.py
[2024-01-21T12:15:50.938+0100] {logging_mixin.py:188} INFO - [2024-01-21T12:15:50.937+0100] {dag.py:3033} INFO - Sync 2 DAGs
[2024-01-21T12:15:50.971+0100] {logging_mixin.py:188} INFO - [2024-01-21T12:15:50.971+0100] {dag.py:3820} INFO - Setting next_dagrun for example_external_task_marker_child to None, run_after=None
[2024-01-21T12:15:50.981+0100] {logging_mixin.py:188} INFO - [2024-01-21T12:15:50.981+0100] {dag.py:3820} INFO - Setting next_dagrun for example_external_task_marker_parent to None, run_after=None
[2024-01-21T12:15:51.025+0100] {processor.py:183} INFO - Processing /home/ubuntu/.local/lib/python3.10/site-packages/airflow/example_dags/example_external_task_marker_dag.py took 0.258 seconds
[2024-01-21T12:18:02.855+0100] {processor.py:161} INFO - Started process (PID=4837) to work on /home/ubuntu/.local/lib/python3.10/site-packages/airflow/example_dags/example_external_task_marker_dag.py
[2024-01-21T12:18:02.859+0100] {processor.py:830} INFO - Processing file /home/ubuntu/.local/lib/python3.10/site-packages/airflow/example_dags/example_external_task_marker_dag.py for tasks to queue
[2024-01-21T12:18:02.862+0100] {logging_mixin.py:188} INFO - [2024-01-21T12:18:02.862+0100] {dagbag.py:538} INFO - Filling up the DagBag from /home/ubuntu/.local/lib/python3.10/site-packages/airflow/example_dags/example_external_task_marker_dag.py
[2024-01-21T12:18:02.874+0100] {processor.py:840} INFO - DAG(s) 'example_external_task_marker_parent', 'example_external_task_marker_child' retrieved from /home/ubuntu/.local/lib/python3.10/site-packages/airflow/example_dags/example_external_task_marker_dag.py
[2024-01-21T12:18:02.939+0100] {logging_mixin.py:188} INFO - [2024-01-21T12:18:02.938+0100] {dag.py:3033} INFO - Sync 2 DAGs
[2024-01-21T12:18:03.010+0100] {logging_mixin.py:188} INFO - [2024-01-21T12:18:03.009+0100] {dag.py:3820} INFO - Setting next_dagrun for example_external_task_marker_child to None, run_after=None
[2024-01-21T12:18:03.035+0100] {logging_mixin.py:188} INFO - [2024-01-21T12:18:03.035+0100] {dag.py:3820} INFO - Setting next_dagrun for example_external_task_marker_parent to None, run_after=None
[2024-01-21T12:18:03.137+0100] {processor.py:183} INFO - Processing /home/ubuntu/.local/lib/python3.10/site-packages/airflow/example_dags/example_external_task_marker_dag.py took 0.305 seconds
[2024-01-21T12:19:55.120+0100] {processor.py:161} INFO - Started process (PID=4900) to work on /home/ubuntu/.local/lib/python3.10/site-packages/airflow/example_dags/example_external_task_marker_dag.py
[2024-01-21T12:19:55.123+0100] {processor.py:830} INFO - Processing file /home/ubuntu/.local/lib/python3.10/site-packages/airflow/example_dags/example_external_task_marker_dag.py for tasks to queue
[2024-01-21T12:19:55.125+0100] {logging_mixin.py:188} INFO - [2024-01-21T12:19:55.124+0100] {dagbag.py:538} INFO - Filling up the DagBag from /home/ubuntu/.local/lib/python3.10/site-packages/airflow/example_dags/example_external_task_marker_dag.py
[2024-01-21T12:19:55.142+0100] {processor.py:840} INFO - DAG(s) 'example_external_task_marker_parent', 'example_external_task_marker_child' retrieved from /home/ubuntu/.local/lib/python3.10/site-packages/airflow/example_dags/example_external_task_marker_dag.py
[2024-01-21T12:19:55.187+0100] {logging_mixin.py:188} INFO - [2024-01-21T12:19:55.187+0100] {dag.py:3033} INFO - Sync 2 DAGs
[2024-01-21T12:19:55.214+0100] {logging_mixin.py:188} INFO - [2024-01-21T12:19:55.214+0100] {dag.py:3820} INFO - Setting next_dagrun for example_external_task_marker_child to None, run_after=None
[2024-01-21T12:19:55.221+0100] {logging_mixin.py:188} INFO - [2024-01-21T12:19:55.220+0100] {dag.py:3820} INFO - Setting next_dagrun for example_external_task_marker_parent to None, run_after=None
[2024-01-21T12:19:55.259+0100] {processor.py:183} INFO - Processing /home/ubuntu/.local/lib/python3.10/site-packages/airflow/example_dags/example_external_task_marker_dag.py took 0.149 seconds
[2024-01-21T12:21:40.549+0100] {processor.py:161} INFO - Started process (PID=4962) to work on /home/ubuntu/.local/lib/python3.10/site-packages/airflow/example_dags/example_external_task_marker_dag.py
[2024-01-21T12:21:40.553+0100] {processor.py:830} INFO - Processing file /home/ubuntu/.local/lib/python3.10/site-packages/airflow/example_dags/example_external_task_marker_dag.py for tasks to queue
[2024-01-21T12:21:40.554+0100] {logging_mixin.py:188} INFO - [2024-01-21T12:21:40.553+0100] {dagbag.py:538} INFO - Filling up the DagBag from /home/ubuntu/.local/lib/python3.10/site-packages/airflow/example_dags/example_external_task_marker_dag.py
[2024-01-21T12:21:40.567+0100] {processor.py:840} INFO - DAG(s) 'example_external_task_marker_child', 'example_external_task_marker_parent' retrieved from /home/ubuntu/.local/lib/python3.10/site-packages/airflow/example_dags/example_external_task_marker_dag.py
[2024-01-21T12:21:40.611+0100] {logging_mixin.py:188} INFO - [2024-01-21T12:21:40.611+0100] {dag.py:3033} INFO - Sync 2 DAGs
[2024-01-21T12:21:40.630+0100] {logging_mixin.py:188} INFO - [2024-01-21T12:21:40.629+0100] {dag.py:3820} INFO - Setting next_dagrun for example_external_task_marker_child to None, run_after=None
[2024-01-21T12:21:40.636+0100] {logging_mixin.py:188} INFO - [2024-01-21T12:21:40.636+0100] {dag.py:3820} INFO - Setting next_dagrun for example_external_task_marker_parent to None, run_after=None
[2024-01-21T12:21:40.676+0100] {processor.py:183} INFO - Processing /home/ubuntu/.local/lib/python3.10/site-packages/airflow/example_dags/example_external_task_marker_dag.py took 0.134 seconds
[2024-01-21T12:23:28.758+0100] {processor.py:161} INFO - Started process (PID=5049) to work on /home/ubuntu/.local/lib/python3.10/site-packages/airflow/example_dags/example_external_task_marker_dag.py
[2024-01-21T12:23:28.761+0100] {processor.py:830} INFO - Processing file /home/ubuntu/.local/lib/python3.10/site-packages/airflow/example_dags/example_external_task_marker_dag.py for tasks to queue
[2024-01-21T12:23:28.768+0100] {logging_mixin.py:188} INFO - [2024-01-21T12:23:28.767+0100] {dagbag.py:538} INFO - Filling up the DagBag from /home/ubuntu/.local/lib/python3.10/site-packages/airflow/example_dags/example_external_task_marker_dag.py
[2024-01-21T12:23:28.779+0100] {processor.py:840} INFO - DAG(s) 'example_external_task_marker_parent', 'example_external_task_marker_child' retrieved from /home/ubuntu/.local/lib/python3.10/site-packages/airflow/example_dags/example_external_task_marker_dag.py
[2024-01-21T12:23:28.806+0100] {logging_mixin.py:188} INFO - [2024-01-21T12:23:28.806+0100] {dag.py:3033} INFO - Sync 2 DAGs
[2024-01-21T12:23:28.822+0100] {logging_mixin.py:188} INFO - [2024-01-21T12:23:28.821+0100] {dag.py:3820} INFO - Setting next_dagrun for example_external_task_marker_child to None, run_after=None
[2024-01-21T12:23:28.826+0100] {logging_mixin.py:188} INFO - [2024-01-21T12:23:28.826+0100] {dag.py:3820} INFO - Setting next_dagrun for example_external_task_marker_parent to None, run_after=None
[2024-01-21T12:23:28.874+0100] {processor.py:183} INFO - Processing /home/ubuntu/.local/lib/python3.10/site-packages/airflow/example_dags/example_external_task_marker_dag.py took 0.126 seconds
[2024-01-21T12:25:12.675+0100] {processor.py:161} INFO - Started process (PID=5112) to work on /home/ubuntu/.local/lib/python3.10/site-packages/airflow/example_dags/example_external_task_marker_dag.py
[2024-01-21T12:25:12.681+0100] {processor.py:830} INFO - Processing file /home/ubuntu/.local/lib/python3.10/site-packages/airflow/example_dags/example_external_task_marker_dag.py for tasks to queue
[2024-01-21T12:25:12.683+0100] {logging_mixin.py:188} INFO - [2024-01-21T12:25:12.682+0100] {dagbag.py:538} INFO - Filling up the DagBag from /home/ubuntu/.local/lib/python3.10/site-packages/airflow/example_dags/example_external_task_marker_dag.py
[2024-01-21T12:25:12.701+0100] {processor.py:840} INFO - DAG(s) 'example_external_task_marker_child', 'example_external_task_marker_parent' retrieved from /home/ubuntu/.local/lib/python3.10/site-packages/airflow/example_dags/example_external_task_marker_dag.py
[2024-01-21T12:25:12.728+0100] {logging_mixin.py:188} INFO - [2024-01-21T12:25:12.728+0100] {dag.py:3033} INFO - Sync 2 DAGs
[2024-01-21T12:25:12.743+0100] {logging_mixin.py:188} INFO - [2024-01-21T12:25:12.742+0100] {dag.py:3820} INFO - Setting next_dagrun for example_external_task_marker_child to None, run_after=None
[2024-01-21T12:25:12.747+0100] {logging_mixin.py:188} INFO - [2024-01-21T12:25:12.747+0100] {dag.py:3820} INFO - Setting next_dagrun for example_external_task_marker_parent to None, run_after=None
[2024-01-21T12:25:12.799+0100] {processor.py:183} INFO - Processing /home/ubuntu/.local/lib/python3.10/site-packages/airflow/example_dags/example_external_task_marker_dag.py took 0.139 seconds
[2024-01-21T12:27:25.917+0100] {processor.py:161} INFO - Started process (PID=5277) to work on /home/ubuntu/.local/lib/python3.10/site-packages/airflow/example_dags/example_external_task_marker_dag.py
[2024-01-21T12:27:25.923+0100] {processor.py:830} INFO - Processing file /home/ubuntu/.local/lib/python3.10/site-packages/airflow/example_dags/example_external_task_marker_dag.py for tasks to queue
[2024-01-21T12:27:25.925+0100] {logging_mixin.py:188} INFO - [2024-01-21T12:27:25.925+0100] {dagbag.py:538} INFO - Filling up the DagBag from /home/ubuntu/.local/lib/python3.10/site-packages/airflow/example_dags/example_external_task_marker_dag.py
[2024-01-21T12:27:25.943+0100] {processor.py:840} INFO - DAG(s) 'example_external_task_marker_child', 'example_external_task_marker_parent' retrieved from /home/ubuntu/.local/lib/python3.10/site-packages/airflow/example_dags/example_external_task_marker_dag.py
[2024-01-21T12:27:26.011+0100] {logging_mixin.py:188} INFO - [2024-01-21T12:27:26.011+0100] {dag.py:3033} INFO - Sync 2 DAGs
[2024-01-21T12:27:26.062+0100] {logging_mixin.py:188} INFO - [2024-01-21T12:27:26.062+0100] {dag.py:3820} INFO - Setting next_dagrun for example_external_task_marker_child to None, run_after=None
[2024-01-21T12:27:26.071+0100] {logging_mixin.py:188} INFO - [2024-01-21T12:27:26.071+0100] {dag.py:3820} INFO - Setting next_dagrun for example_external_task_marker_parent to None, run_after=None
[2024-01-21T12:27:26.135+0100] {processor.py:183} INFO - Processing /home/ubuntu/.local/lib/python3.10/site-packages/airflow/example_dags/example_external_task_marker_dag.py took 0.240 seconds
[2024-01-21T12:29:27.032+0100] {processor.py:161} INFO - Started process (PID=5366) to work on /home/ubuntu/.local/lib/python3.10/site-packages/airflow/example_dags/example_external_task_marker_dag.py
[2024-01-21T12:29:27.035+0100] {processor.py:830} INFO - Processing file /home/ubuntu/.local/lib/python3.10/site-packages/airflow/example_dags/example_external_task_marker_dag.py for tasks to queue
[2024-01-21T12:29:27.038+0100] {logging_mixin.py:188} INFO - [2024-01-21T12:29:27.037+0100] {dagbag.py:538} INFO - Filling up the DagBag from /home/ubuntu/.local/lib/python3.10/site-packages/airflow/example_dags/example_external_task_marker_dag.py
[2024-01-21T12:29:27.054+0100] {processor.py:840} INFO - DAG(s) 'example_external_task_marker_parent', 'example_external_task_marker_child' retrieved from /home/ubuntu/.local/lib/python3.10/site-packages/airflow/example_dags/example_external_task_marker_dag.py
[2024-01-21T12:29:27.101+0100] {logging_mixin.py:188} INFO - [2024-01-21T12:29:27.101+0100] {dag.py:3033} INFO - Sync 2 DAGs
[2024-01-21T12:29:27.176+0100] {logging_mixin.py:188} INFO - [2024-01-21T12:29:27.176+0100] {dag.py:3820} INFO - Setting next_dagrun for example_external_task_marker_child to None, run_after=None
[2024-01-21T12:29:27.191+0100] {logging_mixin.py:188} INFO - [2024-01-21T12:29:27.191+0100] {dag.py:3820} INFO - Setting next_dagrun for example_external_task_marker_parent to None, run_after=None
[2024-01-21T12:29:27.264+0100] {processor.py:183} INFO - Processing /home/ubuntu/.local/lib/python3.10/site-packages/airflow/example_dags/example_external_task_marker_dag.py took 0.239 seconds
[2024-01-21T12:31:35.914+0100] {processor.py:161} INFO - Started process (PID=5475) to work on /home/ubuntu/.local/lib/python3.10/site-packages/airflow/example_dags/example_external_task_marker_dag.py
[2024-01-21T12:31:35.918+0100] {processor.py:830} INFO - Processing file /home/ubuntu/.local/lib/python3.10/site-packages/airflow/example_dags/example_external_task_marker_dag.py for tasks to queue
[2024-01-21T12:31:35.920+0100] {logging_mixin.py:188} INFO - [2024-01-21T12:31:35.919+0100] {dagbag.py:538} INFO - Filling up the DagBag from /home/ubuntu/.local/lib/python3.10/site-packages/airflow/example_dags/example_external_task_marker_dag.py
[2024-01-21T12:31:35.939+0100] {processor.py:840} INFO - DAG(s) 'example_external_task_marker_parent', 'example_external_task_marker_child' retrieved from /home/ubuntu/.local/lib/python3.10/site-packages/airflow/example_dags/example_external_task_marker_dag.py
[2024-01-21T12:31:36.010+0100] {logging_mixin.py:188} INFO - [2024-01-21T12:31:36.009+0100] {dag.py:3033} INFO - Sync 2 DAGs
[2024-01-21T12:31:36.059+0100] {logging_mixin.py:188} INFO - [2024-01-21T12:31:36.058+0100] {dag.py:3820} INFO - Setting next_dagrun for example_external_task_marker_child to None, run_after=None
[2024-01-21T12:31:36.068+0100] {logging_mixin.py:188} INFO - [2024-01-21T12:31:36.067+0100] {dag.py:3820} INFO - Setting next_dagrun for example_external_task_marker_parent to None, run_after=None
[2024-01-21T12:31:36.119+0100] {processor.py:183} INFO - Processing /home/ubuntu/.local/lib/python3.10/site-packages/airflow/example_dags/example_external_task_marker_dag.py took 0.226 seconds
[2024-01-21T12:34:03.607+0100] {processor.py:161} INFO - Started process (PID=5572) to work on /home/ubuntu/.local/lib/python3.10/site-packages/airflow/example_dags/example_external_task_marker_dag.py
[2024-01-21T12:34:03.611+0100] {processor.py:830} INFO - Processing file /home/ubuntu/.local/lib/python3.10/site-packages/airflow/example_dags/example_external_task_marker_dag.py for tasks to queue
[2024-01-21T12:34:03.612+0100] {logging_mixin.py:188} INFO - [2024-01-21T12:34:03.612+0100] {dagbag.py:538} INFO - Filling up the DagBag from /home/ubuntu/.local/lib/python3.10/site-packages/airflow/example_dags/example_external_task_marker_dag.py
[2024-01-21T12:34:03.627+0100] {processor.py:840} INFO - DAG(s) 'example_external_task_marker_child', 'example_external_task_marker_parent' retrieved from /home/ubuntu/.local/lib/python3.10/site-packages/airflow/example_dags/example_external_task_marker_dag.py
[2024-01-21T12:34:03.714+0100] {logging_mixin.py:188} INFO - [2024-01-21T12:34:03.714+0100] {dag.py:3033} INFO - Sync 2 DAGs
[2024-01-21T12:34:03.752+0100] {logging_mixin.py:188} INFO - [2024-01-21T12:34:03.751+0100] {dag.py:3820} INFO - Setting next_dagrun for example_external_task_marker_child to None, run_after=None
[2024-01-21T12:34:03.764+0100] {logging_mixin.py:188} INFO - [2024-01-21T12:34:03.764+0100] {dag.py:3820} INFO - Setting next_dagrun for example_external_task_marker_parent to None, run_after=None
[2024-01-21T12:34:03.833+0100] {processor.py:183} INFO - Processing /home/ubuntu/.local/lib/python3.10/site-packages/airflow/example_dags/example_external_task_marker_dag.py took 0.232 seconds
[2024-01-21T12:36:35.336+0100] {processor.py:161} INFO - Started process (PID=5672) to work on /home/ubuntu/.local/lib/python3.10/site-packages/airflow/example_dags/example_external_task_marker_dag.py
[2024-01-21T12:36:35.343+0100] {processor.py:830} INFO - Processing file /home/ubuntu/.local/lib/python3.10/site-packages/airflow/example_dags/example_external_task_marker_dag.py for tasks to queue
[2024-01-21T12:36:35.345+0100] {logging_mixin.py:188} INFO - [2024-01-21T12:36:35.345+0100] {dagbag.py:538} INFO - Filling up the DagBag from /home/ubuntu/.local/lib/python3.10/site-packages/airflow/example_dags/example_external_task_marker_dag.py
[2024-01-21T12:36:35.368+0100] {processor.py:840} INFO - DAG(s) 'example_external_task_marker_parent', 'example_external_task_marker_child' retrieved from /home/ubuntu/.local/lib/python3.10/site-packages/airflow/example_dags/example_external_task_marker_dag.py
[2024-01-21T12:36:35.423+0100] {logging_mixin.py:188} INFO - [2024-01-21T12:36:35.423+0100] {dag.py:3033} INFO - Sync 2 DAGs
[2024-01-21T12:36:35.453+0100] {logging_mixin.py:188} INFO - [2024-01-21T12:36:35.452+0100] {dag.py:3820} INFO - Setting next_dagrun for example_external_task_marker_child to None, run_after=None
[2024-01-21T12:36:35.460+0100] {logging_mixin.py:188} INFO - [2024-01-21T12:36:35.459+0100] {dag.py:3820} INFO - Setting next_dagrun for example_external_task_marker_parent to None, run_after=None
[2024-01-21T12:36:35.526+0100] {processor.py:183} INFO - Processing /home/ubuntu/.local/lib/python3.10/site-packages/airflow/example_dags/example_external_task_marker_dag.py took 0.198 seconds
[2024-01-21T12:39:01.378+0100] {processor.py:161} INFO - Started process (PID=5752) to work on /home/ubuntu/.local/lib/python3.10/site-packages/airflow/example_dags/example_external_task_marker_dag.py
[2024-01-21T12:39:01.380+0100] {processor.py:830} INFO - Processing file /home/ubuntu/.local/lib/python3.10/site-packages/airflow/example_dags/example_external_task_marker_dag.py for tasks to queue
[2024-01-21T12:39:01.383+0100] {logging_mixin.py:188} INFO - [2024-01-21T12:39:01.383+0100] {dagbag.py:538} INFO - Filling up the DagBag from /home/ubuntu/.local/lib/python3.10/site-packages/airflow/example_dags/example_external_task_marker_dag.py
[2024-01-21T12:39:01.404+0100] {processor.py:840} INFO - DAG(s) 'example_external_task_marker_parent', 'example_external_task_marker_child' retrieved from /home/ubuntu/.local/lib/python3.10/site-packages/airflow/example_dags/example_external_task_marker_dag.py
[2024-01-21T12:39:01.484+0100] {logging_mixin.py:188} INFO - [2024-01-21T12:39:01.484+0100] {dag.py:3033} INFO - Sync 2 DAGs
[2024-01-21T12:39:01.504+0100] {logging_mixin.py:188} INFO - [2024-01-21T12:39:01.504+0100] {dag.py:3820} INFO - Setting next_dagrun for example_external_task_marker_child to None, run_after=None
[2024-01-21T12:39:01.509+0100] {logging_mixin.py:188} INFO - [2024-01-21T12:39:01.509+0100] {dag.py:3820} INFO - Setting next_dagrun for example_external_task_marker_parent to None, run_after=None
[2024-01-21T12:39:01.547+0100] {processor.py:183} INFO - Processing /home/ubuntu/.local/lib/python3.10/site-packages/airflow/example_dags/example_external_task_marker_dag.py took 0.176 seconds
[2024-01-21T12:41:08.154+0100] {processor.py:161} INFO - Started process (PID=5821) to work on /home/ubuntu/.local/lib/python3.10/site-packages/airflow/example_dags/example_external_task_marker_dag.py
[2024-01-21T12:41:08.158+0100] {processor.py:830} INFO - Processing file /home/ubuntu/.local/lib/python3.10/site-packages/airflow/example_dags/example_external_task_marker_dag.py for tasks to queue
[2024-01-21T12:41:08.160+0100] {logging_mixin.py:188} INFO - [2024-01-21T12:41:08.159+0100] {dagbag.py:538} INFO - Filling up the DagBag from /home/ubuntu/.local/lib/python3.10/site-packages/airflow/example_dags/example_external_task_marker_dag.py
[2024-01-21T12:41:08.174+0100] {processor.py:840} INFO - DAG(s) 'example_external_task_marker_child', 'example_external_task_marker_parent' retrieved from /home/ubuntu/.local/lib/python3.10/site-packages/airflow/example_dags/example_external_task_marker_dag.py
[2024-01-21T12:41:08.206+0100] {logging_mixin.py:188} INFO - [2024-01-21T12:41:08.206+0100] {dag.py:3033} INFO - Sync 2 DAGs
[2024-01-21T12:41:08.224+0100] {logging_mixin.py:188} INFO - [2024-01-21T12:41:08.223+0100] {dag.py:3820} INFO - Setting next_dagrun for example_external_task_marker_child to None, run_after=None
[2024-01-21T12:41:08.230+0100] {logging_mixin.py:188} INFO - [2024-01-21T12:41:08.229+0100] {dag.py:3820} INFO - Setting next_dagrun for example_external_task_marker_parent to None, run_after=None
[2024-01-21T12:41:08.264+0100] {processor.py:183} INFO - Processing /home/ubuntu/.local/lib/python3.10/site-packages/airflow/example_dags/example_external_task_marker_dag.py took 0.115 seconds
