[2024-01-21T12:14:03.438+0100] {processor.py:161} INFO - Started process (PID=4706) to work on /home/ubuntu/.local/lib/python3.10/site-packages/airflow/example_dags/example_branch_python_dop_operator_3.py
[2024-01-21T12:14:03.440+0100] {processor.py:830} INFO - Processing file /home/ubuntu/.local/lib/python3.10/site-packages/airflow/example_dags/example_branch_python_dop_operator_3.py for tasks to queue
[2024-01-21T12:14:03.446+0100] {logging_mixin.py:188} INFO - [2024-01-21T12:14:03.445+0100] {dagbag.py:538} INFO - Filling up the DagBag from /home/ubuntu/.local/lib/python3.10/site-packages/airflow/example_dags/example_branch_python_dop_operator_3.py
[2024-01-21T12:14:03.489+0100] {processor.py:840} INFO - DAG(s) 'example_branch_dop_operator_v3' retrieved from /home/ubuntu/.local/lib/python3.10/site-packages/airflow/example_dags/example_branch_python_dop_operator_3.py
[2024-01-21T12:14:03.901+0100] {logging_mixin.py:188} INFO - [2024-01-21T12:14:03.900+0100] {dag.py:3033} INFO - Sync 1 DAGs
[2024-01-21T12:14:04.006+0100] {logging_mixin.py:188} INFO - [2024-01-21T12:14:04.005+0100] {dag.py:3820} INFO - Setting next_dagrun for example_branch_dop_operator_v3 to 2024-01-21T11:13:00+00:00, run_after=2024-01-21T11:14:00+00:00
[2024-01-21T12:14:04.086+0100] {processor.py:183} INFO - Processing /home/ubuntu/.local/lib/python3.10/site-packages/airflow/example_dags/example_branch_python_dop_operator_3.py took 0.664 seconds
[2024-01-21T12:15:49.469+0100] {processor.py:161} INFO - Started process (PID=4769) to work on /home/ubuntu/.local/lib/python3.10/site-packages/airflow/example_dags/example_branch_python_dop_operator_3.py
[2024-01-21T12:15:49.473+0100] {processor.py:830} INFO - Processing file /home/ubuntu/.local/lib/python3.10/site-packages/airflow/example_dags/example_branch_python_dop_operator_3.py for tasks to queue
[2024-01-21T12:15:49.474+0100] {logging_mixin.py:188} INFO - [2024-01-21T12:15:49.474+0100] {dagbag.py:538} INFO - Filling up the DagBag from /home/ubuntu/.local/lib/python3.10/site-packages/airflow/example_dags/example_branch_python_dop_operator_3.py
[2024-01-21T12:15:49.498+0100] {processor.py:840} INFO - DAG(s) 'example_branch_dop_operator_v3' retrieved from /home/ubuntu/.local/lib/python3.10/site-packages/airflow/example_dags/example_branch_python_dop_operator_3.py
[2024-01-21T12:15:49.539+0100] {logging_mixin.py:188} INFO - [2024-01-21T12:15:49.539+0100] {dag.py:3033} INFO - Sync 1 DAGs
[2024-01-21T12:15:49.578+0100] {logging_mixin.py:188} INFO - [2024-01-21T12:15:49.578+0100] {dag.py:3820} INFO - Setting next_dagrun for example_branch_dop_operator_v3 to 2024-01-21T11:14:00+00:00, run_after=2024-01-21T11:15:00+00:00
[2024-01-21T12:15:49.627+0100] {processor.py:183} INFO - Processing /home/ubuntu/.local/lib/python3.10/site-packages/airflow/example_dags/example_branch_python_dop_operator_3.py took 0.167 seconds
[2024-01-21T12:18:01.954+0100] {processor.py:161} INFO - Started process (PID=4836) to work on /home/ubuntu/.local/lib/python3.10/site-packages/airflow/example_dags/example_branch_python_dop_operator_3.py
[2024-01-21T12:18:01.968+0100] {processor.py:830} INFO - Processing file /home/ubuntu/.local/lib/python3.10/site-packages/airflow/example_dags/example_branch_python_dop_operator_3.py for tasks to queue
[2024-01-21T12:18:01.991+0100] {logging_mixin.py:188} INFO - [2024-01-21T12:18:01.990+0100] {dagbag.py:538} INFO - Filling up the DagBag from /home/ubuntu/.local/lib/python3.10/site-packages/airflow/example_dags/example_branch_python_dop_operator_3.py
[2024-01-21T12:18:02.029+0100] {processor.py:840} INFO - DAG(s) 'example_branch_dop_operator_v3' retrieved from /home/ubuntu/.local/lib/python3.10/site-packages/airflow/example_dags/example_branch_python_dop_operator_3.py
[2024-01-21T12:18:02.072+0100] {logging_mixin.py:188} INFO - [2024-01-21T12:18:02.071+0100] {dag.py:3033} INFO - Sync 1 DAGs
[2024-01-21T12:18:02.159+0100] {logging_mixin.py:188} INFO - [2024-01-21T12:18:02.158+0100] {dag.py:3820} INFO - Setting next_dagrun for example_branch_dop_operator_v3 to 2024-01-21T11:17:00+00:00, run_after=2024-01-21T11:18:00+00:00
[2024-01-21T12:18:02.242+0100] {processor.py:183} INFO - Processing /home/ubuntu/.local/lib/python3.10/site-packages/airflow/example_dags/example_branch_python_dop_operator_3.py took 0.297 seconds
[2024-01-21T12:19:53.743+0100] {processor.py:161} INFO - Started process (PID=4899) to work on /home/ubuntu/.local/lib/python3.10/site-packages/airflow/example_dags/example_branch_python_dop_operator_3.py
[2024-01-21T12:19:53.748+0100] {processor.py:830} INFO - Processing file /home/ubuntu/.local/lib/python3.10/site-packages/airflow/example_dags/example_branch_python_dop_operator_3.py for tasks to queue
[2024-01-21T12:19:53.750+0100] {logging_mixin.py:188} INFO - [2024-01-21T12:19:53.749+0100] {dagbag.py:538} INFO - Filling up the DagBag from /home/ubuntu/.local/lib/python3.10/site-packages/airflow/example_dags/example_branch_python_dop_operator_3.py
[2024-01-21T12:19:53.765+0100] {processor.py:840} INFO - DAG(s) 'example_branch_dop_operator_v3' retrieved from /home/ubuntu/.local/lib/python3.10/site-packages/airflow/example_dags/example_branch_python_dop_operator_3.py
[2024-01-21T12:19:53.793+0100] {logging_mixin.py:188} INFO - [2024-01-21T12:19:53.793+0100] {dag.py:3033} INFO - Sync 1 DAGs
[2024-01-21T12:19:53.837+0100] {logging_mixin.py:188} INFO - [2024-01-21T12:19:53.836+0100] {dag.py:3820} INFO - Setting next_dagrun for example_branch_dop_operator_v3 to 2024-01-21T11:18:00+00:00, run_after=2024-01-21T11:19:00+00:00
[2024-01-21T12:19:53.884+0100] {processor.py:183} INFO - Processing /home/ubuntu/.local/lib/python3.10/site-packages/airflow/example_dags/example_branch_python_dop_operator_3.py took 0.146 seconds
[2024-01-21T12:21:39.184+0100] {processor.py:161} INFO - Started process (PID=4961) to work on /home/ubuntu/.local/lib/python3.10/site-packages/airflow/example_dags/example_branch_python_dop_operator_3.py
[2024-01-21T12:21:39.187+0100] {processor.py:830} INFO - Processing file /home/ubuntu/.local/lib/python3.10/site-packages/airflow/example_dags/example_branch_python_dop_operator_3.py for tasks to queue
[2024-01-21T12:21:39.188+0100] {logging_mixin.py:188} INFO - [2024-01-21T12:21:39.187+0100] {dagbag.py:538} INFO - Filling up the DagBag from /home/ubuntu/.local/lib/python3.10/site-packages/airflow/example_dags/example_branch_python_dop_operator_3.py
[2024-01-21T12:21:39.213+0100] {processor.py:840} INFO - DAG(s) 'example_branch_dop_operator_v3' retrieved from /home/ubuntu/.local/lib/python3.10/site-packages/airflow/example_dags/example_branch_python_dop_operator_3.py
[2024-01-21T12:21:39.249+0100] {logging_mixin.py:188} INFO - [2024-01-21T12:21:39.249+0100] {dag.py:3033} INFO - Sync 1 DAGs
[2024-01-21T12:21:39.299+0100] {logging_mixin.py:188} INFO - [2024-01-21T12:21:39.299+0100] {dag.py:3820} INFO - Setting next_dagrun for example_branch_dop_operator_v3 to 2024-01-21T11:20:00+00:00, run_after=2024-01-21T11:21:00+00:00
[2024-01-21T12:21:39.342+0100] {processor.py:183} INFO - Processing /home/ubuntu/.local/lib/python3.10/site-packages/airflow/example_dags/example_branch_python_dop_operator_3.py took 0.163 seconds
[2024-01-21T12:23:27.407+0100] {processor.py:161} INFO - Started process (PID=5048) to work on /home/ubuntu/.local/lib/python3.10/site-packages/airflow/example_dags/example_branch_python_dop_operator_3.py
[2024-01-21T12:23:27.412+0100] {processor.py:830} INFO - Processing file /home/ubuntu/.local/lib/python3.10/site-packages/airflow/example_dags/example_branch_python_dop_operator_3.py for tasks to queue
[2024-01-21T12:23:27.414+0100] {logging_mixin.py:188} INFO - [2024-01-21T12:23:27.414+0100] {dagbag.py:538} INFO - Filling up the DagBag from /home/ubuntu/.local/lib/python3.10/site-packages/airflow/example_dags/example_branch_python_dop_operator_3.py
[2024-01-21T12:23:27.438+0100] {processor.py:840} INFO - DAG(s) 'example_branch_dop_operator_v3' retrieved from /home/ubuntu/.local/lib/python3.10/site-packages/airflow/example_dags/example_branch_python_dop_operator_3.py
[2024-01-21T12:23:27.486+0100] {logging_mixin.py:188} INFO - [2024-01-21T12:23:27.485+0100] {dag.py:3033} INFO - Sync 1 DAGs
[2024-01-21T12:23:27.543+0100] {logging_mixin.py:188} INFO - [2024-01-21T12:23:27.543+0100] {dag.py:3820} INFO - Setting next_dagrun for example_branch_dop_operator_v3 to 2024-01-21T11:22:00+00:00, run_after=2024-01-21T11:23:00+00:00
[2024-01-21T12:23:27.590+0100] {processor.py:183} INFO - Processing /home/ubuntu/.local/lib/python3.10/site-packages/airflow/example_dags/example_branch_python_dop_operator_3.py took 0.192 seconds
[2024-01-21T12:25:11.289+0100] {processor.py:161} INFO - Started process (PID=5111) to work on /home/ubuntu/.local/lib/python3.10/site-packages/airflow/example_dags/example_branch_python_dop_operator_3.py
[2024-01-21T12:25:11.292+0100] {processor.py:830} INFO - Processing file /home/ubuntu/.local/lib/python3.10/site-packages/airflow/example_dags/example_branch_python_dop_operator_3.py for tasks to queue
[2024-01-21T12:25:11.294+0100] {logging_mixin.py:188} INFO - [2024-01-21T12:25:11.294+0100] {dagbag.py:538} INFO - Filling up the DagBag from /home/ubuntu/.local/lib/python3.10/site-packages/airflow/example_dags/example_branch_python_dop_operator_3.py
[2024-01-21T12:25:11.308+0100] {processor.py:840} INFO - DAG(s) 'example_branch_dop_operator_v3' retrieved from /home/ubuntu/.local/lib/python3.10/site-packages/airflow/example_dags/example_branch_python_dop_operator_3.py
[2024-01-21T12:25:11.330+0100] {logging_mixin.py:188} INFO - [2024-01-21T12:25:11.330+0100] {dag.py:3033} INFO - Sync 1 DAGs
[2024-01-21T12:25:11.362+0100] {logging_mixin.py:188} INFO - [2024-01-21T12:25:11.362+0100] {dag.py:3820} INFO - Setting next_dagrun for example_branch_dop_operator_v3 to 2024-01-21T11:24:00+00:00, run_after=2024-01-21T11:25:00+00:00
[2024-01-21T12:25:11.416+0100] {processor.py:183} INFO - Processing /home/ubuntu/.local/lib/python3.10/site-packages/airflow/example_dags/example_branch_python_dop_operator_3.py took 0.132 seconds
[2024-01-21T12:27:24.958+0100] {processor.py:161} INFO - Started process (PID=5276) to work on /home/ubuntu/.local/lib/python3.10/site-packages/airflow/example_dags/example_branch_python_dop_operator_3.py
[2024-01-21T12:27:24.963+0100] {processor.py:830} INFO - Processing file /home/ubuntu/.local/lib/python3.10/site-packages/airflow/example_dags/example_branch_python_dop_operator_3.py for tasks to queue
[2024-01-21T12:27:24.966+0100] {logging_mixin.py:188} INFO - [2024-01-21T12:27:24.966+0100] {dagbag.py:538} INFO - Filling up the DagBag from /home/ubuntu/.local/lib/python3.10/site-packages/airflow/example_dags/example_branch_python_dop_operator_3.py
[2024-01-21T12:27:24.995+0100] {processor.py:840} INFO - DAG(s) 'example_branch_dop_operator_v3' retrieved from /home/ubuntu/.local/lib/python3.10/site-packages/airflow/example_dags/example_branch_python_dop_operator_3.py
[2024-01-21T12:27:25.060+0100] {logging_mixin.py:188} INFO - [2024-01-21T12:27:25.059+0100] {dag.py:3033} INFO - Sync 1 DAGs
[2024-01-21T12:27:25.187+0100] {logging_mixin.py:188} INFO - [2024-01-21T12:27:25.186+0100] {dag.py:3820} INFO - Setting next_dagrun for example_branch_dop_operator_v3 to 2024-01-21T11:26:00+00:00, run_after=2024-01-21T11:27:00+00:00
[2024-01-21T12:27:25.289+0100] {processor.py:183} INFO - Processing /home/ubuntu/.local/lib/python3.10/site-packages/airflow/example_dags/example_branch_python_dop_operator_3.py took 0.352 seconds
[2024-01-21T12:29:25.730+0100] {processor.py:161} INFO - Started process (PID=5365) to work on /home/ubuntu/.local/lib/python3.10/site-packages/airflow/example_dags/example_branch_python_dop_operator_3.py
[2024-01-21T12:29:25.733+0100] {processor.py:830} INFO - Processing file /home/ubuntu/.local/lib/python3.10/site-packages/airflow/example_dags/example_branch_python_dop_operator_3.py for tasks to queue
[2024-01-21T12:29:25.734+0100] {logging_mixin.py:188} INFO - [2024-01-21T12:29:25.734+0100] {dagbag.py:538} INFO - Filling up the DagBag from /home/ubuntu/.local/lib/python3.10/site-packages/airflow/example_dags/example_branch_python_dop_operator_3.py
[2024-01-21T12:29:25.757+0100] {processor.py:840} INFO - DAG(s) 'example_branch_dop_operator_v3' retrieved from /home/ubuntu/.local/lib/python3.10/site-packages/airflow/example_dags/example_branch_python_dop_operator_3.py
[2024-01-21T12:29:25.792+0100] {logging_mixin.py:188} INFO - [2024-01-21T12:29:25.791+0100] {dag.py:3033} INFO - Sync 1 DAGs
[2024-01-21T12:29:25.845+0100] {logging_mixin.py:188} INFO - [2024-01-21T12:29:25.844+0100] {dag.py:3820} INFO - Setting next_dagrun for example_branch_dop_operator_v3 to 2024-01-21T11:28:00+00:00, run_after=2024-01-21T11:29:00+00:00
[2024-01-21T12:29:25.900+0100] {processor.py:183} INFO - Processing /home/ubuntu/.local/lib/python3.10/site-packages/airflow/example_dags/example_branch_python_dop_operator_3.py took 0.177 seconds
[2024-01-21T12:31:34.288+0100] {processor.py:161} INFO - Started process (PID=5474) to work on /home/ubuntu/.local/lib/python3.10/site-packages/airflow/example_dags/example_branch_python_dop_operator_3.py
[2024-01-21T12:31:34.293+0100] {processor.py:830} INFO - Processing file /home/ubuntu/.local/lib/python3.10/site-packages/airflow/example_dags/example_branch_python_dop_operator_3.py for tasks to queue
[2024-01-21T12:31:34.295+0100] {logging_mixin.py:188} INFO - [2024-01-21T12:31:34.294+0100] {dagbag.py:538} INFO - Filling up the DagBag from /home/ubuntu/.local/lib/python3.10/site-packages/airflow/example_dags/example_branch_python_dop_operator_3.py
[2024-01-21T12:31:34.342+0100] {processor.py:840} INFO - DAG(s) 'example_branch_dop_operator_v3' retrieved from /home/ubuntu/.local/lib/python3.10/site-packages/airflow/example_dags/example_branch_python_dop_operator_3.py
[2024-01-21T12:31:34.402+0100] {logging_mixin.py:188} INFO - [2024-01-21T12:31:34.402+0100] {dag.py:3033} INFO - Sync 1 DAGs
[2024-01-21T12:31:34.463+0100] {logging_mixin.py:188} INFO - [2024-01-21T12:31:34.463+0100] {dag.py:3820} INFO - Setting next_dagrun for example_branch_dop_operator_v3 to 2024-01-21T11:30:00+00:00, run_after=2024-01-21T11:31:00+00:00
[2024-01-21T12:31:34.594+0100] {processor.py:183} INFO - Processing /home/ubuntu/.local/lib/python3.10/site-packages/airflow/example_dags/example_branch_python_dop_operator_3.py took 0.316 seconds
[2024-01-21T12:34:02.535+0100] {processor.py:161} INFO - Started process (PID=5571) to work on /home/ubuntu/.local/lib/python3.10/site-packages/airflow/example_dags/example_branch_python_dop_operator_3.py
[2024-01-21T12:34:02.556+0100] {processor.py:830} INFO - Processing file /home/ubuntu/.local/lib/python3.10/site-packages/airflow/example_dags/example_branch_python_dop_operator_3.py for tasks to queue
[2024-01-21T12:34:02.561+0100] {logging_mixin.py:188} INFO - [2024-01-21T12:34:02.560+0100] {dagbag.py:538} INFO - Filling up the DagBag from /home/ubuntu/.local/lib/python3.10/site-packages/airflow/example_dags/example_branch_python_dop_operator_3.py
[2024-01-21T12:34:02.591+0100] {processor.py:840} INFO - DAG(s) 'example_branch_dop_operator_v3' retrieved from /home/ubuntu/.local/lib/python3.10/site-packages/airflow/example_dags/example_branch_python_dop_operator_3.py
[2024-01-21T12:34:02.645+0100] {logging_mixin.py:188} INFO - [2024-01-21T12:34:02.644+0100] {dag.py:3033} INFO - Sync 1 DAGs
[2024-01-21T12:34:02.709+0100] {logging_mixin.py:188} INFO - [2024-01-21T12:34:02.709+0100] {dag.py:3820} INFO - Setting next_dagrun for example_branch_dop_operator_v3 to 2024-01-21T11:33:00+00:00, run_after=2024-01-21T11:34:00+00:00
[2024-01-21T12:34:02.814+0100] {processor.py:183} INFO - Processing /home/ubuntu/.local/lib/python3.10/site-packages/airflow/example_dags/example_branch_python_dop_operator_3.py took 0.296 seconds
[2024-01-21T12:36:34.524+0100] {processor.py:161} INFO - Started process (PID=5671) to work on /home/ubuntu/.local/lib/python3.10/site-packages/airflow/example_dags/example_branch_python_dop_operator_3.py
[2024-01-21T12:36:34.529+0100] {processor.py:830} INFO - Processing file /home/ubuntu/.local/lib/python3.10/site-packages/airflow/example_dags/example_branch_python_dop_operator_3.py for tasks to queue
[2024-01-21T12:36:34.531+0100] {logging_mixin.py:188} INFO - [2024-01-21T12:36:34.530+0100] {dagbag.py:538} INFO - Filling up the DagBag from /home/ubuntu/.local/lib/python3.10/site-packages/airflow/example_dags/example_branch_python_dop_operator_3.py
[2024-01-21T12:36:34.550+0100] {processor.py:840} INFO - DAG(s) 'example_branch_dop_operator_v3' retrieved from /home/ubuntu/.local/lib/python3.10/site-packages/airflow/example_dags/example_branch_python_dop_operator_3.py
[2024-01-21T12:36:34.594+0100] {logging_mixin.py:188} INFO - [2024-01-21T12:36:34.594+0100] {dag.py:3033} INFO - Sync 1 DAGs
[2024-01-21T12:36:34.648+0100] {logging_mixin.py:188} INFO - [2024-01-21T12:36:34.648+0100] {dag.py:3820} INFO - Setting next_dagrun for example_branch_dop_operator_v3 to 2024-01-21T11:35:00+00:00, run_after=2024-01-21T11:36:00+00:00
[2024-01-21T12:36:34.721+0100] {processor.py:183} INFO - Processing /home/ubuntu/.local/lib/python3.10/site-packages/airflow/example_dags/example_branch_python_dop_operator_3.py took 0.203 seconds
[2024-01-21T12:39:00.098+0100] {processor.py:161} INFO - Started process (PID=5751) to work on /home/ubuntu/.local/lib/python3.10/site-packages/airflow/example_dags/example_branch_python_dop_operator_3.py
[2024-01-21T12:39:00.100+0100] {processor.py:830} INFO - Processing file /home/ubuntu/.local/lib/python3.10/site-packages/airflow/example_dags/example_branch_python_dop_operator_3.py for tasks to queue
[2024-01-21T12:39:00.101+0100] {logging_mixin.py:188} INFO - [2024-01-21T12:39:00.101+0100] {dagbag.py:538} INFO - Filling up the DagBag from /home/ubuntu/.local/lib/python3.10/site-packages/airflow/example_dags/example_branch_python_dop_operator_3.py
[2024-01-21T12:39:00.118+0100] {processor.py:840} INFO - DAG(s) 'example_branch_dop_operator_v3' retrieved from /home/ubuntu/.local/lib/python3.10/site-packages/airflow/example_dags/example_branch_python_dop_operator_3.py
[2024-01-21T12:39:00.147+0100] {logging_mixin.py:188} INFO - [2024-01-21T12:39:00.146+0100] {dag.py:3033} INFO - Sync 1 DAGs
[2024-01-21T12:39:00.216+0100] {logging_mixin.py:188} INFO - [2024-01-21T12:39:00.216+0100] {dag.py:3820} INFO - Setting next_dagrun for example_branch_dop_operator_v3 to 2024-01-21T11:38:00+00:00, run_after=2024-01-21T11:39:00+00:00
[2024-01-21T12:39:00.269+0100] {processor.py:183} INFO - Processing /home/ubuntu/.local/lib/python3.10/site-packages/airflow/example_dags/example_branch_python_dop_operator_3.py took 0.176 seconds
[2024-01-21T12:41:06.755+0100] {processor.py:161} INFO - Started process (PID=5820) to work on /home/ubuntu/.local/lib/python3.10/site-packages/airflow/example_dags/example_branch_python_dop_operator_3.py
[2024-01-21T12:41:06.758+0100] {processor.py:830} INFO - Processing file /home/ubuntu/.local/lib/python3.10/site-packages/airflow/example_dags/example_branch_python_dop_operator_3.py for tasks to queue
[2024-01-21T12:41:06.759+0100] {logging_mixin.py:188} INFO - [2024-01-21T12:41:06.759+0100] {dagbag.py:538} INFO - Filling up the DagBag from /home/ubuntu/.local/lib/python3.10/site-packages/airflow/example_dags/example_branch_python_dop_operator_3.py
[2024-01-21T12:41:06.772+0100] {processor.py:840} INFO - DAG(s) 'example_branch_dop_operator_v3' retrieved from /home/ubuntu/.local/lib/python3.10/site-packages/airflow/example_dags/example_branch_python_dop_operator_3.py
[2024-01-21T12:41:06.804+0100] {logging_mixin.py:188} INFO - [2024-01-21T12:41:06.804+0100] {dag.py:3033} INFO - Sync 1 DAGs
[2024-01-21T12:41:06.856+0100] {logging_mixin.py:188} INFO - [2024-01-21T12:41:06.856+0100] {dag.py:3820} INFO - Setting next_dagrun for example_branch_dop_operator_v3 to 2024-01-21T11:40:00+00:00, run_after=2024-01-21T11:41:00+00:00
[2024-01-21T12:41:06.900+0100] {processor.py:183} INFO - Processing /home/ubuntu/.local/lib/python3.10/site-packages/airflow/example_dags/example_branch_python_dop_operator_3.py took 0.151 seconds
