[2024-01-21T12:13:59.957+0100] {processor.py:161} INFO - Started process (PID=4704) to work on /home/ubuntu/.local/lib/python3.10/site-packages/airflow/example_dags/example_branch_day_of_week_operator.py
[2024-01-21T12:13:59.958+0100] {processor.py:830} INFO - Processing file /home/ubuntu/.local/lib/python3.10/site-packages/airflow/example_dags/example_branch_day_of_week_operator.py for tasks to queue
[2024-01-21T12:13:59.959+0100] {logging_mixin.py:188} INFO - [2024-01-21T12:13:59.959+0100] {dagbag.py:538} INFO - Filling up the DagBag from /home/ubuntu/.local/lib/python3.10/site-packages/airflow/example_dags/example_branch_day_of_week_operator.py
[2024-01-21T12:13:59.975+0100] {processor.py:840} INFO - DAG(s) 'example_weekday_branch_operator' retrieved from /home/ubuntu/.local/lib/python3.10/site-packages/airflow/example_dags/example_branch_day_of_week_operator.py
[2024-01-21T12:14:00.174+0100] {logging_mixin.py:188} INFO - [2024-01-21T12:14:00.174+0100] {dag.py:3033} INFO - Sync 1 DAGs
[2024-01-21T12:14:00.213+0100] {logging_mixin.py:188} INFO - [2024-01-21T12:14:00.212+0100] {dag.py:3820} INFO - Setting next_dagrun for example_weekday_branch_operator to 2024-01-20T00:00:00+00:00, run_after=2024-01-21T00:00:00+00:00
[2024-01-21T12:14:00.324+0100] {processor.py:183} INFO - Processing /home/ubuntu/.local/lib/python3.10/site-packages/airflow/example_dags/example_branch_day_of_week_operator.py took 0.373 seconds
[2024-01-21T12:15:47.291+0100] {processor.py:161} INFO - Started process (PID=4767) to work on /home/ubuntu/.local/lib/python3.10/site-packages/airflow/example_dags/example_branch_day_of_week_operator.py
[2024-01-21T12:15:47.295+0100] {processor.py:830} INFO - Processing file /home/ubuntu/.local/lib/python3.10/site-packages/airflow/example_dags/example_branch_day_of_week_operator.py for tasks to queue
[2024-01-21T12:15:47.297+0100] {logging_mixin.py:188} INFO - [2024-01-21T12:15:47.296+0100] {dagbag.py:538} INFO - Filling up the DagBag from /home/ubuntu/.local/lib/python3.10/site-packages/airflow/example_dags/example_branch_day_of_week_operator.py
[2024-01-21T12:15:47.307+0100] {processor.py:840} INFO - DAG(s) 'example_weekday_branch_operator' retrieved from /home/ubuntu/.local/lib/python3.10/site-packages/airflow/example_dags/example_branch_day_of_week_operator.py
[2024-01-21T12:15:47.332+0100] {logging_mixin.py:188} INFO - [2024-01-21T12:15:47.332+0100] {dag.py:3033} INFO - Sync 1 DAGs
[2024-01-21T12:15:47.360+0100] {logging_mixin.py:188} INFO - [2024-01-21T12:15:47.360+0100] {dag.py:3820} INFO - Setting next_dagrun for example_weekday_branch_operator to 2024-01-20T00:00:00+00:00, run_after=2024-01-21T00:00:00+00:00
[2024-01-21T12:15:47.417+0100] {processor.py:183} INFO - Processing /home/ubuntu/.local/lib/python3.10/site-packages/airflow/example_dags/example_branch_day_of_week_operator.py took 0.132 seconds
[2024-01-21T12:17:58.892+0100] {processor.py:161} INFO - Started process (PID=4834) to work on /home/ubuntu/.local/lib/python3.10/site-packages/airflow/example_dags/example_branch_day_of_week_operator.py
[2024-01-21T12:17:58.897+0100] {processor.py:830} INFO - Processing file /home/ubuntu/.local/lib/python3.10/site-packages/airflow/example_dags/example_branch_day_of_week_operator.py for tasks to queue
[2024-01-21T12:17:58.899+0100] {logging_mixin.py:188} INFO - [2024-01-21T12:17:58.898+0100] {dagbag.py:538} INFO - Filling up the DagBag from /home/ubuntu/.local/lib/python3.10/site-packages/airflow/example_dags/example_branch_day_of_week_operator.py
[2024-01-21T12:17:58.919+0100] {processor.py:840} INFO - DAG(s) 'example_weekday_branch_operator' retrieved from /home/ubuntu/.local/lib/python3.10/site-packages/airflow/example_dags/example_branch_day_of_week_operator.py
[2024-01-21T12:17:58.965+0100] {logging_mixin.py:188} INFO - [2024-01-21T12:17:58.965+0100] {dag.py:3033} INFO - Sync 1 DAGs
[2024-01-21T12:17:59.038+0100] {logging_mixin.py:188} INFO - [2024-01-21T12:17:59.038+0100] {dag.py:3820} INFO - Setting next_dagrun for example_weekday_branch_operator to 2024-01-20T00:00:00+00:00, run_after=2024-01-21T00:00:00+00:00
[2024-01-21T12:17:59.110+0100] {processor.py:183} INFO - Processing /home/ubuntu/.local/lib/python3.10/site-packages/airflow/example_dags/example_branch_day_of_week_operator.py took 0.229 seconds
[2024-01-21T12:19:50.986+0100] {processor.py:161} INFO - Started process (PID=4897) to work on /home/ubuntu/.local/lib/python3.10/site-packages/airflow/example_dags/example_branch_day_of_week_operator.py
[2024-01-21T12:19:51.023+0100] {processor.py:830} INFO - Processing file /home/ubuntu/.local/lib/python3.10/site-packages/airflow/example_dags/example_branch_day_of_week_operator.py for tasks to queue
[2024-01-21T12:19:51.032+0100] {logging_mixin.py:188} INFO - [2024-01-21T12:19:51.031+0100] {dagbag.py:538} INFO - Filling up the DagBag from /home/ubuntu/.local/lib/python3.10/site-packages/airflow/example_dags/example_branch_day_of_week_operator.py
[2024-01-21T12:19:51.048+0100] {processor.py:840} INFO - DAG(s) 'example_weekday_branch_operator' retrieved from /home/ubuntu/.local/lib/python3.10/site-packages/airflow/example_dags/example_branch_day_of_week_operator.py
[2024-01-21T12:19:51.087+0100] {logging_mixin.py:188} INFO - [2024-01-21T12:19:51.086+0100] {dag.py:3033} INFO - Sync 1 DAGs
[2024-01-21T12:19:51.129+0100] {logging_mixin.py:188} INFO - [2024-01-21T12:19:51.129+0100] {dag.py:3820} INFO - Setting next_dagrun for example_weekday_branch_operator to 2024-01-20T00:00:00+00:00, run_after=2024-01-21T00:00:00+00:00
[2024-01-21T12:19:51.176+0100] {processor.py:183} INFO - Processing /home/ubuntu/.local/lib/python3.10/site-packages/airflow/example_dags/example_branch_day_of_week_operator.py took 0.200 seconds
[2024-01-21T12:21:36.914+0100] {processor.py:161} INFO - Started process (PID=4959) to work on /home/ubuntu/.local/lib/python3.10/site-packages/airflow/example_dags/example_branch_day_of_week_operator.py
[2024-01-21T12:21:36.921+0100] {processor.py:830} INFO - Processing file /home/ubuntu/.local/lib/python3.10/site-packages/airflow/example_dags/example_branch_day_of_week_operator.py for tasks to queue
[2024-01-21T12:21:36.923+0100] {logging_mixin.py:188} INFO - [2024-01-21T12:21:36.922+0100] {dagbag.py:538} INFO - Filling up the DagBag from /home/ubuntu/.local/lib/python3.10/site-packages/airflow/example_dags/example_branch_day_of_week_operator.py
[2024-01-21T12:21:36.948+0100] {processor.py:840} INFO - DAG(s) 'example_weekday_branch_operator' retrieved from /home/ubuntu/.local/lib/python3.10/site-packages/airflow/example_dags/example_branch_day_of_week_operator.py
[2024-01-21T12:21:37.008+0100] {logging_mixin.py:188} INFO - [2024-01-21T12:21:37.007+0100] {dag.py:3033} INFO - Sync 1 DAGs
[2024-01-21T12:21:37.040+0100] {logging_mixin.py:188} INFO - [2024-01-21T12:21:37.040+0100] {dag.py:3820} INFO - Setting next_dagrun for example_weekday_branch_operator to 2024-01-20T00:00:00+00:00, run_after=2024-01-21T00:00:00+00:00
[2024-01-21T12:21:37.090+0100] {processor.py:183} INFO - Processing /home/ubuntu/.local/lib/python3.10/site-packages/airflow/example_dags/example_branch_day_of_week_operator.py took 0.184 seconds
[2024-01-21T12:23:26.173+0100] {processor.py:161} INFO - Started process (PID=5046) to work on /home/ubuntu/.local/lib/python3.10/site-packages/airflow/example_dags/example_branch_day_of_week_operator.py
[2024-01-21T12:23:26.178+0100] {processor.py:830} INFO - Processing file /home/ubuntu/.local/lib/python3.10/site-packages/airflow/example_dags/example_branch_day_of_week_operator.py for tasks to queue
[2024-01-21T12:23:26.181+0100] {logging_mixin.py:188} INFO - [2024-01-21T12:23:26.180+0100] {dagbag.py:538} INFO - Filling up the DagBag from /home/ubuntu/.local/lib/python3.10/site-packages/airflow/example_dags/example_branch_day_of_week_operator.py
[2024-01-21T12:23:26.206+0100] {processor.py:840} INFO - DAG(s) 'example_weekday_branch_operator' retrieved from /home/ubuntu/.local/lib/python3.10/site-packages/airflow/example_dags/example_branch_day_of_week_operator.py
[2024-01-21T12:23:26.245+0100] {logging_mixin.py:188} INFO - [2024-01-21T12:23:26.245+0100] {dag.py:3033} INFO - Sync 1 DAGs
[2024-01-21T12:23:26.286+0100] {logging_mixin.py:188} INFO - [2024-01-21T12:23:26.285+0100] {dag.py:3820} INFO - Setting next_dagrun for example_weekday_branch_operator to 2024-01-20T00:00:00+00:00, run_after=2024-01-21T00:00:00+00:00
[2024-01-21T12:23:26.334+0100] {processor.py:183} INFO - Processing /home/ubuntu/.local/lib/python3.10/site-packages/airflow/example_dags/example_branch_day_of_week_operator.py took 0.174 seconds
[2024-01-21T12:25:08.769+0100] {processor.py:161} INFO - Started process (PID=5109) to work on /home/ubuntu/.local/lib/python3.10/site-packages/airflow/example_dags/example_branch_day_of_week_operator.py
[2024-01-21T12:25:08.781+0100] {processor.py:830} INFO - Processing file /home/ubuntu/.local/lib/python3.10/site-packages/airflow/example_dags/example_branch_day_of_week_operator.py for tasks to queue
[2024-01-21T12:25:08.783+0100] {logging_mixin.py:188} INFO - [2024-01-21T12:25:08.782+0100] {dagbag.py:538} INFO - Filling up the DagBag from /home/ubuntu/.local/lib/python3.10/site-packages/airflow/example_dags/example_branch_day_of_week_operator.py
[2024-01-21T12:25:08.795+0100] {processor.py:840} INFO - DAG(s) 'example_weekday_branch_operator' retrieved from /home/ubuntu/.local/lib/python3.10/site-packages/airflow/example_dags/example_branch_day_of_week_operator.py
[2024-01-21T12:25:08.820+0100] {logging_mixin.py:188} INFO - [2024-01-21T12:25:08.820+0100] {dag.py:3033} INFO - Sync 1 DAGs
[2024-01-21T12:25:08.847+0100] {logging_mixin.py:188} INFO - [2024-01-21T12:25:08.846+0100] {dag.py:3820} INFO - Setting next_dagrun for example_weekday_branch_operator to 2024-01-20T00:00:00+00:00, run_after=2024-01-21T00:00:00+00:00
[2024-01-21T12:25:08.903+0100] {processor.py:183} INFO - Processing /home/ubuntu/.local/lib/python3.10/site-packages/airflow/example_dags/example_branch_day_of_week_operator.py took 0.154 seconds
[2024-01-21T12:27:21.872+0100] {processor.py:161} INFO - Started process (PID=5274) to work on /home/ubuntu/.local/lib/python3.10/site-packages/airflow/example_dags/example_branch_day_of_week_operator.py
[2024-01-21T12:27:21.878+0100] {processor.py:830} INFO - Processing file /home/ubuntu/.local/lib/python3.10/site-packages/airflow/example_dags/example_branch_day_of_week_operator.py for tasks to queue
[2024-01-21T12:27:21.883+0100] {logging_mixin.py:188} INFO - [2024-01-21T12:27:21.881+0100] {dagbag.py:538} INFO - Filling up the DagBag from /home/ubuntu/.local/lib/python3.10/site-packages/airflow/example_dags/example_branch_day_of_week_operator.py
[2024-01-21T12:27:21.899+0100] {processor.py:840} INFO - DAG(s) 'example_weekday_branch_operator' retrieved from /home/ubuntu/.local/lib/python3.10/site-packages/airflow/example_dags/example_branch_day_of_week_operator.py
[2024-01-21T12:27:21.987+0100] {logging_mixin.py:188} INFO - [2024-01-21T12:27:21.986+0100] {dag.py:3033} INFO - Sync 1 DAGs
[2024-01-21T12:27:22.084+0100] {logging_mixin.py:188} INFO - [2024-01-21T12:27:22.082+0100] {dag.py:3820} INFO - Setting next_dagrun for example_weekday_branch_operator to 2024-01-20T00:00:00+00:00, run_after=2024-01-21T00:00:00+00:00
[2024-01-21T12:27:22.265+0100] {processor.py:183} INFO - Processing /home/ubuntu/.local/lib/python3.10/site-packages/airflow/example_dags/example_branch_day_of_week_operator.py took 0.404 seconds
[2024-01-21T12:29:23.091+0100] {processor.py:161} INFO - Started process (PID=5363) to work on /home/ubuntu/.local/lib/python3.10/site-packages/airflow/example_dags/example_branch_day_of_week_operator.py
[2024-01-21T12:29:23.094+0100] {processor.py:830} INFO - Processing file /home/ubuntu/.local/lib/python3.10/site-packages/airflow/example_dags/example_branch_day_of_week_operator.py for tasks to queue
[2024-01-21T12:29:23.096+0100] {logging_mixin.py:188} INFO - [2024-01-21T12:29:23.095+0100] {dagbag.py:538} INFO - Filling up the DagBag from /home/ubuntu/.local/lib/python3.10/site-packages/airflow/example_dags/example_branch_day_of_week_operator.py
[2024-01-21T12:29:23.115+0100] {processor.py:840} INFO - DAG(s) 'example_weekday_branch_operator' retrieved from /home/ubuntu/.local/lib/python3.10/site-packages/airflow/example_dags/example_branch_day_of_week_operator.py
[2024-01-21T12:29:23.236+0100] {logging_mixin.py:188} INFO - [2024-01-21T12:29:23.233+0100] {dag.py:3033} INFO - Sync 1 DAGs
[2024-01-21T12:29:23.348+0100] {logging_mixin.py:188} INFO - [2024-01-21T12:29:23.347+0100] {dag.py:3820} INFO - Setting next_dagrun for example_weekday_branch_operator to 2024-01-20T00:00:00+00:00, run_after=2024-01-21T00:00:00+00:00
[2024-01-21T12:29:23.429+0100] {processor.py:183} INFO - Processing /home/ubuntu/.local/lib/python3.10/site-packages/airflow/example_dags/example_branch_day_of_week_operator.py took 0.348 seconds
[2024-01-21T12:31:32.018+0100] {processor.py:161} INFO - Started process (PID=5472) to work on /home/ubuntu/.local/lib/python3.10/site-packages/airflow/example_dags/example_branch_day_of_week_operator.py
[2024-01-21T12:31:32.022+0100] {processor.py:830} INFO - Processing file /home/ubuntu/.local/lib/python3.10/site-packages/airflow/example_dags/example_branch_day_of_week_operator.py for tasks to queue
[2024-01-21T12:31:32.024+0100] {logging_mixin.py:188} INFO - [2024-01-21T12:31:32.023+0100] {dagbag.py:538} INFO - Filling up the DagBag from /home/ubuntu/.local/lib/python3.10/site-packages/airflow/example_dags/example_branch_day_of_week_operator.py
[2024-01-21T12:31:32.045+0100] {processor.py:840} INFO - DAG(s) 'example_weekday_branch_operator' retrieved from /home/ubuntu/.local/lib/python3.10/site-packages/airflow/example_dags/example_branch_day_of_week_operator.py
[2024-01-21T12:31:32.110+0100] {logging_mixin.py:188} INFO - [2024-01-21T12:31:32.110+0100] {dag.py:3033} INFO - Sync 1 DAGs
[2024-01-21T12:31:32.177+0100] {logging_mixin.py:188} INFO - [2024-01-21T12:31:32.177+0100] {dag.py:3820} INFO - Setting next_dagrun for example_weekday_branch_operator to 2024-01-20T00:00:00+00:00, run_after=2024-01-21T00:00:00+00:00
[2024-01-21T12:31:32.290+0100] {processor.py:183} INFO - Processing /home/ubuntu/.local/lib/python3.10/site-packages/airflow/example_dags/example_branch_day_of_week_operator.py took 0.282 seconds
[2024-01-21T12:33:59.612+0100] {processor.py:161} INFO - Started process (PID=5567) to work on /home/ubuntu/.local/lib/python3.10/site-packages/airflow/example_dags/example_branch_day_of_week_operator.py
[2024-01-21T12:33:59.622+0100] {processor.py:830} INFO - Processing file /home/ubuntu/.local/lib/python3.10/site-packages/airflow/example_dags/example_branch_day_of_week_operator.py for tasks to queue
[2024-01-21T12:33:59.630+0100] {logging_mixin.py:188} INFO - [2024-01-21T12:33:59.629+0100] {dagbag.py:538} INFO - Filling up the DagBag from /home/ubuntu/.local/lib/python3.10/site-packages/airflow/example_dags/example_branch_day_of_week_operator.py
[2024-01-21T12:33:59.693+0100] {processor.py:840} INFO - DAG(s) 'example_weekday_branch_operator' retrieved from /home/ubuntu/.local/lib/python3.10/site-packages/airflow/example_dags/example_branch_day_of_week_operator.py
[2024-01-21T12:33:59.778+0100] {logging_mixin.py:188} INFO - [2024-01-21T12:33:59.776+0100] {dag.py:3033} INFO - Sync 1 DAGs
[2024-01-21T12:33:59.878+0100] {logging_mixin.py:188} INFO - [2024-01-21T12:33:59.877+0100] {dag.py:3820} INFO - Setting next_dagrun for example_weekday_branch_operator to 2024-01-20T00:00:00+00:00, run_after=2024-01-21T00:00:00+00:00
[2024-01-21T12:33:59.964+0100] {processor.py:183} INFO - Processing /home/ubuntu/.local/lib/python3.10/site-packages/airflow/example_dags/example_branch_day_of_week_operator.py took 0.361 seconds
[2024-01-21T12:36:31.434+0100] {processor.py:161} INFO - Started process (PID=5669) to work on /home/ubuntu/.local/lib/python3.10/site-packages/airflow/example_dags/example_branch_day_of_week_operator.py
[2024-01-21T12:36:31.437+0100] {processor.py:830} INFO - Processing file /home/ubuntu/.local/lib/python3.10/site-packages/airflow/example_dags/example_branch_day_of_week_operator.py for tasks to queue
[2024-01-21T12:36:31.439+0100] {logging_mixin.py:188} INFO - [2024-01-21T12:36:31.438+0100] {dagbag.py:538} INFO - Filling up the DagBag from /home/ubuntu/.local/lib/python3.10/site-packages/airflow/example_dags/example_branch_day_of_week_operator.py
[2024-01-21T12:36:31.459+0100] {processor.py:840} INFO - DAG(s) 'example_weekday_branch_operator' retrieved from /home/ubuntu/.local/lib/python3.10/site-packages/airflow/example_dags/example_branch_day_of_week_operator.py
[2024-01-21T12:36:31.497+0100] {logging_mixin.py:188} INFO - [2024-01-21T12:36:31.497+0100] {dag.py:3033} INFO - Sync 1 DAGs
[2024-01-21T12:36:31.566+0100] {logging_mixin.py:188} INFO - [2024-01-21T12:36:31.566+0100] {dag.py:3820} INFO - Setting next_dagrun for example_weekday_branch_operator to 2024-01-20T00:00:00+00:00, run_after=2024-01-21T00:00:00+00:00
[2024-01-21T12:36:31.633+0100] {processor.py:183} INFO - Processing /home/ubuntu/.local/lib/python3.10/site-packages/airflow/example_dags/example_branch_day_of_week_operator.py took 0.208 seconds
[2024-01-21T12:38:57.897+0100] {processor.py:161} INFO - Started process (PID=5749) to work on /home/ubuntu/.local/lib/python3.10/site-packages/airflow/example_dags/example_branch_day_of_week_operator.py
[2024-01-21T12:38:57.911+0100] {processor.py:830} INFO - Processing file /home/ubuntu/.local/lib/python3.10/site-packages/airflow/example_dags/example_branch_day_of_week_operator.py for tasks to queue
[2024-01-21T12:38:57.914+0100] {logging_mixin.py:188} INFO - [2024-01-21T12:38:57.913+0100] {dagbag.py:538} INFO - Filling up the DagBag from /home/ubuntu/.local/lib/python3.10/site-packages/airflow/example_dags/example_branch_day_of_week_operator.py
[2024-01-21T12:38:57.934+0100] {processor.py:840} INFO - DAG(s) 'example_weekday_branch_operator' retrieved from /home/ubuntu/.local/lib/python3.10/site-packages/airflow/example_dags/example_branch_day_of_week_operator.py
[2024-01-21T12:38:57.972+0100] {logging_mixin.py:188} INFO - [2024-01-21T12:38:57.971+0100] {dag.py:3033} INFO - Sync 1 DAGs
[2024-01-21T12:38:58.043+0100] {logging_mixin.py:188} INFO - [2024-01-21T12:38:58.043+0100] {dag.py:3820} INFO - Setting next_dagrun for example_weekday_branch_operator to 2024-01-20T00:00:00+00:00, run_after=2024-01-21T00:00:00+00:00
[2024-01-21T12:38:58.121+0100] {processor.py:183} INFO - Processing /home/ubuntu/.local/lib/python3.10/site-packages/airflow/example_dags/example_branch_day_of_week_operator.py took 0.262 seconds
[2024-01-21T12:41:04.861+0100] {processor.py:161} INFO - Started process (PID=5818) to work on /home/ubuntu/.local/lib/python3.10/site-packages/airflow/example_dags/example_branch_day_of_week_operator.py
[2024-01-21T12:41:04.865+0100] {processor.py:830} INFO - Processing file /home/ubuntu/.local/lib/python3.10/site-packages/airflow/example_dags/example_branch_day_of_week_operator.py for tasks to queue
[2024-01-21T12:41:04.866+0100] {logging_mixin.py:188} INFO - [2024-01-21T12:41:04.865+0100] {dagbag.py:538} INFO - Filling up the DagBag from /home/ubuntu/.local/lib/python3.10/site-packages/airflow/example_dags/example_branch_day_of_week_operator.py
[2024-01-21T12:41:04.877+0100] {processor.py:840} INFO - DAG(s) 'example_weekday_branch_operator' retrieved from /home/ubuntu/.local/lib/python3.10/site-packages/airflow/example_dags/example_branch_day_of_week_operator.py
[2024-01-21T12:41:04.926+0100] {logging_mixin.py:188} INFO - [2024-01-21T12:41:04.926+0100] {dag.py:3033} INFO - Sync 1 DAGs
[2024-01-21T12:41:04.961+0100] {logging_mixin.py:188} INFO - [2024-01-21T12:41:04.961+0100] {dag.py:3820} INFO - Setting next_dagrun for example_weekday_branch_operator to 2024-01-20T00:00:00+00:00, run_after=2024-01-21T00:00:00+00:00
[2024-01-21T12:41:05.009+0100] {processor.py:183} INFO - Processing /home/ubuntu/.local/lib/python3.10/site-packages/airflow/example_dags/example_branch_day_of_week_operator.py took 0.154 seconds
