[2024-01-22T13:28:57.169+0100] {taskinstance.py:1957} INFO - Dependencies all met for dep_context=non-requeueable deps ti=<TaskInstance: jenifer.popular_movies_task manual__2024-01-22T12:28:28.076704+00:00 [queued]>
[2024-01-22T13:28:57.184+0100] {taskinstance.py:1957} INFO - Dependencies all met for dep_context=requeueable deps ti=<TaskInstance: jenifer.popular_movies_task manual__2024-01-22T12:28:28.076704+00:00 [queued]>
[2024-01-22T13:28:57.184+0100] {taskinstance.py:2171} INFO - Starting attempt 1 of 2
[2024-01-22T13:28:57.275+0100] {taskinstance.py:2192} INFO - Executing <Task(PythonOperator): popular_movies_task> on 2024-01-22 12:28:28.076704+00:00
[2024-01-22T13:28:57.286+0100] {standard_task_runner.py:60} INFO - Started process 8411 to run task
[2024-01-22T13:28:57.294+0100] {standard_task_runner.py:87} INFO - Running: ['airflow', 'tasks', 'run', 'jenifer', 'popular_movies_task', 'manual__2024-01-22T12:28:28.076704+00:00', '--job-id', '21', '--raw', '--subdir', 'DAGS_FOLDER/try_dag.py', '--cfg-path', '/tmp/tmpw8x9568x']
[2024-01-22T13:28:57.298+0100] {standard_task_runner.py:88} INFO - Job 21: Subtask popular_movies_task
[2024-01-22T13:28:57.517+0100] {task_command.py:423} INFO - Running <TaskInstance: jenifer.popular_movies_task manual__2024-01-22T12:28:28.076704+00:00 [running]> on host ubuntu.ubuntu.virtualbox.org
[2024-01-22T13:28:57.874+0100] {taskinstance.py:2481} INFO - Exporting env vars: AIRFLOW_CTX_DAG_OWNER='jenifer' AIRFLOW_CTX_DAG_ID='jenifer' AIRFLOW_CTX_TASK_ID='popular_movies_task' AIRFLOW_CTX_EXECUTION_DATE='2024-01-22T12:28:28.076704+00:00' AIRFLOW_CTX_TRY_NUMBER='1' AIRFLOW_CTX_DAG_RUN_ID='manual__2024-01-22T12:28:28.076704+00:00'
[2024-01-22T13:28:59.012+0100] {logging_mixin.py:188} INFO - Nombre: 40
[2024-01-22T13:28:59.351+0100] {logging_mixin.py:188} INFO - Nombre: 60
[2024-01-22T13:29:00.075+0100] {logging_mixin.py:188} INFO - Nombre: 80
[2024-01-22T13:29:00.554+0100] {logging_mixin.py:188} INFO - Nombre: 100
[2024-01-22T13:29:01.116+0100] {logging_mixin.py:188} INFO - Nombre: 120
[2024-01-22T13:29:01.507+0100] {logging_mixin.py:188} INFO - Nombre: 140
[2024-01-22T13:29:02.160+0100] {logging_mixin.py:188} INFO - Nombre: 160
[2024-01-22T13:29:02.588+0100] {logging_mixin.py:188} INFO - Nombre: 180
[2024-01-22T13:29:03.092+0100] {logging_mixin.py:188} INFO - Nombre: 200
[2024-01-22T13:29:03.537+0100] {logging_mixin.py:188} INFO - Nombre: 220
[2024-01-22T13:29:04.144+0100] {logging_mixin.py:188} INFO - Nombre: 240
[2024-01-22T13:29:04.785+0100] {logging_mixin.py:188} INFO - Nombre: 260
[2024-01-22T13:29:05.494+0100] {logging_mixin.py:188} INFO - Nombre: 280
[2024-01-22T13:29:06.089+0100] {logging_mixin.py:188} INFO - Nombre: 300
[2024-01-22T13:29:06.593+0100] {logging_mixin.py:188} INFO - Nombre: 320
[2024-01-22T13:29:07.342+0100] {logging_mixin.py:188} INFO - Nombre: 340
[2024-01-22T13:29:07.647+0100] {logging_mixin.py:188} INFO - Nombre: 360
[2024-01-22T13:29:08.063+0100] {logging_mixin.py:188} INFO - Nombre: 380
[2024-01-22T13:29:08.538+0100] {logging_mixin.py:188} INFO - Nombre: 400
[2024-01-22T13:29:09.087+0100] {logging_mixin.py:188} INFO - Nombre: 420
[2024-01-22T13:29:09.368+0100] {logging_mixin.py:188} INFO - Nombre: 440
[2024-01-22T13:29:09.588+0100] {logging_mixin.py:188} INFO - Nombre: 460
[2024-01-22T13:29:10.076+0100] {logging_mixin.py:188} INFO - Nombre: 480
[2024-01-22T13:29:10.315+0100] {logging_mixin.py:188} INFO - Nombre: 500
[2024-01-22T13:29:10.611+0100] {logging_mixin.py:188} INFO - Nombre: 520
[2024-01-22T13:29:11.030+0100] {logging_mixin.py:188} INFO - Nombre: 540
[2024-01-22T13:29:11.309+0100] {logging_mixin.py:188} INFO - Nombre: 560
[2024-01-22T13:29:11.612+0100] {logging_mixin.py:188} INFO - Nombre: 580
[2024-01-22T13:29:11.837+0100] {logging_mixin.py:188} INFO - Nombre: 600
[2024-01-22T13:29:12.321+0100] {logging_mixin.py:188} INFO - Nombre: 620
[2024-01-22T13:29:12.591+0100] {logging_mixin.py:188} INFO - Nombre: 640
[2024-01-22T13:29:12.762+0100] {logging_mixin.py:188} INFO - Nombre: 660
[2024-01-22T13:29:13.164+0100] {logging_mixin.py:188} INFO - Nombre: 680
[2024-01-22T13:29:13.684+0100] {logging_mixin.py:188} INFO - Nombre: 700
[2024-01-22T13:29:14.168+0100] {logging_mixin.py:188} INFO - Nombre: 720
[2024-01-22T13:29:14.794+0100] {logging_mixin.py:188} INFO - Nombre: 740
[2024-01-22T13:29:15.120+0100] {logging_mixin.py:188} INFO - Nombre: 760
[2024-01-22T13:29:15.605+0100] {logging_mixin.py:188} INFO - Nombre: 780
[2024-01-22T13:29:16.038+0100] {logging_mixin.py:188} INFO - Nombre: 800
[2024-01-22T13:29:16.341+0100] {logging_mixin.py:188} INFO - Nombre: 820
[2024-01-22T13:29:16.928+0100] {logging_mixin.py:188} INFO - Nombre: 840
[2024-01-22T13:29:17.146+0100] {logging_mixin.py:188} INFO - Nombre: 860
[2024-01-22T13:29:17.542+0100] {logging_mixin.py:188} INFO - Nombre: 880
[2024-01-22T13:29:17.985+0100] {logging_mixin.py:188} INFO - Nombre: 900
[2024-01-22T13:29:18.203+0100] {logging_mixin.py:188} INFO - Nombre: 920
[2024-01-22T13:29:18.599+0100] {logging_mixin.py:188} INFO - Nombre: 940
[2024-01-22T13:29:18.996+0100] {logging_mixin.py:188} INFO - Nombre: 960
[2024-01-22T13:29:19.348+0100] {logging_mixin.py:188} INFO - Nombre: 980
[2024-01-22T13:29:19.729+0100] {logging_mixin.py:188} INFO - Nombre: 1000
[2024-01-22T13:29:20.100+0100] {logging_mixin.py:188} INFO - Nombre: 1020
[2024-01-22T13:29:20.410+0100] {logging_mixin.py:188} INFO - Nombre: 1040
[2024-01-22T13:29:20.739+0100] {logging_mixin.py:188} INFO - Nombre: 1060
[2024-01-22T13:29:21.056+0100] {logging_mixin.py:188} INFO - Nombre: 1080
[2024-01-22T13:29:21.371+0100] {logging_mixin.py:188} INFO - Nombre: 1100
[2024-01-22T13:29:21.853+0100] {logging_mixin.py:188} INFO - Nombre: 1120
[2024-01-22T13:29:22.185+0100] {logging_mixin.py:188} INFO - Nombre: 1140
[2024-01-22T13:29:22.492+0100] {logging_mixin.py:188} INFO - Nombre: 1160
[2024-01-22T13:29:22.896+0100] {logging_mixin.py:188} INFO - Nombre: 1180
[2024-01-22T13:29:23.207+0100] {logging_mixin.py:188} INFO - Nombre: 1200
[2024-01-22T13:29:23.658+0100] {logging_mixin.py:188} INFO - Nombre: 1220
[2024-01-22T13:29:24.027+0100] {logging_mixin.py:188} INFO - Nombre: 1240
[2024-01-22T13:29:24.242+0100] {logging_mixin.py:188} INFO - Nombre: 1260
[2024-01-22T13:29:24.436+0100] {logging_mixin.py:188} INFO - Nombre: 1280
[2024-01-22T13:29:24.717+0100] {logging_mixin.py:188} INFO - Nombre: 1300
[2024-01-22T13:29:25.118+0100] {logging_mixin.py:188} INFO - Nombre: 1320
[2024-01-22T13:29:25.256+0100] {logging_mixin.py:188} INFO - Nombre: 1340
[2024-01-22T13:29:25.452+0100] {logging_mixin.py:188} INFO - Nombre: 1360
[2024-01-22T13:29:25.909+0100] {logging_mixin.py:188} INFO - Nombre: 1380
[2024-01-22T13:29:26.080+0100] {logging_mixin.py:188} INFO - Nombre: 1400
[2024-01-22T13:29:26.510+0100] {logging_mixin.py:188} INFO - Nombre: 1420
[2024-01-22T13:29:27.112+0100] {logging_mixin.py:188} INFO - Nombre: 1440
[2024-01-22T13:29:27.511+0100] {logging_mixin.py:188} INFO - Nombre: 1460
[2024-01-22T13:29:28.025+0100] {logging_mixin.py:188} INFO - Nombre: 1480
[2024-01-22T13:29:28.642+0100] {logging_mixin.py:188} INFO - Nombre: 1500
[2024-01-22T13:29:29.377+0100] {logging_mixin.py:188} INFO - Nombre: 1520
[2024-01-22T13:29:29.893+0100] {logging_mixin.py:188} INFO - Nombre: 1540
[2024-01-22T13:29:30.147+0100] {logging_mixin.py:188} INFO - Nombre: 1560
[2024-01-22T13:29:30.485+0100] {logging_mixin.py:188} INFO - Nombre: 1580
[2024-01-22T13:29:30.983+0100] {logging_mixin.py:188} INFO - Nombre: 1600
[2024-01-22T13:29:31.390+0100] {logging_mixin.py:188} INFO - Nombre: 1620
[2024-01-22T13:29:31.716+0100] {logging_mixin.py:188} INFO - Nombre: 1640
[2024-01-22T13:29:32.404+0100] {logging_mixin.py:188} INFO - Nombre: 1660
[2024-01-22T13:29:32.821+0100] {logging_mixin.py:188} INFO - Nombre: 1680
[2024-01-22T13:29:33.452+0100] {logging_mixin.py:188} INFO - Nombre: 1700
[2024-01-22T13:29:33.996+0100] {logging_mixin.py:188} INFO - Nombre: 1720
[2024-01-22T13:29:34.266+0100] {logging_mixin.py:188} INFO - Nombre: 1740
[2024-01-22T13:29:34.663+0100] {logging_mixin.py:188} INFO - Nombre: 1760
[2024-01-22T13:29:35.203+0100] {logging_mixin.py:188} INFO - Nombre: 1780
[2024-01-22T13:29:35.485+0100] {logging_mixin.py:188} INFO - Nombre: 1800
[2024-01-22T13:29:35.777+0100] {logging_mixin.py:188} INFO - Nombre: 1820
[2024-01-22T13:29:36.326+0100] {logging_mixin.py:188} INFO - Nombre: 1840
[2024-01-22T13:29:36.641+0100] {logging_mixin.py:188} INFO - Nombre: 1860
[2024-01-22T13:29:37.042+0100] {logging_mixin.py:188} INFO - Nombre: 1880
[2024-01-22T13:29:37.407+0100] {logging_mixin.py:188} INFO - Nombre: 1900
[2024-01-22T13:29:37.618+0100] {logging_mixin.py:188} INFO - Nombre: 1920
[2024-01-22T13:29:38.046+0100] {logging_mixin.py:188} INFO - Nombre: 1940
[2024-01-22T13:29:38.264+0100] {logging_mixin.py:188} INFO - Nombre: 1960
[2024-01-22T13:29:38.554+0100] {logging_mixin.py:188} INFO - Nombre: 1980
[2024-01-22T13:29:38.778+0100] {logging_mixin.py:188} INFO - Nombre: 2000
[2024-01-22T13:29:39.295+0100] {logging_mixin.py:188} INFO - Nombre: 2020
[2024-01-22T13:29:39.668+0100] {logging_mixin.py:188} INFO - Nombre: 2040
[2024-01-22T13:29:40.151+0100] {logging_mixin.py:188} INFO - Nombre: 2060
[2024-01-22T13:29:40.620+0100] {logging_mixin.py:188} INFO - Nombre: 2080
[2024-01-22T13:29:41.119+0100] {logging_mixin.py:188} INFO - Nombre: 2100
[2024-01-22T13:29:41.640+0100] {logging_mixin.py:188} INFO - Nombre: 2120
[2024-01-22T13:29:42.143+0100] {logging_mixin.py:188} INFO - Nombre: 2140
[2024-01-22T13:29:42.563+0100] {logging_mixin.py:188} INFO - Nombre: 2160
[2024-01-22T13:29:43.203+0100] {logging_mixin.py:188} INFO - Nombre: 2180
[2024-01-22T13:29:43.749+0100] {logging_mixin.py:188} INFO - Nombre: 2200
[2024-01-22T13:29:44.272+0100] {logging_mixin.py:188} INFO - Nombre: 2220
[2024-01-22T13:29:44.689+0100] {logging_mixin.py:188} INFO - Nombre: 2240
[2024-01-22T13:29:45.736+0100] {logging_mixin.py:188} INFO - Nombre: 2260
[2024-01-22T13:29:46.578+0100] {logging_mixin.py:188} INFO - Nombre: 2280
[2024-01-22T13:29:46.956+0100] {logging_mixin.py:188} INFO - Nombre: 2300
[2024-01-22T13:29:47.349+0100] {logging_mixin.py:188} INFO - Nombre: 2320
[2024-01-22T13:29:47.957+0100] {logging_mixin.py:188} INFO - Nombre: 2340
[2024-01-22T13:29:48.378+0100] {logging_mixin.py:188} INFO - Nombre: 2360
[2024-01-22T13:29:48.813+0100] {logging_mixin.py:188} INFO - Nombre: 2380
[2024-01-22T13:29:49.431+0100] {logging_mixin.py:188} INFO - Nombre: 2400
[2024-01-22T13:29:50.038+0100] {logging_mixin.py:188} INFO - Nombre: 2420
[2024-01-22T13:29:50.813+0100] {logging_mixin.py:188} INFO - Nombre: 2440
[2024-01-22T13:29:51.247+0100] {logging_mixin.py:188} INFO - Nombre: 2460
[2024-01-22T13:29:51.902+0100] {logging_mixin.py:188} INFO - Nombre: 2480
[2024-01-22T13:29:52.391+0100] {logging_mixin.py:188} INFO - Nombre: 2500
[2024-01-22T13:29:53.146+0100] {logging_mixin.py:188} INFO - Nombre: 2520
[2024-01-22T13:29:53.630+0100] {logging_mixin.py:188} INFO - Nombre: 2540
[2024-01-22T13:29:54.280+0100] {logging_mixin.py:188} INFO - Nombre: 2560
[2024-01-22T13:29:55.010+0100] {logging_mixin.py:188} INFO - Nombre: 2580
[2024-01-22T13:29:56.177+0100] {logging_mixin.py:188} INFO - Nombre: 2600
[2024-01-22T13:29:56.981+0100] {logging_mixin.py:188} INFO - Nombre: 2620
[2024-01-22T13:29:57.517+0100] {logging_mixin.py:188} INFO - Nombre: 2640
[2024-01-22T13:29:58.011+0100] {logging_mixin.py:188} INFO - Nombre: 2660
[2024-01-22T13:29:58.787+0100] {logging_mixin.py:188} INFO - Nombre: 2680
[2024-01-22T13:29:59.353+0100] {logging_mixin.py:188} INFO - Nombre: 2700
[2024-01-22T13:29:59.936+0100] {logging_mixin.py:188} INFO - Nombre: 2720
[2024-01-22T13:30:00.265+0100] {logging_mixin.py:188} INFO - Nombre: 2740
[2024-01-22T13:30:00.626+0100] {logging_mixin.py:188} INFO - Nombre: 2760
[2024-01-22T13:30:01.172+0100] {logging_mixin.py:188} INFO - Nombre: 2780
[2024-01-22T13:30:01.802+0100] {logging_mixin.py:188} INFO - Nombre: 2800
[2024-01-22T13:30:02.236+0100] {logging_mixin.py:188} INFO - Nombre: 2820
[2024-01-22T13:30:02.641+0100] {logging_mixin.py:188} INFO - Nombre: 2840
[2024-01-22T13:30:03.152+0100] {logging_mixin.py:188} INFO - Nombre: 2860
[2024-01-22T13:30:03.522+0100] {logging_mixin.py:188} INFO - Nombre: 2880
[2024-01-22T13:30:04.094+0100] {logging_mixin.py:188} INFO - Nombre: 2900
[2024-01-22T13:30:04.482+0100] {logging_mixin.py:188} INFO - Nombre: 2920
[2024-01-22T13:30:04.978+0100] {logging_mixin.py:188} INFO - Nombre: 2940
[2024-01-22T13:30:05.331+0100] {logging_mixin.py:188} INFO - Nombre: 2960
[2024-01-22T13:30:05.759+0100] {logging_mixin.py:188} INFO - Nombre: 2980
[2024-01-22T13:30:06.249+0100] {logging_mixin.py:188} INFO - Nombre: 3000
[2024-01-22T13:30:07.010+0100] {logging_mixin.py:188} INFO - Nombre: 3020
[2024-01-22T13:30:07.454+0100] {logging_mixin.py:188} INFO - Nombre: 3040
[2024-01-22T13:30:08.152+0100] {logging_mixin.py:188} INFO - Nombre: 3060
[2024-01-22T13:30:09.078+0100] {logging_mixin.py:188} INFO - Nombre: 3080
[2024-01-22T13:30:09.630+0100] {logging_mixin.py:188} INFO - Nombre: 3100
[2024-01-22T13:30:10.115+0100] {logging_mixin.py:188} INFO - Nombre: 3120
[2024-01-22T13:30:10.598+0100] {logging_mixin.py:188} INFO - Nombre: 3140
[2024-01-22T13:30:11.057+0100] {logging_mixin.py:188} INFO - Nombre: 3160
[2024-01-22T13:30:11.455+0100] {logging_mixin.py:188} INFO - Nombre: 3180
[2024-01-22T13:30:12.074+0100] {logging_mixin.py:188} INFO - Nombre: 3200
[2024-01-22T13:30:12.563+0100] {logging_mixin.py:188} INFO - Nombre: 3220
[2024-01-22T13:30:12.969+0100] {logging_mixin.py:188} INFO - Nombre: 3240
[2024-01-22T13:30:13.431+0100] {logging_mixin.py:188} INFO - Nombre: 3260
[2024-01-22T13:30:13.721+0100] {logging_mixin.py:188} INFO - Nombre: 3280
[2024-01-22T13:30:14.491+0100] {logging_mixin.py:188} INFO - Nombre: 3300
[2024-01-22T13:30:15.083+0100] {logging_mixin.py:188} INFO - Nombre: 3320
[2024-01-22T13:30:15.502+0100] {logging_mixin.py:188} INFO - Nombre: 3340
[2024-01-22T13:30:16.034+0100] {logging_mixin.py:188} INFO - Nombre: 3360
[2024-01-22T13:30:17.357+0100] {logging_mixin.py:188} INFO - Nombre: 3380
[2024-01-22T13:30:18.296+0100] {logging_mixin.py:188} INFO - Nombre: 3400
[2024-01-22T13:30:19.533+0100] {logging_mixin.py:188} INFO - Nombre: 3420
[2024-01-22T13:30:21.002+0100] {logging_mixin.py:188} INFO - Nombre: 3440
[2024-01-22T13:30:21.981+0100] {logging_mixin.py:188} INFO - Nombre: 3460
[2024-01-22T13:30:22.502+0100] {logging_mixin.py:188} INFO - Nombre: 3480
[2024-01-22T13:30:23.124+0100] {logging_mixin.py:188} INFO - Nombre: 3500
[2024-01-22T13:30:23.856+0100] {logging_mixin.py:188} INFO - Nombre: 3520
[2024-01-22T13:30:24.264+0100] {logging_mixin.py:188} INFO - Nombre: 3540
[2024-01-22T13:30:24.619+0100] {logging_mixin.py:188} INFO - Nombre: 3560
[2024-01-22T13:30:25.442+0100] {logging_mixin.py:188} INFO - Nombre: 3580
[2024-01-22T13:30:26.010+0100] {logging_mixin.py:188} INFO - Nombre: 3600
[2024-01-22T13:30:26.517+0100] {logging_mixin.py:188} INFO - Nombre: 3620
[2024-01-22T13:30:27.099+0100] {logging_mixin.py:188} INFO - Nombre: 3640
[2024-01-22T13:30:27.508+0100] {logging_mixin.py:188} INFO - Nombre: 3660
[2024-01-22T13:30:28.015+0100] {logging_mixin.py:188} INFO - Nombre: 3680
[2024-01-22T13:30:28.435+0100] {logging_mixin.py:188} INFO - Nombre: 3700
[2024-01-22T13:30:29.049+0100] {logging_mixin.py:188} INFO - Nombre: 3720
[2024-01-22T13:30:29.581+0100] {logging_mixin.py:188} INFO - Nombre: 3740
[2024-01-22T13:30:30.460+0100] {logging_mixin.py:188} INFO - Nombre: 3760
[2024-01-22T13:30:31.101+0100] {logging_mixin.py:188} INFO - Nombre: 3780
[2024-01-22T13:30:31.630+0100] {logging_mixin.py:188} INFO - Nombre: 3800
[2024-01-22T13:30:32.499+0100] {logging_mixin.py:188} INFO - Nombre: 3820
[2024-01-22T13:30:33.041+0100] {logging_mixin.py:188} INFO - Nombre: 3840
[2024-01-22T13:30:33.542+0100] {logging_mixin.py:188} INFO - Nombre: 3860
[2024-01-22T13:30:33.978+0100] {logging_mixin.py:188} INFO - Nombre: 3880
[2024-01-22T13:30:34.283+0100] {logging_mixin.py:188} INFO - Nombre: 3900
[2024-01-22T13:30:34.784+0100] {logging_mixin.py:188} INFO - Nombre: 3920
[2024-01-22T13:30:35.411+0100] {logging_mixin.py:188} INFO - Nombre: 3940
[2024-01-22T13:30:36.017+0100] {logging_mixin.py:188} INFO - Nombre: 3960
[2024-01-22T13:30:36.461+0100] {logging_mixin.py:188} INFO - Nombre: 3980
[2024-01-22T13:30:37.040+0100] {logging_mixin.py:188} INFO - Nombre: 4000
[2024-01-22T13:30:37.468+0100] {logging_mixin.py:188} INFO - Nombre: 4020
[2024-01-22T13:30:38.095+0100] {logging_mixin.py:188} INFO - Nombre: 4040
[2024-01-22T13:30:38.463+0100] {logging_mixin.py:188} INFO - Nombre: 4060
[2024-01-22T13:30:38.744+0100] {logging_mixin.py:188} INFO - Nombre: 4080
[2024-01-22T13:30:39.281+0100] {logging_mixin.py:188} INFO - Nombre: 4100
[2024-01-22T13:30:39.563+0100] {logging_mixin.py:188} INFO - Nombre: 4120
[2024-01-22T13:30:40.092+0100] {logging_mixin.py:188} INFO - Nombre: 4140
[2024-01-22T13:30:41.346+0100] {logging_mixin.py:188} INFO - Nombre: 4160
[2024-01-22T13:30:41.615+0100] {logging_mixin.py:188} INFO - Nombre: 4180
[2024-01-22T13:30:41.840+0100] {logging_mixin.py:188} INFO - Nombre: 4200
[2024-01-22T13:30:42.269+0100] {logging_mixin.py:188} INFO - Nombre: 4220
[2024-01-22T13:30:42.765+0100] {logging_mixin.py:188} INFO - Nombre: 4240
[2024-01-22T13:30:43.289+0100] {logging_mixin.py:188} INFO - Nombre: 4260
[2024-01-22T13:30:43.810+0100] {logging_mixin.py:188} INFO - Nombre: 4280
[2024-01-22T13:30:44.497+0100] {logging_mixin.py:188} INFO - Nombre: 4300
[2024-01-22T13:30:45.093+0100] {logging_mixin.py:188} INFO - Nombre: 4320
[2024-01-22T13:30:45.401+0100] {logging_mixin.py:188} INFO - Nombre: 4340
[2024-01-22T13:30:45.734+0100] {logging_mixin.py:188} INFO - Nombre: 4360
[2024-01-22T13:30:46.384+0100] {logging_mixin.py:188} INFO - Nombre: 4380
[2024-01-22T13:30:46.669+0100] {logging_mixin.py:188} INFO - Nombre: 4400
[2024-01-22T13:30:47.336+0100] {logging_mixin.py:188} INFO - Nombre: 4420
[2024-01-22T13:30:48.512+0100] {logging_mixin.py:188} INFO - Nombre: 4440
[2024-01-22T13:30:49.219+0100] {logging_mixin.py:188} INFO - Nombre: 4460
[2024-01-22T13:30:49.763+0100] {logging_mixin.py:188} INFO - Nombre: 4480
[2024-01-22T13:30:50.567+0100] {logging_mixin.py:188} INFO - Nombre: 4500
[2024-01-22T13:30:51.368+0100] {logging_mixin.py:188} INFO - Nombre: 4520
[2024-01-22T13:30:52.895+0100] {logging_mixin.py:188} INFO - Nombre: 4540
[2024-01-22T13:30:53.837+0100] {logging_mixin.py:188} INFO - Nombre: 4560
[2024-01-22T13:30:54.688+0100] {logging_mixin.py:188} INFO - Nombre: 4580
[2024-01-22T13:30:55.606+0100] {logging_mixin.py:188} INFO - Nombre: 4600
[2024-01-22T13:30:55.987+0100] {logging_mixin.py:188} INFO - Nombre: 4620
[2024-01-22T13:30:56.915+0100] {logging_mixin.py:188} INFO - Nombre: 4640
[2024-01-22T13:30:58.572+0100] {logging_mixin.py:188} INFO - Nombre: 4660
[2024-01-22T13:31:00.879+0100] {logging_mixin.py:188} INFO - Nombre: 4680
[2024-01-22T13:31:22.752+0100] {logging_mixin.py:188} INFO - Nombre: 4700
[2024-01-22T13:31:31.836+0100] {logging_mixin.py:188} INFO - Nombre: 4720
[2024-01-22T13:32:07.996+0100] {logging_mixin.py:188} INFO - Nombre: 4740
[2024-01-22T13:32:08.497+0100] {logging_mixin.py:188} INFO - Nombre: 4760
[2024-01-22T13:32:09.936+0100] {logging_mixin.py:188} INFO - Nombre: 4780
[2024-01-22T13:32:11.761+0100] {logging_mixin.py:188} INFO - Nombre: 4800
[2024-01-22T13:32:12.347+0100] {logging_mixin.py:188} INFO - Nombre: 4820
[2024-01-22T13:32:12.922+0100] {logging_mixin.py:188} INFO - Nombre: 4840
[2024-01-22T13:32:13.544+0100] {logging_mixin.py:188} INFO - Nombre: 4860
[2024-01-22T13:32:13.978+0100] {logging_mixin.py:188} INFO - Nombre: 4880
[2024-01-22T13:32:14.497+0100] {logging_mixin.py:188} INFO - Nombre: 4900
[2024-01-22T13:32:14.866+0100] {logging_mixin.py:188} INFO - Nombre: 4920
[2024-01-22T13:32:15.851+0100] {logging_mixin.py:188} INFO - Nombre: 4940
[2024-01-22T13:32:16.997+0100] {logging_mixin.py:188} INFO - Nombre: 4960
[2024-01-22T13:32:18.065+0100] {logging_mixin.py:188} INFO - Nombre: 4980
[2024-01-22T13:32:18.536+0100] {logging_mixin.py:188} INFO - Nombre: 5000
[2024-01-22T13:32:18.792+0100] {logging_mixin.py:188} INFO - Nombre: 5020
[2024-01-22T13:32:19.537+0100] {logging_mixin.py:188} INFO - Nombre: 5040
[2024-01-22T13:32:20.137+0100] {logging_mixin.py:188} INFO - Nombre: 5060
[2024-01-22T13:32:20.576+0100] {logging_mixin.py:188} INFO - Nombre: 5080
[2024-01-22T13:32:21.087+0100] {logging_mixin.py:188} INFO - Nombre: 5100
[2024-01-22T13:32:23.167+0100] {logging_mixin.py:188} INFO - Nombre: 5120
[2024-01-22T13:32:23.760+0100] {logging_mixin.py:188} INFO - Nombre: 5140
[2024-01-22T13:32:24.381+0100] {logging_mixin.py:188} INFO - Nombre: 5160
[2024-01-22T13:32:25.070+0100] {logging_mixin.py:188} INFO - Nombre: 5180
[2024-01-22T13:32:26.046+0100] {logging_mixin.py:188} INFO - Nombre: 5200
[2024-01-22T13:32:26.423+0100] {logging_mixin.py:188} INFO - Nombre: 5220
[2024-01-22T13:32:26.835+0100] {logging_mixin.py:188} INFO - Nombre: 5240
[2024-01-22T13:32:28.453+0100] {logging_mixin.py:188} INFO - Nombre: 5260
[2024-01-22T13:32:30.418+0100] {logging_mixin.py:188} INFO - Nombre: 5280
[2024-01-22T13:32:31.629+0100] {logging_mixin.py:188} INFO - Nombre: 5300
[2024-01-22T13:32:32.442+0100] {logging_mixin.py:188} INFO - Nombre: 5320
[2024-01-22T13:32:34.469+0100] {logging_mixin.py:188} INFO - Nombre: 5340
[2024-01-22T13:32:35.018+0100] {logging_mixin.py:188} INFO - Nombre: 5360
[2024-01-22T13:32:35.628+0100] {logging_mixin.py:188} INFO - Nombre: 5380
[2024-01-22T13:32:36.035+0100] {logging_mixin.py:188} INFO - Nombre: 5400
[2024-01-22T13:32:36.712+0100] {logging_mixin.py:188} INFO - Nombre: 5420
[2024-01-22T13:32:37.133+0100] {logging_mixin.py:188} INFO - Nombre: 5440
[2024-01-22T13:32:38.887+0100] {logging_mixin.py:188} INFO - Nombre: 5460
[2024-01-22T13:32:41.257+0100] {logging_mixin.py:188} INFO - Nombre: 5480
[2024-01-22T13:32:41.831+0100] {logging_mixin.py:188} INFO - Nombre: 5500
[2024-01-22T13:32:42.254+0100] {logging_mixin.py:188} INFO - Nombre: 5520
[2024-01-22T13:32:46.956+0100] {logging_mixin.py:188} INFO - Nombre: 5540
[2024-01-22T13:32:47.613+0100] {logging_mixin.py:188} INFO - Nombre: 5560
[2024-01-22T13:32:48.042+0100] {logging_mixin.py:188} INFO - Nombre: 5580
[2024-01-22T13:32:48.643+0100] {logging_mixin.py:188} INFO - Nombre: 5600
[2024-01-22T13:32:49.105+0100] {logging_mixin.py:188} INFO - Nombre: 5620
[2024-01-22T13:32:49.614+0100] {logging_mixin.py:188} INFO - Nombre: 5640
[2024-01-22T13:32:50.069+0100] {logging_mixin.py:188} INFO - Nombre: 5660
[2024-01-22T13:32:52.221+0100] {logging_mixin.py:188} INFO - Nombre: 5680
[2024-01-22T13:32:53.025+0100] {logging_mixin.py:188} INFO - Nombre: 5700
[2024-01-22T13:32:53.609+0100] {logging_mixin.py:188} INFO - Nombre: 5720
[2024-01-22T13:32:54.166+0100] {logging_mixin.py:188} INFO - Nombre: 5740
[2024-01-22T13:32:54.633+0100] {logging_mixin.py:188} INFO - Nombre: 5760
[2024-01-22T13:32:55.246+0100] {logging_mixin.py:188} INFO - Nombre: 5780
[2024-01-22T13:32:55.661+0100] {logging_mixin.py:188} INFO - Nombre: 5800
[2024-01-22T13:32:56.445+0100] {logging_mixin.py:188} INFO - Nombre: 5820
[2024-01-22T13:32:58.833+0100] {logging_mixin.py:188} INFO - Nombre: 5840
[2024-01-22T13:33:00.571+0100] {logging_mixin.py:188} INFO - Nombre: 5860
[2024-01-22T13:33:01.133+0100] {logging_mixin.py:188} INFO - Nombre: 5880
[2024-01-22T13:33:01.826+0100] {logging_mixin.py:188} INFO - Nombre: 5900
[2024-01-22T13:33:04.003+0100] {logging_mixin.py:188} INFO - Nombre: 5920
[2024-01-22T13:33:05.006+0100] {logging_mixin.py:188} INFO - Nombre: 5940
[2024-01-22T13:33:05.721+0100] {logging_mixin.py:188} INFO - Nombre: 5960
[2024-01-22T13:33:06.232+0100] {logging_mixin.py:188} INFO - Nombre: 5980
[2024-01-22T13:33:06.637+0100] {logging_mixin.py:188} INFO - Nombre: 6000
[2024-01-22T13:33:07.197+0100] {logging_mixin.py:188} INFO - Nombre: 6020
[2024-01-22T13:33:09.406+0100] {logging_mixin.py:188} INFO - Nombre: 6040
[2024-01-22T13:33:10.858+0100] {logging_mixin.py:188} INFO - Nombre: 6060
[2024-01-22T13:33:11.489+0100] {logging_mixin.py:188} INFO - Nombre: 6080
[2024-01-22T13:33:12.270+0100] {logging_mixin.py:188} INFO - Nombre: 6100
[2024-01-22T13:33:12.709+0100] {logging_mixin.py:188} INFO - Nombre: 6120
[2024-01-22T13:33:13.559+0100] {logging_mixin.py:188} INFO - Nombre: 6140
[2024-01-22T13:33:19.782+0100] {logging_mixin.py:188} INFO - Nombre: 6160
[2024-01-22T13:33:21.911+0100] {logging_mixin.py:188} INFO - Nombre: 6180
[2024-01-22T13:33:22.561+0100] {logging_mixin.py:188} INFO - Nombre: 6200
[2024-01-22T13:33:22.901+0100] {logging_mixin.py:188} INFO - Nombre: 6220
[2024-01-22T13:33:23.267+0100] {logging_mixin.py:188} INFO - Nombre: 6240
[2024-01-22T13:33:26.525+0100] {logging_mixin.py:188} INFO - Nombre: 6260
[2024-01-22T13:33:27.055+0100] {logging_mixin.py:188} INFO - Nombre: 6280
[2024-01-22T13:33:27.780+0100] {logging_mixin.py:188} INFO - Nombre: 6300
[2024-01-22T13:33:31.612+0100] {logging_mixin.py:188} INFO - Nombre: 6320
[2024-01-22T13:33:32.159+0100] {logging_mixin.py:188} INFO - Nombre: 6340
[2024-01-22T13:33:34.491+0100] {logging_mixin.py:188} INFO - Nombre: 6360
[2024-01-22T13:33:37.471+0100] {logging_mixin.py:188} INFO - Nombre: 6380
[2024-01-22T13:33:37.897+0100] {logging_mixin.py:188} INFO - Nombre: 6400
[2024-01-22T13:33:38.574+0100] {logging_mixin.py:188} INFO - Nombre: 6420
[2024-01-22T13:33:40.581+0100] {logging_mixin.py:188} INFO - Nombre: 6440
[2024-01-22T13:33:45.330+0100] {logging_mixin.py:188} INFO - Nombre: 6460
[2024-01-22T13:33:52.284+0100] {logging_mixin.py:188} INFO - Nombre: 6480
[2024-01-22T13:33:53.693+0100] {logging_mixin.py:188} INFO - Nombre: 6500
[2024-01-22T13:33:58.472+0100] {logging_mixin.py:188} INFO - Nombre: 6520
[2024-01-22T13:34:02.615+0100] {logging_mixin.py:188} INFO - Nombre: 6540
[2024-01-22T13:34:07.656+0100] {logging_mixin.py:188} INFO - Nombre: 6560
[2024-01-22T13:34:18.522+0100] {logging_mixin.py:188} INFO - Nombre: 6580
[2024-01-22T13:34:37.831+0100] {logging_mixin.py:188} INFO - Nombre: 6600
[2024-01-22T13:34:40.426+0100] {logging_mixin.py:188} INFO - Nombre: 6620
[2024-01-22T13:34:43.332+0100] {logging_mixin.py:188} INFO - Nombre: 6640
[2024-01-22T13:34:44.708+0100] {logging_mixin.py:188} INFO - Nombre: 6660
[2024-01-22T13:34:46.449+0100] {logging_mixin.py:188} INFO - Nombre: 6680
[2024-01-22T13:34:47.294+0100] {logging_mixin.py:188} INFO - Nombre: 6700
[2024-01-22T13:34:47.836+0100] {logging_mixin.py:188} INFO - Nombre: 6720
[2024-01-22T13:34:48.454+0100] {logging_mixin.py:188} INFO - Nombre: 6740
[2024-01-22T13:34:49.035+0100] {logging_mixin.py:188} INFO - Nombre: 6760
[2024-01-22T13:34:49.506+0100] {logging_mixin.py:188} INFO - Nombre: 6780
[2024-01-22T13:34:49.978+0100] {logging_mixin.py:188} INFO - Nombre: 6800
[2024-01-22T13:34:50.712+0100] {logging_mixin.py:188} INFO - Nombre: 6820
[2024-01-22T13:34:51.390+0100] {logging_mixin.py:188} INFO - Nombre: 6840
[2024-01-22T13:34:51.899+0100] {logging_mixin.py:188} INFO - Nombre: 6860
[2024-01-22T13:34:52.322+0100] {logging_mixin.py:188} INFO - Nombre: 6880
[2024-01-22T13:34:52.979+0100] {logging_mixin.py:188} INFO - Nombre: 6900
[2024-01-22T13:34:53.381+0100] {logging_mixin.py:188} INFO - Nombre: 6920
[2024-01-22T13:34:54.036+0100] {logging_mixin.py:188} INFO - Nombre: 6940
[2024-01-22T13:34:54.488+0100] {logging_mixin.py:188} INFO - Nombre: 6960
[2024-01-22T13:34:54.998+0100] {logging_mixin.py:188} INFO - Nombre: 6980
[2024-01-22T13:34:56.286+0100] {logging_mixin.py:188} INFO - Nombre: 7000
[2024-01-22T13:34:56.816+0100] {logging_mixin.py:188} INFO - Nombre: 7020
[2024-01-22T13:34:57.438+0100] {logging_mixin.py:188} INFO - Nombre: 7040
[2024-01-22T13:34:57.973+0100] {logging_mixin.py:188} INFO - Nombre: 7060
[2024-01-22T13:34:58.453+0100] {logging_mixin.py:188} INFO - Nombre: 7080
[2024-01-22T13:34:58.841+0100] {logging_mixin.py:188} INFO - Nombre: 7100
[2024-01-22T13:34:59.317+0100] {logging_mixin.py:188} INFO - Nombre: 7120
[2024-01-22T13:34:59.838+0100] {logging_mixin.py:188} INFO - Nombre: 7140
[2024-01-22T13:35:00.450+0100] {logging_mixin.py:188} INFO - Nombre: 7160
[2024-01-22T13:35:01.723+0100] {logging_mixin.py:188} INFO - Nombre: 7180
[2024-01-22T13:35:02.241+0100] {logging_mixin.py:188} INFO - Nombre: 7200
[2024-01-22T13:35:02.866+0100] {logging_mixin.py:188} INFO - Nombre: 7220
[2024-01-22T13:35:03.374+0100] {logging_mixin.py:188} INFO - Nombre: 7240
[2024-01-22T13:35:04.218+0100] {logging_mixin.py:188} INFO - Nombre: 7260
[2024-01-22T13:35:04.900+0100] {logging_mixin.py:188} INFO - Nombre: 7280
[2024-01-22T13:35:10.856+0100] {logging_mixin.py:188} INFO - Nombre: 7300
[2024-01-22T13:35:11.362+0100] {logging_mixin.py:188} INFO - Nombre: 7320
[2024-01-22T13:35:12.742+0100] {logging_mixin.py:188} INFO - Nombre: 7340
[2024-01-22T13:35:13.181+0100] {logging_mixin.py:188} INFO - Nombre: 7360
[2024-01-22T13:35:13.701+0100] {logging_mixin.py:188} INFO - Nombre: 7380
[2024-01-22T13:35:14.129+0100] {logging_mixin.py:188} INFO - Nombre: 7400
[2024-01-22T13:35:14.748+0100] {logging_mixin.py:188} INFO - Nombre: 7420
[2024-01-22T13:35:15.226+0100] {logging_mixin.py:188} INFO - Nombre: 7440
[2024-01-22T13:35:15.853+0100] {logging_mixin.py:188} INFO - Nombre: 7460
[2024-01-22T13:35:16.403+0100] {logging_mixin.py:188} INFO - Nombre: 7480
[2024-01-22T13:35:18.120+0100] {logging_mixin.py:188} INFO - Nombre: 7500
[2024-01-22T13:35:18.874+0100] {logging_mixin.py:188} INFO - Nombre: 7520
[2024-01-22T13:35:19.467+0100] {logging_mixin.py:188} INFO - Nombre: 7540
[2024-01-22T13:35:20.108+0100] {logging_mixin.py:188} INFO - Nombre: 7560
[2024-01-22T13:35:20.725+0100] {logging_mixin.py:188} INFO - Nombre: 7580
[2024-01-22T13:35:21.418+0100] {logging_mixin.py:188} INFO - Nombre: 7600
[2024-01-22T13:35:21.913+0100] {logging_mixin.py:188} INFO - Nombre: 7620
[2024-01-22T13:35:22.408+0100] {logging_mixin.py:188} INFO - Nombre: 7640
[2024-01-22T13:35:24.033+0100] {logging_mixin.py:188} INFO - Nombre: 7660
[2024-01-22T13:35:24.550+0100] {logging_mixin.py:188} INFO - Nombre: 7680
[2024-01-22T13:35:24.985+0100] {logging_mixin.py:188} INFO - Nombre: 7700
[2024-01-22T13:35:25.672+0100] {logging_mixin.py:188} INFO - Nombre: 7720
[2024-01-22T13:35:26.107+0100] {logging_mixin.py:188} INFO - Nombre: 7740
[2024-01-22T13:35:26.771+0100] {logging_mixin.py:188} INFO - Nombre: 7760
[2024-01-22T13:35:27.206+0100] {logging_mixin.py:188} INFO - Nombre: 7780
[2024-01-22T13:35:28.162+0100] {logging_mixin.py:188} INFO - Nombre: 7800
[2024-01-22T13:35:29.055+0100] {logging_mixin.py:188} INFO - Nombre: 7820
[2024-01-22T13:35:29.595+0100] {logging_mixin.py:188} INFO - Nombre: 7840
[2024-01-22T13:35:30.203+0100] {logging_mixin.py:188} INFO - Nombre: 7860
[2024-01-22T13:35:30.734+0100] {logging_mixin.py:188} INFO - Nombre: 7880
[2024-01-22T13:35:31.227+0100] {logging_mixin.py:188} INFO - Nombre: 7900
[2024-01-22T13:35:31.847+0100] {logging_mixin.py:188} INFO - Nombre: 7920
[2024-01-22T13:35:32.594+0100] {logging_mixin.py:188} INFO - Nombre: 7940
[2024-01-22T13:35:33.370+0100] {logging_mixin.py:188} INFO - Nombre: 7960
[2024-01-22T13:35:34.271+0100] {logging_mixin.py:188} INFO - Nombre: 7980
[2024-01-22T13:35:34.844+0100] {logging_mixin.py:188} INFO - Nombre: 8000
[2024-01-22T13:35:35.259+0100] {logging_mixin.py:188} INFO - Nombre: 8020
[2024-01-22T13:35:35.755+0100] {logging_mixin.py:188} INFO - Nombre: 8040
[2024-01-22T13:35:36.277+0100] {logging_mixin.py:188} INFO - Nombre: 8060
[2024-01-22T13:35:36.781+0100] {logging_mixin.py:188} INFO - Nombre: 8080
[2024-01-22T13:35:37.412+0100] {logging_mixin.py:188} INFO - Nombre: 8100
[2024-01-22T13:35:39.283+0100] {logging_mixin.py:188} INFO - Nombre: 8120
[2024-01-22T13:35:39.811+0100] {logging_mixin.py:188} INFO - Nombre: 8140
[2024-01-22T13:35:40.224+0100] {logging_mixin.py:188} INFO - Nombre: 8160
[2024-01-22T13:35:40.655+0100] {logging_mixin.py:188} INFO - Nombre: 8180
[2024-01-22T13:35:41.169+0100] {logging_mixin.py:188} INFO - Nombre: 8200
[2024-01-22T13:35:41.670+0100] {logging_mixin.py:188} INFO - Nombre: 8220
[2024-01-22T13:35:42.299+0100] {logging_mixin.py:188} INFO - Nombre: 8240
[2024-01-22T13:35:43.863+0100] {logging_mixin.py:188} INFO - Nombre: 8260
[2024-01-22T13:35:44.533+0100] {logging_mixin.py:188} INFO - Nombre: 8280
[2024-01-22T13:35:45.074+0100] {logging_mixin.py:188} INFO - Nombre: 8300
[2024-01-22T13:35:45.697+0100] {logging_mixin.py:188} INFO - Nombre: 8320
[2024-01-22T13:35:46.186+0100] {logging_mixin.py:188} INFO - Nombre: 8340
[2024-01-22T13:35:46.788+0100] {logging_mixin.py:188} INFO - Nombre: 8360
[2024-01-22T13:35:48.166+0100] {logging_mixin.py:188} INFO - Nombre: 8380
[2024-01-22T13:35:49.920+0100] {logging_mixin.py:188} INFO - Nombre: 8400
[2024-01-22T13:35:50.486+0100] {logging_mixin.py:188} INFO - Nombre: 8420
[2024-01-22T13:35:51.014+0100] {logging_mixin.py:188} INFO - Nombre: 8440
[2024-01-22T13:35:51.481+0100] {logging_mixin.py:188} INFO - Nombre: 8460
[2024-01-22T13:35:51.912+0100] {logging_mixin.py:188} INFO - Nombre: 8480
[2024-01-22T13:35:52.354+0100] {logging_mixin.py:188} INFO - Nombre: 8500
[2024-01-22T13:35:54.392+0100] {logging_mixin.py:188} INFO - Nombre: 8520
[2024-01-22T13:35:55.062+0100] {logging_mixin.py:188} INFO - Nombre: 8540
[2024-01-22T13:35:55.516+0100] {logging_mixin.py:188} INFO - Nombre: 8560
[2024-01-22T13:35:55.960+0100] {logging_mixin.py:188} INFO - Nombre: 8580
[2024-01-22T13:35:56.657+0100] {logging_mixin.py:188} INFO - Nombre: 8600
[2024-01-22T13:35:57.032+0100] {logging_mixin.py:188} INFO - Nombre: 8620
[2024-01-22T13:35:57.760+0100] {logging_mixin.py:188} INFO - Nombre: 8640
[2024-01-22T13:35:59.212+0100] {logging_mixin.py:188} INFO - Nombre: 8660
[2024-01-22T13:36:00.022+0100] {logging_mixin.py:188} INFO - Nombre: 8680
[2024-01-22T13:36:00.509+0100] {logging_mixin.py:188} INFO - Nombre: 8700
[2024-01-22T13:36:00.949+0100] {logging_mixin.py:188} INFO - Nombre: 8720
[2024-01-22T13:36:01.565+0100] {logging_mixin.py:188} INFO - Nombre: 8740
[2024-01-22T13:36:02.038+0100] {logging_mixin.py:188} INFO - Nombre: 8760
[2024-01-22T13:36:02.506+0100] {logging_mixin.py:188} INFO - Nombre: 8780
[2024-01-22T13:36:04.631+0100] {logging_mixin.py:188} INFO - Nombre: 8800
[2024-01-22T13:36:05.478+0100] {logging_mixin.py:188} INFO - Nombre: 8820
[2024-01-22T13:36:05.976+0100] {logging_mixin.py:188} INFO - Nombre: 8840
[2024-01-22T13:36:06.440+0100] {logging_mixin.py:188} INFO - Nombre: 8860
[2024-01-22T13:36:06.938+0100] {logging_mixin.py:188} INFO - Nombre: 8880
[2024-01-22T13:36:07.418+0100] {logging_mixin.py:188} INFO - Nombre: 8900
[2024-01-22T13:36:09.245+0100] {logging_mixin.py:188} INFO - Nombre: 8920
[2024-01-22T13:36:10.021+0100] {logging_mixin.py:188} INFO - Nombre: 8940
[2024-01-22T13:36:10.523+0100] {logging_mixin.py:188} INFO - Nombre: 8960
[2024-01-22T13:36:11.163+0100] {logging_mixin.py:188} INFO - Nombre: 8980
[2024-01-22T13:36:11.814+0100] {logging_mixin.py:188} INFO - Nombre: 9000
[2024-01-22T13:36:12.556+0100] {logging_mixin.py:188} INFO - Nombre: 9020
[2024-01-22T13:36:14.679+0100] {logging_mixin.py:188} INFO - Nombre: 9040
[2024-01-22T13:36:15.597+0100] {logging_mixin.py:188} INFO - Nombre: 9060
[2024-01-22T13:36:16.138+0100] {logging_mixin.py:188} INFO - Nombre: 9080
[2024-01-22T13:36:16.722+0100] {logging_mixin.py:188} INFO - Nombre: 9100
[2024-01-22T13:36:17.130+0100] {logging_mixin.py:188} INFO - Nombre: 9120
[2024-01-22T13:36:19.983+0100] {logging_mixin.py:188} INFO - Nombre: 9140
[2024-01-22T13:36:20.613+0100] {logging_mixin.py:188} INFO - Nombre: 9160
[2024-01-22T13:36:21.501+0100] {logging_mixin.py:188} INFO - Nombre: 9180
[2024-01-22T13:36:22.430+0100] {logging_mixin.py:188} INFO - Nombre: 9200
[2024-01-22T13:36:24.833+0100] {logging_mixin.py:188} INFO - Nombre: 9220
[2024-01-22T13:36:25.643+0100] {logging_mixin.py:188} INFO - Nombre: 9240
[2024-01-22T13:36:26.067+0100] {logging_mixin.py:188} INFO - Nombre: 9260
[2024-01-22T13:36:26.552+0100] {logging_mixin.py:188} INFO - Nombre: 9280
[2024-01-22T13:36:27.342+0100] {logging_mixin.py:188} INFO - Nombre: 9300
[2024-01-22T13:36:29.164+0100] {logging_mixin.py:188} INFO - Nombre: 9320
[2024-01-22T13:36:30.339+0100] {logging_mixin.py:188} INFO - Nombre: 9340
[2024-01-22T13:36:30.949+0100] {logging_mixin.py:188} INFO - Nombre: 9360
[2024-01-22T13:36:31.314+0100] {logging_mixin.py:188} INFO - Nombre: 9380
[2024-01-22T13:36:31.791+0100] {logging_mixin.py:188} INFO - Nombre: 9400
[2024-01-22T13:36:32.397+0100] {logging_mixin.py:188} INFO - Nombre: 9420
[2024-01-22T13:36:34.508+0100] {logging_mixin.py:188} INFO - Nombre: 9440
[2024-01-22T13:36:35.374+0100] {logging_mixin.py:188} INFO - Nombre: 9460
[2024-01-22T13:36:36.122+0100] {logging_mixin.py:188} INFO - Nombre: 9480
[2024-01-22T13:36:36.564+0100] {logging_mixin.py:188} INFO - Nombre: 9500
[2024-01-22T13:36:37.080+0100] {logging_mixin.py:188} INFO - Nombre: 9520
[2024-01-22T13:36:38.198+0100] {logging_mixin.py:188} INFO - Nombre: 9540
[2024-01-22T13:36:40.244+0100] {logging_mixin.py:188} INFO - Nombre: 9560
[2024-01-22T13:36:40.983+0100] {logging_mixin.py:188} INFO - Nombre: 9580
[2024-01-22T13:36:41.676+0100] {logging_mixin.py:188} INFO - Nombre: 9600
[2024-01-22T13:36:42.226+0100] {logging_mixin.py:188} INFO - Nombre: 9620
[2024-01-22T13:36:43.218+0100] {logging_mixin.py:188} INFO - Nombre: 9640
[2024-01-22T13:36:45.749+0100] {logging_mixin.py:188} INFO - Nombre: 9660
[2024-01-22T13:36:46.437+0100] {logging_mixin.py:188} INFO - Nombre: 9680
[2024-01-22T13:36:47.088+0100] {logging_mixin.py:188} INFO - Nombre: 9700
[2024-01-22T13:36:47.747+0100] {logging_mixin.py:188} INFO - Nombre: 9720
[2024-01-22T13:36:52.880+0100] {logging_mixin.py:188} INFO - Nombre: 9740
[2024-01-22T13:36:56.369+0100] {logging_mixin.py:188} INFO - Nombre: 9760
[2024-01-22T13:36:57.354+0100] {logging_mixin.py:188} INFO - Nombre: 9780
[2024-01-22T13:36:59.199+0100] {logging_mixin.py:188} INFO - Nombre: 9800
[2024-01-22T13:37:00.742+0100] {logging_mixin.py:188} INFO - Nombre: 9820
[2024-01-22T13:37:01.607+0100] {logging_mixin.py:188} INFO - Nombre: 9840
[2024-01-22T13:37:02.296+0100] {logging_mixin.py:188} INFO - Nombre: 9860
[2024-01-22T13:37:02.795+0100] {logging_mixin.py:188} INFO - Nombre: 9880
[2024-01-22T13:37:05.377+0100] {logging_mixin.py:188} INFO - Nombre: 9900
[2024-01-22T13:37:06.187+0100] {logging_mixin.py:188} INFO - Nombre: 9920
[2024-01-22T13:37:07.096+0100] {logging_mixin.py:188} INFO - Nombre: 9940
[2024-01-22T13:37:07.702+0100] {logging_mixin.py:188} INFO - Nombre: 9960
[2024-01-22T13:37:08.462+0100] {logging_mixin.py:188} INFO - Nombre: 9980
[2024-01-22T13:37:08.463+0100] {logging_mixin.py:188} INFO - Some error occurred during cloud Storage connexion: [Errno 2] No such file or directory: 'E:/3il France/Cours/Big data/Datalake2/focal-gamma-407907-9535fed3d216.json'
[2024-01-22T13:37:08.463+0100] {logging_mixin.py:188} INFO - Some error occurred during cloud Storage connexion: 'NoneType' object has no attribute 'blob'
[2024-01-22T13:37:10.919+0100] {logging_mixin.py:188} INFO - Liste des genres de films:
[2024-01-22T13:37:10.919+0100] {logging_mixin.py:188} INFO - {'genres': [{'id': 28, 'name': 'Action'}, {'id': 12, 'name': 'Aventure'}, {'id': 16, 'name': 'Animation'}, {'id': 35, 'name': 'Comédie'}, {'id': 80, 'name': 'Crime'}, {'id': 99, 'name': 'Documentaire'}, {'id': 18, 'name': 'Drame'}, {'id': 10751, 'name': 'Familial'}, {'id': 14, 'name': 'Fantastique'}, {'id': 36, 'name': 'Histoire'}, {'id': 27, 'name': 'Horreur'}, {'id': 10402, 'name': 'Musique'}, {'id': 9648, 'name': 'Mystère'}, {'id': 10749, 'name': 'Romance'}, {'id': 878, 'name': 'Science-Fiction'}, {'id': 10770, 'name': 'Téléfilm'}, {'id': 53, 'name': 'Thriller'}, {'id': 10752, 'name': 'Guerre'}, {'id': 37, 'name': 'Western'}]}
[2024-01-22T13:37:10.919+0100] {logging_mixin.py:188} INFO - 28: Action
[2024-01-22T13:37:10.919+0100] {logging_mixin.py:188} INFO - 12: Aventure
[2024-01-22T13:37:10.919+0100] {logging_mixin.py:188} INFO - 16: Animation
[2024-01-22T13:37:10.920+0100] {logging_mixin.py:188} INFO - 35: Comédie
[2024-01-22T13:37:10.920+0100] {logging_mixin.py:188} INFO - 80: Crime
[2024-01-22T13:37:10.920+0100] {logging_mixin.py:188} INFO - 99: Documentaire
[2024-01-22T13:37:10.920+0100] {logging_mixin.py:188} INFO - 18: Drame
[2024-01-22T13:37:10.920+0100] {logging_mixin.py:188} INFO - 10751: Familial
[2024-01-22T13:37:10.920+0100] {logging_mixin.py:188} INFO - 14: Fantastique
[2024-01-22T13:37:10.920+0100] {logging_mixin.py:188} INFO - 36: Histoire
[2024-01-22T13:37:10.920+0100] {logging_mixin.py:188} INFO - 27: Horreur
[2024-01-22T13:37:10.920+0100] {logging_mixin.py:188} INFO - 10402: Musique
[2024-01-22T13:37:10.920+0100] {logging_mixin.py:188} INFO - 9648: Mystère
[2024-01-22T13:37:10.920+0100] {logging_mixin.py:188} INFO - 10749: Romance
[2024-01-22T13:37:10.921+0100] {logging_mixin.py:188} INFO - 878: Science-Fiction
[2024-01-22T13:37:10.921+0100] {logging_mixin.py:188} INFO - 10770: Téléfilm
[2024-01-22T13:37:10.921+0100] {logging_mixin.py:188} INFO - 53: Thriller
[2024-01-22T13:37:10.921+0100] {logging_mixin.py:188} INFO - 10752: Guerre
[2024-01-22T13:37:10.921+0100] {logging_mixin.py:188} INFO - 37: Western
[2024-01-22T13:37:10.921+0100] {logging_mixin.py:188} INFO - Some error occurred during cloud Storage connexion: [Errno 2] No such file or directory: 'E:/3il France/Cours/Big data/Datalake2/focal-gamma-407907-9535fed3d216.json'
[2024-01-22T13:37:10.921+0100] {logging_mixin.py:188} INFO - Some error occurred during cloud Storage connexion: 'NoneType' object has no attribute 'blob'
[2024-01-22T13:37:10.921+0100] {logging_mixin.py:188} INFO - Nombre: 1
[2024-01-22T13:37:10.921+0100] {python.py:201} INFO - Done. Returned value was: None
[2024-01-22T13:37:10.930+0100] {taskinstance.py:1138} INFO - Marking task as SUCCESS. dag_id=jenifer, task_id=popular_movies_task, execution_date=20240122T122828, start_date=20240122T122857, end_date=20240122T123710
[2024-01-22T13:37:11.122+0100] {local_task_job_runner.py:234} INFO - Task exited with return code 0
[2024-01-22T13:37:11.153+0100] {taskinstance.py:3281} INFO - 1 downstream tasks scheduled from follow-on schedule check
