[2024-01-30T13:49:41.468+0100] {processor.py:161} INFO - Started process (PID=5579) to work on /home/ubuntu/airflow/dags/try_dag.py
[2024-01-30T13:49:41.491+0100] {processor.py:830} INFO - Processing file /home/ubuntu/airflow/dags/try_dag.py for tasks to queue
[2024-01-30T13:49:41.493+0100] {logging_mixin.py:188} INFO - [2024-01-30T13:49:41.492+0100] {dagbag.py:538} INFO - Filling up the DagBag from /home/ubuntu/airflow/dags/try_dag.py
[2024-01-30T13:49:41.556+0100] {processor.py:842} WARNING - No viable dags retrieved from /home/ubuntu/airflow/dags/try_dag.py
[2024-01-30T13:49:41.654+0100] {processor.py:183} INFO - Processing /home/ubuntu/airflow/dags/try_dag.py took 0.227 seconds
[2024-01-30T13:51:48.854+0100] {processor.py:161} INFO - Started process (PID=6199) to work on /home/ubuntu/airflow/dags/try_dag.py
[2024-01-30T13:51:48.858+0100] {processor.py:830} INFO - Processing file /home/ubuntu/airflow/dags/try_dag.py for tasks to queue
[2024-01-30T13:51:48.862+0100] {logging_mixin.py:188} INFO - [2024-01-30T13:51:48.860+0100] {dagbag.py:538} INFO - Filling up the DagBag from /home/ubuntu/airflow/dags/try_dag.py
[2024-01-30T13:51:48.891+0100] {processor.py:842} WARNING - No viable dags retrieved from /home/ubuntu/airflow/dags/try_dag.py
[2024-01-30T13:51:48.992+0100] {processor.py:183} INFO - Processing /home/ubuntu/airflow/dags/try_dag.py took 0.146 seconds
[2024-01-30T13:52:33.799+0100] {processor.py:161} INFO - Started process (PID=6248) to work on /home/ubuntu/airflow/dags/try_dag.py
[2024-01-30T13:52:33.805+0100] {processor.py:830} INFO - Processing file /home/ubuntu/airflow/dags/try_dag.py for tasks to queue
[2024-01-30T13:52:33.811+0100] {logging_mixin.py:188} INFO - [2024-01-30T13:52:33.810+0100] {dagbag.py:538} INFO - Filling up the DagBag from /home/ubuntu/airflow/dags/try_dag.py
[2024-01-30T13:52:33.814+0100] {processor.py:842} WARNING - No viable dags retrieved from /home/ubuntu/airflow/dags/try_dag.py
[2024-01-30T13:52:33.830+0100] {processor.py:183} INFO - Processing /home/ubuntu/airflow/dags/try_dag.py took 0.038 seconds
[2024-01-30T15:53:01.560+0100] {processor.py:161} INFO - Started process (PID=6346) to work on /home/ubuntu/airflow/dags/try_dag.py
[2024-01-30T15:53:01.568+0100] {processor.py:830} INFO - Processing file /home/ubuntu/airflow/dags/try_dag.py for tasks to queue
[2024-01-30T15:53:01.571+0100] {logging_mixin.py:188} INFO - [2024-01-30T15:53:01.570+0100] {dagbag.py:538} INFO - Filling up the DagBag from /home/ubuntu/airflow/dags/try_dag.py
[2024-01-30T15:53:01.575+0100] {processor.py:842} WARNING - No viable dags retrieved from /home/ubuntu/airflow/dags/try_dag.py
[2024-01-30T15:53:01.615+0100] {processor.py:183} INFO - Processing /home/ubuntu/airflow/dags/try_dag.py took 0.061 seconds
[2024-01-30T15:53:54.617+0100] {processor.py:161} INFO - Started process (PID=6395) to work on /home/ubuntu/airflow/dags/try_dag.py
[2024-01-30T15:53:54.621+0100] {processor.py:830} INFO - Processing file /home/ubuntu/airflow/dags/try_dag.py for tasks to queue
[2024-01-30T15:53:54.623+0100] {logging_mixin.py:188} INFO - [2024-01-30T15:53:54.622+0100] {dagbag.py:538} INFO - Filling up the DagBag from /home/ubuntu/airflow/dags/try_dag.py
[2024-01-30T15:53:54.627+0100] {processor.py:842} WARNING - No viable dags retrieved from /home/ubuntu/airflow/dags/try_dag.py
[2024-01-30T15:53:54.642+0100] {processor.py:183} INFO - Processing /home/ubuntu/airflow/dags/try_dag.py took 0.029 seconds
[2024-01-30T15:54:57.461+0100] {processor.py:161} INFO - Started process (PID=6473) to work on /home/ubuntu/airflow/dags/try_dag.py
[2024-01-30T15:54:57.465+0100] {processor.py:830} INFO - Processing file /home/ubuntu/airflow/dags/try_dag.py for tasks to queue
[2024-01-30T15:54:57.467+0100] {logging_mixin.py:188} INFO - [2024-01-30T15:54:57.466+0100] {dagbag.py:538} INFO - Filling up the DagBag from /home/ubuntu/airflow/dags/try_dag.py
[2024-01-30T15:54:57.471+0100] {processor.py:842} WARNING - No viable dags retrieved from /home/ubuntu/airflow/dags/try_dag.py
[2024-01-30T15:54:57.484+0100] {processor.py:183} INFO - Processing /home/ubuntu/airflow/dags/try_dag.py took 0.028 seconds
[2024-01-30T15:55:30.267+0100] {processor.py:161} INFO - Started process (PID=6509) to work on /home/ubuntu/airflow/dags/try_dag.py
[2024-01-30T15:55:30.270+0100] {processor.py:830} INFO - Processing file /home/ubuntu/airflow/dags/try_dag.py for tasks to queue
[2024-01-30T15:55:30.273+0100] {logging_mixin.py:188} INFO - [2024-01-30T15:55:30.272+0100] {dagbag.py:538} INFO - Filling up the DagBag from /home/ubuntu/airflow/dags/try_dag.py
[2024-01-30T15:55:30.277+0100] {processor.py:842} WARNING - No viable dags retrieved from /home/ubuntu/airflow/dags/try_dag.py
[2024-01-30T15:55:30.295+0100] {processor.py:183} INFO - Processing /home/ubuntu/airflow/dags/try_dag.py took 0.035 seconds
[2024-01-30T15:56:28.991+0100] {processor.py:161} INFO - Started process (PID=6563) to work on /home/ubuntu/airflow/dags/try_dag.py
[2024-01-30T15:56:28.994+0100] {processor.py:830} INFO - Processing file /home/ubuntu/airflow/dags/try_dag.py for tasks to queue
[2024-01-30T15:56:28.998+0100] {logging_mixin.py:188} INFO - [2024-01-30T15:56:28.997+0100] {dagbag.py:538} INFO - Filling up the DagBag from /home/ubuntu/airflow/dags/try_dag.py
[2024-01-30T15:56:29.001+0100] {processor.py:842} WARNING - No viable dags retrieved from /home/ubuntu/airflow/dags/try_dag.py
[2024-01-30T15:56:29.015+0100] {processor.py:183} INFO - Processing /home/ubuntu/airflow/dags/try_dag.py took 0.028 seconds
[2024-01-30T15:57:27.771+0100] {processor.py:161} INFO - Started process (PID=6610) to work on /home/ubuntu/airflow/dags/try_dag.py
[2024-01-30T15:57:27.781+0100] {processor.py:830} INFO - Processing file /home/ubuntu/airflow/dags/try_dag.py for tasks to queue
[2024-01-30T15:57:27.786+0100] {logging_mixin.py:188} INFO - [2024-01-30T15:57:27.782+0100] {dagbag.py:538} INFO - Filling up the DagBag from /home/ubuntu/airflow/dags/try_dag.py
[2024-01-30T15:57:27.827+0100] {processor.py:842} WARNING - No viable dags retrieved from /home/ubuntu/airflow/dags/try_dag.py
[2024-01-30T15:57:27.857+0100] {processor.py:183} INFO - Processing /home/ubuntu/airflow/dags/try_dag.py took 0.122 seconds
[2024-01-30T15:58:37.910+0100] {processor.py:161} INFO - Started process (PID=7346) to work on /home/ubuntu/airflow/dags/try_dag.py
[2024-01-30T15:58:37.915+0100] {processor.py:830} INFO - Processing file /home/ubuntu/airflow/dags/try_dag.py for tasks to queue
[2024-01-30T15:58:37.918+0100] {logging_mixin.py:188} INFO - [2024-01-30T15:58:37.917+0100] {dagbag.py:538} INFO - Filling up the DagBag from /home/ubuntu/airflow/dags/try_dag.py
[2024-01-30T15:58:37.923+0100] {processor.py:842} WARNING - No viable dags retrieved from /home/ubuntu/airflow/dags/try_dag.py
[2024-01-30T15:58:38.020+0100] {processor.py:183} INFO - Processing /home/ubuntu/airflow/dags/try_dag.py took 0.117 seconds
[2024-01-30T16:00:25.251+0100] {processor.py:161} INFO - Started process (PID=8322) to work on /home/ubuntu/airflow/dags/try_dag.py
[2024-01-30T16:00:25.264+0100] {processor.py:830} INFO - Processing file /home/ubuntu/airflow/dags/try_dag.py for tasks to queue
[2024-01-30T16:00:25.268+0100] {logging_mixin.py:188} INFO - [2024-01-30T16:00:25.267+0100] {dagbag.py:538} INFO - Filling up the DagBag from /home/ubuntu/airflow/dags/try_dag.py
[2024-01-30T16:00:25.309+0100] {processor.py:842} WARNING - No viable dags retrieved from /home/ubuntu/airflow/dags/try_dag.py
[2024-01-30T16:00:25.377+0100] {processor.py:183} INFO - Processing /home/ubuntu/airflow/dags/try_dag.py took 0.137 seconds
[2024-01-30T16:01:35.169+0100] {processor.py:161} INFO - Started process (PID=8368) to work on /home/ubuntu/airflow/dags/try_dag.py
[2024-01-30T16:01:35.175+0100] {processor.py:830} INFO - Processing file /home/ubuntu/airflow/dags/try_dag.py for tasks to queue
[2024-01-30T16:01:35.179+0100] {logging_mixin.py:188} INFO - [2024-01-30T16:01:35.176+0100] {dagbag.py:538} INFO - Filling up the DagBag from /home/ubuntu/airflow/dags/try_dag.py
[2024-01-30T16:01:35.189+0100] {processor.py:842} WARNING - No viable dags retrieved from /home/ubuntu/airflow/dags/try_dag.py
[2024-01-30T16:01:35.244+0100] {processor.py:183} INFO - Processing /home/ubuntu/airflow/dags/try_dag.py took 0.082 seconds
[2024-01-30T16:02:33.738+0100] {processor.py:161} INFO - Started process (PID=8425) to work on /home/ubuntu/airflow/dags/try_dag.py
[2024-01-30T16:02:33.743+0100] {processor.py:830} INFO - Processing file /home/ubuntu/airflow/dags/try_dag.py for tasks to queue
[2024-01-30T16:02:33.747+0100] {logging_mixin.py:188} INFO - [2024-01-30T16:02:33.745+0100] {dagbag.py:538} INFO - Filling up the DagBag from /home/ubuntu/airflow/dags/try_dag.py
[2024-01-30T16:02:33.755+0100] {processor.py:842} WARNING - No viable dags retrieved from /home/ubuntu/airflow/dags/try_dag.py
[2024-01-30T16:02:33.803+0100] {processor.py:183} INFO - Processing /home/ubuntu/airflow/dags/try_dag.py took 0.070 seconds
[2024-01-30T16:07:02.808+0100] {processor.py:161} INFO - Started process (PID=8811) to work on /home/ubuntu/airflow/dags/try_dag.py
[2024-01-30T16:07:02.815+0100] {processor.py:830} INFO - Processing file /home/ubuntu/airflow/dags/try_dag.py for tasks to queue
[2024-01-30T16:07:02.819+0100] {logging_mixin.py:188} INFO - [2024-01-30T16:07:02.819+0100] {dagbag.py:538} INFO - Filling up the DagBag from /home/ubuntu/airflow/dags/try_dag.py
[2024-01-30T16:07:02.848+0100] {processor.py:842} WARNING - No viable dags retrieved from /home/ubuntu/airflow/dags/try_dag.py
[2024-01-30T16:07:03.010+0100] {processor.py:183} INFO - Processing /home/ubuntu/airflow/dags/try_dag.py took 0.213 seconds
[2024-01-30T16:15:01.871+0100] {processor.py:161} INFO - Started process (PID=5034) to work on /home/ubuntu/airflow/dags/try_dag.py
[2024-01-30T16:15:01.874+0100] {processor.py:830} INFO - Processing file /home/ubuntu/airflow/dags/try_dag.py for tasks to queue
[2024-01-30T16:15:01.877+0100] {logging_mixin.py:188} INFO - [2024-01-30T16:15:01.875+0100] {dagbag.py:538} INFO - Filling up the DagBag from /home/ubuntu/airflow/dags/try_dag.py
[2024-01-30T16:15:01.881+0100] {processor.py:842} WARNING - No viable dags retrieved from /home/ubuntu/airflow/dags/try_dag.py
[2024-01-30T16:15:01.903+0100] {processor.py:183} INFO - Processing /home/ubuntu/airflow/dags/try_dag.py took 0.038 seconds
[2024-01-30T16:17:40.279+0100] {processor.py:161} INFO - Started process (PID=5622) to work on /home/ubuntu/airflow/dags/try_dag.py
[2024-01-30T16:17:40.285+0100] {processor.py:830} INFO - Processing file /home/ubuntu/airflow/dags/try_dag.py for tasks to queue
[2024-01-30T16:17:40.291+0100] {logging_mixin.py:188} INFO - [2024-01-30T16:17:40.290+0100] {dagbag.py:538} INFO - Filling up the DagBag from /home/ubuntu/airflow/dags/try_dag.py
[2024-01-30T16:17:40.303+0100] {processor.py:842} WARNING - No viable dags retrieved from /home/ubuntu/airflow/dags/try_dag.py
[2024-01-30T16:17:40.346+0100] {processor.py:183} INFO - Processing /home/ubuntu/airflow/dags/try_dag.py took 0.079 seconds
[2024-01-30T16:19:11.865+0100] {processor.py:161} INFO - Started process (PID=5718) to work on /home/ubuntu/airflow/dags/try_dag.py
[2024-01-30T16:19:11.871+0100] {processor.py:830} INFO - Processing file /home/ubuntu/airflow/dags/try_dag.py for tasks to queue
[2024-01-30T16:19:11.874+0100] {logging_mixin.py:188} INFO - [2024-01-30T16:19:11.872+0100] {dagbag.py:538} INFO - Filling up the DagBag from /home/ubuntu/airflow/dags/try_dag.py
[2024-01-30T16:19:11.879+0100] {processor.py:842} WARNING - No viable dags retrieved from /home/ubuntu/airflow/dags/try_dag.py
[2024-01-30T16:19:11.915+0100] {processor.py:183} INFO - Processing /home/ubuntu/airflow/dags/try_dag.py took 0.059 seconds
[2024-01-30T16:20:39.641+0100] {processor.py:161} INFO - Started process (PID=6187) to work on /home/ubuntu/airflow/dags/try_dag.py
[2024-01-30T16:20:39.648+0100] {processor.py:830} INFO - Processing file /home/ubuntu/airflow/dags/try_dag.py for tasks to queue
[2024-01-30T16:20:39.651+0100] {logging_mixin.py:188} INFO - [2024-01-30T16:20:39.650+0100] {dagbag.py:538} INFO - Filling up the DagBag from /home/ubuntu/airflow/dags/try_dag.py
[2024-01-30T16:20:39.673+0100] {processor.py:842} WARNING - No viable dags retrieved from /home/ubuntu/airflow/dags/try_dag.py
[2024-01-30T16:20:39.703+0100] {processor.py:183} INFO - Processing /home/ubuntu/airflow/dags/try_dag.py took 0.088 seconds
[2024-01-30T16:22:15.480+0100] {processor.py:161} INFO - Started process (PID=6247) to work on /home/ubuntu/airflow/dags/try_dag.py
[2024-01-30T16:22:15.485+0100] {processor.py:830} INFO - Processing file /home/ubuntu/airflow/dags/try_dag.py for tasks to queue
[2024-01-30T16:22:15.488+0100] {logging_mixin.py:188} INFO - [2024-01-30T16:22:15.487+0100] {dagbag.py:538} INFO - Filling up the DagBag from /home/ubuntu/airflow/dags/try_dag.py
[2024-01-30T16:22:15.491+0100] {processor.py:842} WARNING - No viable dags retrieved from /home/ubuntu/airflow/dags/try_dag.py
[2024-01-30T16:22:15.504+0100] {processor.py:183} INFO - Processing /home/ubuntu/airflow/dags/try_dag.py took 0.031 seconds
[2024-01-30T16:24:37.674+0100] {processor.py:161} INFO - Started process (PID=6963) to work on /home/ubuntu/airflow/dags/try_dag.py
[2024-01-30T16:24:37.686+0100] {processor.py:830} INFO - Processing file /home/ubuntu/airflow/dags/try_dag.py for tasks to queue
[2024-01-30T16:24:37.688+0100] {logging_mixin.py:188} INFO - [2024-01-30T16:24:37.688+0100] {dagbag.py:538} INFO - Filling up the DagBag from /home/ubuntu/airflow/dags/try_dag.py
[2024-01-30T16:24:37.696+0100] {processor.py:842} WARNING - No viable dags retrieved from /home/ubuntu/airflow/dags/try_dag.py
[2024-01-30T16:24:37.719+0100] {processor.py:183} INFO - Processing /home/ubuntu/airflow/dags/try_dag.py took 0.164 seconds
[2024-01-30T16:29:42.603+0100] {processor.py:161} INFO - Started process (PID=8181) to work on /home/ubuntu/airflow/dags/try_dag.py
[2024-01-30T16:29:42.621+0100] {processor.py:830} INFO - Processing file /home/ubuntu/airflow/dags/try_dag.py for tasks to queue
[2024-01-30T16:29:42.637+0100] {logging_mixin.py:188} INFO - [2024-01-30T16:29:42.635+0100] {dagbag.py:538} INFO - Filling up the DagBag from /home/ubuntu/airflow/dags/try_dag.py
[2024-01-30T16:29:42.659+0100] {processor.py:842} WARNING - No viable dags retrieved from /home/ubuntu/airflow/dags/try_dag.py
[2024-01-30T16:29:42.683+0100] {processor.py:183} INFO - Processing /home/ubuntu/airflow/dags/try_dag.py took 0.127 seconds
[2024-01-30T16:31:44.353+0100] {processor.py:161} INFO - Started process (PID=8678) to work on /home/ubuntu/airflow/dags/try_dag.py
[2024-01-30T16:31:44.366+0100] {processor.py:830} INFO - Processing file /home/ubuntu/airflow/dags/try_dag.py for tasks to queue
[2024-01-30T16:31:44.371+0100] {logging_mixin.py:188} INFO - [2024-01-30T16:31:44.368+0100] {dagbag.py:538} INFO - Filling up the DagBag from /home/ubuntu/airflow/dags/try_dag.py
[2024-01-30T16:31:44.386+0100] {processor.py:842} WARNING - No viable dags retrieved from /home/ubuntu/airflow/dags/try_dag.py
[2024-01-30T16:31:44.413+0100] {processor.py:183} INFO - Processing /home/ubuntu/airflow/dags/try_dag.py took 0.068 seconds
[2024-01-30T16:32:57.693+0100] {processor.py:161} INFO - Started process (PID=9355) to work on /home/ubuntu/airflow/dags/try_dag.py
[2024-01-30T16:32:57.696+0100] {processor.py:830} INFO - Processing file /home/ubuntu/airflow/dags/try_dag.py for tasks to queue
[2024-01-30T16:32:57.699+0100] {logging_mixin.py:188} INFO - [2024-01-30T16:32:57.698+0100] {dagbag.py:538} INFO - Filling up the DagBag from /home/ubuntu/airflow/dags/try_dag.py
[2024-01-30T16:32:57.704+0100] {processor.py:842} WARNING - No viable dags retrieved from /home/ubuntu/airflow/dags/try_dag.py
[2024-01-30T16:32:57.720+0100] {processor.py:183} INFO - Processing /home/ubuntu/airflow/dags/try_dag.py took 0.031 seconds
[2024-01-30T16:48:03.820+0100] {processor.py:161} INFO - Started process (PID=5104) to work on /home/ubuntu/airflow/dags/try_dag.py
[2024-01-30T16:48:03.823+0100] {processor.py:830} INFO - Processing file /home/ubuntu/airflow/dags/try_dag.py for tasks to queue
[2024-01-30T16:48:03.824+0100] {logging_mixin.py:188} INFO - [2024-01-30T16:48:03.824+0100] {dagbag.py:538} INFO - Filling up the DagBag from /home/ubuntu/airflow/dags/try_dag.py
[2024-01-30T16:48:03.828+0100] {processor.py:842} WARNING - No viable dags retrieved from /home/ubuntu/airflow/dags/try_dag.py
[2024-01-30T16:48:03.842+0100] {processor.py:183} INFO - Processing /home/ubuntu/airflow/dags/try_dag.py took 0.032 seconds
[2024-01-30T16:50:37.755+0100] {processor.py:161} INFO - Started process (PID=5308) to work on /home/ubuntu/airflow/dags/try_dag.py
[2024-01-30T16:50:37.760+0100] {processor.py:830} INFO - Processing file /home/ubuntu/airflow/dags/try_dag.py for tasks to queue
[2024-01-30T16:50:37.765+0100] {logging_mixin.py:188} INFO - [2024-01-30T16:50:37.761+0100] {dagbag.py:538} INFO - Filling up the DagBag from /home/ubuntu/airflow/dags/try_dag.py
[2024-01-30T16:50:37.771+0100] {processor.py:842} WARNING - No viable dags retrieved from /home/ubuntu/airflow/dags/try_dag.py
[2024-01-30T16:50:37.837+0100] {processor.py:183} INFO - Processing /home/ubuntu/airflow/dags/try_dag.py took 0.130 seconds
[2024-01-30T16:51:20.487+0100] {processor.py:161} INFO - Started process (PID=5352) to work on /home/ubuntu/airflow/dags/try_dag.py
[2024-01-30T16:51:20.496+0100] {processor.py:830} INFO - Processing file /home/ubuntu/airflow/dags/try_dag.py for tasks to queue
[2024-01-30T16:51:20.498+0100] {logging_mixin.py:188} INFO - [2024-01-30T16:51:20.498+0100] {dagbag.py:538} INFO - Filling up the DagBag from /home/ubuntu/airflow/dags/try_dag.py
[2024-01-30T16:51:20.512+0100] {processor.py:842} WARNING - No viable dags retrieved from /home/ubuntu/airflow/dags/try_dag.py
[2024-01-30T16:51:20.618+0100] {processor.py:183} INFO - Processing /home/ubuntu/airflow/dags/try_dag.py took 0.144 seconds
[2024-01-30T16:51:58.476+0100] {processor.py:161} INFO - Started process (PID=5382) to work on /home/ubuntu/airflow/dags/try_dag.py
[2024-01-30T16:51:58.480+0100] {processor.py:830} INFO - Processing file /home/ubuntu/airflow/dags/try_dag.py for tasks to queue
[2024-01-30T16:51:58.485+0100] {logging_mixin.py:188} INFO - [2024-01-30T16:51:58.484+0100] {dagbag.py:538} INFO - Filling up the DagBag from /home/ubuntu/airflow/dags/try_dag.py
[2024-01-30T16:51:58.495+0100] {processor.py:842} WARNING - No viable dags retrieved from /home/ubuntu/airflow/dags/try_dag.py
[2024-01-30T16:51:58.529+0100] {processor.py:183} INFO - Processing /home/ubuntu/airflow/dags/try_dag.py took 0.067 seconds
[2024-01-30T16:52:38.439+0100] {processor.py:161} INFO - Started process (PID=5424) to work on /home/ubuntu/airflow/dags/try_dag.py
[2024-01-30T16:52:38.441+0100] {processor.py:830} INFO - Processing file /home/ubuntu/airflow/dags/try_dag.py for tasks to queue
[2024-01-30T16:52:38.443+0100] {logging_mixin.py:188} INFO - [2024-01-30T16:52:38.443+0100] {dagbag.py:538} INFO - Filling up the DagBag from /home/ubuntu/airflow/dags/try_dag.py
[2024-01-30T16:52:38.446+0100] {processor.py:842} WARNING - No viable dags retrieved from /home/ubuntu/airflow/dags/try_dag.py
[2024-01-30T16:52:38.461+0100] {processor.py:183} INFO - Processing /home/ubuntu/airflow/dags/try_dag.py took 0.028 seconds
[2024-01-30T16:53:16.165+0100] {processor.py:161} INFO - Started process (PID=5460) to work on /home/ubuntu/airflow/dags/try_dag.py
[2024-01-30T16:53:16.171+0100] {processor.py:830} INFO - Processing file /home/ubuntu/airflow/dags/try_dag.py for tasks to queue
[2024-01-30T16:53:16.172+0100] {logging_mixin.py:188} INFO - [2024-01-30T16:53:16.172+0100] {dagbag.py:538} INFO - Filling up the DagBag from /home/ubuntu/airflow/dags/try_dag.py
[2024-01-30T16:53:16.178+0100] {processor.py:842} WARNING - No viable dags retrieved from /home/ubuntu/airflow/dags/try_dag.py
[2024-01-30T16:53:16.203+0100] {processor.py:183} INFO - Processing /home/ubuntu/airflow/dags/try_dag.py took 0.046 seconds
[2024-01-30T16:53:56.587+0100] {processor.py:161} INFO - Started process (PID=5513) to work on /home/ubuntu/airflow/dags/try_dag.py
[2024-01-30T16:53:56.590+0100] {processor.py:830} INFO - Processing file /home/ubuntu/airflow/dags/try_dag.py for tasks to queue
[2024-01-30T16:53:56.594+0100] {logging_mixin.py:188} INFO - [2024-01-30T16:53:56.593+0100] {dagbag.py:538} INFO - Filling up the DagBag from /home/ubuntu/airflow/dags/try_dag.py
[2024-01-30T16:53:56.600+0100] {processor.py:842} WARNING - No viable dags retrieved from /home/ubuntu/airflow/dags/try_dag.py
[2024-01-30T16:53:56.620+0100] {processor.py:183} INFO - Processing /home/ubuntu/airflow/dags/try_dag.py took 0.039 seconds
[2024-01-30T16:55:17.756+0100] {processor.py:161} INFO - Started process (PID=5672) to work on /home/ubuntu/airflow/dags/try_dag.py
[2024-01-30T16:55:17.768+0100] {processor.py:830} INFO - Processing file /home/ubuntu/airflow/dags/try_dag.py for tasks to queue
[2024-01-30T16:55:17.770+0100] {logging_mixin.py:188} INFO - [2024-01-30T16:55:17.769+0100] {dagbag.py:538} INFO - Filling up the DagBag from /home/ubuntu/airflow/dags/try_dag.py
[2024-01-30T16:55:17.805+0100] {processor.py:842} WARNING - No viable dags retrieved from /home/ubuntu/airflow/dags/try_dag.py
[2024-01-30T16:55:17.832+0100] {processor.py:183} INFO - Processing /home/ubuntu/airflow/dags/try_dag.py took 0.082 seconds
[2024-01-30T16:56:07.014+0100] {processor.py:161} INFO - Started process (PID=5714) to work on /home/ubuntu/airflow/dags/try_dag.py
[2024-01-30T16:56:07.022+0100] {processor.py:830} INFO - Processing file /home/ubuntu/airflow/dags/try_dag.py for tasks to queue
[2024-01-30T16:56:07.024+0100] {logging_mixin.py:188} INFO - [2024-01-30T16:56:07.023+0100] {dagbag.py:538} INFO - Filling up the DagBag from /home/ubuntu/airflow/dags/try_dag.py
[2024-01-30T16:56:07.030+0100] {processor.py:842} WARNING - No viable dags retrieved from /home/ubuntu/airflow/dags/try_dag.py
[2024-01-30T16:56:07.050+0100] {processor.py:183} INFO - Processing /home/ubuntu/airflow/dags/try_dag.py took 0.050 seconds
[2024-01-30T16:56:50.867+0100] {processor.py:161} INFO - Started process (PID=5749) to work on /home/ubuntu/airflow/dags/try_dag.py
[2024-01-30T16:56:50.876+0100] {processor.py:830} INFO - Processing file /home/ubuntu/airflow/dags/try_dag.py for tasks to queue
[2024-01-30T16:56:50.879+0100] {logging_mixin.py:188} INFO - [2024-01-30T16:56:50.878+0100] {dagbag.py:538} INFO - Filling up the DagBag from /home/ubuntu/airflow/dags/try_dag.py
[2024-01-30T16:56:50.883+0100] {processor.py:842} WARNING - No viable dags retrieved from /home/ubuntu/airflow/dags/try_dag.py
[2024-01-30T16:56:50.921+0100] {processor.py:183} INFO - Processing /home/ubuntu/airflow/dags/try_dag.py took 0.075 seconds
[2024-01-30T16:57:34.856+0100] {processor.py:161} INFO - Started process (PID=5787) to work on /home/ubuntu/airflow/dags/try_dag.py
[2024-01-30T16:57:34.866+0100] {processor.py:830} INFO - Processing file /home/ubuntu/airflow/dags/try_dag.py for tasks to queue
[2024-01-30T16:57:34.871+0100] {logging_mixin.py:188} INFO - [2024-01-30T16:57:34.870+0100] {dagbag.py:538} INFO - Filling up the DagBag from /home/ubuntu/airflow/dags/try_dag.py
[2024-01-30T16:57:34.900+0100] {processor.py:842} WARNING - No viable dags retrieved from /home/ubuntu/airflow/dags/try_dag.py
[2024-01-30T16:57:34.961+0100] {processor.py:183} INFO - Processing /home/ubuntu/airflow/dags/try_dag.py took 0.113 seconds
[2024-01-30T16:58:17.303+0100] {processor.py:161} INFO - Started process (PID=5828) to work on /home/ubuntu/airflow/dags/try_dag.py
[2024-01-30T16:58:17.307+0100] {processor.py:830} INFO - Processing file /home/ubuntu/airflow/dags/try_dag.py for tasks to queue
[2024-01-30T16:58:17.308+0100] {logging_mixin.py:188} INFO - [2024-01-30T16:58:17.308+0100] {dagbag.py:538} INFO - Filling up the DagBag from /home/ubuntu/airflow/dags/try_dag.py
[2024-01-30T16:58:17.312+0100] {processor.py:842} WARNING - No viable dags retrieved from /home/ubuntu/airflow/dags/try_dag.py
[2024-01-30T16:58:17.326+0100] {processor.py:183} INFO - Processing /home/ubuntu/airflow/dags/try_dag.py took 0.027 seconds
[2024-01-30T16:58:51.628+0100] {processor.py:161} INFO - Started process (PID=5863) to work on /home/ubuntu/airflow/dags/try_dag.py
[2024-01-30T16:58:51.629+0100] {processor.py:830} INFO - Processing file /home/ubuntu/airflow/dags/try_dag.py for tasks to queue
[2024-01-30T16:58:51.631+0100] {logging_mixin.py:188} INFO - [2024-01-30T16:58:51.630+0100] {dagbag.py:538} INFO - Filling up the DagBag from /home/ubuntu/airflow/dags/try_dag.py
[2024-01-30T16:58:51.634+0100] {processor.py:842} WARNING - No viable dags retrieved from /home/ubuntu/airflow/dags/try_dag.py
[2024-01-30T16:58:51.647+0100] {processor.py:183} INFO - Processing /home/ubuntu/airflow/dags/try_dag.py took 0.026 seconds
[2024-01-30T16:59:23.671+0100] {processor.py:161} INFO - Started process (PID=5891) to work on /home/ubuntu/airflow/dags/try_dag.py
[2024-01-30T16:59:23.675+0100] {processor.py:830} INFO - Processing file /home/ubuntu/airflow/dags/try_dag.py for tasks to queue
[2024-01-30T16:59:23.677+0100] {logging_mixin.py:188} INFO - [2024-01-30T16:59:23.676+0100] {dagbag.py:538} INFO - Filling up the DagBag from /home/ubuntu/airflow/dags/try_dag.py
[2024-01-30T16:59:23.680+0100] {processor.py:842} WARNING - No viable dags retrieved from /home/ubuntu/airflow/dags/try_dag.py
[2024-01-30T16:59:23.720+0100] {processor.py:183} INFO - Processing /home/ubuntu/airflow/dags/try_dag.py took 0.056 seconds
[2024-01-30T17:00:28.175+0100] {processor.py:161} INFO - Started process (PID=6055) to work on /home/ubuntu/airflow/dags/try_dag.py
[2024-01-30T17:00:28.183+0100] {processor.py:830} INFO - Processing file /home/ubuntu/airflow/dags/try_dag.py for tasks to queue
[2024-01-30T17:00:28.185+0100] {logging_mixin.py:188} INFO - [2024-01-30T17:00:28.184+0100] {dagbag.py:538} INFO - Filling up the DagBag from /home/ubuntu/airflow/dags/try_dag.py
[2024-01-30T17:00:28.197+0100] {processor.py:842} WARNING - No viable dags retrieved from /home/ubuntu/airflow/dags/try_dag.py
[2024-01-30T17:00:28.272+0100] {processor.py:183} INFO - Processing /home/ubuntu/airflow/dags/try_dag.py took 0.102 seconds
[2024-01-30T17:01:33.804+0100] {processor.py:161} INFO - Started process (PID=6115) to work on /home/ubuntu/airflow/dags/try_dag.py
[2024-01-30T17:01:33.849+0100] {processor.py:830} INFO - Processing file /home/ubuntu/airflow/dags/try_dag.py for tasks to queue
[2024-01-30T17:01:33.858+0100] {logging_mixin.py:188} INFO - [2024-01-30T17:01:33.857+0100] {dagbag.py:538} INFO - Filling up the DagBag from /home/ubuntu/airflow/dags/try_dag.py
[2024-01-30T17:01:33.866+0100] {processor.py:842} WARNING - No viable dags retrieved from /home/ubuntu/airflow/dags/try_dag.py
[2024-01-30T17:01:33.884+0100] {processor.py:183} INFO - Processing /home/ubuntu/airflow/dags/try_dag.py took 0.116 seconds
[2024-01-30T17:02:17.073+0100] {processor.py:161} INFO - Started process (PID=6155) to work on /home/ubuntu/airflow/dags/try_dag.py
[2024-01-30T17:02:17.085+0100] {processor.py:830} INFO - Processing file /home/ubuntu/airflow/dags/try_dag.py for tasks to queue
[2024-01-30T17:02:17.088+0100] {logging_mixin.py:188} INFO - [2024-01-30T17:02:17.087+0100] {dagbag.py:538} INFO - Filling up the DagBag from /home/ubuntu/airflow/dags/try_dag.py
[2024-01-30T17:02:17.092+0100] {processor.py:842} WARNING - No viable dags retrieved from /home/ubuntu/airflow/dags/try_dag.py
[2024-01-30T17:02:17.123+0100] {processor.py:183} INFO - Processing /home/ubuntu/airflow/dags/try_dag.py took 0.075 seconds
[2024-01-30T17:02:53.621+0100] {processor.py:161} INFO - Started process (PID=6193) to work on /home/ubuntu/airflow/dags/try_dag.py
[2024-01-30T17:02:53.624+0100] {processor.py:830} INFO - Processing file /home/ubuntu/airflow/dags/try_dag.py for tasks to queue
[2024-01-30T17:02:53.627+0100] {logging_mixin.py:188} INFO - [2024-01-30T17:02:53.626+0100] {dagbag.py:538} INFO - Filling up the DagBag from /home/ubuntu/airflow/dags/try_dag.py
[2024-01-30T17:02:53.633+0100] {processor.py:842} WARNING - No viable dags retrieved from /home/ubuntu/airflow/dags/try_dag.py
[2024-01-30T17:02:53.673+0100] {processor.py:183} INFO - Processing /home/ubuntu/airflow/dags/try_dag.py took 0.056 seconds
[2024-01-30T17:03:31.238+0100] {processor.py:161} INFO - Started process (PID=6227) to work on /home/ubuntu/airflow/dags/try_dag.py
[2024-01-30T17:03:31.240+0100] {processor.py:830} INFO - Processing file /home/ubuntu/airflow/dags/try_dag.py for tasks to queue
[2024-01-30T17:03:31.243+0100] {logging_mixin.py:188} INFO - [2024-01-30T17:03:31.242+0100] {dagbag.py:538} INFO - Filling up the DagBag from /home/ubuntu/airflow/dags/try_dag.py
[2024-01-30T17:03:31.248+0100] {processor.py:842} WARNING - No viable dags retrieved from /home/ubuntu/airflow/dags/try_dag.py
[2024-01-30T17:03:31.272+0100] {processor.py:183} INFO - Processing /home/ubuntu/airflow/dags/try_dag.py took 0.044 seconds
[2024-01-30T17:04:09.269+0100] {processor.py:161} INFO - Started process (PID=6258) to work on /home/ubuntu/airflow/dags/try_dag.py
[2024-01-30T17:04:09.294+0100] {processor.py:830} INFO - Processing file /home/ubuntu/airflow/dags/try_dag.py for tasks to queue
[2024-01-30T17:04:09.300+0100] {logging_mixin.py:188} INFO - [2024-01-30T17:04:09.298+0100] {dagbag.py:538} INFO - Filling up the DagBag from /home/ubuntu/airflow/dags/try_dag.py
[2024-01-30T17:04:09.303+0100] {processor.py:842} WARNING - No viable dags retrieved from /home/ubuntu/airflow/dags/try_dag.py
[2024-01-30T17:04:09.325+0100] {processor.py:183} INFO - Processing /home/ubuntu/airflow/dags/try_dag.py took 0.064 seconds
[2024-01-30T17:04:47.993+0100] {processor.py:161} INFO - Started process (PID=6291) to work on /home/ubuntu/airflow/dags/try_dag.py
[2024-01-30T17:04:47.997+0100] {processor.py:830} INFO - Processing file /home/ubuntu/airflow/dags/try_dag.py for tasks to queue
[2024-01-30T17:04:48.000+0100] {logging_mixin.py:188} INFO - [2024-01-30T17:04:47.999+0100] {dagbag.py:538} INFO - Filling up the DagBag from /home/ubuntu/airflow/dags/try_dag.py
[2024-01-30T17:04:48.012+0100] {processor.py:842} WARNING - No viable dags retrieved from /home/ubuntu/airflow/dags/try_dag.py
[2024-01-30T17:04:48.028+0100] {processor.py:183} INFO - Processing /home/ubuntu/airflow/dags/try_dag.py took 0.059 seconds
[2024-01-30T17:05:26.968+0100] {processor.py:161} INFO - Started process (PID=6324) to work on /home/ubuntu/airflow/dags/try_dag.py
[2024-01-30T17:05:26.972+0100] {processor.py:830} INFO - Processing file /home/ubuntu/airflow/dags/try_dag.py for tasks to queue
[2024-01-30T17:05:26.975+0100] {logging_mixin.py:188} INFO - [2024-01-30T17:05:26.973+0100] {dagbag.py:538} INFO - Filling up the DagBag from /home/ubuntu/airflow/dags/try_dag.py
[2024-01-30T17:05:26.980+0100] {processor.py:842} WARNING - No viable dags retrieved from /home/ubuntu/airflow/dags/try_dag.py
[2024-01-30T17:05:26.998+0100] {processor.py:183} INFO - Processing /home/ubuntu/airflow/dags/try_dag.py took 0.034 seconds
[2024-01-30T17:06:09.647+0100] {processor.py:161} INFO - Started process (PID=6363) to work on /home/ubuntu/airflow/dags/try_dag.py
[2024-01-30T17:06:09.650+0100] {processor.py:830} INFO - Processing file /home/ubuntu/airflow/dags/try_dag.py for tasks to queue
[2024-01-30T17:06:09.651+0100] {logging_mixin.py:188} INFO - [2024-01-30T17:06:09.651+0100] {dagbag.py:538} INFO - Filling up the DagBag from /home/ubuntu/airflow/dags/try_dag.py
[2024-01-30T17:06:09.654+0100] {processor.py:842} WARNING - No viable dags retrieved from /home/ubuntu/airflow/dags/try_dag.py
[2024-01-30T17:06:09.671+0100] {processor.py:183} INFO - Processing /home/ubuntu/airflow/dags/try_dag.py took 0.037 seconds
[2024-01-30T17:06:46.037+0100] {processor.py:161} INFO - Started process (PID=6393) to work on /home/ubuntu/airflow/dags/try_dag.py
[2024-01-30T17:06:46.040+0100] {processor.py:830} INFO - Processing file /home/ubuntu/airflow/dags/try_dag.py for tasks to queue
[2024-01-30T17:06:46.042+0100] {logging_mixin.py:188} INFO - [2024-01-30T17:06:46.041+0100] {dagbag.py:538} INFO - Filling up the DagBag from /home/ubuntu/airflow/dags/try_dag.py
[2024-01-30T17:06:46.055+0100] {processor.py:842} WARNING - No viable dags retrieved from /home/ubuntu/airflow/dags/try_dag.py
[2024-01-30T17:06:46.075+0100] {processor.py:183} INFO - Processing /home/ubuntu/airflow/dags/try_dag.py took 0.057 seconds
[2024-01-30T17:07:26.722+0100] {processor.py:161} INFO - Started process (PID=6429) to work on /home/ubuntu/airflow/dags/try_dag.py
[2024-01-30T17:07:26.725+0100] {processor.py:830} INFO - Processing file /home/ubuntu/airflow/dags/try_dag.py for tasks to queue
[2024-01-30T17:07:26.727+0100] {logging_mixin.py:188} INFO - [2024-01-30T17:07:26.727+0100] {dagbag.py:538} INFO - Filling up the DagBag from /home/ubuntu/airflow/dags/try_dag.py
[2024-01-30T17:07:26.734+0100] {processor.py:842} WARNING - No viable dags retrieved from /home/ubuntu/airflow/dags/try_dag.py
[2024-01-30T17:07:26.760+0100] {processor.py:183} INFO - Processing /home/ubuntu/airflow/dags/try_dag.py took 0.044 seconds
[2024-01-30T20:36:00.442+0100] {processor.py:161} INFO - Started process (PID=6552) to work on /home/ubuntu/airflow/dags/try_dag.py
[2024-01-30T20:36:00.464+0100] {processor.py:830} INFO - Processing file /home/ubuntu/airflow/dags/try_dag.py for tasks to queue
[2024-01-30T20:36:00.466+0100] {logging_mixin.py:188} INFO - [2024-01-30T20:36:00.465+0100] {dagbag.py:538} INFO - Filling up the DagBag from /home/ubuntu/airflow/dags/try_dag.py
[2024-01-30T20:36:00.476+0100] {processor.py:842} WARNING - No viable dags retrieved from /home/ubuntu/airflow/dags/try_dag.py
[2024-01-30T20:36:00.576+0100] {processor.py:183} INFO - Processing /home/ubuntu/airflow/dags/try_dag.py took 0.139 seconds
