[2024-02-06T12:37:00.117+0100] {processor.py:161} INFO - Started process (PID=16225) to work on /home/ubuntu/.local/lib/python3.10/site-packages/airflow/example_dags/plugins/workday.py
[2024-02-06T12:37:00.118+0100] {processor.py:830} INFO - Processing file /home/ubuntu/.local/lib/python3.10/site-packages/airflow/example_dags/plugins/workday.py for tasks to queue
[2024-02-06T12:37:00.120+0100] {logging_mixin.py:188} INFO - [2024-02-06T12:37:00.119+0100] {dagbag.py:538} INFO - Filling up the DagBag from /home/ubuntu/.local/lib/python3.10/site-packages/airflow/example_dags/plugins/workday.py
[2024-02-06T12:37:01.035+0100] {processor.py:842} WARNING - No viable dags retrieved from /home/ubuntu/.local/lib/python3.10/site-packages/airflow/example_dags/plugins/workday.py
[2024-02-06T12:37:01.047+0100] {processor.py:183} INFO - Processing /home/ubuntu/.local/lib/python3.10/site-packages/airflow/example_dags/plugins/workday.py took 0.935 seconds
[2024-02-06T12:37:56.915+0100] {processor.py:161} INFO - Started process (PID=16416) to work on /home/ubuntu/.local/lib/python3.10/site-packages/airflow/example_dags/plugins/workday.py
[2024-02-06T12:37:56.925+0100] {processor.py:830} INFO - Processing file /home/ubuntu/.local/lib/python3.10/site-packages/airflow/example_dags/plugins/workday.py for tasks to queue
[2024-02-06T12:37:56.927+0100] {logging_mixin.py:188} INFO - [2024-02-06T12:37:56.926+0100] {dagbag.py:538} INFO - Filling up the DagBag from /home/ubuntu/.local/lib/python3.10/site-packages/airflow/example_dags/plugins/workday.py
[2024-02-06T12:37:58.115+0100] {processor.py:842} WARNING - No viable dags retrieved from /home/ubuntu/.local/lib/python3.10/site-packages/airflow/example_dags/plugins/workday.py
[2024-02-06T12:37:58.133+0100] {processor.py:183} INFO - Processing /home/ubuntu/.local/lib/python3.10/site-packages/airflow/example_dags/plugins/workday.py took 1.231 seconds
[2024-02-06T12:38:51.719+0100] {processor.py:161} INFO - Started process (PID=16580) to work on /home/ubuntu/.local/lib/python3.10/site-packages/airflow/example_dags/plugins/workday.py
[2024-02-06T12:38:51.721+0100] {processor.py:830} INFO - Processing file /home/ubuntu/.local/lib/python3.10/site-packages/airflow/example_dags/plugins/workday.py for tasks to queue
[2024-02-06T12:38:51.722+0100] {logging_mixin.py:188} INFO - [2024-02-06T12:38:51.722+0100] {dagbag.py:538} INFO - Filling up the DagBag from /home/ubuntu/.local/lib/python3.10/site-packages/airflow/example_dags/plugins/workday.py
[2024-02-06T12:38:52.443+0100] {processor.py:842} WARNING - No viable dags retrieved from /home/ubuntu/.local/lib/python3.10/site-packages/airflow/example_dags/plugins/workday.py
[2024-02-06T12:38:52.457+0100] {processor.py:183} INFO - Processing /home/ubuntu/.local/lib/python3.10/site-packages/airflow/example_dags/plugins/workday.py took 0.743 seconds
[2024-02-06T12:39:42.782+0100] {processor.py:161} INFO - Started process (PID=16699) to work on /home/ubuntu/.local/lib/python3.10/site-packages/airflow/example_dags/plugins/workday.py
[2024-02-06T12:39:42.784+0100] {processor.py:830} INFO - Processing file /home/ubuntu/.local/lib/python3.10/site-packages/airflow/example_dags/plugins/workday.py for tasks to queue
[2024-02-06T12:39:42.786+0100] {logging_mixin.py:188} INFO - [2024-02-06T12:39:42.785+0100] {dagbag.py:538} INFO - Filling up the DagBag from /home/ubuntu/.local/lib/python3.10/site-packages/airflow/example_dags/plugins/workday.py
[2024-02-06T12:39:43.469+0100] {processor.py:842} WARNING - No viable dags retrieved from /home/ubuntu/.local/lib/python3.10/site-packages/airflow/example_dags/plugins/workday.py
[2024-02-06T12:39:43.478+0100] {processor.py:183} INFO - Processing /home/ubuntu/.local/lib/python3.10/site-packages/airflow/example_dags/plugins/workday.py took 0.702 seconds
[2024-02-06T12:40:30.728+0100] {processor.py:161} INFO - Started process (PID=16872) to work on /home/ubuntu/.local/lib/python3.10/site-packages/airflow/example_dags/plugins/workday.py
[2024-02-06T12:40:30.730+0100] {processor.py:830} INFO - Processing file /home/ubuntu/.local/lib/python3.10/site-packages/airflow/example_dags/plugins/workday.py for tasks to queue
[2024-02-06T12:40:30.731+0100] {logging_mixin.py:188} INFO - [2024-02-06T12:40:30.730+0100] {dagbag.py:538} INFO - Filling up the DagBag from /home/ubuntu/.local/lib/python3.10/site-packages/airflow/example_dags/plugins/workday.py
[2024-02-06T12:40:31.391+0100] {processor.py:842} WARNING - No viable dags retrieved from /home/ubuntu/.local/lib/python3.10/site-packages/airflow/example_dags/plugins/workday.py
[2024-02-06T12:40:31.400+0100] {processor.py:183} INFO - Processing /home/ubuntu/.local/lib/python3.10/site-packages/airflow/example_dags/plugins/workday.py took 0.677 seconds
[2024-02-06T12:41:18.118+0100] {processor.py:161} INFO - Started process (PID=17002) to work on /home/ubuntu/.local/lib/python3.10/site-packages/airflow/example_dags/plugins/workday.py
[2024-02-06T12:41:18.120+0100] {processor.py:830} INFO - Processing file /home/ubuntu/.local/lib/python3.10/site-packages/airflow/example_dags/plugins/workday.py for tasks to queue
[2024-02-06T12:41:18.123+0100] {logging_mixin.py:188} INFO - [2024-02-06T12:41:18.121+0100] {dagbag.py:538} INFO - Filling up the DagBag from /home/ubuntu/.local/lib/python3.10/site-packages/airflow/example_dags/plugins/workday.py
[2024-02-06T12:41:18.763+0100] {processor.py:842} WARNING - No viable dags retrieved from /home/ubuntu/.local/lib/python3.10/site-packages/airflow/example_dags/plugins/workday.py
[2024-02-06T12:41:18.775+0100] {processor.py:183} INFO - Processing /home/ubuntu/.local/lib/python3.10/site-packages/airflow/example_dags/plugins/workday.py took 0.661 seconds
[2024-02-06T12:42:04.316+0100] {processor.py:161} INFO - Started process (PID=17103) to work on /home/ubuntu/.local/lib/python3.10/site-packages/airflow/example_dags/plugins/workday.py
[2024-02-06T12:42:04.318+0100] {processor.py:830} INFO - Processing file /home/ubuntu/.local/lib/python3.10/site-packages/airflow/example_dags/plugins/workday.py for tasks to queue
[2024-02-06T12:42:04.320+0100] {logging_mixin.py:188} INFO - [2024-02-06T12:42:04.319+0100] {dagbag.py:538} INFO - Filling up the DagBag from /home/ubuntu/.local/lib/python3.10/site-packages/airflow/example_dags/plugins/workday.py
[2024-02-06T12:42:05.106+0100] {processor.py:842} WARNING - No viable dags retrieved from /home/ubuntu/.local/lib/python3.10/site-packages/airflow/example_dags/plugins/workday.py
[2024-02-06T12:42:05.117+0100] {processor.py:183} INFO - Processing /home/ubuntu/.local/lib/python3.10/site-packages/airflow/example_dags/plugins/workday.py took 0.806 seconds
[2024-02-06T12:42:53.555+0100] {processor.py:161} INFO - Started process (PID=17222) to work on /home/ubuntu/.local/lib/python3.10/site-packages/airflow/example_dags/plugins/workday.py
[2024-02-06T12:42:53.557+0100] {processor.py:830} INFO - Processing file /home/ubuntu/.local/lib/python3.10/site-packages/airflow/example_dags/plugins/workday.py for tasks to queue
[2024-02-06T12:42:53.558+0100] {logging_mixin.py:188} INFO - [2024-02-06T12:42:53.557+0100] {dagbag.py:538} INFO - Filling up the DagBag from /home/ubuntu/.local/lib/python3.10/site-packages/airflow/example_dags/plugins/workday.py
[2024-02-06T12:42:54.225+0100] {processor.py:842} WARNING - No viable dags retrieved from /home/ubuntu/.local/lib/python3.10/site-packages/airflow/example_dags/plugins/workday.py
[2024-02-06T12:42:54.233+0100] {processor.py:183} INFO - Processing /home/ubuntu/.local/lib/python3.10/site-packages/airflow/example_dags/plugins/workday.py took 0.684 seconds
[2024-02-06T12:43:45.448+0100] {processor.py:161} INFO - Started process (PID=17363) to work on /home/ubuntu/.local/lib/python3.10/site-packages/airflow/example_dags/plugins/workday.py
[2024-02-06T12:43:45.450+0100] {processor.py:830} INFO - Processing file /home/ubuntu/.local/lib/python3.10/site-packages/airflow/example_dags/plugins/workday.py for tasks to queue
[2024-02-06T12:43:45.452+0100] {logging_mixin.py:188} INFO - [2024-02-06T12:43:45.451+0100] {dagbag.py:538} INFO - Filling up the DagBag from /home/ubuntu/.local/lib/python3.10/site-packages/airflow/example_dags/plugins/workday.py
[2024-02-06T12:43:46.379+0100] {processor.py:842} WARNING - No viable dags retrieved from /home/ubuntu/.local/lib/python3.10/site-packages/airflow/example_dags/plugins/workday.py
[2024-02-06T12:43:46.393+0100] {processor.py:183} INFO - Processing /home/ubuntu/.local/lib/python3.10/site-packages/airflow/example_dags/plugins/workday.py took 0.950 seconds
[2024-02-06T12:44:43.455+0100] {processor.py:161} INFO - Started process (PID=17480) to work on /home/ubuntu/.local/lib/python3.10/site-packages/airflow/example_dags/plugins/workday.py
[2024-02-06T12:44:43.460+0100] {processor.py:830} INFO - Processing file /home/ubuntu/.local/lib/python3.10/site-packages/airflow/example_dags/plugins/workday.py for tasks to queue
[2024-02-06T12:44:43.462+0100] {logging_mixin.py:188} INFO - [2024-02-06T12:44:43.462+0100] {dagbag.py:538} INFO - Filling up the DagBag from /home/ubuntu/.local/lib/python3.10/site-packages/airflow/example_dags/plugins/workday.py
[2024-02-06T12:44:44.361+0100] {processor.py:842} WARNING - No viable dags retrieved from /home/ubuntu/.local/lib/python3.10/site-packages/airflow/example_dags/plugins/workday.py
[2024-02-06T12:44:44.373+0100] {processor.py:183} INFO - Processing /home/ubuntu/.local/lib/python3.10/site-packages/airflow/example_dags/plugins/workday.py took 0.922 seconds
[2024-02-06T12:45:42.696+0100] {processor.py:161} INFO - Started process (PID=17682) to work on /home/ubuntu/.local/lib/python3.10/site-packages/airflow/example_dags/plugins/workday.py
[2024-02-06T12:45:42.698+0100] {processor.py:830} INFO - Processing file /home/ubuntu/.local/lib/python3.10/site-packages/airflow/example_dags/plugins/workday.py for tasks to queue
[2024-02-06T12:45:42.699+0100] {logging_mixin.py:188} INFO - [2024-02-06T12:45:42.699+0100] {dagbag.py:538} INFO - Filling up the DagBag from /home/ubuntu/.local/lib/python3.10/site-packages/airflow/example_dags/plugins/workday.py
[2024-02-06T12:45:43.471+0100] {processor.py:842} WARNING - No viable dags retrieved from /home/ubuntu/.local/lib/python3.10/site-packages/airflow/example_dags/plugins/workday.py
[2024-02-06T12:45:43.484+0100] {processor.py:183} INFO - Processing /home/ubuntu/.local/lib/python3.10/site-packages/airflow/example_dags/plugins/workday.py took 0.794 seconds
[2024-02-06T12:46:39.528+0100] {processor.py:161} INFO - Started process (PID=17829) to work on /home/ubuntu/.local/lib/python3.10/site-packages/airflow/example_dags/plugins/workday.py
[2024-02-06T12:46:39.530+0100] {processor.py:830} INFO - Processing file /home/ubuntu/.local/lib/python3.10/site-packages/airflow/example_dags/plugins/workday.py for tasks to queue
[2024-02-06T12:46:39.531+0100] {logging_mixin.py:188} INFO - [2024-02-06T12:46:39.530+0100] {dagbag.py:538} INFO - Filling up the DagBag from /home/ubuntu/.local/lib/python3.10/site-packages/airflow/example_dags/plugins/workday.py
[2024-02-06T12:46:40.205+0100] {processor.py:842} WARNING - No viable dags retrieved from /home/ubuntu/.local/lib/python3.10/site-packages/airflow/example_dags/plugins/workday.py
[2024-02-06T12:46:40.215+0100] {processor.py:183} INFO - Processing /home/ubuntu/.local/lib/python3.10/site-packages/airflow/example_dags/plugins/workday.py took 0.692 seconds
[2024-02-06T12:47:27.575+0100] {processor.py:161} INFO - Started process (PID=17933) to work on /home/ubuntu/.local/lib/python3.10/site-packages/airflow/example_dags/plugins/workday.py
[2024-02-06T12:47:27.579+0100] {processor.py:830} INFO - Processing file /home/ubuntu/.local/lib/python3.10/site-packages/airflow/example_dags/plugins/workday.py for tasks to queue
[2024-02-06T12:47:27.580+0100] {logging_mixin.py:188} INFO - [2024-02-06T12:47:27.580+0100] {dagbag.py:538} INFO - Filling up the DagBag from /home/ubuntu/.local/lib/python3.10/site-packages/airflow/example_dags/plugins/workday.py
[2024-02-06T12:47:28.175+0100] {processor.py:842} WARNING - No viable dags retrieved from /home/ubuntu/.local/lib/python3.10/site-packages/airflow/example_dags/plugins/workday.py
[2024-02-06T12:47:28.182+0100] {processor.py:183} INFO - Processing /home/ubuntu/.local/lib/python3.10/site-packages/airflow/example_dags/plugins/workday.py took 0.611 seconds
[2024-02-06T12:48:15.475+0100] {processor.py:161} INFO - Started process (PID=18052) to work on /home/ubuntu/.local/lib/python3.10/site-packages/airflow/example_dags/plugins/workday.py
[2024-02-06T12:48:15.480+0100] {processor.py:830} INFO - Processing file /home/ubuntu/.local/lib/python3.10/site-packages/airflow/example_dags/plugins/workday.py for tasks to queue
[2024-02-06T12:48:15.481+0100] {logging_mixin.py:188} INFO - [2024-02-06T12:48:15.480+0100] {dagbag.py:538} INFO - Filling up the DagBag from /home/ubuntu/.local/lib/python3.10/site-packages/airflow/example_dags/plugins/workday.py
[2024-02-06T12:48:16.141+0100] {processor.py:842} WARNING - No viable dags retrieved from /home/ubuntu/.local/lib/python3.10/site-packages/airflow/example_dags/plugins/workday.py
[2024-02-06T12:48:16.149+0100] {processor.py:183} INFO - Processing /home/ubuntu/.local/lib/python3.10/site-packages/airflow/example_dags/plugins/workday.py took 0.679 seconds
[2024-02-06T12:49:03.452+0100] {processor.py:161} INFO - Started process (PID=18160) to work on /home/ubuntu/.local/lib/python3.10/site-packages/airflow/example_dags/plugins/workday.py
[2024-02-06T12:49:03.454+0100] {processor.py:830} INFO - Processing file /home/ubuntu/.local/lib/python3.10/site-packages/airflow/example_dags/plugins/workday.py for tasks to queue
[2024-02-06T12:49:03.456+0100] {logging_mixin.py:188} INFO - [2024-02-06T12:49:03.455+0100] {dagbag.py:538} INFO - Filling up the DagBag from /home/ubuntu/.local/lib/python3.10/site-packages/airflow/example_dags/plugins/workday.py
[2024-02-06T12:49:04.123+0100] {processor.py:842} WARNING - No viable dags retrieved from /home/ubuntu/.local/lib/python3.10/site-packages/airflow/example_dags/plugins/workday.py
[2024-02-06T12:49:04.132+0100] {processor.py:183} INFO - Processing /home/ubuntu/.local/lib/python3.10/site-packages/airflow/example_dags/plugins/workday.py took 0.684 seconds
[2024-02-06T12:49:46.448+0100] {processor.py:161} INFO - Started process (PID=18259) to work on /home/ubuntu/.local/lib/python3.10/site-packages/airflow/example_dags/plugins/workday.py
[2024-02-06T12:49:46.451+0100] {processor.py:830} INFO - Processing file /home/ubuntu/.local/lib/python3.10/site-packages/airflow/example_dags/plugins/workday.py for tasks to queue
[2024-02-06T12:49:46.452+0100] {logging_mixin.py:188} INFO - [2024-02-06T12:49:46.452+0100] {dagbag.py:538} INFO - Filling up the DagBag from /home/ubuntu/.local/lib/python3.10/site-packages/airflow/example_dags/plugins/workday.py
[2024-02-06T12:49:47.028+0100] {processor.py:842} WARNING - No viable dags retrieved from /home/ubuntu/.local/lib/python3.10/site-packages/airflow/example_dags/plugins/workday.py
[2024-02-06T12:49:47.038+0100] {processor.py:183} INFO - Processing /home/ubuntu/.local/lib/python3.10/site-packages/airflow/example_dags/plugins/workday.py took 0.597 seconds
[2024-02-06T12:50:34.129+0100] {processor.py:161} INFO - Started process (PID=18395) to work on /home/ubuntu/.local/lib/python3.10/site-packages/airflow/example_dags/plugins/workday.py
[2024-02-06T12:50:34.132+0100] {processor.py:830} INFO - Processing file /home/ubuntu/.local/lib/python3.10/site-packages/airflow/example_dags/plugins/workday.py for tasks to queue
[2024-02-06T12:50:34.134+0100] {logging_mixin.py:188} INFO - [2024-02-06T12:50:34.133+0100] {dagbag.py:538} INFO - Filling up the DagBag from /home/ubuntu/.local/lib/python3.10/site-packages/airflow/example_dags/plugins/workday.py
[2024-02-06T12:50:34.983+0100] {processor.py:842} WARNING - No viable dags retrieved from /home/ubuntu/.local/lib/python3.10/site-packages/airflow/example_dags/plugins/workday.py
[2024-02-06T12:50:34.999+0100] {processor.py:183} INFO - Processing /home/ubuntu/.local/lib/python3.10/site-packages/airflow/example_dags/plugins/workday.py took 0.876 seconds
[2024-02-06T12:51:24.718+0100] {processor.py:161} INFO - Started process (PID=18515) to work on /home/ubuntu/.local/lib/python3.10/site-packages/airflow/example_dags/plugins/workday.py
[2024-02-06T12:51:24.723+0100] {processor.py:830} INFO - Processing file /home/ubuntu/.local/lib/python3.10/site-packages/airflow/example_dags/plugins/workday.py for tasks to queue
[2024-02-06T12:51:24.724+0100] {logging_mixin.py:188} INFO - [2024-02-06T12:51:24.724+0100] {dagbag.py:538} INFO - Filling up the DagBag from /home/ubuntu/.local/lib/python3.10/site-packages/airflow/example_dags/plugins/workday.py
[2024-02-06T12:51:25.423+0100] {processor.py:842} WARNING - No viable dags retrieved from /home/ubuntu/.local/lib/python3.10/site-packages/airflow/example_dags/plugins/workday.py
[2024-02-06T12:51:25.432+0100] {processor.py:183} INFO - Processing /home/ubuntu/.local/lib/python3.10/site-packages/airflow/example_dags/plugins/workday.py took 0.720 seconds
[2024-02-06T12:52:13.741+0100] {processor.py:161} INFO - Started process (PID=18625) to work on /home/ubuntu/.local/lib/python3.10/site-packages/airflow/example_dags/plugins/workday.py
[2024-02-06T12:52:13.743+0100] {processor.py:830} INFO - Processing file /home/ubuntu/.local/lib/python3.10/site-packages/airflow/example_dags/plugins/workday.py for tasks to queue
[2024-02-06T12:52:13.744+0100] {logging_mixin.py:188} INFO - [2024-02-06T12:52:13.744+0100] {dagbag.py:538} INFO - Filling up the DagBag from /home/ubuntu/.local/lib/python3.10/site-packages/airflow/example_dags/plugins/workday.py
[2024-02-06T12:52:14.586+0100] {processor.py:842} WARNING - No viable dags retrieved from /home/ubuntu/.local/lib/python3.10/site-packages/airflow/example_dags/plugins/workday.py
[2024-02-06T12:52:14.595+0100] {processor.py:183} INFO - Processing /home/ubuntu/.local/lib/python3.10/site-packages/airflow/example_dags/plugins/workday.py took 0.859 seconds
[2024-02-06T12:53:10.497+0100] {processor.py:161} INFO - Started process (PID=18839) to work on /home/ubuntu/.local/lib/python3.10/site-packages/airflow/example_dags/plugins/workday.py
[2024-02-06T12:53:10.499+0100] {processor.py:830} INFO - Processing file /home/ubuntu/.local/lib/python3.10/site-packages/airflow/example_dags/plugins/workday.py for tasks to queue
[2024-02-06T12:53:10.501+0100] {logging_mixin.py:188} INFO - [2024-02-06T12:53:10.500+0100] {dagbag.py:538} INFO - Filling up the DagBag from /home/ubuntu/.local/lib/python3.10/site-packages/airflow/example_dags/plugins/workday.py
[2024-02-06T12:53:11.157+0100] {processor.py:842} WARNING - No viable dags retrieved from /home/ubuntu/.local/lib/python3.10/site-packages/airflow/example_dags/plugins/workday.py
[2024-02-06T12:53:11.167+0100] {processor.py:183} INFO - Processing /home/ubuntu/.local/lib/python3.10/site-packages/airflow/example_dags/plugins/workday.py took 0.675 seconds
[2024-02-06T12:54:07.749+0100] {processor.py:161} INFO - Started process (PID=18965) to work on /home/ubuntu/.local/lib/python3.10/site-packages/airflow/example_dags/plugins/workday.py
[2024-02-06T12:54:07.751+0100] {processor.py:830} INFO - Processing file /home/ubuntu/.local/lib/python3.10/site-packages/airflow/example_dags/plugins/workday.py for tasks to queue
[2024-02-06T12:54:07.752+0100] {logging_mixin.py:188} INFO - [2024-02-06T12:54:07.751+0100] {dagbag.py:538} INFO - Filling up the DagBag from /home/ubuntu/.local/lib/python3.10/site-packages/airflow/example_dags/plugins/workday.py
[2024-02-06T12:54:08.501+0100] {processor.py:842} WARNING - No viable dags retrieved from /home/ubuntu/.local/lib/python3.10/site-packages/airflow/example_dags/plugins/workday.py
[2024-02-06T12:54:08.513+0100] {processor.py:183} INFO - Processing /home/ubuntu/.local/lib/python3.10/site-packages/airflow/example_dags/plugins/workday.py took 0.769 seconds
[2024-02-06T12:54:59.353+0100] {processor.py:161} INFO - Started process (PID=19087) to work on /home/ubuntu/.local/lib/python3.10/site-packages/airflow/example_dags/plugins/workday.py
[2024-02-06T12:54:59.355+0100] {processor.py:830} INFO - Processing file /home/ubuntu/.local/lib/python3.10/site-packages/airflow/example_dags/plugins/workday.py for tasks to queue
[2024-02-06T12:54:59.356+0100] {logging_mixin.py:188} INFO - [2024-02-06T12:54:59.356+0100] {dagbag.py:538} INFO - Filling up the DagBag from /home/ubuntu/.local/lib/python3.10/site-packages/airflow/example_dags/plugins/workday.py
[2024-02-06T12:55:00.265+0100] {processor.py:842} WARNING - No viable dags retrieved from /home/ubuntu/.local/lib/python3.10/site-packages/airflow/example_dags/plugins/workday.py
[2024-02-06T12:55:00.277+0100] {processor.py:183} INFO - Processing /home/ubuntu/.local/lib/python3.10/site-packages/airflow/example_dags/plugins/workday.py took 0.928 seconds
[2024-02-06T12:55:51.424+0100] {processor.py:161} INFO - Started process (PID=19208) to work on /home/ubuntu/.local/lib/python3.10/site-packages/airflow/example_dags/plugins/workday.py
[2024-02-06T12:55:51.428+0100] {processor.py:830} INFO - Processing file /home/ubuntu/.local/lib/python3.10/site-packages/airflow/example_dags/plugins/workday.py for tasks to queue
[2024-02-06T12:55:51.430+0100] {logging_mixin.py:188} INFO - [2024-02-06T12:55:51.429+0100] {dagbag.py:538} INFO - Filling up the DagBag from /home/ubuntu/.local/lib/python3.10/site-packages/airflow/example_dags/plugins/workday.py
[2024-02-06T12:55:52.023+0100] {processor.py:842} WARNING - No viable dags retrieved from /home/ubuntu/.local/lib/python3.10/site-packages/airflow/example_dags/plugins/workday.py
[2024-02-06T12:55:52.036+0100] {processor.py:183} INFO - Processing /home/ubuntu/.local/lib/python3.10/site-packages/airflow/example_dags/plugins/workday.py took 0.616 seconds
[2024-02-06T12:56:38.860+0100] {processor.py:161} INFO - Started process (PID=19313) to work on /home/ubuntu/.local/lib/python3.10/site-packages/airflow/example_dags/plugins/workday.py
[2024-02-06T12:56:38.863+0100] {processor.py:830} INFO - Processing file /home/ubuntu/.local/lib/python3.10/site-packages/airflow/example_dags/plugins/workday.py for tasks to queue
[2024-02-06T12:56:38.864+0100] {logging_mixin.py:188} INFO - [2024-02-06T12:56:38.864+0100] {dagbag.py:538} INFO - Filling up the DagBag from /home/ubuntu/.local/lib/python3.10/site-packages/airflow/example_dags/plugins/workday.py
[2024-02-06T12:56:39.509+0100] {processor.py:842} WARNING - No viable dags retrieved from /home/ubuntu/.local/lib/python3.10/site-packages/airflow/example_dags/plugins/workday.py
[2024-02-06T12:56:39.518+0100] {processor.py:183} INFO - Processing /home/ubuntu/.local/lib/python3.10/site-packages/airflow/example_dags/plugins/workday.py took 0.662 seconds
[2024-02-06T12:57:36.012+0100] {processor.py:161} INFO - Started process (PID=19451) to work on /home/ubuntu/.local/lib/python3.10/site-packages/airflow/example_dags/plugins/workday.py
[2024-02-06T12:57:36.014+0100] {processor.py:830} INFO - Processing file /home/ubuntu/.local/lib/python3.10/site-packages/airflow/example_dags/plugins/workday.py for tasks to queue
[2024-02-06T12:57:36.015+0100] {logging_mixin.py:188} INFO - [2024-02-06T12:57:36.015+0100] {dagbag.py:538} INFO - Filling up the DagBag from /home/ubuntu/.local/lib/python3.10/site-packages/airflow/example_dags/plugins/workday.py
[2024-02-06T12:57:36.526+0100] {processor.py:842} WARNING - No viable dags retrieved from /home/ubuntu/.local/lib/python3.10/site-packages/airflow/example_dags/plugins/workday.py
[2024-02-06T12:57:36.538+0100] {processor.py:183} INFO - Processing /home/ubuntu/.local/lib/python3.10/site-packages/airflow/example_dags/plugins/workday.py took 0.532 seconds
[2024-02-06T12:58:25.828+0100] {processor.py:161} INFO - Started process (PID=19557) to work on /home/ubuntu/.local/lib/python3.10/site-packages/airflow/example_dags/plugins/workday.py
[2024-02-06T12:58:25.830+0100] {processor.py:830} INFO - Processing file /home/ubuntu/.local/lib/python3.10/site-packages/airflow/example_dags/plugins/workday.py for tasks to queue
[2024-02-06T12:58:25.832+0100] {logging_mixin.py:188} INFO - [2024-02-06T12:58:25.831+0100] {dagbag.py:538} INFO - Filling up the DagBag from /home/ubuntu/.local/lib/python3.10/site-packages/airflow/example_dags/plugins/workday.py
[2024-02-06T12:58:26.405+0100] {processor.py:842} WARNING - No viable dags retrieved from /home/ubuntu/.local/lib/python3.10/site-packages/airflow/example_dags/plugins/workday.py
[2024-02-06T12:58:26.417+0100] {processor.py:183} INFO - Processing /home/ubuntu/.local/lib/python3.10/site-packages/airflow/example_dags/plugins/workday.py took 0.593 seconds
[2024-02-06T12:59:11.601+0100] {processor.py:161} INFO - Started process (PID=19681) to work on /home/ubuntu/.local/lib/python3.10/site-packages/airflow/example_dags/plugins/workday.py
[2024-02-06T12:59:11.603+0100] {processor.py:830} INFO - Processing file /home/ubuntu/.local/lib/python3.10/site-packages/airflow/example_dags/plugins/workday.py for tasks to queue
[2024-02-06T12:59:11.604+0100] {logging_mixin.py:188} INFO - [2024-02-06T12:59:11.604+0100] {dagbag.py:538} INFO - Filling up the DagBag from /home/ubuntu/.local/lib/python3.10/site-packages/airflow/example_dags/plugins/workday.py
[2024-02-06T12:59:12.165+0100] {processor.py:842} WARNING - No viable dags retrieved from /home/ubuntu/.local/lib/python3.10/site-packages/airflow/example_dags/plugins/workday.py
[2024-02-06T12:59:12.181+0100] {processor.py:183} INFO - Processing /home/ubuntu/.local/lib/python3.10/site-packages/airflow/example_dags/plugins/workday.py took 0.585 seconds
[2024-02-06T13:00:06.570+0100] {processor.py:161} INFO - Started process (PID=19910) to work on /home/ubuntu/.local/lib/python3.10/site-packages/airflow/example_dags/plugins/workday.py
[2024-02-06T13:00:06.574+0100] {processor.py:830} INFO - Processing file /home/ubuntu/.local/lib/python3.10/site-packages/airflow/example_dags/plugins/workday.py for tasks to queue
[2024-02-06T13:00:06.575+0100] {logging_mixin.py:188} INFO - [2024-02-06T13:00:06.575+0100] {dagbag.py:538} INFO - Filling up the DagBag from /home/ubuntu/.local/lib/python3.10/site-packages/airflow/example_dags/plugins/workday.py
[2024-02-06T13:00:07.025+0100] {processor.py:842} WARNING - No viable dags retrieved from /home/ubuntu/.local/lib/python3.10/site-packages/airflow/example_dags/plugins/workday.py
[2024-02-06T13:00:07.039+0100] {processor.py:183} INFO - Processing /home/ubuntu/.local/lib/python3.10/site-packages/airflow/example_dags/plugins/workday.py took 0.474 seconds
[2024-02-06T13:01:02.841+0100] {processor.py:161} INFO - Started process (PID=20097) to work on /home/ubuntu/.local/lib/python3.10/site-packages/airflow/example_dags/plugins/workday.py
[2024-02-06T13:01:02.847+0100] {processor.py:830} INFO - Processing file /home/ubuntu/.local/lib/python3.10/site-packages/airflow/example_dags/plugins/workday.py for tasks to queue
[2024-02-06T13:01:02.849+0100] {logging_mixin.py:188} INFO - [2024-02-06T13:01:02.848+0100] {dagbag.py:538} INFO - Filling up the DagBag from /home/ubuntu/.local/lib/python3.10/site-packages/airflow/example_dags/plugins/workday.py
[2024-02-06T13:01:03.949+0100] {processor.py:842} WARNING - No viable dags retrieved from /home/ubuntu/.local/lib/python3.10/site-packages/airflow/example_dags/plugins/workday.py
[2024-02-06T13:01:03.989+0100] {processor.py:183} INFO - Processing /home/ubuntu/.local/lib/python3.10/site-packages/airflow/example_dags/plugins/workday.py took 1.166 seconds
[2024-02-06T13:01:59.700+0100] {processor.py:161} INFO - Started process (PID=20263) to work on /home/ubuntu/.local/lib/python3.10/site-packages/airflow/example_dags/plugins/workday.py
[2024-02-06T13:01:59.702+0100] {processor.py:830} INFO - Processing file /home/ubuntu/.local/lib/python3.10/site-packages/airflow/example_dags/plugins/workday.py for tasks to queue
[2024-02-06T13:01:59.704+0100] {logging_mixin.py:188} INFO - [2024-02-06T13:01:59.703+0100] {dagbag.py:538} INFO - Filling up the DagBag from /home/ubuntu/.local/lib/python3.10/site-packages/airflow/example_dags/plugins/workday.py
[2024-02-06T13:02:00.424+0100] {processor.py:842} WARNING - No viable dags retrieved from /home/ubuntu/.local/lib/python3.10/site-packages/airflow/example_dags/plugins/workday.py
[2024-02-06T13:02:00.437+0100] {processor.py:183} INFO - Processing /home/ubuntu/.local/lib/python3.10/site-packages/airflow/example_dags/plugins/workday.py took 0.742 seconds
[2024-02-06T13:02:56.550+0100] {processor.py:161} INFO - Started process (PID=20440) to work on /home/ubuntu/.local/lib/python3.10/site-packages/airflow/example_dags/plugins/workday.py
[2024-02-06T13:02:56.552+0100] {processor.py:830} INFO - Processing file /home/ubuntu/.local/lib/python3.10/site-packages/airflow/example_dags/plugins/workday.py for tasks to queue
[2024-02-06T13:02:56.553+0100] {logging_mixin.py:188} INFO - [2024-02-06T13:02:56.552+0100] {dagbag.py:538} INFO - Filling up the DagBag from /home/ubuntu/.local/lib/python3.10/site-packages/airflow/example_dags/plugins/workday.py
[2024-02-06T13:02:57.137+0100] {processor.py:842} WARNING - No viable dags retrieved from /home/ubuntu/.local/lib/python3.10/site-packages/airflow/example_dags/plugins/workday.py
[2024-02-06T13:02:57.151+0100] {processor.py:183} INFO - Processing /home/ubuntu/.local/lib/python3.10/site-packages/airflow/example_dags/plugins/workday.py took 0.606 seconds
[2024-02-06T13:03:53.126+0100] {processor.py:161} INFO - Started process (PID=20610) to work on /home/ubuntu/.local/lib/python3.10/site-packages/airflow/example_dags/plugins/workday.py
[2024-02-06T13:03:53.129+0100] {processor.py:830} INFO - Processing file /home/ubuntu/.local/lib/python3.10/site-packages/airflow/example_dags/plugins/workday.py for tasks to queue
[2024-02-06T13:03:53.130+0100] {logging_mixin.py:188} INFO - [2024-02-06T13:03:53.129+0100] {dagbag.py:538} INFO - Filling up the DagBag from /home/ubuntu/.local/lib/python3.10/site-packages/airflow/example_dags/plugins/workday.py
[2024-02-06T13:03:53.656+0100] {processor.py:842} WARNING - No viable dags retrieved from /home/ubuntu/.local/lib/python3.10/site-packages/airflow/example_dags/plugins/workday.py
[2024-02-06T13:03:53.667+0100] {processor.py:183} INFO - Processing /home/ubuntu/.local/lib/python3.10/site-packages/airflow/example_dags/plugins/workday.py took 0.550 seconds
[2024-02-06T13:04:42.021+0100] {processor.py:161} INFO - Started process (PID=20754) to work on /home/ubuntu/.local/lib/python3.10/site-packages/airflow/example_dags/plugins/workday.py
[2024-02-06T13:04:42.023+0100] {processor.py:830} INFO - Processing file /home/ubuntu/.local/lib/python3.10/site-packages/airflow/example_dags/plugins/workday.py for tasks to queue
[2024-02-06T13:04:42.025+0100] {logging_mixin.py:188} INFO - [2024-02-06T13:04:42.024+0100] {dagbag.py:538} INFO - Filling up the DagBag from /home/ubuntu/.local/lib/python3.10/site-packages/airflow/example_dags/plugins/workday.py
[2024-02-06T13:04:42.560+0100] {processor.py:842} WARNING - No viable dags retrieved from /home/ubuntu/.local/lib/python3.10/site-packages/airflow/example_dags/plugins/workday.py
[2024-02-06T13:04:42.575+0100] {processor.py:183} INFO - Processing /home/ubuntu/.local/lib/python3.10/site-packages/airflow/example_dags/plugins/workday.py took 0.562 seconds
[2024-02-06T13:05:27.669+0100] {processor.py:161} INFO - Started process (PID=20883) to work on /home/ubuntu/.local/lib/python3.10/site-packages/airflow/example_dags/plugins/workday.py
[2024-02-06T13:05:27.671+0100] {processor.py:830} INFO - Processing file /home/ubuntu/.local/lib/python3.10/site-packages/airflow/example_dags/plugins/workday.py for tasks to queue
[2024-02-06T13:05:27.672+0100] {logging_mixin.py:188} INFO - [2024-02-06T13:05:27.672+0100] {dagbag.py:538} INFO - Filling up the DagBag from /home/ubuntu/.local/lib/python3.10/site-packages/airflow/example_dags/plugins/workday.py
[2024-02-06T13:05:28.122+0100] {processor.py:842} WARNING - No viable dags retrieved from /home/ubuntu/.local/lib/python3.10/site-packages/airflow/example_dags/plugins/workday.py
[2024-02-06T13:05:28.132+0100] {processor.py:183} INFO - Processing /home/ubuntu/.local/lib/python3.10/site-packages/airflow/example_dags/plugins/workday.py took 0.467 seconds
[2024-02-06T13:06:17.191+0100] {processor.py:161} INFO - Started process (PID=21026) to work on /home/ubuntu/.local/lib/python3.10/site-packages/airflow/example_dags/plugins/workday.py
[2024-02-06T13:06:17.194+0100] {processor.py:830} INFO - Processing file /home/ubuntu/.local/lib/python3.10/site-packages/airflow/example_dags/plugins/workday.py for tasks to queue
[2024-02-06T13:06:17.196+0100] {logging_mixin.py:188} INFO - [2024-02-06T13:06:17.195+0100] {dagbag.py:538} INFO - Filling up the DagBag from /home/ubuntu/.local/lib/python3.10/site-packages/airflow/example_dags/plugins/workday.py
[2024-02-06T13:06:17.627+0100] {processor.py:842} WARNING - No viable dags retrieved from /home/ubuntu/.local/lib/python3.10/site-packages/airflow/example_dags/plugins/workday.py
[2024-02-06T13:06:17.639+0100] {processor.py:183} INFO - Processing /home/ubuntu/.local/lib/python3.10/site-packages/airflow/example_dags/plugins/workday.py took 0.452 seconds
[2024-02-06T13:07:06.052+0100] {processor.py:161} INFO - Started process (PID=21167) to work on /home/ubuntu/.local/lib/python3.10/site-packages/airflow/example_dags/plugins/workday.py
[2024-02-06T13:07:06.054+0100] {processor.py:830} INFO - Processing file /home/ubuntu/.local/lib/python3.10/site-packages/airflow/example_dags/plugins/workday.py for tasks to queue
[2024-02-06T13:07:06.055+0100] {logging_mixin.py:188} INFO - [2024-02-06T13:07:06.055+0100] {dagbag.py:538} INFO - Filling up the DagBag from /home/ubuntu/.local/lib/python3.10/site-packages/airflow/example_dags/plugins/workday.py
[2024-02-06T13:07:06.578+0100] {processor.py:842} WARNING - No viable dags retrieved from /home/ubuntu/.local/lib/python3.10/site-packages/airflow/example_dags/plugins/workday.py
[2024-02-06T13:07:06.591+0100] {processor.py:183} INFO - Processing /home/ubuntu/.local/lib/python3.10/site-packages/airflow/example_dags/plugins/workday.py took 0.544 seconds
[2024-02-06T13:07:54.067+0100] {processor.py:161} INFO - Started process (PID=21310) to work on /home/ubuntu/.local/lib/python3.10/site-packages/airflow/example_dags/plugins/workday.py
[2024-02-06T13:07:54.073+0100] {processor.py:830} INFO - Processing file /home/ubuntu/.local/lib/python3.10/site-packages/airflow/example_dags/plugins/workday.py for tasks to queue
[2024-02-06T13:07:54.076+0100] {logging_mixin.py:188} INFO - [2024-02-06T13:07:54.075+0100] {dagbag.py:538} INFO - Filling up the DagBag from /home/ubuntu/.local/lib/python3.10/site-packages/airflow/example_dags/plugins/workday.py
[2024-02-06T13:07:54.685+0100] {processor.py:842} WARNING - No viable dags retrieved from /home/ubuntu/.local/lib/python3.10/site-packages/airflow/example_dags/plugins/workday.py
[2024-02-06T13:07:54.703+0100] {processor.py:183} INFO - Processing /home/ubuntu/.local/lib/python3.10/site-packages/airflow/example_dags/plugins/workday.py took 0.643 seconds
[2024-02-06T13:08:42.635+0100] {processor.py:161} INFO - Started process (PID=21455) to work on /home/ubuntu/.local/lib/python3.10/site-packages/airflow/example_dags/plugins/workday.py
[2024-02-06T13:08:42.639+0100] {processor.py:830} INFO - Processing file /home/ubuntu/.local/lib/python3.10/site-packages/airflow/example_dags/plugins/workday.py for tasks to queue
[2024-02-06T13:08:42.640+0100] {logging_mixin.py:188} INFO - [2024-02-06T13:08:42.639+0100] {dagbag.py:538} INFO - Filling up the DagBag from /home/ubuntu/.local/lib/python3.10/site-packages/airflow/example_dags/plugins/workday.py
[2024-02-06T13:08:43.272+0100] {processor.py:842} WARNING - No viable dags retrieved from /home/ubuntu/.local/lib/python3.10/site-packages/airflow/example_dags/plugins/workday.py
[2024-02-06T13:08:43.291+0100] {processor.py:183} INFO - Processing /home/ubuntu/.local/lib/python3.10/site-packages/airflow/example_dags/plugins/workday.py took 0.661 seconds
[2024-02-06T13:09:31.164+0100] {processor.py:161} INFO - Started process (PID=21599) to work on /home/ubuntu/.local/lib/python3.10/site-packages/airflow/example_dags/plugins/workday.py
[2024-02-06T13:09:31.166+0100] {processor.py:830} INFO - Processing file /home/ubuntu/.local/lib/python3.10/site-packages/airflow/example_dags/plugins/workday.py for tasks to queue
[2024-02-06T13:09:31.167+0100] {logging_mixin.py:188} INFO - [2024-02-06T13:09:31.167+0100] {dagbag.py:538} INFO - Filling up the DagBag from /home/ubuntu/.local/lib/python3.10/site-packages/airflow/example_dags/plugins/workday.py
[2024-02-06T13:09:31.679+0100] {processor.py:842} WARNING - No viable dags retrieved from /home/ubuntu/.local/lib/python3.10/site-packages/airflow/example_dags/plugins/workday.py
[2024-02-06T13:09:31.698+0100] {processor.py:183} INFO - Processing /home/ubuntu/.local/lib/python3.10/site-packages/airflow/example_dags/plugins/workday.py took 0.540 seconds
[2024-02-06T13:10:18.564+0100] {processor.py:161} INFO - Started process (PID=21745) to work on /home/ubuntu/.local/lib/python3.10/site-packages/airflow/example_dags/plugins/workday.py
[2024-02-06T13:10:18.567+0100] {processor.py:830} INFO - Processing file /home/ubuntu/.local/lib/python3.10/site-packages/airflow/example_dags/plugins/workday.py for tasks to queue
[2024-02-06T13:10:18.569+0100] {logging_mixin.py:188} INFO - [2024-02-06T13:10:18.568+0100] {dagbag.py:538} INFO - Filling up the DagBag from /home/ubuntu/.local/lib/python3.10/site-packages/airflow/example_dags/plugins/workday.py
[2024-02-06T13:10:19.083+0100] {processor.py:842} WARNING - No viable dags retrieved from /home/ubuntu/.local/lib/python3.10/site-packages/airflow/example_dags/plugins/workday.py
[2024-02-06T13:10:19.097+0100] {processor.py:183} INFO - Processing /home/ubuntu/.local/lib/python3.10/site-packages/airflow/example_dags/plugins/workday.py took 0.537 seconds
[2024-02-06T13:11:02.170+0100] {processor.py:161} INFO - Started process (PID=21887) to work on /home/ubuntu/.local/lib/python3.10/site-packages/airflow/example_dags/plugins/workday.py
[2024-02-06T13:11:02.173+0100] {processor.py:830} INFO - Processing file /home/ubuntu/.local/lib/python3.10/site-packages/airflow/example_dags/plugins/workday.py for tasks to queue
[2024-02-06T13:11:02.175+0100] {logging_mixin.py:188} INFO - [2024-02-06T13:11:02.174+0100] {dagbag.py:538} INFO - Filling up the DagBag from /home/ubuntu/.local/lib/python3.10/site-packages/airflow/example_dags/plugins/workday.py
[2024-02-06T13:11:03.006+0100] {processor.py:842} WARNING - No viable dags retrieved from /home/ubuntu/.local/lib/python3.10/site-packages/airflow/example_dags/plugins/workday.py
[2024-02-06T13:11:03.022+0100] {processor.py:183} INFO - Processing /home/ubuntu/.local/lib/python3.10/site-packages/airflow/example_dags/plugins/workday.py took 0.859 seconds
[2024-02-06T13:11:44.970+0100] {processor.py:161} INFO - Started process (PID=22015) to work on /home/ubuntu/.local/lib/python3.10/site-packages/airflow/example_dags/plugins/workday.py
[2024-02-06T13:11:44.975+0100] {processor.py:830} INFO - Processing file /home/ubuntu/.local/lib/python3.10/site-packages/airflow/example_dags/plugins/workday.py for tasks to queue
[2024-02-06T13:11:44.976+0100] {logging_mixin.py:188} INFO - [2024-02-06T13:11:44.975+0100] {dagbag.py:538} INFO - Filling up the DagBag from /home/ubuntu/.local/lib/python3.10/site-packages/airflow/example_dags/plugins/workday.py
[2024-02-06T13:11:45.482+0100] {processor.py:842} WARNING - No viable dags retrieved from /home/ubuntu/.local/lib/python3.10/site-packages/airflow/example_dags/plugins/workday.py
[2024-02-06T13:11:45.495+0100] {processor.py:183} INFO - Processing /home/ubuntu/.local/lib/python3.10/site-packages/airflow/example_dags/plugins/workday.py took 0.529 seconds
[2024-02-06T13:12:34.355+0100] {processor.py:161} INFO - Started process (PID=22162) to work on /home/ubuntu/.local/lib/python3.10/site-packages/airflow/example_dags/plugins/workday.py
[2024-02-06T13:12:34.358+0100] {processor.py:830} INFO - Processing file /home/ubuntu/.local/lib/python3.10/site-packages/airflow/example_dags/plugins/workday.py for tasks to queue
[2024-02-06T13:12:34.361+0100] {logging_mixin.py:188} INFO - [2024-02-06T13:12:34.360+0100] {dagbag.py:538} INFO - Filling up the DagBag from /home/ubuntu/.local/lib/python3.10/site-packages/airflow/example_dags/plugins/workday.py
[2024-02-06T13:12:34.852+0100] {processor.py:842} WARNING - No viable dags retrieved from /home/ubuntu/.local/lib/python3.10/site-packages/airflow/example_dags/plugins/workday.py
[2024-02-06T13:12:34.862+0100] {processor.py:183} INFO - Processing /home/ubuntu/.local/lib/python3.10/site-packages/airflow/example_dags/plugins/workday.py took 0.516 seconds
[2024-02-06T13:13:25.300+0100] {processor.py:161} INFO - Started process (PID=22322) to work on /home/ubuntu/.local/lib/python3.10/site-packages/airflow/example_dags/plugins/workday.py
[2024-02-06T13:13:25.302+0100] {processor.py:830} INFO - Processing file /home/ubuntu/.local/lib/python3.10/site-packages/airflow/example_dags/plugins/workday.py for tasks to queue
[2024-02-06T13:13:25.303+0100] {logging_mixin.py:188} INFO - [2024-02-06T13:13:25.303+0100] {dagbag.py:538} INFO - Filling up the DagBag from /home/ubuntu/.local/lib/python3.10/site-packages/airflow/example_dags/plugins/workday.py
[2024-02-06T13:13:25.985+0100] {processor.py:842} WARNING - No viable dags retrieved from /home/ubuntu/.local/lib/python3.10/site-packages/airflow/example_dags/plugins/workday.py
[2024-02-06T13:13:26.017+0100] {processor.py:183} INFO - Processing /home/ubuntu/.local/lib/python3.10/site-packages/airflow/example_dags/plugins/workday.py took 0.724 seconds
[2024-02-06T13:14:14.633+0100] {processor.py:161} INFO - Started process (PID=22484) to work on /home/ubuntu/.local/lib/python3.10/site-packages/airflow/example_dags/plugins/workday.py
[2024-02-06T13:14:14.636+0100] {processor.py:830} INFO - Processing file /home/ubuntu/.local/lib/python3.10/site-packages/airflow/example_dags/plugins/workday.py for tasks to queue
[2024-02-06T13:14:14.637+0100] {logging_mixin.py:188} INFO - [2024-02-06T13:14:14.636+0100] {dagbag.py:538} INFO - Filling up the DagBag from /home/ubuntu/.local/lib/python3.10/site-packages/airflow/example_dags/plugins/workday.py
[2024-02-06T13:14:15.159+0100] {processor.py:842} WARNING - No viable dags retrieved from /home/ubuntu/.local/lib/python3.10/site-packages/airflow/example_dags/plugins/workday.py
[2024-02-06T13:14:15.172+0100] {processor.py:183} INFO - Processing /home/ubuntu/.local/lib/python3.10/site-packages/airflow/example_dags/plugins/workday.py took 0.544 seconds
[2024-02-06T13:15:06.048+0100] {processor.py:161} INFO - Started process (PID=22629) to work on /home/ubuntu/.local/lib/python3.10/site-packages/airflow/example_dags/plugins/workday.py
[2024-02-06T13:15:06.053+0100] {processor.py:830} INFO - Processing file /home/ubuntu/.local/lib/python3.10/site-packages/airflow/example_dags/plugins/workday.py for tasks to queue
[2024-02-06T13:15:06.056+0100] {logging_mixin.py:188} INFO - [2024-02-06T13:15:06.055+0100] {dagbag.py:538} INFO - Filling up the DagBag from /home/ubuntu/.local/lib/python3.10/site-packages/airflow/example_dags/plugins/workday.py
[2024-02-06T13:15:06.731+0100] {processor.py:842} WARNING - No viable dags retrieved from /home/ubuntu/.local/lib/python3.10/site-packages/airflow/example_dags/plugins/workday.py
[2024-02-06T13:15:06.743+0100] {processor.py:183} INFO - Processing /home/ubuntu/.local/lib/python3.10/site-packages/airflow/example_dags/plugins/workday.py took 0.701 seconds
[2024-02-06T13:15:59.946+0100] {processor.py:161} INFO - Started process (PID=22784) to work on /home/ubuntu/.local/lib/python3.10/site-packages/airflow/example_dags/plugins/workday.py
[2024-02-06T13:15:59.948+0100] {processor.py:830} INFO - Processing file /home/ubuntu/.local/lib/python3.10/site-packages/airflow/example_dags/plugins/workday.py for tasks to queue
[2024-02-06T13:15:59.949+0100] {logging_mixin.py:188} INFO - [2024-02-06T13:15:59.949+0100] {dagbag.py:538} INFO - Filling up the DagBag from /home/ubuntu/.local/lib/python3.10/site-packages/airflow/example_dags/plugins/workday.py
[2024-02-06T13:16:00.475+0100] {processor.py:842} WARNING - No viable dags retrieved from /home/ubuntu/.local/lib/python3.10/site-packages/airflow/example_dags/plugins/workday.py
[2024-02-06T13:16:00.489+0100] {processor.py:183} INFO - Processing /home/ubuntu/.local/lib/python3.10/site-packages/airflow/example_dags/plugins/workday.py took 0.548 seconds
[2024-02-06T13:16:48.495+0100] {processor.py:161} INFO - Started process (PID=22929) to work on /home/ubuntu/.local/lib/python3.10/site-packages/airflow/example_dags/plugins/workday.py
[2024-02-06T13:16:48.498+0100] {processor.py:830} INFO - Processing file /home/ubuntu/.local/lib/python3.10/site-packages/airflow/example_dags/plugins/workday.py for tasks to queue
[2024-02-06T13:16:48.499+0100] {logging_mixin.py:188} INFO - [2024-02-06T13:16:48.499+0100] {dagbag.py:538} INFO - Filling up the DagBag from /home/ubuntu/.local/lib/python3.10/site-packages/airflow/example_dags/plugins/workday.py
[2024-02-06T13:16:49.266+0100] {processor.py:842} WARNING - No viable dags retrieved from /home/ubuntu/.local/lib/python3.10/site-packages/airflow/example_dags/plugins/workday.py
[2024-02-06T13:16:49.285+0100] {processor.py:183} INFO - Processing /home/ubuntu/.local/lib/python3.10/site-packages/airflow/example_dags/plugins/workday.py took 0.794 seconds
[2024-02-06T13:17:36.699+0100] {processor.py:161} INFO - Started process (PID=23079) to work on /home/ubuntu/.local/lib/python3.10/site-packages/airflow/example_dags/plugins/workday.py
[2024-02-06T13:17:36.706+0100] {processor.py:830} INFO - Processing file /home/ubuntu/.local/lib/python3.10/site-packages/airflow/example_dags/plugins/workday.py for tasks to queue
[2024-02-06T13:17:36.708+0100] {logging_mixin.py:188} INFO - [2024-02-06T13:17:36.707+0100] {dagbag.py:538} INFO - Filling up the DagBag from /home/ubuntu/.local/lib/python3.10/site-packages/airflow/example_dags/plugins/workday.py
[2024-02-06T13:17:37.230+0100] {processor.py:842} WARNING - No viable dags retrieved from /home/ubuntu/.local/lib/python3.10/site-packages/airflow/example_dags/plugins/workday.py
[2024-02-06T13:17:37.244+0100] {processor.py:183} INFO - Processing /home/ubuntu/.local/lib/python3.10/site-packages/airflow/example_dags/plugins/workday.py took 0.551 seconds
[2024-02-06T13:18:27.893+0100] {processor.py:161} INFO - Started process (PID=23235) to work on /home/ubuntu/.local/lib/python3.10/site-packages/airflow/example_dags/plugins/workday.py
[2024-02-06T13:18:27.896+0100] {processor.py:830} INFO - Processing file /home/ubuntu/.local/lib/python3.10/site-packages/airflow/example_dags/plugins/workday.py for tasks to queue
[2024-02-06T13:18:27.897+0100] {logging_mixin.py:188} INFO - [2024-02-06T13:18:27.897+0100] {dagbag.py:538} INFO - Filling up the DagBag from /home/ubuntu/.local/lib/python3.10/site-packages/airflow/example_dags/plugins/workday.py
[2024-02-06T13:18:28.440+0100] {processor.py:842} WARNING - No viable dags retrieved from /home/ubuntu/.local/lib/python3.10/site-packages/airflow/example_dags/plugins/workday.py
[2024-02-06T13:18:28.451+0100] {processor.py:183} INFO - Processing /home/ubuntu/.local/lib/python3.10/site-packages/airflow/example_dags/plugins/workday.py took 0.562 seconds
[2024-02-06T13:19:17.115+0100] {processor.py:161} INFO - Started process (PID=23387) to work on /home/ubuntu/.local/lib/python3.10/site-packages/airflow/example_dags/plugins/workday.py
[2024-02-06T13:19:17.118+0100] {processor.py:830} INFO - Processing file /home/ubuntu/.local/lib/python3.10/site-packages/airflow/example_dags/plugins/workday.py for tasks to queue
[2024-02-06T13:19:17.120+0100] {logging_mixin.py:188} INFO - [2024-02-06T13:19:17.119+0100] {dagbag.py:538} INFO - Filling up the DagBag from /home/ubuntu/.local/lib/python3.10/site-packages/airflow/example_dags/plugins/workday.py
[2024-02-06T13:19:17.677+0100] {processor.py:842} WARNING - No viable dags retrieved from /home/ubuntu/.local/lib/python3.10/site-packages/airflow/example_dags/plugins/workday.py
[2024-02-06T13:19:17.690+0100] {processor.py:183} INFO - Processing /home/ubuntu/.local/lib/python3.10/site-packages/airflow/example_dags/plugins/workday.py took 0.584 seconds
[2024-02-06T13:20:02.024+0100] {processor.py:161} INFO - Started process (PID=23504) to work on /home/ubuntu/.local/lib/python3.10/site-packages/airflow/example_dags/plugins/workday.py
[2024-02-06T13:20:02.027+0100] {processor.py:830} INFO - Processing file /home/ubuntu/.local/lib/python3.10/site-packages/airflow/example_dags/plugins/workday.py for tasks to queue
[2024-02-06T13:20:02.028+0100] {logging_mixin.py:188} INFO - [2024-02-06T13:20:02.027+0100] {dagbag.py:538} INFO - Filling up the DagBag from /home/ubuntu/.local/lib/python3.10/site-packages/airflow/example_dags/plugins/workday.py
[2024-02-06T13:20:02.714+0100] {processor.py:842} WARNING - No viable dags retrieved from /home/ubuntu/.local/lib/python3.10/site-packages/airflow/example_dags/plugins/workday.py
[2024-02-06T13:20:02.729+0100] {processor.py:183} INFO - Processing /home/ubuntu/.local/lib/python3.10/site-packages/airflow/example_dags/plugins/workday.py took 0.709 seconds
[2024-02-06T13:20:51.144+0100] {processor.py:161} INFO - Started process (PID=23656) to work on /home/ubuntu/.local/lib/python3.10/site-packages/airflow/example_dags/plugins/workday.py
[2024-02-06T13:20:51.149+0100] {processor.py:830} INFO - Processing file /home/ubuntu/.local/lib/python3.10/site-packages/airflow/example_dags/plugins/workday.py for tasks to queue
[2024-02-06T13:20:51.150+0100] {logging_mixin.py:188} INFO - [2024-02-06T13:20:51.149+0100] {dagbag.py:538} INFO - Filling up the DagBag from /home/ubuntu/.local/lib/python3.10/site-packages/airflow/example_dags/plugins/workday.py
[2024-02-06T13:20:51.596+0100] {processor.py:842} WARNING - No viable dags retrieved from /home/ubuntu/.local/lib/python3.10/site-packages/airflow/example_dags/plugins/workday.py
[2024-02-06T13:20:51.608+0100] {processor.py:183} INFO - Processing /home/ubuntu/.local/lib/python3.10/site-packages/airflow/example_dags/plugins/workday.py took 0.468 seconds
[2024-02-06T13:21:38.511+0100] {processor.py:161} INFO - Started process (PID=23809) to work on /home/ubuntu/.local/lib/python3.10/site-packages/airflow/example_dags/plugins/workday.py
[2024-02-06T13:21:38.513+0100] {processor.py:830} INFO - Processing file /home/ubuntu/.local/lib/python3.10/site-packages/airflow/example_dags/plugins/workday.py for tasks to queue
[2024-02-06T13:21:38.515+0100] {logging_mixin.py:188} INFO - [2024-02-06T13:21:38.514+0100] {dagbag.py:538} INFO - Filling up the DagBag from /home/ubuntu/.local/lib/python3.10/site-packages/airflow/example_dags/plugins/workday.py
[2024-02-06T13:21:39.075+0100] {processor.py:842} WARNING - No viable dags retrieved from /home/ubuntu/.local/lib/python3.10/site-packages/airflow/example_dags/plugins/workday.py
[2024-02-06T13:21:39.094+0100] {processor.py:183} INFO - Processing /home/ubuntu/.local/lib/python3.10/site-packages/airflow/example_dags/plugins/workday.py took 0.588 seconds
[2024-02-06T13:22:26.074+0100] {processor.py:161} INFO - Started process (PID=23950) to work on /home/ubuntu/.local/lib/python3.10/site-packages/airflow/example_dags/plugins/workday.py
[2024-02-06T13:22:26.078+0100] {processor.py:830} INFO - Processing file /home/ubuntu/.local/lib/python3.10/site-packages/airflow/example_dags/plugins/workday.py for tasks to queue
[2024-02-06T13:22:26.080+0100] {logging_mixin.py:188} INFO - [2024-02-06T13:22:26.079+0100] {dagbag.py:538} INFO - Filling up the DagBag from /home/ubuntu/.local/lib/python3.10/site-packages/airflow/example_dags/plugins/workday.py
[2024-02-06T13:22:26.699+0100] {processor.py:842} WARNING - No viable dags retrieved from /home/ubuntu/.local/lib/python3.10/site-packages/airflow/example_dags/plugins/workday.py
[2024-02-06T13:22:26.712+0100] {processor.py:183} INFO - Processing /home/ubuntu/.local/lib/python3.10/site-packages/airflow/example_dags/plugins/workday.py took 0.643 seconds
[2024-02-06T13:23:13.620+0100] {processor.py:161} INFO - Started process (PID=24089) to work on /home/ubuntu/.local/lib/python3.10/site-packages/airflow/example_dags/plugins/workday.py
[2024-02-06T13:23:13.622+0100] {processor.py:830} INFO - Processing file /home/ubuntu/.local/lib/python3.10/site-packages/airflow/example_dags/plugins/workday.py for tasks to queue
[2024-02-06T13:23:13.624+0100] {logging_mixin.py:188} INFO - [2024-02-06T13:23:13.623+0100] {dagbag.py:538} INFO - Filling up the DagBag from /home/ubuntu/.local/lib/python3.10/site-packages/airflow/example_dags/plugins/workday.py
[2024-02-06T13:23:14.138+0100] {processor.py:842} WARNING - No viable dags retrieved from /home/ubuntu/.local/lib/python3.10/site-packages/airflow/example_dags/plugins/workday.py
[2024-02-06T13:23:14.153+0100] {processor.py:183} INFO - Processing /home/ubuntu/.local/lib/python3.10/site-packages/airflow/example_dags/plugins/workday.py took 0.537 seconds
[2024-02-06T13:24:07.700+0100] {processor.py:161} INFO - Started process (PID=24256) to work on /home/ubuntu/.local/lib/python3.10/site-packages/airflow/example_dags/plugins/workday.py
[2024-02-06T13:24:07.702+0100] {processor.py:830} INFO - Processing file /home/ubuntu/.local/lib/python3.10/site-packages/airflow/example_dags/plugins/workday.py for tasks to queue
[2024-02-06T13:24:07.704+0100] {logging_mixin.py:188} INFO - [2024-02-06T13:24:07.703+0100] {dagbag.py:538} INFO - Filling up the DagBag from /home/ubuntu/.local/lib/python3.10/site-packages/airflow/example_dags/plugins/workday.py
[2024-02-06T13:24:08.365+0100] {processor.py:842} WARNING - No viable dags retrieved from /home/ubuntu/.local/lib/python3.10/site-packages/airflow/example_dags/plugins/workday.py
[2024-02-06T13:24:08.379+0100] {processor.py:183} INFO - Processing /home/ubuntu/.local/lib/python3.10/site-packages/airflow/example_dags/plugins/workday.py took 0.686 seconds
[2024-02-06T13:24:58.198+0100] {processor.py:161} INFO - Started process (PID=24393) to work on /home/ubuntu/.local/lib/python3.10/site-packages/airflow/example_dags/plugins/workday.py
[2024-02-06T13:24:58.200+0100] {processor.py:830} INFO - Processing file /home/ubuntu/.local/lib/python3.10/site-packages/airflow/example_dags/plugins/workday.py for tasks to queue
[2024-02-06T13:24:58.202+0100] {logging_mixin.py:188} INFO - [2024-02-06T13:24:58.201+0100] {dagbag.py:538} INFO - Filling up the DagBag from /home/ubuntu/.local/lib/python3.10/site-packages/airflow/example_dags/plugins/workday.py
[2024-02-06T13:24:58.811+0100] {processor.py:842} WARNING - No viable dags retrieved from /home/ubuntu/.local/lib/python3.10/site-packages/airflow/example_dags/plugins/workday.py
[2024-02-06T13:24:58.834+0100] {processor.py:183} INFO - Processing /home/ubuntu/.local/lib/python3.10/site-packages/airflow/example_dags/plugins/workday.py took 0.642 seconds
[2024-02-06T13:25:46.942+0100] {processor.py:161} INFO - Started process (PID=24540) to work on /home/ubuntu/.local/lib/python3.10/site-packages/airflow/example_dags/plugins/workday.py
[2024-02-06T13:25:46.944+0100] {processor.py:830} INFO - Processing file /home/ubuntu/.local/lib/python3.10/site-packages/airflow/example_dags/plugins/workday.py for tasks to queue
[2024-02-06T13:25:46.945+0100] {logging_mixin.py:188} INFO - [2024-02-06T13:25:46.944+0100] {dagbag.py:538} INFO - Filling up the DagBag from /home/ubuntu/.local/lib/python3.10/site-packages/airflow/example_dags/plugins/workday.py
[2024-02-06T13:25:47.718+0100] {processor.py:842} WARNING - No viable dags retrieved from /home/ubuntu/.local/lib/python3.10/site-packages/airflow/example_dags/plugins/workday.py
[2024-02-06T13:25:47.738+0100] {processor.py:183} INFO - Processing /home/ubuntu/.local/lib/python3.10/site-packages/airflow/example_dags/plugins/workday.py took 0.802 seconds
[2024-02-06T13:26:36.728+0100] {processor.py:161} INFO - Started process (PID=24688) to work on /home/ubuntu/.local/lib/python3.10/site-packages/airflow/example_dags/plugins/workday.py
[2024-02-06T13:26:36.731+0100] {processor.py:830} INFO - Processing file /home/ubuntu/.local/lib/python3.10/site-packages/airflow/example_dags/plugins/workday.py for tasks to queue
[2024-02-06T13:26:36.732+0100] {logging_mixin.py:188} INFO - [2024-02-06T13:26:36.732+0100] {dagbag.py:538} INFO - Filling up the DagBag from /home/ubuntu/.local/lib/python3.10/site-packages/airflow/example_dags/plugins/workday.py
[2024-02-06T13:26:37.278+0100] {processor.py:842} WARNING - No viable dags retrieved from /home/ubuntu/.local/lib/python3.10/site-packages/airflow/example_dags/plugins/workday.py
[2024-02-06T13:26:37.323+0100] {processor.py:183} INFO - Processing /home/ubuntu/.local/lib/python3.10/site-packages/airflow/example_dags/plugins/workday.py took 0.602 seconds
[2024-02-06T13:27:26.881+0100] {processor.py:161} INFO - Started process (PID=24838) to work on /home/ubuntu/.local/lib/python3.10/site-packages/airflow/example_dags/plugins/workday.py
[2024-02-06T13:27:26.883+0100] {processor.py:830} INFO - Processing file /home/ubuntu/.local/lib/python3.10/site-packages/airflow/example_dags/plugins/workday.py for tasks to queue
[2024-02-06T13:27:26.884+0100] {logging_mixin.py:188} INFO - [2024-02-06T13:27:26.884+0100] {dagbag.py:538} INFO - Filling up the DagBag from /home/ubuntu/.local/lib/python3.10/site-packages/airflow/example_dags/plugins/workday.py
[2024-02-06T13:27:27.344+0100] {processor.py:842} WARNING - No viable dags retrieved from /home/ubuntu/.local/lib/python3.10/site-packages/airflow/example_dags/plugins/workday.py
[2024-02-06T13:27:27.356+0100] {processor.py:183} INFO - Processing /home/ubuntu/.local/lib/python3.10/site-packages/airflow/example_dags/plugins/workday.py took 0.479 seconds
[2024-02-06T13:28:15.572+0100] {processor.py:161} INFO - Started process (PID=24989) to work on /home/ubuntu/.local/lib/python3.10/site-packages/airflow/example_dags/plugins/workday.py
[2024-02-06T13:28:15.576+0100] {processor.py:830} INFO - Processing file /home/ubuntu/.local/lib/python3.10/site-packages/airflow/example_dags/plugins/workday.py for tasks to queue
[2024-02-06T13:28:15.578+0100] {logging_mixin.py:188} INFO - [2024-02-06T13:28:15.577+0100] {dagbag.py:538} INFO - Filling up the DagBag from /home/ubuntu/.local/lib/python3.10/site-packages/airflow/example_dags/plugins/workday.py
[2024-02-06T13:28:16.140+0100] {processor.py:842} WARNING - No viable dags retrieved from /home/ubuntu/.local/lib/python3.10/site-packages/airflow/example_dags/plugins/workday.py
[2024-02-06T13:28:16.153+0100] {processor.py:183} INFO - Processing /home/ubuntu/.local/lib/python3.10/site-packages/airflow/example_dags/plugins/workday.py took 0.586 seconds
[2024-02-06T13:28:59.620+0100] {processor.py:161} INFO - Started process (PID=25115) to work on /home/ubuntu/.local/lib/python3.10/site-packages/airflow/example_dags/plugins/workday.py
[2024-02-06T13:28:59.623+0100] {processor.py:830} INFO - Processing file /home/ubuntu/.local/lib/python3.10/site-packages/airflow/example_dags/plugins/workday.py for tasks to queue
[2024-02-06T13:28:59.624+0100] {logging_mixin.py:188} INFO - [2024-02-06T13:28:59.624+0100] {dagbag.py:538} INFO - Filling up the DagBag from /home/ubuntu/.local/lib/python3.10/site-packages/airflow/example_dags/plugins/workday.py
[2024-02-06T13:29:00.194+0100] {processor.py:842} WARNING - No viable dags retrieved from /home/ubuntu/.local/lib/python3.10/site-packages/airflow/example_dags/plugins/workday.py
[2024-02-06T13:29:00.208+0100] {processor.py:183} INFO - Processing /home/ubuntu/.local/lib/python3.10/site-packages/airflow/example_dags/plugins/workday.py took 0.593 seconds
[2024-02-06T13:29:46.521+0100] {processor.py:161} INFO - Started process (PID=25250) to work on /home/ubuntu/.local/lib/python3.10/site-packages/airflow/example_dags/plugins/workday.py
[2024-02-06T13:29:46.523+0100] {processor.py:830} INFO - Processing file /home/ubuntu/.local/lib/python3.10/site-packages/airflow/example_dags/plugins/workday.py for tasks to queue
[2024-02-06T13:29:46.525+0100] {logging_mixin.py:188} INFO - [2024-02-06T13:29:46.524+0100] {dagbag.py:538} INFO - Filling up the DagBag from /home/ubuntu/.local/lib/python3.10/site-packages/airflow/example_dags/plugins/workday.py
[2024-02-06T13:29:47.044+0100] {processor.py:842} WARNING - No viable dags retrieved from /home/ubuntu/.local/lib/python3.10/site-packages/airflow/example_dags/plugins/workday.py
[2024-02-06T13:29:47.058+0100] {processor.py:183} INFO - Processing /home/ubuntu/.local/lib/python3.10/site-packages/airflow/example_dags/plugins/workday.py took 0.542 seconds
[2024-02-06T13:30:34.404+0100] {processor.py:161} INFO - Started process (PID=25395) to work on /home/ubuntu/.local/lib/python3.10/site-packages/airflow/example_dags/plugins/workday.py
[2024-02-06T13:30:34.406+0100] {processor.py:830} INFO - Processing file /home/ubuntu/.local/lib/python3.10/site-packages/airflow/example_dags/plugins/workday.py for tasks to queue
[2024-02-06T13:30:34.407+0100] {logging_mixin.py:188} INFO - [2024-02-06T13:30:34.407+0100] {dagbag.py:538} INFO - Filling up the DagBag from /home/ubuntu/.local/lib/python3.10/site-packages/airflow/example_dags/plugins/workday.py
[2024-02-06T13:30:34.943+0100] {processor.py:842} WARNING - No viable dags retrieved from /home/ubuntu/.local/lib/python3.10/site-packages/airflow/example_dags/plugins/workday.py
[2024-02-06T13:30:34.958+0100] {processor.py:183} INFO - Processing /home/ubuntu/.local/lib/python3.10/site-packages/airflow/example_dags/plugins/workday.py took 0.558 seconds
[2024-02-06T13:31:28.062+0100] {processor.py:161} INFO - Started process (PID=25541) to work on /home/ubuntu/.local/lib/python3.10/site-packages/airflow/example_dags/plugins/workday.py
[2024-02-06T13:31:28.065+0100] {processor.py:830} INFO - Processing file /home/ubuntu/.local/lib/python3.10/site-packages/airflow/example_dags/plugins/workday.py for tasks to queue
[2024-02-06T13:31:28.067+0100] {logging_mixin.py:188} INFO - [2024-02-06T13:31:28.066+0100] {dagbag.py:538} INFO - Filling up the DagBag from /home/ubuntu/.local/lib/python3.10/site-packages/airflow/example_dags/plugins/workday.py
[2024-02-06T13:31:28.625+0100] {processor.py:842} WARNING - No viable dags retrieved from /home/ubuntu/.local/lib/python3.10/site-packages/airflow/example_dags/plugins/workday.py
[2024-02-06T13:31:28.639+0100] {processor.py:183} INFO - Processing /home/ubuntu/.local/lib/python3.10/site-packages/airflow/example_dags/plugins/workday.py took 0.582 seconds
[2024-02-06T13:32:22.490+0100] {processor.py:161} INFO - Started process (PID=25693) to work on /home/ubuntu/.local/lib/python3.10/site-packages/airflow/example_dags/plugins/workday.py
[2024-02-06T13:32:22.495+0100] {processor.py:830} INFO - Processing file /home/ubuntu/.local/lib/python3.10/site-packages/airflow/example_dags/plugins/workday.py for tasks to queue
[2024-02-06T13:32:22.496+0100] {logging_mixin.py:188} INFO - [2024-02-06T13:32:22.495+0100] {dagbag.py:538} INFO - Filling up the DagBag from /home/ubuntu/.local/lib/python3.10/site-packages/airflow/example_dags/plugins/workday.py
[2024-02-06T13:32:23.021+0100] {processor.py:842} WARNING - No viable dags retrieved from /home/ubuntu/.local/lib/python3.10/site-packages/airflow/example_dags/plugins/workday.py
[2024-02-06T13:32:23.040+0100] {processor.py:183} INFO - Processing /home/ubuntu/.local/lib/python3.10/site-packages/airflow/example_dags/plugins/workday.py took 0.555 seconds
[2024-02-06T13:33:06.871+0100] {processor.py:161} INFO - Started process (PID=25826) to work on /home/ubuntu/.local/lib/python3.10/site-packages/airflow/example_dags/plugins/workday.py
[2024-02-06T13:33:06.873+0100] {processor.py:830} INFO - Processing file /home/ubuntu/.local/lib/python3.10/site-packages/airflow/example_dags/plugins/workday.py for tasks to queue
[2024-02-06T13:33:06.875+0100] {logging_mixin.py:188} INFO - [2024-02-06T13:33:06.875+0100] {dagbag.py:538} INFO - Filling up the DagBag from /home/ubuntu/.local/lib/python3.10/site-packages/airflow/example_dags/plugins/workday.py
[2024-02-06T13:33:07.392+0100] {processor.py:842} WARNING - No viable dags retrieved from /home/ubuntu/.local/lib/python3.10/site-packages/airflow/example_dags/plugins/workday.py
[2024-02-06T13:33:07.405+0100] {processor.py:183} INFO - Processing /home/ubuntu/.local/lib/python3.10/site-packages/airflow/example_dags/plugins/workday.py took 0.540 seconds
[2024-02-06T13:33:53.246+0100] {processor.py:161} INFO - Started process (PID=26643) to work on /home/ubuntu/.local/lib/python3.10/site-packages/airflow/example_dags/plugins/workday.py
[2024-02-06T13:33:53.250+0100] {processor.py:830} INFO - Processing file /home/ubuntu/.local/lib/python3.10/site-packages/airflow/example_dags/plugins/workday.py for tasks to queue
[2024-02-06T13:33:53.251+0100] {logging_mixin.py:188} INFO - [2024-02-06T13:33:53.250+0100] {dagbag.py:538} INFO - Filling up the DagBag from /home/ubuntu/.local/lib/python3.10/site-packages/airflow/example_dags/plugins/workday.py
[2024-02-06T13:33:53.786+0100] {processor.py:842} WARNING - No viable dags retrieved from /home/ubuntu/.local/lib/python3.10/site-packages/airflow/example_dags/plugins/workday.py
[2024-02-06T13:33:53.800+0100] {processor.py:183} INFO - Processing /home/ubuntu/.local/lib/python3.10/site-packages/airflow/example_dags/plugins/workday.py took 0.559 seconds
[2024-02-06T13:34:39.695+0100] {processor.py:161} INFO - Started process (PID=26771) to work on /home/ubuntu/.local/lib/python3.10/site-packages/airflow/example_dags/plugins/workday.py
[2024-02-06T13:34:39.699+0100] {processor.py:830} INFO - Processing file /home/ubuntu/.local/lib/python3.10/site-packages/airflow/example_dags/plugins/workday.py for tasks to queue
[2024-02-06T13:34:39.700+0100] {logging_mixin.py:188} INFO - [2024-02-06T13:34:39.700+0100] {dagbag.py:538} INFO - Filling up the DagBag from /home/ubuntu/.local/lib/python3.10/site-packages/airflow/example_dags/plugins/workday.py
[2024-02-06T13:34:40.237+0100] {processor.py:842} WARNING - No viable dags retrieved from /home/ubuntu/.local/lib/python3.10/site-packages/airflow/example_dags/plugins/workday.py
[2024-02-06T13:34:40.251+0100] {processor.py:183} INFO - Processing /home/ubuntu/.local/lib/python3.10/site-packages/airflow/example_dags/plugins/workday.py took 0.560 seconds
[2024-02-06T13:35:27.970+0100] {processor.py:161} INFO - Started process (PID=26911) to work on /home/ubuntu/.local/lib/python3.10/site-packages/airflow/example_dags/plugins/workday.py
[2024-02-06T13:35:27.972+0100] {processor.py:830} INFO - Processing file /home/ubuntu/.local/lib/python3.10/site-packages/airflow/example_dags/plugins/workday.py for tasks to queue
[2024-02-06T13:35:27.973+0100] {logging_mixin.py:188} INFO - [2024-02-06T13:35:27.973+0100] {dagbag.py:538} INFO - Filling up the DagBag from /home/ubuntu/.local/lib/python3.10/site-packages/airflow/example_dags/plugins/workday.py
[2024-02-06T13:35:28.511+0100] {processor.py:842} WARNING - No viable dags retrieved from /home/ubuntu/.local/lib/python3.10/site-packages/airflow/example_dags/plugins/workday.py
[2024-02-06T13:35:28.525+0100] {processor.py:183} INFO - Processing /home/ubuntu/.local/lib/python3.10/site-packages/airflow/example_dags/plugins/workday.py took 0.561 seconds
[2024-02-06T13:36:18.177+0100] {processor.py:161} INFO - Started process (PID=27124) to work on /home/ubuntu/.local/lib/python3.10/site-packages/airflow/example_dags/plugins/workday.py
[2024-02-06T13:36:18.180+0100] {processor.py:830} INFO - Processing file /home/ubuntu/.local/lib/python3.10/site-packages/airflow/example_dags/plugins/workday.py for tasks to queue
[2024-02-06T13:36:18.181+0100] {logging_mixin.py:188} INFO - [2024-02-06T13:36:18.180+0100] {dagbag.py:538} INFO - Filling up the DagBag from /home/ubuntu/.local/lib/python3.10/site-packages/airflow/example_dags/plugins/workday.py
[2024-02-06T13:36:18.788+0100] {processor.py:842} WARNING - No viable dags retrieved from /home/ubuntu/.local/lib/python3.10/site-packages/airflow/example_dags/plugins/workday.py
[2024-02-06T13:36:18.805+0100] {processor.py:183} INFO - Processing /home/ubuntu/.local/lib/python3.10/site-packages/airflow/example_dags/plugins/workday.py took 0.633 seconds
[2024-02-06T13:37:10.832+0100] {processor.py:161} INFO - Started process (PID=27240) to work on /home/ubuntu/.local/lib/python3.10/site-packages/airflow/example_dags/plugins/workday.py
[2024-02-06T13:37:10.834+0100] {processor.py:830} INFO - Processing file /home/ubuntu/.local/lib/python3.10/site-packages/airflow/example_dags/plugins/workday.py for tasks to queue
[2024-02-06T13:37:10.835+0100] {logging_mixin.py:188} INFO - [2024-02-06T13:37:10.835+0100] {dagbag.py:538} INFO - Filling up the DagBag from /home/ubuntu/.local/lib/python3.10/site-packages/airflow/example_dags/plugins/workday.py
[2024-02-06T13:37:11.443+0100] {processor.py:842} WARNING - No viable dags retrieved from /home/ubuntu/.local/lib/python3.10/site-packages/airflow/example_dags/plugins/workday.py
[2024-02-06T13:37:11.459+0100] {processor.py:183} INFO - Processing /home/ubuntu/.local/lib/python3.10/site-packages/airflow/example_dags/plugins/workday.py took 0.632 seconds
[2024-02-06T13:38:00.411+0100] {processor.py:161} INFO - Started process (PID=27350) to work on /home/ubuntu/.local/lib/python3.10/site-packages/airflow/example_dags/plugins/workday.py
[2024-02-06T13:38:00.415+0100] {processor.py:830} INFO - Processing file /home/ubuntu/.local/lib/python3.10/site-packages/airflow/example_dags/plugins/workday.py for tasks to queue
[2024-02-06T13:38:00.417+0100] {logging_mixin.py:188} INFO - [2024-02-06T13:38:00.416+0100] {dagbag.py:538} INFO - Filling up the DagBag from /home/ubuntu/.local/lib/python3.10/site-packages/airflow/example_dags/plugins/workday.py
[2024-02-06T13:38:01.335+0100] {processor.py:842} WARNING - No viable dags retrieved from /home/ubuntu/.local/lib/python3.10/site-packages/airflow/example_dags/plugins/workday.py
[2024-02-06T13:38:01.343+0100] {processor.py:183} INFO - Processing /home/ubuntu/.local/lib/python3.10/site-packages/airflow/example_dags/plugins/workday.py took 0.936 seconds
[2024-02-06T13:38:53.680+0100] {processor.py:161} INFO - Started process (PID=27462) to work on /home/ubuntu/.local/lib/python3.10/site-packages/airflow/example_dags/plugins/workday.py
[2024-02-06T13:38:53.682+0100] {processor.py:830} INFO - Processing file /home/ubuntu/.local/lib/python3.10/site-packages/airflow/example_dags/plugins/workday.py for tasks to queue
[2024-02-06T13:38:53.684+0100] {logging_mixin.py:188} INFO - [2024-02-06T13:38:53.684+0100] {dagbag.py:538} INFO - Filling up the DagBag from /home/ubuntu/.local/lib/python3.10/site-packages/airflow/example_dags/plugins/workday.py
[2024-02-06T13:38:54.640+0100] {processor.py:842} WARNING - No viable dags retrieved from /home/ubuntu/.local/lib/python3.10/site-packages/airflow/example_dags/plugins/workday.py
[2024-02-06T13:38:54.653+0100] {processor.py:183} INFO - Processing /home/ubuntu/.local/lib/python3.10/site-packages/airflow/example_dags/plugins/workday.py took 0.982 seconds
[2024-02-06T13:39:46.493+0100] {processor.py:161} INFO - Started process (PID=27670) to work on /home/ubuntu/.local/lib/python3.10/site-packages/airflow/example_dags/plugins/workday.py
[2024-02-06T13:39:46.496+0100] {processor.py:830} INFO - Processing file /home/ubuntu/.local/lib/python3.10/site-packages/airflow/example_dags/plugins/workday.py for tasks to queue
[2024-02-06T13:39:46.497+0100] {logging_mixin.py:188} INFO - [2024-02-06T13:39:46.496+0100] {dagbag.py:538} INFO - Filling up the DagBag from /home/ubuntu/.local/lib/python3.10/site-packages/airflow/example_dags/plugins/workday.py
[2024-02-06T13:39:47.245+0100] {processor.py:842} WARNING - No viable dags retrieved from /home/ubuntu/.local/lib/python3.10/site-packages/airflow/example_dags/plugins/workday.py
[2024-02-06T13:39:47.254+0100] {processor.py:183} INFO - Processing /home/ubuntu/.local/lib/python3.10/site-packages/airflow/example_dags/plugins/workday.py took 0.765 seconds
[2024-02-06T13:40:36.711+0100] {processor.py:161} INFO - Started process (PID=27818) to work on /home/ubuntu/.local/lib/python3.10/site-packages/airflow/example_dags/plugins/workday.py
[2024-02-06T13:40:36.713+0100] {processor.py:830} INFO - Processing file /home/ubuntu/.local/lib/python3.10/site-packages/airflow/example_dags/plugins/workday.py for tasks to queue
[2024-02-06T13:40:36.714+0100] {logging_mixin.py:188} INFO - [2024-02-06T13:40:36.713+0100] {dagbag.py:538} INFO - Filling up the DagBag from /home/ubuntu/.local/lib/python3.10/site-packages/airflow/example_dags/plugins/workday.py
[2024-02-06T13:40:37.424+0100] {processor.py:842} WARNING - No viable dags retrieved from /home/ubuntu/.local/lib/python3.10/site-packages/airflow/example_dags/plugins/workday.py
[2024-02-06T13:40:37.440+0100] {processor.py:183} INFO - Processing /home/ubuntu/.local/lib/python3.10/site-packages/airflow/example_dags/plugins/workday.py took 0.736 seconds
[2024-02-06T13:41:30.084+0100] {processor.py:161} INFO - Started process (PID=27969) to work on /home/ubuntu/.local/lib/python3.10/site-packages/airflow/example_dags/plugins/workday.py
[2024-02-06T13:41:30.087+0100] {processor.py:830} INFO - Processing file /home/ubuntu/.local/lib/python3.10/site-packages/airflow/example_dags/plugins/workday.py for tasks to queue
[2024-02-06T13:41:30.088+0100] {logging_mixin.py:188} INFO - [2024-02-06T13:41:30.087+0100] {dagbag.py:538} INFO - Filling up the DagBag from /home/ubuntu/.local/lib/python3.10/site-packages/airflow/example_dags/plugins/workday.py
[2024-02-06T13:41:30.820+0100] {processor.py:842} WARNING - No viable dags retrieved from /home/ubuntu/.local/lib/python3.10/site-packages/airflow/example_dags/plugins/workday.py
[2024-02-06T13:41:30.837+0100] {processor.py:183} INFO - Processing /home/ubuntu/.local/lib/python3.10/site-packages/airflow/example_dags/plugins/workday.py took 0.757 seconds
[2024-02-06T13:42:22.751+0100] {processor.py:161} INFO - Started process (PID=28088) to work on /home/ubuntu/.local/lib/python3.10/site-packages/airflow/example_dags/plugins/workday.py
[2024-02-06T13:42:22.753+0100] {processor.py:830} INFO - Processing file /home/ubuntu/.local/lib/python3.10/site-packages/airflow/example_dags/plugins/workday.py for tasks to queue
[2024-02-06T13:42:22.754+0100] {logging_mixin.py:188} INFO - [2024-02-06T13:42:22.754+0100] {dagbag.py:538} INFO - Filling up the DagBag from /home/ubuntu/.local/lib/python3.10/site-packages/airflow/example_dags/plugins/workday.py
[2024-02-06T13:42:23.470+0100] {processor.py:842} WARNING - No viable dags retrieved from /home/ubuntu/.local/lib/python3.10/site-packages/airflow/example_dags/plugins/workday.py
[2024-02-06T13:42:23.478+0100] {processor.py:183} INFO - Processing /home/ubuntu/.local/lib/python3.10/site-packages/airflow/example_dags/plugins/workday.py took 0.732 seconds
[2024-02-06T13:43:33.780+0100] {processor.py:161} INFO - Started process (PID=28432) to work on /home/ubuntu/.local/lib/python3.10/site-packages/airflow/example_dags/plugins/workday.py
[2024-02-06T13:43:33.782+0100] {processor.py:830} INFO - Processing file /home/ubuntu/.local/lib/python3.10/site-packages/airflow/example_dags/plugins/workday.py for tasks to queue
[2024-02-06T13:43:33.783+0100] {logging_mixin.py:188} INFO - [2024-02-06T13:43:33.783+0100] {dagbag.py:538} INFO - Filling up the DagBag from /home/ubuntu/.local/lib/python3.10/site-packages/airflow/example_dags/plugins/workday.py
[2024-02-06T13:43:34.974+0100] {processor.py:842} WARNING - No viable dags retrieved from /home/ubuntu/.local/lib/python3.10/site-packages/airflow/example_dags/plugins/workday.py
[2024-02-06T13:43:34.987+0100] {processor.py:183} INFO - Processing /home/ubuntu/.local/lib/python3.10/site-packages/airflow/example_dags/plugins/workday.py took 1.213 seconds
[2024-02-06T13:44:45.884+0100] {processor.py:161} INFO - Started process (PID=29150) to work on /home/ubuntu/.local/lib/python3.10/site-packages/airflow/example_dags/plugins/workday.py
[2024-02-06T13:44:45.890+0100] {processor.py:830} INFO - Processing file /home/ubuntu/.local/lib/python3.10/site-packages/airflow/example_dags/plugins/workday.py for tasks to queue
[2024-02-06T13:44:45.892+0100] {logging_mixin.py:188} INFO - [2024-02-06T13:44:45.891+0100] {dagbag.py:538} INFO - Filling up the DagBag from /home/ubuntu/.local/lib/python3.10/site-packages/airflow/example_dags/plugins/workday.py
[2024-02-06T13:44:47.343+0100] {processor.py:842} WARNING - No viable dags retrieved from /home/ubuntu/.local/lib/python3.10/site-packages/airflow/example_dags/plugins/workday.py
[2024-02-06T13:44:47.373+0100] {processor.py:183} INFO - Processing /home/ubuntu/.local/lib/python3.10/site-packages/airflow/example_dags/plugins/workday.py took 1.496 seconds
[2024-02-06T13:45:39.683+0100] {processor.py:161} INFO - Started process (PID=29275) to work on /home/ubuntu/.local/lib/python3.10/site-packages/airflow/example_dags/plugins/workday.py
[2024-02-06T13:45:39.685+0100] {processor.py:830} INFO - Processing file /home/ubuntu/.local/lib/python3.10/site-packages/airflow/example_dags/plugins/workday.py for tasks to queue
[2024-02-06T13:45:39.686+0100] {logging_mixin.py:188} INFO - [2024-02-06T13:45:39.685+0100] {dagbag.py:538} INFO - Filling up the DagBag from /home/ubuntu/.local/lib/python3.10/site-packages/airflow/example_dags/plugins/workday.py
[2024-02-06T13:45:40.430+0100] {processor.py:842} WARNING - No viable dags retrieved from /home/ubuntu/.local/lib/python3.10/site-packages/airflow/example_dags/plugins/workday.py
[2024-02-06T13:45:40.440+0100] {processor.py:183} INFO - Processing /home/ubuntu/.local/lib/python3.10/site-packages/airflow/example_dags/plugins/workday.py took 0.762 seconds
[2024-02-06T13:46:29.015+0100] {processor.py:161} INFO - Started process (PID=29390) to work on /home/ubuntu/.local/lib/python3.10/site-packages/airflow/example_dags/plugins/workday.py
[2024-02-06T13:46:29.017+0100] {processor.py:830} INFO - Processing file /home/ubuntu/.local/lib/python3.10/site-packages/airflow/example_dags/plugins/workday.py for tasks to queue
[2024-02-06T13:46:29.018+0100] {logging_mixin.py:188} INFO - [2024-02-06T13:46:29.017+0100] {dagbag.py:538} INFO - Filling up the DagBag from /home/ubuntu/.local/lib/python3.10/site-packages/airflow/example_dags/plugins/workday.py
[2024-02-06T13:46:29.739+0100] {processor.py:842} WARNING - No viable dags retrieved from /home/ubuntu/.local/lib/python3.10/site-packages/airflow/example_dags/plugins/workday.py
[2024-02-06T13:46:29.752+0100] {processor.py:183} INFO - Processing /home/ubuntu/.local/lib/python3.10/site-packages/airflow/example_dags/plugins/workday.py took 0.742 seconds
[2024-02-06T13:47:20.890+0100] {processor.py:161} INFO - Started process (PID=29508) to work on /home/ubuntu/.local/lib/python3.10/site-packages/airflow/example_dags/plugins/workday.py
[2024-02-06T13:47:20.893+0100] {processor.py:830} INFO - Processing file /home/ubuntu/.local/lib/python3.10/site-packages/airflow/example_dags/plugins/workday.py for tasks to queue
[2024-02-06T13:47:20.894+0100] {logging_mixin.py:188} INFO - [2024-02-06T13:47:20.893+0100] {dagbag.py:538} INFO - Filling up the DagBag from /home/ubuntu/.local/lib/python3.10/site-packages/airflow/example_dags/plugins/workday.py
[2024-02-06T13:47:21.575+0100] {processor.py:842} WARNING - No viable dags retrieved from /home/ubuntu/.local/lib/python3.10/site-packages/airflow/example_dags/plugins/workday.py
[2024-02-06T13:47:21.584+0100] {processor.py:183} INFO - Processing /home/ubuntu/.local/lib/python3.10/site-packages/airflow/example_dags/plugins/workday.py took 0.699 seconds
[2024-02-06T13:48:11.926+0100] {processor.py:161} INFO - Started process (PID=29617) to work on /home/ubuntu/.local/lib/python3.10/site-packages/airflow/example_dags/plugins/workday.py
[2024-02-06T13:48:11.929+0100] {processor.py:830} INFO - Processing file /home/ubuntu/.local/lib/python3.10/site-packages/airflow/example_dags/plugins/workday.py for tasks to queue
[2024-02-06T13:48:11.933+0100] {logging_mixin.py:188} INFO - [2024-02-06T13:48:11.931+0100] {dagbag.py:538} INFO - Filling up the DagBag from /home/ubuntu/.local/lib/python3.10/site-packages/airflow/example_dags/plugins/workday.py
[2024-02-06T13:48:13.307+0100] {processor.py:842} WARNING - No viable dags retrieved from /home/ubuntu/.local/lib/python3.10/site-packages/airflow/example_dags/plugins/workday.py
[2024-02-06T13:48:13.324+0100] {processor.py:183} INFO - Processing /home/ubuntu/.local/lib/python3.10/site-packages/airflow/example_dags/plugins/workday.py took 1.407 seconds
[2024-02-06T13:49:06.612+0100] {processor.py:161} INFO - Started process (PID=29739) to work on /home/ubuntu/.local/lib/python3.10/site-packages/airflow/example_dags/plugins/workday.py
[2024-02-06T13:49:06.615+0100] {processor.py:830} INFO - Processing file /home/ubuntu/.local/lib/python3.10/site-packages/airflow/example_dags/plugins/workday.py for tasks to queue
[2024-02-06T13:49:06.616+0100] {logging_mixin.py:188} INFO - [2024-02-06T13:49:06.616+0100] {dagbag.py:538} INFO - Filling up the DagBag from /home/ubuntu/.local/lib/python3.10/site-packages/airflow/example_dags/plugins/workday.py
[2024-02-06T13:49:07.328+0100] {processor.py:842} WARNING - No viable dags retrieved from /home/ubuntu/.local/lib/python3.10/site-packages/airflow/example_dags/plugins/workday.py
[2024-02-06T13:49:07.337+0100] {processor.py:183} INFO - Processing /home/ubuntu/.local/lib/python3.10/site-packages/airflow/example_dags/plugins/workday.py took 0.730 seconds
[2024-02-06T13:49:56.129+0100] {processor.py:161} INFO - Started process (PID=29860) to work on /home/ubuntu/.local/lib/python3.10/site-packages/airflow/example_dags/plugins/workday.py
[2024-02-06T13:49:56.132+0100] {processor.py:830} INFO - Processing file /home/ubuntu/.local/lib/python3.10/site-packages/airflow/example_dags/plugins/workday.py for tasks to queue
[2024-02-06T13:49:56.133+0100] {logging_mixin.py:188} INFO - [2024-02-06T13:49:56.132+0100] {dagbag.py:538} INFO - Filling up the DagBag from /home/ubuntu/.local/lib/python3.10/site-packages/airflow/example_dags/plugins/workday.py
[2024-02-06T13:49:56.867+0100] {processor.py:842} WARNING - No viable dags retrieved from /home/ubuntu/.local/lib/python3.10/site-packages/airflow/example_dags/plugins/workday.py
[2024-02-06T13:49:56.876+0100] {processor.py:183} INFO - Processing /home/ubuntu/.local/lib/python3.10/site-packages/airflow/example_dags/plugins/workday.py took 0.752 seconds
[2024-02-06T13:50:49.464+0100] {processor.py:161} INFO - Started process (PID=30003) to work on /home/ubuntu/.local/lib/python3.10/site-packages/airflow/example_dags/plugins/workday.py
[2024-02-06T13:50:49.468+0100] {processor.py:830} INFO - Processing file /home/ubuntu/.local/lib/python3.10/site-packages/airflow/example_dags/plugins/workday.py for tasks to queue
[2024-02-06T13:50:49.469+0100] {logging_mixin.py:188} INFO - [2024-02-06T13:50:49.469+0100] {dagbag.py:538} INFO - Filling up the DagBag from /home/ubuntu/.local/lib/python3.10/site-packages/airflow/example_dags/plugins/workday.py
[2024-02-06T13:50:50.315+0100] {processor.py:842} WARNING - No viable dags retrieved from /home/ubuntu/.local/lib/python3.10/site-packages/airflow/example_dags/plugins/workday.py
[2024-02-06T13:50:50.324+0100] {processor.py:183} INFO - Processing /home/ubuntu/.local/lib/python3.10/site-packages/airflow/example_dags/plugins/workday.py took 0.865 seconds
[2024-02-06T13:51:44.046+0100] {processor.py:161} INFO - Started process (PID=30135) to work on /home/ubuntu/.local/lib/python3.10/site-packages/airflow/example_dags/plugins/workday.py
[2024-02-06T13:51:44.048+0100] {processor.py:830} INFO - Processing file /home/ubuntu/.local/lib/python3.10/site-packages/airflow/example_dags/plugins/workday.py for tasks to queue
[2024-02-06T13:51:44.049+0100] {logging_mixin.py:188} INFO - [2024-02-06T13:51:44.049+0100] {dagbag.py:538} INFO - Filling up the DagBag from /home/ubuntu/.local/lib/python3.10/site-packages/airflow/example_dags/plugins/workday.py
[2024-02-06T13:51:44.635+0100] {processor.py:842} WARNING - No viable dags retrieved from /home/ubuntu/.local/lib/python3.10/site-packages/airflow/example_dags/plugins/workday.py
[2024-02-06T13:51:44.642+0100] {processor.py:183} INFO - Processing /home/ubuntu/.local/lib/python3.10/site-packages/airflow/example_dags/plugins/workday.py took 0.600 seconds
[2024-02-06T13:52:40.086+0100] {processor.py:161} INFO - Started process (PID=30354) to work on /home/ubuntu/.local/lib/python3.10/site-packages/airflow/example_dags/plugins/workday.py
[2024-02-06T13:52:40.094+0100] {processor.py:830} INFO - Processing file /home/ubuntu/.local/lib/python3.10/site-packages/airflow/example_dags/plugins/workday.py for tasks to queue
[2024-02-06T13:52:40.096+0100] {logging_mixin.py:188} INFO - [2024-02-06T13:52:40.095+0100] {dagbag.py:538} INFO - Filling up the DagBag from /home/ubuntu/.local/lib/python3.10/site-packages/airflow/example_dags/plugins/workday.py
[2024-02-06T13:52:41.766+0100] {processor.py:842} WARNING - No viable dags retrieved from /home/ubuntu/.local/lib/python3.10/site-packages/airflow/example_dags/plugins/workday.py
[2024-02-06T13:52:41.831+0100] {processor.py:183} INFO - Processing /home/ubuntu/.local/lib/python3.10/site-packages/airflow/example_dags/plugins/workday.py took 1.755 seconds
[2024-02-06T13:53:35.218+0100] {processor.py:161} INFO - Started process (PID=30474) to work on /home/ubuntu/.local/lib/python3.10/site-packages/airflow/example_dags/plugins/workday.py
[2024-02-06T13:53:35.220+0100] {processor.py:830} INFO - Processing file /home/ubuntu/.local/lib/python3.10/site-packages/airflow/example_dags/plugins/workday.py for tasks to queue
[2024-02-06T13:53:35.221+0100] {logging_mixin.py:188} INFO - [2024-02-06T13:53:35.221+0100] {dagbag.py:538} INFO - Filling up the DagBag from /home/ubuntu/.local/lib/python3.10/site-packages/airflow/example_dags/plugins/workday.py
[2024-02-06T13:53:35.881+0100] {processor.py:842} WARNING - No viable dags retrieved from /home/ubuntu/.local/lib/python3.10/site-packages/airflow/example_dags/plugins/workday.py
[2024-02-06T13:53:35.890+0100] {processor.py:183} INFO - Processing /home/ubuntu/.local/lib/python3.10/site-packages/airflow/example_dags/plugins/workday.py took 0.677 seconds
[2024-02-06T13:54:22.245+0100] {processor.py:161} INFO - Started process (PID=30585) to work on /home/ubuntu/.local/lib/python3.10/site-packages/airflow/example_dags/plugins/workday.py
[2024-02-06T13:54:22.248+0100] {processor.py:830} INFO - Processing file /home/ubuntu/.local/lib/python3.10/site-packages/airflow/example_dags/plugins/workday.py for tasks to queue
[2024-02-06T13:54:22.249+0100] {logging_mixin.py:188} INFO - [2024-02-06T13:54:22.248+0100] {dagbag.py:538} INFO - Filling up the DagBag from /home/ubuntu/.local/lib/python3.10/site-packages/airflow/example_dags/plugins/workday.py
[2024-02-06T13:54:22.954+0100] {processor.py:842} WARNING - No viable dags retrieved from /home/ubuntu/.local/lib/python3.10/site-packages/airflow/example_dags/plugins/workday.py
[2024-02-06T13:54:22.963+0100] {processor.py:183} INFO - Processing /home/ubuntu/.local/lib/python3.10/site-packages/airflow/example_dags/plugins/workday.py took 0.723 seconds
[2024-02-06T13:55:16.077+0100] {processor.py:161} INFO - Started process (PID=30752) to work on /home/ubuntu/.local/lib/python3.10/site-packages/airflow/example_dags/plugins/workday.py
[2024-02-06T13:55:16.080+0100] {processor.py:830} INFO - Processing file /home/ubuntu/.local/lib/python3.10/site-packages/airflow/example_dags/plugins/workday.py for tasks to queue
[2024-02-06T13:55:16.084+0100] {logging_mixin.py:188} INFO - [2024-02-06T13:55:16.084+0100] {dagbag.py:538} INFO - Filling up the DagBag from /home/ubuntu/.local/lib/python3.10/site-packages/airflow/example_dags/plugins/workday.py
[2024-02-06T13:55:16.669+0100] {processor.py:842} WARNING - No viable dags retrieved from /home/ubuntu/.local/lib/python3.10/site-packages/airflow/example_dags/plugins/workday.py
[2024-02-06T13:55:16.676+0100] {processor.py:183} INFO - Processing /home/ubuntu/.local/lib/python3.10/site-packages/airflow/example_dags/plugins/workday.py took 0.603 seconds
[2024-02-06T13:56:08.803+0100] {processor.py:161} INFO - Started process (PID=30902) to work on /home/ubuntu/.local/lib/python3.10/site-packages/airflow/example_dags/plugins/workday.py
[2024-02-06T13:56:08.806+0100] {processor.py:830} INFO - Processing file /home/ubuntu/.local/lib/python3.10/site-packages/airflow/example_dags/plugins/workday.py for tasks to queue
[2024-02-06T13:56:08.807+0100] {logging_mixin.py:188} INFO - [2024-02-06T13:56:08.806+0100] {dagbag.py:538} INFO - Filling up the DagBag from /home/ubuntu/.local/lib/python3.10/site-packages/airflow/example_dags/plugins/workday.py
[2024-02-06T13:56:09.371+0100] {processor.py:842} WARNING - No viable dags retrieved from /home/ubuntu/.local/lib/python3.10/site-packages/airflow/example_dags/plugins/workday.py
[2024-02-06T13:56:09.379+0100] {processor.py:183} INFO - Processing /home/ubuntu/.local/lib/python3.10/site-packages/airflow/example_dags/plugins/workday.py took 0.588 seconds
[2024-02-06T13:57:03.474+0100] {processor.py:161} INFO - Started process (PID=31056) to work on /home/ubuntu/.local/lib/python3.10/site-packages/airflow/example_dags/plugins/workday.py
[2024-02-06T13:57:03.476+0100] {processor.py:830} INFO - Processing file /home/ubuntu/.local/lib/python3.10/site-packages/airflow/example_dags/plugins/workday.py for tasks to queue
[2024-02-06T13:57:03.477+0100] {logging_mixin.py:188} INFO - [2024-02-06T13:57:03.476+0100] {dagbag.py:538} INFO - Filling up the DagBag from /home/ubuntu/.local/lib/python3.10/site-packages/airflow/example_dags/plugins/workday.py
[2024-02-06T13:57:04.079+0100] {processor.py:842} WARNING - No viable dags retrieved from /home/ubuntu/.local/lib/python3.10/site-packages/airflow/example_dags/plugins/workday.py
[2024-02-06T13:57:04.086+0100] {processor.py:183} INFO - Processing /home/ubuntu/.local/lib/python3.10/site-packages/airflow/example_dags/plugins/workday.py took 0.617 seconds
[2024-02-06T13:58:05.731+0100] {processor.py:161} INFO - Started process (PID=31250) to work on /home/ubuntu/.local/lib/python3.10/site-packages/airflow/example_dags/plugins/workday.py
[2024-02-06T13:58:05.733+0100] {processor.py:830} INFO - Processing file /home/ubuntu/.local/lib/python3.10/site-packages/airflow/example_dags/plugins/workday.py for tasks to queue
[2024-02-06T13:58:05.735+0100] {logging_mixin.py:188} INFO - [2024-02-06T13:58:05.734+0100] {dagbag.py:538} INFO - Filling up the DagBag from /home/ubuntu/.local/lib/python3.10/site-packages/airflow/example_dags/plugins/workday.py
[2024-02-06T13:58:06.563+0100] {processor.py:842} WARNING - No viable dags retrieved from /home/ubuntu/.local/lib/python3.10/site-packages/airflow/example_dags/plugins/workday.py
[2024-02-06T13:58:06.572+0100] {processor.py:183} INFO - Processing /home/ubuntu/.local/lib/python3.10/site-packages/airflow/example_dags/plugins/workday.py took 0.846 seconds
[2024-02-06T13:59:03.574+0100] {processor.py:161} INFO - Started process (PID=31415) to work on /home/ubuntu/.local/lib/python3.10/site-packages/airflow/example_dags/plugins/workday.py
[2024-02-06T13:59:03.576+0100] {processor.py:830} INFO - Processing file /home/ubuntu/.local/lib/python3.10/site-packages/airflow/example_dags/plugins/workday.py for tasks to queue
[2024-02-06T13:59:03.578+0100] {logging_mixin.py:188} INFO - [2024-02-06T13:59:03.577+0100] {dagbag.py:538} INFO - Filling up the DagBag from /home/ubuntu/.local/lib/python3.10/site-packages/airflow/example_dags/plugins/workday.py
[2024-02-06T13:59:05.015+0100] {processor.py:842} WARNING - No viable dags retrieved from /home/ubuntu/.local/lib/python3.10/site-packages/airflow/example_dags/plugins/workday.py
[2024-02-06T13:59:05.065+0100] {processor.py:183} INFO - Processing /home/ubuntu/.local/lib/python3.10/site-packages/airflow/example_dags/plugins/workday.py took 1.497 seconds
[2024-02-06T14:00:08.520+0100] {processor.py:161} INFO - Started process (PID=31608) to work on /home/ubuntu/.local/lib/python3.10/site-packages/airflow/example_dags/plugins/workday.py
[2024-02-06T14:00:08.522+0100] {processor.py:830} INFO - Processing file /home/ubuntu/.local/lib/python3.10/site-packages/airflow/example_dags/plugins/workday.py for tasks to queue
[2024-02-06T14:00:08.524+0100] {logging_mixin.py:188} INFO - [2024-02-06T14:00:08.523+0100] {dagbag.py:538} INFO - Filling up the DagBag from /home/ubuntu/.local/lib/python3.10/site-packages/airflow/example_dags/plugins/workday.py
[2024-02-06T14:00:09.496+0100] {processor.py:842} WARNING - No viable dags retrieved from /home/ubuntu/.local/lib/python3.10/site-packages/airflow/example_dags/plugins/workday.py
[2024-02-06T14:00:09.543+0100] {processor.py:183} INFO - Processing /home/ubuntu/.local/lib/python3.10/site-packages/airflow/example_dags/plugins/workday.py took 1.027 seconds
[2024-02-06T14:01:05.386+0100] {processor.py:161} INFO - Started process (PID=31772) to work on /home/ubuntu/.local/lib/python3.10/site-packages/airflow/example_dags/plugins/workday.py
[2024-02-06T14:01:05.389+0100] {processor.py:830} INFO - Processing file /home/ubuntu/.local/lib/python3.10/site-packages/airflow/example_dags/plugins/workday.py for tasks to queue
[2024-02-06T14:01:05.391+0100] {logging_mixin.py:188} INFO - [2024-02-06T14:01:05.390+0100] {dagbag.py:538} INFO - Filling up the DagBag from /home/ubuntu/.local/lib/python3.10/site-packages/airflow/example_dags/plugins/workday.py
[2024-02-06T14:01:06.088+0100] {processor.py:842} WARNING - No viable dags retrieved from /home/ubuntu/.local/lib/python3.10/site-packages/airflow/example_dags/plugins/workday.py
[2024-02-06T14:01:06.097+0100] {processor.py:183} INFO - Processing /home/ubuntu/.local/lib/python3.10/site-packages/airflow/example_dags/plugins/workday.py took 0.715 seconds
[2024-02-06T14:02:01.593+0100] {processor.py:161} INFO - Started process (PID=31954) to work on /home/ubuntu/.local/lib/python3.10/site-packages/airflow/example_dags/plugins/workday.py
[2024-02-06T14:02:01.600+0100] {processor.py:830} INFO - Processing file /home/ubuntu/.local/lib/python3.10/site-packages/airflow/example_dags/plugins/workday.py for tasks to queue
[2024-02-06T14:02:01.603+0100] {logging_mixin.py:188} INFO - [2024-02-06T14:02:01.602+0100] {dagbag.py:538} INFO - Filling up the DagBag from /home/ubuntu/.local/lib/python3.10/site-packages/airflow/example_dags/plugins/workday.py
[2024-02-06T14:02:02.884+0100] {processor.py:842} WARNING - No viable dags retrieved from /home/ubuntu/.local/lib/python3.10/site-packages/airflow/example_dags/plugins/workday.py
[2024-02-06T14:02:02.894+0100] {processor.py:183} INFO - Processing /home/ubuntu/.local/lib/python3.10/site-packages/airflow/example_dags/plugins/workday.py took 1.308 seconds
[2024-02-06T14:03:03.102+0100] {processor.py:161} INFO - Started process (PID=32153) to work on /home/ubuntu/.local/lib/python3.10/site-packages/airflow/example_dags/plugins/workday.py
[2024-02-06T14:03:03.107+0100] {processor.py:830} INFO - Processing file /home/ubuntu/.local/lib/python3.10/site-packages/airflow/example_dags/plugins/workday.py for tasks to queue
[2024-02-06T14:03:03.108+0100] {logging_mixin.py:188} INFO - [2024-02-06T14:03:03.107+0100] {dagbag.py:538} INFO - Filling up the DagBag from /home/ubuntu/.local/lib/python3.10/site-packages/airflow/example_dags/plugins/workday.py
[2024-02-06T14:03:04.107+0100] {processor.py:842} WARNING - No viable dags retrieved from /home/ubuntu/.local/lib/python3.10/site-packages/airflow/example_dags/plugins/workday.py
[2024-02-06T14:03:04.115+0100] {processor.py:183} INFO - Processing /home/ubuntu/.local/lib/python3.10/site-packages/airflow/example_dags/plugins/workday.py took 1.018 seconds
[2024-02-06T14:03:59.088+0100] {processor.py:161} INFO - Started process (PID=32281) to work on /home/ubuntu/.local/lib/python3.10/site-packages/airflow/example_dags/plugins/workday.py
[2024-02-06T14:03:59.091+0100] {processor.py:830} INFO - Processing file /home/ubuntu/.local/lib/python3.10/site-packages/airflow/example_dags/plugins/workday.py for tasks to queue
[2024-02-06T14:03:59.092+0100] {logging_mixin.py:188} INFO - [2024-02-06T14:03:59.091+0100] {dagbag.py:538} INFO - Filling up the DagBag from /home/ubuntu/.local/lib/python3.10/site-packages/airflow/example_dags/plugins/workday.py
[2024-02-06T14:04:00.094+0100] {processor.py:842} WARNING - No viable dags retrieved from /home/ubuntu/.local/lib/python3.10/site-packages/airflow/example_dags/plugins/workday.py
[2024-02-06T14:04:00.104+0100] {processor.py:183} INFO - Processing /home/ubuntu/.local/lib/python3.10/site-packages/airflow/example_dags/plugins/workday.py took 1.020 seconds
[2024-02-06T14:05:00.290+0100] {processor.py:161} INFO - Started process (PID=32422) to work on /home/ubuntu/.local/lib/python3.10/site-packages/airflow/example_dags/plugins/workday.py
[2024-02-06T14:05:00.293+0100] {processor.py:830} INFO - Processing file /home/ubuntu/.local/lib/python3.10/site-packages/airflow/example_dags/plugins/workday.py for tasks to queue
[2024-02-06T14:05:00.294+0100] {logging_mixin.py:188} INFO - [2024-02-06T14:05:00.294+0100] {dagbag.py:538} INFO - Filling up the DagBag from /home/ubuntu/.local/lib/python3.10/site-packages/airflow/example_dags/plugins/workday.py
[2024-02-06T14:05:01.015+0100] {processor.py:842} WARNING - No viable dags retrieved from /home/ubuntu/.local/lib/python3.10/site-packages/airflow/example_dags/plugins/workday.py
[2024-02-06T14:05:01.022+0100] {processor.py:183} INFO - Processing /home/ubuntu/.local/lib/python3.10/site-packages/airflow/example_dags/plugins/workday.py took 0.742 seconds
