[2024-02-02T09:31:13.838+0100] {taskinstance.py:1957} INFO - Dependencies all met for dep_context=non-requeueable deps ti=<TaskInstance: jeniferhdfs.submit_spark_job manual__2024-02-02T08:02:33.369054+00:00 [queued]>
[2024-02-02T09:31:13.863+0100] {taskinstance.py:1957} INFO - Dependencies all met for dep_context=requeueable deps ti=<TaskInstance: jeniferhdfs.submit_spark_job manual__2024-02-02T08:02:33.369054+00:00 [queued]>
[2024-02-02T09:31:13.864+0100] {taskinstance.py:2171} INFO - Starting attempt 6 of 6
[2024-02-02T09:31:13.921+0100] {taskinstance.py:2192} INFO - Executing <Task(SparkSubmitOperator): submit_spark_job> on 2024-02-02 08:02:33.369054+00:00
[2024-02-02T09:31:13.931+0100] {standard_task_runner.py:60} INFO - Started process 20848 to run task
[2024-02-02T09:31:13.931+0100] {standard_task_runner.py:87} INFO - Running: ['airflow', 'tasks', 'run', 'jeniferhdfs', 'submit_spark_job', 'manual__2024-02-02T08:02:33.369054+00:00', '--job-id', '138', '--raw', '--subdir', 'DAGS_FOLDER/hdfsDag.py', '--cfg-path', '/tmp/tmpn3xrqi0m']
[2024-02-02T09:31:13.947+0100] {standard_task_runner.py:88} INFO - Job 138: Subtask submit_spark_job
[2024-02-02T09:31:14.062+0100] {task_command.py:423} INFO - Running <TaskInstance: jeniferhdfs.submit_spark_job manual__2024-02-02T08:02:33.369054+00:00 [running]> on host ubuntu.ubuntu.virtualbox.org
[2024-02-02T09:31:14.217+0100] {taskinstance.py:2481} INFO - Exporting env vars: AIRFLOW_CTX_DAG_OWNER='jenifer' AIRFLOW_CTX_DAG_ID='jeniferhdfs' AIRFLOW_CTX_TASK_ID='submit_spark_job' AIRFLOW_CTX_EXECUTION_DATE='2024-02-02T08:02:33.369054+00:00' AIRFLOW_CTX_TRY_NUMBER='6' AIRFLOW_CTX_DAG_RUN_ID='manual__2024-02-02T08:02:33.369054+00:00'
[2024-02-02T09:31:14.236+0100] {base.py:83} INFO - Using connection ID 'spark_default' for task execution.
[2024-02-02T09:31:14.238+0100] {spark_submit.py:401} INFO - Spark-Submit cmd: spark-submit --master local[*] --name arrow-spark --class main.scala.mnm.MnMcount --queue root.default --deploy-mode client /home/ubuntu/airflow/mnmcount/target/scala-2.12/mnmcount_2.12-0.1.0-SNAPSHOT.jar
[2024-02-02T09:31:22.462+0100] {spark_submit.py:571} INFO - 24/02/02 09:31:22 WARN Utils: Your hostname, ubuntu resolves to a loopback address: 127.0.1.1; using 10.0.2.15 instead (on interface enp0s3)
[2024-02-02T09:31:22.474+0100] {spark_submit.py:571} INFO - 24/02/02 09:31:22 WARN Utils: Set SPARK_LOCAL_IP if you need to bind to another address
[2024-02-02T09:31:23.950+0100] {spark_submit.py:571} INFO - Error: Failed to load class main.scala.mnm.MnMcount.
[2024-02-02T09:31:24.058+0100] {spark_submit.py:571} INFO - 24/02/02 09:31:24 INFO ShutdownHookManager: Shutdown hook called
[2024-02-02T09:31:24.064+0100] {spark_submit.py:571} INFO - 24/02/02 09:31:24 INFO ShutdownHookManager: Deleting directory /tmp/spark-e6a45238-11cc-4f2d-899c-dc76d7fdd4c8
[2024-02-02T09:31:24.215+0100] {taskinstance.py:2699} ERROR - Task failed with exception
Traceback (most recent call last):
  File "/home/ubuntu/.local/lib/python3.10/site-packages/airflow/models/taskinstance.py", line 433, in _execute_task
    result = execute_callable(context=context, **execute_callable_kwargs)
  File "/home/ubuntu/.local/lib/python3.10/site-packages/airflow/providers/apache/spark/operators/spark_submit.py", line 174, in execute
    self._hook.submit(self._application)
  File "/home/ubuntu/.local/lib/python3.10/site-packages/airflow/providers/apache/spark/hooks/spark_submit.py", line 502, in submit
    raise AirflowException(
airflow.exceptions.AirflowException: Cannot execute: spark-submit --master local[*] --name arrow-spark --class main.scala.mnm.MnMcount --queue root.default --deploy-mode client /home/ubuntu/airflow/mnmcount/target/scala-2.12/mnmcount_2.12-0.1.0-SNAPSHOT.jar. Error code is: 101.
[2024-02-02T09:31:24.243+0100] {taskinstance.py:1138} INFO - Marking task as FAILED. dag_id=jeniferhdfs, task_id=submit_spark_job, execution_date=20240202T080233, start_date=20240202T083113, end_date=20240202T083124
[2024-02-02T09:31:24.277+0100] {standard_task_runner.py:107} ERROR - Failed to execute job 138 for task submit_spark_job (Cannot execute: spark-submit --master local[*] --name arrow-spark --class main.scala.mnm.MnMcount --queue root.default --deploy-mode client /home/ubuntu/airflow/mnmcount/target/scala-2.12/mnmcount_2.12-0.1.0-SNAPSHOT.jar. Error code is: 101.; 20848)
[2024-02-02T09:31:24.319+0100] {local_task_job_runner.py:234} INFO - Task exited with return code 1
[2024-02-02T09:31:24.405+0100] {taskinstance.py:3281} INFO - 0 downstream tasks scheduled from follow-on schedule check
