[2024-02-02T09:25:44.146+0100] {taskinstance.py:1957} INFO - Dependencies all met for dep_context=non-requeueable deps ti=<TaskInstance: jeniferhdfs.submit_spark_job manual__2024-02-02T08:02:33.369054+00:00 [queued]>
[2024-02-02T09:25:44.160+0100] {taskinstance.py:1957} INFO - Dependencies all met for dep_context=requeueable deps ti=<TaskInstance: jeniferhdfs.submit_spark_job manual__2024-02-02T08:02:33.369054+00:00 [queued]>
[2024-02-02T09:25:44.160+0100] {taskinstance.py:2171} INFO - Starting attempt 5 of 6
[2024-02-02T09:25:44.199+0100] {taskinstance.py:2192} INFO - Executing <Task(SparkSubmitOperator): submit_spark_job> on 2024-02-02 08:02:33.369054+00:00
[2024-02-02T09:25:44.210+0100] {standard_task_runner.py:60} INFO - Started process 19828 to run task
[2024-02-02T09:25:44.215+0100] {standard_task_runner.py:87} INFO - Running: ['airflow', 'tasks', 'run', 'jeniferhdfs', 'submit_spark_job', 'manual__2024-02-02T08:02:33.369054+00:00', '--job-id', '137', '--raw', '--subdir', 'DAGS_FOLDER/hdfsDag.py', '--cfg-path', '/tmp/tmptxc7am1m']
[2024-02-02T09:25:44.219+0100] {standard_task_runner.py:88} INFO - Job 137: Subtask submit_spark_job
[2024-02-02T09:25:44.282+0100] {task_command.py:423} INFO - Running <TaskInstance: jeniferhdfs.submit_spark_job manual__2024-02-02T08:02:33.369054+00:00 [running]> on host ubuntu.ubuntu.virtualbox.org
[2024-02-02T09:25:44.383+0100] {taskinstance.py:2481} INFO - Exporting env vars: AIRFLOW_CTX_DAG_OWNER='jenifer' AIRFLOW_CTX_DAG_ID='jeniferhdfs' AIRFLOW_CTX_TASK_ID='submit_spark_job' AIRFLOW_CTX_EXECUTION_DATE='2024-02-02T08:02:33.369054+00:00' AIRFLOW_CTX_TRY_NUMBER='5' AIRFLOW_CTX_DAG_RUN_ID='manual__2024-02-02T08:02:33.369054+00:00'
[2024-02-02T09:25:44.397+0100] {base.py:83} INFO - Using connection ID 'spark_default' for task execution.
[2024-02-02T09:25:44.400+0100] {spark_submit.py:401} INFO - Spark-Submit cmd: spark-submit --master local[*] --name arrow-spark --class main.scala.mnm.MnMcount --queue root.default --deploy-mode client /home/ubuntu/airflow/mnmcount/target/scala-2.12/mnmcount_2.12-0.1.0-SNAPSHOT.jar
[2024-02-02T09:25:52.855+0100] {spark_submit.py:571} INFO - 24/02/02 09:25:52 WARN Utils: Your hostname, ubuntu resolves to a loopback address: 127.0.1.1; using 10.0.2.15 instead (on interface enp0s3)
[2024-02-02T09:25:52.888+0100] {spark_submit.py:571} INFO - 24/02/02 09:25:52 WARN Utils: Set SPARK_LOCAL_IP if you need to bind to another address
[2024-02-02T09:25:57.205+0100] {spark_submit.py:571} INFO - Error: Failed to load class main.scala.mnm.MnMcount.
[2024-02-02T09:25:57.432+0100] {spark_submit.py:571} INFO - 24/02/02 09:25:57 INFO ShutdownHookManager: Shutdown hook called
[2024-02-02T09:25:57.440+0100] {spark_submit.py:571} INFO - 24/02/02 09:25:57 INFO ShutdownHookManager: Deleting directory /tmp/spark-a0aef2b4-2fa3-45e7-9c6e-5b87ab443da5
[2024-02-02T09:25:57.640+0100] {taskinstance.py:2699} ERROR - Task failed with exception
Traceback (most recent call last):
  File "/home/ubuntu/.local/lib/python3.10/site-packages/airflow/models/taskinstance.py", line 433, in _execute_task
    result = execute_callable(context=context, **execute_callable_kwargs)
  File "/home/ubuntu/.local/lib/python3.10/site-packages/airflow/providers/apache/spark/operators/spark_submit.py", line 174, in execute
    self._hook.submit(self._application)
  File "/home/ubuntu/.local/lib/python3.10/site-packages/airflow/providers/apache/spark/hooks/spark_submit.py", line 502, in submit
    raise AirflowException(
airflow.exceptions.AirflowException: Cannot execute: spark-submit --master local[*] --name arrow-spark --class main.scala.mnm.MnMcount --queue root.default --deploy-mode client /home/ubuntu/airflow/mnmcount/target/scala-2.12/mnmcount_2.12-0.1.0-SNAPSHOT.jar. Error code is: 101.
[2024-02-02T09:25:57.670+0100] {taskinstance.py:1138} INFO - Marking task as UP_FOR_RETRY. dag_id=jeniferhdfs, task_id=submit_spark_job, execution_date=20240202T080233, start_date=20240202T082544, end_date=20240202T082557
[2024-02-02T09:25:57.748+0100] {standard_task_runner.py:107} ERROR - Failed to execute job 137 for task submit_spark_job (Cannot execute: spark-submit --master local[*] --name arrow-spark --class main.scala.mnm.MnMcount --queue root.default --deploy-mode client /home/ubuntu/airflow/mnmcount/target/scala-2.12/mnmcount_2.12-0.1.0-SNAPSHOT.jar. Error code is: 101.; 19828)
[2024-02-02T09:25:57.779+0100] {local_task_job_runner.py:234} INFO - Task exited with return code 1
[2024-02-02T09:25:57.813+0100] {taskinstance.py:3281} INFO - 0 downstream tasks scheduled from follow-on schedule check
