[2024-01-30T16:54:28.995+0100] {taskinstance.py:1957} INFO - Dependencies all met for dep_context=non-requeueable deps ti=<TaskInstance: jeniferhdfs.submit_spark_job manual__2024-01-30T15:54:08.274938+00:00 [queued]>
[2024-01-30T16:54:29.022+0100] {taskinstance.py:1957} INFO - Dependencies all met for dep_context=requeueable deps ti=<TaskInstance: jeniferhdfs.submit_spark_job manual__2024-01-30T15:54:08.274938+00:00 [queued]>
[2024-01-30T16:54:29.023+0100] {taskinstance.py:2171} INFO - Starting attempt 1 of 2
[2024-01-30T16:54:29.110+0100] {taskinstance.py:2192} INFO - Executing <Task(SparkSubmitOperator): submit_spark_job> on 2024-01-30 15:54:08.274938+00:00
[2024-01-30T16:54:29.119+0100] {standard_task_runner.py:60} INFO - Started process 5539 to run task
[2024-01-30T16:54:29.125+0100] {standard_task_runner.py:87} INFO - Running: ['airflow', 'tasks', 'run', 'jeniferhdfs', 'submit_spark_job', 'manual__2024-01-30T15:54:08.274938+00:00', '--job-id', '120', '--raw', '--subdir', 'DAGS_FOLDER/hdfsDag.py', '--cfg-path', '/tmp/tmp57a00v0s']
[2024-01-30T16:54:29.146+0100] {standard_task_runner.py:88} INFO - Job 120: Subtask submit_spark_job
[2024-01-30T16:54:29.274+0100] {task_command.py:423} INFO - Running <TaskInstance: jeniferhdfs.submit_spark_job manual__2024-01-30T15:54:08.274938+00:00 [running]> on host ubuntu.ubuntu.virtualbox.org
[2024-01-30T16:54:29.749+0100] {taskinstance.py:2481} INFO - Exporting env vars: AIRFLOW_CTX_DAG_OWNER='jenifer' AIRFLOW_CTX_DAG_ID='jeniferhdfs' AIRFLOW_CTX_TASK_ID='submit_spark_job' AIRFLOW_CTX_EXECUTION_DATE='2024-01-30T15:54:08.274938+00:00' AIRFLOW_CTX_TRY_NUMBER='1' AIRFLOW_CTX_DAG_RUN_ID='manual__2024-01-30T15:54:08.274938+00:00'
[2024-01-30T16:54:29.779+0100] {base.py:83} INFO - Using connection ID 'spark_default' for task execution.
[2024-01-30T16:54:29.782+0100] {spark_submit.py:401} INFO - Spark-Submit cmd: spark-submit --master local[*] --name arrow-spark --class main.scala.mnm.MnMcount --queue root.default --deploy-mode client hdfs://localhost:9000/user/project/datalake/main-scala-mnm_2.12-1.0.jar
[2024-01-30T16:54:36.919+0100] {spark_submit.py:571} INFO - 24/01/30 16:54:36 WARN Utils: Your hostname, ubuntu resolves to a loopback address: 127.0.1.1; using 10.0.2.15 instead (on interface enp0s3)
[2024-01-30T16:54:36.928+0100] {spark_submit.py:571} INFO - 24/01/30 16:54:36 WARN Utils: Set SPARK_LOCAL_IP if you need to bind to another address
[2024-01-30T16:54:38.759+0100] {spark_submit.py:571} INFO - 24/01/30 16:54:38 WARN NativeCodeLoader: Unable to load native-hadoop library for your platform... using builtin-java classes where applicable
[2024-01-30T16:54:41.532+0100] {spark_submit.py:571} INFO - 24/01/30 16:54:41 INFO SparkContext: Running Spark version 3.3.4
[2024-01-30T16:54:41.752+0100] {spark_submit.py:571} INFO - 24/01/30 16:54:41 INFO ResourceUtils: ==============================================================
[2024-01-30T16:54:41.761+0100] {spark_submit.py:571} INFO - 24/01/30 16:54:41 INFO ResourceUtils: No custom resources configured for spark.driver.
[2024-01-30T16:54:41.775+0100] {spark_submit.py:571} INFO - 24/01/30 16:54:41 INFO ResourceUtils: ==============================================================
[2024-01-30T16:54:41.776+0100] {spark_submit.py:571} INFO - 24/01/30 16:54:41 INFO SparkContext: Submitted application: MnMCount
[2024-01-30T16:54:41.835+0100] {spark_submit.py:571} INFO - 24/01/30 16:54:41 INFO ResourceProfile: Default ResourceProfile created, executor resources: Map(cores -> name: cores, amount: 1, script: , vendor: , memory -> name: memory, amount: 1024, script: , vendor: , offHeap -> name: offHeap, amount: 0, script: , vendor: ), task resources: Map(cpus -> name: cpus, amount: 1.0)
[2024-01-30T16:54:41.877+0100] {spark_submit.py:571} INFO - 24/01/30 16:54:41 INFO ResourceProfile: Limiting resource is cpu
[2024-01-30T16:54:41.880+0100] {spark_submit.py:571} INFO - 24/01/30 16:54:41 INFO ResourceProfileManager: Added ResourceProfile id: 0
[2024-01-30T16:54:42.001+0100] {spark_submit.py:571} INFO - 24/01/30 16:54:42 INFO SecurityManager: Changing view acls to: ubuntu
[2024-01-30T16:54:42.003+0100] {spark_submit.py:571} INFO - 24/01/30 16:54:42 INFO SecurityManager: Changing modify acls to: ubuntu
[2024-01-30T16:54:42.004+0100] {spark_submit.py:571} INFO - 24/01/30 16:54:42 INFO SecurityManager: Changing view acls groups to:
[2024-01-30T16:54:42.005+0100] {spark_submit.py:571} INFO - 24/01/30 16:54:42 INFO SecurityManager: Changing modify acls groups to:
[2024-01-30T16:54:42.008+0100] {spark_submit.py:571} INFO - 24/01/30 16:54:42 INFO SecurityManager: SecurityManager: authentication disabled; ui acls disabled; users  with view permissions: Set(ubuntu); groups with view permissions: Set(); users  with modify permissions: Set(ubuntu); groups with modify permissions: Set()
[2024-01-30T16:54:42.796+0100] {spark_submit.py:571} INFO - 24/01/30 16:54:42 INFO Utils: Successfully started service 'sparkDriver' on port 33757.
[2024-01-30T16:54:42.978+0100] {spark_submit.py:571} INFO - 24/01/30 16:54:42 INFO SparkEnv: Registering MapOutputTracker
[2024-01-30T16:54:43.055+0100] {spark_submit.py:571} INFO - 24/01/30 16:54:43 INFO SparkEnv: Registering BlockManagerMaster
[2024-01-30T16:54:43.369+0100] {spark_submit.py:571} INFO - 24/01/30 16:54:43 INFO BlockManagerMasterEndpoint: Using org.apache.spark.storage.DefaultTopologyMapper for getting topology information
[2024-01-30T16:54:43.372+0100] {spark_submit.py:571} INFO - 24/01/30 16:54:43 INFO BlockManagerMasterEndpoint: BlockManagerMasterEndpoint up
[2024-01-30T16:54:43.391+0100] {spark_submit.py:571} INFO - 24/01/30 16:54:43 INFO SparkEnv: Registering BlockManagerMasterHeartbeat
[2024-01-30T16:54:43.526+0100] {spark_submit.py:571} INFO - 24/01/30 16:54:43 INFO DiskBlockManager: Created local directory at /tmp/blockmgr-6a497f3b-87d0-47de-ae26-f30bfa15401e
[2024-01-30T16:54:43.587+0100] {spark_submit.py:571} INFO - 24/01/30 16:54:43 INFO MemoryStore: MemoryStore started with capacity 434.4 MiB
[2024-01-30T16:54:43.646+0100] {spark_submit.py:571} INFO - 24/01/30 16:54:43 INFO SparkEnv: Registering OutputCommitCoordinator
[2024-01-30T16:54:44.599+0100] {spark_submit.py:571} INFO - 24/01/30 16:54:44 INFO Utils: Successfully started service 'SparkUI' on port 4040.
[2024-01-30T16:54:44.740+0100] {spark_submit.py:571} INFO - 24/01/30 16:54:44 INFO SparkContext: Added JAR hdfs://localhost:9000/user/project/datalake/main-scala-mnm_2.12-1.0.jar at hdfs://localhost:9000/user/project/datalake/main-scala-mnm_2.12-1.0.jar with timestamp 1706630081508
[2024-01-30T16:54:45.201+0100] {spark_submit.py:571} INFO - 24/01/30 16:54:45 INFO Executor: Starting executor ID driver on host 10.0.2.15
[2024-01-30T16:54:45.242+0100] {spark_submit.py:571} INFO - 24/01/30 16:54:45 INFO Executor: Starting executor with user classpath (userClassPathFirst = false): ''
[2024-01-30T16:54:45.426+0100] {spark_submit.py:571} INFO - 24/01/30 16:54:45 INFO Executor: Fetching hdfs://localhost:9000/user/project/datalake/main-scala-mnm_2.12-1.0.jar with timestamp 1706630081508
[2024-01-30T16:54:45.467+0100] {spark_submit.py:571} INFO - 24/01/30 16:54:45 INFO Utils: Fetching hdfs://localhost:9000/user/project/datalake/main-scala-mnm_2.12-1.0.jar to /tmp/spark-b7d7f8ef-ac90-4357-bf2b-a0ffa7e6b650/userFiles-a8238c47-aca8-4fd2-8fdf-897dd56ac9de/fetchFileTemp12220939933814790995.tmp
[2024-01-30T16:54:45.619+0100] {spark_submit.py:571} INFO - 24/01/30 16:54:45 INFO Executor: Adding file:/tmp/spark-b7d7f8ef-ac90-4357-bf2b-a0ffa7e6b650/userFiles-a8238c47-aca8-4fd2-8fdf-897dd56ac9de/main-scala-mnm_2.12-1.0.jar to class loader
[2024-01-30T16:54:45.721+0100] {spark_submit.py:571} INFO - 24/01/30 16:54:45 INFO Utils: Successfully started service 'org.apache.spark.network.netty.NettyBlockTransferService' on port 33099.
[2024-01-30T16:54:45.723+0100] {spark_submit.py:571} INFO - 24/01/30 16:54:45 INFO NettyBlockTransferService: Server created on 10.0.2.15:33099
[2024-01-30T16:54:45.734+0100] {spark_submit.py:571} INFO - 24/01/30 16:54:45 INFO BlockManager: Using org.apache.spark.storage.RandomBlockReplicationPolicy for block replication policy
[2024-01-30T16:54:45.759+0100] {spark_submit.py:571} INFO - 24/01/30 16:54:45 INFO BlockManagerMaster: Registering BlockManager BlockManagerId(driver, 10.0.2.15, 33099, None)
[2024-01-30T16:54:45.795+0100] {spark_submit.py:571} INFO - 24/01/30 16:54:45 INFO BlockManagerMasterEndpoint: Registering block manager 10.0.2.15:33099 with 434.4 MiB RAM, BlockManagerId(driver, 10.0.2.15, 33099, None)
[2024-01-30T16:54:45.808+0100] {spark_submit.py:571} INFO - 24/01/30 16:54:45 INFO BlockManagerMaster: Registered BlockManager BlockManagerId(driver, 10.0.2.15, 33099, None)
[2024-01-30T16:54:45.812+0100] {spark_submit.py:571} INFO - 24/01/30 16:54:45 INFO BlockManager: Initialized BlockManager: BlockManagerId(driver, 10.0.2.15, 33099, None)
[2024-01-30T16:54:47.648+0100] {spark_submit.py:571} INFO - Usage: MnMcount <mnm_file_dataset>24/01/30 16:54:47 INFO SparkContext: Invoking stop() from shutdown hook
[2024-01-30T16:54:47.700+0100] {spark_submit.py:571} INFO - 24/01/30 16:54:47 INFO SparkUI: Stopped Spark web UI at http://10.0.2.15:4040
[2024-01-30T16:54:47.878+0100] {spark_submit.py:571} INFO - 24/01/30 16:54:47 INFO MapOutputTrackerMasterEndpoint: MapOutputTrackerMasterEndpoint stopped!
[2024-01-30T16:54:48.121+0100] {spark_submit.py:571} INFO - 24/01/30 16:54:48 INFO MemoryStore: MemoryStore cleared
[2024-01-30T16:54:48.124+0100] {spark_submit.py:571} INFO - 24/01/30 16:54:48 INFO BlockManager: BlockManager stopped
[2024-01-30T16:54:48.216+0100] {spark_submit.py:571} INFO - 24/01/30 16:54:48 INFO BlockManagerMaster: BlockManagerMaster stopped
[2024-01-30T16:54:48.330+0100] {spark_submit.py:571} INFO - 24/01/30 16:54:48 INFO OutputCommitCoordinator$OutputCommitCoordinatorEndpoint: OutputCommitCoordinator stopped!
[2024-01-30T16:54:48.625+0100] {spark_submit.py:571} INFO - 24/01/30 16:54:48 INFO SparkContext: Successfully stopped SparkContext
[2024-01-30T16:54:48.661+0100] {spark_submit.py:571} INFO - 24/01/30 16:54:48 INFO ShutdownHookManager: Shutdown hook called
[2024-01-30T16:54:48.662+0100] {spark_submit.py:571} INFO - 24/01/30 16:54:48 INFO ShutdownHookManager: Deleting directory /tmp/spark-b7d7f8ef-ac90-4357-bf2b-a0ffa7e6b650
[2024-01-30T16:54:48.723+0100] {spark_submit.py:571} INFO - 24/01/30 16:54:48 INFO ShutdownHookManager: Deleting directory /tmp/spark-fa9d543d-da9d-4c93-96e0-f3ddf826b751
[2024-01-30T16:54:49.016+0100] {taskinstance.py:2699} ERROR - Task failed with exception
Traceback (most recent call last):
  File "/home/ubuntu/.local/lib/python3.10/site-packages/airflow/models/taskinstance.py", line 433, in _execute_task
    result = execute_callable(context=context, **execute_callable_kwargs)
  File "/home/ubuntu/.local/lib/python3.10/site-packages/airflow/providers/apache/spark/operators/spark_submit.py", line 174, in execute
    self._hook.submit(self._application)
  File "/home/ubuntu/.local/lib/python3.10/site-packages/airflow/providers/apache/spark/hooks/spark_submit.py", line 502, in submit
    raise AirflowException(
airflow.exceptions.AirflowException: Cannot execute: spark-submit --master local[*] --name arrow-spark --class main.scala.mnm.MnMcount --queue root.default --deploy-mode client hdfs://localhost:9000/user/project/datalake/main-scala-mnm_2.12-1.0.jar. Error code is: 1.
[2024-01-30T16:54:49.022+0100] {taskinstance.py:1138} INFO - Marking task as UP_FOR_RETRY. dag_id=jeniferhdfs, task_id=submit_spark_job, execution_date=20240130T155408, start_date=20240130T155429, end_date=20240130T155449
[2024-01-30T16:54:49.142+0100] {standard_task_runner.py:107} ERROR - Failed to execute job 120 for task submit_spark_job (Cannot execute: spark-submit --master local[*] --name arrow-spark --class main.scala.mnm.MnMcount --queue root.default --deploy-mode client hdfs://localhost:9000/user/project/datalake/main-scala-mnm_2.12-1.0.jar. Error code is: 1.; 5539)
[2024-01-30T16:54:49.179+0100] {local_task_job_runner.py:234} INFO - Task exited with return code 1
[2024-01-30T16:54:49.217+0100] {taskinstance.py:3281} INFO - 0 downstream tasks scheduled from follow-on schedule check
