[2024-01-30T13:50:54.474+0100] {processor.py:161} INFO - Started process (PID=6164) to work on /home/ubuntu/.local/lib/python3.10/site-packages/airflow/example_dags/plugins/event_listener.py
[2024-01-30T13:50:54.476+0100] {processor.py:830} INFO - Processing file /home/ubuntu/.local/lib/python3.10/site-packages/airflow/example_dags/plugins/event_listener.py for tasks to queue
[2024-01-30T13:50:54.477+0100] {logging_mixin.py:188} INFO - [2024-01-30T13:50:54.476+0100] {dagbag.py:538} INFO - Filling up the DagBag from /home/ubuntu/.local/lib/python3.10/site-packages/airflow/example_dags/plugins/event_listener.py
[2024-01-30T13:50:54.481+0100] {processor.py:842} WARNING - No viable dags retrieved from /home/ubuntu/.local/lib/python3.10/site-packages/airflow/example_dags/plugins/event_listener.py
[2024-01-30T13:50:54.571+0100] {processor.py:183} INFO - Processing /home/ubuntu/.local/lib/python3.10/site-packages/airflow/example_dags/plugins/event_listener.py took 0.118 seconds
[2024-01-30T13:52:16.370+0100] {processor.py:161} INFO - Started process (PID=6227) to work on /home/ubuntu/.local/lib/python3.10/site-packages/airflow/example_dags/plugins/event_listener.py
[2024-01-30T13:52:16.374+0100] {processor.py:830} INFO - Processing file /home/ubuntu/.local/lib/python3.10/site-packages/airflow/example_dags/plugins/event_listener.py for tasks to queue
[2024-01-30T13:52:16.376+0100] {logging_mixin.py:188} INFO - [2024-01-30T13:52:16.375+0100] {dagbag.py:538} INFO - Filling up the DagBag from /home/ubuntu/.local/lib/python3.10/site-packages/airflow/example_dags/plugins/event_listener.py
[2024-01-30T13:52:16.383+0100] {processor.py:842} WARNING - No viable dags retrieved from /home/ubuntu/.local/lib/python3.10/site-packages/airflow/example_dags/plugins/event_listener.py
[2024-01-30T13:52:16.488+0100] {processor.py:183} INFO - Processing /home/ubuntu/.local/lib/python3.10/site-packages/airflow/example_dags/plugins/event_listener.py took 0.158 seconds
[2024-01-30T15:53:23.752+0100] {processor.py:161} INFO - Started process (PID=6369) to work on /home/ubuntu/.local/lib/python3.10/site-packages/airflow/example_dags/plugins/event_listener.py
[2024-01-30T15:53:23.757+0100] {processor.py:830} INFO - Processing file /home/ubuntu/.local/lib/python3.10/site-packages/airflow/example_dags/plugins/event_listener.py for tasks to queue
[2024-01-30T15:53:23.758+0100] {logging_mixin.py:188} INFO - [2024-01-30T15:53:23.758+0100] {dagbag.py:538} INFO - Filling up the DagBag from /home/ubuntu/.local/lib/python3.10/site-packages/airflow/example_dags/plugins/event_listener.py
[2024-01-30T15:53:23.762+0100] {processor.py:842} WARNING - No viable dags retrieved from /home/ubuntu/.local/lib/python3.10/site-packages/airflow/example_dags/plugins/event_listener.py
[2024-01-30T15:53:23.781+0100] {processor.py:183} INFO - Processing /home/ubuntu/.local/lib/python3.10/site-packages/airflow/example_dags/plugins/event_listener.py took 0.033 seconds
[2024-01-30T15:54:23.158+0100] {processor.py:161} INFO - Started process (PID=6439) to work on /home/ubuntu/.local/lib/python3.10/site-packages/airflow/example_dags/plugins/event_listener.py
[2024-01-30T15:54:23.162+0100] {processor.py:830} INFO - Processing file /home/ubuntu/.local/lib/python3.10/site-packages/airflow/example_dags/plugins/event_listener.py for tasks to queue
[2024-01-30T15:54:23.164+0100] {logging_mixin.py:188} INFO - [2024-01-30T15:54:23.163+0100] {dagbag.py:538} INFO - Filling up the DagBag from /home/ubuntu/.local/lib/python3.10/site-packages/airflow/example_dags/plugins/event_listener.py
[2024-01-30T15:54:23.167+0100] {processor.py:842} WARNING - No viable dags retrieved from /home/ubuntu/.local/lib/python3.10/site-packages/airflow/example_dags/plugins/event_listener.py
[2024-01-30T15:54:23.226+0100] {processor.py:183} INFO - Processing /home/ubuntu/.local/lib/python3.10/site-packages/airflow/example_dags/plugins/event_listener.py took 0.079 seconds
[2024-01-30T15:55:16.205+0100] {processor.py:161} INFO - Started process (PID=6496) to work on /home/ubuntu/.local/lib/python3.10/site-packages/airflow/example_dags/plugins/event_listener.py
[2024-01-30T15:55:16.207+0100] {processor.py:830} INFO - Processing file /home/ubuntu/.local/lib/python3.10/site-packages/airflow/example_dags/plugins/event_listener.py for tasks to queue
[2024-01-30T15:55:16.209+0100] {logging_mixin.py:188} INFO - [2024-01-30T15:55:16.208+0100] {dagbag.py:538} INFO - Filling up the DagBag from /home/ubuntu/.local/lib/python3.10/site-packages/airflow/example_dags/plugins/event_listener.py
[2024-01-30T15:55:16.212+0100] {processor.py:842} WARNING - No viable dags retrieved from /home/ubuntu/.local/lib/python3.10/site-packages/airflow/example_dags/plugins/event_listener.py
[2024-01-30T15:55:16.225+0100] {processor.py:183} INFO - Processing /home/ubuntu/.local/lib/python3.10/site-packages/airflow/example_dags/plugins/event_listener.py took 0.026 seconds
[2024-01-30T15:56:17.992+0100] {processor.py:161} INFO - Started process (PID=6553) to work on /home/ubuntu/.local/lib/python3.10/site-packages/airflow/example_dags/plugins/event_listener.py
[2024-01-30T15:56:17.995+0100] {processor.py:830} INFO - Processing file /home/ubuntu/.local/lib/python3.10/site-packages/airflow/example_dags/plugins/event_listener.py for tasks to queue
[2024-01-30T15:56:17.997+0100] {logging_mixin.py:188} INFO - [2024-01-30T15:56:17.996+0100] {dagbag.py:538} INFO - Filling up the DagBag from /home/ubuntu/.local/lib/python3.10/site-packages/airflow/example_dags/plugins/event_listener.py
[2024-01-30T15:56:18.000+0100] {processor.py:842} WARNING - No viable dags retrieved from /home/ubuntu/.local/lib/python3.10/site-packages/airflow/example_dags/plugins/event_listener.py
[2024-01-30T15:56:18.020+0100] {processor.py:183} INFO - Processing /home/ubuntu/.local/lib/python3.10/site-packages/airflow/example_dags/plugins/event_listener.py took 0.034 seconds
[2024-01-30T15:59:12.039+0100] {processor.py:161} INFO - Started process (PID=7712) to work on /home/ubuntu/.local/lib/python3.10/site-packages/airflow/example_dags/plugins/event_listener.py
[2024-01-30T15:59:12.043+0100] {processor.py:830} INFO - Processing file /home/ubuntu/.local/lib/python3.10/site-packages/airflow/example_dags/plugins/event_listener.py for tasks to queue
[2024-01-30T15:59:12.046+0100] {logging_mixin.py:188} INFO - [2024-01-30T15:59:12.045+0100] {dagbag.py:538} INFO - Filling up the DagBag from /home/ubuntu/.local/lib/python3.10/site-packages/airflow/example_dags/plugins/event_listener.py
[2024-01-30T15:59:12.055+0100] {processor.py:842} WARNING - No viable dags retrieved from /home/ubuntu/.local/lib/python3.10/site-packages/airflow/example_dags/plugins/event_listener.py
[2024-01-30T15:59:12.120+0100] {processor.py:183} INFO - Processing /home/ubuntu/.local/lib/python3.10/site-packages/airflow/example_dags/plugins/event_listener.py took 0.094 seconds
[2024-01-30T16:01:01.573+0100] {processor.py:161} INFO - Started process (PID=8344) to work on /home/ubuntu/.local/lib/python3.10/site-packages/airflow/example_dags/plugins/event_listener.py
[2024-01-30T16:01:01.600+0100] {processor.py:830} INFO - Processing file /home/ubuntu/.local/lib/python3.10/site-packages/airflow/example_dags/plugins/event_listener.py for tasks to queue
[2024-01-30T16:01:01.616+0100] {logging_mixin.py:188} INFO - [2024-01-30T16:01:01.608+0100] {dagbag.py:538} INFO - Filling up the DagBag from /home/ubuntu/.local/lib/python3.10/site-packages/airflow/example_dags/plugins/event_listener.py
[2024-01-30T16:01:01.631+0100] {processor.py:842} WARNING - No viable dags retrieved from /home/ubuntu/.local/lib/python3.10/site-packages/airflow/example_dags/plugins/event_listener.py
[2024-01-30T16:01:01.695+0100] {processor.py:183} INFO - Processing /home/ubuntu/.local/lib/python3.10/site-packages/airflow/example_dags/plugins/event_listener.py took 0.131 seconds
[2024-01-30T16:02:07.724+0100] {processor.py:161} INFO - Started process (PID=8410) to work on /home/ubuntu/.local/lib/python3.10/site-packages/airflow/example_dags/plugins/event_listener.py
[2024-01-30T16:02:07.731+0100] {processor.py:830} INFO - Processing file /home/ubuntu/.local/lib/python3.10/site-packages/airflow/example_dags/plugins/event_listener.py for tasks to queue
[2024-01-30T16:02:07.733+0100] {logging_mixin.py:188} INFO - [2024-01-30T16:02:07.732+0100] {dagbag.py:538} INFO - Filling up the DagBag from /home/ubuntu/.local/lib/python3.10/site-packages/airflow/example_dags/plugins/event_listener.py
[2024-01-30T16:02:07.739+0100] {processor.py:842} WARNING - No viable dags retrieved from /home/ubuntu/.local/lib/python3.10/site-packages/airflow/example_dags/plugins/event_listener.py
[2024-01-30T16:02:07.773+0100] {processor.py:183} INFO - Processing /home/ubuntu/.local/lib/python3.10/site-packages/airflow/example_dags/plugins/event_listener.py took 0.056 seconds
[2024-01-30T16:07:38.671+0100] {processor.py:161} INFO - Started process (PID=9352) to work on /home/ubuntu/.local/lib/python3.10/site-packages/airflow/example_dags/plugins/event_listener.py
[2024-01-30T16:07:38.682+0100] {processor.py:830} INFO - Processing file /home/ubuntu/.local/lib/python3.10/site-packages/airflow/example_dags/plugins/event_listener.py for tasks to queue
[2024-01-30T16:07:38.685+0100] {logging_mixin.py:188} INFO - [2024-01-30T16:07:38.683+0100] {dagbag.py:538} INFO - Filling up the DagBag from /home/ubuntu/.local/lib/python3.10/site-packages/airflow/example_dags/plugins/event_listener.py
[2024-01-30T16:07:38.691+0100] {processor.py:842} WARNING - No viable dags retrieved from /home/ubuntu/.local/lib/python3.10/site-packages/airflow/example_dags/plugins/event_listener.py
[2024-01-30T16:07:38.723+0100] {processor.py:183} INFO - Processing /home/ubuntu/.local/lib/python3.10/site-packages/airflow/example_dags/plugins/event_listener.py took 0.062 seconds
[2024-01-30T16:18:10.362+0100] {processor.py:161} INFO - Started process (PID=5649) to work on /home/ubuntu/.local/lib/python3.10/site-packages/airflow/example_dags/plugins/event_listener.py
[2024-01-30T16:18:10.365+0100] {processor.py:830} INFO - Processing file /home/ubuntu/.local/lib/python3.10/site-packages/airflow/example_dags/plugins/event_listener.py for tasks to queue
[2024-01-30T16:18:10.366+0100] {logging_mixin.py:188} INFO - [2024-01-30T16:18:10.366+0100] {dagbag.py:538} INFO - Filling up the DagBag from /home/ubuntu/.local/lib/python3.10/site-packages/airflow/example_dags/plugins/event_listener.py
[2024-01-30T16:18:10.371+0100] {processor.py:842} WARNING - No viable dags retrieved from /home/ubuntu/.local/lib/python3.10/site-packages/airflow/example_dags/plugins/event_listener.py
[2024-01-30T16:18:10.414+0100] {processor.py:183} INFO - Processing /home/ubuntu/.local/lib/python3.10/site-packages/airflow/example_dags/plugins/event_listener.py took 0.072 seconds
[2024-01-30T16:19:40.296+0100] {processor.py:161} INFO - Started process (PID=5906) to work on /home/ubuntu/.local/lib/python3.10/site-packages/airflow/example_dags/plugins/event_listener.py
[2024-01-30T16:19:40.299+0100] {processor.py:830} INFO - Processing file /home/ubuntu/.local/lib/python3.10/site-packages/airflow/example_dags/plugins/event_listener.py for tasks to queue
[2024-01-30T16:19:40.304+0100] {logging_mixin.py:188} INFO - [2024-01-30T16:19:40.301+0100] {dagbag.py:538} INFO - Filling up the DagBag from /home/ubuntu/.local/lib/python3.10/site-packages/airflow/example_dags/plugins/event_listener.py
[2024-01-30T16:19:40.319+0100] {processor.py:842} WARNING - No viable dags retrieved from /home/ubuntu/.local/lib/python3.10/site-packages/airflow/example_dags/plugins/event_listener.py
[2024-01-30T16:19:40.519+0100] {processor.py:183} INFO - Processing /home/ubuntu/.local/lib/python3.10/site-packages/airflow/example_dags/plugins/event_listener.py took 0.238 seconds
[2024-01-30T16:21:36.658+0100] {processor.py:161} INFO - Started process (PID=6216) to work on /home/ubuntu/.local/lib/python3.10/site-packages/airflow/example_dags/plugins/event_listener.py
[2024-01-30T16:21:36.679+0100] {processor.py:830} INFO - Processing file /home/ubuntu/.local/lib/python3.10/site-packages/airflow/example_dags/plugins/event_listener.py for tasks to queue
[2024-01-30T16:21:36.705+0100] {logging_mixin.py:188} INFO - [2024-01-30T16:21:36.683+0100] {dagbag.py:538} INFO - Filling up the DagBag from /home/ubuntu/.local/lib/python3.10/site-packages/airflow/example_dags/plugins/event_listener.py
[2024-01-30T16:21:36.724+0100] {processor.py:842} WARNING - No viable dags retrieved from /home/ubuntu/.local/lib/python3.10/site-packages/airflow/example_dags/plugins/event_listener.py
[2024-01-30T16:21:36.980+0100] {processor.py:183} INFO - Processing /home/ubuntu/.local/lib/python3.10/site-packages/airflow/example_dags/plugins/event_listener.py took 0.340 seconds
[2024-01-30T16:25:06.316+0100] {processor.py:161} INFO - Started process (PID=7371) to work on /home/ubuntu/.local/lib/python3.10/site-packages/airflow/example_dags/plugins/event_listener.py
[2024-01-30T16:25:06.324+0100] {processor.py:830} INFO - Processing file /home/ubuntu/.local/lib/python3.10/site-packages/airflow/example_dags/plugins/event_listener.py for tasks to queue
[2024-01-30T16:25:06.325+0100] {logging_mixin.py:188} INFO - [2024-01-30T16:25:06.324+0100] {dagbag.py:538} INFO - Filling up the DagBag from /home/ubuntu/.local/lib/python3.10/site-packages/airflow/example_dags/plugins/event_listener.py
[2024-01-30T16:25:06.328+0100] {processor.py:842} WARNING - No viable dags retrieved from /home/ubuntu/.local/lib/python3.10/site-packages/airflow/example_dags/plugins/event_listener.py
[2024-01-30T16:25:06.343+0100] {processor.py:183} INFO - Processing /home/ubuntu/.local/lib/python3.10/site-packages/airflow/example_dags/plugins/event_listener.py took 0.032 seconds
[2024-01-30T16:30:26.191+0100] {processor.py:161} INFO - Started process (PID=8382) to work on /home/ubuntu/.local/lib/python3.10/site-packages/airflow/example_dags/plugins/event_listener.py
[2024-01-30T16:30:26.292+0100] {processor.py:830} INFO - Processing file /home/ubuntu/.local/lib/python3.10/site-packages/airflow/example_dags/plugins/event_listener.py for tasks to queue
[2024-01-30T16:30:26.350+0100] {logging_mixin.py:188} INFO - [2024-01-30T16:30:26.328+0100] {dagbag.py:538} INFO - Filling up the DagBag from /home/ubuntu/.local/lib/python3.10/site-packages/airflow/example_dags/plugins/event_listener.py
[2024-01-30T16:30:26.540+0100] {processor.py:842} WARNING - No viable dags retrieved from /home/ubuntu/.local/lib/python3.10/site-packages/airflow/example_dags/plugins/event_listener.py
[2024-01-30T16:30:26.803+0100] {processor.py:183} INFO - Processing /home/ubuntu/.local/lib/python3.10/site-packages/airflow/example_dags/plugins/event_listener.py took 1.175 seconds
[2024-01-30T16:32:26.469+0100] {processor.py:161} INFO - Started process (PID=8846) to work on /home/ubuntu/.local/lib/python3.10/site-packages/airflow/example_dags/plugins/event_listener.py
[2024-01-30T16:32:26.475+0100] {processor.py:830} INFO - Processing file /home/ubuntu/.local/lib/python3.10/site-packages/airflow/example_dags/plugins/event_listener.py for tasks to queue
[2024-01-30T16:32:26.479+0100] {logging_mixin.py:188} INFO - [2024-01-30T16:32:26.478+0100] {dagbag.py:538} INFO - Filling up the DagBag from /home/ubuntu/.local/lib/python3.10/site-packages/airflow/example_dags/plugins/event_listener.py
[2024-01-30T16:32:26.485+0100] {processor.py:842} WARNING - No viable dags retrieved from /home/ubuntu/.local/lib/python3.10/site-packages/airflow/example_dags/plugins/event_listener.py
[2024-01-30T16:32:26.509+0100] {processor.py:183} INFO - Processing /home/ubuntu/.local/lib/python3.10/site-packages/airflow/example_dags/plugins/event_listener.py took 0.049 seconds
[2024-01-30T16:49:41.049+0100] {processor.py:161} INFO - Started process (PID=5268) to work on /home/ubuntu/.local/lib/python3.10/site-packages/airflow/example_dags/plugins/event_listener.py
[2024-01-30T16:49:41.077+0100] {processor.py:830} INFO - Processing file /home/ubuntu/.local/lib/python3.10/site-packages/airflow/example_dags/plugins/event_listener.py for tasks to queue
[2024-01-30T16:49:41.079+0100] {logging_mixin.py:188} INFO - [2024-01-30T16:49:41.078+0100] {dagbag.py:538} INFO - Filling up the DagBag from /home/ubuntu/.local/lib/python3.10/site-packages/airflow/example_dags/plugins/event_listener.py
[2024-01-30T16:49:41.084+0100] {processor.py:842} WARNING - No viable dags retrieved from /home/ubuntu/.local/lib/python3.10/site-packages/airflow/example_dags/plugins/event_listener.py
[2024-01-30T16:49:41.121+0100] {processor.py:183} INFO - Processing /home/ubuntu/.local/lib/python3.10/site-packages/airflow/example_dags/plugins/event_listener.py took 0.084 seconds
[2024-01-30T16:51:00.117+0100] {processor.py:161} INFO - Started process (PID=5335) to work on /home/ubuntu/.local/lib/python3.10/site-packages/airflow/example_dags/plugins/event_listener.py
[2024-01-30T16:51:00.121+0100] {processor.py:830} INFO - Processing file /home/ubuntu/.local/lib/python3.10/site-packages/airflow/example_dags/plugins/event_listener.py for tasks to queue
[2024-01-30T16:51:00.125+0100] {logging_mixin.py:188} INFO - [2024-01-30T16:51:00.124+0100] {dagbag.py:538} INFO - Filling up the DagBag from /home/ubuntu/.local/lib/python3.10/site-packages/airflow/example_dags/plugins/event_listener.py
[2024-01-30T16:51:00.129+0100] {processor.py:842} WARNING - No viable dags retrieved from /home/ubuntu/.local/lib/python3.10/site-packages/airflow/example_dags/plugins/event_listener.py
[2024-01-30T16:51:00.167+0100] {processor.py:183} INFO - Processing /home/ubuntu/.local/lib/python3.10/site-packages/airflow/example_dags/plugins/event_listener.py took 0.062 seconds
[2024-01-30T16:52:18.084+0100] {processor.py:161} INFO - Started process (PID=5400) to work on /home/ubuntu/.local/lib/python3.10/site-packages/airflow/example_dags/plugins/event_listener.py
[2024-01-30T16:52:18.093+0100] {processor.py:830} INFO - Processing file /home/ubuntu/.local/lib/python3.10/site-packages/airflow/example_dags/plugins/event_listener.py for tasks to queue
[2024-01-30T16:52:18.097+0100] {logging_mixin.py:188} INFO - [2024-01-30T16:52:18.096+0100] {dagbag.py:538} INFO - Filling up the DagBag from /home/ubuntu/.local/lib/python3.10/site-packages/airflow/example_dags/plugins/event_listener.py
[2024-01-30T16:52:18.101+0100] {processor.py:842} WARNING - No viable dags retrieved from /home/ubuntu/.local/lib/python3.10/site-packages/airflow/example_dags/plugins/event_listener.py
[2024-01-30T16:52:18.121+0100] {processor.py:183} INFO - Processing /home/ubuntu/.local/lib/python3.10/site-packages/airflow/example_dags/plugins/event_listener.py took 0.050 seconds
[2024-01-30T16:53:33.247+0100] {processor.py:161} INFO - Started process (PID=5481) to work on /home/ubuntu/.local/lib/python3.10/site-packages/airflow/example_dags/plugins/event_listener.py
[2024-01-30T16:53:33.251+0100] {processor.py:830} INFO - Processing file /home/ubuntu/.local/lib/python3.10/site-packages/airflow/example_dags/plugins/event_listener.py for tasks to queue
[2024-01-30T16:53:33.253+0100] {logging_mixin.py:188} INFO - [2024-01-30T16:53:33.252+0100] {dagbag.py:538} INFO - Filling up the DagBag from /home/ubuntu/.local/lib/python3.10/site-packages/airflow/example_dags/plugins/event_listener.py
[2024-01-30T16:53:33.260+0100] {processor.py:842} WARNING - No viable dags retrieved from /home/ubuntu/.local/lib/python3.10/site-packages/airflow/example_dags/plugins/event_listener.py
[2024-01-30T16:53:33.286+0100] {processor.py:183} INFO - Processing /home/ubuntu/.local/lib/python3.10/site-packages/airflow/example_dags/plugins/event_listener.py took 0.045 seconds
[2024-01-30T16:55:43.188+0100] {processor.py:161} INFO - Started process (PID=5696) to work on /home/ubuntu/.local/lib/python3.10/site-packages/airflow/example_dags/plugins/event_listener.py
[2024-01-30T16:55:43.209+0100] {processor.py:830} INFO - Processing file /home/ubuntu/.local/lib/python3.10/site-packages/airflow/example_dags/plugins/event_listener.py for tasks to queue
[2024-01-30T16:55:43.212+0100] {logging_mixin.py:188} INFO - [2024-01-30T16:55:43.211+0100] {dagbag.py:538} INFO - Filling up the DagBag from /home/ubuntu/.local/lib/python3.10/site-packages/airflow/example_dags/plugins/event_listener.py
[2024-01-30T16:55:43.216+0100] {processor.py:842} WARNING - No viable dags retrieved from /home/ubuntu/.local/lib/python3.10/site-packages/airflow/example_dags/plugins/event_listener.py
[2024-01-30T16:55:43.229+0100] {processor.py:183} INFO - Processing /home/ubuntu/.local/lib/python3.10/site-packages/airflow/example_dags/plugins/event_listener.py took 0.046 seconds
[2024-01-30T16:57:09.964+0100] {processor.py:161} INFO - Started process (PID=5768) to work on /home/ubuntu/.local/lib/python3.10/site-packages/airflow/example_dags/plugins/event_listener.py
[2024-01-30T16:57:09.975+0100] {processor.py:830} INFO - Processing file /home/ubuntu/.local/lib/python3.10/site-packages/airflow/example_dags/plugins/event_listener.py for tasks to queue
[2024-01-30T16:57:09.980+0100] {logging_mixin.py:188} INFO - [2024-01-30T16:57:09.979+0100] {dagbag.py:538} INFO - Filling up the DagBag from /home/ubuntu/.local/lib/python3.10/site-packages/airflow/example_dags/plugins/event_listener.py
[2024-01-30T16:57:09.987+0100] {processor.py:842} WARNING - No viable dags retrieved from /home/ubuntu/.local/lib/python3.10/site-packages/airflow/example_dags/plugins/event_listener.py
[2024-01-30T16:57:10.012+0100] {processor.py:183} INFO - Processing /home/ubuntu/.local/lib/python3.10/site-packages/airflow/example_dags/plugins/event_listener.py took 0.074 seconds
[2024-01-30T16:58:31.852+0100] {processor.py:161} INFO - Started process (PID=5844) to work on /home/ubuntu/.local/lib/python3.10/site-packages/airflow/example_dags/plugins/event_listener.py
[2024-01-30T16:58:31.855+0100] {processor.py:830} INFO - Processing file /home/ubuntu/.local/lib/python3.10/site-packages/airflow/example_dags/plugins/event_listener.py for tasks to queue
[2024-01-30T16:58:31.857+0100] {logging_mixin.py:188} INFO - [2024-01-30T16:58:31.857+0100] {dagbag.py:538} INFO - Filling up the DagBag from /home/ubuntu/.local/lib/python3.10/site-packages/airflow/example_dags/plugins/event_listener.py
[2024-01-30T16:58:31.861+0100] {processor.py:842} WARNING - No viable dags retrieved from /home/ubuntu/.local/lib/python3.10/site-packages/airflow/example_dags/plugins/event_listener.py
[2024-01-30T16:58:31.880+0100] {processor.py:183} INFO - Processing /home/ubuntu/.local/lib/python3.10/site-packages/airflow/example_dags/plugins/event_listener.py took 0.034 seconds
[2024-01-30T16:59:37.698+0100] {processor.py:161} INFO - Started process (PID=5906) to work on /home/ubuntu/.local/lib/python3.10/site-packages/airflow/example_dags/plugins/event_listener.py
[2024-01-30T16:59:37.721+0100] {processor.py:830} INFO - Processing file /home/ubuntu/.local/lib/python3.10/site-packages/airflow/example_dags/plugins/event_listener.py for tasks to queue
[2024-01-30T16:59:37.723+0100] {logging_mixin.py:188} INFO - [2024-01-30T16:59:37.722+0100] {dagbag.py:538} INFO - Filling up the DagBag from /home/ubuntu/.local/lib/python3.10/site-packages/airflow/example_dags/plugins/event_listener.py
[2024-01-30T16:59:37.728+0100] {processor.py:842} WARNING - No viable dags retrieved from /home/ubuntu/.local/lib/python3.10/site-packages/airflow/example_dags/plugins/event_listener.py
[2024-01-30T16:59:37.760+0100] {processor.py:183} INFO - Processing /home/ubuntu/.local/lib/python3.10/site-packages/airflow/example_dags/plugins/event_listener.py took 0.079 seconds
[2024-01-30T17:00:51.969+0100] {processor.py:161} INFO - Started process (PID=6087) to work on /home/ubuntu/.local/lib/python3.10/site-packages/airflow/example_dags/plugins/event_listener.py
[2024-01-30T17:00:51.972+0100] {processor.py:830} INFO - Processing file /home/ubuntu/.local/lib/python3.10/site-packages/airflow/example_dags/plugins/event_listener.py for tasks to queue
[2024-01-30T17:00:51.975+0100] {logging_mixin.py:188} INFO - [2024-01-30T17:00:51.974+0100] {dagbag.py:538} INFO - Filling up the DagBag from /home/ubuntu/.local/lib/python3.10/site-packages/airflow/example_dags/plugins/event_listener.py
[2024-01-30T17:00:51.980+0100] {processor.py:842} WARNING - No viable dags retrieved from /home/ubuntu/.local/lib/python3.10/site-packages/airflow/example_dags/plugins/event_listener.py
[2024-01-30T17:00:51.994+0100] {processor.py:183} INFO - Processing /home/ubuntu/.local/lib/python3.10/site-packages/airflow/example_dags/plugins/event_listener.py took 0.029 seconds
[2024-01-30T17:01:57.082+0100] {processor.py:161} INFO - Started process (PID=6139) to work on /home/ubuntu/.local/lib/python3.10/site-packages/airflow/example_dags/plugins/event_listener.py
[2024-01-30T17:01:57.085+0100] {processor.py:830} INFO - Processing file /home/ubuntu/.local/lib/python3.10/site-packages/airflow/example_dags/plugins/event_listener.py for tasks to queue
[2024-01-30T17:01:57.087+0100] {logging_mixin.py:188} INFO - [2024-01-30T17:01:57.086+0100] {dagbag.py:538} INFO - Filling up the DagBag from /home/ubuntu/.local/lib/python3.10/site-packages/airflow/example_dags/plugins/event_listener.py
[2024-01-30T17:01:57.090+0100] {processor.py:842} WARNING - No viable dags retrieved from /home/ubuntu/.local/lib/python3.10/site-packages/airflow/example_dags/plugins/event_listener.py
[2024-01-30T17:01:57.105+0100] {processor.py:183} INFO - Processing /home/ubuntu/.local/lib/python3.10/site-packages/airflow/example_dags/plugins/event_listener.py took 0.031 seconds
[2024-01-30T17:03:11.269+0100] {processor.py:161} INFO - Started process (PID=6212) to work on /home/ubuntu/.local/lib/python3.10/site-packages/airflow/example_dags/plugins/event_listener.py
[2024-01-30T17:03:11.279+0100] {processor.py:830} INFO - Processing file /home/ubuntu/.local/lib/python3.10/site-packages/airflow/example_dags/plugins/event_listener.py for tasks to queue
[2024-01-30T17:03:11.282+0100] {logging_mixin.py:188} INFO - [2024-01-30T17:03:11.281+0100] {dagbag.py:538} INFO - Filling up the DagBag from /home/ubuntu/.local/lib/python3.10/site-packages/airflow/example_dags/plugins/event_listener.py
[2024-01-30T17:03:11.287+0100] {processor.py:842} WARNING - No viable dags retrieved from /home/ubuntu/.local/lib/python3.10/site-packages/airflow/example_dags/plugins/event_listener.py
[2024-01-30T17:03:11.313+0100] {processor.py:183} INFO - Processing /home/ubuntu/.local/lib/python3.10/site-packages/airflow/example_dags/plugins/event_listener.py took 0.069 seconds
[2024-01-30T17:04:26.790+0100] {processor.py:161} INFO - Started process (PID=6276) to work on /home/ubuntu/.local/lib/python3.10/site-packages/airflow/example_dags/plugins/event_listener.py
[2024-01-30T17:04:26.793+0100] {processor.py:830} INFO - Processing file /home/ubuntu/.local/lib/python3.10/site-packages/airflow/example_dags/plugins/event_listener.py for tasks to queue
[2024-01-30T17:04:26.797+0100] {logging_mixin.py:188} INFO - [2024-01-30T17:04:26.795+0100] {dagbag.py:538} INFO - Filling up the DagBag from /home/ubuntu/.local/lib/python3.10/site-packages/airflow/example_dags/plugins/event_listener.py
[2024-01-30T17:04:26.802+0100] {processor.py:842} WARNING - No viable dags retrieved from /home/ubuntu/.local/lib/python3.10/site-packages/airflow/example_dags/plugins/event_listener.py
[2024-01-30T17:04:26.824+0100] {processor.py:183} INFO - Processing /home/ubuntu/.local/lib/python3.10/site-packages/airflow/example_dags/plugins/event_listener.py took 0.042 seconds
[2024-01-30T17:05:48.219+0100] {processor.py:161} INFO - Started process (PID=6342) to work on /home/ubuntu/.local/lib/python3.10/site-packages/airflow/example_dags/plugins/event_listener.py
[2024-01-30T17:05:48.222+0100] {processor.py:830} INFO - Processing file /home/ubuntu/.local/lib/python3.10/site-packages/airflow/example_dags/plugins/event_listener.py for tasks to queue
[2024-01-30T17:05:48.225+0100] {logging_mixin.py:188} INFO - [2024-01-30T17:05:48.224+0100] {dagbag.py:538} INFO - Filling up the DagBag from /home/ubuntu/.local/lib/python3.10/site-packages/airflow/example_dags/plugins/event_listener.py
[2024-01-30T17:05:48.241+0100] {processor.py:842} WARNING - No viable dags retrieved from /home/ubuntu/.local/lib/python3.10/site-packages/airflow/example_dags/plugins/event_listener.py
[2024-01-30T17:05:48.261+0100] {processor.py:183} INFO - Processing /home/ubuntu/.local/lib/python3.10/site-packages/airflow/example_dags/plugins/event_listener.py took 0.050 seconds
[2024-01-30T17:07:03.120+0100] {processor.py:161} INFO - Started process (PID=6412) to work on /home/ubuntu/.local/lib/python3.10/site-packages/airflow/example_dags/plugins/event_listener.py
[2024-01-30T17:07:03.124+0100] {processor.py:830} INFO - Processing file /home/ubuntu/.local/lib/python3.10/site-packages/airflow/example_dags/plugins/event_listener.py for tasks to queue
[2024-01-30T17:07:03.127+0100] {logging_mixin.py:188} INFO - [2024-01-30T17:07:03.125+0100] {dagbag.py:538} INFO - Filling up the DagBag from /home/ubuntu/.local/lib/python3.10/site-packages/airflow/example_dags/plugins/event_listener.py
[2024-01-30T17:07:03.132+0100] {processor.py:842} WARNING - No viable dags retrieved from /home/ubuntu/.local/lib/python3.10/site-packages/airflow/example_dags/plugins/event_listener.py
[2024-01-30T17:07:03.174+0100] {processor.py:183} INFO - Processing /home/ubuntu/.local/lib/python3.10/site-packages/airflow/example_dags/plugins/event_listener.py took 0.059 seconds
