[2024-01-30T13:50:48.783+0100] {processor.py:161} INFO - Started process (PID=6158) to work on /home/ubuntu/.local/lib/python3.10/site-packages/airflow/example_dags/plugins/workday.py
[2024-01-30T13:50:48.785+0100] {processor.py:830} INFO - Processing file /home/ubuntu/.local/lib/python3.10/site-packages/airflow/example_dags/plugins/workday.py for tasks to queue
[2024-01-30T13:50:48.786+0100] {logging_mixin.py:188} INFO - [2024-01-30T13:50:48.786+0100] {dagbag.py:538} INFO - Filling up the DagBag from /home/ubuntu/.local/lib/python3.10/site-packages/airflow/example_dags/plugins/workday.py
[2024-01-30T13:50:52.157+0100] {processor.py:842} WARNING - No viable dags retrieved from /home/ubuntu/.local/lib/python3.10/site-packages/airflow/example_dags/plugins/workday.py
[2024-01-30T13:50:52.185+0100] {processor.py:183} INFO - Processing /home/ubuntu/.local/lib/python3.10/site-packages/airflow/example_dags/plugins/workday.py took 3.407 seconds
[2024-01-30T13:52:10.232+0100] {processor.py:161} INFO - Started process (PID=6219) to work on /home/ubuntu/.local/lib/python3.10/site-packages/airflow/example_dags/plugins/workday.py
[2024-01-30T13:52:10.236+0100] {processor.py:830} INFO - Processing file /home/ubuntu/.local/lib/python3.10/site-packages/airflow/example_dags/plugins/workday.py for tasks to queue
[2024-01-30T13:52:10.239+0100] {logging_mixin.py:188} INFO - [2024-01-30T13:52:10.238+0100] {dagbag.py:538} INFO - Filling up the DagBag from /home/ubuntu/.local/lib/python3.10/site-packages/airflow/example_dags/plugins/workday.py
[2024-01-30T13:52:13.688+0100] {processor.py:842} WARNING - No viable dags retrieved from /home/ubuntu/.local/lib/python3.10/site-packages/airflow/example_dags/plugins/workday.py
[2024-01-30T13:52:13.699+0100] {processor.py:183} INFO - Processing /home/ubuntu/.local/lib/python3.10/site-packages/airflow/example_dags/plugins/workday.py took 3.474 seconds
[2024-01-30T15:53:20.691+0100] {processor.py:161} INFO - Started process (PID=6363) to work on /home/ubuntu/.local/lib/python3.10/site-packages/airflow/example_dags/plugins/workday.py
[2024-01-30T15:53:20.710+0100] {processor.py:830} INFO - Processing file /home/ubuntu/.local/lib/python3.10/site-packages/airflow/example_dags/plugins/workday.py for tasks to queue
[2024-01-30T15:53:20.712+0100] {logging_mixin.py:188} INFO - [2024-01-30T15:53:20.711+0100] {dagbag.py:538} INFO - Filling up the DagBag from /home/ubuntu/.local/lib/python3.10/site-packages/airflow/example_dags/plugins/workday.py
[2024-01-30T15:53:21.364+0100] {processor.py:842} WARNING - No viable dags retrieved from /home/ubuntu/.local/lib/python3.10/site-packages/airflow/example_dags/plugins/workday.py
[2024-01-30T15:53:21.372+0100] {processor.py:183} INFO - Processing /home/ubuntu/.local/lib/python3.10/site-packages/airflow/example_dags/plugins/workday.py took 0.692 seconds
[2024-01-30T15:54:10.998+0100] {processor.py:161} INFO - Started process (PID=6417) to work on /home/ubuntu/.local/lib/python3.10/site-packages/airflow/example_dags/plugins/workday.py
[2024-01-30T15:54:11.000+0100] {processor.py:830} INFO - Processing file /home/ubuntu/.local/lib/python3.10/site-packages/airflow/example_dags/plugins/workday.py for tasks to queue
[2024-01-30T15:54:11.001+0100] {logging_mixin.py:188} INFO - [2024-01-30T15:54:11.001+0100] {dagbag.py:538} INFO - Filling up the DagBag from /home/ubuntu/.local/lib/python3.10/site-packages/airflow/example_dags/plugins/workday.py
[2024-01-30T15:54:11.748+0100] {processor.py:842} WARNING - No viable dags retrieved from /home/ubuntu/.local/lib/python3.10/site-packages/airflow/example_dags/plugins/workday.py
[2024-01-30T15:54:11.756+0100] {processor.py:183} INFO - Processing /home/ubuntu/.local/lib/python3.10/site-packages/airflow/example_dags/plugins/workday.py took 0.763 seconds
[2024-01-30T15:55:12.953+0100] {processor.py:161} INFO - Started process (PID=6490) to work on /home/ubuntu/.local/lib/python3.10/site-packages/airflow/example_dags/plugins/workday.py
[2024-01-30T15:55:12.955+0100] {processor.py:830} INFO - Processing file /home/ubuntu/.local/lib/python3.10/site-packages/airflow/example_dags/plugins/workday.py for tasks to queue
[2024-01-30T15:55:12.957+0100] {logging_mixin.py:188} INFO - [2024-01-30T15:55:12.956+0100] {dagbag.py:538} INFO - Filling up the DagBag from /home/ubuntu/.local/lib/python3.10/site-packages/airflow/example_dags/plugins/workday.py
[2024-01-30T15:55:13.767+0100] {processor.py:842} WARNING - No viable dags retrieved from /home/ubuntu/.local/lib/python3.10/site-packages/airflow/example_dags/plugins/workday.py
[2024-01-30T15:55:13.787+0100] {processor.py:183} INFO - Processing /home/ubuntu/.local/lib/python3.10/site-packages/airflow/example_dags/plugins/workday.py took 0.838 seconds
[2024-01-30T15:56:15.015+0100] {processor.py:161} INFO - Started process (PID=6547) to work on /home/ubuntu/.local/lib/python3.10/site-packages/airflow/example_dags/plugins/workday.py
[2024-01-30T15:56:15.017+0100] {processor.py:830} INFO - Processing file /home/ubuntu/.local/lib/python3.10/site-packages/airflow/example_dags/plugins/workday.py for tasks to queue
[2024-01-30T15:56:15.018+0100] {logging_mixin.py:188} INFO - [2024-01-30T15:56:15.018+0100] {dagbag.py:538} INFO - Filling up the DagBag from /home/ubuntu/.local/lib/python3.10/site-packages/airflow/example_dags/plugins/workday.py
[2024-01-30T15:56:15.692+0100] {processor.py:842} WARNING - No viable dags retrieved from /home/ubuntu/.local/lib/python3.10/site-packages/airflow/example_dags/plugins/workday.py
[2024-01-30T15:56:15.701+0100] {processor.py:183} INFO - Processing /home/ubuntu/.local/lib/python3.10/site-packages/airflow/example_dags/plugins/workday.py took 0.695 seconds
[2024-01-30T15:59:05.373+0100] {processor.py:161} INFO - Started process (PID=7623) to work on /home/ubuntu/.local/lib/python3.10/site-packages/airflow/example_dags/plugins/workday.py
[2024-01-30T15:59:05.390+0100] {processor.py:830} INFO - Processing file /home/ubuntu/.local/lib/python3.10/site-packages/airflow/example_dags/plugins/workday.py for tasks to queue
[2024-01-30T15:59:05.392+0100] {logging_mixin.py:188} INFO - [2024-01-30T15:59:05.391+0100] {dagbag.py:538} INFO - Filling up the DagBag from /home/ubuntu/.local/lib/python3.10/site-packages/airflow/example_dags/plugins/workday.py
[2024-01-30T15:59:08.919+0100] {processor.py:842} WARNING - No viable dags retrieved from /home/ubuntu/.local/lib/python3.10/site-packages/airflow/example_dags/plugins/workday.py
[2024-01-30T15:59:08.948+0100] {processor.py:183} INFO - Processing /home/ubuntu/.local/lib/python3.10/site-packages/airflow/example_dags/plugins/workday.py took 3.583 seconds
[2024-01-30T16:00:51.942+0100] {processor.py:161} INFO - Started process (PID=8338) to work on /home/ubuntu/.local/lib/python3.10/site-packages/airflow/example_dags/plugins/workday.py
[2024-01-30T16:00:51.947+0100] {processor.py:830} INFO - Processing file /home/ubuntu/.local/lib/python3.10/site-packages/airflow/example_dags/plugins/workday.py for tasks to queue
[2024-01-30T16:00:51.950+0100] {logging_mixin.py:188} INFO - [2024-01-30T16:00:51.949+0100] {dagbag.py:538} INFO - Filling up the DagBag from /home/ubuntu/.local/lib/python3.10/site-packages/airflow/example_dags/plugins/workday.py
[2024-01-30T16:00:59.575+0100] {processor.py:842} WARNING - No viable dags retrieved from /home/ubuntu/.local/lib/python3.10/site-packages/airflow/example_dags/plugins/workday.py
[2024-01-30T16:00:59.601+0100] {processor.py:183} INFO - Processing /home/ubuntu/.local/lib/python3.10/site-packages/airflow/example_dags/plugins/workday.py took 7.666 seconds
[2024-01-30T16:02:00.349+0100] {processor.py:161} INFO - Started process (PID=8400) to work on /home/ubuntu/.local/lib/python3.10/site-packages/airflow/example_dags/plugins/workday.py
[2024-01-30T16:02:00.358+0100] {processor.py:830} INFO - Processing file /home/ubuntu/.local/lib/python3.10/site-packages/airflow/example_dags/plugins/workday.py for tasks to queue
[2024-01-30T16:02:00.362+0100] {logging_mixin.py:188} INFO - [2024-01-30T16:02:00.360+0100] {dagbag.py:538} INFO - Filling up the DagBag from /home/ubuntu/.local/lib/python3.10/site-packages/airflow/example_dags/plugins/workday.py
[2024-01-30T16:02:04.934+0100] {processor.py:842} WARNING - No viable dags retrieved from /home/ubuntu/.local/lib/python3.10/site-packages/airflow/example_dags/plugins/workday.py
[2024-01-30T16:02:04.958+0100] {processor.py:183} INFO - Processing /home/ubuntu/.local/lib/python3.10/site-packages/airflow/example_dags/plugins/workday.py took 4.630 seconds
[2024-01-30T16:07:30.850+0100] {processor.py:161} INFO - Started process (PID=9320) to work on /home/ubuntu/.local/lib/python3.10/site-packages/airflow/example_dags/plugins/workday.py
[2024-01-30T16:07:30.859+0100] {processor.py:830} INFO - Processing file /home/ubuntu/.local/lib/python3.10/site-packages/airflow/example_dags/plugins/workday.py for tasks to queue
[2024-01-30T16:07:30.861+0100] {logging_mixin.py:188} INFO - [2024-01-30T16:07:30.861+0100] {dagbag.py:538} INFO - Filling up the DagBag from /home/ubuntu/.local/lib/python3.10/site-packages/airflow/example_dags/plugins/workday.py
[2024-01-30T16:07:35.455+0100] {processor.py:842} WARNING - No viable dags retrieved from /home/ubuntu/.local/lib/python3.10/site-packages/airflow/example_dags/plugins/workday.py
[2024-01-30T16:07:35.498+0100] {processor.py:183} INFO - Processing /home/ubuntu/.local/lib/python3.10/site-packages/airflow/example_dags/plugins/workday.py took 4.656 seconds
[2024-01-30T16:15:35.718+0100] {processor.py:161} INFO - Started process (PID=5467) to work on /home/ubuntu/.local/lib/python3.10/site-packages/airflow/example_dags/plugins/workday.py
[2024-01-30T16:15:35.725+0100] {processor.py:830} INFO - Processing file /home/ubuntu/.local/lib/python3.10/site-packages/airflow/example_dags/plugins/workday.py for tasks to queue
[2024-01-30T16:15:35.732+0100] {logging_mixin.py:188} INFO - [2024-01-30T16:15:35.729+0100] {dagbag.py:538} INFO - Filling up the DagBag from /home/ubuntu/.local/lib/python3.10/site-packages/airflow/example_dags/plugins/workday.py
[2024-01-30T16:16:05.763+0100] {logging_mixin.py:188} INFO - [2024-01-30T16:16:05.761+0100] {timeout.py:68} ERROR - Process timed out, PID: 5467
[2024-01-30T16:16:05.819+0100] {logging_mixin.py:188} INFO - [2024-01-30T16:16:05.763+0100] {dagbag.py:348} ERROR - Failed to import: /home/ubuntu/.local/lib/python3.10/site-packages/airflow/example_dags/plugins/workday.py
Traceback (most recent call last):
  File "<frozen importlib._bootstrap_external>", line 153, in _path_is_mode_type
  File "<frozen importlib._bootstrap_external>", line 147, in _path_stat
FileNotFoundError: [Errno 2] No such file or directory: '/home/ubuntu/.local/lib/python3.10/site-packages/pandas/_testing/__init__.cpython-310-x86_64-linux-gnu.so'

During handling of the above exception, another exception occurred:

Traceback (most recent call last):
  File "/home/ubuntu/.local/lib/python3.10/site-packages/airflow/models/dagbag.py", line 344, in parse
    loader.exec_module(new_module)
  File "<frozen importlib._bootstrap_external>", line 883, in exec_module
  File "<frozen importlib._bootstrap>", line 241, in _call_with_frames_removed
  File "/home/ubuntu/.local/lib/python3.10/site-packages/airflow/example_dags/plugins/workday.py", line 36, in <module>
    from pandas.tseries.holiday import USFederalHolidayCalendar
  File "/home/ubuntu/.local/lib/python3.10/site-packages/pandas/__init__.py", line 136, in <module>
    from pandas import testing
  File "/home/ubuntu/.local/lib/python3.10/site-packages/pandas/testing.py", line 6, in <module>
    from pandas._testing import (
  File "<frozen importlib._bootstrap>", line 1027, in _find_and_load
  File "<frozen importlib._bootstrap>", line 1002, in _find_and_load_unlocked
  File "<frozen importlib._bootstrap>", line 945, in _find_spec
  File "<frozen importlib._bootstrap_external>", line 1439, in find_spec
  File "<frozen importlib._bootstrap_external>", line 1411, in _get_spec
  File "<frozen importlib._bootstrap_external>", line 1563, in find_spec
  File "<frozen importlib._bootstrap_external>", line 161, in _path_isfile
  File "<frozen importlib._bootstrap_external>", line 153, in _path_is_mode_type
  File "/home/ubuntu/.local/lib/python3.10/site-packages/airflow/utils/timeout.py", line 69, in handle_timeout
    raise AirflowTaskTimeout(self.error_message)
airflow.exceptions.AirflowTaskTimeout: DagBag import timeout for /home/ubuntu/.local/lib/python3.10/site-packages/airflow/example_dags/plugins/workday.py after 30.0s.
Please take a look at these docs to improve your DAG import time:
* https://airflow.apache.org/docs/apache-airflow/2.8.0/best-practices.html#top-level-python-code
* https://airflow.apache.org/docs/apache-airflow/2.8.0/best-practices.html#reducing-dag-complexity, PID: 5467
[2024-01-30T16:16:05.820+0100] {processor.py:842} WARNING - No viable dags retrieved from /home/ubuntu/.local/lib/python3.10/site-packages/airflow/example_dags/plugins/workday.py
[2024-01-30T16:16:05.919+0100] {processor.py:183} INFO - Processing /home/ubuntu/.local/lib/python3.10/site-packages/airflow/example_dags/plugins/workday.py took 30.207 seconds
[2024-01-30T16:18:04.267+0100] {processor.py:161} INFO - Started process (PID=5643) to work on /home/ubuntu/.local/lib/python3.10/site-packages/airflow/example_dags/plugins/workday.py
[2024-01-30T16:18:04.333+0100] {processor.py:830} INFO - Processing file /home/ubuntu/.local/lib/python3.10/site-packages/airflow/example_dags/plugins/workday.py for tasks to queue
[2024-01-30T16:18:04.335+0100] {logging_mixin.py:188} INFO - [2024-01-30T16:18:04.334+0100] {dagbag.py:538} INFO - Filling up the DagBag from /home/ubuntu/.local/lib/python3.10/site-packages/airflow/example_dags/plugins/workday.py
[2024-01-30T16:18:07.724+0100] {processor.py:842} WARNING - No viable dags retrieved from /home/ubuntu/.local/lib/python3.10/site-packages/airflow/example_dags/plugins/workday.py
[2024-01-30T16:18:07.758+0100] {processor.py:183} INFO - Processing /home/ubuntu/.local/lib/python3.10/site-packages/airflow/example_dags/plugins/workday.py took 3.504 seconds
[2024-01-30T16:19:34.802+0100] {processor.py:161} INFO - Started process (PID=5806) to work on /home/ubuntu/.local/lib/python3.10/site-packages/airflow/example_dags/plugins/workday.py
[2024-01-30T16:19:34.805+0100] {processor.py:830} INFO - Processing file /home/ubuntu/.local/lib/python3.10/site-packages/airflow/example_dags/plugins/workday.py for tasks to queue
[2024-01-30T16:19:34.816+0100] {logging_mixin.py:188} INFO - [2024-01-30T16:19:34.806+0100] {dagbag.py:538} INFO - Filling up the DagBag from /home/ubuntu/.local/lib/python3.10/site-packages/airflow/example_dags/plugins/workday.py
[2024-01-30T16:19:37.776+0100] {processor.py:842} WARNING - No viable dags retrieved from /home/ubuntu/.local/lib/python3.10/site-packages/airflow/example_dags/plugins/workday.py
[2024-01-30T16:19:37.807+0100] {processor.py:183} INFO - Processing /home/ubuntu/.local/lib/python3.10/site-packages/airflow/example_dags/plugins/workday.py took 3.012 seconds
[2024-01-30T16:21:15.205+0100] {processor.py:161} INFO - Started process (PID=6210) to work on /home/ubuntu/.local/lib/python3.10/site-packages/airflow/example_dags/plugins/workday.py
[2024-01-30T16:21:15.243+0100] {processor.py:830} INFO - Processing file /home/ubuntu/.local/lib/python3.10/site-packages/airflow/example_dags/plugins/workday.py for tasks to queue
[2024-01-30T16:21:15.264+0100] {logging_mixin.py:188} INFO - [2024-01-30T16:21:15.246+0100] {dagbag.py:538} INFO - Filling up the DagBag from /home/ubuntu/.local/lib/python3.10/site-packages/airflow/example_dags/plugins/workday.py
[2024-01-30T16:21:33.024+0100] {processor.py:842} WARNING - No viable dags retrieved from /home/ubuntu/.local/lib/python3.10/site-packages/airflow/example_dags/plugins/workday.py
[2024-01-30T16:21:33.117+0100] {processor.py:183} INFO - Processing /home/ubuntu/.local/lib/python3.10/site-packages/airflow/example_dags/plugins/workday.py took 18.022 seconds
[2024-01-30T16:25:01.842+0100] {processor.py:161} INFO - Started process (PID=7364) to work on /home/ubuntu/.local/lib/python3.10/site-packages/airflow/example_dags/plugins/workday.py
[2024-01-30T16:25:01.845+0100] {processor.py:830} INFO - Processing file /home/ubuntu/.local/lib/python3.10/site-packages/airflow/example_dags/plugins/workday.py for tasks to queue
[2024-01-30T16:25:01.846+0100] {logging_mixin.py:188} INFO - [2024-01-30T16:25:01.845+0100] {dagbag.py:538} INFO - Filling up the DagBag from /home/ubuntu/.local/lib/python3.10/site-packages/airflow/example_dags/plugins/workday.py
[2024-01-30T16:25:03.912+0100] {processor.py:842} WARNING - No viable dags retrieved from /home/ubuntu/.local/lib/python3.10/site-packages/airflow/example_dags/plugins/workday.py
[2024-01-30T16:25:03.927+0100] {processor.py:183} INFO - Processing /home/ubuntu/.local/lib/python3.10/site-packages/airflow/example_dags/plugins/workday.py took 2.089 seconds
[2024-01-30T16:30:13.487+0100] {processor.py:161} INFO - Started process (PID=8361) to work on /home/ubuntu/.local/lib/python3.10/site-packages/airflow/example_dags/plugins/workday.py
[2024-01-30T16:30:13.577+0100] {processor.py:830} INFO - Processing file /home/ubuntu/.local/lib/python3.10/site-packages/airflow/example_dags/plugins/workday.py for tasks to queue
[2024-01-30T16:30:13.600+0100] {logging_mixin.py:188} INFO - [2024-01-30T16:30:13.579+0100] {dagbag.py:538} INFO - Filling up the DagBag from /home/ubuntu/.local/lib/python3.10/site-packages/airflow/example_dags/plugins/workday.py
[2024-01-30T16:30:21.652+0100] {processor.py:842} WARNING - No viable dags retrieved from /home/ubuntu/.local/lib/python3.10/site-packages/airflow/example_dags/plugins/workday.py
[2024-01-30T16:30:21.800+0100] {processor.py:183} INFO - Processing /home/ubuntu/.local/lib/python3.10/site-packages/airflow/example_dags/plugins/workday.py took 8.461 seconds
[2024-01-30T16:32:13.415+0100] {processor.py:161} INFO - Started process (PID=8771) to work on /home/ubuntu/.local/lib/python3.10/site-packages/airflow/example_dags/plugins/workday.py
[2024-01-30T16:32:13.420+0100] {processor.py:830} INFO - Processing file /home/ubuntu/.local/lib/python3.10/site-packages/airflow/example_dags/plugins/workday.py for tasks to queue
[2024-01-30T16:32:13.422+0100] {logging_mixin.py:188} INFO - [2024-01-30T16:32:13.421+0100] {dagbag.py:538} INFO - Filling up the DagBag from /home/ubuntu/.local/lib/python3.10/site-packages/airflow/example_dags/plugins/workday.py
[2024-01-30T16:32:23.158+0100] {processor.py:842} WARNING - No viable dags retrieved from /home/ubuntu/.local/lib/python3.10/site-packages/airflow/example_dags/plugins/workday.py
[2024-01-30T16:32:23.350+0100] {processor.py:183} INFO - Processing /home/ubuntu/.local/lib/python3.10/site-packages/airflow/example_dags/plugins/workday.py took 9.933 seconds
[2024-01-30T16:33:20.045+0100] {processor.py:161} INFO - Started process (PID=9416) to work on /home/ubuntu/.local/lib/python3.10/site-packages/airflow/example_dags/plugins/workday.py
[2024-01-30T16:33:20.058+0100] {processor.py:830} INFO - Processing file /home/ubuntu/.local/lib/python3.10/site-packages/airflow/example_dags/plugins/workday.py for tasks to queue
[2024-01-30T16:33:20.062+0100] {logging_mixin.py:188} INFO - [2024-01-30T16:33:20.061+0100] {dagbag.py:538} INFO - Filling up the DagBag from /home/ubuntu/.local/lib/python3.10/site-packages/airflow/example_dags/plugins/workday.py
[2024-01-30T16:33:26.205+0100] {processor.py:842} WARNING - No viable dags retrieved from /home/ubuntu/.local/lib/python3.10/site-packages/airflow/example_dags/plugins/workday.py
[2024-01-30T16:33:26.630+0100] {processor.py:183} INFO - Processing /home/ubuntu/.local/lib/python3.10/site-packages/airflow/example_dags/plugins/workday.py took 6.593 seconds
[2024-01-30T16:49:36.553+0100] {processor.py:161} INFO - Started process (PID=5262) to work on /home/ubuntu/.local/lib/python3.10/site-packages/airflow/example_dags/plugins/workday.py
[2024-01-30T16:49:36.588+0100] {processor.py:830} INFO - Processing file /home/ubuntu/.local/lib/python3.10/site-packages/airflow/example_dags/plugins/workday.py for tasks to queue
[2024-01-30T16:49:36.591+0100] {logging_mixin.py:188} INFO - [2024-01-30T16:49:36.590+0100] {dagbag.py:538} INFO - Filling up the DagBag from /home/ubuntu/.local/lib/python3.10/site-packages/airflow/example_dags/plugins/workday.py
[2024-01-30T16:49:38.465+0100] {processor.py:842} WARNING - No viable dags retrieved from /home/ubuntu/.local/lib/python3.10/site-packages/airflow/example_dags/plugins/workday.py
[2024-01-30T16:49:38.502+0100] {processor.py:183} INFO - Processing /home/ubuntu/.local/lib/python3.10/site-packages/airflow/example_dags/plugins/workday.py took 1.955 seconds
[2024-01-30T16:50:56.504+0100] {processor.py:161} INFO - Started process (PID=5329) to work on /home/ubuntu/.local/lib/python3.10/site-packages/airflow/example_dags/plugins/workday.py
[2024-01-30T16:50:56.508+0100] {processor.py:830} INFO - Processing file /home/ubuntu/.local/lib/python3.10/site-packages/airflow/example_dags/plugins/workday.py for tasks to queue
[2024-01-30T16:50:56.510+0100] {logging_mixin.py:188} INFO - [2024-01-30T16:50:56.509+0100] {dagbag.py:538} INFO - Filling up the DagBag from /home/ubuntu/.local/lib/python3.10/site-packages/airflow/example_dags/plugins/workday.py
[2024-01-30T16:50:58.147+0100] {processor.py:842} WARNING - No viable dags retrieved from /home/ubuntu/.local/lib/python3.10/site-packages/airflow/example_dags/plugins/workday.py
[2024-01-30T16:50:58.163+0100] {processor.py:183} INFO - Processing /home/ubuntu/.local/lib/python3.10/site-packages/airflow/example_dags/plugins/workday.py took 1.670 seconds
[2024-01-30T16:52:14.483+0100] {processor.py:161} INFO - Started process (PID=5394) to work on /home/ubuntu/.local/lib/python3.10/site-packages/airflow/example_dags/plugins/workday.py
[2024-01-30T16:52:14.498+0100] {processor.py:830} INFO - Processing file /home/ubuntu/.local/lib/python3.10/site-packages/airflow/example_dags/plugins/workday.py for tasks to queue
[2024-01-30T16:52:14.509+0100] {logging_mixin.py:188} INFO - [2024-01-30T16:52:14.499+0100] {dagbag.py:538} INFO - Filling up the DagBag from /home/ubuntu/.local/lib/python3.10/site-packages/airflow/example_dags/plugins/workday.py
[2024-01-30T16:52:15.402+0100] {processor.py:842} WARNING - No viable dags retrieved from /home/ubuntu/.local/lib/python3.10/site-packages/airflow/example_dags/plugins/workday.py
[2024-01-30T16:52:15.471+0100] {processor.py:183} INFO - Processing /home/ubuntu/.local/lib/python3.10/site-packages/airflow/example_dags/plugins/workday.py took 0.999 seconds
[2024-01-30T16:53:30.160+0100] {processor.py:161} INFO - Started process (PID=5475) to work on /home/ubuntu/.local/lib/python3.10/site-packages/airflow/example_dags/plugins/workday.py
[2024-01-30T16:53:30.163+0100] {processor.py:830} INFO - Processing file /home/ubuntu/.local/lib/python3.10/site-packages/airflow/example_dags/plugins/workday.py for tasks to queue
[2024-01-30T16:53:30.166+0100] {logging_mixin.py:188} INFO - [2024-01-30T16:53:30.164+0100] {dagbag.py:538} INFO - Filling up the DagBag from /home/ubuntu/.local/lib/python3.10/site-packages/airflow/example_dags/plugins/workday.py
[2024-01-30T16:53:30.870+0100] {processor.py:842} WARNING - No viable dags retrieved from /home/ubuntu/.local/lib/python3.10/site-packages/airflow/example_dags/plugins/workday.py
[2024-01-30T16:53:30.881+0100] {processor.py:183} INFO - Processing /home/ubuntu/.local/lib/python3.10/site-packages/airflow/example_dags/plugins/workday.py took 0.727 seconds
[2024-01-30T16:55:39.573+0100] {processor.py:161} INFO - Started process (PID=5689) to work on /home/ubuntu/.local/lib/python3.10/site-packages/airflow/example_dags/plugins/workday.py
[2024-01-30T16:55:39.590+0100] {processor.py:830} INFO - Processing file /home/ubuntu/.local/lib/python3.10/site-packages/airflow/example_dags/plugins/workday.py for tasks to queue
[2024-01-30T16:55:39.592+0100] {logging_mixin.py:188} INFO - [2024-01-30T16:55:39.591+0100] {dagbag.py:538} INFO - Filling up the DagBag from /home/ubuntu/.local/lib/python3.10/site-packages/airflow/example_dags/plugins/workday.py
[2024-01-30T16:55:40.538+0100] {processor.py:842} WARNING - No viable dags retrieved from /home/ubuntu/.local/lib/python3.10/site-packages/airflow/example_dags/plugins/workday.py
[2024-01-30T16:55:40.613+0100] {processor.py:183} INFO - Processing /home/ubuntu/.local/lib/python3.10/site-packages/airflow/example_dags/plugins/workday.py took 1.061 seconds
[2024-01-30T16:57:06.272+0100] {processor.py:161} INFO - Started process (PID=5762) to work on /home/ubuntu/.local/lib/python3.10/site-packages/airflow/example_dags/plugins/workday.py
[2024-01-30T16:57:06.279+0100] {processor.py:830} INFO - Processing file /home/ubuntu/.local/lib/python3.10/site-packages/airflow/example_dags/plugins/workday.py for tasks to queue
[2024-01-30T16:57:06.288+0100] {logging_mixin.py:188} INFO - [2024-01-30T16:57:06.282+0100] {dagbag.py:538} INFO - Filling up the DagBag from /home/ubuntu/.local/lib/python3.10/site-packages/airflow/example_dags/plugins/workday.py
[2024-01-30T16:57:07.224+0100] {processor.py:842} WARNING - No viable dags retrieved from /home/ubuntu/.local/lib/python3.10/site-packages/airflow/example_dags/plugins/workday.py
[2024-01-30T16:57:07.239+0100] {processor.py:183} INFO - Processing /home/ubuntu/.local/lib/python3.10/site-packages/airflow/example_dags/plugins/workday.py took 0.977 seconds
[2024-01-30T16:58:29.049+0100] {processor.py:161} INFO - Started process (PID=5838) to work on /home/ubuntu/.local/lib/python3.10/site-packages/airflow/example_dags/plugins/workday.py
[2024-01-30T16:58:29.053+0100] {processor.py:830} INFO - Processing file /home/ubuntu/.local/lib/python3.10/site-packages/airflow/example_dags/plugins/workday.py for tasks to queue
[2024-01-30T16:58:29.055+0100] {logging_mixin.py:188} INFO - [2024-01-30T16:58:29.054+0100] {dagbag.py:538} INFO - Filling up the DagBag from /home/ubuntu/.local/lib/python3.10/site-packages/airflow/example_dags/plugins/workday.py
[2024-01-30T16:58:29.911+0100] {processor.py:842} WARNING - No viable dags retrieved from /home/ubuntu/.local/lib/python3.10/site-packages/airflow/example_dags/plugins/workday.py
[2024-01-30T16:58:29.920+0100] {processor.py:183} INFO - Processing /home/ubuntu/.local/lib/python3.10/site-packages/airflow/example_dags/plugins/workday.py took 0.875 seconds
[2024-01-30T16:59:34.020+0100] {processor.py:161} INFO - Started process (PID=5900) to work on /home/ubuntu/.local/lib/python3.10/site-packages/airflow/example_dags/plugins/workday.py
[2024-01-30T16:59:34.025+0100] {processor.py:830} INFO - Processing file /home/ubuntu/.local/lib/python3.10/site-packages/airflow/example_dags/plugins/workday.py for tasks to queue
[2024-01-30T16:59:34.027+0100] {logging_mixin.py:188} INFO - [2024-01-30T16:59:34.027+0100] {dagbag.py:538} INFO - Filling up the DagBag from /home/ubuntu/.local/lib/python3.10/site-packages/airflow/example_dags/plugins/workday.py
[2024-01-30T16:59:35.163+0100] {processor.py:842} WARNING - No viable dags retrieved from /home/ubuntu/.local/lib/python3.10/site-packages/airflow/example_dags/plugins/workday.py
[2024-01-30T16:59:35.190+0100] {processor.py:183} INFO - Processing /home/ubuntu/.local/lib/python3.10/site-packages/airflow/example_dags/plugins/workday.py took 1.176 seconds
[2024-01-30T17:00:48.694+0100] {processor.py:161} INFO - Started process (PID=6081) to work on /home/ubuntu/.local/lib/python3.10/site-packages/airflow/example_dags/plugins/workday.py
[2024-01-30T17:00:48.696+0100] {processor.py:830} INFO - Processing file /home/ubuntu/.local/lib/python3.10/site-packages/airflow/example_dags/plugins/workday.py for tasks to queue
[2024-01-30T17:00:48.699+0100] {logging_mixin.py:188} INFO - [2024-01-30T17:00:48.698+0100] {dagbag.py:538} INFO - Filling up the DagBag from /home/ubuntu/.local/lib/python3.10/site-packages/airflow/example_dags/plugins/workday.py
[2024-01-30T17:00:49.557+0100] {processor.py:842} WARNING - No viable dags retrieved from /home/ubuntu/.local/lib/python3.10/site-packages/airflow/example_dags/plugins/workday.py
[2024-01-30T17:00:49.569+0100] {processor.py:183} INFO - Processing /home/ubuntu/.local/lib/python3.10/site-packages/airflow/example_dags/plugins/workday.py took 0.881 seconds
[2024-01-30T17:01:53.703+0100] {processor.py:161} INFO - Started process (PID=6133) to work on /home/ubuntu/.local/lib/python3.10/site-packages/airflow/example_dags/plugins/workday.py
[2024-01-30T17:01:53.707+0100] {processor.py:830} INFO - Processing file /home/ubuntu/.local/lib/python3.10/site-packages/airflow/example_dags/plugins/workday.py for tasks to queue
[2024-01-30T17:01:53.709+0100] {logging_mixin.py:188} INFO - [2024-01-30T17:01:53.708+0100] {dagbag.py:538} INFO - Filling up the DagBag from /home/ubuntu/.local/lib/python3.10/site-packages/airflow/example_dags/plugins/workday.py
[2024-01-30T17:01:54.959+0100] {processor.py:842} WARNING - No viable dags retrieved from /home/ubuntu/.local/lib/python3.10/site-packages/airflow/example_dags/plugins/workday.py
[2024-01-30T17:01:55.059+0100] {processor.py:183} INFO - Processing /home/ubuntu/.local/lib/python3.10/site-packages/airflow/example_dags/plugins/workday.py took 1.362 seconds
[2024-01-30T17:03:07.644+0100] {processor.py:161} INFO - Started process (PID=6206) to work on /home/ubuntu/.local/lib/python3.10/site-packages/airflow/example_dags/plugins/workday.py
[2024-01-30T17:03:07.647+0100] {processor.py:830} INFO - Processing file /home/ubuntu/.local/lib/python3.10/site-packages/airflow/example_dags/plugins/workday.py for tasks to queue
[2024-01-30T17:03:07.648+0100] {logging_mixin.py:188} INFO - [2024-01-30T17:03:07.648+0100] {dagbag.py:538} INFO - Filling up the DagBag from /home/ubuntu/.local/lib/python3.10/site-packages/airflow/example_dags/plugins/workday.py
[2024-01-30T17:03:08.837+0100] {processor.py:842} WARNING - No viable dags retrieved from /home/ubuntu/.local/lib/python3.10/site-packages/airflow/example_dags/plugins/workday.py
[2024-01-30T17:03:08.877+0100] {processor.py:183} INFO - Processing /home/ubuntu/.local/lib/python3.10/site-packages/airflow/example_dags/plugins/workday.py took 1.238 seconds
[2024-01-30T17:04:22.911+0100] {processor.py:161} INFO - Started process (PID=6270) to work on /home/ubuntu/.local/lib/python3.10/site-packages/airflow/example_dags/plugins/workday.py
[2024-01-30T17:04:22.917+0100] {processor.py:830} INFO - Processing file /home/ubuntu/.local/lib/python3.10/site-packages/airflow/example_dags/plugins/workday.py for tasks to queue
[2024-01-30T17:04:22.920+0100] {logging_mixin.py:188} INFO - [2024-01-30T17:04:22.919+0100] {dagbag.py:538} INFO - Filling up the DagBag from /home/ubuntu/.local/lib/python3.10/site-packages/airflow/example_dags/plugins/workday.py
[2024-01-30T17:04:24.320+0100] {processor.py:842} WARNING - No viable dags retrieved from /home/ubuntu/.local/lib/python3.10/site-packages/airflow/example_dags/plugins/workday.py
[2024-01-30T17:04:24.332+0100] {processor.py:183} INFO - Processing /home/ubuntu/.local/lib/python3.10/site-packages/airflow/example_dags/plugins/workday.py took 1.429 seconds
[2024-01-30T17:05:45.004+0100] {processor.py:161} INFO - Started process (PID=6336) to work on /home/ubuntu/.local/lib/python3.10/site-packages/airflow/example_dags/plugins/workday.py
[2024-01-30T17:05:45.016+0100] {processor.py:830} INFO - Processing file /home/ubuntu/.local/lib/python3.10/site-packages/airflow/example_dags/plugins/workday.py for tasks to queue
[2024-01-30T17:05:45.019+0100] {logging_mixin.py:188} INFO - [2024-01-30T17:05:45.018+0100] {dagbag.py:538} INFO - Filling up the DagBag from /home/ubuntu/.local/lib/python3.10/site-packages/airflow/example_dags/plugins/workday.py
[2024-01-30T17:05:46.603+0100] {processor.py:842} WARNING - No viable dags retrieved from /home/ubuntu/.local/lib/python3.10/site-packages/airflow/example_dags/plugins/workday.py
[2024-01-30T17:05:46.681+0100] {processor.py:183} INFO - Processing /home/ubuntu/.local/lib/python3.10/site-packages/airflow/example_dags/plugins/workday.py took 1.698 seconds
[2024-01-30T17:07:00.054+0100] {processor.py:161} INFO - Started process (PID=6406) to work on /home/ubuntu/.local/lib/python3.10/site-packages/airflow/example_dags/plugins/workday.py
[2024-01-30T17:07:00.077+0100] {processor.py:830} INFO - Processing file /home/ubuntu/.local/lib/python3.10/site-packages/airflow/example_dags/plugins/workday.py for tasks to queue
[2024-01-30T17:07:00.084+0100] {logging_mixin.py:188} INFO - [2024-01-30T17:07:00.084+0100] {dagbag.py:538} INFO - Filling up the DagBag from /home/ubuntu/.local/lib/python3.10/site-packages/airflow/example_dags/plugins/workday.py
[2024-01-30T17:07:01.307+0100] {processor.py:842} WARNING - No viable dags retrieved from /home/ubuntu/.local/lib/python3.10/site-packages/airflow/example_dags/plugins/workday.py
[2024-01-30T17:07:01.336+0100] {processor.py:183} INFO - Processing /home/ubuntu/.local/lib/python3.10/site-packages/airflow/example_dags/plugins/workday.py took 1.289 seconds
